Creating network "planning_ros" with the default driver
Creating planning_robot_1 ... 
Creating planning_nurse_1 ... 
Creating planning_planner_1 ... 
Creating planning_arm_1     ... 
Creating planning_coordinator_1 ... 
Creating planning_environment_1 ... 
Creating planning_environment_1 ... done
Creating planning_arm_1         ... done
Creating planning_planner_1     ... done
Creating planning_robot_1       ... done
Creating planning_nurse_1       ... done
Creating planning_coordinator_1 ... done
Attaching to planning_environment_1, planning_arm_1, planning_planner_1, planning_robot_1, planning_nurse_1, planning_coordinator_1
[32menvironment_1  |[0m [INFO] [1675261004.297165679] [Environment]: Starting Environment server
[32menvironment_1  |[0m [INFO] [1675261004.317796828] [Environment]: Environment server started
[36;1mrobot_1        |[0m [INFO] [1675261005.673959339] [Robot]: Starting Robot server
[36;1mrobot_1        |[0m [INFO] [1675261005.693182718] [Robot]: Robot server started
[36;1mrobot_1        |[0m [INFO] [1675261005.706042560] [Robot]: Starting Robots clients
[36marm_1          |[0m [INFO] [1675261005.933469473] [Arm]: Starting Arm server
[36marm_1          |[0m [INFO] [1675261005.962292536] [Arm]: Arm server started
[36marm_1          |[0m [INFO] [1675261005.964214152] [Arm]: Starting Nurse clients
[36marm_1          |[0m [INFO] [1675261006.009854909] [Arm]: Nurse clients started
[33mcoordinator_1  |[0m [INFO] [1675261006.187034523] [Coordinator]: Starting Coordinator server
[33mcoordinator_1  |[0m [INFO] [1675261006.204942875] [Coordinator]: Coordinator server started
[33mcoordinator_1  |[0m [INFO] [1675261006.210141408] [Coordinator]: Starting Coordinator clients
[36;1mrobot_1        |[0m [INFO] [1675261006.239101512] [Robot]: Robots clients started
[35mnurse_1        |[0m [INFO] [1675261006.261813860] [Nurse]: Starting Nurse server
[35mnurse_1        |[0m [INFO] [1675261006.284609923] [Nurse]: Nurse server started
[35mnurse_1        |[0m [INFO] [1675261006.289797087] [Nurse]: Starting Nurse clients
[35mnurse_1        |[0m [INFO] [1675261006.325327674] [Nurse]: Nurse clients started
[35mnurse_1        |[0m [INFO] [1675261006.328236613] [Nurse]: Sent request
[33mcoordinator_1  |[0m [INFO] [1675261007.231206047] [Coordinator]: planner sync service not available, waiting again...
[33mcoordinator_1  |[0m [INFO] [1675261008.245271023] [Coordinator]: planner sync service not available, waiting again...
[34mplanner_1      |[0m [INFO] [1675261009.159568927] [Planner]: Starting Planner server
[34mplanner_1      |[0m [INFO] [1675261009.177777496] [Planner]: Planner server started
[33mcoordinator_1  |[0m [INFO] [1675261009.300427725] [Coordinator]: Coordinator clients started
[33mcoordinator_1  |[0m [INFO] [1675261009.308504348] [Coordinator]: Receiving message of nurse1 in room3.
[33mcoordinator_1  |[0m [INFO] [1675261009.309916790] [Coordinator]: Planing
[33mcoordinator_1  |[0m [INFO] [1675261009.315494975] [Coordinator]: Creating plan for: robot1, nurse1, arm1 
[34mplanner_1      |[0m [INFO] [1675261009.323330229] [Planner]: Receiving sync message. need_plan,robot1,nurse1,arm1
[33mcoordinator_1  |[0m [INFO] [1675261009.325694223] [Coordinator]: Sending response
[35mnurse_1        |[0m [INFO] [1675261009.330140181] [Nurse]: Request response:Okay!
[34mplanner_1      |[0m [INFO] [1675261009.338862678] [Planner]: Creating plan for: robot1 robot1 nurse1
[34mplanner_1      |[0m [INFO] [1675261009.355037214] [Planner]: a_navto,robot1,Room1
[34mplanner_1      |[0m [INFO] [1675261009.357168179] [Planner]: a_approach_nurse,robot1
[34mplanner_1      |[0m [INFO] [1675261009.359021972] [Planner]: a_authenticate_nurse,robot1,nurse1
[34mplanner_1      |[0m [INFO] [1675261009.361143116] [Planner]: a_open_drawer,robot1
[34mplanner_1      |[0m [INFO] [1675261009.362931559] [Planner]: a_deposit,nurse1,robot1
[34mplanner_1      |[0m [INFO] [1675261009.370166572] [Planner]: a_close_drawer,robot1
[34mplanner_1      |[0m [INFO] [1675261009.375314810] [Planner]: a_navto,robot1,Room3
[34mplanner_1      |[0m [INFO] [1675261009.377568555] [Planner]: a_approach_arm,robot1,arm1
[34mplanner_1      |[0m [INFO] [1675261009.381034281] [Planner]: a_open_drawer,robot1
[34mplanner_1      |[0m [INFO] [1675261009.389687873] [Planner]: a_pick_up_sample,arm1,robot1
[34mplanner_1      |[0m [INFO] [1675261009.391646410] [Planner]: a_close_drawer,robot1
[34mplanner_1      |[0m [INFO] [1675261009.392775151] [Planner]: Sending response
[33mcoordinator_1  |[0m [INFO] [1675261009.395357718] [Coordinator]: Plan received for: robot1, nurse1, arm1 
[33mcoordinator_1  |[0m [INFO] [1675261009.401444750] [Coordinator]: a_navto,robot1,Room1/a_approach_nurse,robot1/a_authenticate_nurse,robot1,nurse1/a_open_drawer,robot1/a_deposit,nurse1,robot1/a_close_drawer,robot1/a_navto,robot1,Room3/a_approach_arm,robot1,arm1/a_open_drawer,robot1/a_pick_up_sample,arm1,robot1/a_close_drawer,robot1
[33mcoordinator_1  |[0m [INFO] [1675261009.405638792] [Coordinator]: a_navto,robot1,Room1
[33mcoordinator_1  |[0m [INFO] [1675261009.409078996] [Coordinator]: a_approach_nurse,robot1
[33mcoordinator_1  |[0m [INFO] [1675261009.415363586] [Coordinator]: a_authenticate_nurse,robot1,nurse1
[33mcoordinator_1  |[0m [INFO] [1675261009.424900204] [Coordinator]: a_open_drawer,robot1
[33mcoordinator_1  |[0m [INFO] [1675261009.426922558] [Coordinator]: a_deposit,nurse1,robot1
[33mcoordinator_1  |[0m [INFO] [1675261009.428978283] [Coordinator]: a_close_drawer,robot1
[33mcoordinator_1  |[0m [INFO] [1675261009.438993236] [Coordinator]: a_navto,robot1,Room3
[33mcoordinator_1  |[0m [INFO] [1675261009.444805029] [Coordinator]: a_approach_arm,robot1,arm1
[33mcoordinator_1  |[0m [INFO] [1675261009.445853984] [Coordinator]: a_open_drawer,robot1
[33mcoordinator_1  |[0m [INFO] [1675261009.448428910] [Coordinator]: a_pick_up_sample,arm1,robot1
[33mcoordinator_1  |[0m [INFO] [1675261009.450861160] [Coordinator]: a_close_drawer,robot1
[33mcoordinator_1  |[0m [INFO] [1675261009.456301062] [Coordinator]: Sending plans
[33mcoordinator_1  |[0m [INFO] [1675261009.458863216] [Coordinator]: Plans sent
[35mnurse_1        |[0m [INFO] [1675261009.471608261] [Nurse]: Receiving message.
[36;1mrobot_1        |[0m [INFO] [1675261009.475628507] [Robot]: Receiving message.
[35mnurse_1        |[0m [INFO] [1675261009.474726809] [Nurse]: Nurse's actions:
[36;1mrobot_1        |[0m [INFO] [1675261009.476862215] [Robot]: Robot's actions:
[36;1mrobot_1        |[0m [INFO] [1675261009.478177643] [Robot]: a_navto
[36;1mrobot_1        |[0m [INFO] [1675261009.479488158] [Robot]: a_approach_nurse
[36;1mrobot_1        |[0m [INFO] [1675261009.480774904] [Robot]: a_authenticate_nurse
[35mnurse_1        |[0m [INFO] [1675261009.480126217] [Nurse]: Action: a_authenticate_nurse
[35mnurse_1        |[0m [INFO] [1675261009.488071484] [Nurse]: Doing a_authenticate_nurse
[36;1mrobot_1        |[0m [INFO] [1675261009.488182923] [Robot]: a_open_drawer
[35mnurse_1        |[0m [INFO] [1675261009.490443920] [Nurse]: a_authenticate_nurse
[36marm_1          |[0m [INFO] [1675261009.500601293] [Arm]: Receiving message.
[36;1mrobot_1        |[0m [INFO] [1675261009.495625835] [Robot]: a_deposit
[36;1mrobot_1        |[0m [INFO] [1675261009.501265222] [Robot]: a_close_drawer
[36marm_1          |[0m [INFO] [1675261009.503364792] [Arm]: Arm's actions:
[36;1mrobot_1        |[0m [INFO] [1675261009.504259279] [Robot]: a_navto
[36marm_1          |[0m [INFO] [1675261009.508941691] [Arm]: Action: a_approach_arm
[36marm_1          |[0m [INFO] [1675261009.510337167] [Arm]: Doing a_approach_arm
[36;1mrobot_1        |[0m [INFO] [1675261009.507800356] [Robot]: Action: a_navto
[36;1mrobot_1        |[0m [INFO] [1675261009.513028168] [Robot]: Doing a_navto
[36marm_1          |[0m [INFO] [1675261009.517793118] [Arm]: a_approach_arm
[36;1mrobot_1        |[0m [INFO] [1675261009.518765837] [Robot]: a_approach_arm
[36;1mrobot_1        |[0m [INFO] [1675261009.520849548] [Robot]: a_pick_up_sample
[36;1mrobot_1        |[0m [INFO] [1675261009.522762686] [Robot]: a_close_drawer
[32menvironment_1  |[0m [INFO] [1675261009.525727415] [Environment]: Receiving message: a_approach_arm,robot1,arm1
[36;1mrobot_1        |[0m [INFO] [1675261009.531301155] [Robot]: Receiving sync message. a_authenticate_nurse,robot1,nurse1
[36;1mrobot_1        |[0m [INFO] [1675261009.534821700] [Robot]: not ready
[35mnurse_1        |[0m [INFO] [1675261009.540209494] [Nurse]: not ready
[35mnurse_1        |[0m [INFO] [1675261009.543263801] [Nurse]: Action result: False
[35mnurse_1        |[0m [INFO] [1675261009.545679483] [Nurse]: Action: a_authenticate_nurse
[35mnurse_1        |[0m [INFO] [1675261009.548766919] [Nurse]: Doing a_authenticate_nurse
[36;1mrobot_1        |[0m [INFO] [1675261009.553577778] [Robot]: Receiving sync message. a_authenticate_nurse,robot1,nurse1
[36;1mrobot_1        |[0m [INFO] [1675261009.556102077] [Robot]: not ready
[32menvironment_1  |[0m [INFO] [1675261009.560417725] [Environment]: Action: a_approach_arm
[35mnurse_1        |[0m [INFO] [1675261009.563298847] [Nurse]: not ready
[35mnurse_1        |[0m [INFO] [1675261009.568090744] [Nurse]: Action result: False
[35mnurse_1        |[0m [INFO] [1675261009.569607792] [Nurse]: Action: a_authenticate_nurse
[35mnurse_1        |[0m [INFO] [1675261009.572163580] [Nurse]: Doing a_authenticate_nurse
[36;1mrobot_1        |[0m [INFO] [1675261009.581529645] [Robot]: Receiving sync message. a_authenticate_nurse,robot1,nurse1
[36;1mrobot_1        |[0m [INFO] [1675261009.586086217] [Robot]: not ready
[35mnurse_1        |[0m [INFO] [1675261009.596521021] [Nurse]: not ready
[35mnurse_1        |[0m [INFO] [1675261009.600730681] [Nurse]: Action result: False
[36marm_1          |[0m [INFO] [1675261009.603984637] [Arm]: success
[36marm_1          |[0m [INFO] [1675261009.606327971] [Arm]: Action result: True
[32menvironment_1  |[0m [INFO] [1675261009.598697746] [Environment]: Responding
[35mnurse_1        |[0m [INFO] [1675261009.602446194] [Nurse]: Action: a_authenticate_nurse
[36;1mrobot_1        |[0m [INFO] [1675261009.606515535] [Robot]: Receiving sync message. a_authenticate_nurse,robot1,nurse1
[36;1mrobot_1        |[0m [INFO] [1675261009.607960425] [Robot]: not ready
[35mnurse_1        |[0m [INFO] [1675261009.604025384] [Nurse]: Doing a_authenticate_nurse
[36marm_1          |[0m [INFO] [1675261009.609150863] [Arm]: Action: a_pick_up_sample
[36marm_1          |[0m [INFO] [1675261009.616343264] [Arm]: Doing a_pick_up_sample
[35mnurse_1        |[0m [INFO] [1675261009.621842660] [Nurse]: not ready
[35mnurse_1        |[0m [INFO] [1675261009.623658052] [Nurse]: Action result: False
[32menvironment_1  |[0m [INFO] [1675261009.606420765] [Environment]: Receiving message: a_navto,robot1,Room1
[32menvironment_1  |[0m [INFO] [1675261009.609028940] [Environment]: Action: a_navto
[36;1mrobot_1        |[0m [INFO] [1675261009.623029009] [Robot]: Receiving sync message. a_pick_up_sample,arm1,robot1
[36;1mrobot_1        |[0m [INFO] [1675261009.624254519] [Robot]: not ready
[36marm_1          |[0m [INFO] [1675261009.628193368] [Arm]: not ready
[35mnurse_1        |[0m [INFO] [1675261009.634898714] [Nurse]: Action: a_authenticate_nurse
[32menvironment_1  |[0m [INFO] [1675261009.627320065] [Environment]: Responding
[36;1mrobot_1        |[0m [INFO] [1675261009.638871938] [Robot]: success
[36marm_1          |[0m [INFO] [1675261009.638913790] [Arm]: Action result: False
[36marm_1          |[0m [INFO] [1675261009.639961187] [Arm]: Action: a_pick_up_sample
[35mnurse_1        |[0m [INFO] [1675261009.636197046] [Nurse]: Doing a_authenticate_nurse
[36;1mrobot_1        |[0m [INFO] [1675261009.641752418] [Robot]: Action result: True
[36marm_1          |[0m [INFO] [1675261009.641030731] [Arm]: Doing a_pick_up_sample
[36;1mrobot_1        |[0m [INFO] [1675261009.646919441] [Robot]: Receiving sync message. a_authenticate_nurse,robot1,nurse1
[36;1mrobot_1        |[0m [INFO] [1675261009.649297726] [Robot]: not ready
[36;1mrobot_1        |[0m [INFO] [1675261009.652036365] [Robot]: Receiving sync message. a_pick_up_sample,arm1,robot1
[35mnurse_1        |[0m [INFO] [1675261009.654500794] [Nurse]: not ready
[36;1mrobot_1        |[0m [INFO] [1675261009.658338632] [Robot]: not ready
[35mnurse_1        |[0m [INFO] [1675261009.665441947] [Nurse]: Action result: False
[36marm_1          |[0m [INFO] [1675261009.665722421] [Arm]: not ready
[35mnurse_1        |[0m [INFO] [1675261009.667271055] [Nurse]: Action: a_authenticate_nurse
[35mnurse_1        |[0m [INFO] [1675261009.668762255] [Nurse]: Doing a_authenticate_nurse
[36marm_1          |[0m [INFO] [1675261009.668656824] [Arm]: Action result: False
[36marm_1          |[0m [INFO] [1675261009.671167152] [Arm]: Action: a_pick_up_sample
[36marm_1          |[0m [INFO] [1675261009.684692561] [Arm]: Doing a_pick_up_sample
[33mcoordinator_1  |[0m [INFO] [1675261009.671163335] [Coordinator]: Receiving sync message: action_complete,a_navto
[33mcoordinator_1  |[0m [INFO] [1675261009.673567122] [Coordinator]: action_complete
[36;1mrobot_1        |[0m [INFO] [1675261009.677568604] [Robot]: Receiving sync message. a_authenticate_nurse,robot1,nurse1
[36;1mrobot_1        |[0m [INFO] [1675261009.682854570] [Robot]: not ready
[35mnurse_1        |[0m [INFO] [1675261009.700802131] [Nurse]: not ready
[35mnurse_1        |[0m [INFO] [1675261009.702710881] [Nurse]: Action result: False
[35mnurse_1        |[0m [INFO] [1675261009.705328074] [Nurse]: Action: a_authenticate_nurse
[33mcoordinator_1  |[0m [INFO] [1675261009.708462237] [Coordinator]: plans_actions_current 1 of 11
[35mnurse_1        |[0m [INFO] [1675261009.707770747] [Nurse]: Doing a_authenticate_nurse
[36;1mrobot_1        |[0m [INFO] [1675261009.702868658] [Robot]: Receiving sync message. a_pick_up_sample,arm1,robot1
[36;1mrobot_1        |[0m [INFO] [1675261009.704145122] [Robot]: not ready
[36;1mrobot_1        |[0m [INFO] [1675261009.718528978] [Robot]: Receiving sync message. a_authenticate_nurse,robot1,nurse1
[36;1mrobot_1        |[0m [INFO] [1675261009.719573487] [Robot]: not ready
[35mnurse_1        |[0m [INFO] [1675261009.724173270] [Nurse]: not ready
[35mnurse_1        |[0m [INFO] [1675261009.726285015] [Nurse]: Action result: False
[35mnurse_1        |[0m [INFO] [1675261009.736360967] [Nurse]: Action: a_authenticate_nurse
[35mnurse_1        |[0m [INFO] [1675261009.737194148] [Nurse]: Doing a_authenticate_nurse
[36;1mrobot_1        |[0m [INFO] [1675261009.735743137] [Robot]: Action: a_approach_nurse
[36;1mrobot_1        |[0m [INFO] [1675261009.737642880] [Robot]: Doing a_approach_nurse
[36;1mrobot_1        |[0m [INFO] [1675261009.740766997] [Robot]: Receiving sync message. a_authenticate_nurse,robot1,nurse1
[32menvironment_1  |[0m [INFO] [1675261009.748427105] [Environment]: Receiving message: a_approach_nurse,robot1
[32menvironment_1  |[0m [INFO] [1675261009.750860938] [Environment]: Action: a_approach_nurse
[32menvironment_1  |[0m [INFO] [1675261009.752084245] [Environment]: Responding
[36;1mrobot_1        |[0m [INFO] [1675261009.757363809] [Robot]: not ready
[36marm_1          |[0m [INFO] [1675261009.752990814] [Arm]: not ready
[36marm_1          |[0m [INFO] [1675261009.754053117] [Arm]: Action result: False
[36marm_1          |[0m [INFO] [1675261009.755084625] [Arm]: Action: a_pick_up_sample
[36marm_1          |[0m [INFO] [1675261009.756035046] [Arm]: Doing a_pick_up_sample
[36;1mrobot_1        |[0m [INFO] [1675261009.774237057] [Robot]: Receiving sync message. a_pick_up_sample,arm1,robot1
[36;1mrobot_1        |[0m [INFO] [1675261009.776012390] [Robot]: not ready
[35mnurse_1        |[0m [INFO] [1675261009.775111175] [Nurse]: not ready
[35mnurse_1        |[0m [INFO] [1675261009.776805347] [Nurse]: Action result: False
[35mnurse_1        |[0m [INFO] [1675261009.777964941] [Nurse]: Action: a_authenticate_nurse
[35mnurse_1        |[0m [INFO] [1675261009.787246450] [Nurse]: Doing a_authenticate_nurse
[36marm_1          |[0m [INFO] [1675261009.790829519] [Arm]: not ready
[36marm_1          |[0m [INFO] [1675261009.792686817] [Arm]: Action result: False
[36marm_1          |[0m [INFO] [1675261009.798820105] [Arm]: Action: a_pick_up_sample
[36marm_1          |[0m [INFO] [1675261009.802126678] [Arm]: Doing a_pick_up_sample
[35mnurse_1        |[0m [INFO] [1675261009.808838612] [Nurse]: not ready
[36;1mrobot_1        |[0m [INFO] [1675261009.804469429] [Robot]: Receiving sync message. a_authenticate_nurse,robot1,nurse1
[36;1mrobot_1        |[0m [INFO] [1675261009.805499930] [Robot]: not ready
[36;1mrobot_1        |[0m [INFO] [1675261009.813892386] [Robot]: Receiving sync message. a_pick_up_sample,arm1,robot1
[35mnurse_1        |[0m [INFO] [1675261009.817229628] [Nurse]: Action result: False
[35mnurse_1        |[0m [INFO] [1675261009.819783780] [Nurse]: Action: a_authenticate_nurse
[35mnurse_1        |[0m [INFO] [1675261009.827759039] [Nurse]: Doing a_authenticate_nurse
[36;1mrobot_1        |[0m [INFO] [1675261009.814930290] [Robot]: success
[36;1mrobot_1        |[0m [INFO] [1675261009.819582699] [Robot]: Action result: True
[35mnurse_1        |[0m [INFO] [1675261009.842424969] [Nurse]: not ready
[36marm_1          |[0m [INFO] [1675261009.841769033] [Arm]: not ready
[36marm_1          |[0m [INFO] [1675261009.842586624] [Arm]: Action result: False
[33mcoordinator_1  |[0m [INFO] [1675261009.842478650] [Coordinator]: Receiving sync message: action_complete,a_approach_nurse
[35mnurse_1        |[0m [INFO] [1675261009.845239506] [Nurse]: Action result: False
[36marm_1          |[0m [INFO] [1675261009.845970585] [Arm]: Action: a_pick_up_sample
[36marm_1          |[0m [INFO] [1675261009.848406105] [Arm]: Doing a_pick_up_sample
[33mcoordinator_1  |[0m [INFO] [1675261009.845092485] [Coordinator]: action_complete
[36;1mrobot_1        |[0m [INFO] [1675261009.825558344] [Robot]: not ready
[36;1mrobot_1        |[0m [INFO] [1675261009.835766175] [Robot]: Receiving sync message. a_authenticate_nurse,robot1,nurse1
[36;1mrobot_1        |[0m [INFO] [1675261009.837311481] [Robot]: not ready
[36;1mrobot_1        |[0m [INFO] [1675261009.856154654] [Robot]: Receiving sync message. a_pick_up_sample,arm1,robot1
[36;1mrobot_1        |[0m [INFO] [1675261009.857784048] [Robot]: not ready
[36marm_1          |[0m [INFO] [1675261009.860659991] [Arm]: not ready
[36marm_1          |[0m [INFO] [1675261009.862159218] [Arm]: Action result: False
[36marm_1          |[0m [INFO] [1675261009.863830215] [Arm]: Action: a_pick_up_sample
[36marm_1          |[0m [INFO] [1675261009.865018637] [Arm]: Doing a_pick_up_sample
[35mnurse_1        |[0m [INFO] [1675261009.862720124] [Nurse]: Action: a_authenticate_nurse
[35mnurse_1        |[0m [INFO] [1675261009.870019828] [Nurse]: Doing a_authenticate_nurse
[36;1mrobot_1        |[0m [INFO] [1675261009.874714065] [Robot]: Receiving sync message. a_pick_up_sample,arm1,robot1
[36;1mrobot_1        |[0m [INFO] [1675261009.875880173] [Robot]: not ready
[36;1mrobot_1        |[0m [INFO] [1675261009.878138359] [Robot]: Receiving sync message. a_authenticate_nurse,robot1,nurse1
[36;1mrobot_1        |[0m [INFO] [1675261009.884232429] [Robot]: not ready
[35mnurse_1        |[0m [INFO] [1675261009.895617043] [Nurse]: not ready
[35mnurse_1        |[0m [INFO] [1675261009.896966555] [Nurse]: Action result: False
[35mnurse_1        |[0m [INFO] [1675261009.897789173] [Nurse]: Action: a_authenticate_nurse
[35mnurse_1        |[0m [INFO] [1675261009.898909516] [Nurse]: Doing a_authenticate_nurse
[36marm_1          |[0m [INFO] [1675261009.901961623] [Arm]: not ready
[33mcoordinator_1  |[0m [INFO] [1675261009.908610328] [Coordinator]: plans_actions_current 2 of 11
[36;1mrobot_1        |[0m [INFO] [1675261009.918509995] [Robot]: Receiving sync message. a_authenticate_nurse,robot1,nurse1
[36;1mrobot_1        |[0m [INFO] [1675261009.921050282] [Robot]: not ready
[35mnurse_1        |[0m [INFO] [1675261009.928632512] [Nurse]: not ready
[35mnurse_1        |[0m [INFO] [1675261009.931629794] [Nurse]: Action result: False
[35mnurse_1        |[0m [INFO] [1675261009.933909161] [Nurse]: Action: a_authenticate_nurse
[36;1mrobot_1        |[0m [INFO] [1675261009.927502473] [Robot]: Action: a_authenticate_nurse
[35mnurse_1        |[0m [INFO] [1675261009.936170601] [Nurse]: Doing a_authenticate_nurse
[36;1mrobot_1        |[0m [INFO] [1675261009.940701365] [Robot]: Receiving sync message. a_authenticate_nurse,robot1,nurse1
[36;1mrobot_1        |[0m [INFO] [1675261009.942431429] [Robot]: Authenticate nurse
[36;1mrobot_1        |[0m [INFO] [1675261009.946608784] [Robot]: Doing a_authenticate_nurse
[36;1mrobot_1        |[0m [INFO] [1675261009.948586938] [Robot]: Action result: True
[36marm_1          |[0m [INFO] [1675261009.950526424] [Arm]: Action result: False
[36marm_1          |[0m [INFO] [1675261009.952457430] [Arm]: Action: a_pick_up_sample
[36marm_1          |[0m [INFO] [1675261009.954832445] [Arm]: Doing a_pick_up_sample
[35mnurse_1        |[0m [INFO] [1675261009.946539220] [Nurse]: success
[35mnurse_1        |[0m [INFO] [1675261009.949650802] [Nurse]: Action result: True
[35mnurse_1        |[0m [INFO] [1675261009.955671391] [Nurse]: Action: a_deposit
[35mnurse_1        |[0m [INFO] [1675261009.957822980] [Nurse]: Doing a_deposit
[36;1mrobot_1        |[0m [INFO] [1675261009.971862039] [Robot]: Receiving sync message. a_pick_up_sample,arm1,robot1
[36;1mrobot_1        |[0m [INFO] [1675261009.978281921] [Robot]: not ready
[36;1mrobot_1        |[0m [INFO] [1675261009.981461537] [Robot]: Receiving sync message. a_deposit,nurse1,robot1
[36;1mrobot_1        |[0m [INFO] [1675261009.991811457] [Robot]: not ready
[36;1mrobot_1        |[0m [INFO] [1675261010.010295805] [Robot]: Receiving sync message. a_pick_up_sample,arm1,robot1
[33mcoordinator_1  |[0m [INFO] [1675261009.985500501] [Coordinator]: Receiving sync message: action_complete,a_authenticate_nurse
[33mcoordinator_1  |[0m [INFO] [1675261009.986451141] [Coordinator]: action_complete
[33mcoordinator_1  |[0m [INFO] [1675261010.017511262] [Coordinator]: plans_actions_current 3 of 11
[35mnurse_1        |[0m [INFO] [1675261010.020825532] [Nurse]: not ready
[36;1mrobot_1        |[0m [INFO] [1675261010.024204255] [Robot]: not ready
[36marm_1          |[0m [INFO] [1675261010.002393569] [Arm]: not ready
[36marm_1          |[0m [INFO] [1675261010.003572574] [Arm]: Action result: False
[36marm_1          |[0m [INFO] [1675261010.005258239] [Arm]: Action: a_pick_up_sample
[36marm_1          |[0m [INFO] [1675261010.006490015] [Arm]: Doing a_pick_up_sample
[35mnurse_1        |[0m [INFO] [1675261010.023986778] [Nurse]: Action result: False
[36;1mrobot_1        |[0m [INFO] [1675261010.027777146] [Robot]: Action: a_open_drawer
[36;1mrobot_1        |[0m [INFO] [1675261010.028907975] [Robot]: Doing a_open_drawer
[36;1mrobot_1        |[0m [INFO] [1675261010.030022121] [Robot]: success
[36;1mrobot_1        |[0m [INFO] [1675261010.031102298] [Robot]: Action result: True
[35mnurse_1        |[0m [INFO] [1675261010.039740478] [Nurse]: Action: a_deposit
[35mnurse_1        |[0m [INFO] [1675261010.042213446] [Nurse]: Doing a_deposit
[36marm_1          |[0m [INFO] [1675261010.057524597] [Arm]: not ready
[36marm_1          |[0m [INFO] [1675261010.059835697] [Arm]: Action result: False
[36marm_1          |[0m [INFO] [1675261010.061364840] [Arm]: Action: a_pick_up_sample
[36marm_1          |[0m [INFO] [1675261010.063120438] [Arm]: Doing a_pick_up_sample
[36;1mrobot_1        |[0m [INFO] [1675261010.054937515] [Robot]: Action: a_deposit
[36;1mrobot_1        |[0m [INFO] [1675261010.056366472] [Robot]: Doing a_deposit
[36;1mrobot_1        |[0m [INFO] [1675261010.058525933] [Robot]: wating for nurse1 to deposit in robot1
[33mcoordinator_1  |[0m [INFO] [1675261010.042620914] [Coordinator]: Receiving sync message: action_complete,a_open_drawer
[33mcoordinator_1  |[0m [INFO] [1675261010.043685599] [Coordinator]: action_complete
[33mcoordinator_1  |[0m [INFO] [1675261010.044805827] [Coordinator]: plans_actions_current 4 of 11
[36;1mrobot_1        |[0m [INFO] [1675261010.080442146] [Robot]: Receiving sync message. a_deposit,nurse1,robot1
[36;1mrobot_1        |[0m [INFO] [1675261010.093468333] [Robot]: Action result: False
[35mnurse_1        |[0m [INFO] [1675261010.133177485] [Nurse]: success
[36;1mrobot_1        |[0m [INFO] [1675261010.095869463] [Robot]: Action: a_deposit
[36;1mrobot_1        |[0m [INFO] [1675261010.109513176] [Robot]: Doing a_deposit
[36;1mrobot_1        |[0m [INFO] [1675261010.111105857] [Robot]: Action result: True
[36;1mrobot_1        |[0m [INFO] [1675261010.116789853] [Robot]: Deposit
[36;1mrobot_1        |[0m [INFO] [1675261010.125206655] [Robot]: Receiving sync message. a_pick_up_sample,arm1,robot1
[36;1mrobot_1        |[0m [INFO] [1675261010.127289385] [Robot]: not ready
[36;1mrobot_1        |[0m [INFO] [1675261010.149208736] [Robot]: Receiving sync message. a_pick_up_sample,arm1,robot1
[36marm_1          |[0m [INFO] [1675261010.137596118] [Arm]: not ready
[36marm_1          |[0m [INFO] [1675261010.145574298] [Arm]: Action result: False
[36marm_1          |[0m [INFO] [1675261010.146572601] [Arm]: Action: a_pick_up_sample
[36marm_1          |[0m [INFO] [1675261010.147288831] [Arm]: Doing a_pick_up_sample
[36marm_1          |[0m [INFO] [1675261010.153630924] [Arm]: not ready
[36;1mrobot_1        |[0m [INFO] [1675261010.150432956] [Robot]: not ready
[36;1mrobot_1        |[0m [INFO] [1675261010.167859719] [Robot]: Receiving sync message. a_pick_up_sample,arm1,robot1
[36;1mrobot_1        |[0m [INFO] [1675261010.169834126] [Robot]: not ready
[35mnurse_1        |[0m [INFO] [1675261010.152678749] [Nurse]: Action result: True
[33mcoordinator_1  |[0m [INFO] [1675261010.160098119] [Coordinator]: Receiving sync message: action_complete,a_deposit
[36marm_1          |[0m [INFO] [1675261010.161750730] [Arm]: Action result: False
[36marm_1          |[0m [INFO] [1675261010.163925511] [Arm]: Action: a_pick_up_sample
[36marm_1          |[0m [INFO] [1675261010.164729971] [Arm]: Doing a_pick_up_sample
[36marm_1          |[0m [INFO] [1675261010.184837416] [Arm]: not ready
[33mcoordinator_1  |[0m [INFO] [1675261010.178388407] [Coordinator]: action_complete
[33mcoordinator_1  |[0m [INFO] [1675261010.180958525] [Coordinator]: plans_actions_current 5 of 11
[36marm_1          |[0m [INFO] [1675261010.196814985] [Arm]: Action result: False
[36marm_1          |[0m [INFO] [1675261010.199682603] [Arm]: Action: a_pick_up_sample
[36marm_1          |[0m [INFO] [1675261010.201925415] [Arm]: Doing a_pick_up_sample
[36;1mrobot_1        |[0m [INFO] [1675261010.205674982] [Robot]: Receiving sync message. a_pick_up_sample,arm1,robot1
[36;1mrobot_1        |[0m [INFO] [1675261010.219058944] [Robot]: not ready
[36marm_1          |[0m [INFO] [1675261010.222009365] [Arm]: not ready
[36marm_1          |[0m [INFO] [1675261010.234904027] [Arm]: Action result: False
[36;1mrobot_1        |[0m [INFO] [1675261010.235112554] [Robot]: Action: a_close_drawer
[36;1mrobot_1        |[0m [INFO] [1675261010.236482814] [Robot]: Doing a_close_drawer
[36;1mrobot_1        |[0m [INFO] [1675261010.237614474] [Robot]: success
[36marm_1          |[0m [INFO] [1675261010.238541306] [Arm]: Action: a_pick_up_sample
[36;1mrobot_1        |[0m [INFO] [1675261010.238732133] [Robot]: Action result: True
[36marm_1          |[0m [INFO] [1675261010.248461976] [Arm]: Doing a_pick_up_sample
[36;1mrobot_1        |[0m [INFO] [1675261010.253692166] [Robot]: Receiving sync message. a_pick_up_sample,arm1,robot1
[36;1mrobot_1        |[0m [INFO] [1675261010.255684124] [Robot]: not ready
[36marm_1          |[0m [INFO] [1675261010.278885741] [Arm]: not ready
[36marm_1          |[0m [INFO] [1675261010.279952330] [Arm]: Action result: False
[36marm_1          |[0m [INFO] [1675261010.281060727] [Arm]: Action: a_pick_up_sample
[36marm_1          |[0m [INFO] [1675261010.282089107] [Arm]: Doing a_pick_up_sample
[36;1mrobot_1        |[0m [INFO] [1675261010.288572476] [Robot]: Receiving sync message. a_pick_up_sample,arm1,robot1
[36;1mrobot_1        |[0m [INFO] [1675261010.299428571] [Robot]: not ready
[36marm_1          |[0m [INFO] [1675261010.313239740] [Arm]: not ready
[36marm_1          |[0m [INFO] [1675261010.316344050] [Arm]: Action result: False
[36marm_1          |[0m [INFO] [1675261010.319110827] [Arm]: Action: a_pick_up_sample
[36marm_1          |[0m [INFO] [1675261010.325067101] [Arm]: Doing a_pick_up_sample
[33mcoordinator_1  |[0m [INFO] [1675261010.332703282] [Coordinator]: Receiving sync message: action_complete,a_close_drawer
[36;1mrobot_1        |[0m [INFO] [1675261010.347160310] [Robot]: Receiving sync message. a_pick_up_sample,arm1,robot1
[36;1mrobot_1        |[0m [INFO] [1675261010.349022220] [Robot]: not ready
[33mcoordinator_1  |[0m [INFO] [1675261010.360560369] [Coordinator]: action_complete
[36marm_1          |[0m [INFO] [1675261010.355181914] [Arm]: not ready
[36marm_1          |[0m [INFO] [1675261010.365071739] [Arm]: Action result: False
[36marm_1          |[0m [INFO] [1675261010.367309517] [Arm]: Action: a_pick_up_sample
[36marm_1          |[0m [INFO] [1675261010.398976581] [Arm]: Doing a_pick_up_sample
[36;1mrobot_1        |[0m [INFO] [1675261010.382741090] [Robot]: Action: a_navto
[36;1mrobot_1        |[0m [INFO] [1675261010.396039997] [Robot]: Doing a_navto
[36;1mrobot_1        |[0m [INFO] [1675261010.402196040] [Robot]: Receiving sync message. a_pick_up_sample,arm1,robot1
[36;1mrobot_1        |[0m [INFO] [1675261010.407125574] [Robot]: not ready
[33mcoordinator_1  |[0m [INFO] [1675261010.368884617] [Coordinator]: plans_actions_current 6 of 11
[36marm_1          |[0m [INFO] [1675261010.425143878] [Arm]: not ready
[32menvironment_1  |[0m [INFO] [1675261010.421103196] [Environment]: Receiving message: a_navto,robot1,Room3
[32menvironment_1  |[0m [INFO] [1675261010.423891886] [Environment]: Action: a_navto
[36marm_1          |[0m [INFO] [1675261010.439828782] [Arm]: Action result: False
[36marm_1          |[0m [INFO] [1675261010.442002954] [Arm]: Action: a_pick_up_sample
[36marm_1          |[0m [INFO] [1675261010.444527999] [Arm]: Doing a_pick_up_sample
[36;1mrobot_1        |[0m [INFO] [1675261010.447018818] [Robot]: Receiving sync message. a_pick_up_sample,arm1,robot1
[36marm_1          |[0m [INFO] [1675261010.451119264] [Arm]: not ready
[32menvironment_1  |[0m [INFO] [1675261010.457028590] [Environment]: Responding
[36marm_1          |[0m [INFO] [1675261010.460570680] [Arm]: Action result: False
[36;1mrobot_1        |[0m [INFO] [1675261010.447897393] [Robot]: not ready
[36marm_1          |[0m [INFO] [1675261010.462018974] [Arm]: Action: a_pick_up_sample
[36marm_1          |[0m [INFO] [1675261010.463316762] [Arm]: Doing a_pick_up_sample
[36;1mrobot_1        |[0m [INFO] [1675261010.492055041] [Robot]: success
[36;1mrobot_1        |[0m [INFO] [1675261010.495593982] [Robot]: Action result: True
[36;1mrobot_1        |[0m [INFO] [1675261010.506764282] [Robot]: Receiving sync message. a_pick_up_sample,arm1,robot1
[36;1mrobot_1        |[0m [INFO] [1675261010.508905099] [Robot]: not ready
[36marm_1          |[0m [INFO] [1675261010.511521286] [Arm]: not ready
[36marm_1          |[0m [INFO] [1675261010.519077032] [Arm]: Action result: False
[36marm_1          |[0m [INFO] [1675261010.520200365] [Arm]: Action: a_pick_up_sample
[36marm_1          |[0m [INFO] [1675261010.527703551] [Arm]: Doing a_pick_up_sample
[36;1mrobot_1        |[0m [INFO] [1675261010.531761876] [Robot]: Receiving sync message. a_pick_up_sample,arm1,robot1
[36;1mrobot_1        |[0m [INFO] [1675261010.533803967] [Robot]: not ready
[36marm_1          |[0m [INFO] [1675261010.538171841] [Arm]: not ready
[36marm_1          |[0m [INFO] [1675261010.549095206] [Arm]: Action result: False
[36marm_1          |[0m [INFO] [1675261010.551353544] [Arm]: Action: a_pick_up_sample
[36marm_1          |[0m [INFO] [1675261010.553586135] [Arm]: Doing a_pick_up_sample
[36;1mrobot_1        |[0m [INFO] [1675261010.572805233] [Robot]: Receiving sync message. a_pick_up_sample,arm1,robot1
[36;1mrobot_1        |[0m [INFO] [1675261010.586436450] [Robot]: not ready
[36marm_1          |[0m [INFO] [1675261010.589990684] [Arm]: not ready
[33mcoordinator_1  |[0m [INFO] [1675261010.593245120] [Coordinator]: Receiving sync message: action_complete,a_navto
[36marm_1          |[0m [INFO] [1675261010.592258455] [Arm]: Action result: False
[36marm_1          |[0m [INFO] [1675261010.600749660] [Arm]: Action: a_pick_up_sample
[36marm_1          |[0m [INFO] [1675261010.602404508] [Arm]: Doing a_pick_up_sample
[36;1mrobot_1        |[0m [INFO] [1675261010.608395233] [Robot]: Receiving sync message. a_pick_up_sample,arm1,robot1
[36marm_1          |[0m [INFO] [1675261010.612973536] [Arm]: not ready
[36;1mrobot_1        |[0m [INFO] [1675261010.609292405] [Robot]: not ready
[36marm_1          |[0m [INFO] [1675261010.615995163] [Arm]: Action result: False
[33mcoordinator_1  |[0m [INFO] [1675261010.614644072] [Coordinator]: action_complete
[33mcoordinator_1  |[0m [INFO] [1675261010.615969543] [Coordinator]: plans_actions_current 7 of 11
[36marm_1          |[0m [INFO] [1675261010.627941807] [Arm]: Action: a_pick_up_sample
[36marm_1          |[0m [INFO] [1675261010.630511345] [Arm]: Doing a_pick_up_sample
[36;1mrobot_1        |[0m [INFO] [1675261010.639052540] [Robot]: Receiving sync message. a_pick_up_sample,arm1,robot1
[36;1mrobot_1        |[0m [INFO] [1675261010.640015283] [Robot]: not ready
[36;1mrobot_1        |[0m [INFO] [1675261010.643430762] [Robot]: Action: a_approach_arm
[36marm_1          |[0m [INFO] [1675261010.646513087] [Arm]: not ready
[36marm_1          |[0m [INFO] [1675261010.648860579] [Arm]: Action result: False
[36marm_1          |[0m [INFO] [1675261010.651954826] [Arm]: Action: a_pick_up_sample
[36;1mrobot_1        |[0m [INFO] [1675261010.652762827] [Robot]: Doing a_approach_arm
[36marm_1          |[0m [INFO] [1675261010.667461288] [Arm]: Doing a_pick_up_sample
[32menvironment_1  |[0m [INFO] [1675261010.679896591] [Environment]: Receiving message: a_approach_arm,robot1,arm1
[32menvironment_1  |[0m [INFO] [1675261010.681128379] [Environment]: Action: a_approach_arm
[32menvironment_1  |[0m [INFO] [1675261010.682250161] [Environment]: Responding
[36;1mrobot_1        |[0m [INFO] [1675261010.697762663] [Robot]: Receiving sync message. a_pick_up_sample,arm1,robot1
[36;1mrobot_1        |[0m [INFO] [1675261010.699964987] [Robot]: not ready
[36marm_1          |[0m [INFO] [1675261010.703291865] [Arm]: not ready
[36marm_1          |[0m [INFO] [1675261010.704830773] [Arm]: Action result: False
[36marm_1          |[0m [INFO] [1675261010.706636560] [Arm]: Action: a_pick_up_sample
[36marm_1          |[0m [INFO] [1675261010.716666349] [Arm]: Doing a_pick_up_sample
[36;1mrobot_1        |[0m [INFO] [1675261010.717364160] [Robot]: success
[36;1mrobot_1        |[0m [INFO] [1675261010.719640975] [Robot]: Action result: True
[36marm_1          |[0m [INFO] [1675261010.757777420] [Arm]: not ready
[36marm_1          |[0m [INFO] [1675261010.764040905] [Arm]: Action result: False
[36;1mrobot_1        |[0m [INFO] [1675261010.742434106] [Robot]: Receiving sync message. a_pick_up_sample,arm1,robot1
[36;1mrobot_1        |[0m [INFO] [1675261010.748186352] [Robot]: not ready
[33mcoordinator_1  |[0m [INFO] [1675261010.743088540] [Coordinator]: Receiving sync message: action_complete,a_approach_arm
[33mcoordinator_1  |[0m [INFO] [1675261010.744659750] [Coordinator]: action_complete
[36marm_1          |[0m [INFO] [1675261010.766833265] [Arm]: Action: a_pick_up_sample
[36marm_1          |[0m [INFO] [1675261010.780774755] [Arm]: Doing a_pick_up_sample
[33mcoordinator_1  |[0m [INFO] [1675261010.766762356] [Coordinator]: plans_actions_current 8 of 11
[36;1mrobot_1        |[0m [INFO] [1675261010.793322786] [Robot]: Receiving sync message. a_pick_up_sample,arm1,robot1
[36;1mrobot_1        |[0m [INFO] [1675261010.796375202] [Robot]: not ready
[36;1mrobot_1        |[0m [INFO] [1675261010.799897095] [Robot]: Action: a_open_drawer
[36marm_1          |[0m [INFO] [1675261010.805277092] [Arm]: not ready
[36marm_1          |[0m [INFO] [1675261010.806792782] [Arm]: Action result: False
[36;1mrobot_1        |[0m [INFO] [1675261010.813267935] [Robot]: Doing a_open_drawer
[36;1mrobot_1        |[0m [INFO] [1675261010.814755442] [Robot]: success
[36;1mrobot_1        |[0m [INFO] [1675261010.816959548] [Robot]: Action result: True
[36marm_1          |[0m [INFO] [1675261010.814709215] [Arm]: Action: a_pick_up_sample
[36marm_1          |[0m [INFO] [1675261010.817582537] [Arm]: Doing a_pick_up_sample
[36;1mrobot_1        |[0m [INFO] [1675261010.833244855] [Robot]: Receiving sync message. a_pick_up_sample,arm1,robot1
[36;1mrobot_1        |[0m [INFO] [1675261010.837356005] [Robot]: not ready
[36marm_1          |[0m [INFO] [1675261010.852922748] [Arm]: not ready
[36;1mrobot_1        |[0m [INFO] [1675261010.854893622] [Robot]: Action: a_pick_up_sample
[33mcoordinator_1  |[0m [INFO] [1675261010.839728827] [Coordinator]: Receiving sync message: action_complete,a_open_drawer
[33mcoordinator_1  |[0m [INFO] [1675261010.841952634] [Coordinator]: action_complete
[33mcoordinator_1  |[0m [INFO] [1675261010.844634924] [Coordinator]: plans_actions_current 9 of 11
[36marm_1          |[0m [INFO] [1675261010.855514527] [Arm]: Action result: False
[36;1mrobot_1        |[0m [INFO] [1675261010.863801924] [Robot]: Doing a_pick_up_sample
[36;1mrobot_1        |[0m [INFO] [1675261010.868863820] [Robot]: wating for arm1 to pick up from robot1
[36;1mrobot_1        |[0m [INFO] [1675261010.871132457] [Robot]: Action result: False
[36;1mrobot_1        |[0m [INFO] [1675261010.873033599] [Robot]: Action: a_pick_up_sample
[36;1mrobot_1        |[0m [INFO] [1675261010.889300620] [Robot]: Doing a_pick_up_sample
[36marm_1          |[0m [INFO] [1675261010.862604161] [Arm]: Action: a_pick_up_sample
[36marm_1          |[0m [INFO] [1675261010.867580298] [Arm]: Doing a_pick_up_sample
[36;1mrobot_1        |[0m [INFO] [1675261010.903301688] [Robot]: wating for arm1 to pick up from robot1
[36;1mrobot_1        |[0m [INFO] [1675261010.905777047] [Robot]: Action result: False
[36;1mrobot_1        |[0m [INFO] [1675261010.916692325] [Robot]: Action: a_pick_up_sample
[36;1mrobot_1        |[0m [INFO] [1675261010.919475390] [Robot]: Receiving sync message. a_pick_up_sample,arm1,robot1
[36;1mrobot_1        |[0m [INFO] [1675261010.921232570] [Robot]: Pick up
[36;1mrobot_1        |[0m [INFO] [1675261010.925213246] [Robot]: Doing a_pick_up_sample
[36;1mrobot_1        |[0m [INFO] [1675261010.927080783] [Robot]: Action result: True
[36marm_1          |[0m [INFO] [1675261010.936884836] [Arm]: success
[36marm_1          |[0m [INFO] [1675261010.939233419] [Arm]: Action result: True
[33mcoordinator_1  |[0m [INFO] [1675261010.938364378] [Coordinator]: Receiving sync message: action_complete,a_pick_up_sample
[33mcoordinator_1  |[0m [INFO] [1675261010.940627016] [Coordinator]: action_complete
[33mcoordinator_1  |[0m [INFO] [1675261010.970701962] [Coordinator]: plans_actions_current 10 of 11
[36;1mrobot_1        |[0m [INFO] [1675261010.974902798] [Robot]: Action: a_close_drawer
[36;1mrobot_1        |[0m [INFO] [1675261010.976426998] [Robot]: Doing a_close_drawer
[36;1mrobot_1        |[0m [INFO] [1675261010.978411808] [Robot]: success
[36;1mrobot_1        |[0m [INFO] [1675261010.991803026] [Robot]: Action result: True
[33mcoordinator_1  |[0m [INFO] [1675261011.000626577] [Coordinator]: Receiving sync message: action_complete,a_close_drawer
[33mcoordinator_1  |[0m [INFO] [1675261011.026964047] [Coordinator]: action_complete
[33mcoordinator_1  |[0m [INFO] [1675261011.028619444] [Coordinator]: plans_actions_current 11 of 11
[33mcoordinator_1  |[0m [INFO] [1675261011.030220769] [Coordinator]: The time of execution of above program is:1.7244446277618408
[33mcoordinator_1  |[0m [INFO] [1675261011.031652214] [Coordinator]: Achieved
[33mcoordinator_1  |[0m [INFO] [1675261011.033516259] [Coordinator]: ENDSIM
Stopping planning_robot_1       ... 
Stopping planning_environment_1 ... 
Stopping planning_nurse_1       ... 
Stopping planning_coordinator_1 ... 
Stopping planning_arm_1         ... 
Stopping planning_planner_1     ... 
[36;1mplanning_robot_1 exited with code 137
[0mStopping planning_robot_1       ... done
Stopping planning_planner_1     ... done
[34mplanning_planner_1 exited with code 137
[0mStopping planning_environment_1 ... done
[32mplanning_environment_1 exited with code 137
[0mStopping planning_arm_1         ... done
Stopping planning_coordinator_1 ... done
Stopping planning_nurse_1       ... done
[36mplanning_arm_1 exited with code 137
[0m[33mplanning_coordinator_1 exited with code 137
[0m[35mplanning_nurse_1 exited with code 137
[0mRemoving planning_robot_1       ... 
Removing planning_environment_1 ... 
Removing planning_nurse_1       ... 
Removing planning_coordinator_1 ... 
Removing planning_arm_1         ... 
Removing planning_planner_1     ... 
Removing planning_arm_1         ... done
Removing planning_planner_1     ... done
Removing planning_nurse_1       ... done
Removing planning_environment_1 ... done
Removing planning_coordinator_1 ... done
Removing planning_robot_1       ... done
Removing network planning_ros
