Creating network "planning_ros" with the default driver
Creating planning_nurse_1 ... 
Creating planning_coordinator_1 ... 
Creating planning_robot_1       ... 
Creating planning_planner_1     ... 
Creating planning_environment_1 ... 
Creating planning_arm_1         ... 
Creating planning_environment_1 ... done
Creating planning_coordinator_1 ... done
Creating planning_arm_1         ... done
Creating planning_planner_1     ... done
Creating planning_robot_1       ... done
Creating planning_nurse_1       ... done
Attaching to planning_environment_1, planning_coordinator_1, planning_arm_1, planning_planner_1, planning_robot_1, planning_nurse_1
[36marm_1          |[0m [INFO] [1675272912.630847148] [Arm]: Starting Arm server
[36marm_1          |[0m [INFO] [1675272912.636365270] [Arm]: Arm server started
[36marm_1          |[0m [INFO] [1675272912.654119965] [Arm]: Starting Nurse clients
[36marm_1          |[0m [INFO] [1675272913.677707589] [Arm]: robot service not available, waiting again...
[36marm_1          |[0m [INFO] [1675272914.690245623] [Arm]: robot service not available, waiting again...
[36marm_1          |[0m [INFO] [1675272915.711819882] [Arm]: robot service not available, waiting again...
[36marm_1          |[0m [INFO] [1675272916.721223744] [Arm]: robot service not available, waiting again...
[33mcoordinator_1  |[0m [INFO] [1675272912.057294204] [Coordinator]: Starting Coordinator server
[33mcoordinator_1  |[0m [INFO] [1675272912.088909916] [Coordinator]: Coordinator server started
[33mcoordinator_1  |[0m [INFO] [1675272912.091213535] [Coordinator]: Starting Coordinator clients
[33mcoordinator_1  |[0m [INFO] [1675272913.100088042] [Coordinator]: planner sync service not available, waiting again...
[33mcoordinator_1  |[0m [INFO] [1675272914.120202004] [Coordinator]: planner sync service not available, waiting again...
[33mcoordinator_1  |[0m [INFO] [1675272915.137569172] [Coordinator]: planner sync service not available, waiting again...
[33mcoordinator_1  |[0m [INFO] [1675272916.150904331] [Coordinator]: planner sync service not available, waiting again...
[33mcoordinator_1  |[0m [INFO] [1675272917.169624953] [Coordinator]: planner sync service not available, waiting again...
[32menvironment_1  |[0m [INFO] [1675272911.643386204] [Environment]: Starting Environment server
[32menvironment_1  |[0m [INFO] [1675272911.648564042] [Environment]: Environment server started
[36marm_1          |[0m [INFO] [1675272917.737465354] [Arm]: robot service not available, waiting again...
[33mcoordinator_1  |[0m [INFO] [1675272918.235244714] [Coordinator]: planner sync service not available, waiting again...
[36marm_1          |[0m [INFO] [1675272918.758393914] [Arm]: robot service not available, waiting again...
[33mcoordinator_1  |[0m [INFO] [1675272919.244479336] [Coordinator]: planner sync service not available, waiting again...
[36marm_1          |[0m [INFO] [1675272919.768699648] [Arm]: robot service not available, waiting again...
[33mcoordinator_1  |[0m [INFO] [1675272920.254764550] [Coordinator]: planner sync service not available, waiting again...
[36marm_1          |[0m [INFO] [1675272920.776659600] [Arm]: robot service not available, waiting again...
[33mcoordinator_1  |[0m [INFO] [1675272921.268123546] [Coordinator]: planner sync service not available, waiting again...
[36marm_1          |[0m [INFO] [1675272921.784059752] [Arm]: robot service not available, waiting again...
[33mcoordinator_1  |[0m [INFO] [1675272922.283224165] [Coordinator]: planner sync service not available, waiting again...
[35mnurse_1        |[0m [INFO] [1675272922.652835047] [Nurse]: Starting Nurse server
[35mnurse_1        |[0m [INFO] [1675272922.672777959] [Nurse]: Nurse server started
[35mnurse_1        |[0m [INFO] [1675272922.686948221] [Nurse]: Starting Nurse clients
[36marm_1          |[0m [INFO] [1675272922.788105492] [Arm]: robot service not available, waiting again...
[36;1mrobot_1        |[0m [INFO] [1675272922.826248071] [Robot]: Starting Robot server
[36;1mrobot_1        |[0m [INFO] [1675272922.850638643] [Robot]: Robot server started
[36;1mrobot_1        |[0m [INFO] [1675272922.856045763] [Robot]: Starting Robots clients
[35mnurse_1        |[0m [INFO] [1675272923.001068419] [Nurse]: Nurse clients started
[35mnurse_1        |[0m [INFO] [1675272923.004955137] [Nurse]: Sent request
[33mcoordinator_1  |[0m [INFO] [1675272923.294500208] [Coordinator]: planner sync service not available, waiting again...
[36marm_1          |[0m [INFO] [1675272923.796720092] [Arm]: robot service not available, waiting again...
[36;1mrobot_1        |[0m [INFO] [1675272923.862869265] [Robot]: coordinator service not available, waiting again...
[33mcoordinator_1  |[0m [INFO] [1675272924.298852780] [Coordinator]: planner sync service not available, waiting again...
[36;1mrobot_1        |[0m [INFO] [1675272924.400129430] [Robot]: Robots clients started
[36marm_1          |[0m [INFO] [1675272924.570634997] [Arm]: Nurse clients started
[34mplanner_1      |[0m [INFO] [1675272924.899331151] [Planner]: Starting Planner server
[34mplanner_1      |[0m [INFO] [1675272924.935158104] [Planner]: Planner server started
[33mcoordinator_1  |[0m [INFO] [1675272925.307180629] [Coordinator]: planner sync service not available, waiting again...
[33mcoordinator_1  |[0m [INFO] [1675272926.311716179] [Coordinator]: planner sync service not available, waiting again...
[33mcoordinator_1  |[0m [INFO] [1675272927.355733643] [Coordinator]: Coordinator clients started
[33mcoordinator_1  |[0m [INFO] [1675272927.388603381] [Coordinator]: Receiving message of nurse1 in room3.
[33mcoordinator_1  |[0m [INFO] [1675272927.390491750] [Coordinator]: Sending response
[34mplanner_1      |[0m [INFO] [1675272927.413230979] [Planner]: Receiving sync message. need_plan,robot1,nurse1,arm1
[34mplanner_1      |[0m [INFO] [1675272927.416288981] [Planner]: Creating plan for: robot1 robot1 nurse1
[34mplanner_1      |[0m [INFO] [1675272927.441721654] [Planner]: a_navto,robot1,Room1
[33mcoordinator_1  |[0m [INFO] [1675272927.404142818] [Coordinator]: Planing
[33mcoordinator_1  |[0m [INFO] [1675272927.405835927] [Coordinator]: Creating plan for: robot1, nurse1, arm1 
[35mnurse_1        |[0m [INFO] [1675272927.454222996] [Nurse]: Request response:Okay!
[34mplanner_1      |[0m [INFO] [1675272927.455892922] [Planner]: a_approach_nurse,robot1
[34mplanner_1      |[0m [INFO] [1675272927.458236157] [Planner]: a_authenticate_nurse,robot1,nurse1
[34mplanner_1      |[0m [INFO] [1675272927.460963055] [Planner]: a_open_drawer,robot1
[34mplanner_1      |[0m [INFO] [1675272927.472576530] [Planner]: a_deposit,nurse1,robot1
[34mplanner_1      |[0m [INFO] [1675272927.474218157] [Planner]: a_close_drawer,robot1
[34mplanner_1      |[0m [INFO] [1675272927.486897491] [Planner]: a_navto,robot1,Room3
[34mplanner_1      |[0m [INFO] [1675272927.488917776] [Planner]: a_approach_arm,robot1,arm1
[34mplanner_1      |[0m [INFO] [1675272927.490536378] [Planner]: a_open_drawer,robot1
[34mplanner_1      |[0m [INFO] [1675272927.503120539] [Planner]: a_pick_up_sample,arm1,robot1
[33mcoordinator_1  |[0m [INFO] [1675272927.520339569] [Coordinator]: Plan received for: robot1, nurse1, arm1 
[33mcoordinator_1  |[0m [INFO] [1675272927.522134413] [Coordinator]: a_navto,robot1,Room1/a_approach_nurse,robot1/a_authenticate_nurse,robot1,nurse1/a_open_drawer,robot1/a_deposit,nurse1,robot1/a_close_drawer,robot1/a_navto,robot1,Room3/a_approach_arm,robot1,arm1/a_open_drawer,robot1/a_pick_up_sample,arm1,robot1/a_close_drawer,robot1
[34mplanner_1      |[0m [INFO] [1675272927.504918080] [Planner]: a_close_drawer,robot1
[34mplanner_1      |[0m [INFO] [1675272927.506402486] [Planner]: Sending response
[33mcoordinator_1  |[0m [INFO] [1675272927.535757285] [Coordinator]: a_navto,robot1,Room1
[33mcoordinator_1  |[0m [INFO] [1675272927.537916456] [Coordinator]: a_approach_nurse,robot1
[33mcoordinator_1  |[0m [INFO] [1675272927.551194919] [Coordinator]: a_authenticate_nurse,robot1,nurse1
[33mcoordinator_1  |[0m [INFO] [1675272927.553445295] [Coordinator]: a_open_drawer,robot1
[33mcoordinator_1  |[0m [INFO] [1675272927.555082154] [Coordinator]: a_deposit,nurse1,robot1
[33mcoordinator_1  |[0m [INFO] [1675272927.566998318] [Coordinator]: a_close_drawer,robot1
[33mcoordinator_1  |[0m [INFO] [1675272927.568316813] [Coordinator]: a_navto,robot1,Room3
[33mcoordinator_1  |[0m [INFO] [1675272927.569583222] [Coordinator]: a_approach_arm,robot1,arm1
[33mcoordinator_1  |[0m [INFO] [1675272927.570517138] [Coordinator]: a_open_drawer,robot1
[33mcoordinator_1  |[0m [INFO] [1675272927.572168270] [Coordinator]: a_pick_up_sample,arm1,robot1
[33mcoordinator_1  |[0m [INFO] [1675272927.573262555] [Coordinator]: a_close_drawer,robot1
[33mcoordinator_1  |[0m [INFO] [1675272927.580926651] [Coordinator]: Sending plans
[33mcoordinator_1  |[0m [INFO] [1675272927.583644171] [Coordinator]: Plans sent
[32menvironment_1  |[0m [INFO] [1675272927.602662121] [Environment]: Receiving message: monitor
[36marm_1          |[0m [INFO] [1675272927.607811038] [Arm]: Receiving message.
[32menvironment_1  |[0m [INFO] [1675272927.604342356] [Environment]: Action: monitor
[33mcoordinator_1  |[0m [INFO] [1675272927.619094422] [Coordinator]: Found a problem
[35mnurse_1        |[0m [INFO] [1675272927.637516517] [Nurse]: Receiving message.
[35mnurse_1        |[0m [INFO] [1675272927.638421336] [Nurse]: Nurse's actions:
[35mnurse_1        |[0m [INFO] [1675272927.639339233] [Nurse]: a_authenticate_nurse
[35mnurse_1        |[0m [INFO] [1675272927.640998842] [Nurse]: a_deposit
[36;1mrobot_1        |[0m [INFO] [1675272927.623722658] [Robot]: Receiving message.
[36;1mrobot_1        |[0m [INFO] [1675272927.684371151] [Robot]: Robot's actions:
[36;1mrobot_1        |[0m [INFO] [1675272927.686475843] [Robot]: a_navto
[36;1mrobot_1        |[0m [INFO] [1675272927.700894429] [Robot]: Action: a_navto
[33mcoordinator_1  |[0m [INFO] [1675272927.634668536] [Coordinator]: Updating planner state
[33mcoordinator_1  |[0m [INFO] [1675272927.689608365] [Coordinator]: Planner state updated
[33mcoordinator_1  |[0m [INFO] [1675272927.690610171] [Coordinator]: Planing
[33mcoordinator_1  |[0m [INFO] [1675272927.691409837] [Coordinator]: Creating plan for: robot1, nurse1, arm1 
[36marm_1          |[0m [INFO] [1675272927.652907637] [Arm]: Arm's actions:
[36marm_1          |[0m [INFO] [1675272927.663215437] [Arm]: a_approach_arm
[36marm_1          |[0m [INFO] [1675272927.664354417] [Arm]: a_pick_up_sample
[36marm_1          |[0m [INFO] [1675272927.672061294] [Arm]: Action: a_approach_arm
[34mplanner_1      |[0m [INFO] [1675272927.655452677] [Planner]: Receiving sync message. update_state,door_closed,Room3
[34mplanner_1      |[0m [INFO] [1675272927.673134617] [Planner]: door_closed
[34mplanner_1      |[0m [INFO] [1675272927.702176006] [Planner]: Receiving sync message. need_plan,robot1,nurse1,arm1
[34mplanner_1      |[0m [INFO] [1675272927.709853578] [Planner]: Creating plan for: robot1 robot1 nurse1
[36;1mrobot_1        |[0m [INFO] [1675272927.702006421] [Robot]: Doing a_navto
[32menvironment_1  |[0m [INFO] [1675272927.701143414] [Environment]: Receiving message: a_approach_arm,robot1,arm1
[35mnurse_1        |[0m [INFO] [1675272927.644491392] [Nurse]: Action: a_authenticate_nurse
[36marm_1          |[0m [INFO] [1675272927.685427514] [Arm]: Doing a_approach_arm
[34mplanner_1      |[0m [INFO] [1675272927.719832118] [Planner]: a_navto,robot1,Room1
[35mnurse_1        |[0m [INFO] [1675272927.665876428] [Nurse]: Doing a_authenticate_nurse
[36;1mrobot_1        |[0m [INFO] [1675272927.727983801] [Robot]: a_approach_nurse
[36;1mrobot_1        |[0m [INFO] [1675272927.729915445] [Robot]: a_open_drawer
[36;1mrobot_1        |[0m [INFO] [1675272927.730998211] [Robot]: a_deposit
[36;1mrobot_1        |[0m [INFO] [1675272927.732500891] [Robot]: a_close_drawer
[36;1mrobot_1        |[0m [INFO] [1675272927.734161916] [Robot]: a_navto
[34mplanner_1      |[0m [INFO] [1675272927.724561856] [Planner]: a_approach_nurse,robot1
[34mplanner_1      |[0m [INFO] [1675272927.736619170] [Planner]: a_authenticate_nurse,robot1,nurse1
[34mplanner_1      |[0m [INFO] [1675272927.738237319] [Planner]: a_open_drawer,robot1
[34mplanner_1      |[0m [INFO] [1675272927.739877487] [Planner]: a_deposit,nurse1,robot1
[34mplanner_1      |[0m [INFO] [1675272927.741290610] [Planner]: a_close_drawer,robot1
[34mplanner_1      |[0m [INFO] [1675272927.742558227] [Planner]: a_open_door,nurse1,Room3
[34mplanner_1      |[0m [INFO] [1675272927.752691789] [Planner]: a_navto,robot1,Room3
[36;1mrobot_1        |[0m [INFO] [1675272927.743996236] [Robot]: a_approach_arm
[36;1mrobot_1        |[0m [INFO] [1675272927.745394959] [Robot]: a_open_drawer
[36;1mrobot_1        |[0m [INFO] [1675272927.746535761] [Robot]: a_pick_up_sample
[36;1mrobot_1        |[0m [INFO] [1675272927.748093924] [Robot]: a_close_drawer
[36;1mrobot_1        |[0m [INFO] [1675272927.749969021] [Robot]: Receiving sync message. a_authenticate_nurse,robot1,nurse1
[36;1mrobot_1        |[0m [INFO] [1675272927.750963276] [Robot]: not ready
[34mplanner_1      |[0m [INFO] [1675272927.755064774] [Planner]: a_approach_arm,robot1,arm1
[35mnurse_1        |[0m [INFO] [1675272927.759843458] [Nurse]: not ready
[35mnurse_1        |[0m [INFO] [1675272927.760830377] [Nurse]: Action result: False
[35mnurse_1        |[0m [INFO] [1675272927.761853045] [Nurse]: Action: a_authenticate_nurse
[35mnurse_1        |[0m [INFO] [1675272927.763058967] [Nurse]: Doing a_authenticate_nurse
[34mplanner_1      |[0m [INFO] [1675272927.757341840] [Planner]: a_open_drawer,robot1
[34mplanner_1      |[0m [INFO] [1675272927.760362755] [Planner]: a_pick_up_sample,arm1,robot1
[32menvironment_1  |[0m [INFO] [1675272927.765359035] [Environment]: Action: a_approach_arm
[32menvironment_1  |[0m [INFO] [1675272927.767815318] [Environment]: Responding
[36;1mrobot_1        |[0m [INFO] [1675272927.767250532] [Robot]: Receiving sync message. a_authenticate_nurse,robot1,nurse1
[36;1mrobot_1        |[0m [INFO] [1675272927.769318386] [Robot]: not ready
[32menvironment_1  |[0m [INFO] [1675272927.773943656] [Environment]: Receiving message: a_navto,robot1,Room1
[32menvironment_1  |[0m [INFO] [1675272927.775305908] [Environment]: Action: a_navto
[36marm_1          |[0m [INFO] [1675272927.775227519] [Arm]: success
[32menvironment_1  |[0m [INFO] [1675272927.780236172] [Environment]: Responding
[34mplanner_1      |[0m [INFO] [1675272927.762506295] [Planner]: a_close_drawer,robot1
[34mplanner_1      |[0m [INFO] [1675272927.775681420] [Planner]: Sending response
[35mnurse_1        |[0m [INFO] [1675272927.774909543] [Nurse]: not ready
[35mnurse_1        |[0m [INFO] [1675272927.786445654] [Nurse]: Action result: False
[35mnurse_1        |[0m [INFO] [1675272927.787381314] [Nurse]: Action: a_authenticate_nurse
[35mnurse_1        |[0m [INFO] [1675272927.788339346] [Nurse]: Doing a_authenticate_nurse
[33mcoordinator_1  |[0m [INFO] [1675272927.793427163] [Coordinator]: Plan received for: robot1, nurse1, arm1 
[33mcoordinator_1  |[0m [INFO] [1675272927.796428813] [Coordinator]: a_navto,robot1,Room1/a_approach_nurse,robot1/a_authenticate_nurse,robot1,nurse1/a_open_drawer,robot1/a_deposit,nurse1,robot1/a_close_drawer,robot1/a_open_door,nurse1,Room3/a_navto,robot1,Room3/a_approach_arm,robot1,arm1/a_open_drawer,robot1/a_pick_up_sample,arm1,robot1/a_close_drawer,robot1
[36marm_1          |[0m [INFO] [1675272927.777296779] [Arm]: Action result: True
[36marm_1          |[0m [INFO] [1675272927.779736410] [Arm]: Action: a_pick_up_sample
[36marm_1          |[0m [INFO] [1675272927.799788455] [Arm]: Doing a_pick_up_sample
[36;1mrobot_1        |[0m [INFO] [1675272927.790043699] [Robot]: success
[36;1mrobot_1        |[0m [INFO] [1675272927.790833265] [Robot]: Action result: True
[36marm_1          |[0m [INFO] [1675272927.814219497] [Arm]: not ready
[36marm_1          |[0m [INFO] [1675272927.816060387] [Arm]: Action result: False
[36marm_1          |[0m [INFO] [1675272927.817787688] [Arm]: Action: a_pick_up_sample
[36marm_1          |[0m [INFO] [1675272927.819829222] [Arm]: Doing a_pick_up_sample
[33mcoordinator_1  |[0m [INFO] [1675272927.813098963] [Coordinator]: Receiving sync message: action_complete,a_navto
[35mnurse_1        |[0m [INFO] [1675272927.818631664] [Nurse]: not ready
[36;1mrobot_1        |[0m [INFO] [1675272927.809146823] [Robot]: Receiving sync message. a_pick_up_sample,arm1,robot1
[36;1mrobot_1        |[0m [INFO] [1675272927.810947432] [Robot]: not ready
[33mcoordinator_1  |[0m [INFO] [1675272927.828943432] [Coordinator]: a_navto,robot1,Room1
[35mnurse_1        |[0m [INFO] [1675272927.828106790] [Nurse]: Action result: False
[35mnurse_1        |[0m [INFO] [1675272927.829046500] [Nurse]: Action: a_authenticate_nurse
[35mnurse_1        |[0m [INFO] [1675272927.830347350] [Nurse]: Doing a_authenticate_nurse
[36;1mrobot_1        |[0m [INFO] [1675272927.813624642] [Robot]: Receiving sync message. a_authenticate_nurse,robot1,nurse1
[36;1mrobot_1        |[0m [INFO] [1675272927.815031859] [Robot]: not ready
[36;1mrobot_1        |[0m [INFO] [1675272927.832113713] [Robot]: Receiving sync message. a_authenticate_nurse,robot1,nurse1
[36;1mrobot_1        |[0m [INFO] [1675272927.844520272] [Robot]: not ready
[36;1mrobot_1        |[0m [INFO] [1675272927.846942755] [Robot]: Receiving sync message. a_pick_up_sample,arm1,robot1
[35mnurse_1        |[0m [INFO] [1675272927.848373465] [Nurse]: not ready
[33mcoordinator_1  |[0m [INFO] [1675272927.848350599] [Coordinator]: a_approach_nurse,robot1
[35mnurse_1        |[0m [INFO] [1675272927.849616591] [Nurse]: Action result: False
[35mnurse_1        |[0m [INFO] [1675272927.850414422] [Nurse]: Action: a_authenticate_nurse
[35mnurse_1        |[0m [INFO] [1675272927.851077075] [Nurse]: Doing a_authenticate_nurse
[33mcoordinator_1  |[0m [INFO] [1675272927.851075724] [Coordinator]: a_authenticate_nurse,robot1,nurse1
[33mcoordinator_1  |[0m [INFO] [1675272927.867060751] [Coordinator]: action_complete
[33mcoordinator_1  |[0m [INFO] [1675272927.880380142] [Coordinator]: a_open_drawer,robot1
[33mcoordinator_1  |[0m [INFO] [1675272927.881983114] [Coordinator]: a_deposit,nurse1,robot1
[36;1mrobot_1        |[0m [INFO] [1675272927.862390492] [Robot]: not ready
[36;1mrobot_1        |[0m [INFO] [1675272927.865904728] [Robot]: Receiving sync message. a_authenticate_nurse,robot1,nurse1
[36;1mrobot_1        |[0m [INFO] [1675272927.885355948] [Robot]: not ready
[36marm_1          |[0m [INFO] [1675272927.868174390] [Arm]: not ready
[36marm_1          |[0m [INFO] [1675272927.869859783] [Arm]: Action result: False
[36marm_1          |[0m [INFO] [1675272927.871723912] [Arm]: Action: a_pick_up_sample
[36marm_1          |[0m [INFO] [1675272927.883902412] [Arm]: Doing a_pick_up_sample
[33mcoordinator_1  |[0m [INFO] [1675272927.887402553] [Coordinator]: plans_actions_current 1 of 11
[36;1mrobot_1        |[0m [INFO] [1675272927.888214359] [Robot]: Receiving sync message. a_pick_up_sample,arm1,robot1
[35mnurse_1        |[0m [INFO] [1675272927.902362349] [Nurse]: not ready
[33mcoordinator_1  |[0m [INFO] [1675272927.901680291] [Coordinator]: a_close_drawer,robot1
[33mcoordinator_1  |[0m [INFO] [1675272927.910672512] [Coordinator]: a_open_door,nurse1,Room3
[33mcoordinator_1  |[0m [INFO] [1675272927.912144185] [Coordinator]: a_navto,robot1,Room3
[33mcoordinator_1  |[0m [INFO] [1675272927.913546964] [Coordinator]: a_approach_arm,robot1,arm1
[36marm_1          |[0m [INFO] [1675272927.917201655] [Arm]: not ready
[36marm_1          |[0m [INFO] [1675272927.918188452] [Arm]: Action result: False
[36marm_1          |[0m [INFO] [1675272927.919160579] [Arm]: Action: a_pick_up_sample
[36marm_1          |[0m [INFO] [1675272927.920062128] [Arm]: Doing a_pick_up_sample
[35mnurse_1        |[0m [INFO] [1675272927.917398871] [Nurse]: Action result: False
[35mnurse_1        |[0m [INFO] [1675272927.918959848] [Nurse]: Action: a_authenticate_nurse
[36;1mrobot_1        |[0m [INFO] [1675272927.914459598] [Robot]: not ready
[36;1mrobot_1        |[0m [INFO] [1675272927.918385835] [Robot]: Action: a_approach_nurse
[36;1mrobot_1        |[0m [INFO] [1675272927.920500117] [Robot]: Doing a_approach_nurse
[33mcoordinator_1  |[0m [INFO] [1675272927.927426219] [Coordinator]: a_open_drawer,robot1
[33mcoordinator_1  |[0m [INFO] [1675272927.928685759] [Coordinator]: a_pick_up_sample,arm1,robot1
[35mnurse_1        |[0m [INFO] [1675272927.965515148] [Nurse]: Receiving message.
[35mnurse_1        |[0m [INFO] [1675272927.967320984] [Nurse]: Nurse's actions:
[36marm_1          |[0m [INFO] [1675272927.947824934] [Arm]: Receiving message.
[36marm_1          |[0m [INFO] [1675272927.948632539] [Arm]: Arm's actions:
[36marm_1          |[0m [INFO] [1675272927.949323181] [Arm]: a_approach_arm
[36marm_1          |[0m [INFO] [1675272927.949991175] [Arm]: a_pick_up_sample
[32menvironment_1  |[0m [INFO] [1675272927.934129222] [Environment]: Receiving message: a_approach_nurse,robot1
[36;1mrobot_1        |[0m [INFO] [1675272927.931467511] [Robot]: Receiving sync message. a_pick_up_sample,arm1,robot1
[36;1mrobot_1        |[0m [INFO] [1675272927.947934258] [Robot]: not ready
[36;1mrobot_1        |[0m [INFO] [1675272927.950458475] [Robot]: Receiving message.
[36;1mrobot_1        |[0m [INFO] [1675272927.962909770] [Robot]: Robot's actions:
[36;1mrobot_1        |[0m [INFO] [1675272927.963778793] [Robot]: a_navto
[36;1mrobot_1        |[0m [INFO] [1675272927.964476002] [Robot]: a_approach_nurse
[36;1mrobot_1        |[0m [INFO] [1675272927.965147645] [Robot]: a_authenticate_nurse
[36;1mrobot_1        |[0m [INFO] [1675272927.966045274] [Robot]: a_open_drawer
[33mcoordinator_1  |[0m [INFO] [1675272927.929959535] [Coordinator]: a_close_drawer,robot1
[33mcoordinator_1  |[0m [INFO] [1675272927.944562712] [Coordinator]: Sending plans
[33mcoordinator_1  |[0m [INFO] [1675272927.948264465] [Coordinator]: Plans sent
[32menvironment_1  |[0m [INFO] [1675272927.966619679] [Environment]: Action: a_approach_nurse
[32menvironment_1  |[0m [INFO] [1675272927.968217353] [Environment]: Responding
[36;1mrobot_1        |[0m [INFO] [1675272927.978692832] [Robot]: a_deposit
[36;1mrobot_1        |[0m [INFO] [1675272927.979527783] [Robot]: a_close_drawer
[36;1mrobot_1        |[0m [INFO] [1675272927.980268759] [Robot]: a_navto
[36;1mrobot_1        |[0m [INFO] [1675272927.981010671] [Robot]: a_approach_arm
[36;1mrobot_1        |[0m [INFO] [1675272927.981671775] [Robot]: a_open_drawer
[36;1mrobot_1        |[0m [INFO] [1675272927.982297706] [Robot]: a_pick_up_sample
[36;1mrobot_1        |[0m [INFO] [1675272927.982911805] [Robot]: a_close_drawer
[36marm_1          |[0m [INFO] [1675272927.982236034] [Arm]: not ready
[36marm_1          |[0m [INFO] [1675272927.983843603] [Arm]: Action result: False
[32menvironment_1  |[0m [INFO] [1675272927.998685741] [Environment]: Receiving message: monitor
[32menvironment_1  |[0m [INFO] [1675272928.000656300] [Environment]: Action: monitor
[35mnurse_1        |[0m [INFO] [1675272927.996481229] [Nurse]: Doing a_authenticate_nurse
[35mnurse_1        |[0m [INFO] [1675272927.997448260] [Nurse]: a_authenticate_nurse
[35mnurse_1        |[0m [INFO] [1675272927.998339673] [Nurse]: a_deposit
[35mnurse_1        |[0m [INFO] [1675272927.999037089] [Nurse]: a_open_door
[36marm_1          |[0m [INFO] [1675272928.011201226] [Arm]: Action: a_approach_arm
[35mnurse_1        |[0m [INFO] [1675272928.015149536] [Nurse]: not ready
[36;1mrobot_1        |[0m [INFO] [1675272927.999498346] [Robot]: success
[36;1mrobot_1        |[0m [INFO] [1675272928.010729113] [Robot]: Receiving sync message. a_authenticate_nurse,robot1,nurse1
[36;1mrobot_1        |[0m [INFO] [1675272928.011893736] [Robot]: not ready
[36;1mrobot_1        |[0m [INFO] [1675272928.013849145] [Robot]: Action result: True
[33mcoordinator_1  |[0m [INFO] [1675272928.018010106] [Coordinator]: Receiving sync message: action_complete,a_approach_nurse
[33mcoordinator_1  |[0m [INFO] [1675272928.028807663] [Coordinator]: action_complete
[36marm_1          |[0m [INFO] [1675272928.027618462] [Arm]: Doing a_approach_arm
[33mcoordinator_1  |[0m [INFO] [1675272928.031292307] [Coordinator]: plans_actions_current 1 of 11
[35mnurse_1        |[0m [INFO] [1675272928.029403913] [Nurse]: Action result: False
[35mnurse_1        |[0m [INFO] [1675272928.030213498] [Nurse]: Action: a_authenticate_nurse
[35mnurse_1        |[0m [INFO] [1675272928.030973651] [Nurse]: Doing a_authenticate_nurse
[36;1mrobot_1        |[0m [INFO] [1675272928.034122530] [Robot]: Receiving sync message. a_authenticate_nurse,robot1,nurse1
[36;1mrobot_1        |[0m [INFO] [1675272928.044257211] [Robot]: not ready
[32menvironment_1  |[0m [INFO] [1675272928.046568935] [Environment]: Receiving message: a_approach_arm,robot1,arm1
[32menvironment_1  |[0m [INFO] [1675272928.048730191] [Environment]: Action: a_approach_arm
[33mcoordinator_1  |[0m [INFO] [1675272928.045442550] [Coordinator]: Found a problem
[35mnurse_1        |[0m [INFO] [1675272928.048816208] [Nurse]: not ready
[35mnurse_1        |[0m [INFO] [1675272928.060878671] [Nurse]: Action result: False
[35mnurse_1        |[0m [INFO] [1675272928.063183643] [Nurse]: Action: a_authenticate_nurse
[36;1mrobot_1        |[0m [INFO] [1675272928.047847134] [Robot]: Action: a_navto
[36;1mrobot_1        |[0m [INFO] [1675272928.060525590] [Robot]: Doing a_navto
[35mnurse_1        |[0m [INFO] [1675272928.075982980] [Nurse]: Doing a_authenticate_nurse
[36;1mrobot_1        |[0m [INFO] [1675272928.079374821] [Robot]: Receiving sync message. a_authenticate_nurse,robot1,nurse1
[36;1mrobot_1        |[0m [INFO] [1675272928.092447115] [Robot]: not ready
[32menvironment_1  |[0m [INFO] [1675272928.093324904] [Environment]: Responding
[36marm_1          |[0m [INFO] [1675272928.097402873] [Arm]: success
[36marm_1          |[0m [INFO] [1675272928.099960623] [Arm]: Action result: True
[35mnurse_1        |[0m [INFO] [1675272928.098610452] [Nurse]: not ready
[36marm_1          |[0m [INFO] [1675272928.113916691] [Arm]: Action: a_pick_up_sample
[35mnurse_1        |[0m [INFO] [1675272928.110112582] [Nurse]: Action result: False
[35mnurse_1        |[0m [INFO] [1675272928.112071252] [Nurse]: Action: a_authenticate_nurse
[36marm_1          |[0m [INFO] [1675272928.115709673] [Arm]: Doing a_pick_up_sample
[36;1mrobot_1        |[0m [INFO] [1675272928.117740900] [Robot]: Receiving sync message. a_pick_up_sample,arm1,robot1
[35mnurse_1        |[0m [INFO] [1675272928.114062148] [Nurse]: Doing a_authenticate_nurse
[36;1mrobot_1        |[0m [INFO] [1675272928.131233802] [Robot]: not ready
[36;1mrobot_1        |[0m [INFO] [1675272928.133099981] [Robot]: Receiving sync message. a_authenticate_nurse,robot1,nurse1
[36marm_1          |[0m [INFO] [1675272928.135640430] [Arm]: not ready
[36;1mrobot_1        |[0m [INFO] [1675272928.146584598] [Robot]: not ready
[35mnurse_1        |[0m [INFO] [1675272928.150373060] [Nurse]: not ready
[36marm_1          |[0m [INFO] [1675272928.138227069] [Arm]: Action result: False
[36marm_1          |[0m [INFO] [1675272928.152359571] [Arm]: Action: a_pick_up_sample
[36marm_1          |[0m [INFO] [1675272928.154458199] [Arm]: Doing a_pick_up_sample
[35mnurse_1        |[0m [INFO] [1675272928.161605880] [Nurse]: Action result: False
[35mnurse_1        |[0m [INFO] [1675272928.162657299] [Nurse]: Action: a_authenticate_nurse
[35mnurse_1        |[0m [INFO] [1675272928.163617573] [Nurse]: Doing a_authenticate_nurse
[36;1mrobot_1        |[0m [INFO] [1675272928.176528843] [Robot]: Receiving sync message. a_authenticate_nurse,robot1,nurse1
[35mnurse_1        |[0m [INFO] [1675272928.183392954] [Nurse]: not ready
[36;1mrobot_1        |[0m [INFO] [1675272928.177720994] [Robot]: not ready
[36;1mrobot_1        |[0m [INFO] [1675272928.179568726] [Robot]: Receiving sync message. a_pick_up_sample,arm1,robot1
[35mnurse_1        |[0m [INFO] [1675272928.185980920] [Nurse]: Action result: False
[36;1mrobot_1        |[0m [INFO] [1675272928.180468529] [Robot]: not ready
[36marm_1          |[0m [INFO] [1675272928.196996844] [Arm]: not ready
[35mnurse_1        |[0m [INFO] [1675272928.198879796] [Nurse]: Action: a_authenticate_nurse
[35mnurse_1        |[0m [INFO] [1675272928.199818413] [Nurse]: Doing a_authenticate_nurse
[36marm_1          |[0m [INFO] [1675272928.199259988] [Arm]: Action result: False
[32menvironment_1  |[0m [INFO] [1675272928.201303173] [Environment]: Receiving message: monitor
[32menvironment_1  |[0m [INFO] [1675272928.203312689] [Environment]: Action: monitor
[36marm_1          |[0m [INFO] [1675272928.210950871] [Arm]: Action: a_pick_up_sample
[36marm_1          |[0m [INFO] [1675272928.212125980] [Arm]: Doing a_pick_up_sample
[36;1mrobot_1        |[0m [INFO] [1675272928.211550801] [Robot]: Receiving sync message. a_authenticate_nurse,robot1,nurse1
[32menvironment_1  |[0m [INFO] [1675272928.222582544] [Environment]: Receiving message: a_navto,robot1,Room1
[32menvironment_1  |[0m [INFO] [1675272928.223684714] [Environment]: Action: a_navto
[32menvironment_1  |[0m [INFO] [1675272928.224807842] [Environment]: Responding
[36;1mrobot_1        |[0m [INFO] [1675272928.224907403] [Robot]: not ready
[36;1mrobot_1        |[0m [INFO] [1675272928.228370077] [Robot]: Receiving sync message. a_pick_up_sample,arm1,robot1
[36;1mrobot_1        |[0m [INFO] [1675272928.241874864] [Robot]: not ready
[35mnurse_1        |[0m [INFO] [1675272928.231506732] [Nurse]: not ready
[35mnurse_1        |[0m [INFO] [1675272928.233711792] [Nurse]: Action result: False
[35mnurse_1        |[0m [INFO] [1675272928.235860317] [Nurse]: Action: a_authenticate_nurse
[35mnurse_1        |[0m [INFO] [1675272928.248705036] [Nurse]: Doing a_authenticate_nurse
[36;1mrobot_1        |[0m [INFO] [1675272928.253763103] [Robot]: success
[36;1mrobot_1        |[0m [INFO] [1675272928.254757604] [Robot]: Action result: True
[33mcoordinator_1  |[0m [INFO] [1675272928.259074145] [Coordinator]: Found a problem
[35mnurse_1        |[0m [INFO] [1675272928.265368760] [Nurse]: not ready
[36;1mrobot_1        |[0m [INFO] [1675272928.260105045] [Robot]: Receiving sync message. a_authenticate_nurse,robot1,nurse1
[36;1mrobot_1        |[0m [INFO] [1675272928.262375099] [Robot]: not ready
[36marm_1          |[0m [INFO] [1675272928.277243328] [Arm]: not ready
[36;1mrobot_1        |[0m [INFO] [1675272928.291948033] [Robot]: Receiving sync message. a_authenticate_nurse,robot1,nurse1
[36;1mrobot_1        |[0m [INFO] [1675272928.293945862] [Robot]: not ready
[35mnurse_1        |[0m [INFO] [1675272928.282141365] [Nurse]: Action result: False
[35mnurse_1        |[0m [INFO] [1675272928.283060954] [Nurse]: Action: a_authenticate_nurse
[35mnurse_1        |[0m [INFO] [1675272928.283905698] [Nurse]: Doing a_authenticate_nurse
[36marm_1          |[0m [INFO] [1675272928.311527636] [Arm]: Action result: False
[36marm_1          |[0m [INFO] [1675272928.312633553] [Arm]: Action: a_pick_up_sample
[36;1mrobot_1        |[0m [INFO] [1675272928.310809564] [Robot]: Action: a_approach_nurse
[36;1mrobot_1        |[0m [INFO] [1675272928.312654959] [Robot]: Doing a_approach_nurse
[36;1mrobot_1        |[0m [INFO] [1675272928.320081546] [Robot]: Receiving sync message. a_authenticate_nurse,robot1,nurse1
[36;1mrobot_1        |[0m [INFO] [1675272928.321009284] [Robot]: not ready
[33mcoordinator_1  |[0m [INFO] [1675272928.294891535] [Coordinator]: Receiving sync message: action_complete,a_navto
[33mcoordinator_1  |[0m [INFO] [1675272928.295841398] [Coordinator]: action_complete
[33mcoordinator_1  |[0m [INFO] [1675272928.296625416] [Coordinator]: plans_actions_current 2 of 11
[36;1mrobot_1        |[0m [INFO] [1675272928.330313822] [Robot]: Receiving sync message. a_pick_up_sample,arm1,robot1
[36;1mrobot_1        |[0m [INFO] [1675272928.332204350] [Robot]: not ready
[36marm_1          |[0m [INFO] [1675272928.326621074] [Arm]: Doing a_pick_up_sample
[35mnurse_1        |[0m [INFO] [1675272928.300926217] [Nurse]: not ready
[35mnurse_1        |[0m [INFO] [1675272928.302758580] [Nurse]: Action result: False
[35mnurse_1        |[0m [INFO] [1675272928.315243182] [Nurse]: Action: a_authenticate_nurse
[35mnurse_1        |[0m [INFO] [1675272928.317866759] [Nurse]: Doing a_authenticate_nurse
[36marm_1          |[0m [INFO] [1675272928.348770643] [Arm]: not ready
[36marm_1          |[0m [INFO] [1675272928.349776768] [Arm]: Action result: False
[36marm_1          |[0m [INFO] [1675272928.350761301] [Arm]: Action: a_pick_up_sample
[35mnurse_1        |[0m [INFO] [1675272928.341172880] [Nurse]: not ready
[35mnurse_1        |[0m [INFO] [1675272928.343228623] [Nurse]: Action result: False
[36marm_1          |[0m [INFO] [1675272928.364877982] [Arm]: Doing a_pick_up_sample
[35mnurse_1        |[0m [INFO] [1675272928.354659155] [Nurse]: Action: a_authenticate_nurse
[35mnurse_1        |[0m [INFO] [1675272928.355524568] [Nurse]: Doing a_authenticate_nurse
[36;1mrobot_1        |[0m [INFO] [1675272928.360217541] [Robot]: Receiving sync message. a_authenticate_nurse,robot1,nurse1
[36;1mrobot_1        |[0m [INFO] [1675272928.361245422] [Robot]: not ready
[35mnurse_1        |[0m [INFO] [1675272928.373291810] [Nurse]: not ready
[35mnurse_1        |[0m [INFO] [1675272928.381849175] [Nurse]: Action result: False
[35mnurse_1        |[0m [INFO] [1675272928.383052435] [Nurse]: Action: a_authenticate_nurse
[35mnurse_1        |[0m [INFO] [1675272928.384196408] [Nurse]: Doing a_authenticate_nurse
[36;1mrobot_1        |[0m [INFO] [1675272928.392987352] [Robot]: Receiving sync message. a_pick_up_sample,arm1,robot1
[36;1mrobot_1        |[0m [INFO] [1675272928.393983698] [Robot]: not ready
[36marm_1          |[0m [INFO] [1675272928.400997384] [Arm]: not ready
[36marm_1          |[0m [INFO] [1675272928.403232076] [Arm]: Action result: False
[36;1mrobot_1        |[0m [INFO] [1675272928.402668617] [Robot]: Receiving sync message. a_authenticate_nurse,robot1,nurse1
[36;1mrobot_1        |[0m [INFO] [1675272928.404698754] [Robot]: not ready
[36marm_1          |[0m [INFO] [1675272928.411026258] [Arm]: Action: a_pick_up_sample
[36marm_1          |[0m [INFO] [1675272928.412088234] [Arm]: Doing a_pick_up_sample
[36;1mrobot_1        |[0m [INFO] [1675272928.426944403] [Robot]: Receiving sync message. a_pick_up_sample,arm1,robot1
[36;1mrobot_1        |[0m [INFO] [1675272928.427882634] [Robot]: not ready
[36;1mrobot_1        |[0m [INFO] [1675272928.429506192] [Robot]: Receiving sync message. a_authenticate_nurse,robot1,nurse1
[36;1mrobot_1        |[0m [INFO] [1675272928.430434408] [Robot]: not ready
[35mnurse_1        |[0m [INFO] [1675272928.415451056] [Nurse]: not ready
[35mnurse_1        |[0m [INFO] [1675272928.416435677] [Nurse]: Action result: False
[35mnurse_1        |[0m [INFO] [1675272928.417393401] [Nurse]: Action: a_authenticate_nurse
[35mnurse_1        |[0m [INFO] [1675272928.418252450] [Nurse]: Doing a_authenticate_nurse
[32menvironment_1  |[0m [INFO] [1675272928.435979767] [Environment]: Receiving message: monitor
[32menvironment_1  |[0m [INFO] [1675272928.436993465] [Environment]: Action: monitor
[33mcoordinator_1  |[0m [INFO] [1675272928.441599763] [Coordinator]: Found a problem
[32menvironment_1  |[0m [INFO] [1675272928.446487584] [Environment]: Receiving message: a_approach_nurse,robot1
[32menvironment_1  |[0m [INFO] [1675272928.448451032] [Environment]: Action: a_approach_nurse
[32menvironment_1  |[0m [INFO] [1675272928.450223207] [Environment]: Responding
[35mnurse_1        |[0m [INFO] [1675272928.441354271] [Nurse]: not ready
[35mnurse_1        |[0m [INFO] [1675272928.443703303] [Nurse]: Action result: False
[35mnurse_1        |[0m [INFO] [1675272928.450030470] [Nurse]: Action: a_authenticate_nurse
[35mnurse_1        |[0m [INFO] [1675272928.451881499] [Nurse]: Doing a_authenticate_nurse
[36marm_1          |[0m [INFO] [1675272928.443677814] [Arm]: not ready
[36;1mrobot_1        |[0m [INFO] [1675272928.454518562] [Robot]: Receiving sync message. a_authenticate_nurse,robot1,nurse1
[36;1mrobot_1        |[0m [INFO] [1675272928.455429950] [Robot]: not ready
[36marm_1          |[0m [INFO] [1675272928.445921560] [Arm]: Action result: False
[36marm_1          |[0m [INFO] [1675272928.458316992] [Arm]: Action: a_pick_up_sample
[36marm_1          |[0m [INFO] [1675272928.459160346] [Arm]: Doing a_pick_up_sample
[35mnurse_1        |[0m [INFO] [1675272928.470094275] [Nurse]: not ready
[36;1mrobot_1        |[0m [INFO] [1675272928.472786725] [Robot]: Receiving sync message. a_pick_up_sample,arm1,robot1
[33mcoordinator_1  |[0m [INFO] [1675272928.479349893] [Coordinator]: Receiving sync message: action_complete,a_approach_nurse
[32menvironment_1  |[0m [INFO] [1675272928.478274885] [Environment]: Receiving message: monitor
[32menvironment_1  |[0m [INFO] [1675272928.479211238] [Environment]: Action: monitor
[36;1mrobot_1        |[0m [INFO] [1675272928.473830723] [Robot]: not ready
[35mnurse_1        |[0m [INFO] [1675272928.473396181] [Nurse]: Action result: False
[35mnurse_1        |[0m [INFO] [1675272928.476149984] [Nurse]: Action: a_authenticate_nurse
[36;1mrobot_1        |[0m [INFO] [1675272928.475505780] [Robot]: success
[36;1mrobot_1        |[0m [INFO] [1675272928.476479878] [Robot]: Action result: True
[35mnurse_1        |[0m [INFO] [1675272928.482169468] [Nurse]: Doing a_authenticate_nurse
[36marm_1          |[0m [INFO] [1675272928.484102923] [Arm]: not ready
[36marm_1          |[0m [INFO] [1675272928.487670808] [Arm]: Action result: False
[36;1mrobot_1        |[0m [INFO] [1675272928.511973770] [Robot]: Receiving sync message. a_authenticate_nurse,robot1,nurse1
[36;1mrobot_1        |[0m [INFO] [1675272928.513810095] [Robot]: not ready
[36marm_1          |[0m [INFO] [1675272928.509266993] [Arm]: Action: a_pick_up_sample
[36marm_1          |[0m [INFO] [1675272928.510139909] [Arm]: Doing a_pick_up_sample
[36;1mrobot_1        |[0m [INFO] [1675272928.517626254] [Robot]: Receiving sync message. a_pick_up_sample,arm1,robot1
[33mcoordinator_1  |[0m [INFO] [1675272928.511502202] [Coordinator]: action_complete
[33mcoordinator_1  |[0m [INFO] [1675272928.512376062] [Coordinator]: plans_actions_current 3 of 11
[33mcoordinator_1  |[0m [INFO] [1675272928.514974044] [Coordinator]: Found a problem
[36;1mrobot_1        |[0m [INFO] [1675272928.529642524] [Robot]: not ready
[36;1mrobot_1        |[0m [INFO] [1675272928.531492043] [Robot]: Action: a_authenticate_nurse
[36;1mrobot_1        |[0m [INFO] [1675272928.532243978] [Robot]: Doing a_authenticate_nurse
[36;1mrobot_1        |[0m [INFO] [1675272928.532936457] [Robot]: wating for nurse1 to authenticate to robot1
[36;1mrobot_1        |[0m [INFO] [1675272928.533698274] [Robot]: Action result: False
[36;1mrobot_1        |[0m [INFO] [1675272928.534426666] [Robot]: Action: a_authenticate_nurse
[36;1mrobot_1        |[0m [INFO] [1675272928.535656761] [Robot]: Doing a_authenticate_nurse
[36;1mrobot_1        |[0m [INFO] [1675272928.536961305] [Robot]: wating for nurse1 to authenticate to robot1
[36;1mrobot_1        |[0m [INFO] [1675272928.537866369] [Robot]: Action result: False
[36;1mrobot_1        |[0m [INFO] [1675272928.538864818] [Robot]: Action: a_authenticate_nurse
[32menvironment_1  |[0m [INFO] [1675272928.530301885] [Environment]: Receiving message: monitor
[35mnurse_1        |[0m [INFO] [1675272928.518078215] [Nurse]: not ready
[35mnurse_1        |[0m [INFO] [1675272928.519700813] [Nurse]: Action result: False
[35mnurse_1        |[0m [INFO] [1675272928.521996835] [Nurse]: Action: a_authenticate_nurse
[35mnurse_1        |[0m [INFO] [1675272928.523602382] [Nurse]: Doing a_authenticate_nurse
[33mcoordinator_1  |[0m [INFO] [1675272928.566607944] [Coordinator]: Receiving sync message: action_complete,a_authenticate_nurse
[35mnurse_1        |[0m [INFO] [1675272928.568637773] [Nurse]: success
[35mnurse_1        |[0m [INFO] [1675272928.570416417] [Nurse]: Action result: True
[36;1mrobot_1        |[0m [INFO] [1675272928.547770637] [Robot]: Receiving sync message. a_authenticate_nurse,robot1,nurse1
[35mnurse_1        |[0m [INFO] [1675272928.572405160] [Nurse]: Action: a_deposit
[33mcoordinator_1  |[0m [INFO] [1675272928.568433309] [Coordinator]: action_complete
[36;1mrobot_1        |[0m [INFO] [1675272928.548672647] [Robot]: Authenticate nurse
[36;1mrobot_1        |[0m [INFO] [1675272928.549921716] [Robot]: Doing a_authenticate_nurse
[36;1mrobot_1        |[0m [INFO] [1675272928.550655715] [Robot]: Action result: True
[36marm_1          |[0m [INFO] [1675272928.568933142] [Arm]: not ready
[36marm_1          |[0m [INFO] [1675272928.569688439] [Arm]: Action result: False
[36marm_1          |[0m [INFO] [1675272928.570453428] [Arm]: Action: a_pick_up_sample
[36marm_1          |[0m [INFO] [1675272928.571134058] [Arm]: Doing a_pick_up_sample
[32menvironment_1  |[0m [INFO] [1675272928.552976814] [Environment]: Action: monitor
[36;1mrobot_1        |[0m [INFO] [1675272928.587087468] [Robot]: Receiving sync message. a_pick_up_sample,arm1,robot1
[36;1mrobot_1        |[0m [INFO] [1675272928.588859379] [Robot]: not ready
[35mnurse_1        |[0m [INFO] [1675272928.574467683] [Nurse]: Doing a_deposit
[33mcoordinator_1  |[0m [INFO] [1675272928.587190109] [Coordinator]: plans_actions_current 4 of 11
[33mcoordinator_1  |[0m [INFO] [1675272928.589630712] [Coordinator]: Found a problem
[36marm_1          |[0m [INFO] [1675272928.600445710] [Arm]: not ready
[36;1mrobot_1        |[0m [INFO] [1675272928.601746661] [Robot]: Receiving sync message. a_deposit,nurse1,robot1
[36marm_1          |[0m [INFO] [1675272928.601655847] [Arm]: Action result: False
[36;1mrobot_1        |[0m [INFO] [1675272928.603370102] [Robot]: not ready
[36marm_1          |[0m [INFO] [1675272928.602494016] [Arm]: Action: a_pick_up_sample
[36marm_1          |[0m [INFO] [1675272928.603131641] [Arm]: Doing a_pick_up_sample
[35mnurse_1        |[0m [INFO] [1675272928.610711142] [Nurse]: not ready
[35mnurse_1        |[0m [INFO] [1675272928.611591756] [Nurse]: Action result: False
[35mnurse_1        |[0m [INFO] [1675272928.612525691] [Nurse]: Action: a_deposit
[35mnurse_1        |[0m [INFO] [1675272928.613493956] [Nurse]: Doing a_deposit
[36;1mrobot_1        |[0m [INFO] [1675272928.617169496] [Robot]: Action: a_open_drawer
[36;1mrobot_1        |[0m [INFO] [1675272928.618403556] [Robot]: Doing a_open_drawer
[36;1mrobot_1        |[0m [INFO] [1675272928.627371976] [Robot]: Receiving sync message. a_pick_up_sample,arm1,robot1
[36;1mrobot_1        |[0m [INFO] [1675272928.628710869] [Robot]: not ready
[36;1mrobot_1        |[0m [INFO] [1675272928.631009392] [Robot]: Receiving sync message. a_deposit,nurse1,robot1
[36;1mrobot_1        |[0m [INFO] [1675272928.631937214] [Robot]: not ready
[36marm_1          |[0m [INFO] [1675272928.633096121] [Arm]: not ready
[36;1mrobot_1        |[0m [INFO] [1675272928.633930768] [Robot]: success
[36marm_1          |[0m [INFO] [1675272928.643795640] [Arm]: Action result: False
[36;1mrobot_1        |[0m [INFO] [1675272928.635449174] [Robot]: Action result: True
[36marm_1          |[0m [INFO] [1675272928.649401836] [Arm]: Action: a_pick_up_sample
[35mnurse_1        |[0m [INFO] [1675272928.648186516] [Nurse]: not ready
[32menvironment_1  |[0m [INFO] [1675272928.648537986] [Environment]: Receiving message: monitor
[32menvironment_1  |[0m [INFO] [1675272928.649638292] [Environment]: Action: monitor
[33mcoordinator_1  |[0m [INFO] [1675272928.660473131] [Coordinator]: Receiving sync message: action_complete,a_open_drawer
[36;1mrobot_1        |[0m [INFO] [1675272928.672874139] [Robot]: Action: a_deposit
[36;1mrobot_1        |[0m [INFO] [1675272928.674829326] [Robot]: Doing a_deposit
[33mcoordinator_1  |[0m [INFO] [1675272928.661995914] [Coordinator]: action_complete
[33mcoordinator_1  |[0m [INFO] [1675272928.662755512] [Coordinator]: plans_actions_current 5 of 11
[33mcoordinator_1  |[0m [INFO] [1675272928.676655933] [Coordinator]: Found a problem
[36;1mrobot_1        |[0m [INFO] [1675272928.677117158] [Robot]: wating for nurse1 to deposit in robot1
[35mnurse_1        |[0m [INFO] [1675272928.678821929] [Nurse]: Action result: False
[36;1mrobot_1        |[0m [INFO] [1675272928.678837734] [Robot]: Action result: False
[35mnurse_1        |[0m [INFO] [1675272928.680303266] [Nurse]: Action: a_deposit
[35mnurse_1        |[0m [INFO] [1675272928.681124652] [Nurse]: Doing a_deposit
[36marm_1          |[0m [INFO] [1675272928.681806765] [Arm]: Doing a_pick_up_sample
[32menvironment_1  |[0m [INFO] [1675272928.703536228] [Environment]: Receiving message: monitor
[32menvironment_1  |[0m [INFO] [1675272928.704580548] [Environment]: Action: monitor
[33mcoordinator_1  |[0m [INFO] [1675272928.707374149] [Coordinator]: Receiving sync message: action_complete,a_deposit
[35mnurse_1        |[0m [INFO] [1675272928.696435694] [Nurse]: success
[35mnurse_1        |[0m [INFO] [1675272928.698107561] [Nurse]: Action result: True
[35mnurse_1        |[0m [INFO] [1675272928.699805069] [Nurse]: Action: a_open_door
[36;1mrobot_1        |[0m [INFO] [1675272928.684269008] [Robot]: Receiving sync message. a_deposit,nurse1,robot1
[36;1mrobot_1        |[0m [INFO] [1675272928.685198306] [Robot]: Deposit
[36;1mrobot_1        |[0m [INFO] [1675272928.686737870] [Robot]: Receiving sync message. a_pick_up_sample,arm1,robot1
[36;1mrobot_1        |[0m [INFO] [1675272928.687579355] [Robot]: not ready
[36;1mrobot_1        |[0m [INFO] [1675272928.700326076] [Robot]: Action: a_deposit
[36;1mrobot_1        |[0m [INFO] [1675272928.701995393] [Robot]: Doing a_deposit
[36;1mrobot_1        |[0m [INFO] [1675272928.703711653] [Robot]: Action result: True
[36marm_1          |[0m [INFO] [1675272928.711496932] [Arm]: not ready
[36marm_1          |[0m [INFO] [1675272928.712401233] [Arm]: Action result: False
[36marm_1          |[0m [INFO] [1675272928.713601645] [Arm]: Action: a_pick_up_sample
[36marm_1          |[0m [INFO] [1675272928.714391117] [Arm]: Doing a_pick_up_sample
[36marm_1          |[0m [INFO] [1675272928.727913611] [Arm]: not ready
[35mnurse_1        |[0m [INFO] [1675272928.715838698] [Nurse]: Doing a_open_door
[33mcoordinator_1  |[0m [INFO] [1675272928.716864757] [Coordinator]: action_complete
[33mcoordinator_1  |[0m [INFO] [1675272928.717817638] [Coordinator]: plans_actions_current 6 of 11
[36marm_1          |[0m [INFO] [1675272928.729930565] [Arm]: Action result: False
[36;1mrobot_1        |[0m [INFO] [1675272928.717980601] [Robot]: Receiving sync message. a_pick_up_sample,arm1,robot1
[36;1mrobot_1        |[0m [INFO] [1675272928.719834835] [Robot]: not ready
[33mcoordinator_1  |[0m [INFO] [1675272928.722702996] [Coordinator]: Found a problem
[36marm_1          |[0m [INFO] [1675272928.732443349] [Arm]: Action: a_pick_up_sample
[36marm_1          |[0m [INFO] [1675272928.733781818] [Arm]: Doing a_pick_up_sample
[36;1mrobot_1        |[0m [INFO] [1675272928.737689555] [Robot]: Action: a_close_drawer
[36;1mrobot_1        |[0m [INFO] [1675272928.738694551] [Robot]: Doing a_close_drawer
[36;1mrobot_1        |[0m [INFO] [1675272928.739614298] [Robot]: success
[32menvironment_1  |[0m [INFO] [1675272928.743928516] [Environment]: Receiving message: a_open_door,nurse1,Room3
[32menvironment_1  |[0m [INFO] [1675272928.759809311] [Environment]: Action: a_open_door
[32menvironment_1  |[0m [INFO] [1675272928.760868346] [Environment]: Responding
[36marm_1          |[0m [INFO] [1675272928.777003775] [Arm]: not ready
[36marm_1          |[0m [INFO] [1675272928.778249477] [Arm]: Action result: False
[36marm_1          |[0m [INFO] [1675272928.782746234] [Arm]: Action: a_pick_up_sample
[36marm_1          |[0m [INFO] [1675272928.783667523] [Arm]: Doing a_pick_up_sample
[36marm_1          |[0m [INFO] [1675272928.792957000] [Arm]: not ready
[36marm_1          |[0m [INFO] [1675272928.794134862] [Arm]: Action result: False
[33mcoordinator_1  |[0m [INFO] [1675272928.770121051] [Coordinator]: Receiving sync message: action_complete,a_close_drawer
[36;1mrobot_1        |[0m [INFO] [1675272928.756735412] [Robot]: Action result: True
[36;1mrobot_1        |[0m [INFO] [1675272928.768331411] [Robot]: Receiving sync message. a_pick_up_sample,arm1,robot1
[36;1mrobot_1        |[0m [INFO] [1675272928.773786722] [Robot]: not ready
[33mcoordinator_1  |[0m [INFO] [1675272928.779124991] [Coordinator]: action_complete
[33mcoordinator_1  |[0m [INFO] [1675272928.779963505] [Coordinator]: plans_actions_current 7 of 11
[36;1mrobot_1        |[0m [INFO] [1675272928.786272847] [Robot]: Receiving sync message. a_pick_up_sample,arm1,robot1
[36;1mrobot_1        |[0m [INFO] [1675272928.787101321] [Robot]: not ready
[35mnurse_1        |[0m [INFO] [1675272928.763820161] [Nurse]: success
[35mnurse_1        |[0m [INFO] [1675272928.795166446] [Nurse]: Action result: True
[36marm_1          |[0m [INFO] [1675272928.802278810] [Arm]: Action: a_pick_up_sample
[36marm_1          |[0m [INFO] [1675272928.805051355] [Arm]: Doing a_pick_up_sample
[36marm_1          |[0m [INFO] [1675272928.831404703] [Arm]: not ready
[32menvironment_1  |[0m [INFO] [1675272928.797641396] [Environment]: Receiving message: monitor
[36;1mrobot_1        |[0m [INFO] [1675272928.799852260] [Robot]: Action: a_navto
[36;1mrobot_1        |[0m [INFO] [1675272928.801398126] [Robot]: Doing a_navto
[36;1mrobot_1        |[0m [INFO] [1675272928.819684555] [Robot]: Receiving sync message. a_pick_up_sample,arm1,robot1
[36;1mrobot_1        |[0m [INFO] [1675272928.820537756] [Robot]: not ready
[36marm_1          |[0m [INFO] [1675272928.846550704] [Arm]: Action result: False
[36marm_1          |[0m [INFO] [1675272928.848508821] [Arm]: Action: a_pick_up_sample
[36marm_1          |[0m [INFO] [1675272928.850368387] [Arm]: Doing a_pick_up_sample
[32menvironment_1  |[0m [INFO] [1675272928.861924532] [Environment]: Action: monitor
[32menvironment_1  |[0m [INFO] [1675272928.864047914] [Environment]: Receiving message: a_navto,robot1,Room3
[36;1mrobot_1        |[0m [INFO] [1675272928.863607055] [Robot]: Receiving sync message. a_pick_up_sample,arm1,robot1
[32menvironment_1  |[0m [INFO] [1675272928.866239520] [Environment]: Action: a_navto
[36;1mrobot_1        |[0m [INFO] [1675272928.866487713] [Robot]: not ready
[36marm_1          |[0m [INFO] [1675272928.880878670] [Arm]: not ready
[36marm_1          |[0m [INFO] [1675272928.883513899] [Arm]: Action result: False
[36marm_1          |[0m [INFO] [1675272928.889705293] [Arm]: Action: a_pick_up_sample
[36marm_1          |[0m [INFO] [1675272928.890759574] [Arm]: Doing a_pick_up_sample
[36;1mrobot_1        |[0m [INFO] [1675272928.899966890] [Robot]: Receiving sync message. a_pick_up_sample,arm1,robot1
[36;1mrobot_1        |[0m [INFO] [1675272928.901214776] [Robot]: not ready
[36marm_1          |[0m [INFO] [1675272928.905400646] [Arm]: not ready
[36marm_1          |[0m [INFO] [1675272928.906393307] [Arm]: Action result: False
[36marm_1          |[0m [INFO] [1675272928.907228246] [Arm]: Action: a_pick_up_sample
[36;1mrobot_1        |[0m [INFO] [1675272928.931136906] [Robot]: success
[36;1mrobot_1        |[0m [INFO] [1675272928.932029321] [Robot]: Action result: True
[36marm_1          |[0m [INFO] [1675272928.909671352] [Arm]: Doing a_pick_up_sample
[32menvironment_1  |[0m [INFO] [1675272928.914333062] [Environment]: Responding
[32menvironment_1  |[0m [INFO] [1675272928.920654264] [Environment]: Receiving message: monitor
[32menvironment_1  |[0m [INFO] [1675272928.921667806] [Environment]: Action: monitor
[36;1mrobot_1        |[0m [INFO] [1675272928.952388736] [Robot]: Receiving sync message. a_pick_up_sample,arm1,robot1
[36;1mrobot_1        |[0m [INFO] [1675272928.953297784] [Robot]: not ready
[33mcoordinator_1  |[0m [INFO] [1675272928.936519832] [Coordinator]: Receiving sync message: action_complete,a_navto
[33mcoordinator_1  |[0m [INFO] [1675272928.937326481] [Coordinator]: action_complete
[33mcoordinator_1  |[0m [INFO] [1675272928.938007204] [Coordinator]: plans_actions_current 8 of 11
[36marm_1          |[0m [INFO] [1675272928.956287988] [Arm]: not ready
[36marm_1          |[0m [INFO] [1675272928.958455959] [Arm]: Action result: False
[36marm_1          |[0m [INFO] [1675272928.972117982] [Arm]: Action: a_pick_up_sample
[36marm_1          |[0m [INFO] [1675272928.973433018] [Arm]: Doing a_pick_up_sample
[36;1mrobot_1        |[0m [INFO] [1675272928.974247256] [Robot]: Action: a_approach_arm
[36;1mrobot_1        |[0m [INFO] [1675272928.976452602] [Robot]: Doing a_approach_arm
[36marm_1          |[0m [INFO] [1675272928.998832399] [Arm]: not ready
[36marm_1          |[0m [INFO] [1675272928.999885613] [Arm]: Action result: False
[36;1mrobot_1        |[0m [INFO] [1675272928.992493668] [Robot]: Receiving sync message. a_pick_up_sample,arm1,robot1
[36;1mrobot_1        |[0m [INFO] [1675272928.994463506] [Robot]: not ready
[36marm_1          |[0m [INFO] [1675272929.001237496] [Arm]: Action: a_pick_up_sample
[36marm_1          |[0m [INFO] [1675272929.010822976] [Arm]: Doing a_pick_up_sample
[36;1mrobot_1        |[0m [INFO] [1675272929.014432254] [Robot]: Receiving sync message. a_pick_up_sample,arm1,robot1
[32menvironment_1  |[0m [INFO] [1675272929.018419751] [Environment]: Receiving message: a_approach_arm,robot1,arm1
[32menvironment_1  |[0m [INFO] [1675272929.019447963] [Environment]: Action: a_approach_arm
[36;1mrobot_1        |[0m [INFO] [1675272929.022535952] [Robot]: not ready
[32menvironment_1  |[0m [INFO] [1675272929.020413044] [Environment]: Responding
[36marm_1          |[0m [INFO] [1675272929.041761506] [Arm]: not ready
[36marm_1          |[0m [INFO] [1675272929.042964008] [Arm]: Action result: False
[36marm_1          |[0m [INFO] [1675272929.044129918] [Arm]: Action: a_pick_up_sample
[36marm_1          |[0m [INFO] [1675272929.045172746] [Arm]: Doing a_pick_up_sample
[32menvironment_1  |[0m [INFO] [1675272929.030555654] [Environment]: Receiving message: monitor
[32menvironment_1  |[0m [INFO] [1675272929.032292586] [Environment]: Action: monitor
[36;1mrobot_1        |[0m [INFO] [1675272929.050804615] [Robot]: success
[36;1mrobot_1        |[0m [INFO] [1675272929.066266958] [Robot]: Action result: True
[36;1mrobot_1        |[0m [INFO] [1675272929.070233908] [Robot]: Receiving sync message. a_pick_up_sample,arm1,robot1
[33mcoordinator_1  |[0m [INFO] [1675272929.070393349] [Coordinator]: Receiving sync message: action_complete,a_approach_arm
[36;1mrobot_1        |[0m [INFO] [1675272929.072899533] [Robot]: not ready
[32menvironment_1  |[0m [INFO] [1675272929.077440818] [Environment]: Receiving message: monitor
[36marm_1          |[0m [INFO] [1675272929.079438114] [Arm]: not ready
[36marm_1          |[0m [INFO] [1675272929.080684471] [Arm]: Action result: False
[33mcoordinator_1  |[0m [INFO] [1675272929.082492844] [Coordinator]: action_complete
[36;1mrobot_1        |[0m [INFO] [1675272929.092351969] [Robot]: Action: a_open_drawer
[33mcoordinator_1  |[0m [INFO] [1675272929.083475106] [Coordinator]: plans_actions_current 9 of 11
[36marm_1          |[0m [INFO] [1675272929.094385321] [Arm]: Action: a_pick_up_sample
[36marm_1          |[0m [INFO] [1675272929.096568989] [Arm]: Doing a_pick_up_sample
[36;1mrobot_1        |[0m [INFO] [1675272929.094627046] [Robot]: Doing a_open_drawer
[36;1mrobot_1        |[0m [INFO] [1675272929.105850600] [Robot]: Receiving sync message. a_pick_up_sample,arm1,robot1
[36;1mrobot_1        |[0m [INFO] [1675272929.107233087] [Robot]: not ready
[36;1mrobot_1        |[0m [INFO] [1675272929.113774208] [Robot]: success
[36;1mrobot_1        |[0m [INFO] [1675272929.114916582] [Robot]: Action result: True
[33mcoordinator_1  |[0m [INFO] [1675272929.124676245] [Coordinator]: Receiving sync message: action_complete,a_open_drawer
[36marm_1          |[0m [INFO] [1675272929.117793408] [Arm]: not ready
[36marm_1          |[0m [INFO] [1675272929.120406389] [Arm]: Action result: False
[32menvironment_1  |[0m [INFO] [1675272929.130557224] [Environment]: Action: monitor
[36marm_1          |[0m [INFO] [1675272929.129833572] [Arm]: Action: a_pick_up_sample
[36marm_1          |[0m [INFO] [1675272929.131692087] [Arm]: Doing a_pick_up_sample
[33mcoordinator_1  |[0m [INFO] [1675272929.136941633] [Coordinator]: action_complete
[33mcoordinator_1  |[0m [INFO] [1675272929.139865844] [Coordinator]: plans_actions_current 10 of 11
[36;1mrobot_1        |[0m [INFO] [1675272929.145781584] [Robot]: Receiving sync message. a_pick_up_sample,arm1,robot1
[36;1mrobot_1        |[0m [INFO] [1675272929.147766837] [Robot]: not ready
[32menvironment_1  |[0m [INFO] [1675272929.168689740] [Environment]: Receiving message: monitor
[36;1mrobot_1        |[0m [INFO] [1675272929.164601045] [Robot]: Action: a_pick_up_sample
[36;1mrobot_1        |[0m [INFO] [1675272929.165845531] [Robot]: Doing a_pick_up_sample
[36;1mrobot_1        |[0m [INFO] [1675272929.167099760] [Robot]: wating for arm1 to pick up from robot1
[32menvironment_1  |[0m [INFO] [1675272929.177382487] [Environment]: Action: monitor
[36marm_1          |[0m [INFO] [1675272929.176808216] [Arm]: not ready
[36;1mrobot_1        |[0m [INFO] [1675272929.181449994] [Robot]: Action result: False
[36marm_1          |[0m [INFO] [1675272929.179356429] [Arm]: Action result: False
[36marm_1          |[0m [INFO] [1675272929.180980631] [Arm]: Action: a_pick_up_sample
[36marm_1          |[0m [INFO] [1675272929.182623252] [Arm]: Doing a_pick_up_sample
[36;1mrobot_1        |[0m [INFO] [1675272929.222188596] [Robot]: Receiving sync message. a_pick_up_sample,arm1,robot1
[36;1mrobot_1        |[0m [INFO] [1675272929.225320087] [Robot]: Pick up
[32menvironment_1  |[0m [INFO] [1675272929.221642514] [Environment]: Receiving message: monitor
[32menvironment_1  |[0m [INFO] [1675272929.222534795] [Environment]: Action: monitor
[36;1mrobot_1        |[0m [INFO] [1675272929.228725661] [Robot]: Action: a_pick_up_sample
[36;1mrobot_1        |[0m [INFO] [1675272929.241205564] [Robot]: Doing a_pick_up_sample
[36;1mrobot_1        |[0m [INFO] [1675272929.243469192] [Robot]: Action result: True
[33mcoordinator_1  |[0m [INFO] [1675272929.246248171] [Coordinator]: Receiving sync message: action_complete,a_pick_up_sample
[33mcoordinator_1  |[0m [INFO] [1675272929.257613926] [Coordinator]: action_complete
[33mcoordinator_1  |[0m [INFO] [1675272929.259714483] [Coordinator]: plans_actions_current 11 of 11
[33mcoordinator_1  |[0m [INFO] [1675272929.261445474] [Coordinator]: The time of execution of above program is:1.9014127254486084
[33mcoordinator_1  |[0m [INFO] [1675272929.263216855] [Coordinator]: Achieved
[33mcoordinator_1  |[0m [INFO] [1675272929.264875483] [Coordinator]: ENDSIM
[36marm_1          |[0m [INFO] [1675272929.259141680] [Arm]: success
[36marm_1          |[0m [INFO] [1675272929.261496520] [Arm]: Action result: True
[36;1mrobot_1        |[0m [INFO] [1675272929.276919717] [Robot]: Action: a_close_drawer
[36;1mrobot_1        |[0m [INFO] [1675272929.277962189] [Robot]: Doing a_close_drawer
[36;1mrobot_1        |[0m [INFO] [1675272929.279122618] [Robot]: success
[32menvironment_1  |[0m [INFO] [1675272929.285215098] [Environment]: Receiving message: monitor
[36;1mrobot_1        |[0m [INFO] [1675272929.292549718] [Robot]: Action result: True
[33mcoordinator_1  |[0m [INFO] [1675272929.308745054] [Coordinator]: Receiving sync message: action_complete,a_close_drawer
[33mcoordinator_1  |[0m [INFO] [1675272929.310818830] [Coordinator]: action_complete
[33mcoordinator_1  |[0m [INFO] [1675272929.312947449] [Coordinator]: plans_actions_current 12 of 11
[33mcoordinator_1  |[0m [INFO] [1675272929.325073997] [Coordinator]: The time of execution of above program is:1.954681158065796
[33mcoordinator_1  |[0m [INFO] [1675272929.327092922] [Coordinator]: Achieved
[32menvironment_1  |[0m [INFO] [1675272929.316351743] [Environment]: Action: monitor
[33mcoordinator_1  |[0m [INFO] [1675272929.339780794] [Coordinator]: ENDSIM
Stopping planning_arm_1         ... 
Stopping planning_environment_1 ... 
Stopping planning_nurse_1       ... 
Stopping planning_robot_1       ... 
Stopping planning_planner_1     ... 
Stopping planning_coordinator_1 ... 
Stopping planning_coordinator_1 ... done
[33mplanning_coordinator_1 exited with code 137
[0mStopping planning_environment_1 ... done
[32mplanning_environment_1 exited with code 137
[0mStopping planning_planner_1     ... done
[34mplanning_planner_1 exited with code 137
[0mStopping planning_nurse_1       ... done
[35mplanning_nurse_1 exited with code 137
[0m[36;1mplanning_robot_1 exited with code 137
[0mStopping planning_robot_1       ... done
Stopping planning_arm_1         ... done
[36mplanning_arm_1 exited with code 137
[0mRemoving planning_arm_1         ... 
Removing planning_environment_1 ... 
Removing planning_nurse_1       ... 
Removing planning_robot_1       ... 
Removing planning_planner_1     ... 
Removing planning_coordinator_1 ... 
Removing planning_environment_1 ... done
Removing planning_nurse_1       ... done
Removing planning_arm_1         ... done
Removing planning_coordinator_1 ... done
Removing planning_robot_1       ... done
Removing planning_planner_1     ... done
Removing network planning_ros
