Creating network "planning_ros" with the default driver
Creating planning_environment_1 ... 
Creating planning_coordinator_1 ... 
Creating planning_planner_1     ... 
Creating planning_nurse_1       ... 
Creating planning_robot_1       ... 
Creating planning_arm_1         ... 
Creating planning_arm_1         ... done
Creating planning_coordinator_1 ... done
Creating planning_nurse_1       ... done
Creating planning_environment_1 ... done
Creating planning_planner_1     ... done
Creating planning_robot_1       ... done
Attaching to planning_arm_1, planning_coordinator_1, planning_nurse_1, planning_environment_1, planning_planner_1, planning_robot_1
[36marm_1          |[0m [INFO] [1675273243.974209498] [Arm]: Starting Arm server
[36marm_1          |[0m [INFO] [1675273243.991793750] [Arm]: Arm server started
[36marm_1          |[0m [INFO] [1675273243.996561153] [Arm]: Starting Nurse clients
[36marm_1          |[0m [INFO] [1675273245.028839133] [Arm]: environment service not available, waiting again...
[36marm_1          |[0m [INFO] [1675273246.052245334] [Arm]: environment service not available, waiting again...
[36marm_1          |[0m [INFO] [1675273247.078139651] [Arm]: environment service not available, waiting again...
[36marm_1          |[0m [INFO] [1675273248.106448975] [Arm]: environment service not available, waiting again...
[36marm_1          |[0m [INFO] [1675273249.119117124] [Arm]: environment service not available, waiting again...
[36marm_1          |[0m [INFO] [1675273250.142807668] [Arm]: environment service not available, waiting again...
[36marm_1          |[0m [INFO] [1675273251.157802361] [Arm]: environment service not available, waiting again...
[36marm_1          |[0m [INFO] [1675273252.170353692] [Arm]: environment service not available, waiting again...
[33mcoordinator_1  |[0m [INFO] [1675273252.437602939] [Coordinator]: Starting Coordinator server
[35mnurse_1        |[0m [INFO] [1675273252.470227902] [Nurse]: Starting Nurse server
[35mnurse_1        |[0m [INFO] [1675273252.500389184] [Nurse]: Nurse server started
[35mnurse_1        |[0m [INFO] [1675273252.501993510] [Nurse]: Starting Nurse clients
[33mcoordinator_1  |[0m [INFO] [1675273252.533921884] [Coordinator]: Coordinator server started
[33mcoordinator_1  |[0m [INFO] [1675273252.535552891] [Coordinator]: Starting Coordinator clients
[32menvironment_1  |[0m [INFO] [1675273252.656463351] [Environment]: Starting Environment server
[32menvironment_1  |[0m [INFO] [1675273252.681787206] [Environment]: Environment server started
[36;1mrobot_1        |[0m [INFO] [1675273253.027682814] [Robot]: Starting Robot server
[36;1mrobot_1        |[0m [INFO] [1675273253.047091657] [Robot]: Robot server started
[36;1mrobot_1        |[0m [INFO] [1675273253.050066250] [Robot]: Starting Robots clients
[36;1mrobot_1        |[0m [INFO] [1675273253.082431692] [Robot]: Robots clients started
[36marm_1          |[0m [INFO] [1675273253.187781915] [Arm]: Nurse clients started
[35mnurse_1        |[0m [INFO] [1675273253.278215817] [Nurse]: Nurse clients started
[35mnurse_1        |[0m [INFO] [1675273253.289143393] [Nurse]: Sent request
[33mcoordinator_1  |[0m [INFO] [1675273253.554008231] [Coordinator]: planner sync service not available, waiting again...
[33mcoordinator_1  |[0m [INFO] [1675273254.557465277] [Coordinator]: planner sync service not available, waiting again...
[33mcoordinator_1  |[0m [INFO] [1675273255.578470356] [Coordinator]: planner sync service not available, waiting again...
[34mplanner_1      |[0m [INFO] [1675273256.307103158] [Planner]: Starting Planner server
[34mplanner_1      |[0m [INFO] [1675273256.323627569] [Planner]: Planner server started
[33mcoordinator_1  |[0m [INFO] [1675273256.394412672] [Coordinator]: Coordinator clients started
[33mcoordinator_1  |[0m [INFO] [1675273256.409576074] [Coordinator]: Receiving message of nurse1 in room3.
[33mcoordinator_1  |[0m [INFO] [1675273256.410933078] [Coordinator]: Sending response
[35mnurse_1        |[0m [INFO] [1675273256.415554984] [Nurse]: Request response:Okay!
[33mcoordinator_1  |[0m [INFO] [1675273256.428931001] [Coordinator]: Planing
[33mcoordinator_1  |[0m [INFO] [1675273256.429699651] [Coordinator]: Creating plan for: robot1, nurse1, arm1 
[34mplanner_1      |[0m [INFO] [1675273256.443105641] [Planner]: Receiving sync message. need_plan,robot1,nurse1,arm1
[34mplanner_1      |[0m [INFO] [1675273256.447779337] [Planner]: Creating plan for: robot1 robot1 nurse1
[34mplanner_1      |[0m [INFO] [1675273256.460742931] [Planner]: a_navto,robot1,Room1
[34mplanner_1      |[0m [INFO] [1675273256.463266787] [Planner]: a_approach_nurse,robot1
[34mplanner_1      |[0m [INFO] [1675273256.467867911] [Planner]: a_authenticate_nurse,robot1,nurse1
[34mplanner_1      |[0m [INFO] [1675273256.470628157] [Planner]: a_open_drawer,robot1
[34mplanner_1      |[0m [INFO] [1675273256.473367159] [Planner]: a_deposit,nurse1,robot1
[34mplanner_1      |[0m [INFO] [1675273256.475013824] [Planner]: a_close_drawer,robot1
[34mplanner_1      |[0m [INFO] [1675273256.476759123] [Planner]: a_navto,robot1,Room3
[34mplanner_1      |[0m [INFO] [1675273256.481238979] [Planner]: a_approach_arm,robot1,arm1
[34mplanner_1      |[0m [INFO] [1675273256.482748047] [Planner]: a_open_drawer,robot1
[34mplanner_1      |[0m [INFO] [1675273256.484526659] [Planner]: a_pick_up_sample,arm1,robot1
[34mplanner_1      |[0m [INFO] [1675273256.490206439] [Planner]: a_close_drawer,robot1
[34mplanner_1      |[0m [INFO] [1675273256.492398214] [Planner]: Sending response
[33mcoordinator_1  |[0m [INFO] [1675273256.497900716] [Coordinator]: Plan received for: robot1, nurse1, arm1 
[33mcoordinator_1  |[0m [INFO] [1675273256.499558149] [Coordinator]: a_navto,robot1,Room1/a_approach_nurse,robot1/a_authenticate_nurse,robot1,nurse1/a_open_drawer,robot1/a_deposit,nurse1,robot1/a_close_drawer,robot1/a_navto,robot1,Room3/a_approach_arm,robot1,arm1/a_open_drawer,robot1/a_pick_up_sample,arm1,robot1/a_close_drawer,robot1
[33mcoordinator_1  |[0m [INFO] [1675273256.501247021] [Coordinator]: a_navto,robot1,Room1
[33mcoordinator_1  |[0m [INFO] [1675273256.502776302] [Coordinator]: a_approach_nurse,robot1
[33mcoordinator_1  |[0m [INFO] [1675273256.508525868] [Coordinator]: a_authenticate_nurse,robot1,nurse1
[33mcoordinator_1  |[0m [INFO] [1675273256.515077688] [Coordinator]: a_open_drawer,robot1
[33mcoordinator_1  |[0m [INFO] [1675273256.517370643] [Coordinator]: a_deposit,nurse1,robot1
[33mcoordinator_1  |[0m [INFO] [1675273256.531206645] [Coordinator]: a_close_drawer,robot1
[33mcoordinator_1  |[0m [INFO] [1675273256.533928907] [Coordinator]: a_navto,robot1,Room3
[33mcoordinator_1  |[0m [INFO] [1675273256.548427124] [Coordinator]: a_approach_arm,robot1,arm1
[33mcoordinator_1  |[0m [INFO] [1675273256.551146757] [Coordinator]: a_open_drawer,robot1
[33mcoordinator_1  |[0m [INFO] [1675273256.561753813] [Coordinator]: a_pick_up_sample,arm1,robot1
[33mcoordinator_1  |[0m [INFO] [1675273256.564679690] [Coordinator]: a_close_drawer,robot1
[33mcoordinator_1  |[0m [INFO] [1675273256.568250804] [Coordinator]: Sending plans
[35mnurse_1        |[0m [INFO] [1675273256.578733743] [Nurse]: Receiving message.
[36marm_1          |[0m [INFO] [1675273256.582497758] [Arm]: Receiving message.
[36marm_1          |[0m [INFO] [1675273256.591364299] [Arm]: Arm's actions:
[36marm_1          |[0m [INFO] [1675273256.592825085] [Arm]: a_approach_arm
[35mnurse_1        |[0m [INFO] [1675273256.580032004] [Nurse]: Nurse's actions:
[35mnurse_1        |[0m [INFO] [1675273256.585830419] [Nurse]: a_authenticate_nurse
[35mnurse_1        |[0m [INFO] [1675273256.586824640] [Nurse]: a_deposit
[35mnurse_1        |[0m [INFO] [1675273256.588669589] [Nurse]: Action: a_authenticate_nurse
[35mnurse_1        |[0m [INFO] [1675273256.589750921] [Nurse]: Doing a_authenticate_nurse
[36marm_1          |[0m [INFO] [1675273256.597594548] [Arm]: Action: a_approach_arm
[33mcoordinator_1  |[0m [INFO] [1675273256.595388480] [Coordinator]: Plans sent
[36;1mrobot_1        |[0m [INFO] [1675273256.593455327] [Robot]: Receiving message.
[36;1mrobot_1        |[0m [INFO] [1675273256.595439300] [Robot]: Robot's actions:
[36;1mrobot_1        |[0m [INFO] [1675273256.597071166] [Robot]: a_navto
[36;1mrobot_1        |[0m [INFO] [1675273256.598554046] [Robot]: a_approach_nurse
[36marm_1          |[0m [INFO] [1675273256.598784400] [Arm]: Doing a_approach_arm
[36marm_1          |[0m [INFO] [1675273256.600895591] [Arm]: a_pick_up_sample
[36;1mrobot_1        |[0m [INFO] [1675273256.604867129] [Robot]: a_authenticate_nurse
[36;1mrobot_1        |[0m [INFO] [1675273256.606966230] [Robot]: Action: a_navto
[36;1mrobot_1        |[0m [INFO] [1675273256.608419546] [Robot]: Doing a_navto
[36;1mrobot_1        |[0m [INFO] [1675273256.610646569] [Robot]: a_open_drawer
[36;1mrobot_1        |[0m [INFO] [1675273256.613118328] [Robot]: a_close_drawer
[36;1mrobot_1        |[0m [INFO] [1675273256.614966290] [Robot]: a_navto
[36;1mrobot_1        |[0m [INFO] [1675273256.616833622] [Robot]: a_approach_arm
[32menvironment_1  |[0m [INFO] [1675273256.620785999] [Environment]: Receiving message: a_approach_arm,robot1,arm1
[32menvironment_1  |[0m [INFO] [1675273256.623518379] [Environment]: Action: a_approach_arm
[36;1mrobot_1        |[0m [INFO] [1675273256.621542021] [Robot]: a_open_drawer
[36;1mrobot_1        |[0m [INFO] [1675273256.624294961] [Robot]: a_pick_up_sample
[32menvironment_1  |[0m [INFO] [1675273256.633114716] [Environment]: Responding
[36;1mrobot_1        |[0m [INFO] [1675273256.629219379] [Robot]: a_close_drawer
[36;1mrobot_1        |[0m [INFO] [1675273256.631281754] [Robot]: Receiving sync message. a_authenticate_nurse,robot1,nurse1
[36;1mrobot_1        |[0m [INFO] [1675273256.632566703] [Robot]: not ready
[36marm_1          |[0m [INFO] [1675273256.642404850] [Arm]: success
[35mnurse_1        |[0m [INFO] [1675273256.638301816] [Nurse]: not ready
[35mnurse_1        |[0m [INFO] [1675273256.640158269] [Nurse]: Action result: False
[35mnurse_1        |[0m [INFO] [1675273256.642436410] [Nurse]: Action: a_authenticate_nurse
[36marm_1          |[0m [INFO] [1675273256.646047956] [Arm]: Action result: True
[36marm_1          |[0m [INFO] [1675273256.653673060] [Arm]: Action: a_pick_up_sample
[32menvironment_1  |[0m [INFO] [1675273256.651302797] [Environment]: Receiving message: a_navto,robot1,Room1
[32menvironment_1  |[0m [INFO] [1675273256.653109830] [Environment]: Action: a_navto
[32menvironment_1  |[0m [INFO] [1675273256.654591185] [Environment]: Responding
[35mnurse_1        |[0m [INFO] [1675273256.664250136] [Nurse]: Doing a_authenticate_nurse
[36marm_1          |[0m [INFO] [1675273256.671605022] [Arm]: Doing a_pick_up_sample
[36;1mrobot_1        |[0m [INFO] [1675273256.674190697] [Robot]: success
[36;1mrobot_1        |[0m [INFO] [1675273256.680217300] [Robot]: Action result: True
[36;1mrobot_1        |[0m [INFO] [1675273256.681190065] [Robot]: Receiving sync message. a_authenticate_nurse,robot1,nurse1
[35mnurse_1        |[0m [INFO] [1675273256.692978921] [Nurse]: not ready
[35mnurse_1        |[0m [INFO] [1675273256.695536177] [Nurse]: Action result: False
[36marm_1          |[0m [INFO] [1675273256.704194366] [Arm]: not ready
[36;1mrobot_1        |[0m [INFO] [1675273256.684945034] [Robot]: not ready
[36;1mrobot_1        |[0m [INFO] [1675273256.692792117] [Robot]: Receiving sync message. a_pick_up_sample,arm1,robot1
[36;1mrobot_1        |[0m [INFO] [1675273256.698842055] [Robot]: not ready
[36marm_1          |[0m [INFO] [1675273256.706822141] [Arm]: Action result: False
[36marm_1          |[0m [INFO] [1675273256.709925363] [Arm]: Action: a_pick_up_sample
[36marm_1          |[0m [INFO] [1675273256.711492685] [Arm]: Doing a_pick_up_sample
[35mnurse_1        |[0m [INFO] [1675273256.707596328] [Nurse]: Action: a_authenticate_nurse
[36;1mrobot_1        |[0m [INFO] [1675273256.714938572] [Robot]: Receiving sync message. a_pick_up_sample,arm1,robot1
[36;1mrobot_1        |[0m [INFO] [1675273256.715993899] [Robot]: not ready
[35mnurse_1        |[0m [INFO] [1675273256.711490270] [Nurse]: Doing a_authenticate_nurse
[33mcoordinator_1  |[0m [INFO] [1675273256.715509564] [Coordinator]: Receiving sync message: action_complete,a_navto
[33mcoordinator_1  |[0m [INFO] [1675273256.717519632] [Coordinator]: action_complete
[36;1mrobot_1        |[0m [INFO] [1675273256.720285156] [Robot]: Receiving sync message. a_authenticate_nurse,robot1,nurse1
[33mcoordinator_1  |[0m [INFO] [1675273256.720051497] [Coordinator]: plans_actions_current 1 of 11
[36;1mrobot_1        |[0m [INFO] [1675273256.727062991] [Robot]: not ready
[36marm_1          |[0m [INFO] [1675273256.728554686] [Arm]: not ready
[36;1mrobot_1        |[0m [INFO] [1675273256.731085724] [Robot]: Action: a_approach_nurse
[36marm_1          |[0m [INFO] [1675273256.733791109] [Arm]: Action result: False
[36;1mrobot_1        |[0m [INFO] [1675273256.739187871] [Robot]: Doing a_approach_nurse
[36marm_1          |[0m [INFO] [1675273256.742790621] [Arm]: Action: a_pick_up_sample
[36marm_1          |[0m [INFO] [1675273256.746153302] [Arm]: Doing a_pick_up_sample
[36;1mrobot_1        |[0m [INFO] [1675273256.749269429] [Robot]: Receiving sync message. a_pick_up_sample,arm1,robot1
[36;1mrobot_1        |[0m [INFO] [1675273256.750462019] [Robot]: not ready
[35mnurse_1        |[0m [INFO] [1675273256.755218492] [Nurse]: not ready
[35mnurse_1        |[0m [INFO] [1675273256.756184227] [Nurse]: Action result: False
[35mnurse_1        |[0m [INFO] [1675273256.757139298] [Nurse]: Action: a_authenticate_nurse
[35mnurse_1        |[0m [INFO] [1675273256.757840018] [Nurse]: Doing a_authenticate_nurse
[36marm_1          |[0m [INFO] [1675273256.757334099] [Arm]: not ready
[36marm_1          |[0m [INFO] [1675273256.759630433] [Arm]: Action result: False
[36marm_1          |[0m [INFO] [1675273256.760500738] [Arm]: Action: a_pick_up_sample
[36marm_1          |[0m [INFO] [1675273256.761166008] [Arm]: Doing a_pick_up_sample
[36;1mrobot_1        |[0m [INFO] [1675273256.770259480] [Robot]: Receiving sync message. a_pick_up_sample,arm1,robot1
[32menvironment_1  |[0m [INFO] [1675273256.761510953] [Environment]: Receiving message: a_approach_nurse,robot1
[32menvironment_1  |[0m [INFO] [1675273256.763399904] [Environment]: Action: a_approach_nurse
[32menvironment_1  |[0m [INFO] [1675273256.769737968] [Environment]: Responding
[36;1mrobot_1        |[0m [INFO] [1675273256.772522070] [Robot]: not ready
[36;1mrobot_1        |[0m [INFO] [1675273256.776831379] [Robot]: Receiving sync message. a_authenticate_nurse,robot1,nurse1
[36;1mrobot_1        |[0m [INFO] [1675273256.778528162] [Robot]: not ready
[36;1mrobot_1        |[0m [INFO] [1675273256.784896802] [Robot]: success
[36marm_1          |[0m [INFO] [1675273256.781116735] [Arm]: not ready
[36marm_1          |[0m [INFO] [1675273256.782651616] [Arm]: Action result: False
[36marm_1          |[0m [INFO] [1675273256.783793858] [Arm]: Action: a_pick_up_sample
[36marm_1          |[0m [INFO] [1675273256.784888564] [Arm]: Doing a_pick_up_sample
[36;1mrobot_1        |[0m [INFO] [1675273256.787580589] [Robot]: Action result: True
[36;1mrobot_1        |[0m [INFO] [1675273256.790681579] [Robot]: Receiving sync message. a_pick_up_sample,arm1,robot1
[35mnurse_1        |[0m [INFO] [1675273256.790405283] [Nurse]: not ready
[35mnurse_1        |[0m [INFO] [1675273256.792845866] [Nurse]: Action result: False
[35mnurse_1        |[0m [INFO] [1675273256.793765189] [Nurse]: Action: a_authenticate_nurse
[35mnurse_1        |[0m [INFO] [1675273256.794595594] [Nurse]: Doing a_authenticate_nurse
[36;1mrobot_1        |[0m [INFO] [1675273256.798472753] [Robot]: not ready
[36;1mrobot_1        |[0m [INFO] [1675273256.804228713] [Robot]: Receiving sync message. a_authenticate_nurse,robot1,nurse1
[36;1mrobot_1        |[0m [INFO] [1675273256.807132078] [Robot]: not ready
[35mnurse_1        |[0m [INFO] [1675273256.812869985] [Nurse]: not ready
[35mnurse_1        |[0m [INFO] [1675273256.813977287] [Nurse]: Action result: False
[36marm_1          |[0m [INFO] [1675273256.806322387] [Arm]: not ready
[36;1mrobot_1        |[0m [INFO] [1675273256.830641647] [Robot]: Receiving sync message. a_pick_up_sample,arm1,robot1
[36;1mrobot_1        |[0m [INFO] [1675273256.832346587] [Robot]: not ready
[36marm_1          |[0m [INFO] [1675273256.816807450] [Arm]: Action result: False
[36marm_1          |[0m [INFO] [1675273256.819325407] [Arm]: Action: a_pick_up_sample
[36marm_1          |[0m [INFO] [1675273256.827485124] [Arm]: Doing a_pick_up_sample
[35mnurse_1        |[0m [INFO] [1675273256.815292107] [Nurse]: Action: a_authenticate_nurse
[35mnurse_1        |[0m [INFO] [1675273256.829834166] [Nurse]: Doing a_authenticate_nurse
[33mcoordinator_1  |[0m [INFO] [1675273256.835082349] [Coordinator]: Receiving sync message: action_complete,a_approach_nurse
[33mcoordinator_1  |[0m [INFO] [1675273256.836448594] [Coordinator]: action_complete
[33mcoordinator_1  |[0m [INFO] [1675273256.838435748] [Coordinator]: plans_actions_current 2 of 11
[36;1mrobot_1        |[0m [INFO] [1675273256.854840161] [Robot]: Action: a_authenticate_nurse
[36;1mrobot_1        |[0m [INFO] [1675273256.857764467] [Robot]: Doing a_authenticate_nurse
[36;1mrobot_1        |[0m [INFO] [1675273256.865157949] [Robot]: wating for nurse1 to authenticate to robot1
[36marm_1          |[0m [INFO] [1675273256.871139360] [Arm]: not ready
[36marm_1          |[0m [INFO] [1675273256.872282163] [Arm]: Action result: False
[36marm_1          |[0m [INFO] [1675273256.873191751] [Arm]: Action: a_pick_up_sample
[36marm_1          |[0m [INFO] [1675273256.874007041] [Arm]: Doing a_pick_up_sample
[36;1mrobot_1        |[0m [INFO] [1675273256.872406070] [Robot]: Action result: False
[36;1mrobot_1        |[0m [INFO] [1675273256.879197352] [Robot]: Receiving sync message. a_authenticate_nurse,robot1,nurse1
[36;1mrobot_1        |[0m [INFO] [1675273256.880954108] [Robot]: Authenticate nurse
[35mnurse_1        |[0m [INFO] [1675273256.886104008] [Nurse]: success
[36;1mrobot_1        |[0m [INFO] [1675273256.888872926] [Robot]: Receiving sync message. a_pick_up_sample,arm1,robot1
[36;1mrobot_1        |[0m [INFO] [1675273256.891681947] [Robot]: not ready
[36;1mrobot_1        |[0m [INFO] [1675273256.912625741] [Robot]: Action: a_authenticate_nurse
[36;1mrobot_1        |[0m [INFO] [1675273256.919854559] [Robot]: Doing a_authenticate_nurse
[36;1mrobot_1        |[0m [INFO] [1675273256.922043870] [Robot]: Action result: True
[36marm_1          |[0m [INFO] [1675273256.938837585] [Arm]: not ready
[36marm_1          |[0m [INFO] [1675273256.940377044] [Arm]: Action result: False
[36marm_1          |[0m [INFO] [1675273256.941738311] [Arm]: Action: a_pick_up_sample
[35mnurse_1        |[0m [INFO] [1675273256.925118531] [Nurse]: Action result: True
[36marm_1          |[0m [INFO] [1675273256.955609117] [Arm]: Doing a_pick_up_sample
[36;1mrobot_1        |[0m [INFO] [1675273256.953307747] [Robot]: Receiving sync message. a_deposit,nurse1,robot1
[36;1mrobot_1        |[0m [INFO] [1675273256.954477486] [Robot]: not ready
[35mnurse_1        |[0m [INFO] [1675273256.949879636] [Nurse]: Action: a_deposit
[35mnurse_1        |[0m [INFO] [1675273256.950770949] [Nurse]: Doing a_deposit
[35mnurse_1        |[0m [INFO] [1675273256.966849837] [Nurse]: not ready
[35mnurse_1        |[0m [INFO] [1675273256.968812175] [Nurse]: Action result: False
[35mnurse_1        |[0m [INFO] [1675273256.971002086] [Nurse]: Action: a_deposit
[35mnurse_1        |[0m [INFO] [1675273256.973052698] [Nurse]: Doing a_deposit
[33mcoordinator_1  |[0m [INFO] [1675273256.975333234] [Coordinator]: Receiving sync message: action_complete,a_authenticate_nurse
[36;1mrobot_1        |[0m [INFO] [1675273256.967946738] [Robot]: Receiving sync message. a_pick_up_sample,arm1,robot1
[36;1mrobot_1        |[0m [INFO] [1675273256.969829323] [Robot]: not ready
[36marm_1          |[0m [INFO] [1675273256.979419943] [Arm]: not ready
[36marm_1          |[0m [INFO] [1675273256.980396088] [Arm]: Action result: False
[36marm_1          |[0m [INFO] [1675273256.981227676] [Arm]: Action: a_pick_up_sample
[36marm_1          |[0m [INFO] [1675273256.987338705] [Arm]: Doing a_pick_up_sample
[33mcoordinator_1  |[0m [INFO] [1675273256.976687688] [Coordinator]: action_complete
[35mnurse_1        |[0m [INFO] [1675273256.990164827] [Nurse]: not ready
[35mnurse_1        |[0m [INFO] [1675273256.999814639] [Nurse]: Action result: False
[35mnurse_1        |[0m [INFO] [1675273257.002864455] [Nurse]: Action: a_deposit
[36;1mrobot_1        |[0m [INFO] [1675273256.983522051] [Robot]: Receiving sync message. a_deposit,nurse1,robot1
[36;1mrobot_1        |[0m [INFO] [1675273256.987488943] [Robot]: not ready
[36;1mrobot_1        |[0m [INFO] [1675273256.990727978] [Robot]: Receiving sync message. a_pick_up_sample,arm1,robot1
[36marm_1          |[0m [INFO] [1675273257.007426896] [Arm]: not ready
[35mnurse_1        |[0m [INFO] [1675273257.019292080] [Nurse]: Doing a_deposit
[33mcoordinator_1  |[0m [INFO] [1675273257.018154113] [Coordinator]: plans_actions_current 3 of 11
[36;1mrobot_1        |[0m [INFO] [1675273257.003247364] [Robot]: not ready
[36marm_1          |[0m [INFO] [1675273257.009200738] [Arm]: Action result: False
[36marm_1          |[0m [INFO] [1675273257.021833185] [Arm]: Action: a_pick_up_sample
[36marm_1          |[0m [INFO] [1675273257.023916276] [Arm]: Doing a_pick_up_sample
[36;1mrobot_1        |[0m [INFO] [1675273257.034736875] [Robot]: Receiving sync message. a_deposit,nurse1,robot1
[36;1mrobot_1        |[0m [INFO] [1675273257.047419479] [Robot]: not ready
[35mnurse_1        |[0m [INFO] [1675273257.060644233] [Nurse]: not ready
[35mnurse_1        |[0m [INFO] [1675273257.063127193] [Nurse]: Action result: False
[35mnurse_1        |[0m [INFO] [1675273257.065655684] [Nurse]: Action: a_deposit
[35mnurse_1        |[0m [INFO] [1675273257.092907581] [Nurse]: Doing a_deposit
[36;1mrobot_1        |[0m [INFO] [1675273257.073162721] [Robot]: Receiving sync message. a_pick_up_sample,arm1,robot1
[36;1mrobot_1        |[0m [INFO] [1675273257.074740631] [Robot]: not ready
[36;1mrobot_1        |[0m [INFO] [1675273257.087210655] [Robot]: Action: a_open_drawer
[36;1mrobot_1        |[0m [INFO] [1675273257.088400389] [Robot]: Doing a_open_drawer
[36;1mrobot_1        |[0m [INFO] [1675273257.089612013] [Robot]: success
[36;1mrobot_1        |[0m [INFO] [1675273257.090802352] [Robot]: Action result: True
[36marm_1          |[0m [INFO] [1675273257.079587336] [Arm]: not ready
[36marm_1          |[0m [INFO] [1675273257.081605704] [Arm]: Action result: False
[36marm_1          |[0m [INFO] [1675273257.094307859] [Arm]: Action: a_pick_up_sample
[36marm_1          |[0m [INFO] [1675273257.096142629] [Arm]: Doing a_pick_up_sample
[36;1mrobot_1        |[0m [INFO] [1675273257.107045045] [Robot]: Receiving sync message. a_deposit,nurse1,robot1
[36;1mrobot_1        |[0m [INFO] [1675273257.108986350] [Robot]: not ready
[36;1mrobot_1        |[0m [INFO] [1675273257.111954773] [Robot]: Receiving sync message. a_pick_up_sample,arm1,robot1
[35mnurse_1        |[0m [INFO] [1675273257.112311715] [Nurse]: not ready
[35mnurse_1        |[0m [INFO] [1675273257.114266641] [Nurse]: Action result: False
[35mnurse_1        |[0m [INFO] [1675273257.117061889] [Nurse]: Action: a_deposit
[35mnurse_1        |[0m [INFO] [1675273257.119070665] [Nurse]: Doing a_deposit
[36;1mrobot_1        |[0m [INFO] [1675273257.121239246] [Robot]: not ready
[33mcoordinator_1  |[0m [INFO] [1675273257.130277204] [Coordinator]: Receiving sync message: action_complete,a_open_drawer
[33mcoordinator_1  |[0m [INFO] [1675273257.131923807] [Coordinator]: action_complete
[33mcoordinator_1  |[0m [INFO] [1675273257.133749967] [Coordinator]: plans_actions_current 4 of 11
[36marm_1          |[0m [INFO] [1675273257.129857504] [Arm]: not ready
[36marm_1          |[0m [INFO] [1675273257.141480229] [Arm]: Action result: False
[36marm_1          |[0m [INFO] [1675273257.142617576] [Arm]: Action: a_pick_up_sample
[35mnurse_1        |[0m [INFO] [1675273257.168311025] [Nurse]: not ready
[36;1mrobot_1        |[0m [INFO] [1675273257.155281720] [Robot]: Receiving sync message. a_deposit,nurse1,robot1
[36;1mrobot_1        |[0m [INFO] [1675273257.164501049] [Robot]: not ready
[36;1mrobot_1        |[0m [INFO] [1675273257.177984761] [Robot]: Receiving sync message. a_pick_up_sample,arm1,robot1
[36;1mrobot_1        |[0m [INFO] [1675273257.179411467] [Robot]: not ready
[36marm_1          |[0m [INFO] [1675273257.160805128] [Arm]: Doing a_pick_up_sample
[36marm_1          |[0m [INFO] [1675273257.182473900] [Arm]: not ready
[35mnurse_1        |[0m [INFO] [1675273257.194865621] [Nurse]: Action result: False
[35mnurse_1        |[0m [INFO] [1675273257.197227988] [Nurse]: Action: a_deposit
[35mnurse_1        |[0m [INFO] [1675273257.199406080] [Nurse]: Doing a_deposit
[36;1mrobot_1        |[0m [INFO] [1675273257.183279762] [Robot]: Action: a_deposit
[36;1mrobot_1        |[0m [INFO] [1675273257.207959639] [Robot]: Doing a_deposit
[36;1mrobot_1        |[0m [INFO] [1675273257.209934357] [Robot]: wating for nurse1 to deposit in robot1
[36marm_1          |[0m [INFO] [1675273257.190392484] [Arm]: Action result: False
[36marm_1          |[0m [INFO] [1675273257.193010251] [Arm]: Action: a_pick_up_sample
[36marm_1          |[0m [INFO] [1675273257.213080388] [Arm]: Doing a_pick_up_sample
[36;1mrobot_1        |[0m [INFO] [1675273257.242348347] [Robot]: Action result: False
[36;1mrobot_1        |[0m [INFO] [1675273257.254856613] [Robot]: Receiving sync message. a_deposit,nurse1,robot1
[36;1mrobot_1        |[0m [INFO] [1675273257.258253780] [Robot]: Deposit
[35mnurse_1        |[0m [INFO] [1675273257.274350667] [Nurse]: success
[35mnurse_1        |[0m [INFO] [1675273257.276210823] [Nurse]: Action result: True
[36;1mrobot_1        |[0m [INFO] [1675273257.274760590] [Robot]: Action: a_deposit
[36;1mrobot_1        |[0m [INFO] [1675273257.277982809] [Robot]: Receiving sync message. a_pick_up_sample,arm1,robot1
[36;1mrobot_1        |[0m [INFO] [1675273257.288671092] [Robot]: Doing a_deposit
[36;1mrobot_1        |[0m [INFO] [1675273257.290605303] [Robot]: Action result: True
[33mcoordinator_1  |[0m [INFO] [1675273257.305711945] [Coordinator]: Receiving sync message: action_complete,a_deposit
[33mcoordinator_1  |[0m [INFO] [1675273257.307445713] [Coordinator]: action_complete
[36;1mrobot_1        |[0m [INFO] [1675273257.316923914] [Robot]: not ready
[36marm_1          |[0m [INFO] [1675273257.322575477] [Arm]: not ready
[36marm_1          |[0m [INFO] [1675273257.324162861] [Arm]: Action result: False
[36marm_1          |[0m [INFO] [1675273257.325600564] [Arm]: Action: a_pick_up_sample
[36marm_1          |[0m [INFO] [1675273257.328314342] [Arm]: Doing a_pick_up_sample
[36;1mrobot_1        |[0m [INFO] [1675273257.342531506] [Robot]: Receiving sync message. a_pick_up_sample,arm1,robot1
[36;1mrobot_1        |[0m [INFO] [1675273257.350723703] [Robot]: not ready
[33mcoordinator_1  |[0m [INFO] [1675273257.356929738] [Coordinator]: plans_actions_current 5 of 11
[36marm_1          |[0m [INFO] [1675273257.357192421] [Arm]: not ready
[36marm_1          |[0m [INFO] [1675273257.358229968] [Arm]: Action result: False
[36marm_1          |[0m [INFO] [1675273257.359371230] [Arm]: Action: a_pick_up_sample
[36marm_1          |[0m [INFO] [1675273257.360205269] [Arm]: Doing a_pick_up_sample
[36;1mrobot_1        |[0m [INFO] [1675273257.368860338] [Robot]: Receiving sync message. a_pick_up_sample,arm1,robot1
[36;1mrobot_1        |[0m [INFO] [1675273257.376942470] [Robot]: not ready
[36;1mrobot_1        |[0m [INFO] [1675273257.378579461] [Robot]: Action: a_close_drawer
[36;1mrobot_1        |[0m [INFO] [1675273257.379679893] [Robot]: Doing a_close_drawer
[36;1mrobot_1        |[0m [INFO] [1675273257.380767476] [Robot]: success
[36marm_1          |[0m [INFO] [1675273257.390504696] [Arm]: not ready
[36marm_1          |[0m [INFO] [1675273257.391895652] [Arm]: Action result: False
[36marm_1          |[0m [INFO] [1675273257.395411727] [Arm]: Action: a_pick_up_sample
[36marm_1          |[0m [INFO] [1675273257.397585044] [Arm]: Doing a_pick_up_sample
[36;1mrobot_1        |[0m [INFO] [1675273257.403723953] [Robot]: Action result: True
[36;1mrobot_1        |[0m [INFO] [1675273257.411594669] [Robot]: Receiving sync message. a_pick_up_sample,arm1,robot1
[36;1mrobot_1        |[0m [INFO] [1675273257.412826428] [Robot]: not ready
[33mcoordinator_1  |[0m [INFO] [1675273257.417165702] [Coordinator]: Receiving sync message: action_complete,a_close_drawer
[33mcoordinator_1  |[0m [INFO] [1675273257.417976578] [Coordinator]: action_complete
[33mcoordinator_1  |[0m [INFO] [1675273257.419465832] [Coordinator]: plans_actions_current 6 of 11
[36marm_1          |[0m [INFO] [1675273257.423942348] [Arm]: not ready
[36marm_1          |[0m [INFO] [1675273257.427098219] [Arm]: Action result: False
[36marm_1          |[0m [INFO] [1675273257.428282771] [Arm]: Action: a_pick_up_sample
[36marm_1          |[0m [INFO] [1675273257.429525054] [Arm]: Doing a_pick_up_sample
[36;1mrobot_1        |[0m [INFO] [1675273257.445114725] [Robot]: Receiving sync message. a_pick_up_sample,arm1,robot1
[36;1mrobot_1        |[0m [INFO] [1675273257.446525266] [Robot]: not ready
[36marm_1          |[0m [INFO] [1675273257.462569443] [Arm]: not ready
[36;1mrobot_1        |[0m [INFO] [1675273257.466048221] [Robot]: Action: a_navto
[36;1mrobot_1        |[0m [INFO] [1675273257.467580104] [Robot]: Doing a_navto
[36marm_1          |[0m [INFO] [1675273257.472567790] [Arm]: Action result: False
[36marm_1          |[0m [INFO] [1675273257.477392154] [Arm]: Action: a_pick_up_sample
[36marm_1          |[0m [INFO] [1675273257.479950315] [Arm]: Doing a_pick_up_sample
[36;1mrobot_1        |[0m [INFO] [1675273257.483304033] [Robot]: Receiving sync message. a_pick_up_sample,arm1,robot1
[36;1mrobot_1        |[0m [INFO] [1675273257.492745546] [Robot]: not ready
[36marm_1          |[0m [INFO] [1675273257.507956382] [Arm]: not ready
[36marm_1          |[0m [INFO] [1675273257.508736271] [Arm]: Action result: False
[36marm_1          |[0m [INFO] [1675273257.512466281] [Arm]: Action: a_pick_up_sample
[36marm_1          |[0m [INFO] [1675273257.513621513] [Arm]: Doing a_pick_up_sample
[36;1mrobot_1        |[0m [INFO] [1675273257.516648844] [Robot]: Receiving sync message. a_pick_up_sample,arm1,robot1
[36;1mrobot_1        |[0m [INFO] [1675273257.518578728] [Robot]: not ready
[32menvironment_1  |[0m [INFO] [1675273257.528481720] [Environment]: Receiving message: a_navto,robot1,Room3
[32menvironment_1  |[0m [INFO] [1675273257.530098388] [Environment]: Action: a_navto
[32menvironment_1  |[0m [INFO] [1675273257.531729832] [Environment]: Responding
[36marm_1          |[0m [INFO] [1675273257.526808220] [Arm]: not ready
[36marm_1          |[0m [INFO] [1675273257.541462866] [Arm]: Action result: False
[36marm_1          |[0m [INFO] [1675273257.544061439] [Arm]: Action: a_pick_up_sample
[36marm_1          |[0m [INFO] [1675273257.544867346] [Arm]: Doing a_pick_up_sample
[36;1mrobot_1        |[0m [INFO] [1675273257.548301813] [Robot]: success
[36;1mrobot_1        |[0m [INFO] [1675273257.551546539] [Robot]: Action result: True
[36;1mrobot_1        |[0m [INFO] [1675273257.559464946] [Robot]: Receiving sync message. a_pick_up_sample,arm1,robot1
[36;1mrobot_1        |[0m [INFO] [1675273257.563741701] [Robot]: not ready
[36marm_1          |[0m [INFO] [1675273257.567545272] [Arm]: not ready
[33mcoordinator_1  |[0m [INFO] [1675273257.569087763] [Coordinator]: Receiving sync message: action_complete,a_navto
[33mcoordinator_1  |[0m [INFO] [1675273257.571624168] [Coordinator]: action_complete
[33mcoordinator_1  |[0m [INFO] [1675273257.596914612] [Coordinator]: plans_actions_current 7 of 11
[36marm_1          |[0m [INFO] [1675273257.591590399] [Arm]: Action result: False
[36marm_1          |[0m [INFO] [1675273257.596569950] [Arm]: Action: a_pick_up_sample
[36;1mrobot_1        |[0m [INFO] [1675273257.609974802] [Robot]: Action: a_approach_arm
[36marm_1          |[0m [INFO] [1675273257.611884984] [Arm]: Doing a_pick_up_sample
[36;1mrobot_1        |[0m [INFO] [1675273257.613076261] [Robot]: Doing a_approach_arm
[36;1mrobot_1        |[0m [INFO] [1675273257.629939795] [Robot]: Receiving sync message. a_pick_up_sample,arm1,robot1
[36;1mrobot_1        |[0m [INFO] [1675273257.631705929] [Robot]: not ready
[36marm_1          |[0m [INFO] [1675273257.634658544] [Arm]: not ready
[36marm_1          |[0m [INFO] [1675273257.636076065] [Arm]: Action result: False
[36marm_1          |[0m [INFO] [1675273257.637371835] [Arm]: Action: a_pick_up_sample
[36marm_1          |[0m [INFO] [1675273257.651077438] [Arm]: Doing a_pick_up_sample
[36;1mrobot_1        |[0m [INFO] [1675273257.654315160] [Robot]: Receiving sync message. a_pick_up_sample,arm1,robot1
[36;1mrobot_1        |[0m [INFO] [1675273257.656311773] [Robot]: not ready
[36marm_1          |[0m [INFO] [1675273257.666577556] [Arm]: not ready
[36marm_1          |[0m [INFO] [1675273257.670156508] [Arm]: Action result: False
[36marm_1          |[0m [INFO] [1675273257.672672248] [Arm]: Action: a_pick_up_sample
[36marm_1          |[0m [INFO] [1675273257.674503373] [Arm]: Doing a_pick_up_sample
[32menvironment_1  |[0m [INFO] [1675273257.681717999] [Environment]: Receiving message: a_approach_arm,robot1,arm1
[32menvironment_1  |[0m [INFO] [1675273257.684298523] [Environment]: Action: a_approach_arm
[36marm_1          |[0m [INFO] [1675273257.708569223] [Arm]: not ready
[36marm_1          |[0m [INFO] [1675273257.710113350] [Arm]: Action result: False
[36marm_1          |[0m [INFO] [1675273257.711897647] [Arm]: Action: a_pick_up_sample
[36;1mrobot_1        |[0m [INFO] [1675273257.687639691] [Robot]: Receiving sync message. a_pick_up_sample,arm1,robot1
[36;1mrobot_1        |[0m [INFO] [1675273257.704913731] [Robot]: not ready
[32menvironment_1  |[0m [INFO] [1675273257.721037732] [Environment]: Responding
[36marm_1          |[0m [INFO] [1675273257.724582229] [Arm]: Doing a_pick_up_sample
[36;1mrobot_1        |[0m [INFO] [1675273257.727667198] [Robot]: success
[36;1mrobot_1        |[0m [INFO] [1675273257.736717619] [Robot]: Action result: True
[36;1mrobot_1        |[0m [INFO] [1675273257.758184872] [Robot]: Receiving sync message. a_pick_up_sample,arm1,robot1
[36;1mrobot_1        |[0m [INFO] [1675273257.759714455] [Robot]: not ready
[36marm_1          |[0m [INFO] [1675273257.768371508] [Arm]: not ready
[36marm_1          |[0m [INFO] [1675273257.769690735] [Arm]: Action result: False
[36marm_1          |[0m [INFO] [1675273257.778913900] [Arm]: Action: a_pick_up_sample
[36marm_1          |[0m [INFO] [1675273257.780972120] [Arm]: Doing a_pick_up_sample
[36;1mrobot_1        |[0m [INFO] [1675273257.783362339] [Robot]: Receiving sync message. a_pick_up_sample,arm1,robot1
[36;1mrobot_1        |[0m [INFO] [1675273257.784950633] [Robot]: not ready
[36marm_1          |[0m [INFO] [1675273257.796365543] [Arm]: not ready
[36marm_1          |[0m [INFO] [1675273257.809412372] [Arm]: Action result: False
[36marm_1          |[0m [INFO] [1675273257.811964332] [Arm]: Action: a_pick_up_sample
[36;1mrobot_1        |[0m [INFO] [1675273257.833809961] [Robot]: Receiving sync message. a_pick_up_sample,arm1,robot1
[36marm_1          |[0m [INFO] [1675273257.814691961] [Arm]: Doing a_pick_up_sample
[36;1mrobot_1        |[0m [INFO] [1675273257.841854359] [Robot]: not ready
[36marm_1          |[0m [INFO] [1675273257.846055393] [Arm]: not ready
[36marm_1          |[0m [INFO] [1675273257.848212367] [Arm]: Action result: False
[33mcoordinator_1  |[0m [INFO] [1675273257.849597165] [Coordinator]: Receiving sync message: action_complete,a_approach_arm
[33mcoordinator_1  |[0m [INFO] [1675273257.851444904] [Coordinator]: action_complete
[36marm_1          |[0m [INFO] [1675273257.851255784] [Arm]: Action: a_pick_up_sample
[33mcoordinator_1  |[0m [INFO] [1675273257.859410446] [Coordinator]: plans_actions_current 8 of 11
[36;1mrobot_1        |[0m [INFO] [1675273257.871409050] [Robot]: Receiving sync message. a_pick_up_sample,arm1,robot1
[36;1mrobot_1        |[0m [INFO] [1675273257.873231078] [Robot]: not ready
[36marm_1          |[0m [INFO] [1675273257.863775940] [Arm]: Doing a_pick_up_sample
[36marm_1          |[0m [INFO] [1675273257.881050345] [Arm]: not ready
[36marm_1          |[0m [INFO] [1675273257.882920739] [Arm]: Action result: False
[36marm_1          |[0m [INFO] [1675273257.884705249] [Arm]: Action: a_pick_up_sample
[36marm_1          |[0m [INFO] [1675273257.886623615] [Arm]: Doing a_pick_up_sample
[36;1mrobot_1        |[0m [INFO] [1675273257.890326577] [Robot]: Receiving sync message. a_pick_up_sample,arm1,robot1
[36;1mrobot_1        |[0m [INFO] [1675273257.891566679] [Robot]: not ready
[36;1mrobot_1        |[0m [INFO] [1675273257.893806786] [Robot]: Action: a_open_drawer
[36;1mrobot_1        |[0m [INFO] [1675273257.894868818] [Robot]: Doing a_open_drawer
[36;1mrobot_1        |[0m [INFO] [1675273257.896355283] [Robot]: success
[36;1mrobot_1        |[0m [INFO] [1675273257.904218656] [Robot]: Action result: True
[36marm_1          |[0m [INFO] [1675273257.902713846] [Arm]: not ready
[36marm_1          |[0m [INFO] [1675273257.909193938] [Arm]: Action result: False
[36marm_1          |[0m [INFO] [1675273257.911671360] [Arm]: Action: a_pick_up_sample
[36marm_1          |[0m [INFO] [1675273257.916974055] [Arm]: Doing a_pick_up_sample
[33mcoordinator_1  |[0m [INFO] [1675273257.913917614] [Coordinator]: Receiving sync message: action_complete,a_open_drawer
[33mcoordinator_1  |[0m [INFO] [1675273257.918280069] [Coordinator]: action_complete
[33mcoordinator_1  |[0m [INFO] [1675273257.920540245] [Coordinator]: plans_actions_current 9 of 11
[36;1mrobot_1        |[0m [INFO] [1675273257.925725091] [Robot]: Receiving sync message. a_pick_up_sample,arm1,robot1
[36;1mrobot_1        |[0m [INFO] [1675273257.927868584] [Robot]: not ready
[36marm_1          |[0m [INFO] [1675273257.930976415] [Arm]: not ready
[36marm_1          |[0m [INFO] [1675273257.932266462] [Arm]: Action result: False
[36marm_1          |[0m [INFO] [1675273257.933495416] [Arm]: Action: a_pick_up_sample
[36;1mrobot_1        |[0m [INFO] [1675273257.938339936] [Robot]: Action: a_pick_up_sample
[36;1mrobot_1        |[0m [INFO] [1675273257.939266646] [Robot]: Doing a_pick_up_sample
[36;1mrobot_1        |[0m [INFO] [1675273257.940236713] [Robot]: wating for arm1 to pick up from robot1
[36;1mrobot_1        |[0m [INFO] [1675273257.944302588] [Robot]: Action result: False
[36;1mrobot_1        |[0m [INFO] [1675273257.945706512] [Robot]: Receiving sync message. a_pick_up_sample,arm1,robot1
[36marm_1          |[0m [INFO] [1675273257.936969824] [Arm]: Doing a_pick_up_sample
[36;1mrobot_1        |[0m [INFO] [1675273257.946871518] [Robot]: Pick up
[36marm_1          |[0m [INFO] [1675273257.950748263] [Arm]: success
[36marm_1          |[0m [INFO] [1675273257.952697809] [Arm]: Action result: True
[36;1mrobot_1        |[0m [INFO] [1675273257.957558087] [Robot]: Action: a_pick_up_sample
[36;1mrobot_1        |[0m [INFO] [1675273257.960314963] [Robot]: Doing a_pick_up_sample
[36;1mrobot_1        |[0m [INFO] [1675273257.961428684] [Robot]: Action result: True
[33mcoordinator_1  |[0m [INFO] [1675273257.974397565] [Coordinator]: Receiving sync message: action_complete,a_pick_up_sample
[33mcoordinator_1  |[0m [INFO] [1675273257.976733933] [Coordinator]: action_complete
[33mcoordinator_1  |[0m [INFO] [1675273257.981616209] [Coordinator]: plans_actions_current 10 of 11
[36;1mrobot_1        |[0m [INFO] [1675273257.991297337] [Robot]: Action: a_close_drawer
[36;1mrobot_1        |[0m [INFO] [1675273257.992395429] [Robot]: Doing a_close_drawer
[36;1mrobot_1        |[0m [INFO] [1675273257.993500912] [Robot]: success
[36;1mrobot_1        |[0m [INFO] [1675273257.994644397] [Robot]: Action result: True
[33mcoordinator_1  |[0m [INFO] [1675273258.050198099] [Coordinator]: Receiving sync message: action_complete,a_close_drawer
[33mcoordinator_1  |[0m [INFO] [1675273258.056884913] [Coordinator]: action_complete
[33mcoordinator_1  |[0m [INFO] [1675273258.070579257] [Coordinator]: plans_actions_current 11 of 11
[33mcoordinator_1  |[0m [INFO] [1675273258.073299517] [Coordinator]: The time of execution of above program is:1.6636512279510498
[33mcoordinator_1  |[0m [INFO] [1675273258.088849173] [Coordinator]: Achieved
[33mcoordinator_1  |[0m [INFO] [1675273258.095597330] [Coordinator]: ENDSIM
Stopping planning_planner_1     ... 
Stopping planning_nurse_1       ... 
Stopping planning_robot_1       ... 
Stopping planning_environment_1 ... 
Stopping planning_arm_1         ... 
Stopping planning_coordinator_1 ... 
Stopping planning_environment_1 ... done
[32mplanning_environment_1 exited with code 137
[0mStopping planning_robot_1       ... done
[36;1mplanning_robot_1 exited with code 137
[0mStopping planning_coordinator_1 ... done
[33mplanning_coordinator_1 exited with code 137
[0mStopping planning_planner_1     ... done
[34mplanning_planner_1 exited with code 137
[0m[35mplanning_nurse_1 exited with code 137
[0mStopping planning_nurse_1       ... done
[36mplanning_arm_1 exited with code 137
[0mStopping planning_arm_1         ... done
Removing planning_planner_1     ... 
Removing planning_nurse_1       ... 
Removing planning_robot_1       ... 
Removing planning_environment_1 ... 
Removing planning_arm_1         ... 
Removing planning_coordinator_1 ... 
Removing planning_planner_1     ... done
Removing planning_coordinator_1 ... done
Removing planning_arm_1         ... done
Removing planning_environment_1 ... done
Removing planning_robot_1       ... done
Removing planning_nurse_1       ... done
Removing network planning_ros
