Creating network "planning_ros" with the default driver
Creating planning_robot_1 ... 
Creating planning_environment_1 ... 
Creating planning_arm_1         ... 
Creating planning_nurse_1       ... 
Creating planning_coordinator_1 ... 
Creating planning_planner_1     ... 
Creating planning_planner_1     ... done
Creating planning_coordinator_1 ... done
Creating planning_nurse_1       ... done
Creating planning_arm_1         ... done
Creating planning_robot_1       ... done
Creating planning_environment_1 ... done
Attaching to planning_planner_1, planning_coordinator_1, planning_nurse_1, planning_robot_1, planning_arm_1, planning_environment_1
[33mcoordinator_1  |[0m [INFO] [1675263216.366477014] [Coordinator]: Starting Coordinator server
[33mcoordinator_1  |[0m [INFO] [1675263216.377657114] [Coordinator]: Coordinator server started
[33mcoordinator_1  |[0m [INFO] [1675263216.383284484] [Coordinator]: Starting Coordinator clients
[33mcoordinator_1  |[0m [INFO] [1675263217.401036049] [Coordinator]: planner sync service not available, waiting again...
[35mnurse_1        |[0m [INFO] [1675263217.500957282] [Nurse]: Starting Nurse server
[35mnurse_1        |[0m [INFO] [1675263217.516476598] [Nurse]: Nurse server started
[35mnurse_1        |[0m [INFO] [1675263217.517615026] [Nurse]: Starting Nurse clients
[36;1mrobot_1        |[0m [INFO] [1675263218.177983190] [Robot]: Starting Robot server
[36;1mrobot_1        |[0m [INFO] [1675263218.200224709] [Robot]: Robot server started
[36;1mrobot_1        |[0m [INFO] [1675263218.213489709] [Robot]: Starting Robots clients
[33mcoordinator_1  |[0m [INFO] [1675263218.412624498] [Coordinator]: planner sync service not available, waiting again...
[36marm_1          |[0m [INFO] [1675263218.419803275] [Arm]: Starting Arm server
[36marm_1          |[0m [INFO] [1675263218.440303046] [Arm]: Arm server started
[36marm_1          |[0m [INFO] [1675263218.443161226] [Arm]: Starting Nurse clients
[35mnurse_1        |[0m [INFO] [1675263218.551685506] [Nurse]: environment service not available, waiting again...
[32menvironment_1  |[0m [INFO] [1675263218.657450332] [Environment]: Starting Environment server
[32menvironment_1  |[0m [INFO] [1675263218.668423730] [Environment]: Environment server started
[36marm_1          |[0m [INFO] [1675263218.723797003] [Arm]: Nurse clients started
[36;1mrobot_1        |[0m [INFO] [1675263218.747598435] [Robot]: Robots clients started
[35mnurse_1        |[0m [INFO] [1675263218.804677804] [Nurse]: Nurse clients started
[35mnurse_1        |[0m [INFO] [1675263218.816520405] [Nurse]: Sent request
[33mcoordinator_1  |[0m [INFO] [1675263219.417659682] [Coordinator]: planner sync service not available, waiting again...
[33mcoordinator_1  |[0m [INFO] [1675263220.427173619] [Coordinator]: planner sync service not available, waiting again...
[34mplanner_1      |[0m [INFO] [1675263220.502381763] [Planner]: Starting Planner server
[34mplanner_1      |[0m [INFO] [1675263220.509194510] [Planner]: Planner server started
[33mcoordinator_1  |[0m [INFO] [1675263220.703351079] [Coordinator]: Coordinator clients started
[33mcoordinator_1  |[0m [INFO] [1675263220.768587743] [Coordinator]: Receiving message of nurse1 in room3.
[35mnurse_1        |[0m [INFO] [1675263220.791889986] [Nurse]: Request response:Okay!
[33mcoordinator_1  |[0m [INFO] [1675263220.784437684] [Coordinator]: Sending response
[33mcoordinator_1  |[0m [INFO] [1675263220.806102096] [Coordinator]: Planing
[33mcoordinator_1  |[0m [INFO] [1675263220.807858674] [Coordinator]: Creating plan for: robot1, nurse1, arm1 
[34mplanner_1      |[0m [INFO] [1675263220.860380485] [Planner]: Receiving sync message. need_plan,robot1,nurse1,arm1
[34mplanner_1      |[0m [INFO] [1675263220.892538361] [Planner]: Creating plan for: robot1 robot1 nurse1
[34mplanner_1      |[0m [INFO] [1675263220.908427973] [Planner]: a_navto,robot1,Room1
[34mplanner_1      |[0m [INFO] [1675263220.910515210] [Planner]: a_approach_nurse,robot1
[34mplanner_1      |[0m [INFO] [1675263220.912618610] [Planner]: a_authenticate_nurse,robot1,nurse1
[34mplanner_1      |[0m [INFO] [1675263220.920239032] [Planner]: a_open_drawer,robot1
[34mplanner_1      |[0m [INFO] [1675263220.921468124] [Planner]: a_deposit,nurse1,robot1
[34mplanner_1      |[0m [INFO] [1675263220.922533354] [Planner]: a_close_drawer,robot1
[34mplanner_1      |[0m [INFO] [1675263220.925216215] [Planner]: a_navto,robot1,Room3
[34mplanner_1      |[0m [INFO] [1675263220.927391879] [Planner]: a_approach_arm,robot1,arm1
[34mplanner_1      |[0m [INFO] [1675263220.929141738] [Planner]: a_open_drawer,robot1
[34mplanner_1      |[0m [INFO] [1675263220.936626200] [Planner]: a_pick_up_sample,arm1,robot1
[34mplanner_1      |[0m [INFO] [1675263220.941040442] [Planner]: a_close_drawer,robot1
[34mplanner_1      |[0m [INFO] [1675263220.943215563] [Planner]: Sending response
[33mcoordinator_1  |[0m [INFO] [1675263220.959336488] [Coordinator]: Plan received for: robot1, nurse1, arm1 
[33mcoordinator_1  |[0m [INFO] [1675263220.961372186] [Coordinator]: a_navto,robot1,Room1/a_approach_nurse,robot1/a_authenticate_nurse,robot1,nurse1/a_open_drawer,robot1/a_deposit,nurse1,robot1/a_close_drawer,robot1/a_navto,robot1,Room3/a_approach_arm,robot1,arm1/a_open_drawer,robot1/a_pick_up_sample,arm1,robot1/a_close_drawer,robot1
[33mcoordinator_1  |[0m [INFO] [1675263220.962875644] [Coordinator]: a_navto,robot1,Room1
[33mcoordinator_1  |[0m [INFO] [1675263220.964231053] [Coordinator]: a_approach_nurse,robot1
[33mcoordinator_1  |[0m [INFO] [1675263220.965583195] [Coordinator]: a_authenticate_nurse,robot1,nurse1
[33mcoordinator_1  |[0m [INFO] [1675263220.966994706] [Coordinator]: a_open_drawer,robot1
[33mcoordinator_1  |[0m [INFO] [1675263220.977084630] [Coordinator]: a_deposit,nurse1,robot1
[33mcoordinator_1  |[0m [INFO] [1675263220.979849353] [Coordinator]: a_close_drawer,robot1
[33mcoordinator_1  |[0m [INFO] [1675263220.981071605] [Coordinator]: a_navto,robot1,Room3
[33mcoordinator_1  |[0m [INFO] [1675263220.982509107] [Coordinator]: a_approach_arm,robot1,arm1
[33mcoordinator_1  |[0m [INFO] [1675263220.983982594] [Coordinator]: a_open_drawer,robot1
[33mcoordinator_1  |[0m [INFO] [1675263220.985645027] [Coordinator]: a_pick_up_sample,arm1,robot1
[33mcoordinator_1  |[0m [INFO] [1675263220.995438123] [Coordinator]: a_close_drawer,robot1
[33mcoordinator_1  |[0m [INFO] [1675263220.996910286] [Coordinator]: Sending plans
[33mcoordinator_1  |[0m [INFO] [1675263220.998621938] [Coordinator]: Plans sent
[36;1mrobot_1        |[0m [INFO] [1675263221.013326274] [Robot]: Receiving message.
[32menvironment_1  |[0m [INFO] [1675263221.022000452] [Environment]: Receiving message: monitor
[36marm_1          |[0m [INFO] [1675263221.028226878] [Arm]: Receiving message.
[35mnurse_1        |[0m [INFO] [1675263221.021197038] [Nurse]: Receiving message.
[35mnurse_1        |[0m [INFO] [1675263221.025066544] [Nurse]: Nurse's actions:
[35mnurse_1        |[0m [INFO] [1675263221.036497518] [Nurse]: Action: a_authenticate_nurse
[35mnurse_1        |[0m [INFO] [1675263221.041886108] [Nurse]: Doing a_authenticate_nurse
[36;1mrobot_1        |[0m [INFO] [1675263221.037482655] [Robot]: Robot's actions:
[36marm_1          |[0m [INFO] [1675263221.049624037] [Arm]: Arm's actions:
[32menvironment_1  |[0m [INFO] [1675263221.052726533] [Environment]: Action: monitor
[36marm_1          |[0m [INFO] [1675263221.052202296] [Arm]: a_approach_arm
[36;1mrobot_1        |[0m [INFO] [1675263221.041360996] [Robot]: a_navto
[36;1mrobot_1        |[0m [INFO] [1675263221.043494956] [Robot]: a_approach_nurse
[35mnurse_1        |[0m [INFO] [1675263221.056053411] [Nurse]: a_authenticate_nurse
[36marm_1          |[0m [INFO] [1675263221.061605650] [Arm]: Action: a_approach_arm
[32menvironment_1  |[0m [INFO] [1675263221.069036446] [Environment]: Receiving message: monitor
[36;1mrobot_1        |[0m [INFO] [1675263221.051079008] [Robot]: a_authenticate_nurse
[36;1mrobot_1        |[0m [INFO] [1675263221.058264928] [Robot]: a_open_drawer
[36;1mrobot_1        |[0m [INFO] [1675263221.069117264] [Robot]: a_deposit
[36;1mrobot_1        |[0m [INFO] [1675263221.070430548] [Robot]: a_close_drawer
[32menvironment_1  |[0m [INFO] [1675263221.071631722] [Environment]: Action: monitor
[36marm_1          |[0m [INFO] [1675263221.064855616] [Arm]: Doing a_approach_arm
[36marm_1          |[0m [INFO] [1675263221.065996786] [Arm]: a_pick_up_sample
[36;1mrobot_1        |[0m [INFO] [1675263221.077554158] [Robot]: Action: a_navto
[36;1mrobot_1        |[0m [INFO] [1675263221.079548029] [Robot]: Doing a_navto
[32menvironment_1  |[0m [INFO] [1675263221.079938641] [Environment]: Receiving message: a_approach_arm,robot1,arm1
[32menvironment_1  |[0m [INFO] [1675263221.081873689] [Environment]: Action: a_approach_arm
[36;1mrobot_1        |[0m [INFO] [1675263221.085822998] [Robot]: a_navto
[36;1mrobot_1        |[0m [INFO] [1675263221.086856463] [Robot]: a_open_drawer
[36;1mrobot_1        |[0m [INFO] [1675263221.087749094] [Robot]: a_pick_up_sample
[36;1mrobot_1        |[0m [INFO] [1675263221.091900490] [Robot]: a_close_drawer
[36;1mrobot_1        |[0m [INFO] [1675263221.096556909] [Robot]: Receiving sync message. a_authenticate_nurse,robot1,nurse1
[36;1mrobot_1        |[0m [INFO] [1675263221.099020879] [Robot]: not ready
[32menvironment_1  |[0m [INFO] [1675263221.087168222] [Environment]: Responding
[36marm_1          |[0m [INFO] [1675263221.105200925] [Arm]: success
[36marm_1          |[0m [INFO] [1675263221.106414780] [Arm]: Action result: True
[36marm_1          |[0m [INFO] [1675263221.107661017] [Arm]: Action: a_pick_up_sample
[36marm_1          |[0m [INFO] [1675263221.108827101] [Arm]: Doing a_pick_up_sample
[32menvironment_1  |[0m [INFO] [1675263221.109634604] [Environment]: Receiving message: monitor
[36;1mrobot_1        |[0m [INFO] [1675263221.114335327] [Robot]: Receiving sync message. a_pick_up_sample,arm1,robot1
[35mnurse_1        |[0m [INFO] [1675263221.110362473] [Nurse]: not ready
[36;1mrobot_1        |[0m [INFO] [1675263221.116238601] [Robot]: not ready
[36;1mrobot_1        |[0m [INFO] [1675263221.130655228] [Robot]: Receiving sync message. a_authenticate_nurse,robot1,nurse1
[35mnurse_1        |[0m [INFO] [1675263221.118662116] [Nurse]: Action result: False
[35mnurse_1        |[0m [INFO] [1675263221.121579953] [Nurse]: Action: a_authenticate_nurse
[35mnurse_1        |[0m [INFO] [1675263221.125110445] [Nurse]: Doing a_authenticate_nurse
[36marm_1          |[0m [INFO] [1675263221.127366706] [Arm]: not ready
[36;1mrobot_1        |[0m [INFO] [1675263221.133734897] [Robot]: not ready
[32menvironment_1  |[0m [INFO] [1675263221.122086041] [Environment]: Action: monitor
[32menvironment_1  |[0m [INFO] [1675263221.130176695] [Environment]: Receiving message: a_navto,robot1,Room1
[32menvironment_1  |[0m [INFO] [1675263221.140721887] [Environment]: Action: a_navto
[32menvironment_1  |[0m [INFO] [1675263221.143007590] [Environment]: Responding
[36marm_1          |[0m [INFO] [1675263221.140641931] [Arm]: Action result: False
[36marm_1          |[0m [INFO] [1675263221.142349535] [Arm]: Action: a_pick_up_sample
[36marm_1          |[0m [INFO] [1675263221.144156782] [Arm]: Doing a_pick_up_sample
[36;1mrobot_1        |[0m [INFO] [1675263221.146588281] [Robot]: Receiving sync message. a_pick_up_sample,arm1,robot1
[36;1mrobot_1        |[0m [INFO] [1675263221.147553716] [Robot]: not ready
[35mnurse_1        |[0m [INFO] [1675263221.145478960] [Nurse]: not ready
[35mnurse_1        |[0m [INFO] [1675263221.147064288] [Nurse]: Action result: False
[35mnurse_1        |[0m [INFO] [1675263221.148630354] [Nurse]: Action: a_authenticate_nurse
[36marm_1          |[0m [INFO] [1675263221.152188931] [Arm]: not ready
[36marm_1          |[0m [INFO] [1675263221.153999047] [Arm]: Action result: False
[35mnurse_1        |[0m [INFO] [1675263221.159374324] [Nurse]: Doing a_authenticate_nurse
[36marm_1          |[0m [INFO] [1675263221.164063904] [Arm]: Action: a_pick_up_sample
[36;1mrobot_1        |[0m [INFO] [1675263221.164979370] [Robot]: success
[36;1mrobot_1        |[0m [INFO] [1675263221.167113515] [Robot]: Action result: True
[36;1mrobot_1        |[0m [INFO] [1675263221.180334315] [Robot]: Receiving sync message. a_authenticate_nurse,robot1,nurse1
[36;1mrobot_1        |[0m [INFO] [1675263221.181240335] [Robot]: not ready
[36;1mrobot_1        |[0m [INFO] [1675263221.182847745] [Robot]: Receiving sync message. a_pick_up_sample,arm1,robot1
[36;1mrobot_1        |[0m [INFO] [1675263221.183755344] [Robot]: not ready
[36marm_1          |[0m [INFO] [1675263221.171164151] [Arm]: Doing a_pick_up_sample
[33mcoordinator_1  |[0m [INFO] [1675263221.178538624] [Coordinator]: Receiving sync message: action_complete,a_navto
[33mcoordinator_1  |[0m [INFO] [1675263221.179442358] [Coordinator]: action_complete
[32menvironment_1  |[0m [INFO] [1675263221.176260110] [Environment]: Receiving message: monitor
[36marm_1          |[0m [INFO] [1675263221.191734314] [Arm]: not ready
[33mcoordinator_1  |[0m [INFO] [1675263221.197389604] [Coordinator]: plans_actions_current 1 of 11
[36marm_1          |[0m [INFO] [1675263221.210485983] [Arm]: Action result: False
[36marm_1          |[0m [INFO] [1675263221.211682590] [Arm]: Action: a_pick_up_sample
[36marm_1          |[0m [INFO] [1675263221.213347364] [Arm]: Doing a_pick_up_sample
[35mnurse_1        |[0m [INFO] [1675263221.186930578] [Nurse]: not ready
[35mnurse_1        |[0m [INFO] [1675263221.189335445] [Nurse]: Action result: False
[35mnurse_1        |[0m [INFO] [1675263221.200765266] [Nurse]: Action: a_authenticate_nurse
[35mnurse_1        |[0m [INFO] [1675263221.202685522] [Nurse]: Doing a_authenticate_nurse
[36;1mrobot_1        |[0m [INFO] [1675263221.203671175] [Robot]: Action: a_approach_nurse
[36;1mrobot_1        |[0m [INFO] [1675263221.209470983] [Robot]: Doing a_approach_nurse
[36;1mrobot_1        |[0m [INFO] [1675263221.215662200] [Robot]: Receiving sync message. a_pick_up_sample,arm1,robot1
[32menvironment_1  |[0m [INFO] [1675263221.219132734] [Environment]: Action: monitor
[36;1mrobot_1        |[0m [INFO] [1675263221.222929921] [Robot]: not ready
[36marm_1          |[0m [INFO] [1675263221.229424655] [Arm]: not ready
[36marm_1          |[0m [INFO] [1675263221.232752313] [Arm]: Action result: False
[36;1mrobot_1        |[0m [INFO] [1675263221.232854000] [Robot]: Receiving sync message. a_authenticate_nurse,robot1,nurse1
[36;1mrobot_1        |[0m [INFO] [1675263221.234875715] [Robot]: not ready
[36marm_1          |[0m [INFO] [1675263221.239417519] [Arm]: Action: a_pick_up_sample
[35mnurse_1        |[0m [INFO] [1675263221.250320822] [Nurse]: not ready
[35mnurse_1        |[0m [INFO] [1675263221.252037705] [Nurse]: Action result: False
[36marm_1          |[0m [INFO] [1675263221.246338385] [Arm]: Doing a_pick_up_sample
[36;1mrobot_1        |[0m [INFO] [1675263221.250019150] [Robot]: Receiving sync message. a_pick_up_sample,arm1,robot1
[36;1mrobot_1        |[0m [INFO] [1675263221.252217312] [Robot]: not ready
[32menvironment_1  |[0m [INFO] [1675263221.257715714] [Environment]: Receiving message: a_approach_nurse,robot1
[36marm_1          |[0m [INFO] [1675263221.260303261] [Arm]: not ready
[36marm_1          |[0m [INFO] [1675263221.263536437] [Arm]: Action result: False
[36;1mrobot_1        |[0m [INFO] [1675263221.268537201] [Robot]: Receiving sync message. a_pick_up_sample,arm1,robot1
[36marm_1          |[0m [INFO] [1675263221.264828785] [Arm]: Action: a_pick_up_sample
[36marm_1          |[0m [INFO] [1675263221.265970313] [Arm]: Doing a_pick_up_sample
[35mnurse_1        |[0m [INFO] [1675263221.253915708] [Nurse]: Action: a_authenticate_nurse
[35mnurse_1        |[0m [INFO] [1675263221.266969666] [Nurse]: Doing a_authenticate_nurse
[32menvironment_1  |[0m [INFO] [1675263221.260895470] [Environment]: Action: a_approach_nurse
[36;1mrobot_1        |[0m [INFO] [1675263221.270601443] [Robot]: not ready
[36marm_1          |[0m [INFO] [1675263221.279630292] [Arm]: not ready
[36marm_1          |[0m [INFO] [1675263221.282203167] [Arm]: Action result: False
[36marm_1          |[0m [INFO] [1675263221.283956852] [Arm]: Action: a_pick_up_sample
[36marm_1          |[0m [INFO] [1675263221.285918275] [Arm]: Doing a_pick_up_sample
[36;1mrobot_1        |[0m [INFO] [1675263221.282138755] [Robot]: Receiving sync message. a_authenticate_nurse,robot1,nurse1
[36;1mrobot_1        |[0m [INFO] [1675263221.284357837] [Robot]: not ready
[36;1mrobot_1        |[0m [INFO] [1675263221.288742016] [Robot]: Receiving sync message. a_pick_up_sample,arm1,robot1
[36;1mrobot_1        |[0m [INFO] [1675263221.289953991] [Robot]: not ready
[35mnurse_1        |[0m [INFO] [1675263221.300370731] [Nurse]: not ready
[35mnurse_1        |[0m [INFO] [1675263221.301440472] [Nurse]: Action result: False
[35mnurse_1        |[0m [INFO] [1675263221.302457585] [Nurse]: Action: a_authenticate_nurse
[36marm_1          |[0m [INFO] [1675263221.308270261] [Arm]: not ready
[36marm_1          |[0m [INFO] [1675263221.311242086] [Arm]: Action result: False
[32menvironment_1  |[0m [INFO] [1675263221.312250710] [Environment]: Responding
[35mnurse_1        |[0m [INFO] [1675263221.307157641] [Nurse]: Doing a_authenticate_nurse
[36marm_1          |[0m [INFO] [1675263221.314360014] [Arm]: Action: a_pick_up_sample
[36;1mrobot_1        |[0m [INFO] [1675263221.312359108] [Robot]: Receiving sync message. a_authenticate_nurse,robot1,nurse1
[32menvironment_1  |[0m [INFO] [1675263221.314494421] [Environment]: Receiving message: monitor
[32menvironment_1  |[0m [INFO] [1675263221.315510037] [Environment]: Action: monitor
[35mnurse_1        |[0m [INFO] [1675263221.332318880] [Nurse]: not ready
[35mnurse_1        |[0m [INFO] [1675263221.333193374] [Nurse]: Action result: False
[35mnurse_1        |[0m [INFO] [1675263221.333928829] [Nurse]: Action: a_authenticate_nurse
[35mnurse_1        |[0m [INFO] [1675263221.334576207] [Nurse]: Doing a_authenticate_nurse
[36marm_1          |[0m [INFO] [1675263221.316498408] [Arm]: Doing a_pick_up_sample
[36;1mrobot_1        |[0m [INFO] [1675263221.314218897] [Robot]: not ready
[36;1mrobot_1        |[0m [INFO] [1675263221.332697671] [Robot]: Receiving sync message. a_pick_up_sample,arm1,robot1
[36;1mrobot_1        |[0m [INFO] [1675263221.340565170] [Robot]: not ready
[36;1mrobot_1        |[0m [INFO] [1675263221.345718803] [Robot]: Receiving sync message. a_authenticate_nurse,robot1,nurse1
[32menvironment_1  |[0m [INFO] [1675263221.344992356] [Environment]: Receiving message: monitor
[36;1mrobot_1        |[0m [INFO] [1675263221.347756006] [Robot]: not ready
[36;1mrobot_1        |[0m [INFO] [1675263221.352022430] [Robot]: success
[35mnurse_1        |[0m [INFO] [1675263221.351792279] [Nurse]: not ready
[35mnurse_1        |[0m [INFO] [1675263221.352632449] [Nurse]: Action result: False
[35mnurse_1        |[0m [INFO] [1675263221.353732286] [Nurse]: Action: a_authenticate_nurse
[36;1mrobot_1        |[0m [INFO] [1675263221.354614159] [Robot]: Action result: True
[35mnurse_1        |[0m [INFO] [1675263221.357165803] [Nurse]: Doing a_authenticate_nurse
[33mcoordinator_1  |[0m [INFO] [1675263221.362563693] [Coordinator]: Receiving sync message: action_complete,a_approach_nurse
[33mcoordinator_1  |[0m [INFO] [1675263221.364535821] [Coordinator]: action_complete
[33mcoordinator_1  |[0m [INFO] [1675263221.366013707] [Coordinator]: plans_actions_current 2 of 11
[36marm_1          |[0m [INFO] [1675263221.367888177] [Arm]: not ready
[32menvironment_1  |[0m [INFO] [1675263221.368572580] [Environment]: Action: monitor
[36marm_1          |[0m [INFO] [1675263221.372079151] [Arm]: Action result: False
[36;1mrobot_1        |[0m [INFO] [1675263221.373916356] [Robot]: Receiving sync message. a_authenticate_nurse,robot1,nurse1
[36;1mrobot_1        |[0m [INFO] [1675263221.378572406] [Robot]: not ready
[36;1mrobot_1        |[0m [INFO] [1675263221.382976427] [Robot]: Action: a_authenticate_nurse
[36marm_1          |[0m [INFO] [1675263221.380804725] [Arm]: Action: a_pick_up_sample
[36marm_1          |[0m [INFO] [1675263221.385429470] [Arm]: Doing a_pick_up_sample
[36;1mrobot_1        |[0m [INFO] [1675263221.389232673] [Robot]: Doing a_authenticate_nurse
[35mnurse_1        |[0m [INFO] [1675263221.383844472] [Nurse]: not ready
[35mnurse_1        |[0m [INFO] [1675263221.385058642] [Nurse]: Action result: False
[35mnurse_1        |[0m [INFO] [1675263221.385954514] [Nurse]: Action: a_authenticate_nurse
[35mnurse_1        |[0m [INFO] [1675263221.386672816] [Nurse]: Doing a_authenticate_nurse
[32menvironment_1  |[0m [INFO] [1675263221.392891960] [Environment]: Receiving message: monitor
[36;1mrobot_1        |[0m [INFO] [1675263221.393825669] [Robot]: wating for nurse1 to authenticate to robot1
[32menvironment_1  |[0m [INFO] [1675263221.395478012] [Environment]: Action: monitor
[36;1mrobot_1        |[0m [INFO] [1675263221.395938603] [Robot]: Action result: False
[36;1mrobot_1        |[0m [INFO] [1675263221.398114069] [Robot]: Action: a_authenticate_nurse
[36;1mrobot_1        |[0m [INFO] [1675263221.402522544] [Robot]: Receiving sync message. a_pick_up_sample,arm1,robot1
[36;1mrobot_1        |[0m [INFO] [1675263221.404234914] [Robot]: not ready
[36marm_1          |[0m [INFO] [1675263221.408036148] [Arm]: not ready
[36marm_1          |[0m [INFO] [1675263221.409086787] [Arm]: Action result: False
[36marm_1          |[0m [INFO] [1675263221.411998561] [Arm]: Action: a_pick_up_sample
[36marm_1          |[0m [INFO] [1675263221.413538364] [Arm]: Doing a_pick_up_sample
[32menvironment_1  |[0m [INFO] [1675263221.413078883] [Environment]: Receiving message: monitor
[32menvironment_1  |[0m [INFO] [1675263221.414883108] [Environment]: Action: monitor
[36;1mrobot_1        |[0m [INFO] [1675263221.407102147] [Robot]: Receiving sync message. a_authenticate_nurse,robot1,nurse1
[36;1mrobot_1        |[0m [INFO] [1675263221.410233593] [Robot]: Authenticate nurse
[36;1mrobot_1        |[0m [INFO] [1675263221.417618966] [Robot]: Doing a_authenticate_nurse
[36;1mrobot_1        |[0m [INFO] [1675263221.421175878] [Robot]: Receiving sync message. a_pick_up_sample,arm1,robot1
[35mnurse_1        |[0m [INFO] [1675263221.427475832] [Nurse]: success
[35mnurse_1        |[0m [INFO] [1675263221.430521341] [Nurse]: Action result: True
[36;1mrobot_1        |[0m [INFO] [1675263221.425406533] [Robot]: not ready
[36;1mrobot_1        |[0m [INFO] [1675263221.434657633] [Robot]: Action result: True
[33mcoordinator_1  |[0m [INFO] [1675263221.440836684] [Coordinator]: Receiving sync message: action_complete,a_authenticate_nurse
[32menvironment_1  |[0m [INFO] [1675263221.439806018] [Environment]: Receiving message: monitor
[36marm_1          |[0m [INFO] [1675263221.439476868] [Arm]: not ready
[36marm_1          |[0m [INFO] [1675263221.440851918] [Arm]: Action result: False
[36marm_1          |[0m [INFO] [1675263221.442209557] [Arm]: Action: a_pick_up_sample
[33mcoordinator_1  |[0m [INFO] [1675263221.444706537] [Coordinator]: action_complete
[33mcoordinator_1  |[0m [INFO] [1675263221.447881967] [Coordinator]: plans_actions_current 3 of 11
[32menvironment_1  |[0m [INFO] [1675263221.446001771] [Environment]: Action: monitor
[36marm_1          |[0m [INFO] [1675263221.453132884] [Arm]: Doing a_pick_up_sample
[36;1mrobot_1        |[0m [INFO] [1675263221.455353464] [Robot]: Action: a_open_drawer
[36;1mrobot_1        |[0m [INFO] [1675263221.457305083] [Robot]: Doing a_open_drawer
[36;1mrobot_1        |[0m [INFO] [1675263221.458991075] [Robot]: success
[35mnurse_1        |[0m [INFO] [1675263221.459618126] [Nurse]: Action: a_deposit
[35mnurse_1        |[0m [INFO] [1675263221.461677256] [Nurse]: Doing a_deposit
[32menvironment_1  |[0m [INFO] [1675263221.469875061] [Environment]: Receiving message: monitor
[36;1mrobot_1        |[0m [INFO] [1675263221.472274532] [Robot]: Receiving sync message. a_pick_up_sample,arm1,robot1
[32menvironment_1  |[0m [INFO] [1675263221.476732992] [Environment]: Action: monitor
[36;1mrobot_1        |[0m [INFO] [1675263221.473284275] [Robot]: not ready
[36;1mrobot_1        |[0m [INFO] [1675263221.476601289] [Robot]: Receiving sync message. a_deposit,nurse1,robot1
[36;1mrobot_1        |[0m [INFO] [1675263221.477548212] [Robot]: not ready
[36;1mrobot_1        |[0m [INFO] [1675263221.484000104] [Robot]: Action result: True
[35mnurse_1        |[0m [INFO] [1675263221.485197364] [Nurse]: not ready
[36marm_1          |[0m [INFO] [1675263221.476654790] [Arm]: not ready
[36marm_1          |[0m [INFO] [1675263221.478918259] [Arm]: Action result: False
[36marm_1          |[0m [INFO] [1675263221.481202738] [Arm]: Action: a_pick_up_sample
[36marm_1          |[0m [INFO] [1675263221.488934577] [Arm]: Doing a_pick_up_sample
[35mnurse_1        |[0m [INFO] [1675263221.490622043] [Nurse]: Action result: False
[35mnurse_1        |[0m [INFO] [1675263221.493492605] [Nurse]: Action: a_deposit
[36;1mrobot_1        |[0m [INFO] [1675263221.492905285] [Robot]: Receiving sync message. a_pick_up_sample,arm1,robot1
[36;1mrobot_1        |[0m [INFO] [1675263221.494298061] [Robot]: not ready
[33mcoordinator_1  |[0m [INFO] [1675263221.495920558] [Coordinator]: Receiving sync message: action_complete,a_open_drawer
[33mcoordinator_1  |[0m [INFO] [1675263221.498435898] [Coordinator]: action_complete
[36;1mrobot_1        |[0m [INFO] [1675263221.504301129] [Robot]: Receiving sync message. a_deposit,nurse1,robot1
[36;1mrobot_1        |[0m [INFO] [1675263221.506263617] [Robot]: not ready
[36marm_1          |[0m [INFO] [1675263221.502674190] [Arm]: not ready
[36marm_1          |[0m [INFO] [1675263221.511861176] [Arm]: Action result: False
[32menvironment_1  |[0m [INFO] [1675263221.503611311] [Environment]: Receiving message: monitor
[32menvironment_1  |[0m [INFO] [1675263221.505358340] [Environment]: Action: monitor
[36marm_1          |[0m [INFO] [1675263221.514073723] [Arm]: Action: a_pick_up_sample
[35mnurse_1        |[0m [INFO] [1675263221.501067350] [Nurse]: Doing a_deposit
[35mnurse_1        |[0m [INFO] [1675263221.513231946] [Nurse]: not ready
[35mnurse_1        |[0m [INFO] [1675263221.515031070] [Nurse]: Action result: False
[35mnurse_1        |[0m [INFO] [1675263221.516311352] [Nurse]: Action: a_deposit
[33mcoordinator_1  |[0m [INFO] [1675263221.512955115] [Coordinator]: plans_actions_current 4 of 11
[32menvironment_1  |[0m [INFO] [1675263221.524044919] [Environment]: Receiving message: monitor
[36;1mrobot_1        |[0m [INFO] [1675263221.533843384] [Robot]: Receiving sync message. a_pick_up_sample,arm1,robot1
[35mnurse_1        |[0m [INFO] [1675263221.527885865] [Nurse]: Doing a_deposit
[36marm_1          |[0m [INFO] [1675263221.520519464] [Arm]: Doing a_pick_up_sample
[36;1mrobot_1        |[0m [INFO] [1675263221.535066589] [Robot]: not ready
[36marm_1          |[0m [INFO] [1675263221.541702890] [Arm]: not ready
[36marm_1          |[0m [INFO] [1675263221.542556121] [Arm]: Action result: False
[36marm_1          |[0m [INFO] [1675263221.543273812] [Arm]: Action: a_pick_up_sample
[36marm_1          |[0m [INFO] [1675263221.549508871] [Arm]: Doing a_pick_up_sample
[36;1mrobot_1        |[0m [INFO] [1675263221.549572270] [Robot]: Receiving sync message. a_deposit,nurse1,robot1
[36;1mrobot_1        |[0m [INFO] [1675263221.551577423] [Robot]: not ready
[36marm_1          |[0m [INFO] [1675263221.570368612] [Arm]: not ready
[36marm_1          |[0m [INFO] [1675263221.572139997] [Arm]: Action result: False
[32menvironment_1  |[0m [INFO] [1675263221.557186959] [Environment]: Action: monitor
[36;1mrobot_1        |[0m [INFO] [1675263221.555293734] [Robot]: Action: a_deposit
[36;1mrobot_1        |[0m [INFO] [1675263221.556300160] [Robot]: Doing a_deposit
[36;1mrobot_1        |[0m [INFO] [1675263221.557112376] [Robot]: wating for nurse1 to deposit in robot1
[36;1mrobot_1        |[0m [INFO] [1675263221.558052165] [Robot]: Action result: False
[36;1mrobot_1        |[0m [INFO] [1675263221.559237131] [Robot]: Action: a_deposit
[36;1mrobot_1        |[0m [INFO] [1675263221.564202079] [Robot]: Doing a_deposit
[36;1mrobot_1        |[0m [INFO] [1675263221.566773605] [Robot]: Receiving sync message. a_pick_up_sample,arm1,robot1
[36;1mrobot_1        |[0m [INFO] [1675263221.567896620] [Robot]: not ready
[35mnurse_1        |[0m [INFO] [1675263221.571864098] [Nurse]: not ready
[35mnurse_1        |[0m [INFO] [1675263221.575875575] [Nurse]: Action result: False
[36marm_1          |[0m [INFO] [1675263221.576083282] [Arm]: Action: a_pick_up_sample
[36marm_1          |[0m [INFO] [1675263221.578281484] [Arm]: Doing a_pick_up_sample
[36;1mrobot_1        |[0m [INFO] [1675263221.582931929] [Robot]: wating for nurse1 to deposit in robot1
[32menvironment_1  |[0m [INFO] [1675263221.585312212] [Environment]: Receiving message: monitor
[32menvironment_1  |[0m [INFO] [1675263221.590312776] [Environment]: Action: monitor
[35mnurse_1        |[0m [INFO] [1675263221.587207993] [Nurse]: Action: a_deposit
[36;1mrobot_1        |[0m [INFO] [1675263221.589733005] [Robot]: Receiving sync message. a_pick_up_sample,arm1,robot1
[36;1mrobot_1        |[0m [INFO] [1675263221.592965543] [Robot]: Action result: False
[36;1mrobot_1        |[0m [INFO] [1675263221.594109421] [Robot]: Action: a_deposit
[36;1mrobot_1        |[0m [INFO] [1675263221.595263567] [Robot]: Doing a_deposit
[36;1mrobot_1        |[0m [INFO] [1675263221.598934324] [Robot]: not ready
[35mnurse_1        |[0m [INFO] [1675263221.604538681] [Nurse]: Doing a_deposit
[36marm_1          |[0m [INFO] [1675263221.606809140] [Arm]: not ready
[36marm_1          |[0m [INFO] [1675263221.608561461] [Arm]: Action result: False
[36marm_1          |[0m [INFO] [1675263221.611149030] [Arm]: Action: a_pick_up_sample
[36;1mrobot_1        |[0m [INFO] [1675263221.610377289] [Robot]: wating for nurse1 to deposit in robot1
[36marm_1          |[0m [INFO] [1675263221.613052617] [Arm]: Doing a_pick_up_sample
[32menvironment_1  |[0m [INFO] [1675263221.612617662] [Environment]: Receiving message: monitor
[32menvironment_1  |[0m [INFO] [1675263221.615153081] [Environment]: Action: monitor
[36;1mrobot_1        |[0m [INFO] [1675263221.616535396] [Robot]: Action result: False
[36;1mrobot_1        |[0m [INFO] [1675263221.619508609] [Robot]: Action: a_deposit
[36;1mrobot_1        |[0m [INFO] [1675263221.623383307] [Robot]: Receiving sync message. a_deposit,nurse1,robot1
[36;1mrobot_1        |[0m [INFO] [1675263221.624260540] [Robot]: Deposit
[36;1mrobot_1        |[0m [INFO] [1675263221.631094171] [Robot]: Doing a_deposit
[36;1mrobot_1        |[0m [INFO] [1675263221.632287411] [Robot]: Action result: True
[36;1mrobot_1        |[0m [INFO] [1675263221.634773831] [Robot]: Receiving sync message. a_pick_up_sample,arm1,robot1
[33mcoordinator_1  |[0m [INFO] [1675263221.634529785] [Coordinator]: Receiving sync message: action_complete,a_deposit
[36;1mrobot_1        |[0m [INFO] [1675263221.636717681] [Robot]: not ready
[33mcoordinator_1  |[0m [INFO] [1675263221.636137037] [Coordinator]: action_complete
[33mcoordinator_1  |[0m [INFO] [1675263221.637918413] [Coordinator]: plans_actions_current 5 of 11
[35mnurse_1        |[0m [INFO] [1675263221.642447812] [Nurse]: success
[33mcoordinator_1  |[0m [INFO] [1675263221.657284270] [Coordinator]: Receiving sync message: action_complete,a_close_drawer
[36;1mrobot_1        |[0m [INFO] [1675263221.647340765] [Robot]: Action: a_close_drawer
[36;1mrobot_1        |[0m [INFO] [1675263221.649341693] [Robot]: Doing a_close_drawer
[36;1mrobot_1        |[0m [INFO] [1675263221.650577747] [Robot]: success
[36;1mrobot_1        |[0m [INFO] [1675263221.651706073] [Robot]: Action result: True
[36marm_1          |[0m [INFO] [1675263221.648030371] [Arm]: not ready
[36marm_1          |[0m [INFO] [1675263221.650734163] [Arm]: Action result: False
[36marm_1          |[0m [INFO] [1675263221.653424010] [Arm]: Action: a_pick_up_sample
[35mnurse_1        |[0m [INFO] [1675263221.653502742] [Nurse]: Action result: True
[36marm_1          |[0m [INFO] [1675263221.659487554] [Arm]: Doing a_pick_up_sample
[33mcoordinator_1  |[0m [INFO] [1675263221.659561347] [Coordinator]: action_complete
[33mcoordinator_1  |[0m [INFO] [1675263221.674341067] [Coordinator]: plans_actions_current 6 of 11
[36;1mrobot_1        |[0m [INFO] [1675263221.666689202] [Robot]: Receiving sync message. a_pick_up_sample,arm1,robot1
[36;1mrobot_1        |[0m [INFO] [1675263221.668346826] [Robot]: not ready
[36;1mrobot_1        |[0m [INFO] [1675263221.677680924] [Robot]: Action: a_navto
[36;1mrobot_1        |[0m [INFO] [1675263221.678579183] [Robot]: Doing a_navto
[36;1mrobot_1        |[0m [INFO] [1675263221.685363913] [Robot]: Receiving sync message. a_pick_up_sample,arm1,robot1
[36;1mrobot_1        |[0m [INFO] [1675263221.686476292] [Robot]: not ready
[36marm_1          |[0m [INFO] [1675263221.673603429] [Arm]: not ready
[32menvironment_1  |[0m [INFO] [1675263221.672579240] [Environment]: Receiving message: monitor
[32menvironment_1  |[0m [INFO] [1675263221.687923420] [Environment]: Action: monitor
[36marm_1          |[0m [INFO] [1675263221.674695335] [Arm]: Action result: False
[36marm_1          |[0m [INFO] [1675263221.681949196] [Arm]: Action: a_pick_up_sample
[36marm_1          |[0m [INFO] [1675263221.682951049] [Arm]: Doing a_pick_up_sample
[36marm_1          |[0m [INFO] [1675263221.692007964] [Arm]: not ready
[36marm_1          |[0m [INFO] [1675263221.693505833] [Arm]: Action result: False
[36marm_1          |[0m [INFO] [1675263221.696270684] [Arm]: Action: a_pick_up_sample
[36marm_1          |[0m [INFO] [1675263221.704855120] [Arm]: Doing a_pick_up_sample
[36;1mrobot_1        |[0m [INFO] [1675263221.712540362] [Robot]: Receiving sync message. a_pick_up_sample,arm1,robot1
[36;1mrobot_1        |[0m [INFO] [1675263221.713731675] [Robot]: not ready
[36marm_1          |[0m [INFO] [1675263221.724856583] [Arm]: not ready
[36marm_1          |[0m [INFO] [1675263221.726634850] [Arm]: Action result: False
[36marm_1          |[0m [INFO] [1675263221.731090434] [Arm]: Action: a_pick_up_sample
[36marm_1          |[0m [INFO] [1675263221.736243869] [Arm]: Doing a_pick_up_sample
[32menvironment_1  |[0m [INFO] [1675263221.742331703] [Environment]: Receiving message: a_navto,robot1,Room3
[36;1mrobot_1        |[0m [INFO] [1675263221.743418265] [Robot]: Receiving sync message. a_pick_up_sample,arm1,robot1
[36;1mrobot_1        |[0m [INFO] [1675263221.745679961] [Robot]: not ready
[36marm_1          |[0m [INFO] [1675263221.757088133] [Arm]: not ready
[32menvironment_1  |[0m [INFO] [1675263221.755071435] [Environment]: Action: a_navto
[32menvironment_1  |[0m [INFO] [1675263221.755940714] [Environment]: Responding
[36;1mrobot_1        |[0m [INFO] [1675263221.764731316] [Robot]: success
[36;1mrobot_1        |[0m [INFO] [1675263221.767552022] [Robot]: Action result: True
[36;1mrobot_1        |[0m [INFO] [1675263221.782534083] [Robot]: Receiving sync message. a_pick_up_sample,arm1,robot1
[36marm_1          |[0m [INFO] [1675263221.761277756] [Arm]: Action result: False
[36marm_1          |[0m [INFO] [1675263221.773023449] [Arm]: Action: a_pick_up_sample
[36marm_1          |[0m [INFO] [1675263221.773903257] [Arm]: Doing a_pick_up_sample
[33mcoordinator_1  |[0m [INFO] [1675263221.780943496] [Coordinator]: Receiving sync message: action_complete,a_navto
[33mcoordinator_1  |[0m [INFO] [1675263221.789608962] [Coordinator]: action_complete
[33mcoordinator_1  |[0m [INFO] [1675263221.796639739] [Coordinator]: plans_actions_current 7 of 11
[36;1mrobot_1        |[0m [INFO] [1675263221.794569948] [Robot]: not ready
[36marm_1          |[0m [INFO] [1675263221.803350116] [Arm]: not ready
[36marm_1          |[0m [INFO] [1675263221.804544739] [Arm]: Action result: False
[36marm_1          |[0m [INFO] [1675263221.805469905] [Arm]: Action: a_pick_up_sample
[36marm_1          |[0m [INFO] [1675263221.806754776] [Arm]: Doing a_pick_up_sample
[32menvironment_1  |[0m [INFO] [1675263221.816546473] [Environment]: Receiving message: monitor
[36;1mrobot_1        |[0m [INFO] [1675263221.813250181] [Robot]: Receiving sync message. a_pick_up_sample,arm1,robot1
[36;1mrobot_1        |[0m [INFO] [1675263221.815185693] [Robot]: not ready
[32menvironment_1  |[0m [INFO] [1675263221.818815824] [Environment]: Action: monitor
[36;1mrobot_1        |[0m [INFO] [1675263221.832870745] [Robot]: Receiving sync message. a_pick_up_sample,arm1,robot1
[36marm_1          |[0m [INFO] [1675263221.821054126] [Arm]: not ready
[36marm_1          |[0m [INFO] [1675263221.822277845] [Arm]: Action result: False
[36marm_1          |[0m [INFO] [1675263221.823600936] [Arm]: Action: a_pick_up_sample
[36marm_1          |[0m [INFO] [1675263221.824747538] [Arm]: Doing a_pick_up_sample
[36;1mrobot_1        |[0m [INFO] [1675263221.834859530] [Robot]: not ready
[36;1mrobot_1        |[0m [INFO] [1675263221.844877459] [Robot]: Action: a_approach_arm
[36marm_1          |[0m [INFO] [1675263221.846922677] [Arm]: not ready
[36marm_1          |[0m [INFO] [1675263221.848118390] [Arm]: Action result: False
[36;1mrobot_1        |[0m [INFO] [1675263221.851691603] [Robot]: Doing a_approach_arm
[32menvironment_1  |[0m [INFO] [1675263221.853529164] [Environment]: Receiving message: monitor
[36;1mrobot_1        |[0m [INFO] [1675263221.869295027] [Robot]: Receiving sync message. a_pick_up_sample,arm1,robot1
[36;1mrobot_1        |[0m [INFO] [1675263221.871743942] [Robot]: not ready
[36marm_1          |[0m [INFO] [1675263221.862325795] [Arm]: Action: a_pick_up_sample
[36marm_1          |[0m [INFO] [1675263221.865218523] [Arm]: Doing a_pick_up_sample
[32menvironment_1  |[0m [INFO] [1675263221.855946526] [Environment]: Action: monitor
[36marm_1          |[0m [INFO] [1675263221.887967614] [Arm]: not ready
[36;1mrobot_1        |[0m [INFO] [1675263221.914737287] [Robot]: Receiving sync message. a_pick_up_sample,arm1,robot1
[36;1mrobot_1        |[0m [INFO] [1675263221.917050837] [Robot]: not ready
[36marm_1          |[0m [INFO] [1675263221.899688444] [Arm]: Action result: False
[36marm_1          |[0m [INFO] [1675263221.901837864] [Arm]: Action: a_pick_up_sample
[36marm_1          |[0m [INFO] [1675263221.904475101] [Arm]: Doing a_pick_up_sample
[36marm_1          |[0m [INFO] [1675263221.933569755] [Arm]: not ready
[36;1mrobot_1        |[0m [INFO] [1675263221.981950385] [Robot]: Receiving sync message. a_pick_up_sample,arm1,robot1
[36;1mrobot_1        |[0m [INFO] [1675263221.983820104] [Robot]: not ready
[36marm_1          |[0m [INFO] [1675263221.937689387] [Arm]: Action result: False
[36marm_1          |[0m [INFO] [1675263221.940149599] [Arm]: Action: a_pick_up_sample
[36marm_1          |[0m [INFO] [1675263221.961971055] [Arm]: Doing a_pick_up_sample
[36marm_1          |[0m [INFO] [1675263221.987460630] [Arm]: not ready
[36marm_1          |[0m [INFO] [1675263221.997434575] [Arm]: Action result: False
[36marm_1          |[0m [INFO] [1675263221.998972367] [Arm]: Action: a_pick_up_sample
[36marm_1          |[0m [INFO] [1675263222.000848115] [Arm]: Doing a_pick_up_sample
[36;1mrobot_1        |[0m [INFO] [1675263222.004317777] [Robot]: Receiving sync message. a_pick_up_sample,arm1,robot1
[36;1mrobot_1        |[0m [INFO] [1675263222.006410134] [Robot]: not ready
[32menvironment_1  |[0m [INFO] [1675263222.025865457] [Environment]: Receiving message: a_approach_arm,robot1,arm1
[32menvironment_1  |[0m [INFO] [1675263222.032079661] [Environment]: Action: a_approach_arm
[36marm_1          |[0m [INFO] [1675263222.030816188] [Arm]: not ready
[36marm_1          |[0m [INFO] [1675263222.037320278] [Arm]: Action result: False
[36marm_1          |[0m [INFO] [1675263222.039248318] [Arm]: Action: a_pick_up_sample
[36marm_1          |[0m [INFO] [1675263222.041117026] [Arm]: Doing a_pick_up_sample
[36;1mrobot_1        |[0m [INFO] [1675263222.047123618] [Robot]: Receiving sync message. a_pick_up_sample,arm1,robot1
[36;1mrobot_1        |[0m [INFO] [1675263222.048406311] [Robot]: not ready
[36marm_1          |[0m [INFO] [1675263222.063191350] [Arm]: not ready
[36marm_1          |[0m [INFO] [1675263222.064412931] [Arm]: Action result: False
[36marm_1          |[0m [INFO] [1675263222.065554296] [Arm]: Action: a_pick_up_sample
[36marm_1          |[0m [INFO] [1675263222.068388679] [Arm]: Doing a_pick_up_sample
[36marm_1          |[0m [INFO] [1675263222.080227338] [Arm]: not ready
[36;1mrobot_1        |[0m [INFO] [1675263222.073341524] [Robot]: Receiving sync message. a_pick_up_sample,arm1,robot1
[36;1mrobot_1        |[0m [INFO] [1675263222.075184547] [Robot]: not ready
[36;1mrobot_1        |[0m [INFO] [1675263222.098706405] [Robot]: Receiving sync message. a_pick_up_sample,arm1,robot1
[36marm_1          |[0m [INFO] [1675263222.089679983] [Arm]: Action result: False
[36marm_1          |[0m [INFO] [1675263222.091768906] [Arm]: Action: a_pick_up_sample
[36marm_1          |[0m [INFO] [1675263222.095439705] [Arm]: Doing a_pick_up_sample
[36;1mrobot_1        |[0m [INFO] [1675263222.109148049] [Robot]: not ready
[36marm_1          |[0m [INFO] [1675263222.114051474] [Arm]: not ready
[36marm_1          |[0m [INFO] [1675263222.115484842] [Arm]: Action result: False
[36marm_1          |[0m [INFO] [1675263222.116887380] [Arm]: Action: a_pick_up_sample
[36marm_1          |[0m [INFO] [1675263222.130373869] [Arm]: Doing a_pick_up_sample
[36;1mrobot_1        |[0m [INFO] [1675263222.134315429] [Robot]: Receiving sync message. a_pick_up_sample,arm1,robot1
[36;1mrobot_1        |[0m [INFO] [1675263222.146152466] [Robot]: not ready
[36marm_1          |[0m [INFO] [1675263222.160889303] [Arm]: not ready
[36marm_1          |[0m [INFO] [1675263222.162098125] [Arm]: Action result: False
[36marm_1          |[0m [INFO] [1675263222.163500627] [Arm]: Action: a_pick_up_sample
[36;1mrobot_1        |[0m [INFO] [1675263222.172917881] [Robot]: Receiving sync message. a_pick_up_sample,arm1,robot1
[36marm_1          |[0m [INFO] [1675263222.164629564] [Arm]: Doing a_pick_up_sample
[36;1mrobot_1        |[0m [INFO] [1675263222.175322789] [Robot]: not ready
[32menvironment_1  |[0m [INFO] [1675263222.179294765] [Environment]: Responding
[32menvironment_1  |[0m [INFO] [1675263222.181057773] [Environment]: Receiving message: monitor
[36marm_1          |[0m [INFO] [1675263222.211967470] [Arm]: not ready
[32menvironment_1  |[0m [INFO] [1675263222.204354748] [Environment]: Action: monitor
[33mcoordinator_1  |[0m [INFO] [1675263222.216807378] [Coordinator]: Receiving sync message: action_complete,a_approach_arm
[36;1mrobot_1        |[0m [INFO] [1675263222.211712281] [Robot]: success
[36;1mrobot_1        |[0m [INFO] [1675263222.213322444] [Robot]: Action result: True
[36marm_1          |[0m [INFO] [1675263222.223387996] [Arm]: Action result: False
[36marm_1          |[0m [INFO] [1675263222.224376034] [Arm]: Action: a_pick_up_sample
[36marm_1          |[0m [INFO] [1675263222.225116528] [Arm]: Doing a_pick_up_sample
[32menvironment_1  |[0m [INFO] [1675263222.232670322] [Environment]: Receiving message: monitor
[32menvironment_1  |[0m [INFO] [1675263222.233650437] [Environment]: Action: monitor
[36;1mrobot_1        |[0m [INFO] [1675263222.242461327] [Robot]: Receiving sync message. a_pick_up_sample,arm1,robot1
[36;1mrobot_1        |[0m [INFO] [1675263222.244217574] [Robot]: not ready
[33mcoordinator_1  |[0m [INFO] [1675263222.218586826] [Coordinator]: action_complete
[33mcoordinator_1  |[0m [INFO] [1675263222.228625331] [Coordinator]: plans_actions_current 8 of 11
[36marm_1          |[0m [INFO] [1675263222.251644151] [Arm]: not ready
[36marm_1          |[0m [INFO] [1675263222.252746996] [Arm]: Action result: False
[36;1mrobot_1        |[0m [INFO] [1675263222.248743040] [Robot]: Action: a_open_drawer
[36;1mrobot_1        |[0m [INFO] [1675263222.251152547] [Robot]: Doing a_open_drawer
[36;1mrobot_1        |[0m [INFO] [1675263222.254265875] [Robot]: success
[36marm_1          |[0m [INFO] [1675263222.263767695] [Arm]: Action: a_pick_up_sample
[36marm_1          |[0m [INFO] [1675263222.266309531] [Arm]: Doing a_pick_up_sample
[36;1mrobot_1        |[0m [INFO] [1675263222.280690373] [Robot]: Action result: True
[33mcoordinator_1  |[0m [INFO] [1675263222.289102669] [Coordinator]: Receiving sync message: action_complete,a_open_drawer
[33mcoordinator_1  |[0m [INFO] [1675263222.291002619] [Coordinator]: action_complete
[36;1mrobot_1        |[0m [INFO] [1675263222.295875377] [Robot]: Receiving sync message. a_pick_up_sample,arm1,robot1
[33mcoordinator_1  |[0m [INFO] [1675263222.296805158] [Coordinator]: plans_actions_current 9 of 11
[36;1mrobot_1        |[0m [INFO] [1675263222.298651825] [Robot]: not ready
[36;1mrobot_1        |[0m [INFO] [1675263222.312956443] [Robot]: Action: a_pick_up_sample
[36;1mrobot_1        |[0m [INFO] [1675263222.315076354] [Robot]: Doing a_pick_up_sample
[36marm_1          |[0m [INFO] [1675263222.316088741] [Arm]: not ready
[36marm_1          |[0m [INFO] [1675263222.317271627] [Arm]: Action result: False
[36marm_1          |[0m [INFO] [1675263222.318564424] [Arm]: Action: a_pick_up_sample
[36marm_1          |[0m [INFO] [1675263222.319738671] [Arm]: Doing a_pick_up_sample
[36marm_1          |[0m [INFO] [1675263222.339413992] [Arm]: success
[36marm_1          |[0m [INFO] [1675263222.341341922] [Arm]: Action result: True
[36;1mrobot_1        |[0m [INFO] [1675263222.332827802] [Robot]: Receiving sync message. a_pick_up_sample,arm1,robot1
[36;1mrobot_1        |[0m [INFO] [1675263222.333894198] [Robot]: Pick up
[36;1mrobot_1        |[0m [INFO] [1675263222.344339169] [Robot]: wating for arm1 to pick up from robot1
[36;1mrobot_1        |[0m [INFO] [1675263222.347074399] [Robot]: Action result: False
[36;1mrobot_1        |[0m [INFO] [1675263222.349864600] [Robot]: Action: a_pick_up_sample
[36;1mrobot_1        |[0m [INFO] [1675263222.365156208] [Robot]: Doing a_pick_up_sample
[33mcoordinator_1  |[0m [INFO] [1675263222.372171153] [Coordinator]: Receiving sync message: action_complete,a_pick_up_sample
[33mcoordinator_1  |[0m [INFO] [1675263222.373544247] [Coordinator]: action_complete
[33mcoordinator_1  |[0m [INFO] [1675263222.374987537] [Coordinator]: plans_actions_current 10 of 11
[36;1mrobot_1        |[0m [INFO] [1675263222.369037174] [Robot]: Action result: True
[32menvironment_1  |[0m [INFO] [1675263222.382468746] [Environment]: Receiving message: monitor
[32menvironment_1  |[0m [INFO] [1675263222.404895376] [Environment]: Action: monitor
[36;1mrobot_1        |[0m [INFO] [1675263222.410586871] [Robot]: Action: a_close_drawer
[36;1mrobot_1        |[0m [INFO] [1675263222.412350310] [Robot]: Doing a_close_drawer
[32menvironment_1  |[0m [INFO] [1675263222.420439200] [Environment]: Receiving message: monitor
[32menvironment_1  |[0m [INFO] [1675263222.425370653] [Environment]: Action: monitor
[36;1mrobot_1        |[0m [INFO] [1675263222.425873728] [Robot]: success
[36;1mrobot_1        |[0m [INFO] [1675263222.427066333] [Robot]: Action result: True
[33mcoordinator_1  |[0m [INFO] [1675263222.430151811] [Coordinator]: Receiving sync message: action_complete,a_close_drawer
[33mcoordinator_1  |[0m [INFO] [1675263222.442444818] [Coordinator]: action_complete
[33mcoordinator_1  |[0m [INFO] [1675263222.444175272] [Coordinator]: plans_actions_current 11 of 11
[33mcoordinator_1  |[0m [INFO] [1675263222.458251725] [Coordinator]: The time of execution of above program is:1.7266833782196045
[33mcoordinator_1  |[0m [INFO] [1675263222.461185876] [Coordinator]: Achieved
[33mcoordinator_1  |[0m [INFO] [1675263222.473266449] [Coordinator]: ENDSIM
Stopping planning_planner_1     ... 
Stopping planning_environment_1 ... 
Stopping planning_nurse_1       ... 
Stopping planning_coordinator_1 ... 
Stopping planning_arm_1         ... 
Stopping planning_robot_1       ... 
[35mplanning_nurse_1 exited with code 137
[0mStopping planning_nurse_1       ... done
Stopping planning_coordinator_1 ... done
[33mplanning_coordinator_1 exited with code 137
[0mStopping planning_planner_1     ... done
[34mplanning_planner_1 exited with code 137
[0mStopping planning_arm_1         ... done
[36mplanning_arm_1 exited with code 137
[0m[36;1mplanning_robot_1 exited with code 137
[0mStopping planning_robot_1       ... done
Stopping planning_environment_1 ... done
[32mplanning_environment_1 exited with code 137
[0mRemoving planning_planner_1     ... 
Removing planning_environment_1 ... 
Removing planning_nurse_1       ... 
Removing planning_coordinator_1 ... 
Removing planning_arm_1         ... 
Removing planning_robot_1       ... 
Removing planning_planner_1     ... done
Removing planning_arm_1         ... done
Removing planning_environment_1 ... done
Removing planning_coordinator_1 ... done
Removing planning_nurse_1       ... done
Removing planning_robot_1       ... done
Removing network planning_ros
