Creating network "planning_ros" with the default driver
Creating planning_nurse_1 ... 
Creating planning_coordinator_1 ... 
Creating planning_arm_1         ... 
Creating planning_planner_1     ... 
Creating planning_environment_1 ... 
Creating planning_robot_1       ... 
Creating planning_coordinator_1 ... done
Creating planning_nurse_1       ... done
Creating planning_environment_1 ... done
Creating planning_planner_1     ... done
Creating planning_arm_1         ... done
Creating planning_robot_1       ... done
Attaching to planning_coordinator_1, planning_nurse_1, planning_environment_1, planning_planner_1, planning_arm_1, planning_robot_1
[33mcoordinator_1  |[0m [INFO] [1675265419.836194797] [Coordinator]: Starting Coordinator server
[33mcoordinator_1  |[0m [INFO] [1675265419.841374306] [Coordinator]: Coordinator server started
[33mcoordinator_1  |[0m [INFO] [1675265419.855489878] [Coordinator]: Starting Coordinator clients
[35mnurse_1        |[0m [INFO] [1675265420.465025301] [Nurse]: Starting Nurse server
[35mnurse_1        |[0m [INFO] [1675265420.499553640] [Nurse]: Nurse server started
[35mnurse_1        |[0m [INFO] [1675265420.513348680] [Nurse]: Starting Nurse clients
[33mcoordinator_1  |[0m [INFO] [1675265420.877454303] [Coordinator]: planner sync service not available, waiting again...
[32menvironment_1  |[0m [INFO] [1675265421.077510492] [Environment]: Starting Environment server
[32menvironment_1  |[0m [INFO] [1675265421.094343690] [Environment]: Environment server started
[36marm_1          |[0m [INFO] [1675265421.802737330] [Arm]: Starting Arm server
[36marm_1          |[0m [INFO] [1675265421.833166839] [Arm]: Arm server started
[36;1mrobot_1        |[0m [INFO] [1675265421.837087132] [Robot]: Starting Robot server
[36marm_1          |[0m [INFO] [1675265421.863113612] [Arm]: Starting Nurse clients
[36;1mrobot_1        |[0m [INFO] [1675265421.879776455] [Robot]: Robot server started
[36marm_1          |[0m [INFO] [1675265421.885131827] [Arm]: Nurse clients started
[36;1mrobot_1        |[0m [INFO] [1675265421.884781667] [Robot]: Starting Robots clients
[33mcoordinator_1  |[0m [INFO] [1675265421.888023318] [Coordinator]: planner sync service not available, waiting again...
[36;1mrobot_1        |[0m [INFO] [1675265421.919609548] [Robot]: Robots clients started
[35mnurse_1        |[0m [INFO] [1675265422.047755970] [Nurse]: Nurse clients started
[35mnurse_1        |[0m [INFO] [1675265422.062066016] [Nurse]: Sent request
[33mcoordinator_1  |[0m [INFO] [1675265422.910331823] [Coordinator]: planner sync service not available, waiting again...
[33mcoordinator_1  |[0m [INFO] [1675265423.914704352] [Coordinator]: planner sync service not available, waiting again...
[33mcoordinator_1  |[0m [INFO] [1675265424.929898699] [Coordinator]: planner sync service not available, waiting again...
[34mplanner_1      |[0m [INFO] [1675265425.712085766] [Planner]: Starting Planner server
[34mplanner_1      |[0m [INFO] [1675265425.732663141] [Planner]: Planner server started
[33mcoordinator_1  |[0m [INFO] [1675265425.980144566] [Coordinator]: Coordinator clients started
[33mcoordinator_1  |[0m [INFO] [1675265425.989707103] [Coordinator]: Receiving message of nurse1 in room3.
[33mcoordinator_1  |[0m [INFO] [1675265425.991437789] [Coordinator]: Sending response
[35mnurse_1        |[0m [INFO] [1675265425.996345691] [Nurse]: Request response:Okay!
[33mcoordinator_1  |[0m [INFO] [1675265426.009317571] [Coordinator]: Planing
[33mcoordinator_1  |[0m [INFO] [1675265426.011247566] [Coordinator]: Creating plan for: robot1, nurse1, arm1 
[34mplanner_1      |[0m [INFO] [1675265426.014875746] [Planner]: Receiving sync message. need_plan,robot1,nurse1,arm1
[34mplanner_1      |[0m [INFO] [1675265426.015935998] [Planner]: Creating plan for: robot1 robot1 nurse1
[34mplanner_1      |[0m [INFO] [1675265426.018839100] [Planner]: a_navto,robot1,Room1
[34mplanner_1      |[0m [INFO] [1675265426.028380002] [Planner]: a_approach_nurse,robot1
[34mplanner_1      |[0m [INFO] [1675265426.031170051] [Planner]: a_authenticate_nurse,robot1,nurse1
[34mplanner_1      |[0m [INFO] [1675265426.033788387] [Planner]: a_open_drawer,robot1
[34mplanner_1      |[0m [INFO] [1675265426.041619230] [Planner]: a_deposit,nurse1,robot1
[34mplanner_1      |[0m [INFO] [1675265426.044997536] [Planner]: a_close_drawer,robot1
[34mplanner_1      |[0m [INFO] [1675265426.048626107] [Planner]: a_navto,robot1,Room3
[34mplanner_1      |[0m [INFO] [1675265426.050290070] [Planner]: a_approach_arm,robot1,arm1
[34mplanner_1      |[0m [INFO] [1675265426.065831879] [Planner]: a_open_drawer,robot1
[34mplanner_1      |[0m [INFO] [1675265426.067937505] [Planner]: a_pick_up_sample,arm1,robot1
[34mplanner_1      |[0m [INFO] [1675265426.077668818] [Planner]: a_close_drawer,robot1
[34mplanner_1      |[0m [INFO] [1675265426.083127174] [Planner]: Sending response
[33mcoordinator_1  |[0m [INFO] [1675265426.088835251] [Coordinator]: Plan received for: robot1, nurse1, arm1 
[33mcoordinator_1  |[0m [INFO] [1675265426.101673366] [Coordinator]: a_navto,robot1,Room1/a_approach_nurse,robot1/a_authenticate_nurse,robot1,nurse1/a_open_drawer,robot1/a_deposit,nurse1,robot1/a_close_drawer,robot1/a_navto,robot1,Room3/a_approach_arm,robot1,arm1/a_open_drawer,robot1/a_pick_up_sample,arm1,robot1/a_close_drawer,robot1
[33mcoordinator_1  |[0m [INFO] [1675265426.103548983] [Coordinator]: a_navto,robot1,Room1
[33mcoordinator_1  |[0m [INFO] [1675265426.105489692] [Coordinator]: a_approach_nurse,robot1
[33mcoordinator_1  |[0m [INFO] [1675265426.116595771] [Coordinator]: a_authenticate_nurse,robot1,nurse1
[33mcoordinator_1  |[0m [INFO] [1675265426.119413205] [Coordinator]: a_open_drawer,robot1
[33mcoordinator_1  |[0m [INFO] [1675265426.121166592] [Coordinator]: a_deposit,nurse1,robot1
[33mcoordinator_1  |[0m [INFO] [1675265426.123195199] [Coordinator]: a_close_drawer,robot1
[33mcoordinator_1  |[0m [INFO] [1675265426.136332719] [Coordinator]: a_navto,robot1,Room3
[33mcoordinator_1  |[0m [INFO] [1675265426.138353131] [Coordinator]: a_approach_arm,robot1,arm1
[33mcoordinator_1  |[0m [INFO] [1675265426.140432210] [Coordinator]: a_open_drawer,robot1
[33mcoordinator_1  |[0m [INFO] [1675265426.153029980] [Coordinator]: a_pick_up_sample,arm1,robot1
[33mcoordinator_1  |[0m [INFO] [1675265426.155036171] [Coordinator]: a_close_drawer,robot1
[33mcoordinator_1  |[0m [INFO] [1675265426.160478473] [Coordinator]: Sending plans
[33mcoordinator_1  |[0m [INFO] [1675265426.168741744] [Coordinator]: Plans sent
[36marm_1          |[0m [INFO] [1675265426.175145251] [Arm]: Receiving message.
[32menvironment_1  |[0m [INFO] [1675265426.176967038] [Environment]: Receiving message: monitor
[36;1mrobot_1        |[0m [INFO] [1675265426.179213769] [Robot]: Receiving message.
[36;1mrobot_1        |[0m [INFO] [1675265426.180616933] [Robot]: Robot's actions:
[36marm_1          |[0m [INFO] [1675265426.182050506] [Arm]: Arm's actions:
[35mnurse_1        |[0m [INFO] [1675265426.182731092] [Nurse]: Receiving message.
[35mnurse_1        |[0m [INFO] [1675265426.185988442] [Nurse]: Nurse's actions:
[35mnurse_1        |[0m [INFO] [1675265426.187132938] [Nurse]: a_authenticate_nurse
[35mnurse_1        |[0m [INFO] [1675265426.188238909] [Nurse]: a_deposit
[36marm_1          |[0m [INFO] [1675265426.185847874] [Arm]: a_approach_arm
[36marm_1          |[0m [INFO] [1675265426.188356704] [Arm]: Action: a_approach_arm
[35mnurse_1        |[0m [INFO] [1675265426.189558210] [Nurse]: Action: a_authenticate_nurse
[35mnurse_1        |[0m [INFO] [1675265426.198677414] [Nurse]: Doing a_authenticate_nurse
[36marm_1          |[0m [INFO] [1675265426.198123487] [Arm]: Doing a_approach_arm
[36;1mrobot_1        |[0m [INFO] [1675265426.194597419] [Robot]: a_navto
[36;1mrobot_1        |[0m [INFO] [1675265426.195591624] [Robot]: a_authenticate_nurse
[36;1mrobot_1        |[0m [INFO] [1675265426.196706715] [Robot]: a_open_drawer
[36;1mrobot_1        |[0m [INFO] [1675265426.197747191] [Robot]: a_deposit
[36;1mrobot_1        |[0m [INFO] [1675265426.198676358] [Robot]: a_close_drawer
[32menvironment_1  |[0m [INFO] [1675265426.185374925] [Environment]: Action: monitor
[36marm_1          |[0m [INFO] [1675265426.202261866] [Arm]: a_pick_up_sample
[36;1mrobot_1        |[0m [INFO] [1675265426.206800629] [Robot]: a_navto
[36;1mrobot_1        |[0m [INFO] [1675265426.213485650] [Robot]: a_approach_arm
[36;1mrobot_1        |[0m [INFO] [1675265426.215920222] [Robot]: a_open_drawer
[36;1mrobot_1        |[0m [INFO] [1675265426.217143441] [Robot]: a_pick_up_sample
[36;1mrobot_1        |[0m [INFO] [1675265426.220846517] [Robot]: Action: a_navto
[36;1mrobot_1        |[0m [INFO] [1675265426.222824445] [Robot]: Doing a_navto
[36;1mrobot_1        |[0m [INFO] [1675265426.228137105] [Robot]: a_close_drawer
[36;1mrobot_1        |[0m [INFO] [1675265426.232355747] [Robot]: Receiving sync message. a_authenticate_nurse,robot1,nurse1
[36;1mrobot_1        |[0m [INFO] [1675265426.233433333] [Robot]: not ready
[32menvironment_1  |[0m [INFO] [1675265426.235420771] [Environment]: Receiving message: a_approach_arm,robot1,arm1
[35mnurse_1        |[0m [INFO] [1675265426.237980639] [Nurse]: not ready
[35mnurse_1        |[0m [INFO] [1675265426.239190724] [Nurse]: Action result: False
[35mnurse_1        |[0m [INFO] [1675265426.240729953] [Nurse]: Action: a_authenticate_nurse
[35mnurse_1        |[0m [INFO] [1675265426.243400303] [Nurse]: Doing a_authenticate_nurse
[36;1mrobot_1        |[0m [INFO] [1675265426.248725606] [Robot]: Receiving sync message. a_authenticate_nurse,robot1,nurse1
[36;1mrobot_1        |[0m [INFO] [1675265426.251805245] [Robot]: not ready
[35mnurse_1        |[0m [INFO] [1675265426.256774697] [Nurse]: not ready
[35mnurse_1        |[0m [INFO] [1675265426.258459312] [Nurse]: Action result: False
[35mnurse_1        |[0m [INFO] [1675265426.259422163] [Nurse]: Action: a_authenticate_nurse
[35mnurse_1        |[0m [INFO] [1675265426.260323242] [Nurse]: Doing a_authenticate_nurse
[36;1mrobot_1        |[0m [INFO] [1675265426.264274513] [Robot]: Receiving sync message. a_authenticate_nurse,robot1,nurse1
[36;1mrobot_1        |[0m [INFO] [1675265426.267389193] [Robot]: not ready
[32menvironment_1  |[0m [INFO] [1675265426.270522411] [Environment]: Action: a_approach_arm
[35mnurse_1        |[0m [INFO] [1675265426.271821933] [Nurse]: not ready
[35mnurse_1        |[0m [INFO] [1675265426.272832248] [Nurse]: Action result: False
[35mnurse_1        |[0m [INFO] [1675265426.274294843] [Nurse]: Action: a_authenticate_nurse
[35mnurse_1        |[0m [INFO] [1675265426.275227043] [Nurse]: Doing a_authenticate_nurse
[36;1mrobot_1        |[0m [INFO] [1675265426.279124750] [Robot]: Receiving sync message. a_authenticate_nurse,robot1,nurse1
[32menvironment_1  |[0m [INFO] [1675265426.277863561] [Environment]: Responding
[36;1mrobot_1        |[0m [INFO] [1675265426.281242741] [Robot]: not ready
[36marm_1          |[0m [INFO] [1675265426.281271913] [Arm]: success
[36marm_1          |[0m [INFO] [1675265426.282856810] [Arm]: Action result: True
[36marm_1          |[0m [INFO] [1675265426.284121881] [Arm]: Action: a_pick_up_sample
[36marm_1          |[0m [INFO] [1675265426.287951748] [Arm]: Doing a_pick_up_sample
[35mnurse_1        |[0m [INFO] [1675265426.290749153] [Nurse]: not ready
[35mnurse_1        |[0m [INFO] [1675265426.293286973] [Nurse]: Action result: False
[35mnurse_1        |[0m [INFO] [1675265426.296105421] [Nurse]: Action: a_authenticate_nurse
[35mnurse_1        |[0m [INFO] [1675265426.297468223] [Nurse]: Doing a_authenticate_nurse
[36;1mrobot_1        |[0m [INFO] [1675265426.301910182] [Robot]: Receiving sync message. a_pick_up_sample,arm1,robot1
[36;1mrobot_1        |[0m [INFO] [1675265426.306460095] [Robot]: not ready
[36;1mrobot_1        |[0m [INFO] [1675265426.310817818] [Robot]: Receiving sync message. a_authenticate_nurse,robot1,nurse1
[36;1mrobot_1        |[0m [INFO] [1675265426.312547299] [Robot]: not ready
[36marm_1          |[0m [INFO] [1675265426.311050859] [Arm]: not ready
[36marm_1          |[0m [INFO] [1675265426.314120538] [Arm]: Action result: False
[36marm_1          |[0m [INFO] [1675265426.316409588] [Arm]: Action: a_pick_up_sample
[36marm_1          |[0m [INFO] [1675265426.318772690] [Arm]: Doing a_pick_up_sample
[32menvironment_1  |[0m [INFO] [1675265426.317753447] [Environment]: Receiving message: monitor
[36;1mrobot_1        |[0m [INFO] [1675265426.320797344] [Robot]: Receiving sync message. a_pick_up_sample,arm1,robot1
[35mnurse_1        |[0m [INFO] [1675265426.322247907] [Nurse]: not ready
[32menvironment_1  |[0m [INFO] [1675265426.324483902] [Environment]: Action: monitor
[36;1mrobot_1        |[0m [INFO] [1675265426.321863307] [Robot]: not ready
[35mnurse_1        |[0m [INFO] [1675265426.326453448] [Nurse]: Action result: False
[35mnurse_1        |[0m [INFO] [1675265426.327419111] [Nurse]: Action: a_authenticate_nurse
[35mnurse_1        |[0m [INFO] [1675265426.328198952] [Nurse]: Doing a_authenticate_nurse
[32menvironment_1  |[0m [INFO] [1675265426.330676299] [Environment]: Receiving message: a_navto,robot1,Room1
[32menvironment_1  |[0m [INFO] [1675265426.331855127] [Environment]: Action: a_navto
[36;1mrobot_1        |[0m [INFO] [1675265426.331833884] [Robot]: Receiving sync message. a_authenticate_nurse,robot1,nurse1
[36;1mrobot_1        |[0m [INFO] [1675265426.334328527] [Robot]: not ready
[36marm_1          |[0m [INFO] [1675265426.332604488] [Arm]: not ready
[32menvironment_1  |[0m [INFO] [1675265426.333042235] [Environment]: Responding
[36marm_1          |[0m [INFO] [1675265426.334548569] [Arm]: Action result: False
[36marm_1          |[0m [INFO] [1675265426.336805732] [Arm]: Action: a_pick_up_sample
[36marm_1          |[0m [INFO] [1675265426.339017112] [Arm]: Doing a_pick_up_sample
[35mnurse_1        |[0m [INFO] [1675265426.346997957] [Nurse]: not ready
[35mnurse_1        |[0m [INFO] [1675265426.348615695] [Nurse]: Action result: False
[35mnurse_1        |[0m [INFO] [1675265426.350472860] [Nurse]: Action: a_authenticate_nurse
[36marm_1          |[0m [INFO] [1675265426.354084460] [Arm]: not ready
[35mnurse_1        |[0m [INFO] [1675265426.352216170] [Nurse]: Doing a_authenticate_nurse
[36marm_1          |[0m [INFO] [1675265426.355069327] [Arm]: Action result: False
[36;1mrobot_1        |[0m [INFO] [1675265426.346665447] [Robot]: Receiving sync message. a_pick_up_sample,arm1,robot1
[36;1mrobot_1        |[0m [INFO] [1675265426.348599296] [Robot]: not ready
[36;1mrobot_1        |[0m [INFO] [1675265426.351750227] [Robot]: success
[36;1mrobot_1        |[0m [INFO] [1675265426.358308846] [Robot]: Action result: True
[36marm_1          |[0m [INFO] [1675265426.356106254] [Arm]: Action: a_pick_up_sample
[36marm_1          |[0m [INFO] [1675265426.356995167] [Arm]: Doing a_pick_up_sample
[32menvironment_1  |[0m [INFO] [1675265426.361288364] [Environment]: Receiving message: monitor
[33mcoordinator_1  |[0m [INFO] [1675265426.361969565] [Coordinator]: Receiving sync message: action_complete,a_navto
[33mcoordinator_1  |[0m [INFO] [1675265426.365116801] [Coordinator]: action_complete
[33mcoordinator_1  |[0m [INFO] [1675265426.367283594] [Coordinator]: plans_actions_current 1 of 11
[36;1mrobot_1        |[0m [INFO] [1675265426.368836679] [Robot]: Receiving sync message. a_authenticate_nurse,robot1,nurse1
[32menvironment_1  |[0m [INFO] [1675265426.364748945] [Environment]: Action: monitor
[36;1mrobot_1        |[0m [INFO] [1675265426.372861927] [Robot]: not ready
[35mnurse_1        |[0m [INFO] [1675265426.379175067] [Nurse]: not ready
[35mnurse_1        |[0m [INFO] [1675265426.381820392] [Nurse]: Action result: False
[35mnurse_1        |[0m [INFO] [1675265426.385033432] [Nurse]: Action: a_authenticate_nurse
[35mnurse_1        |[0m [INFO] [1675265426.393348262] [Nurse]: Doing a_authenticate_nurse
[36marm_1          |[0m [INFO] [1675265426.396848362] [Arm]: not ready
[36;1mrobot_1        |[0m [INFO] [1675265426.377041441] [Robot]: Receiving sync message. a_pick_up_sample,arm1,robot1
[36;1mrobot_1        |[0m [INFO] [1675265426.382648972] [Robot]: not ready
[36;1mrobot_1        |[0m [INFO] [1675265426.393267682] [Robot]: Action: a_approach_nurse
[36marm_1          |[0m [INFO] [1675265426.402183278] [Arm]: Action result: False
[36;1mrobot_1        |[0m [INFO] [1675265426.399740438] [Robot]: Receiving sync message. a_authenticate_nurse,robot1,nurse1
[36;1mrobot_1        |[0m [INFO] [1675265426.401563171] [Robot]: not ready
[36;1mrobot_1        |[0m [INFO] [1675265426.404257557] [Robot]: Doing a_approach_nurse
[32menvironment_1  |[0m [INFO] [1675265426.405683983] [Environment]: Receiving message: monitor
[32menvironment_1  |[0m [INFO] [1675265426.407718494] [Environment]: Action: monitor
[36marm_1          |[0m [INFO] [1675265426.405029169] [Arm]: Action: a_pick_up_sample
[36marm_1          |[0m [INFO] [1675265426.405974121] [Arm]: Doing a_pick_up_sample
[32menvironment_1  |[0m [INFO] [1675265426.412227953] [Environment]: Receiving message: a_approach_nurse,robot1
[36;1mrobot_1        |[0m [INFO] [1675265426.414300001] [Robot]: Receiving sync message. a_pick_up_sample,arm1,robot1
[36;1mrobot_1        |[0m [INFO] [1675265426.418183804] [Robot]: not ready
[32menvironment_1  |[0m [INFO] [1675265426.414557314] [Environment]: Action: a_approach_nurse
[32menvironment_1  |[0m [INFO] [1675265426.418386533] [Environment]: Responding
[35mnurse_1        |[0m [INFO] [1675265426.415615398] [Nurse]: not ready
[35mnurse_1        |[0m [INFO] [1675265426.417744731] [Nurse]: Action result: False
[36;1mrobot_1        |[0m [INFO] [1675265426.422046061] [Robot]: success
[36marm_1          |[0m [INFO] [1675265426.425886127] [Arm]: not ready
[36marm_1          |[0m [INFO] [1675265426.427911241] [Arm]: Action result: False
[36;1mrobot_1        |[0m [INFO] [1675265426.426628914] [Robot]: Action result: True
[35mnurse_1        |[0m [INFO] [1675265426.428435484] [Nurse]: Action: a_authenticate_nurse
[35mnurse_1        |[0m [INFO] [1675265426.433001600] [Nurse]: Doing a_authenticate_nurse
[33mcoordinator_1  |[0m [INFO] [1675265426.441720593] [Coordinator]: Receiving sync message: action_complete,a_approach_nurse
[36;1mrobot_1        |[0m [INFO] [1675265426.437690719] [Robot]: Receiving sync message. a_authenticate_nurse,robot1,nurse1
[36;1mrobot_1        |[0m [INFO] [1675265426.439761023] [Robot]: not ready
[36marm_1          |[0m [INFO] [1675265426.446654375] [Arm]: Action: a_pick_up_sample
[33mcoordinator_1  |[0m [INFO] [1675265426.444073017] [Coordinator]: action_complete
[33mcoordinator_1  |[0m [INFO] [1675265426.449747751] [Coordinator]: plans_actions_current 2 of 11
[32menvironment_1  |[0m [INFO] [1675265426.447437747] [Environment]: Receiving message: monitor
[36marm_1          |[0m [INFO] [1675265426.447791249] [Arm]: Doing a_pick_up_sample
[35mnurse_1        |[0m [INFO] [1675265426.442885038] [Nurse]: not ready
[35mnurse_1        |[0m [INFO] [1675265426.450085283] [Nurse]: Action result: False
[35mnurse_1        |[0m [INFO] [1675265426.454747534] [Nurse]: Action: a_authenticate_nurse
[35mnurse_1        |[0m [INFO] [1675265426.456052477] [Nurse]: Doing a_authenticate_nurse
[36;1mrobot_1        |[0m [INFO] [1675265426.453647520] [Robot]: Receiving sync message. a_pick_up_sample,arm1,robot1
[36;1mrobot_1        |[0m [INFO] [1675265426.455784751] [Robot]: not ready
[32menvironment_1  |[0m [INFO] [1675265426.457494367] [Environment]: Action: monitor
[36marm_1          |[0m [INFO] [1675265426.463998878] [Arm]: not ready
[36marm_1          |[0m [INFO] [1675265426.464986773] [Arm]: Action result: False
[36marm_1          |[0m [INFO] [1675265426.466087971] [Arm]: Action: a_pick_up_sample
[36marm_1          |[0m [INFO] [1675265426.467002531] [Arm]: Doing a_pick_up_sample
[36;1mrobot_1        |[0m [INFO] [1675265426.469691612] [Robot]: Receiving sync message. a_authenticate_nurse,robot1,nurse1
[36;1mrobot_1        |[0m [INFO] [1675265426.472192279] [Robot]: not ready
[35mnurse_1        |[0m [INFO] [1675265426.476779867] [Nurse]: not ready
[35mnurse_1        |[0m [INFO] [1675265426.478662278] [Nurse]: Action result: False
[35mnurse_1        |[0m [INFO] [1675265426.484114814] [Nurse]: Action: a_authenticate_nurse
[35mnurse_1        |[0m [INFO] [1675265426.489384003] [Nurse]: Doing a_authenticate_nurse
[36;1mrobot_1        |[0m [INFO] [1675265426.482999661] [Robot]: Receiving sync message. a_pick_up_sample,arm1,robot1
[36;1mrobot_1        |[0m [INFO] [1675265426.490219815] [Robot]: not ready
[36;1mrobot_1        |[0m [INFO] [1675265426.493039338] [Robot]: Action: a_authenticate_nurse
[36;1mrobot_1        |[0m [INFO] [1675265426.493809381] [Robot]: Doing a_authenticate_nurse
[36;1mrobot_1        |[0m [INFO] [1675265426.494512438] [Robot]: wating for nurse1 to authenticate to robot1
[36;1mrobot_1        |[0m [INFO] [1675265426.495380080] [Robot]: Action result: False
[32menvironment_1  |[0m [INFO] [1675265426.495487920] [Environment]: Receiving message: monitor
[36marm_1          |[0m [INFO] [1675265426.501346470] [Arm]: not ready
[36marm_1          |[0m [INFO] [1675265426.502306863] [Arm]: Action result: False
[36marm_1          |[0m [INFO] [1675265426.503152467] [Arm]: Action: a_pick_up_sample
[36marm_1          |[0m [INFO] [1675265426.503923467] [Arm]: Doing a_pick_up_sample
[36;1mrobot_1        |[0m [INFO] [1675265426.500064165] [Robot]: Action: a_authenticate_nurse
[36;1mrobot_1        |[0m [INFO] [1675265426.505515634] [Robot]: Doing a_authenticate_nurse
[36;1mrobot_1        |[0m [INFO] [1675265426.513052584] [Robot]: wating for nurse1 to authenticate to robot1
[32menvironment_1  |[0m [INFO] [1675265426.512057629] [Environment]: Action: monitor
[36;1mrobot_1        |[0m [INFO] [1675265426.515251487] [Robot]: Action result: False
[36;1mrobot_1        |[0m [INFO] [1675265426.523537979] [Robot]: Action: a_authenticate_nurse
[36;1mrobot_1        |[0m [INFO] [1675265426.525565743] [Robot]: Doing a_authenticate_nurse
[36;1mrobot_1        |[0m [INFO] [1675265426.527340512] [Robot]: wating for nurse1 to authenticate to robot1
[36;1mrobot_1        |[0m [INFO] [1675265426.530417768] [Robot]: Action result: False
[32menvironment_1  |[0m [INFO] [1675265426.528602731] [Environment]: Receiving message: monitor
[36;1mrobot_1        |[0m [INFO] [1675265426.533399333] [Robot]: Action: a_authenticate_nurse
[32menvironment_1  |[0m [INFO] [1675265426.531427143] [Environment]: Action: monitor
[36;1mrobot_1        |[0m [INFO] [1675265426.538953809] [Robot]: Receiving sync message. a_pick_up_sample,arm1,robot1
[36;1mrobot_1        |[0m [INFO] [1675265426.542541092] [Robot]: not ready
[36;1mrobot_1        |[0m [INFO] [1675265426.545360013] [Robot]: Receiving sync message. a_authenticate_nurse,robot1,nurse1
[32menvironment_1  |[0m [INFO] [1675265426.549427535] [Environment]: Receiving message: monitor
[36marm_1          |[0m [INFO] [1675265426.549824420] [Arm]: not ready
[36marm_1          |[0m [INFO] [1675265426.553046546] [Arm]: Action result: False
[36marm_1          |[0m [INFO] [1675265426.555648953] [Arm]: Action: a_pick_up_sample
[36marm_1          |[0m [INFO] [1675265426.568150249] [Arm]: Doing a_pick_up_sample
[36;1mrobot_1        |[0m [INFO] [1675265426.557065101] [Robot]: Doing a_authenticate_nurse
[36;1mrobot_1        |[0m [INFO] [1675265426.559299199] [Robot]: Action result: True
[36;1mrobot_1        |[0m [INFO] [1675265426.561039290] [Robot]: Authenticate nurse
[36;1mrobot_1        |[0m [INFO] [1675265426.572810806] [Robot]: Receiving sync message. a_pick_up_sample,arm1,robot1
[32menvironment_1  |[0m [INFO] [1675265426.552979668] [Environment]: Action: monitor
[33mcoordinator_1  |[0m [INFO] [1675265426.562984357] [Coordinator]: Receiving sync message: action_complete,a_authenticate_nurse
[33mcoordinator_1  |[0m [INFO] [1675265426.564099809] [Coordinator]: action_complete
[36;1mrobot_1        |[0m [INFO] [1675265426.574859530] [Robot]: not ready
[36marm_1          |[0m [INFO] [1675265426.586654870] [Arm]: not ready
[36marm_1          |[0m [INFO] [1675265426.587826611] [Arm]: Action result: False
[36marm_1          |[0m [INFO] [1675265426.589030076] [Arm]: Action: a_pick_up_sample
[33mcoordinator_1  |[0m [INFO] [1675265426.578149637] [Coordinator]: plans_actions_current 3 of 11
[36marm_1          |[0m [INFO] [1675265426.590063772] [Arm]: Doing a_pick_up_sample
[35mnurse_1        |[0m [INFO] [1675265426.575726492] [Nurse]: success
[35mnurse_1        |[0m [INFO] [1675265426.587694881] [Nurse]: Action result: True
[35mnurse_1        |[0m [INFO] [1675265426.590689782] [Nurse]: Action: a_deposit
[35mnurse_1        |[0m [INFO] [1675265426.593052236] [Nurse]: Doing a_deposit
[36;1mrobot_1        |[0m [INFO] [1675265426.601973876] [Robot]: Receiving sync message. a_pick_up_sample,arm1,robot1
[36;1mrobot_1        |[0m [INFO] [1675265426.604754695] [Robot]: not ready
[36;1mrobot_1        |[0m [INFO] [1675265426.611062377] [Robot]: Receiving sync message. a_deposit,nurse1,robot1
[36;1mrobot_1        |[0m [INFO] [1675265426.613091364] [Robot]: not ready
[36marm_1          |[0m [INFO] [1675265426.609790346] [Arm]: not ready
[36marm_1          |[0m [INFO] [1675265426.613090372] [Arm]: Action result: False
[35mnurse_1        |[0m [INFO] [1675265426.616866447] [Nurse]: not ready
[35mnurse_1        |[0m [INFO] [1675265426.620443734] [Nurse]: Action result: False
[36;1mrobot_1        |[0m [INFO] [1675265426.623659285] [Robot]: Action: a_open_drawer
[36;1mrobot_1        |[0m [INFO] [1675265426.626995339] [Robot]: Doing a_open_drawer
[36;1mrobot_1        |[0m [INFO] [1675265426.628954761] [Robot]: success
[36;1mrobot_1        |[0m [INFO] [1675265426.632519988] [Robot]: Receiving sync message. a_pick_up_sample,arm1,robot1
[35mnurse_1        |[0m [INFO] [1675265426.632583646] [Nurse]: Action: a_deposit
[35mnurse_1        |[0m [INFO] [1675265426.635433471] [Nurse]: Doing a_deposit
[36marm_1          |[0m [INFO] [1675265426.626995326] [Arm]: Action: a_pick_up_sample
[36marm_1          |[0m [INFO] [1675265426.629254137] [Arm]: Doing a_pick_up_sample
[36;1mrobot_1        |[0m [INFO] [1675265426.634677381] [Robot]: not ready
[36marm_1          |[0m [INFO] [1675265426.646184328] [Arm]: not ready
[36marm_1          |[0m [INFO] [1675265426.647619372] [Arm]: Action result: False
[36marm_1          |[0m [INFO] [1675265426.648762005] [Arm]: Action: a_pick_up_sample
[32menvironment_1  |[0m [INFO] [1675265426.647135329] [Environment]: Receiving message: monitor
[36;1mrobot_1        |[0m [INFO] [1675265426.647261857] [Robot]: Action result: True
[36;1mrobot_1        |[0m [INFO] [1675265426.650519004] [Robot]: Receiving sync message. a_deposit,nurse1,robot1
[36;1mrobot_1        |[0m [INFO] [1675265426.653227653] [Robot]: not ready
[32menvironment_1  |[0m [INFO] [1675265426.651840079] [Environment]: Action: monitor
[33mcoordinator_1  |[0m [INFO] [1675265426.650654030] [Coordinator]: Receiving sync message: action_complete,a_open_drawer
[33mcoordinator_1  |[0m [INFO] [1675265426.653108675] [Coordinator]: action_complete
[36marm_1          |[0m [INFO] [1675265426.650028436] [Arm]: Doing a_pick_up_sample
[36;1mrobot_1        |[0m [INFO] [1675265426.659154214] [Robot]: Receiving sync message. a_pick_up_sample,arm1,robot1
[35mnurse_1        |[0m [INFO] [1675265426.665443258] [Nurse]: not ready
[33mcoordinator_1  |[0m [INFO] [1675265426.662742007] [Coordinator]: plans_actions_current 4 of 11
[36;1mrobot_1        |[0m [INFO] [1675265426.666927518] [Robot]: not ready
[35mnurse_1        |[0m [INFO] [1675265426.668194448] [Nurse]: Action result: False
[36marm_1          |[0m [INFO] [1675265426.679261819] [Arm]: not ready
[36;1mrobot_1        |[0m [INFO] [1675265426.687850926] [Robot]: Action: a_deposit
[36;1mrobot_1        |[0m [INFO] [1675265426.690246280] [Robot]: Doing a_deposit
[36marm_1          |[0m [INFO] [1675265426.687824173] [Arm]: Action result: False
[36marm_1          |[0m [INFO] [1675265426.689296649] [Arm]: Action: a_pick_up_sample
[36;1mrobot_1        |[0m [INFO] [1675265426.692800702] [Robot]: wating for nurse1 to deposit in robot1
[35mnurse_1        |[0m [INFO] [1675265426.685907581] [Nurse]: Action: a_deposit
[35mnurse_1        |[0m [INFO] [1675265426.686744622] [Nurse]: Doing a_deposit
[36marm_1          |[0m [INFO] [1675265426.702199267] [Arm]: Doing a_pick_up_sample
[36;1mrobot_1        |[0m [INFO] [1675265426.705582885] [Robot]: Receiving sync message. a_deposit,nurse1,robot1
[36;1mrobot_1        |[0m [INFO] [1675265426.706846807] [Robot]: Deposit
[32menvironment_1  |[0m [INFO] [1675265426.706571362] [Environment]: Receiving message: monitor
[36;1mrobot_1        |[0m [INFO] [1675265426.709678302] [Robot]: Action result: False
[35mnurse_1        |[0m [INFO] [1675265426.713346312] [Nurse]: success
[32menvironment_1  |[0m [INFO] [1675265426.713228200] [Environment]: Action: monitor
[36;1mrobot_1        |[0m [INFO] [1675265426.719283551] [Robot]: Action: a_deposit
[36;1mrobot_1        |[0m [INFO] [1675265426.723140805] [Robot]: Receiving sync message. a_pick_up_sample,arm1,robot1
[36;1mrobot_1        |[0m [INFO] [1675265426.725168385] [Robot]: not ready
[36;1mrobot_1        |[0m [INFO] [1675265426.731296956] [Robot]: Doing a_deposit
[36;1mrobot_1        |[0m [INFO] [1675265426.735149423] [Robot]: Action result: True
[35mnurse_1        |[0m [INFO] [1675265426.720100684] [Nurse]: Action result: True
[33mcoordinator_1  |[0m [INFO] [1675265426.740065959] [Coordinator]: Receiving sync message: action_complete,a_deposit
[33mcoordinator_1  |[0m [INFO] [1675265426.740986989] [Coordinator]: action_complete
[36marm_1          |[0m [INFO] [1675265426.743701545] [Arm]: not ready
[36marm_1          |[0m [INFO] [1675265426.746860087] [Arm]: Action result: False
[36;1mrobot_1        |[0m [INFO] [1675265426.755580726] [Robot]: Action: a_close_drawer
[36;1mrobot_1        |[0m [INFO] [1675265426.758139893] [Robot]: Doing a_close_drawer
[36;1mrobot_1        |[0m [INFO] [1675265426.760110422] [Robot]: success
[36marm_1          |[0m [INFO] [1675265426.749634070] [Arm]: Action: a_pick_up_sample
[36marm_1          |[0m [INFO] [1675265426.763228788] [Arm]: Doing a_pick_up_sample
[33mcoordinator_1  |[0m [INFO] [1675265426.749203222] [Coordinator]: plans_actions_current 5 of 11
[36;1mrobot_1        |[0m [INFO] [1675265426.771417881] [Robot]: Action result: True
[36;1mrobot_1        |[0m [INFO] [1675265426.783239709] [Robot]: Receiving sync message. a_pick_up_sample,arm1,robot1
[33mcoordinator_1  |[0m [INFO] [1675265426.783872390] [Coordinator]: Receiving sync message: action_complete,a_close_drawer
[33mcoordinator_1  |[0m [INFO] [1675265426.792770643] [Coordinator]: action_complete
[36;1mrobot_1        |[0m [INFO] [1675265426.789428893] [Robot]: not ready
[32menvironment_1  |[0m [INFO] [1675265426.800236426] [Environment]: Receiving message: monitor
[32menvironment_1  |[0m [INFO] [1675265426.801195084] [Environment]: Action: monitor
[36marm_1          |[0m [INFO] [1675265426.810663916] [Arm]: not ready
[36marm_1          |[0m [INFO] [1675265426.813208526] [Arm]: Action result: False
[36marm_1          |[0m [INFO] [1675265426.815882003] [Arm]: Action: a_pick_up_sample
[33mcoordinator_1  |[0m [INFO] [1675265426.808901237] [Coordinator]: plans_actions_current 6 of 11
[36;1mrobot_1        |[0m [INFO] [1675265426.828109680] [Robot]: Action: a_navto
[36marm_1          |[0m [INFO] [1675265426.831079132] [Arm]: Doing a_pick_up_sample
[36;1mrobot_1        |[0m [INFO] [1675265426.837831805] [Robot]: Doing a_navto
[36;1mrobot_1        |[0m [INFO] [1675265426.838881958] [Robot]: Receiving sync message. a_pick_up_sample,arm1,robot1
[36;1mrobot_1        |[0m [INFO] [1675265426.845672021] [Robot]: not ready
[36marm_1          |[0m [INFO] [1675265426.854978618] [Arm]: not ready
[36marm_1          |[0m [INFO] [1675265426.856824130] [Arm]: Action result: False
[32menvironment_1  |[0m [INFO] [1675265426.847896461] [Environment]: Receiving message: monitor
[32menvironment_1  |[0m [INFO] [1675265426.849010504] [Environment]: Action: monitor
[32menvironment_1  |[0m [INFO] [1675265426.852820282] [Environment]: Receiving message: a_navto,robot1,Room3
[36marm_1          |[0m [INFO] [1675265426.867947841] [Arm]: Action: a_pick_up_sample
[36marm_1          |[0m [INFO] [1675265426.869965860] [Arm]: Doing a_pick_up_sample
[32menvironment_1  |[0m [INFO] [1675265426.869020464] [Environment]: Action: a_navto
[32menvironment_1  |[0m [INFO] [1675265426.871066169] [Environment]: Responding
[36;1mrobot_1        |[0m [INFO] [1675265426.873647958] [Robot]: Receiving sync message. a_pick_up_sample,arm1,robot1
[36;1mrobot_1        |[0m [INFO] [1675265426.875896156] [Robot]: not ready
[36;1mrobot_1        |[0m [INFO] [1675265426.889598612] [Robot]: success
[36marm_1          |[0m [INFO] [1675265426.890592854] [Arm]: not ready
[36marm_1          |[0m [INFO] [1675265426.902104396] [Arm]: Action result: False
[36marm_1          |[0m [INFO] [1675265426.905148858] [Arm]: Action: a_pick_up_sample
[36marm_1          |[0m [INFO] [1675265426.907403905] [Arm]: Doing a_pick_up_sample
[33mcoordinator_1  |[0m [INFO] [1675265426.903197143] [Coordinator]: Receiving sync message: action_complete,a_navto
[36;1mrobot_1        |[0m [INFO] [1675265426.890722866] [Robot]: Action result: True
[36;1mrobot_1        |[0m [INFO] [1675265426.910631546] [Robot]: Receiving sync message. a_pick_up_sample,arm1,robot1
[36;1mrobot_1        |[0m [INFO] [1675265426.912943124] [Robot]: not ready
[36marm_1          |[0m [INFO] [1675265426.921284850] [Arm]: not ready
[33mcoordinator_1  |[0m [INFO] [1675265426.917847067] [Coordinator]: action_complete
[33mcoordinator_1  |[0m [INFO] [1675265426.919909432] [Coordinator]: plans_actions_current 7 of 11
[36marm_1          |[0m [INFO] [1675265426.923180849] [Arm]: Action result: False
[36;1mrobot_1        |[0m [INFO] [1675265426.929666682] [Robot]: Action: a_approach_arm
[36;1mrobot_1        |[0m [INFO] [1675265426.932126698] [Robot]: Doing a_approach_arm
[36marm_1          |[0m [INFO] [1675265426.935138218] [Arm]: Action: a_pick_up_sample
[36marm_1          |[0m [INFO] [1675265426.936238066] [Arm]: Doing a_pick_up_sample
[36;1mrobot_1        |[0m [INFO] [1675265426.946855017] [Robot]: Receiving sync message. a_pick_up_sample,arm1,robot1
[36;1mrobot_1        |[0m [INFO] [1675265426.949113755] [Robot]: not ready
[32menvironment_1  |[0m [INFO] [1675265426.962957697] [Environment]: Receiving message: monitor
[32menvironment_1  |[0m [INFO] [1675265426.963899185] [Environment]: Action: monitor
[36marm_1          |[0m [INFO] [1675265426.977850405] [Arm]: not ready
[36marm_1          |[0m [INFO] [1675265426.979046875] [Arm]: Action result: False
[36marm_1          |[0m [INFO] [1675265426.983683361] [Arm]: Action: a_pick_up_sample
[36marm_1          |[0m [INFO] [1675265426.991404917] [Arm]: Doing a_pick_up_sample
[32menvironment_1  |[0m [INFO] [1675265426.998851568] [Environment]: Receiving message: a_approach_arm,robot1,arm1
[32menvironment_1  |[0m [INFO] [1675265426.999919410] [Environment]: Action: a_approach_arm
[32menvironment_1  |[0m [INFO] [1675265427.000985531] [Environment]: Responding
[36;1mrobot_1        |[0m [INFO] [1675265427.000043809] [Robot]: Receiving sync message. a_pick_up_sample,arm1,robot1
[36;1mrobot_1        |[0m [INFO] [1675265427.002229910] [Robot]: not ready
[36;1mrobot_1        |[0m [INFO] [1675265427.005740517] [Robot]: success
[36;1mrobot_1        |[0m [INFO] [1675265427.012882449] [Robot]: Action result: True
[36;1mrobot_1        |[0m [INFO] [1675265427.034842397] [Robot]: Receiving sync message. a_pick_up_sample,arm1,robot1
[32menvironment_1  |[0m [INFO] [1675265427.014673085] [Environment]: Receiving message: monitor
[33mcoordinator_1  |[0m [INFO] [1675265427.016281062] [Coordinator]: Receiving sync message: action_complete,a_approach_arm
[33mcoordinator_1  |[0m [INFO] [1675265427.030043691] [Coordinator]: action_complete
[36marm_1          |[0m [INFO] [1675265427.014665208] [Arm]: not ready
[36marm_1          |[0m [INFO] [1675265427.016271884] [Arm]: Action result: False
[36marm_1          |[0m [INFO] [1675265427.018625253] [Arm]: Action: a_pick_up_sample
[36marm_1          |[0m [INFO] [1675265427.030384888] [Arm]: Doing a_pick_up_sample
[33mcoordinator_1  |[0m [INFO] [1675265427.032087131] [Coordinator]: plans_actions_current 8 of 11
[36;1mrobot_1        |[0m [INFO] [1675265427.037863663] [Robot]: not ready
[32menvironment_1  |[0m [INFO] [1675265427.047105040] [Environment]: Action: monitor
[36marm_1          |[0m [INFO] [1675265427.047173915] [Arm]: not ready
[36;1mrobot_1        |[0m [INFO] [1675265427.052716051] [Robot]: Action: a_open_drawer
[36;1mrobot_1        |[0m [INFO] [1675265427.053628024] [Robot]: Doing a_open_drawer
[36;1mrobot_1        |[0m [INFO] [1675265427.054448202] [Robot]: success
[36marm_1          |[0m [INFO] [1675265427.061202865] [Arm]: Action result: False
[36marm_1          |[0m [INFO] [1675265427.062810927] [Arm]: Action: a_pick_up_sample
[36marm_1          |[0m [INFO] [1675265427.064256193] [Arm]: Doing a_pick_up_sample
[36;1mrobot_1        |[0m [INFO] [1675265427.055355014] [Robot]: Action result: True
[36;1mrobot_1        |[0m [INFO] [1675265427.088752214] [Robot]: Receiving sync message. a_pick_up_sample,arm1,robot1
[33mcoordinator_1  |[0m [INFO] [1675265427.070233193] [Coordinator]: Receiving sync message: action_complete,a_open_drawer
[33mcoordinator_1  |[0m [INFO] [1675265427.071036297] [Coordinator]: action_complete
[33mcoordinator_1  |[0m [INFO] [1675265427.085704199] [Coordinator]: plans_actions_current 9 of 11
[32menvironment_1  |[0m [INFO] [1675265427.081810351] [Environment]: Receiving message: monitor
[32menvironment_1  |[0m [INFO] [1675265427.083133515] [Environment]: Action: monitor
[36;1mrobot_1        |[0m [INFO] [1675265427.091516269] [Robot]: not ready
[32menvironment_1  |[0m [INFO] [1675265427.100782992] [Environment]: Receiving message: monitor
[36marm_1          |[0m [INFO] [1675265427.107501020] [Arm]: not ready
[36;1mrobot_1        |[0m [INFO] [1675265427.107392010] [Robot]: Action: a_pick_up_sample
[36;1mrobot_1        |[0m [INFO] [1675265427.108287305] [Robot]: Doing a_pick_up_sample
[36;1mrobot_1        |[0m [INFO] [1675265427.154558232] [Robot]: wating for arm1 to pick up from robot1
[36marm_1          |[0m [INFO] [1675265427.120361942] [Arm]: Action result: False
[36marm_1          |[0m [INFO] [1675265427.136303526] [Arm]: Action: a_pick_up_sample
[36;1mrobot_1        |[0m [INFO] [1675265427.155498277] [Robot]: Action result: False
[36;1mrobot_1        |[0m [INFO] [1675265427.156403170] [Robot]: Action: a_pick_up_sample
[36;1mrobot_1        |[0m [INFO] [1675265427.159703365] [Robot]: Doing a_pick_up_sample
[36;1mrobot_1        |[0m [INFO] [1675265427.160720257] [Robot]: wating for arm1 to pick up from robot1
[32menvironment_1  |[0m [INFO] [1675265427.165079358] [Environment]: Action: monitor
[36;1mrobot_1        |[0m [INFO] [1675265427.180357491] [Robot]: Action result: False
[36marm_1          |[0m [INFO] [1675265427.157736891] [Arm]: Doing a_pick_up_sample
[36;1mrobot_1        |[0m [INFO] [1675265427.207118646] [Robot]: Action: a_pick_up_sample
[36;1mrobot_1        |[0m [INFO] [1675265427.210830411] [Robot]: Doing a_pick_up_sample
[36;1mrobot_1        |[0m [INFO] [1675265427.224192254] [Robot]: wating for arm1 to pick up from robot1
[36;1mrobot_1        |[0m [INFO] [1675265427.225259001] [Robot]: Receiving sync message. a_pick_up_sample,arm1,robot1
[36;1mrobot_1        |[0m [INFO] [1675265427.228620088] [Robot]: Pick up
[36;1mrobot_1        |[0m [INFO] [1675265427.238539627] [Robot]: Action result: False
[36marm_1          |[0m [INFO] [1675265427.243651838] [Arm]: success
[36;1mrobot_1        |[0m [INFO] [1675265427.241833703] [Robot]: Action: a_pick_up_sample
[32menvironment_1  |[0m [INFO] [1675265427.240528758] [Environment]: Receiving message: monitor
[36marm_1          |[0m [INFO] [1675265427.246076431] [Arm]: Action result: True
[32menvironment_1  |[0m [INFO] [1675265427.261539464] [Environment]: Action: monitor
[32menvironment_1  |[0m [INFO] [1675265427.295654069] [Environment]: Receiving message: monitor
[36;1mrobot_1        |[0m [INFO] [1675265427.253597490] [Robot]: Doing a_pick_up_sample
[36;1mrobot_1        |[0m [INFO] [1675265427.268265072] [Robot]: Action result: True
[32menvironment_1  |[0m [INFO] [1675265427.298689053] [Environment]: Action: monitor
[33mcoordinator_1  |[0m [INFO] [1675265427.303712730] [Coordinator]: Receiving sync message: action_complete,a_pick_up_sample
[33mcoordinator_1  |[0m [INFO] [1675265427.308025397] [Coordinator]: action_complete
[33mcoordinator_1  |[0m [INFO] [1675265427.309823764] [Coordinator]: plans_actions_current 10 of 11
[36;1mrobot_1        |[0m [INFO] [1675265427.331619569] [Robot]: Action: a_close_drawer
[36;1mrobot_1        |[0m [INFO] [1675265427.333548223] [Robot]: Doing a_close_drawer
[36;1mrobot_1        |[0m [INFO] [1675265427.335567302] [Robot]: success
[36;1mrobot_1        |[0m [INFO] [1675265427.337581966] [Robot]: Action result: True
[32menvironment_1  |[0m [INFO] [1675265427.339816266] [Environment]: Receiving message: monitor
[32menvironment_1  |[0m [INFO] [1675265427.342403301] [Environment]: Action: monitor
[33mcoordinator_1  |[0m [INFO] [1675265427.351542919] [Coordinator]: Receiving sync message: action_complete,a_close_drawer
[33mcoordinator_1  |[0m [INFO] [1675265427.352485570] [Coordinator]: action_complete
[33mcoordinator_1  |[0m [INFO] [1675265427.353288923] [Coordinator]: plans_actions_current 11 of 11
[33mcoordinator_1  |[0m [INFO] [1675265427.354074796] [Coordinator]: The time of execution of above program is:1.364656925201416
[33mcoordinator_1  |[0m [INFO] [1675265427.354873175] [Coordinator]: Achieved
[33mcoordinator_1  |[0m [INFO] [1675265427.355624021] [Coordinator]: ENDSIM
Stopping planning_robot_1       ... 
Stopping planning_arm_1         ... 
Stopping planning_environment_1 ... 
Stopping planning_nurse_1       ... 
Stopping planning_planner_1     ... 
Stopping planning_coordinator_1 ... 
[33mplanning_coordinator_1 exited with code 137
[0mStopping planning_coordinator_1 ... done
[34mplanning_planner_1 exited with code 137
[0mStopping planning_planner_1     ... done
Stopping planning_robot_1       ... done
[36;1mplanning_robot_1 exited with code 137
[0mStopping planning_environment_1 ... done
[32mplanning_environment_1 exited with code 137
[0mStopping planning_arm_1         ... done
[36mplanning_arm_1 exited with code 137
[0mStopping planning_nurse_1       ... done
[35mplanning_nurse_1 exited with code 137
[0mRemoving planning_robot_1       ... 
Removing planning_arm_1         ... 
Removing planning_environment_1 ... 
Removing planning_nurse_1       ... 
Removing planning_planner_1     ... 
Removing planning_coordinator_1 ... 
Removing planning_planner_1     ... done
Removing planning_coordinator_1 ... done
Removing planning_robot_1       ... done
Removing planning_nurse_1       ... done
Removing planning_environment_1 ... done
Removing planning_arm_1         ... done
Removing network planning_ros
