Creating network "planning_ros" with the default driver
Creating planning_nurse_1 ... 
Creating planning_coordinator_1 ... 
Creating planning_robot_1       ... 
Creating planning_planner_1     ... 
Creating planning_environment_1 ... 
Creating planning_arm_1         ... 
Creating planning_coordinator_1 ... done
Creating planning_nurse_1       ... done
Creating planning_arm_1         ... done
Creating planning_environment_1 ... done
Creating planning_planner_1     ... done
Creating planning_robot_1       ... done
Attaching to planning_coordinator_1, planning_nurse_1, planning_arm_1, planning_environment_1, planning_planner_1, planning_robot_1
[35mnurse_1        |[0m [INFO] [1675269318.491395487] [Nurse]: Starting Nurse server
[35mnurse_1        |[0m [INFO] [1675269318.527859033] [Nurse]: Nurse server started
[35mnurse_1        |[0m [INFO] [1675269318.529447762] [Nurse]: Starting Nurse clients
[36marm_1          |[0m [INFO] [1675269319.177193714] [Arm]: Starting Arm server
[33mcoordinator_1  |[0m [INFO] [1675269319.192162350] [Coordinator]: Starting Coordinator server
[36marm_1          |[0m [INFO] [1675269319.273241366] [Arm]: Arm server started
[33mcoordinator_1  |[0m [INFO] [1675269319.315541023] [Coordinator]: Coordinator server started
[33mcoordinator_1  |[0m [INFO] [1675269319.317982704] [Coordinator]: Starting Coordinator clients
[36marm_1          |[0m [INFO] [1675269319.337142437] [Arm]: Starting Nurse clients
[32menvironment_1  |[0m [INFO] [1675269319.550875425] [Environment]: Starting Environment server
[32menvironment_1  |[0m [INFO] [1675269319.581847859] [Environment]: Environment server started
[33mcoordinator_1  |[0m [INFO] [1675269320.418549962] [Coordinator]: planner sync service not available, waiting again...
[35mnurse_1        |[0m [INFO] [1675269320.607140215] [Nurse]: robot service not available, waiting again...
[36marm_1          |[0m [INFO] [1675269320.624610855] [Arm]: robot service not available, waiting again...
[33mcoordinator_1  |[0m [INFO] [1675269321.422917721] [Coordinator]: planner sync service not available, waiting again...
[36;1mrobot_1        |[0m [INFO] [1675269321.543274467] [Robot]: Starting Robot server
[36;1mrobot_1        |[0m [INFO] [1675269321.578731086] [Robot]: Robot server started
[36;1mrobot_1        |[0m [INFO] [1675269321.580742254] [Robot]: Starting Robots clients
[36;1mrobot_1        |[0m [INFO] [1675269321.610597867] [Robot]: Robots clients started
[35mnurse_1        |[0m [INFO] [1675269321.626723473] [Nurse]: Nurse clients started
[36marm_1          |[0m [INFO] [1675269321.629440876] [Arm]: Nurse clients started
[35mnurse_1        |[0m [INFO] [1675269321.641341841] [Nurse]: Sent request
[33mcoordinator_1  |[0m [INFO] [1675269322.444989250] [Coordinator]: planner sync service not available, waiting again...
[33mcoordinator_1  |[0m [INFO] [1675269323.459149428] [Coordinator]: planner sync service not available, waiting again...
[33mcoordinator_1  |[0m [INFO] [1675269324.481409587] [Coordinator]: planner sync service not available, waiting again...
[33mcoordinator_1  |[0m [INFO] [1675269325.582627857] [Coordinator]: planner sync service not available, waiting again...
[33mcoordinator_1  |[0m [INFO] [1675269326.796416246] [Coordinator]: planner sync service not available, waiting again...
[33mcoordinator_1  |[0m [INFO] [1675269327.807503795] [Coordinator]: planner sync service not available, waiting again...
[33mcoordinator_1  |[0m [INFO] [1675269329.381607101] [Coordinator]: planner sync service not available, waiting again...
[33mcoordinator_1  |[0m [INFO] [1675269330.403792925] [Coordinator]: planner sync service not available, waiting again...
[33mcoordinator_1  |[0m [INFO] [1675269331.410421839] [Coordinator]: planner sync service not available, waiting again...
[33mcoordinator_1  |[0m [INFO] [1675269332.433457299] [Coordinator]: planner sync service not available, waiting again...
[34mplanner_1      |[0m [INFO] [1675269333.167761952] [Planner]: Starting Planner server
[34mplanner_1      |[0m [INFO] [1675269333.200183781] [Planner]: Planner server started
[35mnurse_1        |[0m [INFO] [1675269333.563550787] [Nurse]: Request response:Okay!
[34mplanner_1      |[0m [INFO] [1675269333.553940127] [Planner]: Receiving sync message. need_plan,robot1,nurse1,arm1
[34mplanner_1      |[0m [INFO] [1675269333.555889976] [Planner]: Creating plan for: robot1 robot1 nurse1
[34mplanner_1      |[0m [INFO] [1675269333.584689125] [Planner]: a_navto,robot1,Room1
[34mplanner_1      |[0m [INFO] [1675269333.585622395] [Planner]: a_approach_nurse,robot1
[34mplanner_1      |[0m [INFO] [1675269333.586335221] [Planner]: a_authenticate_nurse,robot1,nurse1
[34mplanner_1      |[0m [INFO] [1675269333.587022506] [Planner]: a_open_drawer,robot1
[34mplanner_1      |[0m [INFO] [1675269333.587747934] [Planner]: a_deposit,nurse1,robot1
[32menvironment_1  |[0m [INFO] [1675269333.973250603] [Environment]: Receiving message: a_navto,robot1,Room1
[32menvironment_1  |[0m [INFO] [1675269333.975319752] [Environment]: Action: a_navto
[32menvironment_1  |[0m [INFO] [1675269334.004247710] [Environment]: Responding
[32menvironment_1  |[0m [INFO] [1675269334.010961753] [Environment]: Receiving message: a_approach_arm,robot1,arm1
[33mcoordinator_1  |[0m [INFO] [1675269333.515045889] [Coordinator]: Coordinator clients started
[36;1mrobot_1        |[0m [INFO] [1675269333.813305905] [Robot]: Receiving message.
[36;1mrobot_1        |[0m [INFO] [1675269333.827935105] [Robot]: Robot's actions:
[36;1mrobot_1        |[0m [INFO] [1675269333.830220789] [Robot]: a_navto
[36;1mrobot_1        |[0m [INFO] [1675269333.843977169] [Robot]: a_approach_nurse
[36;1mrobot_1        |[0m [INFO] [1675269333.846419674] [Robot]: a_authenticate_nurse
[36;1mrobot_1        |[0m [INFO] [1675269333.860013534] [Robot]: a_open_drawer
[36;1mrobot_1        |[0m [INFO] [1675269333.874766607] [Robot]: a_deposit
[36;1mrobot_1        |[0m [INFO] [1675269333.878410957] [Robot]: a_close_drawer
[36;1mrobot_1        |[0m [INFO] [1675269333.879958886] [Robot]: Action: a_navto
[36;1mrobot_1        |[0m [INFO] [1675269333.903329598] [Robot]: a_approach_arm
[36;1mrobot_1        |[0m [INFO] [1675269333.904596309] [Robot]: a_open_drawer
[36;1mrobot_1        |[0m [INFO] [1675269333.906497488] [Robot]: Doing a_navto
[36;1mrobot_1        |[0m [INFO] [1675269333.908464789] [Robot]: a_pick_up_sample
[36;1mrobot_1        |[0m [INFO] [1675269333.909890187] [Robot]: a_close_drawer
[36;1mrobot_1        |[0m [INFO] [1675269334.008104608] [Robot]: success
[36;1mrobot_1        |[0m [INFO] [1675269334.009420690] [Robot]: Action result: True
[36;1mrobot_1        |[0m [INFO] [1675269334.024837227] [Robot]: Receiving sync message. a_authenticate_nurse,robot1,nurse1
[36;1mrobot_1        |[0m [INFO] [1675269334.027051624] [Robot]: not ready
[36;1mrobot_1        |[0m [INFO] [1675269334.055272096] [Robot]: Receiving sync message. a_authenticate_nurse,robot1,nurse1
[36;1mrobot_1        |[0m [INFO] [1675269334.056211553] [Robot]: not ready
[33mcoordinator_1  |[0m [INFO] [1675269333.532810420] [Coordinator]: Receiving message of nurse1 in room3.
[34mplanner_1      |[0m [INFO] [1675269333.599819761] [Planner]: a_close_drawer,robot1
[34mplanner_1      |[0m [INFO] [1675269333.601035190] [Planner]: a_navto,robot1,Room3
[34mplanner_1      |[0m [INFO] [1675269333.601903143] [Planner]: a_approach_arm,robot1,arm1
[34mplanner_1      |[0m [INFO] [1675269333.602583950] [Planner]: a_open_drawer,robot1
[34mplanner_1      |[0m [INFO] [1675269333.603170512] [Planner]: a_pick_up_sample,arm1,robot1
[32menvironment_1  |[0m [INFO] [1675269334.036970725] [Environment]: Action: a_approach_arm
[32menvironment_1  |[0m [INFO] [1675269334.043589574] [Environment]: Responding
[36;1mrobot_1        |[0m [INFO] [1675269334.089693839] [Robot]: Receiving sync message. a_authenticate_nurse,robot1,nurse1
[36;1mrobot_1        |[0m [INFO] [1675269334.117423106] [Robot]: not ready
[36;1mrobot_1        |[0m [INFO] [1675269334.138162397] [Robot]: Receiving sync message. a_pick_up_sample,arm1,robot1
[36;1mrobot_1        |[0m [INFO] [1675269334.150651532] [Robot]: not ready
[36marm_1          |[0m [INFO] [1675269333.859407549] [Arm]: Receiving message.
[35mnurse_1        |[0m [INFO] [1675269333.825508950] [Nurse]: Receiving message.
[35mnurse_1        |[0m [INFO] [1675269333.855064018] [Nurse]: Nurse's actions:
[35mnurse_1        |[0m [INFO] [1675269333.857369257] [Nurse]: a_authenticate_nurse
[35mnurse_1        |[0m [INFO] [1675269333.871804129] [Nurse]: a_deposit
[33mcoordinator_1  |[0m [INFO] [1675269333.534632835] [Coordinator]: Sending response
[34mplanner_1      |[0m [INFO] [1675269333.618453708] [Planner]: a_close_drawer,robot1
[34mplanner_1      |[0m [INFO] [1675269333.620642472] [Planner]: Sending response
[36marm_1          |[0m [INFO] [1675269333.907870488] [Arm]: Arm's actions:
[36;1mrobot_1        |[0m [INFO] [1675269334.168316467] [Robot]: Receiving sync message. a_authenticate_nurse,robot1,nurse1
[36marm_1          |[0m [INFO] [1675269333.925757501] [Arm]: a_approach_arm
[36marm_1          |[0m [INFO] [1675269333.928208487] [Arm]: Action: a_approach_arm
[36marm_1          |[0m [INFO] [1675269333.940416139] [Arm]: Doing a_approach_arm
[35mnurse_1        |[0m [INFO] [1675269334.016557646] [Nurse]: Action: a_authenticate_nurse
[35mnurse_1        |[0m [INFO] [1675269334.020945435] [Nurse]: Doing a_authenticate_nurse
[35mnurse_1        |[0m [INFO] [1675269334.036104140] [Nurse]: not ready
[35mnurse_1        |[0m [INFO] [1675269334.038219860] [Nurse]: Action result: False
[35mnurse_1        |[0m [INFO] [1675269334.052010683] [Nurse]: Action: a_authenticate_nurse
[36marm_1          |[0m [INFO] [1675269334.075030150] [Arm]: success
[36marm_1          |[0m [INFO] [1675269334.085559037] [Arm]: Action result: True
[36marm_1          |[0m [INFO] [1675269334.112889652] [Arm]: Action: a_pick_up_sample
[36marm_1          |[0m [INFO] [1675269334.135286501] [Arm]: Doing a_pick_up_sample
[35mnurse_1        |[0m [INFO] [1675269334.053318536] [Nurse]: Doing a_authenticate_nurse
[35mnurse_1        |[0m [INFO] [1675269334.070933709] [Nurse]: not ready
[35mnurse_1        |[0m [INFO] [1675269334.077919014] [Nurse]: Action result: False
[35mnurse_1        |[0m [INFO] [1675269334.078868648] [Nurse]: Action: a_authenticate_nurse
[35mnurse_1        |[0m [INFO] [1675269334.079580797] [Nurse]: Doing a_authenticate_nurse
[36;1mrobot_1        |[0m [INFO] [1675269334.170421064] [Robot]: not ready
[35mnurse_1        |[0m [INFO] [1675269334.129140790] [Nurse]: not ready
[35mnurse_1        |[0m [INFO] [1675269334.143553134] [Nurse]: Action result: False
[35mnurse_1        |[0m [INFO] [1675269334.145787364] [Nurse]: Action: a_authenticate_nurse
[35mnurse_1        |[0m [INFO] [1675269334.160646434] [Nurse]: Doing a_authenticate_nurse
[35mnurse_1        |[0m [INFO] [1675269334.184743752] [Nurse]: not ready
[36marm_1          |[0m [INFO] [1675269334.153703387] [Arm]: not ready
[36marm_1          |[0m [INFO] [1675269334.154736745] [Arm]: Action result: False
[36marm_1          |[0m [INFO] [1675269334.155758465] [Arm]: Action: a_pick_up_sample
[36marm_1          |[0m [INFO] [1675269334.156528990] [Arm]: Doing a_pick_up_sample
[36;1mrobot_1        |[0m [INFO] [1675269334.186308983] [Robot]: Receiving sync message. a_pick_up_sample,arm1,robot1
[36;1mrobot_1        |[0m [INFO] [1675269334.199047015] [Robot]: not ready
[36;1mrobot_1        |[0m [INFO] [1675269334.215552723] [Robot]: Receiving sync message. a_authenticate_nurse,robot1,nurse1
[36;1mrobot_1        |[0m [INFO] [1675269334.216820000] [Robot]: not ready
[35mnurse_1        |[0m [INFO] [1675269334.185831866] [Nurse]: Action result: False
[36;1mrobot_1        |[0m [INFO] [1675269334.248931269] [Robot]: Receiving sync message. a_authenticate_nurse,robot1,nurse1
[36marm_1          |[0m [INFO] [1675269334.230502202] [Arm]: not ready
[36marm_1          |[0m [INFO] [1675269334.232900305] [Arm]: Action result: False
[35mnurse_1        |[0m [INFO] [1675269334.188728725] [Nurse]: Action: a_authenticate_nurse
[35mnurse_1        |[0m [INFO] [1675269334.201442790] [Nurse]: Doing a_authenticate_nurse
[35mnurse_1        |[0m [INFO] [1675269334.221015401] [Nurse]: not ready
[35mnurse_1        |[0m [INFO] [1675269334.222890255] [Nurse]: Action result: False
[35mnurse_1        |[0m [INFO] [1675269334.236532285] [Nurse]: Action: a_authenticate_nurse
[35mnurse_1        |[0m [INFO] [1675269334.237492855] [Nurse]: Doing a_authenticate_nurse
[33mcoordinator_1  |[0m [INFO] [1675269333.548088773] [Coordinator]: Planing
[33mcoordinator_1  |[0m [INFO] [1675269333.550077905] [Coordinator]: Creating plan for: robot1, nurse1, arm1 
[33mcoordinator_1  |[0m [INFO] [1675269333.649800388] [Coordinator]: Plan received for: robot1, nurse1, arm1 
[33mcoordinator_1  |[0m [INFO] [1675269333.664527758] [Coordinator]: a_navto,robot1,Room1/a_approach_nurse,robot1/a_authenticate_nurse,robot1,nurse1/a_open_drawer,robot1/a_deposit,nurse1,robot1/a_close_drawer,robot1/a_navto,robot1,Room3/a_approach_arm,robot1,arm1/a_open_drawer,robot1/a_pick_up_sample,arm1,robot1/a_close_drawer,robot1
[33mcoordinator_1  |[0m [INFO] [1675269333.666776324] [Coordinator]: a_navto,robot1,Room1
[33mcoordinator_1  |[0m [INFO] [1675269333.680583950] [Coordinator]: a_approach_nurse,robot1
[33mcoordinator_1  |[0m [INFO] [1675269333.682568651] [Coordinator]: a_authenticate_nurse,robot1,nurse1
[33mcoordinator_1  |[0m [INFO] [1675269333.698160342] [Coordinator]: a_open_drawer,robot1
[33mcoordinator_1  |[0m [INFO] [1675269333.712242023] [Coordinator]: a_deposit,nurse1,robot1
[33mcoordinator_1  |[0m [INFO] [1675269333.713995988] [Coordinator]: a_close_drawer,robot1
[33mcoordinator_1  |[0m [INFO] [1675269333.729300854] [Coordinator]: a_navto,robot1,Room3
[33mcoordinator_1  |[0m [INFO] [1675269333.744572345] [Coordinator]: a_approach_arm,robot1,arm1
[33mcoordinator_1  |[0m [INFO] [1675269333.746635042] [Coordinator]: a_open_drawer,robot1
[33mcoordinator_1  |[0m [INFO] [1675269333.760283871] [Coordinator]: a_pick_up_sample,arm1,robot1
[33mcoordinator_1  |[0m [INFO] [1675269333.762454600] [Coordinator]: a_close_drawer,robot1
[33mcoordinator_1  |[0m [INFO] [1675269333.777182440] [Coordinator]: Sending plans
[33mcoordinator_1  |[0m [INFO] [1675269333.779786756] [Coordinator]: Plans sent
[33mcoordinator_1  |[0m [INFO] [1675269334.032323851] [Coordinator]: Receiving sync message: action_complete,a_navto
[33mcoordinator_1  |[0m [INFO] [1675269334.235106190] [Coordinator]: action_complete
[36marm_1          |[0m [INFO] [1675269334.262027568] [Arm]: Action: a_pick_up_sample
[36marm_1          |[0m [INFO] [1675269334.264790894] [Arm]: Doing a_pick_up_sample
[36marm_1          |[0m [INFO] [1675269334.314943722] [Arm]: not ready
[36;1mrobot_1        |[0m [INFO] [1675269334.267046969] [Robot]: not ready
[36;1mrobot_1        |[0m [INFO] [1675269334.279942029] [Robot]: Receiving sync message. a_pick_up_sample,arm1,robot1
[36;1mrobot_1        |[0m [INFO] [1675269334.283151266] [Robot]: not ready
[36;1mrobot_1        |[0m [INFO] [1675269334.296902528] [Robot]: Action: a_approach_nurse
[36;1mrobot_1        |[0m [INFO] [1675269334.299731968] [Robot]: Doing a_approach_nurse
[36;1mrobot_1        |[0m [INFO] [1675269334.327691523] [Robot]: Receiving sync message. a_authenticate_nurse,robot1,nurse1
[36;1mrobot_1        |[0m [INFO] [1675269334.330301537] [Robot]: not ready
[35mnurse_1        |[0m [INFO] [1675269334.282233660] [Nurse]: not ready
[36;1mrobot_1        |[0m [INFO] [1675269334.355702572] [Robot]: Receiving sync message. a_pick_up_sample,arm1,robot1
[36;1mrobot_1        |[0m [INFO] [1675269334.362236132] [Robot]: not ready
[36marm_1          |[0m [INFO] [1675269334.317110287] [Arm]: Action result: False
[32menvironment_1  |[0m [INFO] [1675269334.372700094] [Environment]: Receiving message: a_approach_nurse,robot1
[32menvironment_1  |[0m [INFO] [1675269334.375453101] [Environment]: Action: a_approach_nurse
[32menvironment_1  |[0m [INFO] [1675269334.522402644] [Environment]: Responding
[36marm_1          |[0m [INFO] [1675269334.331498424] [Arm]: Action: a_pick_up_sample
[36marm_1          |[0m [INFO] [1675269334.345400914] [Arm]: Doing a_pick_up_sample
[36marm_1          |[0m [INFO] [1675269334.366714053] [Arm]: not ready
[36marm_1          |[0m [INFO] [1675269334.374671345] [Arm]: Action result: False
[36marm_1          |[0m [INFO] [1675269334.377541144] [Arm]: Action: a_pick_up_sample
[36marm_1          |[0m [INFO] [1675269334.409290607] [Arm]: Doing a_pick_up_sample
[36marm_1          |[0m [INFO] [1675269334.446382846] [Arm]: not ready
[36marm_1          |[0m [INFO] [1675269334.459638700] [Arm]: Action result: False
[36marm_1          |[0m [INFO] [1675269334.461991123] [Arm]: Action: a_pick_up_sample
[36marm_1          |[0m [INFO] [1675269334.475374508] [Arm]: Doing a_pick_up_sample
[36marm_1          |[0m [INFO] [1675269334.500245236] [Arm]: not ready
[36marm_1          |[0m [INFO] [1675269334.504852155] [Arm]: Action result: False
[36marm_1          |[0m [INFO] [1675269334.508388143] [Arm]: Action: a_pick_up_sample
[36marm_1          |[0m [INFO] [1675269334.511286580] [Arm]: Doing a_pick_up_sample
[36marm_1          |[0m [INFO] [1675269334.555342587] [Arm]: not ready
[36marm_1          |[0m [INFO] [1675269334.559950076] [Arm]: Action result: False
[36marm_1          |[0m [INFO] [1675269334.561454645] [Arm]: Action: a_pick_up_sample
[36marm_1          |[0m [INFO] [1675269334.563467275] [Arm]: Doing a_pick_up_sample
[36marm_1          |[0m [INFO] [1675269334.628205149] [Arm]: not ready
[36marm_1          |[0m [INFO] [1675269334.631486701] [Arm]: Action result: False
[36marm_1          |[0m [INFO] [1675269334.633125242] [Arm]: Action: a_pick_up_sample
[36marm_1          |[0m [INFO] [1675269334.646803198] [Arm]: Doing a_pick_up_sample
[36marm_1          |[0m [INFO] [1675269334.687321322] [Arm]: not ready
[36marm_1          |[0m [INFO] [1675269334.698329878] [Arm]: Action result: False
[36marm_1          |[0m [INFO] [1675269334.700312744] [Arm]: Action: a_pick_up_sample
[36marm_1          |[0m [INFO] [1675269334.701815796] [Arm]: Doing a_pick_up_sample
[35mnurse_1        |[0m [INFO] [1675269334.297929506] [Nurse]: Action result: False
[35mnurse_1        |[0m [INFO] [1675269334.310217473] [Nurse]: Action: a_authenticate_nurse
[35mnurse_1        |[0m [INFO] [1675269334.312893868] [Nurse]: Doing a_authenticate_nurse
[33mcoordinator_1  |[0m [INFO] [1675269334.268149643] [Coordinator]: plans_actions_current 1 of 11
[36;1mrobot_1        |[0m [INFO] [1675269334.376800549] [Robot]: Receiving sync message. a_authenticate_nurse,robot1,nurse1
[36;1mrobot_1        |[0m [INFO] [1675269334.377957016] [Robot]: not ready
[36;1mrobot_1        |[0m [INFO] [1675269334.411378816] [Robot]: Receiving sync message. a_authenticate_nurse,robot1,nurse1
[36;1mrobot_1        |[0m [INFO] [1675269334.413452011] [Robot]: not ready
[36;1mrobot_1        |[0m [INFO] [1675269334.428201265] [Robot]: Receiving sync message. a_pick_up_sample,arm1,robot1
[36;1mrobot_1        |[0m [INFO] [1675269334.442012151] [Robot]: not ready
[36;1mrobot_1        |[0m [INFO] [1675269334.457961392] [Robot]: Receiving sync message. a_authenticate_nurse,robot1,nurse1
[36;1mrobot_1        |[0m [INFO] [1675269334.470007848] [Robot]: not ready
[36;1mrobot_1        |[0m [INFO] [1675269334.479390676] [Robot]: Receiving sync message. a_pick_up_sample,arm1,robot1
[36;1mrobot_1        |[0m [INFO] [1675269334.493931692] [Robot]: not ready
[36;1mrobot_1        |[0m [INFO] [1675269334.509096192] [Robot]: Receiving sync message. a_authenticate_nurse,robot1,nurse1
[36;1mrobot_1        |[0m [INFO] [1675269334.511250101] [Robot]: not ready
[36;1mrobot_1        |[0m [INFO] [1675269334.526655446] [Robot]: Receiving sync message. a_pick_up_sample,arm1,robot1
[36marm_1          |[0m [INFO] [1675269334.846581125] [Arm]: not ready
[35mnurse_1        |[0m [INFO] [1675269334.344340291] [Nurse]: not ready
[35mnurse_1        |[0m [INFO] [1675269334.345717755] [Nurse]: Action result: False
[35mnurse_1        |[0m [INFO] [1675269334.357951383] [Nurse]: Action: a_authenticate_nurse
[35mnurse_1        |[0m [INFO] [1675269334.359067441] [Nurse]: Doing a_authenticate_nurse
[36;1mrobot_1        |[0m [INFO] [1675269334.529166938] [Robot]: not ready
[36;1mrobot_1        |[0m [INFO] [1675269334.546097790] [Robot]: success
[36;1mrobot_1        |[0m [INFO] [1675269334.548048844] [Robot]: Action result: True
[36;1mrobot_1        |[0m [INFO] [1675269334.577130071] [Robot]: Receiving sync message. a_authenticate_nurse,robot1,nurse1
[36;1mrobot_1        |[0m [INFO] [1675269334.579204086] [Robot]: not ready
[36;1mrobot_1        |[0m [INFO] [1675269334.593516060] [Robot]: Receiving sync message. a_pick_up_sample,arm1,robot1
[36;1mrobot_1        |[0m [INFO] [1675269334.608545868] [Robot]: not ready
[33mcoordinator_1  |[0m [INFO] [1675269334.585592813] [Coordinator]: Receiving sync message: action_complete,a_approach_nurse
[33mcoordinator_1  |[0m [INFO] [1675269334.620579678] [Coordinator]: action_complete
[33mcoordinator_1  |[0m [INFO] [1675269334.632830068] [Coordinator]: plans_actions_current 2 of 11
[36marm_1          |[0m [INFO] [1675269334.849009293] [Arm]: Action result: False
[36marm_1          |[0m [INFO] [1675269334.864779900] [Arm]: Action: a_pick_up_sample
[36marm_1          |[0m [INFO] [1675269334.868396925] [Arm]: Doing a_pick_up_sample
[36marm_1          |[0m [INFO] [1675269334.935435771] [Arm]: not ready
[36marm_1          |[0m [INFO] [1675269334.956374445] [Arm]: Action result: False
[36marm_1          |[0m [INFO] [1675269334.960259573] [Arm]: Action: a_pick_up_sample
[36marm_1          |[0m [INFO] [1675269334.961919880] [Arm]: Doing a_pick_up_sample
[36marm_1          |[0m [INFO] [1675269334.999433686] [Arm]: not ready
[36marm_1          |[0m [INFO] [1675269335.008933955] [Arm]: Action result: False
[36marm_1          |[0m [INFO] [1675269335.011496320] [Arm]: Action: a_pick_up_sample
[36marm_1          |[0m [INFO] [1675269335.031554503] [Arm]: Doing a_pick_up_sample
[36marm_1          |[0m [INFO] [1675269335.050762659] [Arm]: not ready
[36marm_1          |[0m [INFO] [1675269335.055086649] [Arm]: Action result: False
[36marm_1          |[0m [INFO] [1675269335.055988454] [Arm]: Action: a_pick_up_sample
[36marm_1          |[0m [INFO] [1675269335.056701562] [Arm]: Doing a_pick_up_sample
[36;1mrobot_1        |[0m [INFO] [1675269334.638838501] [Robot]: Receiving sync message. a_authenticate_nurse,robot1,nurse1
[36;1mrobot_1        |[0m [INFO] [1675269334.653493651] [Robot]: not ready
[36;1mrobot_1        |[0m [INFO] [1675269334.657743093] [Robot]: Receiving sync message. a_pick_up_sample,arm1,robot1
[36;1mrobot_1        |[0m [INFO] [1675269334.679613370] [Robot]: not ready
[36;1mrobot_1        |[0m [INFO] [1675269334.683162151] [Robot]: Action: a_authenticate_nurse
[35mnurse_1        |[0m [INFO] [1675269334.393071418] [Nurse]: not ready
[35mnurse_1        |[0m [INFO] [1675269334.405493171] [Nurse]: Action result: False
[35mnurse_1        |[0m [INFO] [1675269334.406779784] [Nurse]: Action: a_authenticate_nurse
[35mnurse_1        |[0m [INFO] [1675269334.407967759] [Nurse]: Doing a_authenticate_nurse
[35mnurse_1        |[0m [INFO] [1675269334.422434566] [Nurse]: not ready
[35mnurse_1        |[0m [INFO] [1675269334.425495256] [Nurse]: Action result: False
[35mnurse_1        |[0m [INFO] [1675269334.438161942] [Nurse]: Action: a_authenticate_nurse
[35mnurse_1        |[0m [INFO] [1675269334.440575348] [Nurse]: Doing a_authenticate_nurse
[35mnurse_1        |[0m [INFO] [1675269334.475888220] [Nurse]: not ready
[33mcoordinator_1  |[0m [INFO] [1675269334.860769720] [Coordinator]: Receiving sync message: action_complete,a_authenticate_nurse
[33mcoordinator_1  |[0m [INFO] [1675269334.863518567] [Coordinator]: action_complete
[33mcoordinator_1  |[0m [INFO] [1675269334.866223863] [Coordinator]: plans_actions_current 3 of 11
[33mcoordinator_1  |[0m [INFO] [1675269335.000867035] [Coordinator]: Receiving sync message: action_complete,a_open_drawer
[33mcoordinator_1  |[0m [INFO] [1675269335.002877804] [Coordinator]: action_complete
[33mcoordinator_1  |[0m [INFO] [1675269335.047815845] [Coordinator]: plans_actions_current 4 of 11
[35mnurse_1        |[0m [INFO] [1675269334.477100285] [Nurse]: Action result: False
[36;1mrobot_1        |[0m [INFO] [1675269334.685446513] [Robot]: Doing a_authenticate_nurse
[36;1mrobot_1        |[0m [INFO] [1675269334.687246059] [Robot]: wating for nurse1 to authenticate to robot1
[36;1mrobot_1        |[0m [INFO] [1675269334.700680025] [Robot]: Action result: False
[36;1mrobot_1        |[0m [INFO] [1675269334.702173657] [Robot]: Action: a_authenticate_nurse
[36;1mrobot_1        |[0m [INFO] [1675269334.714773616] [Robot]: Doing a_authenticate_nurse
[36;1mrobot_1        |[0m [INFO] [1675269334.732217470] [Robot]: wating for nurse1 to authenticate to robot1
[36;1mrobot_1        |[0m [INFO] [1675269334.736894303] [Robot]: Receiving sync message. a_authenticate_nurse,robot1,nurse1
[36;1mrobot_1        |[0m [INFO] [1675269334.750459521] [Robot]: Action result: False
[36;1mrobot_1        |[0m [INFO] [1675269334.754218365] [Robot]: Authenticate nurse
[35mnurse_1        |[0m [INFO] [1675269334.479507247] [Nurse]: Action: a_authenticate_nurse
[36;1mrobot_1        |[0m [INFO] [1675269334.768079533] [Robot]: Action: a_authenticate_nurse
[36;1mrobot_1        |[0m [INFO] [1675269334.783986637] [Robot]: Receiving sync message. a_pick_up_sample,arm1,robot1
[36;1mrobot_1        |[0m [INFO] [1675269334.785831593] [Robot]: Doing a_authenticate_nurse
[36;1mrobot_1        |[0m [INFO] [1675269334.787835346] [Robot]: Action result: True
[36;1mrobot_1        |[0m [INFO] [1675269334.811784459] [Robot]: not ready
[36;1mrobot_1        |[0m [INFO] [1675269334.814256088] [Robot]: Receiving sync message. a_deposit,nurse1,robot1
[36;1mrobot_1        |[0m [INFO] [1675269334.815563042] [Robot]: not ready
[36;1mrobot_1        |[0m [INFO] [1675269334.885782097] [Robot]: Receiving sync message. a_deposit,nurse1,robot1
[36;1mrobot_1        |[0m [INFO] [1675269334.887553591] [Robot]: not ready
[36;1mrobot_1        |[0m [INFO] [1675269334.903749184] [Robot]: Receiving sync message. a_pick_up_sample,arm1,robot1
[35mnurse_1        |[0m [INFO] [1675269334.481923938] [Nurse]: Doing a_authenticate_nurse
[35mnurse_1        |[0m [INFO] [1675269334.529253087] [Nurse]: not ready
[36;1mrobot_1        |[0m [INFO] [1675269334.915766648] [Robot]: Action: a_open_drawer
[35mnurse_1        |[0m [INFO] [1675269334.540975059] [Nurse]: Action result: False
[36;1mrobot_1        |[0m [INFO] [1675269334.917676373] [Robot]: Doing a_open_drawer
[36;1mrobot_1        |[0m [INFO] [1675269334.931600947] [Robot]: not ready
[36;1mrobot_1        |[0m [INFO] [1675269334.948398465] [Robot]: Receiving sync message. a_deposit,nurse1,robot1
[36;1mrobot_1        |[0m [INFO] [1675269334.950462216] [Robot]: not ready
[35mnurse_1        |[0m [INFO] [1675269334.544110735] [Nurse]: Action: a_authenticate_nurse
[36;1mrobot_1        |[0m [INFO] [1675269334.965999436] [Robot]: success
[35mnurse_1        |[0m [INFO] [1675269334.558942470] [Nurse]: Doing a_authenticate_nurse
[36;1mrobot_1        |[0m [INFO] [1675269334.969900991] [Robot]: Receiving sync message. a_pick_up_sample,arm1,robot1
[35mnurse_1        |[0m [INFO] [1675269334.583532466] [Nurse]: not ready
[36;1mrobot_1        |[0m [INFO] [1675269334.984699880] [Robot]: Action result: True
[36;1mrobot_1        |[0m [INFO] [1675269334.985720495] [Robot]: not ready
[35mnurse_1        |[0m [INFO] [1675269334.588971661] [Nurse]: Action result: False
[36;1mrobot_1        |[0m [INFO] [1675269335.001267930] [Robot]: Receiving sync message. a_deposit,nurse1,robot1
[36;1mrobot_1        |[0m [INFO] [1675269335.012825100] [Robot]: not ready
[36;1mrobot_1        |[0m [INFO] [1675269335.043546426] [Robot]: Receiving sync message. a_pick_up_sample,arm1,robot1
[36;1mrobot_1        |[0m [INFO] [1675269335.046095964] [Robot]: not ready
[36;1mrobot_1        |[0m [INFO] [1675269335.061459153] [Robot]: Receiving sync message. a_deposit,nurse1,robot1
[36;1mrobot_1        |[0m [INFO] [1675269335.076123656] [Robot]: not ready
[35mnurse_1        |[0m [INFO] [1675269334.590324990] [Nurse]: Action: a_authenticate_nurse
[35mnurse_1        |[0m [INFO] [1675269334.591926228] [Nurse]: Doing a_authenticate_nurse
[35mnurse_1        |[0m [INFO] [1675269334.670868865] [Nurse]: not ready
[35mnurse_1        |[0m [INFO] [1675269334.672622755] [Nurse]: Action result: False
[35mnurse_1        |[0m [INFO] [1675269334.686911801] [Nurse]: Action: a_authenticate_nurse
[35mnurse_1        |[0m [INFO] [1675269334.700869670] [Nurse]: Doing a_authenticate_nurse
[35mnurse_1        |[0m [INFO] [1675269334.769502463] [Nurse]: success
[35mnurse_1        |[0m [INFO] [1675269334.783325673] [Nurse]: Action result: True
[35mnurse_1        |[0m [INFO] [1675269334.786963086] [Nurse]: Action: a_deposit
[35mnurse_1        |[0m [INFO] [1675269334.801152312] [Nurse]: Doing a_deposit
[35mnurse_1        |[0m [INFO] [1675269334.835083740] [Nurse]: not ready
[35mnurse_1        |[0m [INFO] [1675269334.864749150] [Nurse]: Action result: False
[35mnurse_1        |[0m [INFO] [1675269334.867763969] [Nurse]: Action: a_deposit
[35mnurse_1        |[0m [INFO] [1675269334.879798441] [Nurse]: Doing a_deposit
[35mnurse_1        |[0m [INFO] [1675269334.901655977] [Nurse]: not ready
[35mnurse_1        |[0m [INFO] [1675269334.903039990] [Nurse]: Action result: False
[35mnurse_1        |[0m [INFO] [1675269334.905474389] [Nurse]: Action: a_deposit
[35mnurse_1        |[0m [INFO] [1675269334.918597860] [Nurse]: Doing a_deposit
[35mnurse_1        |[0m [INFO] [1675269334.967843950] [Nurse]: not ready
[35mnurse_1        |[0m [INFO] [1675269334.969411011] [Nurse]: Action result: False
[35mnurse_1        |[0m [INFO] [1675269334.971123251] [Nurse]: Action: a_deposit
[35mnurse_1        |[0m [INFO] [1675269334.984623852] [Nurse]: Doing a_deposit
[35mnurse_1        |[0m [INFO] [1675269335.017548984] [Nurse]: not ready
[35mnurse_1        |[0m [INFO] [1675269335.031822144] [Nurse]: Action result: False
[35mnurse_1        |[0m [INFO] [1675269335.033948086] [Nurse]: Action: a_deposit
[35mnurse_1        |[0m [INFO] [1675269335.047879780] [Nurse]: Doing a_deposit
[35mnurse_1        |[0m [INFO] [1675269335.083886127] [Nurse]: not ready
[35mnurse_1        |[0m [INFO] [1675269335.097542938] [Nurse]: Action result: False
[35mnurse_1        |[0m [INFO] [1675269335.102094988] [Nurse]: Action: a_deposit
[35mnurse_1        |[0m [INFO] [1675269335.114542704] [Nurse]: Doing a_deposit
[36marm_1          |[0m [INFO] [1675269335.126695022] [Arm]: not ready
[36marm_1          |[0m [INFO] [1675269335.141294652] [Arm]: Action result: False
[36marm_1          |[0m [INFO] [1675269335.143503621] [Arm]: Action: a_pick_up_sample
[33mcoordinator_1  |[0m [INFO] [1675269335.349687841] [Coordinator]: Receiving sync message: action_complete,a_deposit
[35mnurse_1        |[0m [INFO] [1675269335.142852268] [Nurse]: success
[35mnurse_1        |[0m [INFO] [1675269335.147375892] [Nurse]: Action result: True
[36marm_1          |[0m [INFO] [1675269335.172153696] [Arm]: Doing a_pick_up_sample
[36marm_1          |[0m [INFO] [1675269335.197327002] [Arm]: not ready
[33mcoordinator_1  |[0m [INFO] [1675269335.351700646] [Coordinator]: action_complete
[33mcoordinator_1  |[0m [INFO] [1675269335.354002643] [Coordinator]: plans_actions_current 5 of 11
[36marm_1          |[0m [INFO] [1675269335.199267059] [Arm]: Action result: False
[36marm_1          |[0m [INFO] [1675269335.212486042] [Arm]: Action: a_pick_up_sample
[36marm_1          |[0m [INFO] [1675269335.230546748] [Arm]: Doing a_pick_up_sample
[36marm_1          |[0m [INFO] [1675269335.263985531] [Arm]: not ready
[36marm_1          |[0m [INFO] [1675269335.276668550] [Arm]: Action result: False
[36marm_1          |[0m [INFO] [1675269335.279508965] [Arm]: Action: a_pick_up_sample
[36marm_1          |[0m [INFO] [1675269335.294170777] [Arm]: Doing a_pick_up_sample
[36marm_1          |[0m [INFO] [1675269335.324929924] [Arm]: not ready
[36marm_1          |[0m [INFO] [1675269335.327064592] [Arm]: Action result: False
[36marm_1          |[0m [INFO] [1675269335.340216503] [Arm]: Action: a_pick_up_sample
[36marm_1          |[0m [INFO] [1675269335.342325985] [Arm]: Doing a_pick_up_sample
[36marm_1          |[0m [INFO] [1675269335.364571677] [Arm]: not ready
[36marm_1          |[0m [INFO] [1675269335.395851931] [Arm]: Action result: False
[36marm_1          |[0m [INFO] [1675269335.398952807] [Arm]: Action: a_pick_up_sample
[36marm_1          |[0m [INFO] [1675269335.411568124] [Arm]: Doing a_pick_up_sample
[36marm_1          |[0m [INFO] [1675269335.473779725] [Arm]: not ready
[36marm_1          |[0m [INFO] [1675269335.475939000] [Arm]: Action result: False
[36marm_1          |[0m [INFO] [1675269335.478261485] [Arm]: Action: a_pick_up_sample
[36marm_1          |[0m [INFO] [1675269335.493597564] [Arm]: Doing a_pick_up_sample
[36marm_1          |[0m [INFO] [1675269335.509599657] [Arm]: not ready
[36marm_1          |[0m [INFO] [1675269335.523646471] [Arm]: Action result: False
[36;1mrobot_1        |[0m [INFO] [1675269335.098163929] [Robot]: Receiving sync message. a_pick_up_sample,arm1,robot1
[36;1mrobot_1        |[0m [INFO] [1675269335.109829720] [Robot]: Action: a_deposit
[36;1mrobot_1        |[0m [INFO] [1675269335.115754770] [Robot]: not ready
[36;1mrobot_1        |[0m [INFO] [1675269335.127535460] [Robot]: Receiving sync message. a_deposit,nurse1,robot1
[36;1mrobot_1        |[0m [INFO] [1675269335.128921033] [Robot]: Deposit
[36;1mrobot_1        |[0m [INFO] [1675269335.157739834] [Robot]: Doing a_deposit
[36;1mrobot_1        |[0m [INFO] [1675269335.160288353] [Robot]: Action result: True
[36;1mrobot_1        |[0m [INFO] [1675269335.178273378] [Robot]: Receiving sync message. a_pick_up_sample,arm1,robot1
[36;1mrobot_1        |[0m [INFO] [1675269335.180973386] [Robot]: not ready
[36;1mrobot_1        |[0m [INFO] [1675269335.255793882] [Robot]: Receiving sync message. a_pick_up_sample,arm1,robot1
[36;1mrobot_1        |[0m [INFO] [1675269335.259456753] [Robot]: not ready
[36;1mrobot_1        |[0m [INFO] [1675269335.308199452] [Robot]: Receiving sync message. a_pick_up_sample,arm1,robot1
[36;1mrobot_1        |[0m [INFO] [1675269335.309587647] [Robot]: not ready
[36;1mrobot_1        |[0m [INFO] [1675269335.353013309] [Robot]: Receiving sync message. a_pick_up_sample,arm1,robot1
[36;1mrobot_1        |[0m [INFO] [1675269335.360343560] [Robot]: not ready
[36;1mrobot_1        |[0m [INFO] [1675269335.445810864] [Robot]: Action: a_close_drawer
[36;1mrobot_1        |[0m [INFO] [1675269335.447024257] [Robot]: Doing a_close_drawer
[36;1mrobot_1        |[0m [INFO] [1675269335.448166832] [Robot]: success
[36;1mrobot_1        |[0m [INFO] [1675269335.449412897] [Robot]: Action result: True
[36;1mrobot_1        |[0m [INFO] [1675269335.460507868] [Robot]: Receiving sync message. a_pick_up_sample,arm1,robot1
[36;1mrobot_1        |[0m [INFO] [1675269335.466882326] [Robot]: not ready
[36;1mrobot_1        |[0m [INFO] [1675269335.497318696] [Robot]: Receiving sync message. a_pick_up_sample,arm1,robot1
[36;1mrobot_1        |[0m [INFO] [1675269335.499829608] [Robot]: not ready
[36marm_1          |[0m [INFO] [1675269335.526066263] [Arm]: Action: a_pick_up_sample
[36marm_1          |[0m [INFO] [1675269335.540097680] [Arm]: Doing a_pick_up_sample
[36marm_1          |[0m [INFO] [1675269335.598144607] [Arm]: not ready
[36marm_1          |[0m [INFO] [1675269335.600187987] [Arm]: Action result: False
[36;1mrobot_1        |[0m [INFO] [1675269335.562979367] [Robot]: Receiving sync message. a_pick_up_sample,arm1,robot1
[36;1mrobot_1        |[0m [INFO] [1675269335.565617356] [Robot]: not ready
[36;1mrobot_1        |[0m [INFO] [1675269335.609894924] [Robot]: Receiving sync message. a_pick_up_sample,arm1,robot1
[36;1mrobot_1        |[0m [INFO] [1675269335.624875253] [Robot]: not ready
[36marm_1          |[0m [INFO] [1675269335.604403122] [Arm]: Action: a_pick_up_sample
[36marm_1          |[0m [INFO] [1675269335.606613274] [Arm]: Doing a_pick_up_sample
[36;1mrobot_1        |[0m [INFO] [1675269335.664260772] [Robot]: Receiving sync message. a_pick_up_sample,arm1,robot1
[36marm_1          |[0m [INFO] [1675269335.635955720] [Arm]: not ready
[36marm_1          |[0m [INFO] [1675269335.638364215] [Arm]: Action result: False
[36marm_1          |[0m [INFO] [1675269335.651917559] [Arm]: Action: a_pick_up_sample
[36marm_1          |[0m [INFO] [1675269335.654073255] [Arm]: Doing a_pick_up_sample
[36;1mrobot_1        |[0m [INFO] [1675269335.665703077] [Robot]: not ready
[36;1mrobot_1        |[0m [INFO] [1675269335.699748074] [Robot]: Action: a_navto
[36;1mrobot_1        |[0m [INFO] [1675269335.701717343] [Robot]: Doing a_navto
[36;1mrobot_1        |[0m [INFO] [1675269335.712761876] [Robot]: Receiving sync message. a_pick_up_sample,arm1,robot1
[36;1mrobot_1        |[0m [INFO] [1675269335.726130333] [Robot]: not ready
[36marm_1          |[0m [INFO] [1675269335.669445859] [Arm]: not ready
[36;1mrobot_1        |[0m [INFO] [1675269335.768489051] [Robot]: Receiving sync message. a_pick_up_sample,arm1,robot1
[36;1mrobot_1        |[0m [INFO] [1675269335.769386800] [Robot]: not ready
[36;1mrobot_1        |[0m [INFO] [1675269335.785980656] [Robot]: success
[36;1mrobot_1        |[0m [INFO] [1675269335.787661160] [Robot]: Action result: True
[36;1mrobot_1        |[0m [INFO] [1675269335.800110119] [Robot]: Receiving sync message. a_pick_up_sample,arm1,robot1
[36;1mrobot_1        |[0m [INFO] [1675269335.801299398] [Robot]: not ready
[36;1mrobot_1        |[0m [INFO] [1675269335.836236113] [Robot]: Receiving sync message. a_pick_up_sample,arm1,robot1
[36;1mrobot_1        |[0m [INFO] [1675269335.837703597] [Robot]: not ready
[36;1mrobot_1        |[0m [INFO] [1675269335.867552589] [Robot]: Receiving sync message. a_pick_up_sample,arm1,robot1
[36;1mrobot_1        |[0m [INFO] [1675269335.868836859] [Robot]: not ready
[36;1mrobot_1        |[0m [INFO] [1675269335.886476609] [Robot]: Receiving sync message. a_pick_up_sample,arm1,robot1
[36;1mrobot_1        |[0m [INFO] [1675269335.899920491] [Robot]: not ready
[36;1mrobot_1        |[0m [INFO] [1675269335.917348710] [Robot]: Action: a_approach_arm
[36;1mrobot_1        |[0m [INFO] [1675269335.931858005] [Robot]: Doing a_approach_arm
[36marm_1          |[0m [INFO] [1675269335.671171198] [Arm]: Action result: False
[36marm_1          |[0m [INFO] [1675269335.673115389] [Arm]: Action: a_pick_up_sample
[36marm_1          |[0m [INFO] [1675269335.683581989] [Arm]: Doing a_pick_up_sample
[36marm_1          |[0m [INFO] [1675269335.730459293] [Arm]: not ready
[36marm_1          |[0m [INFO] [1675269335.732563266] [Arm]: Action result: False
[36marm_1          |[0m [INFO] [1675269335.746676123] [Arm]: Action: a_pick_up_sample
[36marm_1          |[0m [INFO] [1675269335.749207208] [Arm]: Doing a_pick_up_sample
[36marm_1          |[0m [INFO] [1675269335.773095608] [Arm]: not ready
[36marm_1          |[0m [INFO] [1675269335.774422366] [Arm]: Action result: False
[36marm_1          |[0m [INFO] [1675269335.787386922] [Arm]: Action: a_pick_up_sample
[36marm_1          |[0m [INFO] [1675269335.789559219] [Arm]: Doing a_pick_up_sample
[36marm_1          |[0m [INFO] [1675269335.806416148] [Arm]: not ready
[36marm_1          |[0m [INFO] [1675269335.818023847] [Arm]: Action result: False
[36marm_1          |[0m [INFO] [1675269335.820531322] [Arm]: Action: a_pick_up_sample
[36marm_1          |[0m [INFO] [1675269335.833815732] [Arm]: Doing a_pick_up_sample
[36marm_1          |[0m [INFO] [1675269335.849021382] [Arm]: not ready
[36marm_1          |[0m [INFO] [1675269335.850296939] [Arm]: Action result: False
[36marm_1          |[0m [INFO] [1675269335.852524872] [Arm]: Action: a_pick_up_sample
[36marm_1          |[0m [INFO] [1675269335.865298291] [Arm]: Doing a_pick_up_sample
[36marm_1          |[0m [INFO] [1675269335.872554704] [Arm]: not ready
[36marm_1          |[0m [INFO] [1675269335.881245510] [Arm]: Action result: False
[36marm_1          |[0m [INFO] [1675269335.882410567] [Arm]: Action: a_pick_up_sample
[36marm_1          |[0m [INFO] [1675269335.883455883] [Arm]: Doing a_pick_up_sample
[36marm_1          |[0m [INFO] [1675269335.904155681] [Arm]: not ready
[36marm_1          |[0m [INFO] [1675269335.905676788] [Arm]: Action result: False
[36marm_1          |[0m [INFO] [1675269335.913236053] [Arm]: Action: a_pick_up_sample
[36marm_1          |[0m [INFO] [1675269335.916065020] [Arm]: Doing a_pick_up_sample
[32menvironment_1  |[0m [INFO] [1675269335.751827028] [Environment]: Receiving message: a_navto,robot1,Room3
[32menvironment_1  |[0m [INFO] [1675269335.752948215] [Environment]: Action: a_navto
[32menvironment_1  |[0m [INFO] [1675269335.754187689] [Environment]: Responding
[32menvironment_1  |[0m [INFO] [1675269335.960776125] [Environment]: Receiving message: a_approach_arm,robot1,arm1
[32menvironment_1  |[0m [INFO] [1675269335.962931676] [Environment]: Action: a_approach_arm
[32menvironment_1  |[0m [INFO] [1675269335.965408039] [Environment]: Responding
[33mcoordinator_1  |[0m [INFO] [1675269335.666007527] [Coordinator]: Receiving sync message: action_complete,a_close_drawer
[33mcoordinator_1  |[0m [INFO] [1675269335.668922434] [Coordinator]: action_complete
[33mcoordinator_1  |[0m [INFO] [1675269335.683641402] [Coordinator]: plans_actions_current 6 of 11
[33mcoordinator_1  |[0m [INFO] [1675269335.828556540] [Coordinator]: Receiving sync message: action_complete,a_navto
[33mcoordinator_1  |[0m [INFO] [1675269335.890374643] [Coordinator]: action_complete
[33mcoordinator_1  |[0m [INFO] [1675269335.892612026] [Coordinator]: plans_actions_current 7 of 11
[36marm_1          |[0m [INFO] [1675269336.008505643] [Arm]: not ready
[36marm_1          |[0m [INFO] [1675269336.009696712] [Arm]: Action result: False
[36marm_1          |[0m [INFO] [1675269336.012065757] [Arm]: Action: a_pick_up_sample
[33mcoordinator_1  |[0m [INFO] [1675269336.048964324] [Coordinator]: Receiving sync message: action_complete,a_approach_arm
[36marm_1          |[0m [INFO] [1675269336.024168426] [Arm]: Doing a_pick_up_sample
[36marm_1          |[0m [INFO] [1675269336.066408536] [Arm]: not ready
[36marm_1          |[0m [INFO] [1675269336.068522512] [Arm]: Action result: False
[36marm_1          |[0m [INFO] [1675269336.083127908] [Arm]: Action: a_pick_up_sample
[36marm_1          |[0m [INFO] [1675269336.085507293] [Arm]: Doing a_pick_up_sample
[36;1mrobot_1        |[0m [INFO] [1675269335.981895773] [Robot]: Receiving sync message. a_pick_up_sample,arm1,robot1
[36;1mrobot_1        |[0m [INFO] [1675269335.995907731] [Robot]: not ready
[36;1mrobot_1        |[0m [INFO] [1675269336.014443439] [Robot]: success
[36;1mrobot_1        |[0m [INFO] [1675269336.028726983] [Robot]: Action result: True
[36;1mrobot_1        |[0m [INFO] [1675269336.044689811] [Robot]: Receiving sync message. a_pick_up_sample,arm1,robot1
[36;1mrobot_1        |[0m [INFO] [1675269336.046657569] [Robot]: not ready
[36;1mrobot_1        |[0m [INFO] [1675269336.089579456] [Robot]: Receiving sync message. a_pick_up_sample,arm1,robot1
[36;1mrobot_1        |[0m [INFO] [1675269336.091491973] [Robot]: not ready
[33mcoordinator_1  |[0m [INFO] [1675269336.112712575] [Coordinator]: action_complete
[33mcoordinator_1  |[0m [INFO] [1675269336.114953684] [Coordinator]: plans_actions_current 8 of 11
[36marm_1          |[0m [INFO] [1675269336.107899269] [Arm]: not ready
[36marm_1          |[0m [INFO] [1675269336.115969027] [Arm]: Action result: False
[36marm_1          |[0m [INFO] [1675269336.146930671] [Arm]: Action: a_pick_up_sample
[36marm_1          |[0m [INFO] [1675269336.149032978] [Arm]: Doing a_pick_up_sample
[36marm_1          |[0m [INFO] [1675269336.178308039] [Arm]: not ready
[36marm_1          |[0m [INFO] [1675269336.180839843] [Arm]: Action result: False
[33mcoordinator_1  |[0m [INFO] [1675269336.302895776] [Coordinator]: Receiving sync message: action_complete,a_open_drawer
[33mcoordinator_1  |[0m [INFO] [1675269336.305462300] [Coordinator]: action_complete
[33mcoordinator_1  |[0m [INFO] [1675269336.337195244] [Coordinator]: plans_actions_current 9 of 11
[36marm_1          |[0m [INFO] [1675269336.193925604] [Arm]: Action: a_pick_up_sample
[36marm_1          |[0m [INFO] [1675269336.195386921] [Arm]: Doing a_pick_up_sample
[36marm_1          |[0m [INFO] [1675269336.220041673] [Arm]: not ready
[36marm_1          |[0m [INFO] [1675269336.222412705] [Arm]: Action result: False
[36marm_1          |[0m [INFO] [1675269336.226127459] [Arm]: Action: a_pick_up_sample
[36marm_1          |[0m [INFO] [1675269336.231672268] [Arm]: Doing a_pick_up_sample
[36marm_1          |[0m [INFO] [1675269336.265540983] [Arm]: not ready
[36marm_1          |[0m [INFO] [1675269336.268049161] [Arm]: Action result: False
[36marm_1          |[0m [INFO] [1675269336.279824845] [Arm]: Action: a_pick_up_sample
[36marm_1          |[0m [INFO] [1675269336.283353782] [Arm]: Doing a_pick_up_sample
[36marm_1          |[0m [INFO] [1675269336.310687617] [Arm]: not ready
[36marm_1          |[0m [INFO] [1675269336.313575724] [Arm]: Action result: False
[36marm_1          |[0m [INFO] [1675269336.326973375] [Arm]: Action: a_pick_up_sample
[36marm_1          |[0m [INFO] [1675269336.329004726] [Arm]: Doing a_pick_up_sample
[36marm_1          |[0m [INFO] [1675269336.369684719] [Arm]: not ready
[36;1mrobot_1        |[0m [INFO] [1675269336.121953336] [Robot]: Action: a_open_drawer
[36;1mrobot_1        |[0m [INFO] [1675269336.141771019] [Robot]: Doing a_open_drawer
[36;1mrobot_1        |[0m [INFO] [1675269336.143870012] [Robot]: success
[36marm_1          |[0m [INFO] [1675269336.372281919] [Arm]: Action result: False
[33mcoordinator_1  |[0m [INFO] [1675269336.463519378] [Coordinator]: Receiving sync message: action_complete,a_pick_up_sample
[36;1mrobot_1        |[0m [INFO] [1675269336.156213461] [Robot]: Receiving sync message. a_pick_up_sample,arm1,robot1
[36;1mrobot_1        |[0m [INFO] [1675269336.157987464] [Robot]: not ready
[36marm_1          |[0m [INFO] [1675269336.384974416] [Arm]: Action: a_pick_up_sample
[36marm_1          |[0m [INFO] [1675269336.399587236] [Arm]: Doing a_pick_up_sample
[36;1mrobot_1        |[0m [INFO] [1675269336.172008326] [Robot]: Action result: True
[36marm_1          |[0m [INFO] [1675269336.452598729] [Arm]: success
[36;1mrobot_1        |[0m [INFO] [1675269336.199483304] [Robot]: Receiving sync message. a_pick_up_sample,arm1,robot1
[36;1mrobot_1        |[0m [INFO] [1675269336.202744363] [Robot]: not ready
[36marm_1          |[0m [INFO] [1675269336.454834035] [Arm]: Action result: True
[36;1mrobot_1        |[0m [INFO] [1675269336.250493325] [Robot]: Receiving sync message. a_pick_up_sample,arm1,robot1
[36;1mrobot_1        |[0m [INFO] [1675269336.253337984] [Robot]: not ready
[36;1mrobot_1        |[0m [INFO] [1675269336.296798599] [Robot]: Receiving sync message. a_pick_up_sample,arm1,robot1
[36;1mrobot_1        |[0m [INFO] [1675269336.297799111] [Robot]: not ready
[36;1mrobot_1        |[0m [INFO] [1675269336.332687577] [Robot]: Receiving sync message. a_pick_up_sample,arm1,robot1
[36;1mrobot_1        |[0m [INFO] [1675269336.337276259] [Robot]: not ready
[36;1mrobot_1        |[0m [INFO] [1675269336.353281998] [Robot]: Action: a_pick_up_sample
[36;1mrobot_1        |[0m [INFO] [1675269336.354899970] [Robot]: Doing a_pick_up_sample
[36;1mrobot_1        |[0m [INFO] [1675269336.368269335] [Robot]: wating for arm1 to pick up from robot1
[36;1mrobot_1        |[0m [INFO] [1675269336.370656767] [Robot]: Action result: False
[36;1mrobot_1        |[0m [INFO] [1675269336.385948425] [Robot]: Action: a_pick_up_sample
[36;1mrobot_1        |[0m [INFO] [1675269336.398693661] [Robot]: Doing a_pick_up_sample
[36;1mrobot_1        |[0m [INFO] [1675269336.417825576] [Robot]: Receiving sync message. a_pick_up_sample,arm1,robot1
[36;1mrobot_1        |[0m [INFO] [1675269336.430132309] [Robot]: wating for arm1 to pick up from robot1
[36;1mrobot_1        |[0m [INFO] [1675269336.434123893] [Robot]: Action result: False
[36;1mrobot_1        |[0m [INFO] [1675269336.435718460] [Robot]: Action: a_pick_up_sample
[36;1mrobot_1        |[0m [INFO] [1675269336.436687411] [Robot]: Doing a_pick_up_sample
[36;1mrobot_1        |[0m [INFO] [1675269336.437514724] [Robot]: Action result: True
[36;1mrobot_1        |[0m [INFO] [1675269336.438327692] [Robot]: Pick up
[33mcoordinator_1  |[0m [INFO] [1675269336.697832874] [Coordinator]: action_complete
[33mcoordinator_1  |[0m [INFO] [1675269336.698887572] [Coordinator]: plans_actions_current 10 of 11
[33mcoordinator_1  |[0m [INFO] [1675269336.790041289] [Coordinator]: Receiving sync message: action_complete,a_close_drawer
[33mcoordinator_1  |[0m [INFO] [1675269336.803992686] [Coordinator]: action_complete
[33mcoordinator_1  |[0m [INFO] [1675269336.806203051] [Coordinator]: plans_actions_current 11 of 11
[33mcoordinator_1  |[0m [INFO] [1675269336.864630682] [Coordinator]: The time of execution of above program is:3.275278091430664
[33mcoordinator_1  |[0m [INFO] [1675269336.866067173] [Coordinator]: Achieved
[33mcoordinator_1  |[0m [INFO] [1675269336.867850132] [Coordinator]: ENDSIM
[36;1mrobot_1        |[0m [INFO] [1675269336.725196837] [Robot]: Action: a_close_drawer
[36;1mrobot_1        |[0m [INFO] [1675269336.755387915] [Robot]: Doing a_close_drawer
[36;1mrobot_1        |[0m [INFO] [1675269336.757349217] [Robot]: success
[36;1mrobot_1        |[0m [INFO] [1675269336.774673883] [Robot]: Action result: True
Stopping planning_robot_1       ... 
Stopping planning_arm_1         ... 
Stopping planning_planner_1     ... 
Stopping planning_environment_1 ... 
Stopping planning_nurse_1       ... 
Stopping planning_coordinator_1 ... 
Stopping planning_arm_1         ... done
[36mplanning_arm_1 exited with code 137
[0m[34mplanning_planner_1 exited with code 137
[0mStopping planning_planner_1     ... done
Stopping planning_environment_1 ... done
[32mplanning_environment_1 exited with code 137
[0mStopping planning_robot_1       ... done
[36;1mplanning_robot_1 exited with code 137
[0m[35mplanning_nurse_1 exited with code 137
[0mStopping planning_nurse_1       ... done
Stopping planning_coordinator_1 ... done
[33mplanning_coordinator_1 exited with code 137
[0mRemoving planning_robot_1       ... 
Removing planning_arm_1         ... 
Removing planning_planner_1     ... 
Removing planning_environment_1 ... 
Removing planning_nurse_1       ... 
Removing planning_coordinator_1 ... 
Removing planning_nurse_1       ... done
Removing planning_arm_1         ... done
Removing planning_planner_1     ... done
Removing planning_environment_1 ... done
Removing planning_coordinator_1 ... done
Removing planning_robot_1       ... done
Removing network planning_ros
