Attaching to planning_robot_1, planning_coordinator_1, planning_nurse_1, planning_arm_1, planning_planner_1, planning_environment_1
[36;1mrobot_1        |[0m [INFO] [1675201622.651061189] [Robot]: Starting Robot server
[36;1mrobot_1        |[0m [INFO] [1675201622.669992205] [Robot]: Robot server started
[36;1mrobot_1        |[0m [INFO] [1675201622.682774998] [Robot]: Starting Robots clients
[36;1mrobot_1        |[0m [INFO] [1675201623.773586897] [Robot]: coordinator service not available, waiting again...
[33mcoordinator_1  |[0m [INFO] [1675201624.442856246] [Coordinator]: Starting Coordinator server
[33mcoordinator_1  |[0m [INFO] [1675201624.548991659] [Coordinator]: Coordinator server started
[33mcoordinator_1  |[0m [INFO] [1675201624.564671000] [Coordinator]: Starting Coordinator clients
[35mnurse_1        |[0m [INFO] [1675201624.795517853] [Nurse]: Starting Nurse server
[35mnurse_1        |[0m [INFO] [1675201624.853359773] [Nurse]: Nurse server started
[35mnurse_1        |[0m [INFO] [1675201624.869844783] [Nurse]: Starting Nurse clients
[36;1mrobot_1        |[0m [INFO] [1675201625.552571019] [Robot]: environment service not available, waiting again...
[35mnurse_1        |[0m [INFO] [1675201625.921481415] [Nurse]: environment service not available, waiting again...
[33mcoordinator_1  |[0m [INFO] [1675201625.666422246] [Coordinator]: planner sync service not available, waiting again...
[36marm_1          |[0m [INFO] [1675201626.534936943] [Arm]: Starting Arm server
[33mcoordinator_1  |[0m [INFO] [1675201626.677982894] [Coordinator]: planner sync service not available, waiting again...
[33mcoordinator_1  |[0m [INFO] [1675201627.686026264] [Coordinator]: planner sync service not available, waiting again...
[36marm_1          |[0m [INFO] [1675201627.267563433] [Arm]: Arm server started
[36marm_1          |[0m [INFO] [1675201627.270392861] [Arm]: Starting Nurse clients
[36;1mrobot_1        |[0m [INFO] [1675201626.558964959] [Robot]: environment service not available, waiting again...
[35mnurse_1        |[0m [INFO] [1675201626.931696126] [Nurse]: environment service not available, waiting again...
[36;1mrobot_1        |[0m [INFO] [1675201627.565743061] [Robot]: environment service not available, waiting again...
[35mnurse_1        |[0m [INFO] [1675201627.939148514] [Nurse]: environment service not available, waiting again...
[36;1mrobot_1        |[0m [INFO] [1675201628.572767725] [Robot]: environment service not available, waiting again...
[36marm_1          |[0m [INFO] [1675201628.291801836] [Arm]: environment service not available, waiting again...
[33mcoordinator_1  |[0m [INFO] [1675201628.691796586] [Coordinator]: planner sync service not available, waiting again...
[36marm_1          |[0m [INFO] [1675201629.297438635] [Arm]: environment service not available, waiting again...
[35mnurse_1        |[0m [INFO] [1675201628.944949735] [Nurse]: environment service not available, waiting again...
[36;1mrobot_1        |[0m [INFO] [1675201629.577396862] [Robot]: environment service not available, waiting again...
[33mcoordinator_1  |[0m [INFO] [1675201629.697318068] [Coordinator]: planner sync service not available, waiting again...
[35mnurse_1        |[0m [INFO] [1675201629.967297485] [Nurse]: environment service not available, waiting again...
[36marm_1          |[0m [INFO] [1675201630.519070871] [Arm]: environment service not available, waiting again...
[36;1mrobot_1        |[0m [INFO] [1675201630.599919275] [Robot]: environment service not available, waiting again...
[33mcoordinator_1  |[0m [INFO] [1675201630.727058673] [Coordinator]: planner sync service not available, waiting again...
[35mnurse_1        |[0m [INFO] [1675201630.983070653] [Nurse]: environment service not available, waiting again...
[36marm_1          |[0m [INFO] [1675201631.528309662] [Arm]: environment service not available, waiting again...
[36;1mrobot_1        |[0m [INFO] [1675201631.651071555] [Robot]: environment service not available, waiting again...
[33mcoordinator_1  |[0m [INFO] [1675201631.800533709] [Coordinator]: planner sync service not available, waiting again...
[35mnurse_1        |[0m [INFO] [1675201631.990715128] [Nurse]: environment service not available, waiting again...
[32menvironment_1  |[0m [INFO] [1675201632.001099332] [Environment]: Starting Environment server
[32menvironment_1  |[0m [INFO] [1675201632.030307665] [Environment]: Environment server started
[36;1mrobot_1        |[0m [INFO] [1675201632.155758593] [Robot]: Robots clients started
[36marm_1          |[0m [INFO] [1675201632.301577003] [Arm]: Nurse clients started
[33mcoordinator_1  |[0m [INFO] [1675201632.834495469] [Coordinator]: planner sync service not available, waiting again...
[35mnurse_1        |[0m [INFO] [1675201632.996906262] [Nurse]: environment service not available, waiting again...
[35mnurse_1        |[0m [INFO] [1675201633.528703776] [Nurse]: Nurse clients started
[35mnurse_1        |[0m [INFO] [1675201633.547971396] [Nurse]: Sent request
[33mcoordinator_1  |[0m [INFO] [1675201633.853887164] [Coordinator]: planner sync service not available, waiting again...
[33mcoordinator_1  |[0m [INFO] [1675201634.860540131] [Coordinator]: planner sync service not available, waiting again...
[33mcoordinator_1  |[0m [INFO] [1675201635.880063075] [Coordinator]: planner sync service not available, waiting again...
[33mcoordinator_1  |[0m [INFO] [1675201636.899436110] [Coordinator]: planner sync service not available, waiting again...
[33mcoordinator_1  |[0m [INFO] [1675201637.907831071] [Coordinator]: planner sync service not available, waiting again...
[34mplanner_1      |[0m [INFO] [1675201638.781545935] [Planner]: Starting Planner server
[34mplanner_1      |[0m [INFO] [1675201638.787481278] [Planner]: Planner server started
[33mcoordinator_1  |[0m [INFO] [1675201638.990461350] [Coordinator]: Coordinator clients started
[34mplanner_1      |[0m [INFO] [1675201639.194070713] [Planner]: Receiving sync message. need_plan,robot1,nurse1,arm1
[35mnurse_1        |[0m [INFO] [1675201639.173340866] [Nurse]: Request response:Okay!
[34mplanner_1      |[0m [INFO] [1675201639.195595397] [Planner]: Creating plan for: robot1 robot1 nurse1
[34mplanner_1      |[0m [INFO] [1675201639.212128308] [Planner]: a_navto,robot1,Room1
[33mcoordinator_1  |[0m [INFO] [1675201639.136909600] [Coordinator]: Receiving message of nurse1 in room3.
[33mcoordinator_1  |[0m [INFO] [1675201639.160458866] [Coordinator]: Planing
[33mcoordinator_1  |[0m [INFO] [1675201639.168918356] [Coordinator]: Sending response
[33mcoordinator_1  |[0m [INFO] [1675201639.191112782] [Coordinator]: Creating plan for: robot1, nurse1, arm1 
[34mplanner_1      |[0m [INFO] [1675201639.227034665] [Planner]: a_approach_nurse,robot1
[34mplanner_1      |[0m [INFO] [1675201639.241563087] [Planner]: a_authenticate_nurse,robot1,nurse1
[34mplanner_1      |[0m [INFO] [1675201639.246097859] [Planner]: a_open_drawer,robot1
[34mplanner_1      |[0m [INFO] [1675201639.261238096] [Planner]: a_deposit,nurse1,robot1
[34mplanner_1      |[0m [INFO] [1675201639.275637142] [Planner]: a_close_drawer,robot1
[34mplanner_1      |[0m [INFO] [1675201639.290657001] [Planner]: a_navto,robot1,Room3
[34mplanner_1      |[0m [INFO] [1675201639.293927998] [Planner]: a_approach_arm,robot1,arm1
[34mplanner_1      |[0m [INFO] [1675201639.306811327] [Planner]: a_open_drawer,robot1
[34mplanner_1      |[0m [INFO] [1675201639.308538234] [Planner]: a_pick_up_sample,arm1,robot1
[34mplanner_1      |[0m [INFO] [1675201639.324423804] [Planner]: a_close_drawer,robot1
[34mplanner_1      |[0m [INFO] [1675201639.340520654] [Planner]: Sending response
[33mcoordinator_1  |[0m [INFO] [1675201639.359402578] [Coordinator]: Plan received for: robot1, nurse1, arm1 
[33mcoordinator_1  |[0m [INFO] [1675201639.371672138] [Coordinator]: a_navto,robot1,Room1/a_approach_nurse,robot1/a_authenticate_nurse,robot1,nurse1/a_open_drawer,robot1/a_deposit,nurse1,robot1/a_close_drawer,robot1/a_navto,robot1,Room3/a_approach_arm,robot1,arm1/a_open_drawer,robot1/a_pick_up_sample,arm1,robot1/a_close_drawer,robot1
[33mcoordinator_1  |[0m [INFO] [1675201639.385973718] [Coordinator]: a_navto,robot1,Room1
[33mcoordinator_1  |[0m [INFO] [1675201639.388303798] [Coordinator]: a_approach_nurse,robot1
[33mcoordinator_1  |[0m [INFO] [1675201639.403144256] [Coordinator]: a_authenticate_nurse,robot1,nurse1
[33mcoordinator_1  |[0m [INFO] [1675201639.417678570] [Coordinator]: a_open_drawer,robot1
[33mcoordinator_1  |[0m [INFO] [1675201639.420415500] [Coordinator]: a_deposit,nurse1,robot1
[33mcoordinator_1  |[0m [INFO] [1675201639.450081441] [Coordinator]: a_close_drawer,robot1
[33mcoordinator_1  |[0m [INFO] [1675201639.452209241] [Coordinator]: a_navto,robot1,Room3
[33mcoordinator_1  |[0m [INFO] [1675201639.474352932] [Coordinator]: a_approach_arm,robot1,arm1
[33mcoordinator_1  |[0m [INFO] [1675201639.481787653] [Coordinator]: a_open_drawer,robot1
[33mcoordinator_1  |[0m [INFO] [1675201639.484405044] [Coordinator]: a_pick_up_sample,arm1,robot1
[33mcoordinator_1  |[0m [INFO] [1675201639.502824926] [Coordinator]: a_close_drawer,robot1
[33mcoordinator_1  |[0m [INFO] [1675201639.564868677] [Coordinator]: Sending plans
[33mcoordinator_1  |[0m [INFO] [1675201639.569251253] [Coordinator]: Plans sent
[36marm_1          |[0m [INFO] [1675201639.583174085] [Arm]: Receiving message.
[32menvironment_1  |[0m [INFO] [1675201639.593938854] [Environment]: Receiving message: monitor
[32menvironment_1  |[0m [INFO] [1675201639.643541269] [Environment]: Action: monitor
[35mnurse_1        |[0m [INFO] [1675201639.640888792] [Nurse]: Receiving message.
[35mnurse_1        |[0m [INFO] [1675201639.658974156] [Nurse]: Nurse's actions:
[35mnurse_1        |[0m [INFO] [1675201639.661191142] [Nurse]: a_authenticate_nurse
[33mcoordinator_1  |[0m [INFO] [1675201639.659253130] [Coordinator]: Found a problem
[33mcoordinator_1  |[0m [INFO] [1675201639.662574488] [Coordinator]: Updating planner state
[36;1mrobot_1        |[0m [INFO] [1675201639.658555571] [Robot]: Receiving message.
[35mnurse_1        |[0m [INFO] [1675201639.675597096] [Nurse]: Action: a_authenticate_nurse
[34mplanner_1      |[0m [INFO] [1675201639.679791102] [Planner]: Receiving sync message. update_state,door_closed,Room3
[35mnurse_1        |[0m [INFO] [1675201639.678462361] [Nurse]: Doing a_authenticate_nurse
[35mnurse_1        |[0m [INFO] [1675201639.691241870] [Nurse]: a_deposit
[33mcoordinator_1  |[0m [INFO] [1675201639.719030662] [Coordinator]: Planner state updated
[34mplanner_1      |[0m [INFO] [1675201639.694102820] [Planner]: door_closed
[33mcoordinator_1  |[0m [INFO] [1675201639.721527240] [Coordinator]: Planing
[33mcoordinator_1  |[0m [INFO] [1675201639.736208378] [Coordinator]: Creating plan for: robot1, nurse1, arm1 
[34mplanner_1      |[0m [INFO] [1675201639.745234706] [Planner]: Receiving sync message. need_plan,robot1,nurse1,arm1
[34mplanner_1      |[0m [INFO] [1675201639.760610616] [Planner]: Creating plan for: robot1 robot1 nurse1
[36;1mrobot_1        |[0m [INFO] [1675201639.767957878] [Robot]: Robot's actions:
[36;1mrobot_1        |[0m [INFO] [1675201639.785567680] [Robot]: a_navto
[36;1mrobot_1        |[0m [INFO] [1675201639.801134481] [Robot]: a_approach_nurse
[36;1mrobot_1        |[0m [INFO] [1675201639.831874487] [Robot]: a_authenticate_nurse
[34mplanner_1      |[0m [INFO] [1675201639.792801028] [Planner]: a_navto,robot1,Room1
[34mplanner_1      |[0m [INFO] [1675201639.828040968] [Planner]: a_approach_nurse,robot1
[36marm_1          |[0m [INFO] [1675201639.793468890] [Arm]: Arm's actions:
[34mplanner_1      |[0m [INFO] [1675201639.850932684] [Planner]: a_authenticate_nurse,robot1,nurse1
[34mplanner_1      |[0m [INFO] [1675201639.868938661] [Planner]: a_open_drawer,robot1
[34mplanner_1      |[0m [INFO] [1675201639.890625840] [Planner]: a_deposit,nurse1,robot1
[34mplanner_1      |[0m [INFO] [1675201639.892960381] [Planner]: a_close_drawer,robot1
[36;1mrobot_1        |[0m [INFO] [1675201639.868481592] [Robot]: Action: a_navto
[36;1mrobot_1        |[0m [INFO] [1675201639.879490310] [Robot]: Doing a_navto
[36;1mrobot_1        |[0m [INFO] [1675201639.895726708] [Robot]: a_deposit
[36;1mrobot_1        |[0m [INFO] [1675201639.912417203] [Robot]: a_close_drawer
[36;1mrobot_1        |[0m [INFO] [1675201639.926859399] [Robot]: a_navto
[32menvironment_1  |[0m [INFO] [1675201639.915901980] [Environment]: Receiving message: a_navto,robot1,Room1
[36marm_1          |[0m [INFO] [1675201639.852076263] [Arm]: Action: a_approach_arm
[36marm_1          |[0m [INFO] [1675201639.866030728] [Arm]: a_approach_arm
[34mplanner_1      |[0m [INFO] [1675201639.908451988] [Planner]: a_open_door,nurse1,Room3
[34mplanner_1      |[0m [INFO] [1675201639.922036699] [Planner]: a_navto,robot1,Room3
[36marm_1          |[0m [INFO] [1675201639.883215020] [Arm]: Doing a_approach_arm
[34mplanner_1      |[0m [INFO] [1675201639.936530399] [Planner]: a_approach_arm,robot1,arm1
[36;1mrobot_1        |[0m [INFO] [1675201639.942826731] [Robot]: a_approach_arm
[36;1mrobot_1        |[0m [INFO] [1675201639.945343146] [Robot]: a_open_drawer
[36;1mrobot_1        |[0m [INFO] [1675201639.959323768] [Robot]: a_pick_up_sample
[36;1mrobot_1        |[0m [INFO] [1675201639.961738203] [Robot]: a_close_drawer
[32menvironment_1  |[0m [INFO] [1675201639.962246174] [Environment]: Action: a_navto
[34mplanner_1      |[0m [INFO] [1675201639.940048024] [Planner]: a_open_drawer,robot1
[34mplanner_1      |[0m [INFO] [1675201639.955531584] [Planner]: a_pick_up_sample,arm1,robot1
[34mplanner_1      |[0m [INFO] [1675201639.971055100] [Planner]: a_close_drawer,robot1
[36;1mrobot_1        |[0m [INFO] [1675201639.976199587] [Robot]: Receiving sync message. a_authenticate_nurse,robot1,nurse1
[34mplanner_1      |[0m [INFO] [1675201639.984988924] [Planner]: Sending response
[36;1mrobot_1        |[0m [INFO] [1675201639.989774141] [Robot]: not ready
[32menvironment_1  |[0m [INFO] [1675201639.988663348] [Environment]: Responding
[36marm_1          |[0m [INFO] [1675201640.046629627] [Arm]: success
[36marm_1          |[0m [INFO] [1675201640.050217709] [Arm]: Action result: True
[36;1mrobot_1        |[0m [INFO] [1675201640.007531818] [Robot]: success
[32menvironment_1  |[0m [INFO] [1675201639.993569618] [Environment]: Receiving message: a_approach_arm,robot1,arm1
[33mcoordinator_1  |[0m [INFO] [1675201639.991244211] [Coordinator]: Plan received for: robot1, nurse1, arm1 
[33mcoordinator_1  |[0m [INFO] [1675201639.992355417] [Coordinator]: a_navto,robot1,Room1/a_approach_nurse,robot1/a_authenticate_nurse,robot1,nurse1/a_open_drawer,robot1/a_deposit,nurse1,robot1/a_close_drawer,robot1/a_open_door,nurse1,Room3/a_navto,robot1,Room3/a_approach_arm,robot1,arm1/a_open_drawer,robot1/a_pick_up_sample,arm1,robot1/a_close_drawer,robot1
[35mnurse_1        |[0m [INFO] [1675201640.015232066] [Nurse]: not ready
[32menvironment_1  |[0m [INFO] [1675201640.017149262] [Environment]: Action: a_approach_arm
[36;1mrobot_1        |[0m [INFO] [1675201640.022169465] [Robot]: Action result: True
[35mnurse_1        |[0m [INFO] [1675201640.018897900] [Nurse]: Action result: False
[35mnurse_1        |[0m [INFO] [1675201640.021724546] [Nurse]: Action: a_authenticate_nurse
[35mnurse_1        |[0m [INFO] [1675201640.024492024] [Nurse]: Doing a_authenticate_nurse
[32menvironment_1  |[0m [INFO] [1675201640.019914078] [Environment]: Responding
[33mcoordinator_1  |[0m [INFO] [1675201640.006492906] [Coordinator]: a_navto,robot1,Room1
[33mcoordinator_1  |[0m [INFO] [1675201640.008695134] [Coordinator]: a_approach_nurse,robot1
[33mcoordinator_1  |[0m [INFO] [1675201640.021677213] [Coordinator]: a_authenticate_nurse,robot1,nurse1
[36;1mrobot_1        |[0m [INFO] [1675201640.039567783] [Robot]: Receiving sync message. a_authenticate_nurse,robot1,nurse1
[36;1mrobot_1        |[0m [INFO] [1675201640.050038454] [Robot]: not ready
[33mcoordinator_1  |[0m [INFO] [1675201640.060278905] [Coordinator]: a_open_drawer,robot1
[33mcoordinator_1  |[0m [INFO] [1675201640.070203060] [Coordinator]: Receiving sync message: action_complete,a_navto
[36marm_1          |[0m [INFO] [1675201640.063941206] [Arm]: Action: a_pick_up_sample
[35mnurse_1        |[0m [INFO] [1675201640.068615157] [Nurse]: not ready
[35mnurse_1        |[0m [INFO] [1675201640.071273703] [Nurse]: Action result: False
[33mcoordinator_1  |[0m [INFO] [1675201640.081744710] [Coordinator]: action_complete
[35mnurse_1        |[0m [INFO] [1675201640.086440764] [Nurse]: Action: a_authenticate_nurse
[33mcoordinator_1  |[0m [INFO] [1675201640.087759739] [Coordinator]: a_deposit,nurse1,robot1
[36marm_1          |[0m [INFO] [1675201640.067381637] [Arm]: Doing a_pick_up_sample
[36;1mrobot_1        |[0m [INFO] [1675201640.096224620] [Robot]: Receiving sync message. a_pick_up_sample,arm1,robot1
[35mnurse_1        |[0m [INFO] [1675201640.102490255] [Nurse]: Doing a_authenticate_nurse
[33mcoordinator_1  |[0m [INFO] [1675201640.103791420] [Coordinator]: plans_actions_current 1 of 11
[36;1mrobot_1        |[0m [INFO] [1675201640.112422281] [Robot]: not ready
[33mcoordinator_1  |[0m [INFO] [1675201640.117297379] [Coordinator]: a_close_drawer,robot1
[33mcoordinator_1  |[0m [INFO] [1675201640.119959491] [Coordinator]: a_open_door,nurse1,Room3
[36;1mrobot_1        |[0m [INFO] [1675201640.127407688] [Robot]: Receiving sync message. a_authenticate_nurse,robot1,nurse1
[35mnurse_1        |[0m [INFO] [1675201640.135085150] [Nurse]: not ready
[36;1mrobot_1        |[0m [INFO] [1675201640.128890292] [Robot]: not ready
[36;1mrobot_1        |[0m [INFO] [1675201640.133215788] [Robot]: Action: a_approach_nurse
[36;1mrobot_1        |[0m [INFO] [1675201640.134487597] [Robot]: Doing a_approach_nurse
[33mcoordinator_1  |[0m [INFO] [1675201640.149505443] [Coordinator]: a_navto,robot1,Room3
[36marm_1          |[0m [INFO] [1675201640.129927523] [Arm]: not ready
[36marm_1          |[0m [INFO] [1675201640.143603531] [Arm]: Action result: False
[36marm_1          |[0m [INFO] [1675201640.145060610] [Arm]: Action: a_pick_up_sample
[33mcoordinator_1  |[0m [INFO] [1675201640.151882006] [Coordinator]: a_approach_arm,robot1,arm1
[36marm_1          |[0m [INFO] [1675201640.146139492] [Arm]: Doing a_pick_up_sample
[33mcoordinator_1  |[0m [INFO] [1675201640.164637706] [Coordinator]: a_open_drawer,robot1
[36;1mrobot_1        |[0m [INFO] [1675201640.164892192] [Robot]: Receiving sync message. a_pick_up_sample,arm1,robot1
[35mnurse_1        |[0m [INFO] [1675201640.165788831] [Nurse]: Action result: False
[33mcoordinator_1  |[0m [INFO] [1675201640.166671467] [Coordinator]: a_pick_up_sample,arm1,robot1
[33mcoordinator_1  |[0m [INFO] [1675201640.168059419] [Coordinator]: a_close_drawer,robot1
[33mcoordinator_1  |[0m [INFO] [1675201640.169459174] [Coordinator]: Sending plans
[33mcoordinator_1  |[0m [INFO] [1675201640.201427386] [Coordinator]: Plans sent
[36marm_1          |[0m [INFO] [1675201640.202865199] [Arm]: not ready
[36marm_1          |[0m [INFO] [1675201640.206002207] [Arm]: Action result: False
[36;1mrobot_1        |[0m [INFO] [1675201640.168049277] [Robot]: not ready
[35mnurse_1        |[0m [INFO] [1675201640.169417308] [Nurse]: Action: a_authenticate_nurse
[35mnurse_1        |[0m [INFO] [1675201640.185198795] [Nurse]: Doing a_authenticate_nurse
[35mnurse_1        |[0m [INFO] [1675201640.200675110] [Nurse]: Receiving message.
[35mnurse_1        |[0m [INFO] [1675201640.214987798] [Nurse]: Nurse's actions:
[35mnurse_1        |[0m [INFO] [1675201640.216680876] [Nurse]: a_authenticate_nurse
[35mnurse_1        |[0m [INFO] [1675201640.218037828] [Nurse]: a_deposit
[35mnurse_1        |[0m [INFO] [1675201640.219529570] [Nurse]: a_open_door
[36;1mrobot_1        |[0m [INFO] [1675201640.215422922] [Robot]: Receiving sync message. a_authenticate_nurse,robot1,nurse1
[36;1mrobot_1        |[0m [INFO] [1675201640.228415775] [Robot]: not ready
[36;1mrobot_1        |[0m [INFO] [1675201640.244818974] [Robot]: Receiving message.
[36;1mrobot_1        |[0m [INFO] [1675201640.247543012] [Robot]: Robot's actions:
[32menvironment_1  |[0m [INFO] [1675201640.236955979] [Environment]: Receiving message: a_approach_nurse,robot1
[35mnurse_1        |[0m [INFO] [1675201640.251998810] [Nurse]: not ready
[32menvironment_1  |[0m [INFO] [1675201640.251998840] [Environment]: Action: a_approach_nurse
[32menvironment_1  |[0m [INFO] [1675201640.254572920] [Environment]: Responding
[36;1mrobot_1        |[0m [INFO] [1675201640.262068364] [Robot]: a_navto
[36;1mrobot_1        |[0m [INFO] [1675201640.264028968] [Robot]: a_approach_nurse
[36marm_1          |[0m [INFO] [1675201640.261891320] [Arm]: Action: a_pick_up_sample
[36marm_1          |[0m [INFO] [1675201640.264295454] [Arm]: Doing a_pick_up_sample
[35mnurse_1        |[0m [INFO] [1675201640.268593475] [Nurse]: Action result: False
[36marm_1          |[0m [INFO] [1675201640.277884523] [Arm]: Receiving message.
[36marm_1          |[0m [INFO] [1675201640.280509406] [Arm]: Arm's actions:
[36;1mrobot_1        |[0m [INFO] [1675201640.277884501] [Robot]: a_authenticate_nurse
[36;1mrobot_1        |[0m [INFO] [1675201640.280322912] [Robot]: a_open_drawer
[36marm_1          |[0m [INFO] [1675201640.294705449] [Arm]: a_approach_arm
[35mnurse_1        |[0m [INFO] [1675201640.284757799] [Nurse]: Action: a_authenticate_nurse
[35mnurse_1        |[0m [INFO] [1675201640.300686449] [Nurse]: Doing a_authenticate_nurse
[36;1mrobot_1        |[0m [INFO] [1675201640.294913420] [Robot]: a_deposit
[36;1mrobot_1        |[0m [INFO] [1675201640.308765946] [Robot]: a_close_drawer
[36marm_1          |[0m [INFO] [1675201640.310673292] [Arm]: a_pick_up_sample
[36;1mrobot_1        |[0m [INFO] [1675201640.311515275] [Robot]: a_navto
[36;1mrobot_1        |[0m [INFO] [1675201640.326119915] [Robot]: a_approach_arm
[36;1mrobot_1        |[0m [INFO] [1675201640.342013968] [Robot]: a_open_drawer
[32menvironment_1  |[0m [INFO] [1675201640.393387153] [Environment]: Receiving message: monitor
[32menvironment_1  |[0m [INFO] [1675201640.394783883] [Environment]: Action: monitor
[36;1mrobot_1        |[0m [INFO] [1675201640.359251102] [Robot]: a_pick_up_sample
[36;1mrobot_1        |[0m [INFO] [1675201640.366956378] [Robot]: a_close_drawer
[36;1mrobot_1        |[0m [INFO] [1675201640.380577762] [Robot]: Receiving sync message. a_pick_up_sample,arm1,robot1
[36;1mrobot_1        |[0m [INFO] [1675201640.385691843] [Robot]: not ready
[36;1mrobot_1        |[0m [INFO] [1675201640.394805590] [Robot]: success
[36;1mrobot_1        |[0m [INFO] [1675201640.403617976] [Robot]: Action result: True
[36;1mrobot_1        |[0m [INFO] [1675201640.410211998] [Robot]: Receiving sync message. a_authenticate_nurse,robot1,nurse1
[36;1mrobot_1        |[0m [INFO] [1675201640.418167080] [Robot]: not ready
[36;1mrobot_1        |[0m [INFO] [1675201640.444961912] [Robot]: Action: a_navto
[36;1mrobot_1        |[0m [INFO] [1675201640.447551831] [Robot]: Doing a_navto
[33mcoordinator_1  |[0m [INFO] [1675201640.410969005] [Coordinator]: Receiving sync message: action_complete,a_approach_nurse
[33mcoordinator_1  |[0m [INFO] [1675201640.424831586] [Coordinator]: action_complete
[33mcoordinator_1  |[0m [INFO] [1675201640.427472443] [Coordinator]: plans_actions_current 1 of 11
[33mcoordinator_1  |[0m [INFO] [1675201640.445096683] [Coordinator]: Found a problem
[35mnurse_1        |[0m [INFO] [1675201640.452905099] [Nurse]: not ready
[35mnurse_1        |[0m [INFO] [1675201640.454032945] [Nurse]: Action result: False
[36marm_1          |[0m [INFO] [1675201640.422871500] [Arm]: not ready
[36marm_1          |[0m [INFO] [1675201640.426471301] [Arm]: Action result: False
[36marm_1          |[0m [INFO] [1675201640.444168591] [Arm]: Action: a_approach_arm
[36marm_1          |[0m [INFO] [1675201640.445324540] [Arm]: Doing a_approach_arm
[35mnurse_1        |[0m [INFO] [1675201640.455161369] [Nurse]: Action: a_authenticate_nurse
[35mnurse_1        |[0m [INFO] [1675201640.456198467] [Nurse]: Doing a_authenticate_nurse
[35mnurse_1        |[0m [INFO] [1675201640.492601959] [Nurse]: not ready
[36;1mrobot_1        |[0m [INFO] [1675201640.461923670] [Robot]: Receiving sync message. a_authenticate_nurse,robot1,nurse1
[35mnurse_1        |[0m [INFO] [1675201640.506678314] [Nurse]: Action result: False
[35mnurse_1        |[0m [INFO] [1675201640.510221480] [Nurse]: Action: a_authenticate_nurse
[35mnurse_1        |[0m [INFO] [1675201640.511352245] [Nurse]: Doing a_authenticate_nurse
[35mnurse_1        |[0m [INFO] [1675201640.530049549] [Nurse]: not ready
[35mnurse_1        |[0m [INFO] [1675201640.535147635] [Nurse]: Action result: False
[32menvironment_1  |[0m [INFO] [1675201640.458249747] [Environment]: Receiving message: monitor
[35mnurse_1        |[0m [INFO] [1675201640.538649254] [Nurse]: Action: a_authenticate_nurse
[35mnurse_1        |[0m [INFO] [1675201640.542217962] [Nurse]: Doing a_authenticate_nurse
[35mnurse_1        |[0m [INFO] [1675201640.567960976] [Nurse]: not ready
[35mnurse_1        |[0m [INFO] [1675201640.571207143] [Nurse]: Action result: False
[35mnurse_1        |[0m [INFO] [1675201640.584233043] [Nurse]: Action: a_authenticate_nurse
[35mnurse_1        |[0m [INFO] [1675201640.587860732] [Nurse]: Doing a_authenticate_nurse
[36;1mrobot_1        |[0m [INFO] [1675201640.475829079] [Robot]: not ready
[35mnurse_1        |[0m [INFO] [1675201640.616176240] [Nurse]: not ready
[36;1mrobot_1        |[0m [INFO] [1675201640.516152152] [Robot]: Receiving sync message. a_authenticate_nurse,robot1,nurse1
[35mnurse_1        |[0m [INFO] [1675201640.628398431] [Nurse]: Action result: False
[35mnurse_1        |[0m [INFO] [1675201640.644361864] [Nurse]: Action: a_authenticate_nurse
[35mnurse_1        |[0m [INFO] [1675201640.658342990] [Nurse]: Doing a_authenticate_nurse
[36;1mrobot_1        |[0m [INFO] [1675201640.520310787] [Robot]: not ready
[35mnurse_1        |[0m [INFO] [1675201640.676665100] [Nurse]: not ready
[36;1mrobot_1        |[0m [INFO] [1675201640.546332174] [Robot]: Receiving sync message. a_authenticate_nurse,robot1,nurse1
[35mnurse_1        |[0m [INFO] [1675201640.682128709] [Nurse]: Action result: False
[35mnurse_1        |[0m [INFO] [1675201640.683486008] [Nurse]: Action: a_authenticate_nurse
[36;1mrobot_1        |[0m [INFO] [1675201640.549255416] [Robot]: not ready
[36;1mrobot_1        |[0m [INFO] [1675201640.591940828] [Robot]: Receiving sync message. a_authenticate_nurse,robot1,nurse1
[36;1mrobot_1        |[0m [INFO] [1675201640.605233920] [Robot]: not ready
[35mnurse_1        |[0m [INFO] [1675201640.684431391] [Nurse]: Doing a_authenticate_nurse
[36;1mrobot_1        |[0m [INFO] [1675201640.623189102] [Robot]: Receiving sync message. a_pick_up_sample,arm1,robot1
[36;1mrobot_1        |[0m [INFO] [1675201640.630794236] [Robot]: not ready
[36;1mrobot_1        |[0m [INFO] [1675201640.663102529] [Robot]: Receiving sync message. a_authenticate_nurse,robot1,nurse1
[36;1mrobot_1        |[0m [INFO] [1675201640.670390783] [Robot]: not ready
[36;1mrobot_1        |[0m [INFO] [1675201640.688922503] [Robot]: Receiving sync message. a_pick_up_sample,arm1,robot1
[32menvironment_1  |[0m [INFO] [1675201640.459550187] [Environment]: Action: monitor
[32menvironment_1  |[0m [INFO] [1675201640.535045491] [Environment]: Receiving message: a_approach_arm,robot1,arm1
[32menvironment_1  |[0m [INFO] [1675201640.572207422] [Environment]: Action: a_approach_arm
[32menvironment_1  |[0m [INFO] [1675201640.575793194] [Environment]: Responding
[33mcoordinator_1  |[0m [INFO] [1675201640.478181181] [Coordinator]: Found a problem
[32menvironment_1  |[0m [INFO] [1675201640.686693881] [Environment]: Receiving message: a_navto,robot1,Room1
[36marm_1          |[0m [INFO] [1675201640.598769191] [Arm]: success
[36marm_1          |[0m [INFO] [1675201640.602014506] [Arm]: Action result: True
[36marm_1          |[0m [INFO] [1675201640.615731066] [Arm]: Action: a_pick_up_sample
[36marm_1          |[0m [INFO] [1675201640.618893760] [Arm]: Doing a_pick_up_sample
[36marm_1          |[0m [INFO] [1675201640.642885814] [Arm]: not ready
[36marm_1          |[0m [INFO] [1675201640.659720326] [Arm]: Action result: False
[36marm_1          |[0m [INFO] [1675201640.674496936] [Arm]: Action: a_pick_up_sample
[36marm_1          |[0m [INFO] [1675201640.678087407] [Arm]: Doing a_pick_up_sample
[32menvironment_1  |[0m [INFO] [1675201640.696201321] [Environment]: Action: a_navto
[36;1mrobot_1        |[0m [INFO] [1675201640.703057906] [Robot]: not ready
[36marm_1          |[0m [INFO] [1675201640.708915297] [Arm]: not ready
[36marm_1          |[0m [INFO] [1675201640.711532539] [Arm]: Action result: False
[32menvironment_1  |[0m [INFO] [1675201640.697292736] [Environment]: Responding
[36;1mrobot_1        |[0m [INFO] [1675201640.718598031] [Robot]: Receiving sync message. a_authenticate_nurse,robot1,nurse1
[36;1mrobot_1        |[0m [INFO] [1675201640.721338075] [Robot]: not ready
[36;1mrobot_1        |[0m [INFO] [1675201640.740267884] [Robot]: success
[36;1mrobot_1        |[0m [INFO] [1675201640.760181113] [Robot]: Action result: True
[36;1mrobot_1        |[0m [INFO] [1675201640.766393414] [Robot]: Receiving sync message. a_pick_up_sample,arm1,robot1
[36;1mrobot_1        |[0m [INFO] [1675201640.780862176] [Robot]: not ready
[36;1mrobot_1        |[0m [INFO] [1675201640.814014555] [Robot]: Receiving sync message. a_authenticate_nurse,robot1,nurse1
[36;1mrobot_1        |[0m [INFO] [1675201640.816738582] [Robot]: not ready
[32menvironment_1  |[0m [INFO] [1675201640.753642251] [Environment]: Receiving message: monitor
[32menvironment_1  |[0m [INFO] [1675201640.858653323] [Environment]: Action: monitor
[36marm_1          |[0m [INFO] [1675201640.725961041] [Arm]: Action: a_pick_up_sample
[36marm_1          |[0m [INFO] [1675201640.740003014] [Arm]: Doing a_pick_up_sample
[36marm_1          |[0m [INFO] [1675201640.809849304] [Arm]: not ready
[36marm_1          |[0m [INFO] [1675201640.813597208] [Arm]: Action result: False
[36marm_1          |[0m [INFO] [1675201640.816324590] [Arm]: Action: a_pick_up_sample
[36marm_1          |[0m [INFO] [1675201640.831004035] [Arm]: Doing a_pick_up_sample
[33mcoordinator_1  |[0m [INFO] [1675201640.772579324] [Coordinator]: Receiving sync message: action_complete,a_navto
[35mnurse_1        |[0m [INFO] [1675201640.753293150] [Nurse]: not ready
[35mnurse_1        |[0m [INFO] [1675201640.766483486] [Nurse]: Action result: False
[35mnurse_1        |[0m [INFO] [1675201640.780845095] [Nurse]: Action: a_authenticate_nurse
[35mnurse_1        |[0m [INFO] [1675201640.784441685] [Nurse]: Doing a_authenticate_nurse
[35mnurse_1        |[0m [INFO] [1675201640.849645399] [Nurse]: not ready
[35mnurse_1        |[0m [INFO] [1675201640.852472472] [Nurse]: Action result: False
[35mnurse_1        |[0m [INFO] [1675201640.861728331] [Nurse]: Action: a_authenticate_nurse
[35mnurse_1        |[0m [INFO] [1675201640.862881574] [Nurse]: Doing a_authenticate_nurse
[33mcoordinator_1  |[0m [INFO] [1675201640.788287334] [Coordinator]: action_complete
[33mcoordinator_1  |[0m [INFO] [1675201640.803305790] [Coordinator]: plans_actions_current 2 of 11
[36;1mrobot_1        |[0m [INFO] [1675201640.870297426] [Robot]: Receiving sync message. a_pick_up_sample,arm1,robot1
[36;1mrobot_1        |[0m [INFO] [1675201640.874206544] [Robot]: Action: a_approach_nurse
[32menvironment_1  |[0m [INFO] [1675201640.901757716] [Environment]: Receiving message: monitor
[36;1mrobot_1        |[0m [INFO] [1675201640.881160642] [Robot]: Doing a_approach_nurse
[36;1mrobot_1        |[0m [INFO] [1675201640.885655123] [Robot]: not ready
[36marm_1          |[0m [INFO] [1675201640.904294271] [Arm]: not ready
[35mnurse_1        |[0m [INFO] [1675201640.902935488] [Nurse]: not ready
[35mnurse_1        |[0m [INFO] [1675201640.905362913] [Nurse]: Action result: False
[35mnurse_1        |[0m [INFO] [1675201640.920747081] [Nurse]: Action: a_authenticate_nurse
[35mnurse_1        |[0m [INFO] [1675201640.935896802] [Nurse]: Doing a_authenticate_nurse
[36;1mrobot_1        |[0m [INFO] [1675201640.887959120] [Robot]: Receiving sync message. a_authenticate_nurse,robot1,nurse1
[36;1mrobot_1        |[0m [INFO] [1675201640.889412792] [Robot]: not ready
[33mcoordinator_1  |[0m [INFO] [1675201640.873337426] [Coordinator]: Found a problem
[36;1mrobot_1        |[0m [INFO] [1675201640.952883875] [Robot]: Receiving sync message. a_pick_up_sample,arm1,robot1
[36;1mrobot_1        |[0m [INFO] [1675201640.967012280] [Robot]: not ready
[36marm_1          |[0m [INFO] [1675201640.907309797] [Arm]: Action result: False
[36marm_1          |[0m [INFO] [1675201640.921798466] [Arm]: Action: a_pick_up_sample
[36marm_1          |[0m [INFO] [1675201640.936346703] [Arm]: Doing a_pick_up_sample
[36marm_1          |[0m [INFO] [1675201640.976632157] [Arm]: not ready
[36;1mrobot_1        |[0m [INFO] [1675201640.971763801] [Robot]: Receiving sync message. a_authenticate_nurse,robot1,nurse1
[32menvironment_1  |[0m [INFO] [1675201641.027382153] [Environment]: Action: monitor
[36marm_1          |[0m [INFO] [1675201640.988310845] [Arm]: Action result: False
[36marm_1          |[0m [INFO] [1675201641.003262540] [Arm]: Action: a_pick_up_sample
[36marm_1          |[0m [INFO] [1675201641.005816203] [Arm]: Doing a_pick_up_sample
[36;1mrobot_1        |[0m [INFO] [1675201640.974263964] [Robot]: not ready
[36;1mrobot_1        |[0m [INFO] [1675201641.021979959] [Robot]: Receiving sync message. a_pick_up_sample,arm1,robot1
[36;1mrobot_1        |[0m [INFO] [1675201641.025480899] [Robot]: not ready
[35mnurse_1        |[0m [INFO] [1675201640.990092879] [Nurse]: not ready
[35mnurse_1        |[0m [INFO] [1675201640.991111741] [Nurse]: Action result: False
[35mnurse_1        |[0m [INFO] [1675201640.991986253] [Nurse]: Action: a_authenticate_nurse
[35mnurse_1        |[0m [INFO] [1675201641.005041693] [Nurse]: Doing a_authenticate_nurse
[36marm_1          |[0m [INFO] [1675201641.030284595] [Arm]: not ready
[36marm_1          |[0m [INFO] [1675201641.042619614] [Arm]: Action result: False
[36marm_1          |[0m [INFO] [1675201641.048968226] [Arm]: Action: a_pick_up_sample
[36marm_1          |[0m [INFO] [1675201641.050422626] [Arm]: Doing a_pick_up_sample
[36;1mrobot_1        |[0m [INFO] [1675201641.043713885] [Robot]: Receiving sync message. a_authenticate_nurse,robot1,nurse1
[36;1mrobot_1        |[0m [INFO] [1675201641.057744221] [Robot]: not ready
[33mcoordinator_1  |[0m [INFO] [1675201641.067127812] [Coordinator]: Found a problem
[32menvironment_1  |[0m [INFO] [1675201641.061006382] [Environment]: Receiving message: a_approach_nurse,robot1
[32menvironment_1  |[0m [INFO] [1675201641.146427214] [Environment]: Action: a_approach_nurse
[36;1mrobot_1        |[0m [INFO] [1675201641.074115119] [Robot]: Receiving sync message. a_pick_up_sample,arm1,robot1
[36;1mrobot_1        |[0m [INFO] [1675201641.076937690] [Robot]: not ready
[36;1mrobot_1        |[0m [INFO] [1675201641.136429149] [Robot]: Receiving sync message. a_authenticate_nurse,robot1,nurse1
[36;1mrobot_1        |[0m [INFO] [1675201641.150606794] [Robot]: not ready
[36marm_1          |[0m [INFO] [1675201641.098384006] [Arm]: not ready
[36marm_1          |[0m [INFO] [1675201641.113258791] [Arm]: Action result: False
[36marm_1          |[0m [INFO] [1675201641.129929639] [Arm]: Action: a_pick_up_sample
[36marm_1          |[0m [INFO] [1675201641.145277221] [Arm]: Doing a_pick_up_sample
[35mnurse_1        |[0m [INFO] [1675201641.089808476] [Nurse]: not ready
[35mnurse_1        |[0m [INFO] [1675201641.098526925] [Nurse]: Action result: False
[35mnurse_1        |[0m [INFO] [1675201641.115222432] [Nurse]: Action: a_authenticate_nurse
[35mnurse_1        |[0m [INFO] [1675201641.129692267] [Nurse]: Doing a_authenticate_nurse
[36;1mrobot_1        |[0m [INFO] [1675201641.183068065] [Robot]: Receiving sync message. a_pick_up_sample,arm1,robot1
[36;1mrobot_1        |[0m [INFO] [1675201641.184216101] [Robot]: not ready
[36;1mrobot_1        |[0m [INFO] [1675201641.222582698] [Robot]: Receiving sync message. a_authenticate_nurse,robot1,nurse1
[36;1mrobot_1        |[0m [INFO] [1675201641.229323566] [Robot]: not ready
[36;1mrobot_1        |[0m [INFO] [1675201641.233467282] [Robot]: Receiving sync message. a_pick_up_sample,arm1,robot1
[36;1mrobot_1        |[0m [INFO] [1675201641.236358182] [Robot]: not ready
[36;1mrobot_1        |[0m [INFO] [1675201641.255826373] [Robot]: Receiving sync message. a_pick_up_sample,arm1,robot1
[36;1mrobot_1        |[0m [INFO] [1675201641.259275850] [Robot]: not ready
[35mnurse_1        |[0m [INFO] [1675201641.190118986] [Nurse]: not ready
[35mnurse_1        |[0m [INFO] [1675201641.201352280] [Nurse]: Action result: False
[35mnurse_1        |[0m [INFO] [1675201641.204158766] [Nurse]: Action: a_authenticate_nurse
[35mnurse_1        |[0m [INFO] [1675201641.217274567] [Nurse]: Doing a_authenticate_nurse
[36marm_1          |[0m [INFO] [1675201641.191727785] [Arm]: not ready
[36marm_1          |[0m [INFO] [1675201641.204444375] [Arm]: Action result: False
[35mnurse_1        |[0m [INFO] [1675201641.238641580] [Nurse]: not ready
[36marm_1          |[0m [INFO] [1675201641.219180532] [Arm]: Action: a_pick_up_sample
[35mnurse_1        |[0m [INFO] [1675201641.241299233] [Nurse]: Action result: False
[35mnurse_1        |[0m [INFO] [1675201641.251410999] [Nurse]: Action: a_authenticate_nurse
[35mnurse_1        |[0m [INFO] [1675201641.252929263] [Nurse]: Doing a_authenticate_nurse
[36marm_1          |[0m [INFO] [1675201641.222416623] [Arm]: Doing a_pick_up_sample
[36marm_1          |[0m [INFO] [1675201641.240230891] [Arm]: not ready
[36marm_1          |[0m [INFO] [1675201641.241295865] [Arm]: Action result: False
[36marm_1          |[0m [INFO] [1675201641.242476518] [Arm]: Action: a_pick_up_sample
[36marm_1          |[0m [INFO] [1675201641.243360292] [Arm]: Doing a_pick_up_sample
[36marm_1          |[0m [INFO] [1675201641.264540529] [Arm]: not ready
[36;1mrobot_1        |[0m [INFO] [1675201641.271049054] [Robot]: Receiving sync message. a_authenticate_nurse,robot1,nurse1
[36;1mrobot_1        |[0m [INFO] [1675201641.274459436] [Robot]: not ready
[36;1mrobot_1        |[0m [INFO] [1675201641.279391026] [Robot]: Receiving sync message. a_pick_up_sample,arm1,robot1
[36;1mrobot_1        |[0m [INFO] [1675201641.280399336] [Robot]: not ready
[36;1mrobot_1        |[0m [INFO] [1675201641.291444884] [Robot]: success
[36;1mrobot_1        |[0m [INFO] [1675201641.293788249] [Robot]: Action result: True
[36marm_1          |[0m [INFO] [1675201641.268644554] [Arm]: Action result: False
[36marm_1          |[0m [INFO] [1675201641.269954632] [Arm]: Action: a_pick_up_sample
[36marm_1          |[0m [INFO] [1675201641.271034604] [Arm]: Doing a_pick_up_sample
[36marm_1          |[0m [INFO] [1675201641.290704068] [Arm]: not ready
[36marm_1          |[0m [INFO] [1675201641.306811852] [Arm]: Action result: False
[32menvironment_1  |[0m [INFO] [1675201641.283639621] [Environment]: Responding
[32menvironment_1  |[0m [INFO] [1675201641.291970840] [Environment]: Receiving message: monitor
[35mnurse_1        |[0m [INFO] [1675201641.281439825] [Nurse]: not ready
[32menvironment_1  |[0m [INFO] [1675201641.296654520] [Environment]: Action: monitor
[35mnurse_1        |[0m [INFO] [1675201641.294620603] [Nurse]: Action result: False
[33mcoordinator_1  |[0m [INFO] [1675201641.322175484] [Coordinator]: Receiving sync message: action_complete,a_approach_nurse
[33mcoordinator_1  |[0m [INFO] [1675201641.324338539] [Coordinator]: action_complete
[33mcoordinator_1  |[0m [INFO] [1675201641.332093297] [Coordinator]: plans_actions_current 3 of 11
[33mcoordinator_1  |[0m [INFO] [1675201641.350392589] [Coordinator]: Found a problem
[35mnurse_1        |[0m [INFO] [1675201641.309607732] [Nurse]: Action: a_authenticate_nurse
[35mnurse_1        |[0m [INFO] [1675201641.324383707] [Nurse]: Doing a_authenticate_nurse
[35mnurse_1        |[0m [INFO] [1675201641.360520917] [Nurse]: not ready
[35mnurse_1        |[0m [INFO] [1675201641.362298279] [Nurse]: Action result: False
[35mnurse_1        |[0m [INFO] [1675201641.363843362] [Nurse]: Action: a_authenticate_nurse
[35mnurse_1        |[0m [INFO] [1675201641.365478913] [Nurse]: Doing a_authenticate_nurse
[36marm_1          |[0m [INFO] [1675201641.322142926] [Arm]: Action: a_pick_up_sample
[36marm_1          |[0m [INFO] [1675201641.324825152] [Arm]: Doing a_pick_up_sample
[36marm_1          |[0m [INFO] [1675201641.369030125] [Arm]: not ready
[36marm_1          |[0m [INFO] [1675201641.383678808] [Arm]: Action result: False
[36marm_1          |[0m [INFO] [1675201641.386806651] [Arm]: Action: a_pick_up_sample
[36;1mrobot_1        |[0m [INFO] [1675201641.328045650] [Robot]: Receiving sync message. a_authenticate_nurse,robot1,nurse1
[36;1mrobot_1        |[0m [INFO] [1675201641.336447661] [Robot]: not ready
[32menvironment_1  |[0m [INFO] [1675201641.374748318] [Environment]: Receiving message: monitor
[36;1mrobot_1        |[0m [INFO] [1675201641.342004406] [Robot]: Receiving sync message. a_pick_up_sample,arm1,robot1
[36;1mrobot_1        |[0m [INFO] [1675201641.354363499] [Robot]: not ready
[36;1mrobot_1        |[0m [INFO] [1675201641.368949450] [Robot]: Action: a_authenticate_nurse
[36;1mrobot_1        |[0m [INFO] [1675201641.381646939] [Robot]: Receiving sync message. a_authenticate_nurse,robot1,nurse1
[36marm_1          |[0m [INFO] [1675201641.396554378] [Arm]: Doing a_pick_up_sample
[36;1mrobot_1        |[0m [INFO] [1675201641.396552772] [Robot]: Authenticate nurse
[36;1mrobot_1        |[0m [INFO] [1675201641.418267413] [Robot]: Doing a_authenticate_nurse
[32menvironment_1  |[0m [INFO] [1675201641.402782467] [Environment]: Action: monitor
[33mcoordinator_1  |[0m [INFO] [1675201641.443778067] [Coordinator]: Found a problem
[36;1mrobot_1        |[0m [INFO] [1675201641.421757451] [Robot]: Action result: True
[36;1mrobot_1        |[0m [INFO] [1675201641.445703780] [Robot]: Receiving sync message. a_pick_up_sample,arm1,robot1
[35mnurse_1        |[0m [INFO] [1675201641.420883987] [Nurse]: success
[35mnurse_1        |[0m [INFO] [1675201641.439227510] [Nurse]: Action result: True
[36;1mrobot_1        |[0m [INFO] [1675201641.461251195] [Robot]: not ready
[36;1mrobot_1        |[0m [INFO] [1675201641.479560577] [Robot]: Receiving sync message. a_deposit,nurse1,robot1
[36;1mrobot_1        |[0m [INFO] [1675201641.485883802] [Robot]: not ready
[36;1mrobot_1        |[0m [INFO] [1675201641.494526381] [Robot]: Receiving sync message. a_pick_up_sample,arm1,robot1
[36;1mrobot_1        |[0m [INFO] [1675201641.510234907] [Robot]: not ready
[35mnurse_1        |[0m [INFO] [1675201641.454001575] [Nurse]: Action: a_deposit
[35mnurse_1        |[0m [INFO] [1675201641.467718903] [Nurse]: Doing a_deposit
[35mnurse_1        |[0m [INFO] [1675201641.491384832] [Nurse]: not ready
[35mnurse_1        |[0m [INFO] [1675201641.506187554] [Nurse]: Action result: False
[33mcoordinator_1  |[0m [INFO] [1675201641.450842520] [Coordinator]: Receiving sync message: action_complete,a_authenticate_nurse
[33mcoordinator_1  |[0m [INFO] [1675201641.462964783] [Coordinator]: action_complete
[33mcoordinator_1  |[0m [INFO] [1675201641.471084591] [Coordinator]: plans_actions_current 4 of 11
[33mcoordinator_1  |[0m [INFO] [1675201641.483175522] [Coordinator]: Found a problem
[33mcoordinator_1  |[0m [INFO] [1675201641.509271028] [Coordinator]: Found a problem
[32menvironment_1  |[0m [INFO] [1675201641.451805877] [Environment]: Receiving message: monitor
[32menvironment_1  |[0m [INFO] [1675201641.452943679] [Environment]: Action: monitor
[32menvironment_1  |[0m [INFO] [1675201641.498504208] [Environment]: Receiving message: monitor
[32menvironment_1  |[0m [INFO] [1675201641.500018525] [Environment]: Action: monitor
[36marm_1          |[0m [INFO] [1675201641.469639465] [Arm]: not ready
[36marm_1          |[0m [INFO] [1675201641.471085795] [Arm]: Action result: False
[36marm_1          |[0m [INFO] [1675201641.472609301] [Arm]: Action: a_pick_up_sample
[36marm_1          |[0m [INFO] [1675201641.474779952] [Arm]: Doing a_pick_up_sample
[35mnurse_1        |[0m [INFO] [1675201641.521458781] [Nurse]: Action: a_deposit
[35mnurse_1        |[0m [INFO] [1675201641.524353003] [Nurse]: Doing a_deposit
[35mnurse_1        |[0m [INFO] [1675201641.568925885] [Nurse]: not ready
[35mnurse_1        |[0m [INFO] [1675201641.576726658] [Nurse]: Action result: False
[35mnurse_1        |[0m [INFO] [1675201641.578983551] [Nurse]: Action: a_deposit
[36;1mrobot_1        |[0m [INFO] [1675201641.521821573] [Robot]: Action: a_open_drawer
[35mnurse_1        |[0m [INFO] [1675201641.580532598] [Nurse]: Doing a_deposit
[36;1mrobot_1        |[0m [INFO] [1675201641.539341315] [Robot]: Doing a_open_drawer
[36;1mrobot_1        |[0m [INFO] [1675201641.546078306] [Robot]: Receiving sync message. a_deposit,nurse1,robot1
[36;1mrobot_1        |[0m [INFO] [1675201641.555610311] [Robot]: success
[36;1mrobot_1        |[0m [INFO] [1675201641.556815036] [Robot]: Action result: True
[36marm_1          |[0m [INFO] [1675201641.526686883] [Arm]: not ready
[36;1mrobot_1        |[0m [INFO] [1675201641.559618745] [Robot]: not ready
[36;1mrobot_1        |[0m [INFO] [1675201641.564968549] [Robot]: Receiving sync message. a_pick_up_sample,arm1,robot1
[33mcoordinator_1  |[0m [INFO] [1675201641.560724712] [Coordinator]: Receiving sync message: action_complete,a_open_drawer
[33mcoordinator_1  |[0m [INFO] [1675201641.567929099] [Coordinator]: action_complete
[33mcoordinator_1  |[0m [INFO] [1675201641.569068447] [Coordinator]: plans_actions_current 5 of 11
[32menvironment_1  |[0m [INFO] [1675201641.582613338] [Environment]: Receiving message: monitor
[32menvironment_1  |[0m [INFO] [1675201641.583907755] [Environment]: Action: monitor
[32menvironment_1  |[0m [INFO] [1675201641.612351871] [Environment]: Receiving message: monitor
[33mcoordinator_1  |[0m [INFO] [1675201641.588718835] [Coordinator]: Found a problem
[36marm_1          |[0m [INFO] [1675201641.539794590] [Arm]: Action result: False
[36marm_1          |[0m [INFO] [1675201641.541895220] [Arm]: Action: a_pick_up_sample
[36marm_1          |[0m [INFO] [1675201641.543374350] [Arm]: Doing a_pick_up_sample
[36marm_1          |[0m [INFO] [1675201641.587762068] [Arm]: not ready
[36;1mrobot_1        |[0m [INFO] [1675201641.571681544] [Robot]: not ready
[36;1mrobot_1        |[0m [INFO] [1675201641.578077885] [Robot]: Action: a_deposit
[36;1mrobot_1        |[0m [INFO] [1675201641.593663289] [Robot]: Doing a_deposit
[36;1mrobot_1        |[0m [INFO] [1675201641.596331987] [Robot]: wating for nurse1 to deposit in robot1
[36;1mrobot_1        |[0m [INFO] [1675201641.609084801] [Robot]: Action result: False
[33mcoordinator_1  |[0m [INFO] [1675201641.621309738] [Coordinator]: Found a problem
[32menvironment_1  |[0m [INFO] [1675201641.614014526] [Environment]: Action: monitor
[32menvironment_1  |[0m [INFO] [1675201641.630755836] [Environment]: Receiving message: monitor
[36marm_1          |[0m [INFO] [1675201641.614578459] [Arm]: Action result: False
[36marm_1          |[0m [INFO] [1675201641.627294908] [Arm]: Action: a_pick_up_sample
[36marm_1          |[0m [INFO] [1675201641.628649042] [Arm]: Doing a_pick_up_sample
[36;1mrobot_1        |[0m [INFO] [1675201641.628198828] [Robot]: Action: a_deposit
[36;1mrobot_1        |[0m [INFO] [1675201641.631312124] [Robot]: Receiving sync message. a_deposit,nurse1,robot1
[32menvironment_1  |[0m [INFO] [1675201641.632081778] [Environment]: Action: monitor
[36;1mrobot_1        |[0m [INFO] [1675201641.644491221] [Robot]: Deposit
[33mcoordinator_1  |[0m [INFO] [1675201641.660253527] [Coordinator]: Found a problem
[36;1mrobot_1        |[0m [INFO] [1675201641.660462566] [Robot]: Doing a_deposit
[33mcoordinator_1  |[0m [INFO] [1675201641.686770011] [Coordinator]: Found a problem
[32menvironment_1  |[0m [INFO] [1675201641.669627468] [Environment]: Receiving message: monitor
[36;1mrobot_1        |[0m [INFO] [1675201641.663055025] [Robot]: Action result: True
[36;1mrobot_1        |[0m [INFO] [1675201641.676037338] [Robot]: Receiving sync message. a_pick_up_sample,arm1,robot1
[35mnurse_1        |[0m [INFO] [1675201641.655173805] [Nurse]: success
[35mnurse_1        |[0m [INFO] [1675201641.657123784] [Nurse]: Action result: True
[32menvironment_1  |[0m [INFO] [1675201641.671256570] [Environment]: Action: monitor
[32menvironment_1  |[0m [INFO] [1675201641.674669866] [Environment]: Receiving message: a_open_door,nurse1,Room3
[32menvironment_1  |[0m [INFO] [1675201641.675970391] [Environment]: Action: a_open_door
[36;1mrobot_1        |[0m [INFO] [1675201641.678135661] [Robot]: not ready
[35mnurse_1        |[0m [INFO] [1675201641.660395262] [Nurse]: Action: a_open_door
[35mnurse_1        |[0m [INFO] [1675201641.662024130] [Nurse]: Doing a_open_door
[32menvironment_1  |[0m [INFO] [1675201641.677038231] [Environment]: Responding
[36marm_1          |[0m [INFO] [1675201641.716862548] [Arm]: not ready
[35mnurse_1        |[0m [INFO] [1675201641.697041498] [Nurse]: success
[33mcoordinator_1  |[0m [INFO] [1675201641.744512402] [Coordinator]: Receiving sync message: action_complete,a_deposit
[35mnurse_1        |[0m [INFO] [1675201641.703955913] [Nurse]: Action result: True
[33mcoordinator_1  |[0m [INFO] [1675201641.761498224] [Coordinator]: action_complete
[33mcoordinator_1  |[0m [INFO] [1675201641.775796641] [Coordinator]: plans_actions_current 6 of 11
[36marm_1          |[0m [INFO] [1675201641.733976833] [Arm]: Action result: False
[36marm_1          |[0m [INFO] [1675201641.758579538] [Arm]: Action: a_pick_up_sample
[36marm_1          |[0m [INFO] [1675201641.759850188] [Arm]: Doing a_pick_up_sample
[36marm_1          |[0m [INFO] [1675201641.808782267] [Arm]: not ready
[32menvironment_1  |[0m [INFO] [1675201641.771338355] [Environment]: Receiving message: monitor
[32menvironment_1  |[0m [INFO] [1675201641.801901741] [Environment]: Action: monitor
[36;1mrobot_1        |[0m [INFO] [1675201641.773986814] [Robot]: Receiving sync message. a_pick_up_sample,arm1,robot1
[36;1mrobot_1        |[0m [INFO] [1675201641.784435368] [Robot]: not ready
[36;1mrobot_1        |[0m [INFO] [1675201641.802681895] [Robot]: Action: a_close_drawer
[36;1mrobot_1        |[0m [INFO] [1675201641.849857793] [Robot]: Doing a_close_drawer
[36marm_1          |[0m [INFO] [1675201641.839536276] [Arm]: Action result: False
[36marm_1          |[0m [INFO] [1675201641.856655987] [Arm]: Action: a_pick_up_sample
[36marm_1          |[0m [INFO] [1675201641.872088313] [Arm]: Doing a_pick_up_sample
[36;1mrobot_1        |[0m [INFO] [1675201641.890384717] [Robot]: success
[36;1mrobot_1        |[0m [INFO] [1675201641.922099358] [Robot]: Action result: True
[36;1mrobot_1        |[0m [INFO] [1675201641.925862749] [Robot]: Receiving sync message. a_pick_up_sample,arm1,robot1
[36;1mrobot_1        |[0m [INFO] [1675201641.938080500] [Robot]: not ready
[32menvironment_1  |[0m [INFO] [1675201641.884341348] [Environment]: Receiving message: monitor
[32menvironment_1  |[0m [INFO] [1675201641.922196186] [Environment]: Action: monitor
[36marm_1          |[0m [INFO] [1675201641.957177991] [Arm]: not ready
[36marm_1          |[0m [INFO] [1675201641.967345119] [Arm]: Action result: False
[33mcoordinator_1  |[0m [INFO] [1675201641.955168650] [Coordinator]: Receiving sync message: action_complete,a_close_drawer
[33mcoordinator_1  |[0m [INFO] [1675201641.969243305] [Coordinator]: action_complete
[33mcoordinator_1  |[0m [INFO] [1675201641.972709634] [Coordinator]: plans_actions_current 7 of 11
[36marm_1          |[0m [INFO] [1675201641.981234119] [Arm]: Action: a_pick_up_sample
[36marm_1          |[0m [INFO] [1675201641.984403341] [Arm]: Doing a_pick_up_sample
[36;1mrobot_1        |[0m [INFO] [1675201641.993953505] [Robot]: Action: a_navto
[36;1mrobot_1        |[0m [INFO] [1675201641.996342520] [Robot]: Doing a_navto
[36;1mrobot_1        |[0m [INFO] [1675201642.012089453] [Robot]: Receiving sync message. a_pick_up_sample,arm1,robot1
[36marm_1          |[0m [INFO] [1675201642.034315388] [Arm]: not ready
[36;1mrobot_1        |[0m [INFO] [1675201642.026542588] [Robot]: not ready
[36marm_1          |[0m [INFO] [1675201642.050207514] [Arm]: Action result: False
[32menvironment_1  |[0m [INFO] [1675201642.038043948] [Environment]: Receiving message: monitor
[32menvironment_1  |[0m [INFO] [1675201642.039305580] [Environment]: Action: monitor
[32menvironment_1  |[0m [INFO] [1675201642.056311556] [Environment]: Receiving message: a_navto,robot1,Room3
[32menvironment_1  |[0m [INFO] [1675201642.057512598] [Environment]: Action: a_navto
[32menvironment_1  |[0m [INFO] [1675201642.058793824] [Environment]: Responding
[32menvironment_1  |[0m [INFO] [1675201642.090409236] [Environment]: Receiving message: monitor
[36marm_1          |[0m [INFO] [1675201642.054620147] [Arm]: Action: a_pick_up_sample
[36;1mrobot_1        |[0m [INFO] [1675201642.102307786] [Robot]: success
[36;1mrobot_1        |[0m [INFO] [1675201642.105087762] [Robot]: Action result: True
[36marm_1          |[0m [INFO] [1675201642.085161164] [Arm]: Doing a_pick_up_sample
[33mcoordinator_1  |[0m [INFO] [1675201642.121622306] [Coordinator]: Receiving sync message: action_complete,a_navto
[33mcoordinator_1  |[0m [INFO] [1675201642.139303749] [Coordinator]: action_complete
[36;1mrobot_1        |[0m [INFO] [1675201642.135548359] [Robot]: Receiving sync message. a_pick_up_sample,arm1,robot1
[33mcoordinator_1  |[0m [INFO] [1675201642.141016506] [Coordinator]: plans_actions_current 8 of 11
[36;1mrobot_1        |[0m [INFO] [1675201642.138701699] [Robot]: not ready
[32menvironment_1  |[0m [INFO] [1675201642.136214510] [Environment]: Action: monitor
[36marm_1          |[0m [INFO] [1675201642.153011783] [Arm]: not ready
[36marm_1          |[0m [INFO] [1675201642.155610558] [Arm]: Action result: False
[32menvironment_1  |[0m [INFO] [1675201642.170796564] [Environment]: Receiving message: monitor
[36;1mrobot_1        |[0m [INFO] [1675201642.171962329] [Robot]: Action: a_approach_arm
[36;1mrobot_1        |[0m [INFO] [1675201642.188047793] [Robot]: Receiving sync message. a_pick_up_sample,arm1,robot1
[36;1mrobot_1        |[0m [INFO] [1675201642.215272173] [Robot]: Doing a_approach_arm
[36;1mrobot_1        |[0m [INFO] [1675201642.217388046] [Robot]: not ready
[36marm_1          |[0m [INFO] [1675201642.170033474] [Arm]: Action: a_pick_up_sample
[36;1mrobot_1        |[0m [INFO] [1675201642.265781436] [Robot]: Receiving sync message. a_pick_up_sample,arm1,robot1
[36marm_1          |[0m [INFO] [1675201642.173291728] [Arm]: Doing a_pick_up_sample
[36marm_1          |[0m [INFO] [1675201642.231899185] [Arm]: not ready
[36marm_1          |[0m [INFO] [1675201642.234647090] [Arm]: Action result: False
[36marm_1          |[0m [INFO] [1675201642.248865993] [Arm]: Action: a_pick_up_sample
[36marm_1          |[0m [INFO] [1675201642.251413246] [Arm]: Doing a_pick_up_sample
[36;1mrobot_1        |[0m [INFO] [1675201642.279830610] [Robot]: not ready
[36marm_1          |[0m [INFO] [1675201642.285229254] [Arm]: not ready
[36;1mrobot_1        |[0m [INFO] [1675201642.322912463] [Robot]: Receiving sync message. a_pick_up_sample,arm1,robot1
[36;1mrobot_1        |[0m [INFO] [1675201642.325530493] [Robot]: not ready
[36marm_1          |[0m [INFO] [1675201642.289451129] [Arm]: Action result: False
[36marm_1          |[0m [INFO] [1675201642.303689244] [Arm]: Action: a_pick_up_sample
[36marm_1          |[0m [INFO] [1675201642.307189401] [Arm]: Doing a_pick_up_sample
[36marm_1          |[0m [INFO] [1675201642.337005297] [Arm]: not ready
[36marm_1          |[0m [INFO] [1675201642.352279818] [Arm]: Action result: False
[36marm_1          |[0m [INFO] [1675201642.367025404] [Arm]: Action: a_pick_up_sample
[36;1mrobot_1        |[0m [INFO] [1675201642.388279269] [Robot]: Receiving sync message. a_pick_up_sample,arm1,robot1
[36;1mrobot_1        |[0m [INFO] [1675201642.403936890] [Robot]: not ready
[36;1mrobot_1        |[0m [INFO] [1675201642.446759199] [Robot]: Receiving sync message. a_pick_up_sample,arm1,robot1
[36;1mrobot_1        |[0m [INFO] [1675201642.477482887] [Robot]: not ready
[36;1mrobot_1        |[0m [INFO] [1675201642.520737411] [Robot]: Receiving sync message. a_pick_up_sample,arm1,robot1
[36;1mrobot_1        |[0m [INFO] [1675201642.524147941] [Robot]: not ready
[36;1mrobot_1        |[0m [INFO] [1675201642.567699295] [Robot]: Receiving sync message. a_pick_up_sample,arm1,robot1
[36marm_1          |[0m [INFO] [1675201642.383359757] [Arm]: Doing a_pick_up_sample
[36marm_1          |[0m [INFO] [1675201642.409181804] [Arm]: not ready
[36;1mrobot_1        |[0m [INFO] [1675201642.569460111] [Robot]: not ready
[32menvironment_1  |[0m [INFO] [1675201642.408941565] [Environment]: Action: monitor
[36marm_1          |[0m [INFO] [1675201642.423521174] [Arm]: Action result: False
[36marm_1          |[0m [INFO] [1675201642.426099729] [Arm]: Action: a_pick_up_sample
[36marm_1          |[0m [INFO] [1675201642.440316779] [Arm]: Doing a_pick_up_sample
[36marm_1          |[0m [INFO] [1675201642.486849749] [Arm]: not ready
[36marm_1          |[0m [INFO] [1675201642.500064901] [Arm]: Action result: False
[36marm_1          |[0m [INFO] [1675201642.501124547] [Arm]: Action: a_pick_up_sample
[36marm_1          |[0m [INFO] [1675201642.501999201] [Arm]: Doing a_pick_up_sample
[36marm_1          |[0m [INFO] [1675201642.547280752] [Arm]: not ready
[32menvironment_1  |[0m [INFO] [1675201642.498204551] [Environment]: Receiving message: a_approach_arm,robot1,arm1
[36marm_1          |[0m [INFO] [1675201642.551466608] [Arm]: Action result: False
[36marm_1          |[0m [INFO] [1675201642.554352622] [Arm]: Action: a_pick_up_sample
[36marm_1          |[0m [INFO] [1675201642.557861043] [Arm]: Doing a_pick_up_sample
[36marm_1          |[0m [INFO] [1675201642.577145716] [Arm]: not ready
[36marm_1          |[0m [INFO] [1675201642.592162961] [Arm]: Action result: False
[36marm_1          |[0m [INFO] [1675201642.595638407] [Arm]: Action: a_pick_up_sample
[36marm_1          |[0m [INFO] [1675201642.611814006] [Arm]: Doing a_pick_up_sample
[32menvironment_1  |[0m [INFO] [1675201642.634746564] [Environment]: Action: a_approach_arm
[32menvironment_1  |[0m [INFO] [1675201642.636164445] [Environment]: Responding
[32menvironment_1  |[0m [INFO] [1675201642.638321329] [Environment]: Receiving message: monitor
[36;1mrobot_1        |[0m [INFO] [1675201642.643157268] [Robot]: Receiving sync message. a_pick_up_sample,arm1,robot1
[36;1mrobot_1        |[0m [INFO] [1675201642.658633204] [Robot]: not ready
[36marm_1          |[0m [INFO] [1675201642.675082325] [Arm]: not ready
[36marm_1          |[0m [INFO] [1675201642.688872148] [Arm]: Action result: False
[36marm_1          |[0m [INFO] [1675201642.690360133] [Arm]: Action: a_pick_up_sample
[36marm_1          |[0m [INFO] [1675201642.691889728] [Arm]: Doing a_pick_up_sample
[36;1mrobot_1        |[0m [INFO] [1675201642.665218009] [Robot]: success
[32menvironment_1  |[0m [INFO] [1675201642.709152358] [Environment]: Action: monitor
[36;1mrobot_1        |[0m [INFO] [1675201642.692903958] [Robot]: Action result: True
[33mcoordinator_1  |[0m [INFO] [1675201642.707242907] [Coordinator]: Receiving sync message: action_complete,a_approach_arm
[36;1mrobot_1        |[0m [INFO] [1675201642.716532924] [Robot]: Receiving sync message. a_pick_up_sample,arm1,robot1
[36;1mrobot_1        |[0m [INFO] [1675201642.717934750] [Robot]: not ready
[36;1mrobot_1        |[0m [INFO] [1675201642.730476496] [Robot]: Action: a_open_drawer
[33mcoordinator_1  |[0m [INFO] [1675201642.710553114] [Coordinator]: action_complete
[33mcoordinator_1  |[0m [INFO] [1675201642.711957333] [Coordinator]: plans_actions_current 9 of 11
[36marm_1          |[0m [INFO] [1675201642.732320498] [Arm]: not ready
[36;1mrobot_1        |[0m [INFO] [1675201642.744918835] [Robot]: Doing a_open_drawer
[36marm_1          |[0m [INFO] [1675201642.747310121] [Arm]: Action result: False
[36;1mrobot_1        |[0m [INFO] [1675201642.747300219] [Robot]: success
[36marm_1          |[0m [INFO] [1675201642.761481192] [Arm]: Action: a_pick_up_sample
[36;1mrobot_1        |[0m [INFO] [1675201642.761234606] [Robot]: Action result: True
[32menvironment_1  |[0m [INFO] [1675201642.764160649] [Environment]: Receiving message: monitor
[33mcoordinator_1  |[0m [INFO] [1675201642.768645428] [Coordinator]: Receiving sync message: action_complete,a_open_drawer
[36marm_1          |[0m [INFO] [1675201642.780682664] [Arm]: Doing a_pick_up_sample
[33mcoordinator_1  |[0m [INFO] [1675201642.783375115] [Coordinator]: action_complete
[36marm_1          |[0m [INFO] [1675201642.910738641] [Arm]: success
[36marm_1          |[0m [INFO] [1675201642.914473974] [Arm]: Action result: True
[33mcoordinator_1  |[0m [INFO] [1675201642.798767475] [Coordinator]: plans_actions_current 10 of 11
[33mcoordinator_1  |[0m [INFO] [1675201642.924462861] [Coordinator]: Receiving sync message: action_complete,a_pick_up_sample
[33mcoordinator_1  |[0m [INFO] [1675201642.926129738] [Coordinator]: action_complete
[33mcoordinator_1  |[0m [INFO] [1675201642.927312039] [Coordinator]: plans_actions_current 11 of 11
[33mcoordinator_1  |[0m [INFO] [1675201642.928884699] [Coordinator]: The time of execution of above program is : 3900.81787109375 ms
[33mcoordinator_1  |[0m [INFO] [1675201642.930266845] [Coordinator]: Success
[33mcoordinator_1  |[0m [INFO] [1675201642.931591705] [Coordinator]: ENDSIM
[33mcoordinator_1  |[0m [INFO] [1675201642.963210638] [Coordinator]: Receiving sync message: action_complete,a_close_drawer
[32menvironment_1  |[0m [INFO] [1675201642.820637584] [Environment]: Action: monitor
[32menvironment_1  |[0m [INFO] [1675201642.838559187] [Environment]: Receiving message: monitor
[32menvironment_1  |[0m [INFO] [1675201642.865377982] [Environment]: Action: monitor
[32menvironment_1  |[0m [INFO] [1675201642.893803135] [Environment]: Receiving message: monitor
[32menvironment_1  |[0m [INFO] [1675201642.914200849] [Environment]: Action: monitor
[36;1mrobot_1        |[0m [INFO] [1675201642.806237167] [Robot]: Action: a_pick_up_sample
[36;1mrobot_1        |[0m [INFO] [1675201642.838133790] [Robot]: Doing a_pick_up_sample
[36;1mrobot_1        |[0m [INFO] [1675201642.870225562] [Robot]: Receiving sync message. a_pick_up_sample,arm1,robot1
[36;1mrobot_1        |[0m [INFO] [1675201642.872848781] [Robot]: Pick up
[36;1mrobot_1        |[0m [INFO] [1675201642.885161238] [Robot]: wating for arm1 to pick up from robot1
[36;1mrobot_1        |[0m [INFO] [1675201642.888339125] [Robot]: Action result: False
[36;1mrobot_1        |[0m [INFO] [1675201642.899394198] [Robot]: Action: a_pick_up_sample
[36;1mrobot_1        |[0m [INFO] [1675201642.900437177] [Robot]: Doing a_pick_up_sample
[36;1mrobot_1        |[0m [INFO] [1675201642.901339773] [Robot]: Action result: True
[36;1mrobot_1        |[0m [INFO] [1675201642.938413208] [Robot]: Action: a_close_drawer
[36;1mrobot_1        |[0m [INFO] [1675201642.950763839] [Robot]: Doing a_close_drawer
[36;1mrobot_1        |[0m [INFO] [1675201642.952708889] [Robot]: success
[36;1mrobot_1        |[0m [INFO] [1675201642.954121937] [Robot]: Action result: True
[33mcoordinator_1  |[0m [INFO] [1675201643.046351096] [Coordinator]: action_complete
[33mcoordinator_1  |[0m [INFO] [1675201643.065828545] [Coordinator]: plans_actions_current 12 of 11
[33mcoordinator_1  |[0m [INFO] [1675201643.090460868] [Coordinator]: The time of execution of above program is : 4040.2398109436035 ms
[33mcoordinator_1  |[0m [INFO] [1675201643.100405333] [Coordinator]: Success
[33mcoordinator_1  |[0m [INFO] [1675201643.186427885] [Coordinator]: ENDSIM
[36mplanning_arm_1 exited with code 137
[0m[33mplanning_coordinator_1 exited with code 137
[0m[35mplanning_nurse_1 exited with code 137
[0m[36;1mplanning_robot_1 exited with code 137
[0m[34mplanning_planner_1 exited with code 137
[0m[32mplanning_environment_1 exited with code 137
[0m