Creating network "planning_ros" with the default driver
Creating planning_environment_1 ... 
Creating planning_coordinator_1 ... 
Creating planning_nurse_1       ... 
Creating planning_robot_1       ... 
Creating planning_planner_1     ... 
Creating planning_arm_1         ... 
Creating planning_coordinator_1 ... done
Creating planning_arm_1         ... done
Creating planning_nurse_1       ... done
Creating planning_planner_1     ... done
Creating planning_environment_1 ... done
Creating planning_robot_1       ... done
Attaching to planning_coordinator_1, planning_arm_1, planning_nurse_1, planning_planner_1, planning_environment_1, planning_robot_1
[35mnurse_1        |[0m [INFO] [1675269939.108235321] [Nurse]: Starting Nurse server
[35mnurse_1        |[0m [INFO] [1675269939.127653256] [Nurse]: Nurse server started
[33mcoordinator_1  |[0m [INFO] [1675269939.136584640] [Coordinator]: Starting Coordinator server
[35mnurse_1        |[0m [INFO] [1675269939.137973762] [Nurse]: Starting Nurse clients
[33mcoordinator_1  |[0m [INFO] [1675269939.172576682] [Coordinator]: Coordinator server started
[33mcoordinator_1  |[0m [INFO] [1675269939.174442388] [Coordinator]: Starting Coordinator clients
[36marm_1          |[0m [INFO] [1675269939.227432933] [Arm]: Starting Arm server
[36marm_1          |[0m [INFO] [1675269939.253551326] [Arm]: Arm server started
[36marm_1          |[0m [INFO] [1675269939.265996338] [Arm]: Starting Nurse clients
[33mcoordinator_1  |[0m [INFO] [1675269940.199851527] [Coordinator]: planner sync service not available, waiting again...
[36marm_1          |[0m [INFO] [1675269940.278234794] [Arm]: environment service not available, waiting again...
[35mnurse_1        |[0m [INFO] [1675269940.417238883] [Nurse]: environment service not available, waiting again...
[32menvironment_1  |[0m [INFO] [1675269940.625099862] [Environment]: Starting Environment server
[32menvironment_1  |[0m [INFO] [1675269940.639381271] [Environment]: Environment server started
[33mcoordinator_1  |[0m [INFO] [1675269941.204061522] [Coordinator]: planner sync service not available, waiting again...
[35mnurse_1        |[0m [INFO] [1675269941.676632538] [Nurse]: robot service not available, waiting again...
[36;1mrobot_1        |[0m [INFO] [1675269941.759709342] [Robot]: Starting Robot server
[36;1mrobot_1        |[0m [INFO] [1675269941.780245880] [Robot]: Robot server started
[36;1mrobot_1        |[0m [INFO] [1675269941.791995845] [Robot]: Starting Robots clients
[36marm_1          |[0m [INFO] [1675269941.801618764] [Arm]: Nurse clients started
[36;1mrobot_1        |[0m [INFO] [1675269941.813484081] [Robot]: Robots clients started
[35mnurse_1        |[0m [INFO] [1675269941.933988866] [Nurse]: Nurse clients started
[35mnurse_1        |[0m [INFO] [1675269941.948346590] [Nurse]: Sent request
[33mcoordinator_1  |[0m [INFO] [1675269942.219095319] [Coordinator]: planner sync service not available, waiting again...
[33mcoordinator_1  |[0m [INFO] [1675269943.229212308] [Coordinator]: planner sync service not available, waiting again...
[33mcoordinator_1  |[0m [INFO] [1675269944.249073475] [Coordinator]: planner sync service not available, waiting again...
[33mcoordinator_1  |[0m [INFO] [1675269945.265747167] [Coordinator]: planner sync service not available, waiting again...
[34mplanner_1      |[0m [INFO] [1675269945.450436824] [Planner]: Starting Planner server
[34mplanner_1      |[0m [INFO] [1675269945.471591640] [Planner]: Planner server started
[33mcoordinator_1  |[0m [INFO] [1675269945.547339014] [Coordinator]: Coordinator clients started
[33mcoordinator_1  |[0m [INFO] [1675269945.588655516] [Coordinator]: Receiving message of nurse1 in room3.
[35mnurse_1        |[0m [INFO] [1675269945.600929645] [Nurse]: Request response:Okay!
[33mcoordinator_1  |[0m [INFO] [1675269945.591012083] [Coordinator]: Sending response
[33mcoordinator_1  |[0m [INFO] [1675269945.610396258] [Coordinator]: Planing
[33mcoordinator_1  |[0m [INFO] [1675269945.613378366] [Coordinator]: Creating plan for: robot1, nurse1, arm1 
[34mplanner_1      |[0m [INFO] [1675269945.619432433] [Planner]: Receiving sync message. need_plan,robot1,nurse1,arm1
[34mplanner_1      |[0m [INFO] [1675269945.639670643] [Planner]: Creating plan for: robot1 robot1 nurse1
[34mplanner_1      |[0m [INFO] [1675269945.651158797] [Planner]: a_navto,robot1,Room1
[34mplanner_1      |[0m [INFO] [1675269945.664603643] [Planner]: a_approach_nurse,robot1
[34mplanner_1      |[0m [INFO] [1675269945.666742444] [Planner]: a_authenticate_nurse,robot1,nurse1
[34mplanner_1      |[0m [INFO] [1675269945.674154349] [Planner]: a_open_drawer,robot1
[34mplanner_1      |[0m [INFO] [1675269945.675674177] [Planner]: a_deposit,nurse1,robot1
[34mplanner_1      |[0m [INFO] [1675269945.679168708] [Planner]: a_close_drawer,robot1
[34mplanner_1      |[0m [INFO] [1675269945.681169507] [Planner]: a_navto,robot1,Room3
[34mplanner_1      |[0m [INFO] [1675269945.682559021] [Planner]: a_approach_arm,robot1,arm1
[34mplanner_1      |[0m [INFO] [1675269945.683635527] [Planner]: a_open_drawer,robot1
[34mplanner_1      |[0m [INFO] [1675269945.684722126] [Planner]: a_pick_up_sample,arm1,robot1
[34mplanner_1      |[0m [INFO] [1675269945.686549467] [Planner]: a_close_drawer,robot1
[34mplanner_1      |[0m [INFO] [1675269945.698857869] [Planner]: Sending response
[33mcoordinator_1  |[0m [INFO] [1675269945.714123211] [Coordinator]: Plan received for: robot1, nurse1, arm1 
[33mcoordinator_1  |[0m [INFO] [1675269945.717673109] [Coordinator]: a_navto,robot1,Room1/a_approach_nurse,robot1/a_authenticate_nurse,robot1,nurse1/a_open_drawer,robot1/a_deposit,nurse1,robot1/a_close_drawer,robot1/a_navto,robot1,Room3/a_approach_arm,robot1,arm1/a_open_drawer,robot1/a_pick_up_sample,arm1,robot1/a_close_drawer,robot1
[33mcoordinator_1  |[0m [INFO] [1675269945.720531711] [Coordinator]: a_navto,robot1,Room1
[33mcoordinator_1  |[0m [INFO] [1675269945.734273018] [Coordinator]: a_approach_nurse,robot1
[33mcoordinator_1  |[0m [INFO] [1675269945.736517223] [Coordinator]: a_authenticate_nurse,robot1,nurse1
[33mcoordinator_1  |[0m [INFO] [1675269945.738458992] [Coordinator]: a_open_drawer,robot1
[33mcoordinator_1  |[0m [INFO] [1675269945.740446079] [Coordinator]: a_deposit,nurse1,robot1
[33mcoordinator_1  |[0m [INFO] [1675269945.754393934] [Coordinator]: a_close_drawer,robot1
[33mcoordinator_1  |[0m [INFO] [1675269945.756582444] [Coordinator]: a_navto,robot1,Room3
[33mcoordinator_1  |[0m [INFO] [1675269945.769417414] [Coordinator]: a_approach_arm,robot1,arm1
[33mcoordinator_1  |[0m [INFO] [1675269945.771440410] [Coordinator]: a_open_drawer,robot1
[33mcoordinator_1  |[0m [INFO] [1675269945.773488408] [Coordinator]: a_pick_up_sample,arm1,robot1
[33mcoordinator_1  |[0m [INFO] [1675269945.775139090] [Coordinator]: a_close_drawer,robot1
[33mcoordinator_1  |[0m [INFO] [1675269945.788445236] [Coordinator]: Sending plans
[33mcoordinator_1  |[0m [INFO] [1675269945.791297544] [Coordinator]: Plans sent
[36;1mrobot_1        |[0m [INFO] [1675269945.812310933] [Robot]: Receiving message.
[35mnurse_1        |[0m [INFO] [1675269945.820508308] [Nurse]: Receiving message.
[36marm_1          |[0m [INFO] [1675269945.823679534] [Arm]: Receiving message.
[36;1mrobot_1        |[0m [INFO] [1675269945.830960903] [Robot]: Robot's actions:
[36;1mrobot_1        |[0m [INFO] [1675269945.832007077] [Robot]: a_navto
[36;1mrobot_1        |[0m [INFO] [1675269945.833121307] [Robot]: a_approach_nurse
[36;1mrobot_1        |[0m [INFO] [1675269945.834199981] [Robot]: a_authenticate_nurse
[35mnurse_1        |[0m [INFO] [1675269945.828447006] [Nurse]: Nurse's actions:
[35mnurse_1        |[0m [INFO] [1675269945.831382819] [Nurse]: Action: a_authenticate_nurse
[35mnurse_1        |[0m [INFO] [1675269945.833259471] [Nurse]: Doing a_authenticate_nurse
[35mnurse_1        |[0m [INFO] [1675269945.835902674] [Nurse]: a_authenticate_nurse
[36;1mrobot_1        |[0m [INFO] [1675269945.848414982] [Robot]: a_open_drawer
[36;1mrobot_1        |[0m [INFO] [1675269945.850223682] [Robot]: a_close_drawer
[36;1mrobot_1        |[0m [INFO] [1675269945.862186399] [Robot]: a_navto
[36;1mrobot_1        |[0m [INFO] [1675269945.864333243] [Robot]: a_approach_arm
[36;1mrobot_1        |[0m [INFO] [1675269945.866213210] [Robot]: a_open_drawer
[36;1mrobot_1        |[0m [INFO] [1675269945.868105650] [Robot]: a_pick_up_sample
[36;1mrobot_1        |[0m [INFO] [1675269945.869549895] [Robot]: Action: a_navto
[36;1mrobot_1        |[0m [INFO] [1675269945.870713675] [Robot]: Doing a_navto
[36;1mrobot_1        |[0m [INFO] [1675269945.883903229] [Robot]: a_close_drawer
[36marm_1          |[0m [INFO] [1675269945.892404990] [Arm]: Arm's actions:
[36;1mrobot_1        |[0m [INFO] [1675269945.899300949] [Robot]: Receiving sync message. a_authenticate_nurse,robot1,nurse1
[36;1mrobot_1        |[0m [INFO] [1675269945.901368773] [Robot]: not ready
[36marm_1          |[0m [INFO] [1675269945.903880624] [Arm]: a_approach_arm
[32menvironment_1  |[0m [INFO] [1675269945.912608696] [Environment]: Receiving message: monitor
[35mnurse_1        |[0m [INFO] [1675269945.905177816] [Nurse]: not ready
[36marm_1          |[0m [INFO] [1675269945.906248391] [Arm]: Action: a_approach_arm
[36marm_1          |[0m [INFO] [1675269945.919247569] [Arm]: Doing a_approach_arm
[35mnurse_1        |[0m [INFO] [1675269945.937095668] [Nurse]: Action result: False
[35mnurse_1        |[0m [INFO] [1675269945.939551142] [Nurse]: Action: a_authenticate_nurse
[35mnurse_1        |[0m [INFO] [1675269945.941376721] [Nurse]: Doing a_authenticate_nurse
[32menvironment_1  |[0m [INFO] [1675269945.935316072] [Environment]: Action: monitor
[32menvironment_1  |[0m [INFO] [1675269945.958492800] [Environment]: Receiving message: a_navto,robot1,Room1
[32menvironment_1  |[0m [INFO] [1675269945.959528654] [Environment]: Action: a_navto
[36;1mrobot_1        |[0m [INFO] [1675269945.957468098] [Robot]: Receiving sync message. a_authenticate_nurse,robot1,nurse1
[36;1mrobot_1        |[0m [INFO] [1675269945.959511814] [Robot]: not ready
[32menvironment_1  |[0m [INFO] [1675269945.970439604] [Environment]: Responding
[32menvironment_1  |[0m [INFO] [1675269945.975748913] [Environment]: Receiving message: a_approach_arm,robot1,arm1
[35mnurse_1        |[0m [INFO] [1675269945.970839094] [Nurse]: not ready
[35mnurse_1        |[0m [INFO] [1675269945.981403184] [Nurse]: Action result: False
[35mnurse_1        |[0m [INFO] [1675269945.982222177] [Nurse]: Action: a_authenticate_nurse
[35mnurse_1        |[0m [INFO] [1675269945.982983710] [Nurse]: Doing a_authenticate_nurse
[32menvironment_1  |[0m [INFO] [1675269945.978655603] [Environment]: Action: a_approach_arm
[33mcoordinator_1  |[0m [INFO] [1675269945.980583078] [Coordinator]: Receiving sync message: action_complete,a_navto
[33mcoordinator_1  |[0m [INFO] [1675269945.983178534] [Coordinator]: action_complete
[36;1mrobot_1        |[0m [INFO] [1675269945.974235594] [Robot]: success
[33mcoordinator_1  |[0m [INFO] [1675269945.985202669] [Coordinator]: plans_actions_current 1 of 11
[36;1mrobot_1        |[0m [INFO] [1675269945.976326686] [Robot]: Action result: True
[36;1mrobot_1        |[0m [INFO] [1675269945.991937724] [Robot]: Receiving sync message. a_authenticate_nurse,robot1,nurse1
[36;1mrobot_1        |[0m [INFO] [1675269945.994110402] [Robot]: not ready
[35mnurse_1        |[0m [INFO] [1675269945.999875531] [Nurse]: not ready
[36;1mrobot_1        |[0m [INFO] [1675269945.999738407] [Robot]: Action: a_approach_nurse
[32menvironment_1  |[0m [INFO] [1675269946.002127801] [Environment]: Responding
[35mnurse_1        |[0m [INFO] [1675269946.001263421] [Nurse]: Action result: False
[35mnurse_1        |[0m [INFO] [1675269946.002152219] [Nurse]: Action: a_authenticate_nurse
[35mnurse_1        |[0m [INFO] [1675269946.003115713] [Nurse]: Doing a_authenticate_nurse
[36;1mrobot_1        |[0m [INFO] [1675269946.008459210] [Robot]: Doing a_approach_nurse
[35mnurse_1        |[0m [INFO] [1675269946.061778046] [Nurse]: not ready
[32menvironment_1  |[0m [INFO] [1675269946.035608911] [Environment]: Receiving message: monitor
[36marm_1          |[0m [INFO] [1675269946.021494257] [Arm]: success
[36marm_1          |[0m [INFO] [1675269946.041517859] [Arm]: Action result: True
[36marm_1          |[0m [INFO] [1675269946.042677524] [Arm]: Action: a_pick_up_sample
[36marm_1          |[0m [INFO] [1675269946.044475995] [Arm]: Doing a_pick_up_sample
[36marm_1          |[0m [INFO] [1675269946.065050304] [Arm]: not ready
[36;1mrobot_1        |[0m [INFO] [1675269946.014645479] [Robot]: Receiving sync message. a_authenticate_nurse,robot1,nurse1
[36;1mrobot_1        |[0m [INFO] [1675269946.036515858] [Robot]: not ready
[36;1mrobot_1        |[0m [INFO] [1675269946.057650532] [Robot]: Receiving sync message. a_pick_up_sample,arm1,robot1
[36;1mrobot_1        |[0m [INFO] [1675269946.059932788] [Robot]: not ready
[36marm_1          |[0m [INFO] [1675269946.067413858] [Arm]: Action result: False
[36marm_1          |[0m [INFO] [1675269946.071289022] [Arm]: Action: a_pick_up_sample
[32menvironment_1  |[0m [INFO] [1675269946.081288482] [Environment]: Action: monitor
[36marm_1          |[0m [INFO] [1675269946.089673355] [Arm]: Doing a_pick_up_sample
[35mnurse_1        |[0m [INFO] [1675269946.080318191] [Nurse]: Action result: False
[35mnurse_1        |[0m [INFO] [1675269946.082288640] [Nurse]: Action: a_authenticate_nurse
[35mnurse_1        |[0m [INFO] [1675269946.095799471] [Nurse]: Doing a_authenticate_nurse
[36;1mrobot_1        |[0m [INFO] [1675269946.096797322] [Robot]: Receiving sync message. a_pick_up_sample,arm1,robot1
[36;1mrobot_1        |[0m [INFO] [1675269946.098615631] [Robot]: not ready
[36marm_1          |[0m [INFO] [1675269946.102309154] [Arm]: not ready
[32menvironment_1  |[0m [INFO] [1675269946.119051783] [Environment]: Receiving message: a_approach_nurse,robot1
[36marm_1          |[0m [INFO] [1675269946.112390095] [Arm]: Action result: False
[35mnurse_1        |[0m [INFO] [1675269946.126634217] [Nurse]: not ready
[35mnurse_1        |[0m [INFO] [1675269946.129501409] [Nurse]: Action result: False
[36;1mrobot_1        |[0m [INFO] [1675269946.104014859] [Robot]: Receiving sync message. a_authenticate_nurse,robot1,nurse1
[36;1mrobot_1        |[0m [INFO] [1675269946.108989994] [Robot]: not ready
[36;1mrobot_1        |[0m [INFO] [1675269946.135673640] [Robot]: Receiving sync message. a_pick_up_sample,arm1,robot1
[36;1mrobot_1        |[0m [INFO] [1675269946.137149926] [Robot]: not ready
[35mnurse_1        |[0m [INFO] [1675269946.142740394] [Nurse]: Action: a_authenticate_nurse
[35mnurse_1        |[0m [INFO] [1675269946.144930899] [Nurse]: Doing a_authenticate_nurse
[36marm_1          |[0m [INFO] [1675269946.131051857] [Arm]: Action: a_pick_up_sample
[36marm_1          |[0m [INFO] [1675269946.133456432] [Arm]: Doing a_pick_up_sample
[36marm_1          |[0m [INFO] [1675269946.140855364] [Arm]: not ready
[36marm_1          |[0m [INFO] [1675269946.141997450] [Arm]: Action result: False
[36marm_1          |[0m [INFO] [1675269946.145293727] [Arm]: Action: a_pick_up_sample
[36marm_1          |[0m [INFO] [1675269946.147488974] [Arm]: Doing a_pick_up_sample
[36;1mrobot_1        |[0m [INFO] [1675269946.153321217] [Robot]: Receiving sync message. a_authenticate_nurse,robot1,nurse1
[36;1mrobot_1        |[0m [INFO] [1675269946.155225467] [Robot]: not ready
[35mnurse_1        |[0m [INFO] [1675269946.164465944] [Nurse]: not ready
[36marm_1          |[0m [INFO] [1675269946.186370902] [Arm]: not ready
[36marm_1          |[0m [INFO] [1675269946.187362650] [Arm]: Action result: False
[36marm_1          |[0m [INFO] [1675269946.188275175] [Arm]: Action: a_pick_up_sample
[36marm_1          |[0m [INFO] [1675269946.189201209] [Arm]: Doing a_pick_up_sample
[36;1mrobot_1        |[0m [INFO] [1675269946.158538993] [Robot]: Receiving sync message. a_pick_up_sample,arm1,robot1
[36;1mrobot_1        |[0m [INFO] [1675269946.171899215] [Robot]: not ready
[36;1mrobot_1        |[0m [INFO] [1675269946.175389355] [Robot]: Receiving sync message. a_authenticate_nurse,robot1,nurse1
[36;1mrobot_1        |[0m [INFO] [1675269946.177302005] [Robot]: not ready
[36;1mrobot_1        |[0m [INFO] [1675269946.193216134] [Robot]: Receiving sync message. a_pick_up_sample,arm1,robot1
[36;1mrobot_1        |[0m [INFO] [1675269946.197303219] [Robot]: not ready
[35mnurse_1        |[0m [INFO] [1675269946.166686517] [Nurse]: Action result: False
[35mnurse_1        |[0m [INFO] [1675269946.169044774] [Nurse]: Action: a_authenticate_nurse
[35mnurse_1        |[0m [INFO] [1675269946.170533118] [Nurse]: Doing a_authenticate_nurse
[35mnurse_1        |[0m [INFO] [1675269946.199807137] [Nurse]: not ready
[35mnurse_1        |[0m [INFO] [1675269946.200803051] [Nurse]: Action result: False
[35mnurse_1        |[0m [INFO] [1675269946.201663432] [Nurse]: Action: a_authenticate_nurse
[35mnurse_1        |[0m [INFO] [1675269946.202976743] [Nurse]: Doing a_authenticate_nurse
[35mnurse_1        |[0m [INFO] [1675269946.219265267] [Nurse]: not ready
[35mnurse_1        |[0m [INFO] [1675269946.220850111] [Nurse]: Action result: False
[35mnurse_1        |[0m [INFO] [1675269946.231392276] [Nurse]: Action: a_authenticate_nurse
[35mnurse_1        |[0m [INFO] [1675269946.232441410] [Nurse]: Doing a_authenticate_nurse
[36marm_1          |[0m [INFO] [1675269946.216832117] [Arm]: not ready
[36;1mrobot_1        |[0m [INFO] [1675269946.212484727] [Robot]: Receiving sync message. a_authenticate_nurse,robot1,nurse1
[36marm_1          |[0m [INFO] [1675269946.218917193] [Arm]: Action result: False
[36marm_1          |[0m [INFO] [1675269946.220500796] [Arm]: Action: a_pick_up_sample
[36marm_1          |[0m [INFO] [1675269946.222044131] [Arm]: Doing a_pick_up_sample
[36;1mrobot_1        |[0m [INFO] [1675269946.215544667] [Robot]: not ready
[36;1mrobot_1        |[0m [INFO] [1675269946.232310039] [Robot]: Receiving sync message. a_pick_up_sample,arm1,robot1
[36;1mrobot_1        |[0m [INFO] [1675269946.234962936] [Robot]: not ready
[35mnurse_1        |[0m [INFO] [1675269946.254405997] [Nurse]: not ready
[35mnurse_1        |[0m [INFO] [1675269946.264399787] [Nurse]: Action result: False
[35mnurse_1        |[0m [INFO] [1675269946.266066974] [Nurse]: Action: a_authenticate_nurse
[35mnurse_1        |[0m [INFO] [1675269946.267619915] [Nurse]: Doing a_authenticate_nurse
[35mnurse_1        |[0m [INFO] [1675269946.292588888] [Nurse]: not ready
[35mnurse_1        |[0m [INFO] [1675269946.294753806] [Nurse]: Action result: False
[36marm_1          |[0m [INFO] [1675269946.251506163] [Arm]: not ready
[32menvironment_1  |[0m [INFO] [1675269946.296838087] [Environment]: Action: a_approach_nurse
[32menvironment_1  |[0m [INFO] [1675269946.298397402] [Environment]: Responding
[36marm_1          |[0m [INFO] [1675269946.253247972] [Arm]: Action result: False
[36marm_1          |[0m [INFO] [1675269946.254673704] [Arm]: Action: a_pick_up_sample
[36marm_1          |[0m [INFO] [1675269946.266781596] [Arm]: Doing a_pick_up_sample
[36marm_1          |[0m [INFO] [1675269946.288980035] [Arm]: not ready
[36marm_1          |[0m [INFO] [1675269946.290111752] [Arm]: Action result: False
[36marm_1          |[0m [INFO] [1675269946.291122426] [Arm]: Action: a_pick_up_sample
[36marm_1          |[0m [INFO] [1675269946.297087007] [Arm]: Doing a_pick_up_sample
[36marm_1          |[0m [INFO] [1675269946.312763425] [Arm]: not ready
[36marm_1          |[0m [INFO] [1675269946.330721658] [Arm]: Action result: False
[36marm_1          |[0m [INFO] [1675269946.333620199] [Arm]: Action: a_pick_up_sample
[36marm_1          |[0m [INFO] [1675269946.336173951] [Arm]: Doing a_pick_up_sample
[36;1mrobot_1        |[0m [INFO] [1675269946.248761347] [Robot]: Receiving sync message. a_authenticate_nurse,robot1,nurse1
[35mnurse_1        |[0m [INFO] [1675269946.303939852] [Nurse]: Action: a_authenticate_nurse
[35mnurse_1        |[0m [INFO] [1675269946.306289226] [Nurse]: Doing a_authenticate_nurse
[36;1mrobot_1        |[0m [INFO] [1675269946.250761370] [Robot]: not ready
[36;1mrobot_1        |[0m [INFO] [1675269946.270009210] [Robot]: Receiving sync message. a_pick_up_sample,arm1,robot1
[36;1mrobot_1        |[0m [INFO] [1675269946.271957737] [Robot]: not ready
[36;1mrobot_1        |[0m [INFO] [1675269946.285646265] [Robot]: Receiving sync message. a_authenticate_nurse,robot1,nurse1
[36;1mrobot_1        |[0m [INFO] [1675269946.287441974] [Robot]: not ready
[36;1mrobot_1        |[0m [INFO] [1675269946.300482525] [Robot]: Receiving sync message. a_pick_up_sample,arm1,robot1
[36;1mrobot_1        |[0m [INFO] [1675269946.302929193] [Robot]: not ready
[36;1mrobot_1        |[0m [INFO] [1675269946.323955913] [Robot]: success
[35mnurse_1        |[0m [INFO] [1675269946.356648177] [Nurse]: not ready
[36;1mrobot_1        |[0m [INFO] [1675269946.337513289] [Robot]: Receiving sync message. a_authenticate_nurse,robot1,nurse1
[36;1mrobot_1        |[0m [INFO] [1675269946.345505689] [Robot]: Action result: True
[36;1mrobot_1        |[0m [INFO] [1675269946.348125200] [Robot]: not ready
[36;1mrobot_1        |[0m [INFO] [1675269946.350051557] [Robot]: Receiving sync message. a_pick_up_sample,arm1,robot1
[36;1mrobot_1        |[0m [INFO] [1675269946.351563704] [Robot]: not ready
[36;1mrobot_1        |[0m [INFO] [1675269946.388933057] [Robot]: Receiving sync message. a_authenticate_nurse,robot1,nurse1
[36;1mrobot_1        |[0m [INFO] [1675269946.391313341] [Robot]: not ready
[36;1mrobot_1        |[0m [INFO] [1675269946.395505909] [Robot]: Receiving sync message. a_pick_up_sample,arm1,robot1
[35mnurse_1        |[0m [INFO] [1675269946.359073101] [Nurse]: Action result: False
[35mnurse_1        |[0m [INFO] [1675269946.362009922] [Nurse]: Action: a_authenticate_nurse
[35mnurse_1        |[0m [INFO] [1675269946.373724505] [Nurse]: Doing a_authenticate_nurse
[36marm_1          |[0m [INFO] [1675269946.359067146] [Arm]: not ready
[36marm_1          |[0m [INFO] [1675269946.362010044] [Arm]: Action result: False
[35mnurse_1        |[0m [INFO] [1675269946.399196309] [Nurse]: not ready
[36;1mrobot_1        |[0m [INFO] [1675269946.420970815] [Robot]: Action: a_authenticate_nurse
[36marm_1          |[0m [INFO] [1675269946.370810740] [Arm]: Action: a_pick_up_sample
[36marm_1          |[0m [INFO] [1675269946.375725284] [Arm]: Doing a_pick_up_sample
[36;1mrobot_1        |[0m [INFO] [1675269946.422886991] [Robot]: Doing a_authenticate_nurse
[36;1mrobot_1        |[0m [INFO] [1675269946.424201192] [Robot]: not ready
[36;1mrobot_1        |[0m [INFO] [1675269946.431634348] [Robot]: wating for nurse1 to authenticate to robot1
[36;1mrobot_1        |[0m [INFO] [1675269946.447017302] [Robot]: Action result: False
[36;1mrobot_1        |[0m [INFO] [1675269946.449427459] [Robot]: Action: a_authenticate_nurse
[36;1mrobot_1        |[0m [INFO] [1675269946.452311545] [Robot]: Doing a_authenticate_nurse
[36;1mrobot_1        |[0m [INFO] [1675269946.454606323] [Robot]: wating for nurse1 to authenticate to robot1
[36;1mrobot_1        |[0m [INFO] [1675269946.457736136] [Robot]: Receiving sync message. a_authenticate_nurse,robot1,nurse1
[36;1mrobot_1        |[0m [INFO] [1675269946.459100562] [Robot]: Authenticate nurse
[36;1mrobot_1        |[0m [INFO] [1675269946.463009827] [Robot]: Receiving sync message. a_pick_up_sample,arm1,robot1
[36marm_1          |[0m [INFO] [1675269946.449938814] [Arm]: not ready
[36marm_1          |[0m [INFO] [1675269946.450925288] [Arm]: Action result: False
[36marm_1          |[0m [INFO] [1675269946.451966478] [Arm]: Action: a_pick_up_sample
[36marm_1          |[0m [INFO] [1675269946.452897595] [Arm]: Doing a_pick_up_sample
[35mnurse_1        |[0m [INFO] [1675269946.400757297] [Nurse]: Action result: False
[35mnurse_1        |[0m [INFO] [1675269946.402031386] [Nurse]: Action: a_authenticate_nurse
[35mnurse_1        |[0m [INFO] [1675269946.403398626] [Nurse]: Doing a_authenticate_nurse
[32menvironment_1  |[0m [INFO] [1675269946.380359521] [Environment]: Receiving message: monitor
[32menvironment_1  |[0m [INFO] [1675269946.381862470] [Environment]: Action: monitor
[32menvironment_1  |[0m [INFO] [1675269946.431880586] [Environment]: Receiving message: monitor
[32menvironment_1  |[0m [INFO] [1675269946.434150959] [Environment]: Action: monitor
[32menvironment_1  |[0m [INFO] [1675269946.467703233] [Environment]: Receiving message: monitor
[33mcoordinator_1  |[0m [INFO] [1675269946.348867052] [Coordinator]: Receiving sync message: action_complete,a_approach_nurse
[33mcoordinator_1  |[0m [INFO] [1675269946.350483127] [Coordinator]: action_complete
[33mcoordinator_1  |[0m [INFO] [1675269946.375742197] [Coordinator]: plans_actions_current 2 of 11
[35mnurse_1        |[0m [INFO] [1675269946.473151607] [Nurse]: success
[36;1mrobot_1        |[0m [INFO] [1675269946.477585410] [Robot]: Action result: False
[36;1mrobot_1        |[0m [INFO] [1675269946.480165043] [Robot]: Action: a_authenticate_nurse
[36;1mrobot_1        |[0m [INFO] [1675269946.482164940] [Robot]: Doing a_authenticate_nurse
[36;1mrobot_1        |[0m [INFO] [1675269946.486440731] [Robot]: not ready
[35mnurse_1        |[0m [INFO] [1675269946.475599501] [Nurse]: Action result: True
[35mnurse_1        |[0m [INFO] [1675269946.494395538] [Nurse]: Action: a_deposit
[35mnurse_1        |[0m [INFO] [1675269946.496699308] [Nurse]: Doing a_deposit
[35mnurse_1        |[0m [INFO] [1675269946.508140272] [Nurse]: not ready
[32menvironment_1  |[0m [INFO] [1675269946.481870181] [Environment]: Action: monitor
[35mnurse_1        |[0m [INFO] [1675269946.517494037] [Nurse]: Action result: False
[35mnurse_1        |[0m [INFO] [1675269946.536661651] [Nurse]: Action: a_deposit
[35mnurse_1        |[0m [INFO] [1675269946.537898700] [Nurse]: Doing a_deposit
[35mnurse_1        |[0m [INFO] [1675269946.558023734] [Nurse]: not ready
[35mnurse_1        |[0m [INFO] [1675269946.559299203] [Nurse]: Action result: False
[35mnurse_1        |[0m [INFO] [1675269946.573207999] [Nurse]: Action: a_deposit
[35mnurse_1        |[0m [INFO] [1675269946.584016724] [Nurse]: Doing a_deposit
[36;1mrobot_1        |[0m [INFO] [1675269946.495134776] [Robot]: Action result: True
[36;1mrobot_1        |[0m [INFO] [1675269946.501614988] [Robot]: Receiving sync message. a_deposit,nurse1,robot1
[36;1mrobot_1        |[0m [INFO] [1675269946.503599283] [Robot]: not ready
[36;1mrobot_1        |[0m [INFO] [1675269946.517454103] [Robot]: Receiving sync message. a_pick_up_sample,arm1,robot1
[36;1mrobot_1        |[0m [INFO] [1675269946.519691438] [Robot]: not ready
[33mcoordinator_1  |[0m [INFO] [1675269946.500709857] [Coordinator]: Receiving sync message: action_complete,a_authenticate_nurse
[36marm_1          |[0m [INFO] [1675269946.490968887] [Arm]: not ready
[36marm_1          |[0m [INFO] [1675269946.493290334] [Arm]: Action result: False
[32menvironment_1  |[0m [INFO] [1675269946.525203476] [Environment]: Receiving message: monitor
[36;1mrobot_1        |[0m [INFO] [1675269946.541389394] [Robot]: Action: a_open_drawer
[32menvironment_1  |[0m [INFO] [1675269946.539097540] [Environment]: Action: monitor
[36marm_1          |[0m [INFO] [1675269946.511667760] [Arm]: Action: a_pick_up_sample
[36;1mrobot_1        |[0m [INFO] [1675269946.545218597] [Robot]: Receiving sync message. a_deposit,nurse1,robot1
[36;1mrobot_1        |[0m [INFO] [1675269946.555328042] [Robot]: not ready
[36marm_1          |[0m [INFO] [1675269946.513050410] [Arm]: Doing a_pick_up_sample
[36marm_1          |[0m [INFO] [1675269946.532100311] [Arm]: not ready
[36marm_1          |[0m [INFO] [1675269946.534149009] [Arm]: Action result: False
[36marm_1          |[0m [INFO] [1675269946.536258444] [Arm]: Action: a_pick_up_sample
[36marm_1          |[0m [INFO] [1675269946.538026707] [Arm]: Doing a_pick_up_sample
[32menvironment_1  |[0m [INFO] [1675269946.576709549] [Environment]: Receiving message: monitor
[33mcoordinator_1  |[0m [INFO] [1675269946.521295527] [Coordinator]: action_complete
[36;1mrobot_1        |[0m [INFO] [1675269946.578389539] [Robot]: Doing a_open_drawer
[36;1mrobot_1        |[0m [INFO] [1675269946.580843923] [Robot]: success
[36;1mrobot_1        |[0m [INFO] [1675269946.594600888] [Robot]: Action result: True
[33mcoordinator_1  |[0m [INFO] [1675269946.523426953] [Coordinator]: plans_actions_current 3 of 11
[33mcoordinator_1  |[0m [INFO] [1675269946.598328956] [Coordinator]: Receiving sync message: action_complete,a_open_drawer
[33mcoordinator_1  |[0m [INFO] [1675269946.601305363] [Coordinator]: action_complete
[33mcoordinator_1  |[0m [INFO] [1675269946.602988921] [Coordinator]: plans_actions_current 4 of 11
[32menvironment_1  |[0m [INFO] [1675269946.613399355] [Environment]: Action: monitor
[36;1mrobot_1        |[0m [INFO] [1675269946.596815431] [Robot]: Receiving sync message. a_pick_up_sample,arm1,robot1
[36;1mrobot_1        |[0m [INFO] [1675269946.611539827] [Robot]: not ready
[36;1mrobot_1        |[0m [INFO] [1675269946.624858084] [Robot]: Receiving sync message. a_deposit,nurse1,robot1
[36;1mrobot_1        |[0m [INFO] [1675269946.627134325] [Robot]: not ready
[36marm_1          |[0m [INFO] [1675269946.618311805] [Arm]: not ready
[36marm_1          |[0m [INFO] [1675269946.619399839] [Arm]: Action result: False
[36marm_1          |[0m [INFO] [1675269946.630573604] [Arm]: Action: a_pick_up_sample
[35mnurse_1        |[0m [INFO] [1675269946.632893455] [Nurse]: not ready
[35mnurse_1        |[0m [INFO] [1675269946.635096441] [Nurse]: Action result: False
[36;1mrobot_1        |[0m [INFO] [1675269946.642317502] [Robot]: Action: a_deposit
[35mnurse_1        |[0m [INFO] [1675269946.648189105] [Nurse]: Action: a_deposit
[36;1mrobot_1        |[0m [INFO] [1675269946.645458237] [Robot]: Doing a_deposit
[32menvironment_1  |[0m [INFO] [1675269946.645285582] [Environment]: Receiving message: monitor
[32menvironment_1  |[0m [INFO] [1675269946.647838942] [Environment]: Action: monitor
[36marm_1          |[0m [INFO] [1675269946.645976829] [Arm]: Doing a_pick_up_sample
[36;1mrobot_1        |[0m [INFO] [1675269946.648181161] [Robot]: wating for nurse1 to deposit in robot1
[35mnurse_1        |[0m [INFO] [1675269946.649953528] [Nurse]: Doing a_deposit
[36;1mrobot_1        |[0m [INFO] [1675269946.652461454] [Robot]: Action result: False
[36;1mrobot_1        |[0m [INFO] [1675269946.657598216] [Robot]: Receiving sync message. a_pick_up_sample,arm1,robot1
[36;1mrobot_1        |[0m [INFO] [1675269946.659236890] [Robot]: not ready
[36;1mrobot_1        |[0m [INFO] [1675269946.665148433] [Robot]: Action: a_deposit
[36;1mrobot_1        |[0m [INFO] [1675269946.667140609] [Robot]: Doing a_deposit
[32menvironment_1  |[0m [INFO] [1675269946.667218867] [Environment]: Receiving message: monitor
[36marm_1          |[0m [INFO] [1675269946.675075025] [Arm]: not ready
[36marm_1          |[0m [INFO] [1675269946.693214465] [Arm]: Action result: False
[36marm_1          |[0m [INFO] [1675269946.700609844] [Arm]: Action: a_pick_up_sample
[36marm_1          |[0m [INFO] [1675269946.702377881] [Arm]: Doing a_pick_up_sample
[36;1mrobot_1        |[0m [INFO] [1675269946.682020398] [Robot]: wating for nurse1 to deposit in robot1
[36;1mrobot_1        |[0m [INFO] [1675269946.684773250] [Robot]: Receiving sync message. a_deposit,nurse1,robot1
[36;1mrobot_1        |[0m [INFO] [1675269946.698215604] [Robot]: Deposit
[32menvironment_1  |[0m [INFO] [1675269946.727600062] [Environment]: Action: monitor
[35mnurse_1        |[0m [INFO] [1675269946.702378638] [Nurse]: success
[36marm_1          |[0m [INFO] [1675269946.741035707] [Arm]: not ready
[36;1mrobot_1        |[0m [INFO] [1675269946.712779558] [Robot]: Action result: False
[36;1mrobot_1        |[0m [INFO] [1675269946.714530852] [Robot]: Action: a_deposit
[36;1mrobot_1        |[0m [INFO] [1675269946.716764247] [Robot]: Doing a_deposit
[36;1mrobot_1        |[0m [INFO] [1675269946.730481386] [Robot]: Receiving sync message. a_pick_up_sample,arm1,robot1
[36;1mrobot_1        |[0m [INFO] [1675269946.733235417] [Robot]: not ready
[36;1mrobot_1        |[0m [INFO] [1675269946.741488425] [Robot]: Action result: True
[35mnurse_1        |[0m [INFO] [1675269946.704397588] [Nurse]: Action result: True
[36marm_1          |[0m [INFO] [1675269946.751938518] [Arm]: Action result: False
[33mcoordinator_1  |[0m [INFO] [1675269946.776902692] [Coordinator]: Receiving sync message: action_complete,a_deposit
[33mcoordinator_1  |[0m [INFO] [1675269946.780155258] [Coordinator]: action_complete
[36;1mrobot_1        |[0m [INFO] [1675269946.779022696] [Robot]: Receiving sync message. a_pick_up_sample,arm1,robot1
[36marm_1          |[0m [INFO] [1675269946.757355929] [Arm]: Action: a_pick_up_sample
[33mcoordinator_1  |[0m [INFO] [1675269946.799697437] [Coordinator]: plans_actions_current 5 of 11
[36marm_1          |[0m [INFO] [1675269946.774292756] [Arm]: Doing a_pick_up_sample
[36marm_1          |[0m [INFO] [1675269946.809801988] [Arm]: not ready
[32menvironment_1  |[0m [INFO] [1675269946.790407201] [Environment]: Receiving message: monitor
[36;1mrobot_1        |[0m [INFO] [1675269946.786757852] [Robot]: not ready
[36marm_1          |[0m [INFO] [1675269946.812681657] [Arm]: Action result: False
[32menvironment_1  |[0m [INFO] [1675269946.792410911] [Environment]: Action: monitor
[32menvironment_1  |[0m [INFO] [1675269946.817983331] [Environment]: Receiving message: monitor
[32menvironment_1  |[0m [INFO] [1675269946.819231163] [Environment]: Action: monitor
[32menvironment_1  |[0m [INFO] [1675269946.915526862] [Environment]: Receiving message: monitor
[32menvironment_1  |[0m [INFO] [1675269946.920503357] [Environment]: Action: monitor
[32menvironment_1  |[0m [INFO] [1675269946.923421089] [Environment]: Receiving message: a_navto,robot1,Room3
[36marm_1          |[0m [INFO] [1675269946.825463497] [Arm]: Action: a_pick_up_sample
[36marm_1          |[0m [INFO] [1675269946.828372311] [Arm]: Doing a_pick_up_sample
[36marm_1          |[0m [INFO] [1675269946.900345877] [Arm]: not ready
[36marm_1          |[0m [INFO] [1675269946.909207838] [Arm]: Action result: False
[36marm_1          |[0m [INFO] [1675269946.923895280] [Arm]: Action: a_pick_up_sample
[36marm_1          |[0m [INFO] [1675269946.925846168] [Arm]: Doing a_pick_up_sample
[36;1mrobot_1        |[0m [INFO] [1675269946.813568485] [Robot]: Action: a_close_drawer
[36;1mrobot_1        |[0m [INFO] [1675269946.815819801] [Robot]: Doing a_close_drawer
[36;1mrobot_1        |[0m [INFO] [1675269946.817626535] [Robot]: success
[36;1mrobot_1        |[0m [INFO] [1675269946.850584650] [Robot]: Action result: True
[36marm_1          |[0m [INFO] [1675269946.942018765] [Arm]: not ready
[33mcoordinator_1  |[0m [INFO] [1675269946.880711780] [Coordinator]: Receiving sync message: action_complete,a_close_drawer
[36;1mrobot_1        |[0m [INFO] [1675269946.879256706] [Robot]: Receiving sync message. a_pick_up_sample,arm1,robot1
[36;1mrobot_1        |[0m [INFO] [1675269946.895404892] [Robot]: not ready
[36;1mrobot_1        |[0m [INFO] [1675269946.906662736] [Robot]: Action: a_navto
[36;1mrobot_1        |[0m [INFO] [1675269946.911495737] [Robot]: Doing a_navto
[36;1mrobot_1        |[0m [INFO] [1675269946.936281965] [Robot]: Receiving sync message. a_pick_up_sample,arm1,robot1
[36;1mrobot_1        |[0m [INFO] [1675269946.938381035] [Robot]: not ready
[33mcoordinator_1  |[0m [INFO] [1675269946.882692469] [Coordinator]: action_complete
[33mcoordinator_1  |[0m [INFO] [1675269946.883990186] [Coordinator]: plans_actions_current 6 of 11
[36;1mrobot_1        |[0m [INFO] [1675269946.954204681] [Robot]: Receiving sync message. a_pick_up_sample,arm1,robot1
[36;1mrobot_1        |[0m [INFO] [1675269946.956227467] [Robot]: not ready
[36;1mrobot_1        |[0m [INFO] [1675269946.987373819] [Robot]: success
[36;1mrobot_1        |[0m [INFO] [1675269946.989505131] [Robot]: Action result: True
[33mcoordinator_1  |[0m [INFO] [1675269946.995496724] [Coordinator]: Receiving sync message: action_complete,a_navto
[36;1mrobot_1        |[0m [INFO] [1675269947.005467311] [Robot]: Receiving sync message. a_pick_up_sample,arm1,robot1
[36;1mrobot_1        |[0m [INFO] [1675269947.006201917] [Robot]: not ready
[36;1mrobot_1        |[0m [INFO] [1675269947.017483412] [Robot]: Action: a_approach_arm
[36;1mrobot_1        |[0m [INFO] [1675269947.019266433] [Robot]: Doing a_approach_arm
[33mcoordinator_1  |[0m [INFO] [1675269946.997699905] [Coordinator]: action_complete
[33mcoordinator_1  |[0m [INFO] [1675269947.008727234] [Coordinator]: plans_actions_current 7 of 11
[32menvironment_1  |[0m [INFO] [1675269946.968508126] [Environment]: Action: a_navto
[32menvironment_1  |[0m [INFO] [1675269946.974991662] [Environment]: Responding
[36marm_1          |[0m [INFO] [1675269946.944874188] [Arm]: Action result: False
[36marm_1          |[0m [INFO] [1675269946.947253575] [Arm]: Action: a_pick_up_sample
[36marm_1          |[0m [INFO] [1675269946.949249493] [Arm]: Doing a_pick_up_sample
[36marm_1          |[0m [INFO] [1675269946.960793360] [Arm]: not ready
[36marm_1          |[0m [INFO] [1675269946.973789774] [Arm]: Action result: False
[36marm_1          |[0m [INFO] [1675269946.975190572] [Arm]: Action: a_pick_up_sample
[36marm_1          |[0m [INFO] [1675269946.988659914] [Arm]: Doing a_pick_up_sample
[36marm_1          |[0m [INFO] [1675269947.010509354] [Arm]: not ready
[36marm_1          |[0m [INFO] [1675269947.022059011] [Arm]: Action result: False
[32menvironment_1  |[0m [INFO] [1675269947.037313965] [Environment]: Receiving message: monitor
[32menvironment_1  |[0m [INFO] [1675269947.038558326] [Environment]: Action: monitor
[36;1mrobot_1        |[0m [INFO] [1675269947.056567254] [Robot]: Receiving sync message. a_pick_up_sample,arm1,robot1
[36;1mrobot_1        |[0m [INFO] [1675269947.059850684] [Robot]: not ready
[36marm_1          |[0m [INFO] [1675269947.031487438] [Arm]: Action: a_pick_up_sample
[36marm_1          |[0m [INFO] [1675269947.035058968] [Arm]: Doing a_pick_up_sample
[36marm_1          |[0m [INFO] [1675269947.064482697] [Arm]: not ready
[36marm_1          |[0m [INFO] [1675269947.069360995] [Arm]: Action result: False
[36marm_1          |[0m [INFO] [1675269947.071682504] [Arm]: Action: a_pick_up_sample
[36;1mrobot_1        |[0m [INFO] [1675269947.088938347] [Robot]: Receiving sync message. a_pick_up_sample,arm1,robot1
[36;1mrobot_1        |[0m [INFO] [1675269947.091276621] [Robot]: not ready
[32menvironment_1  |[0m [INFO] [1675269947.100831134] [Environment]: Receiving message: a_approach_arm,robot1,arm1
[32menvironment_1  |[0m [INFO] [1675269947.102801321] [Environment]: Action: a_approach_arm
[36marm_1          |[0m [INFO] [1675269947.085550612] [Arm]: Doing a_pick_up_sample
[36;1mrobot_1        |[0m [INFO] [1675269947.129224975] [Robot]: Receiving sync message. a_pick_up_sample,arm1,robot1
[36marm_1          |[0m [INFO] [1675269947.119700409] [Arm]: not ready
[36marm_1          |[0m [INFO] [1675269947.120849564] [Arm]: Action result: False
[36marm_1          |[0m [INFO] [1675269947.121954367] [Arm]: Action: a_pick_up_sample
[36marm_1          |[0m [INFO] [1675269947.123084261] [Arm]: Doing a_pick_up_sample
[36marm_1          |[0m [INFO] [1675269947.137749820] [Arm]: not ready
[36;1mrobot_1        |[0m [INFO] [1675269947.131784498] [Robot]: not ready
[36;1mrobot_1        |[0m [INFO] [1675269947.151518928] [Robot]: Receiving sync message. a_pick_up_sample,arm1,robot1
[36marm_1          |[0m [INFO] [1675269947.140763428] [Arm]: Action result: False
[36marm_1          |[0m [INFO] [1675269947.142828878] [Arm]: Action: a_pick_up_sample
[36marm_1          |[0m [INFO] [1675269947.145522826] [Arm]: Doing a_pick_up_sample
[36marm_1          |[0m [INFO] [1675269947.162845584] [Arm]: not ready
[36marm_1          |[0m [INFO] [1675269947.164929410] [Arm]: Action result: False
[36marm_1          |[0m [INFO] [1675269947.166835008] [Arm]: Action: a_pick_up_sample
[36marm_1          |[0m [INFO] [1675269947.168300679] [Arm]: Doing a_pick_up_sample
[36;1mrobot_1        |[0m [INFO] [1675269947.153590539] [Robot]: not ready
[36;1mrobot_1        |[0m [INFO] [1675269947.173579209] [Robot]: Receiving sync message. a_pick_up_sample,arm1,robot1
[36;1mrobot_1        |[0m [INFO] [1675269947.175252363] [Robot]: not ready
[36marm_1          |[0m [INFO] [1675269947.188158906] [Arm]: not ready
[36marm_1          |[0m [INFO] [1675269947.190740359] [Arm]: Action result: False
[32menvironment_1  |[0m [INFO] [1675269947.193971758] [Environment]: Responding
[36marm_1          |[0m [INFO] [1675269947.196689226] [Arm]: Action: a_pick_up_sample
[32menvironment_1  |[0m [INFO] [1675269947.224112983] [Environment]: Receiving message: monitor
[36marm_1          |[0m [INFO] [1675269947.198306002] [Arm]: Doing a_pick_up_sample
[36;1mrobot_1        |[0m [INFO] [1675269947.212380835] [Robot]: Receiving sync message. a_pick_up_sample,arm1,robot1
[36;1mrobot_1        |[0m [INFO] [1675269947.215564825] [Robot]: not ready
[36;1mrobot_1        |[0m [INFO] [1675269947.220141531] [Robot]: success
[36;1mrobot_1        |[0m [INFO] [1675269947.221742084] [Robot]: Action result: True
[32menvironment_1  |[0m [INFO] [1675269947.226314699] [Environment]: Action: monitor
[36marm_1          |[0m [INFO] [1675269947.223676699] [Arm]: not ready
[36marm_1          |[0m [INFO] [1675269947.225565874] [Arm]: Action result: False
[33mcoordinator_1  |[0m [INFO] [1675269947.250018885] [Coordinator]: Receiving sync message: action_complete,a_approach_arm
[33mcoordinator_1  |[0m [INFO] [1675269947.252459086] [Coordinator]: action_complete
[33mcoordinator_1  |[0m [INFO] [1675269947.254184361] [Coordinator]: plans_actions_current 8 of 11
[36marm_1          |[0m [INFO] [1675269947.237158034] [Arm]: Action: a_pick_up_sample
[36marm_1          |[0m [INFO] [1675269947.239147149] [Arm]: Doing a_pick_up_sample
[36marm_1          |[0m [INFO] [1675269947.274683229] [Arm]: not ready
[36marm_1          |[0m [INFO] [1675269947.275743509] [Arm]: Action result: False
[36marm_1          |[0m [INFO] [1675269947.278313982] [Arm]: Action: a_pick_up_sample
[36;1mrobot_1        |[0m [INFO] [1675269947.269734075] [Robot]: Receiving sync message. a_pick_up_sample,arm1,robot1
[36;1mrobot_1        |[0m [INFO] [1675269947.271138921] [Robot]: not ready
[36marm_1          |[0m [INFO] [1675269947.280613945] [Arm]: Doing a_pick_up_sample
[36;1mrobot_1        |[0m [INFO] [1675269947.283702517] [Robot]: Action: a_open_drawer
[36;1mrobot_1        |[0m [INFO] [1675269947.287026810] [Robot]: Doing a_open_drawer
[36;1mrobot_1        |[0m [INFO] [1675269947.289279692] [Robot]: Receiving sync message. a_pick_up_sample,arm1,robot1
[36;1mrobot_1        |[0m [INFO] [1675269947.291373768] [Robot]: not ready
[36marm_1          |[0m [INFO] [1675269947.296213464] [Arm]: not ready
[36;1mrobot_1        |[0m [INFO] [1675269947.304737349] [Robot]: success
[36;1mrobot_1        |[0m [INFO] [1675269947.306231381] [Robot]: Action result: True
[36;1mrobot_1        |[0m [INFO] [1675269947.334518727] [Robot]: Receiving sync message. a_pick_up_sample,arm1,robot1
[36marm_1          |[0m [INFO] [1675269947.309610899] [Arm]: Action result: False
[36;1mrobot_1        |[0m [INFO] [1675269947.336371093] [Robot]: not ready
[36marm_1          |[0m [INFO] [1675269947.312357375] [Arm]: Action: a_pick_up_sample
[36marm_1          |[0m [INFO] [1675269947.321170169] [Arm]: Doing a_pick_up_sample
[36marm_1          |[0m [INFO] [1675269947.339960655] [Arm]: not ready
[36marm_1          |[0m [INFO] [1675269947.342539399] [Arm]: Action result: False
[33mcoordinator_1  |[0m [INFO] [1675269947.317248429] [Coordinator]: Receiving sync message: action_complete,a_open_drawer
[32menvironment_1  |[0m [INFO] [1675269947.333873401] [Environment]: Receiving message: monitor
[32menvironment_1  |[0m [INFO] [1675269947.335326858] [Environment]: Action: monitor
[33mcoordinator_1  |[0m [INFO] [1675269947.318619770] [Coordinator]: action_complete
[33mcoordinator_1  |[0m [INFO] [1675269947.346557933] [Coordinator]: plans_actions_current 9 of 11
[36marm_1          |[0m [INFO] [1675269947.352178504] [Arm]: Action: a_pick_up_sample
[36;1mrobot_1        |[0m [INFO] [1675269947.351979788] [Robot]: Action: a_pick_up_sample
[36;1mrobot_1        |[0m [INFO] [1675269947.355102194] [Robot]: Doing a_pick_up_sample
[36marm_1          |[0m [INFO] [1675269947.353951915] [Arm]: Doing a_pick_up_sample
[32menvironment_1  |[0m [INFO] [1675269947.369332952] [Environment]: Receiving message: monitor
[36;1mrobot_1        |[0m [INFO] [1675269947.370124345] [Robot]: Receiving sync message. a_pick_up_sample,arm1,robot1
[32menvironment_1  |[0m [INFO] [1675269947.372186802] [Environment]: Action: monitor
[36;1mrobot_1        |[0m [INFO] [1675269947.372101279] [Robot]: Pick up
[36;1mrobot_1        |[0m [INFO] [1675269947.375529735] [Robot]: wating for arm1 to pick up from robot1
[36marm_1          |[0m [INFO] [1675269947.381672971] [Arm]: success
[36;1mrobot_1        |[0m [INFO] [1675269947.389860916] [Robot]: Action result: False
[36marm_1          |[0m [INFO] [1675269947.395002311] [Arm]: Action result: True
[36;1mrobot_1        |[0m [INFO] [1675269947.404121567] [Robot]: Action: a_pick_up_sample
[32menvironment_1  |[0m [INFO] [1675269947.420741321] [Environment]: Receiving message: monitor
[32menvironment_1  |[0m [INFO] [1675269947.425204706] [Environment]: Action: monitor
[36;1mrobot_1        |[0m [INFO] [1675269947.406827248] [Robot]: Doing a_pick_up_sample
[36;1mrobot_1        |[0m [INFO] [1675269947.419746845] [Robot]: Action result: True
[36;1mrobot_1        |[0m [INFO] [1675269947.438065014] [Robot]: Action: a_close_drawer
[36;1mrobot_1        |[0m [INFO] [1675269947.439805196] [Robot]: Doing a_close_drawer
[36;1mrobot_1        |[0m [INFO] [1675269947.442675929] [Robot]: success
[33mcoordinator_1  |[0m [INFO] [1675269947.427263809] [Coordinator]: Receiving sync message: action_complete,a_pick_up_sample
[33mcoordinator_1  |[0m [INFO] [1675269947.430803613] [Coordinator]: action_complete
[33mcoordinator_1  |[0m [INFO] [1675269947.432382988] [Coordinator]: plans_actions_current 10 of 11
[36;1mrobot_1        |[0m [INFO] [1675269947.454607496] [Robot]: Action result: True
[33mcoordinator_1  |[0m [INFO] [1675269947.457166122] [Coordinator]: Receiving sync message: action_complete,a_close_drawer
[33mcoordinator_1  |[0m [INFO] [1675269947.458815715] [Coordinator]: action_complete
[33mcoordinator_1  |[0m [INFO] [1675269947.473913255] [Coordinator]: plans_actions_current 11 of 11
[32menvironment_1  |[0m [INFO] [1675269947.473863717] [Environment]: Receiving message: monitor
[32menvironment_1  |[0m [INFO] [1675269947.475236409] [Environment]: Action: monitor
[33mcoordinator_1  |[0m [INFO] [1675269947.476328094] [Coordinator]: The time of execution of above program is:1.9088647365570068
[33mcoordinator_1  |[0m [INFO] [1675269947.489516462] [Coordinator]: Achieved
[33mcoordinator_1  |[0m [INFO] [1675269947.492928630] [Coordinator]: ENDSIM
Stopping planning_arm_1         ... 
Stopping planning_robot_1       ... 
Stopping planning_environment_1 ... 
Stopping planning_planner_1     ... 
Stopping planning_nurse_1       ... 
Stopping planning_coordinator_1 ... 
Stopping planning_planner_1     ... done
[34mplanning_planner_1 exited with code 137
[0mStopping planning_nurse_1       ... done
[35mplanning_nurse_1 exited with code 137
[0m[36;1mplanning_robot_1 exited with code 137
[0mStopping planning_robot_1       ... done
[33mplanning_coordinator_1 exited with code 137
[0mStopping planning_coordinator_1 ... done
[36mplanning_arm_1 exited with code 137
[0mStopping planning_arm_1         ... done
Stopping planning_environment_1 ... done
[32mplanning_environment_1 exited with code 137
[0mRemoving planning_arm_1         ... 
Removing planning_robot_1       ... 
Removing planning_environment_1 ... 
Removing planning_planner_1     ... 
Removing planning_nurse_1       ... 
Removing planning_coordinator_1 ... 
Removing planning_nurse_1       ... done
Removing planning_robot_1       ... done
Removing planning_planner_1     ... done
Removing planning_coordinator_1 ... done
Removing planning_arm_1         ... done
Removing planning_environment_1 ... done
Removing network planning_ros
