Creating network "planning_ros" with the default driver
Creating planning_environment_1 ... 
Creating planning_arm_1         ... 
Creating planning_coordinator_1 ... 
Creating planning_nurse_1       ... 
Creating planning_planner_1     ... 
Creating planning_robot_1       ... 
Creating planning_environment_1 ... done
Creating planning_robot_1       ... done
Creating planning_arm_1         ... done
Creating planning_planner_1     ... done
Creating planning_nurse_1       ... done
Creating planning_coordinator_1 ... done
Attaching to planning_environment_1, planning_robot_1, planning_arm_1, planning_planner_1, planning_nurse_1, planning_coordinator_1
[36;1mrobot_1        |[0m [INFO] [1675266371.526636332] [Robot]: Starting Robot server
[36;1mrobot_1        |[0m [INFO] [1675266371.569249941] [Robot]: Robot server started
[36;1mrobot_1        |[0m [INFO] [1675266371.572806636] [Robot]: Starting Robots clients
[32menvironment_1  |[0m [INFO] [1675266371.666750323] [Environment]: Starting Environment server
[32menvironment_1  |[0m [INFO] [1675266371.697131058] [Environment]: Environment server started
[36;1mrobot_1        |[0m [INFO] [1675266372.605420900] [Robot]: coordinator service not available, waiting again...
[36;1mrobot_1        |[0m [INFO] [1675266373.647379574] [Robot]: coordinator service not available, waiting again...
[36marm_1          |[0m [INFO] [1675266373.667398712] [Arm]: Starting Arm server
[36marm_1          |[0m [INFO] [1675266373.702086955] [Arm]: Arm server started
[36marm_1          |[0m [INFO] [1675266373.703728811] [Arm]: Starting Nurse clients
[36marm_1          |[0m [INFO] [1675266373.722192764] [Arm]: Nurse clients started
[33mcoordinator_1  |[0m [INFO] [1675266374.196712070] [Coordinator]: Starting Coordinator server
[33mcoordinator_1  |[0m [INFO] [1675266374.249167977] [Coordinator]: Coordinator server started
[33mcoordinator_1  |[0m [INFO] [1675266374.252550132] [Coordinator]: Starting Coordinator clients
[35mnurse_1        |[0m [INFO] [1675266374.351370865] [Nurse]: Starting Nurse server
[35mnurse_1        |[0m [INFO] [1675266374.378940931] [Nurse]: Nurse server started
[35mnurse_1        |[0m [INFO] [1675266374.393330258] [Nurse]: Starting Nurse clients
[35mnurse_1        |[0m [INFO] [1675266374.423320286] [Nurse]: Nurse clients started
[35mnurse_1        |[0m [INFO] [1675266374.433510213] [Nurse]: Sent request
[36;1mrobot_1        |[0m [INFO] [1675266374.433223534] [Robot]: Robots clients started
[33mcoordinator_1  |[0m [INFO] [1675266375.287050742] [Coordinator]: planner sync service not available, waiting again...
[33mcoordinator_1  |[0m [INFO] [1675266376.290617441] [Coordinator]: planner sync service not available, waiting again...
[33mcoordinator_1  |[0m [INFO] [1675266377.297701534] [Coordinator]: planner sync service not available, waiting again...
[33mcoordinator_1  |[0m [INFO] [1675266378.304419574] [Coordinator]: planner sync service not available, waiting again...
[34mplanner_1      |[0m [INFO] [1675266378.800096700] [Planner]: Starting Planner server
[34mplanner_1      |[0m [INFO] [1675266378.820139680] [Planner]: Planner server started
[33mcoordinator_1  |[0m [INFO] [1675266379.091635203] [Coordinator]: Coordinator clients started
[33mcoordinator_1  |[0m [INFO] [1675266379.099860095] [Coordinator]: Receiving message of nurse1 in room3.
[33mcoordinator_1  |[0m [INFO] [1675266379.100626476] [Coordinator]: Sending response
[35mnurse_1        |[0m [INFO] [1675266379.106663031] [Nurse]: Request response:Okay!
[33mcoordinator_1  |[0m [INFO] [1675266379.107339625] [Coordinator]: Planing
[33mcoordinator_1  |[0m [INFO] [1675266379.109740191] [Coordinator]: Creating plan for: robot1, nurse1, arm1 
[34mplanner_1      |[0m [INFO] [1675266379.120529095] [Planner]: Receiving sync message. need_plan,robot1,nurse1,arm1
[34mplanner_1      |[0m [INFO] [1675266379.121423749] [Planner]: Creating plan for: robot1 robot1 nurse1
[34mplanner_1      |[0m [INFO] [1675266379.126044801] [Planner]: a_navto,robot1,Room1
[34mplanner_1      |[0m [INFO] [1675266379.127223286] [Planner]: a_approach_nurse,robot1
[34mplanner_1      |[0m [INFO] [1675266379.128194272] [Planner]: a_authenticate_nurse,robot1,nurse1
[34mplanner_1      |[0m [INFO] [1675266379.129103440] [Planner]: a_open_drawer,robot1
[34mplanner_1      |[0m [INFO] [1675266379.130066836] [Planner]: a_deposit,nurse1,robot1
[34mplanner_1      |[0m [INFO] [1675266379.132403374] [Planner]: a_close_drawer,robot1
[34mplanner_1      |[0m [INFO] [1675266379.134017696] [Planner]: a_navto,robot1,Room3
[34mplanner_1      |[0m [INFO] [1675266379.136287602] [Planner]: a_approach_arm,robot1,arm1
[34mplanner_1      |[0m [INFO] [1675266379.147435619] [Planner]: a_open_drawer,robot1
[34mplanner_1      |[0m [INFO] [1675266379.148353094] [Planner]: a_pick_up_sample,arm1,robot1
[34mplanner_1      |[0m [INFO] [1675266379.149218382] [Planner]: a_close_drawer,robot1
[34mplanner_1      |[0m [INFO] [1675266379.162647014] [Planner]: Sending response
[33mcoordinator_1  |[0m [INFO] [1675266379.171794760] [Coordinator]: Plan received for: robot1, nurse1, arm1 
[33mcoordinator_1  |[0m [INFO] [1675266379.179155669] [Coordinator]: a_navto,robot1,Room1/a_approach_nurse,robot1/a_authenticate_nurse,robot1,nurse1/a_open_drawer,robot1/a_deposit,nurse1,robot1/a_close_drawer,robot1/a_navto,robot1,Room3/a_approach_arm,robot1,arm1/a_open_drawer,robot1/a_pick_up_sample,arm1,robot1/a_close_drawer,robot1
[33mcoordinator_1  |[0m [INFO] [1675266379.185052139] [Coordinator]: a_navto,robot1,Room1
[33mcoordinator_1  |[0m [INFO] [1675266379.187611502] [Coordinator]: a_approach_nurse,robot1
[33mcoordinator_1  |[0m [INFO] [1675266379.196425455] [Coordinator]: a_authenticate_nurse,robot1,nurse1
[33mcoordinator_1  |[0m [INFO] [1675266379.202015213] [Coordinator]: a_open_drawer,robot1
[33mcoordinator_1  |[0m [INFO] [1675266379.204907139] [Coordinator]: a_deposit,nurse1,robot1
[33mcoordinator_1  |[0m [INFO] [1675266379.218729898] [Coordinator]: a_close_drawer,robot1
[33mcoordinator_1  |[0m [INFO] [1675266379.221241324] [Coordinator]: a_navto,robot1,Room3
[33mcoordinator_1  |[0m [INFO] [1675266379.231377557] [Coordinator]: a_approach_arm,robot1,arm1
[33mcoordinator_1  |[0m [INFO] [1675266379.234909472] [Coordinator]: a_open_drawer,robot1
[33mcoordinator_1  |[0m [INFO] [1675266379.237192873] [Coordinator]: a_pick_up_sample,arm1,robot1
[33mcoordinator_1  |[0m [INFO] [1675266379.240087235] [Coordinator]: a_close_drawer,robot1
[33mcoordinator_1  |[0m [INFO] [1675266379.247490967] [Coordinator]: Sending plans
[33mcoordinator_1  |[0m [INFO] [1675266379.253211650] [Coordinator]: Plans sent
[36marm_1          |[0m [INFO] [1675266379.264021124] [Arm]: Receiving message.
[36marm_1          |[0m [INFO] [1675266379.266275879] [Arm]: Arm's actions:
[36marm_1          |[0m [INFO] [1675266379.267444448] [Arm]: a_approach_arm
[36marm_1          |[0m [INFO] [1675266379.268479341] [Arm]: a_pick_up_sample
[36marm_1          |[0m [INFO] [1675266379.270402689] [Arm]: Action: a_approach_arm
[36marm_1          |[0m [INFO] [1675266379.278179199] [Arm]: Doing a_approach_arm
[36;1mrobot_1        |[0m [INFO] [1675266379.285563221] [Robot]: Receiving message.
[36;1mrobot_1        |[0m [INFO] [1675266379.288506930] [Robot]: Robot's actions:
[35mnurse_1        |[0m [INFO] [1675266379.292905485] [Nurse]: Receiving message.
[35mnurse_1        |[0m [INFO] [1675266379.294405977] [Nurse]: Nurse's actions:
[36;1mrobot_1        |[0m [INFO] [1675266379.292585224] [Robot]: a_navto
[36;1mrobot_1        |[0m [INFO] [1675266379.297150115] [Robot]: Action: a_navto
[32menvironment_1  |[0m [INFO] [1675266379.289107071] [Environment]: Receiving message: a_approach_arm,robot1,arm1
[32menvironment_1  |[0m [INFO] [1675266379.291569046] [Environment]: Action: a_approach_arm
[32menvironment_1  |[0m [INFO] [1675266379.292482127] [Environment]: Responding
[36marm_1          |[0m [INFO] [1675266379.303526699] [Arm]: success
[36marm_1          |[0m [INFO] [1675266379.304460359] [Arm]: Action result: True
[36marm_1          |[0m [INFO] [1675266379.306382505] [Arm]: Action: a_pick_up_sample
[36marm_1          |[0m [INFO] [1675266379.307465713] [Arm]: Doing a_pick_up_sample
[35mnurse_1        |[0m [INFO] [1675266379.300288706] [Nurse]: a_authenticate_nurse
[35mnurse_1        |[0m [INFO] [1675266379.302407760] [Nurse]: a_deposit
[36;1mrobot_1        |[0m [INFO] [1675266379.307127698] [Robot]: a_approach_nurse
[36;1mrobot_1        |[0m [INFO] [1675266379.309212402] [Robot]: a_open_drawer
[36;1mrobot_1        |[0m [INFO] [1675266379.314161006] [Robot]: a_deposit
[35mnurse_1        |[0m [INFO] [1675266379.313303755] [Nurse]: Action: a_authenticate_nurse
[35mnurse_1        |[0m [INFO] [1675266379.315389193] [Nurse]: Doing a_authenticate_nurse
[36;1mrobot_1        |[0m [INFO] [1675266379.317520264] [Robot]: a_close_drawer
[36;1mrobot_1        |[0m [INFO] [1675266379.318493970] [Robot]: a_navto
[36;1mrobot_1        |[0m [INFO] [1675266379.319333404] [Robot]: a_approach_arm
[36;1mrobot_1        |[0m [INFO] [1675266379.320096409] [Robot]: a_open_drawer
[36;1mrobot_1        |[0m [INFO] [1675266379.323214734] [Robot]: Doing a_navto
[36;1mrobot_1        |[0m [INFO] [1675266379.327070715] [Robot]: a_pick_up_sample
[36;1mrobot_1        |[0m [INFO] [1675266379.328433397] [Robot]: a_close_drawer
[36;1mrobot_1        |[0m [INFO] [1675266379.330688507] [Robot]: Receiving sync message. a_pick_up_sample,arm1,robot1
[32menvironment_1  |[0m [INFO] [1675266379.331815927] [Environment]: Receiving message: a_navto,robot1,Room1
[36;1mrobot_1        |[0m [INFO] [1675266379.332911856] [Robot]: not ready
[36marm_1          |[0m [INFO] [1675266379.338486434] [Arm]: not ready
[36marm_1          |[0m [INFO] [1675266379.339999361] [Arm]: Action result: False
[36;1mrobot_1        |[0m [INFO] [1675266379.334780755] [Robot]: Receiving sync message. a_authenticate_nurse,robot1,nurse1
[36;1mrobot_1        |[0m [INFO] [1675266379.335666826] [Robot]: not ready
[32menvironment_1  |[0m [INFO] [1675266379.341104900] [Environment]: Action: a_navto
[36;1mrobot_1        |[0m [INFO] [1675266379.354131663] [Robot]: Receiving sync message. a_authenticate_nurse,robot1,nurse1
[35mnurse_1        |[0m [INFO] [1675266379.340996602] [Nurse]: not ready
[35mnurse_1        |[0m [INFO] [1675266379.346274360] [Nurse]: Action result: False
[35mnurse_1        |[0m [INFO] [1675266379.349449194] [Nurse]: Action: a_authenticate_nurse
[35mnurse_1        |[0m [INFO] [1675266379.350214077] [Nurse]: Doing a_authenticate_nurse
[36marm_1          |[0m [INFO] [1675266379.351723445] [Arm]: Action: a_pick_up_sample
[36marm_1          |[0m [INFO] [1675266379.352622694] [Arm]: Doing a_pick_up_sample
[36;1mrobot_1        |[0m [INFO] [1675266379.356258227] [Robot]: not ready
[32menvironment_1  |[0m [INFO] [1675266379.362443089] [Environment]: Responding
[36;1mrobot_1        |[0m [INFO] [1675266379.360555488] [Robot]: Receiving sync message. a_pick_up_sample,arm1,robot1
[36;1mrobot_1        |[0m [INFO] [1675266379.362372439] [Robot]: not ready
[35mnurse_1        |[0m [INFO] [1675266379.363527863] [Nurse]: not ready
[36marm_1          |[0m [INFO] [1675266379.368423344] [Arm]: not ready
[36marm_1          |[0m [INFO] [1675266379.369505129] [Arm]: Action result: False
[35mnurse_1        |[0m [INFO] [1675266379.365104546] [Nurse]: Action result: False
[36marm_1          |[0m [INFO] [1675266379.374314599] [Arm]: Action: a_pick_up_sample
[36marm_1          |[0m [INFO] [1675266379.380971097] [Arm]: Doing a_pick_up_sample
[35mnurse_1        |[0m [INFO] [1675266379.383017131] [Nurse]: Action: a_authenticate_nurse
[36;1mrobot_1        |[0m [INFO] [1675266379.377610559] [Robot]: success
[36;1mrobot_1        |[0m [INFO] [1675266379.379860862] [Robot]: Action result: True
[36;1mrobot_1        |[0m [INFO] [1675266379.383910683] [Robot]: Receiving sync message. a_pick_up_sample,arm1,robot1
[36;1mrobot_1        |[0m [INFO] [1675266379.384666545] [Robot]: not ready
[35mnurse_1        |[0m [INFO] [1675266379.391882454] [Nurse]: Doing a_authenticate_nurse
[36;1mrobot_1        |[0m [INFO] [1675266379.397556890] [Robot]: Receiving sync message. a_authenticate_nurse,robot1,nurse1
[36marm_1          |[0m [INFO] [1675266379.398622438] [Arm]: not ready
[36marm_1          |[0m [INFO] [1675266379.399504191] [Arm]: Action result: False
[36;1mrobot_1        |[0m [INFO] [1675266379.400773219] [Robot]: not ready
[33mcoordinator_1  |[0m [INFO] [1675266379.401329047] [Coordinator]: Receiving sync message: action_complete,a_navto
[33mcoordinator_1  |[0m [INFO] [1675266379.403960560] [Coordinator]: action_complete
[33mcoordinator_1  |[0m [INFO] [1675266379.406600902] [Coordinator]: plans_actions_current 1 of 11
[36marm_1          |[0m [INFO] [1675266379.400351827] [Arm]: Action: a_pick_up_sample
[36marm_1          |[0m [INFO] [1675266379.402401773] [Arm]: Doing a_pick_up_sample
[35mnurse_1        |[0m [INFO] [1675266379.415403011] [Nurse]: not ready
[36;1mrobot_1        |[0m [INFO] [1675266379.414606646] [Robot]: Receiving sync message. a_pick_up_sample,arm1,robot1
[36;1mrobot_1        |[0m [INFO] [1675266379.416011991] [Robot]: not ready
[35mnurse_1        |[0m [INFO] [1675266379.418187623] [Nurse]: Action result: False
[36marm_1          |[0m [INFO] [1675266379.425007778] [Arm]: not ready
[35mnurse_1        |[0m [INFO] [1675266379.420031443] [Nurse]: Action: a_authenticate_nurse
[35mnurse_1        |[0m [INFO] [1675266379.421620382] [Nurse]: Doing a_authenticate_nurse
[36;1mrobot_1        |[0m [INFO] [1675266379.430351401] [Robot]: Action: a_approach_nurse
[36;1mrobot_1        |[0m [INFO] [1675266379.431476876] [Robot]: Doing a_approach_nurse
[36marm_1          |[0m [INFO] [1675266379.430618582] [Arm]: Action result: False
[36marm_1          |[0m [INFO] [1675266379.432483060] [Arm]: Action: a_pick_up_sample
[36marm_1          |[0m [INFO] [1675266379.434050829] [Arm]: Doing a_pick_up_sample
[36;1mrobot_1        |[0m [INFO] [1675266379.437041581] [Robot]: Receiving sync message. a_authenticate_nurse,robot1,nurse1
[36;1mrobot_1        |[0m [INFO] [1675266379.438858370] [Robot]: not ready
[36;1mrobot_1        |[0m [INFO] [1675266379.441376996] [Robot]: Receiving sync message. a_pick_up_sample,arm1,robot1
[36;1mrobot_1        |[0m [INFO] [1675266379.443702739] [Robot]: not ready
[32menvironment_1  |[0m [INFO] [1675266379.447899106] [Environment]: Receiving message: a_approach_nurse,robot1
[32menvironment_1  |[0m [INFO] [1675266379.449235758] [Environment]: Action: a_approach_nurse
[32menvironment_1  |[0m [INFO] [1675266379.450473802] [Environment]: Responding
[35mnurse_1        |[0m [INFO] [1675266379.454475463] [Nurse]: not ready
[36marm_1          |[0m [INFO] [1675266379.453221705] [Arm]: not ready
[35mnurse_1        |[0m [INFO] [1675266379.456731916] [Nurse]: Action result: False
[35mnurse_1        |[0m [INFO] [1675266379.458643706] [Nurse]: Action: a_authenticate_nurse
[36marm_1          |[0m [INFO] [1675266379.455839932] [Arm]: Action result: False
[36marm_1          |[0m [INFO] [1675266379.465343314] [Arm]: Action: a_pick_up_sample
[36marm_1          |[0m [INFO] [1675266379.468849762] [Arm]: Doing a_pick_up_sample
[36;1mrobot_1        |[0m [INFO] [1675266379.466686760] [Robot]: success
[35mnurse_1        |[0m [INFO] [1675266379.467873841] [Nurse]: Doing a_authenticate_nurse
[36;1mrobot_1        |[0m [INFO] [1675266379.473450125] [Robot]: Action result: True
[36;1mrobot_1        |[0m [INFO] [1675266379.475821755] [Robot]: Receiving sync message. a_pick_up_sample,arm1,robot1
[36;1mrobot_1        |[0m [INFO] [1675266379.477303990] [Robot]: not ready
[36;1mrobot_1        |[0m [INFO] [1675266379.483706378] [Robot]: Receiving sync message. a_authenticate_nurse,robot1,nurse1
[36marm_1          |[0m [INFO] [1675266379.481447521] [Arm]: not ready
[36marm_1          |[0m [INFO] [1675266379.483255346] [Arm]: Action result: False
[36marm_1          |[0m [INFO] [1675266379.485313073] [Arm]: Action: a_pick_up_sample
[36marm_1          |[0m [INFO] [1675266379.489495311] [Arm]: Doing a_pick_up_sample
[36;1mrobot_1        |[0m [INFO] [1675266379.489495322] [Robot]: not ready
[36;1mrobot_1        |[0m [INFO] [1675266379.493681941] [Robot]: Receiving sync message. a_pick_up_sample,arm1,robot1
[35mnurse_1        |[0m [INFO] [1675266379.496689024] [Nurse]: not ready
[35mnurse_1        |[0m [INFO] [1675266379.498246498] [Nurse]: Action result: False
[35mnurse_1        |[0m [INFO] [1675266379.499184040] [Nurse]: Action: a_authenticate_nurse
[36;1mrobot_1        |[0m [INFO] [1675266379.501506675] [Robot]: not ready
[36marm_1          |[0m [INFO] [1675266379.508261585] [Arm]: not ready
[33mcoordinator_1  |[0m [INFO] [1675266379.508799790] [Coordinator]: Receiving sync message: action_complete,a_approach_nurse
[35mnurse_1        |[0m [INFO] [1675266379.508003251] [Nurse]: Doing a_authenticate_nurse
[36;1mrobot_1        |[0m [INFO] [1675266379.513484282] [Robot]: Receiving sync message. a_authenticate_nurse,robot1,nurse1
[36;1mrobot_1        |[0m [INFO] [1675266379.518196584] [Robot]: not ready
[36marm_1          |[0m [INFO] [1675266379.516560980] [Arm]: Action result: False
[36marm_1          |[0m [INFO] [1675266379.522457386] [Arm]: Action: a_pick_up_sample
[33mcoordinator_1  |[0m [INFO] [1675266379.521199138] [Coordinator]: action_complete
[33mcoordinator_1  |[0m [INFO] [1675266379.522160150] [Coordinator]: plans_actions_current 2 of 11
[36marm_1          |[0m [INFO] [1675266379.529250106] [Arm]: Doing a_pick_up_sample
[35mnurse_1        |[0m [INFO] [1675266379.533544928] [Nurse]: not ready
[35mnurse_1        |[0m [INFO] [1675266379.535710539] [Nurse]: Action result: False
[36;1mrobot_1        |[0m [INFO] [1675266379.540854011] [Robot]: Receiving sync message. a_pick_up_sample,arm1,robot1
[35mnurse_1        |[0m [INFO] [1675266379.538216053] [Nurse]: Action: a_authenticate_nurse
[35mnurse_1        |[0m [INFO] [1675266379.541343527] [Nurse]: Doing a_authenticate_nurse
[36;1mrobot_1        |[0m [INFO] [1675266379.543866804] [Robot]: not ready
[36;1mrobot_1        |[0m [INFO] [1675266379.551449556] [Robot]: Action: a_authenticate_nurse
[36marm_1          |[0m [INFO] [1675266379.559363083] [Arm]: not ready
[36marm_1          |[0m [INFO] [1675266379.561722790] [Arm]: Action result: False
[36marm_1          |[0m [INFO] [1675266379.563691140] [Arm]: Action: a_pick_up_sample
[35mnurse_1        |[0m [INFO] [1675266379.559013313] [Nurse]: success
[35mnurse_1        |[0m [INFO] [1675266379.560134916] [Nurse]: Action result: True
[36;1mrobot_1        |[0m [INFO] [1675266379.554710280] [Robot]: Receiving sync message. a_authenticate_nurse,robot1,nurse1
[36;1mrobot_1        |[0m [INFO] [1675266379.556534803] [Robot]: Authenticate nurse
[35mnurse_1        |[0m [INFO] [1675266379.573512230] [Nurse]: Action: a_deposit
[35mnurse_1        |[0m [INFO] [1675266379.574356614] [Nurse]: Doing a_deposit
[36marm_1          |[0m [INFO] [1675266379.574643116] [Arm]: Doing a_pick_up_sample
[36;1mrobot_1        |[0m [INFO] [1675266379.577856759] [Robot]: Doing a_authenticate_nurse
[36;1mrobot_1        |[0m [INFO] [1675266379.583908367] [Robot]: Receiving sync message. a_deposit,nurse1,robot1
[36;1mrobot_1        |[0m [INFO] [1675266379.587749195] [Robot]: not ready
[35mnurse_1        |[0m [INFO] [1675266379.591003826] [Nurse]: not ready
[35mnurse_1        |[0m [INFO] [1675266379.592415658] [Nurse]: Action result: False
[36;1mrobot_1        |[0m [INFO] [1675266379.593557242] [Robot]: Action result: True
[36;1mrobot_1        |[0m [INFO] [1675266379.596094594] [Robot]: Receiving sync message. a_pick_up_sample,arm1,robot1
[35mnurse_1        |[0m [INFO] [1675266379.602485131] [Nurse]: Action: a_deposit
[36;1mrobot_1        |[0m [INFO] [1675266379.599614453] [Robot]: not ready
[33mcoordinator_1  |[0m [INFO] [1675266379.601910965] [Coordinator]: Receiving sync message: action_complete,a_authenticate_nurse
[35mnurse_1        |[0m [INFO] [1675266379.608519223] [Nurse]: Doing a_deposit
[33mcoordinator_1  |[0m [INFO] [1675266379.610745313] [Coordinator]: action_complete
[33mcoordinator_1  |[0m [INFO] [1675266379.615247545] [Coordinator]: plans_actions_current 3 of 11
[36marm_1          |[0m [INFO] [1675266379.613727601] [Arm]: not ready
[36marm_1          |[0m [INFO] [1675266379.616276694] [Arm]: Action result: False
[36marm_1          |[0m [INFO] [1675266379.618017887] [Arm]: Action: a_pick_up_sample
[36marm_1          |[0m [INFO] [1675266379.619988784] [Arm]: Doing a_pick_up_sample
[36;1mrobot_1        |[0m [INFO] [1675266379.629680672] [Robot]: Receiving sync message. a_deposit,nurse1,robot1
[36;1mrobot_1        |[0m [INFO] [1675266379.632421915] [Robot]: not ready
[36;1mrobot_1        |[0m [INFO] [1675266379.635206437] [Robot]: Receiving sync message. a_pick_up_sample,arm1,robot1
[36;1mrobot_1        |[0m [INFO] [1675266379.637129748] [Robot]: not ready
[35mnurse_1        |[0m [INFO] [1675266379.636575349] [Nurse]: not ready
[35mnurse_1        |[0m [INFO] [1675266379.638664441] [Nurse]: Action result: False
[36marm_1          |[0m [INFO] [1675266379.643044981] [Arm]: not ready
[35mnurse_1        |[0m [INFO] [1675266379.642698859] [Nurse]: Action: a_deposit
[36marm_1          |[0m [INFO] [1675266379.646366171] [Arm]: Action result: False
[35mnurse_1        |[0m [INFO] [1675266379.646093601] [Nurse]: Doing a_deposit
[36marm_1          |[0m [INFO] [1675266379.650178285] [Arm]: Action: a_pick_up_sample
[36;1mrobot_1        |[0m [INFO] [1675266379.652725605] [Robot]: Action: a_open_drawer
[36marm_1          |[0m [INFO] [1675266379.659334083] [Arm]: Doing a_pick_up_sample
[36;1mrobot_1        |[0m [INFO] [1675266379.664217784] [Robot]: Receiving sync message. a_deposit,nurse1,robot1
[36;1mrobot_1        |[0m [INFO] [1675266379.665792006] [Robot]: Doing a_open_drawer
[36;1mrobot_1        |[0m [INFO] [1675266379.669860113] [Robot]: not ready
[36;1mrobot_1        |[0m [INFO] [1675266379.671383760] [Robot]: Receiving sync message. a_pick_up_sample,arm1,robot1
[36;1mrobot_1        |[0m [INFO] [1675266379.672306703] [Robot]: not ready
[36;1mrobot_1        |[0m [INFO] [1675266379.673723305] [Robot]: success
[36;1mrobot_1        |[0m [INFO] [1675266379.674434782] [Robot]: Action result: True
[35mnurse_1        |[0m [INFO] [1675266379.680210674] [Nurse]: not ready
[35mnurse_1        |[0m [INFO] [1675266379.681251842] [Nurse]: Action result: False
[36marm_1          |[0m [INFO] [1675266379.683942632] [Arm]: not ready
[36marm_1          |[0m [INFO] [1675266379.687044641] [Arm]: Action result: False
[35mnurse_1        |[0m [INFO] [1675266379.683216147] [Nurse]: Action: a_deposit
[36marm_1          |[0m [INFO] [1675266379.692153035] [Arm]: Action: a_pick_up_sample
[36marm_1          |[0m [INFO] [1675266379.700042291] [Arm]: Doing a_pick_up_sample
[35mnurse_1        |[0m [INFO] [1675266379.684677834] [Nurse]: Doing a_deposit
[33mcoordinator_1  |[0m [INFO] [1675266379.704011611] [Coordinator]: Receiving sync message: action_complete,a_open_drawer
[33mcoordinator_1  |[0m [INFO] [1675266379.706374665] [Coordinator]: action_complete
[33mcoordinator_1  |[0m [INFO] [1675266379.708387964] [Coordinator]: plans_actions_current 4 of 11
[36;1mrobot_1        |[0m [INFO] [1675266379.714101216] [Robot]: Receiving sync message. a_pick_up_sample,arm1,robot1
[36;1mrobot_1        |[0m [INFO] [1675266379.714973956] [Robot]: not ready
[36marm_1          |[0m [INFO] [1675266379.740593246] [Arm]: not ready
[36marm_1          |[0m [INFO] [1675266379.741803038] [Arm]: Action result: False
[36marm_1          |[0m [INFO] [1675266379.743062995] [Arm]: Action: a_pick_up_sample
[36;1mrobot_1        |[0m [INFO] [1675266379.729551687] [Robot]: Receiving sync message. a_deposit,nurse1,robot1
[36;1mrobot_1        |[0m [INFO] [1675266379.731621350] [Robot]: not ready
[36;1mrobot_1        |[0m [INFO] [1675266379.734409281] [Robot]: Action: a_deposit
[35mnurse_1        |[0m [INFO] [1675266379.746481151] [Nurse]: not ready
[35mnurse_1        |[0m [INFO] [1675266379.764734277] [Nurse]: Action result: False
[36marm_1          |[0m [INFO] [1675266379.768827190] [Arm]: Doing a_pick_up_sample
[36;1mrobot_1        |[0m [INFO] [1675266379.736119417] [Robot]: Doing a_deposit
[36;1mrobot_1        |[0m [INFO] [1675266379.761149161] [Robot]: wating for nurse1 to deposit in robot1
[36;1mrobot_1        |[0m [INFO] [1675266379.762419198] [Robot]: Action result: False
[36;1mrobot_1        |[0m [INFO] [1675266379.763884014] [Robot]: Action: a_deposit
[35mnurse_1        |[0m [INFO] [1675266379.780376560] [Nurse]: Action: a_deposit
[36;1mrobot_1        |[0m [INFO] [1675266379.793207647] [Robot]: Doing a_deposit
[36;1mrobot_1        |[0m [INFO] [1675266379.797652296] [Robot]: Receiving sync message. a_pick_up_sample,arm1,robot1
[36;1mrobot_1        |[0m [INFO] [1675266379.798581996] [Robot]: not ready
[35mnurse_1        |[0m [INFO] [1675266379.798654396] [Nurse]: Doing a_deposit
[36;1mrobot_1        |[0m [INFO] [1675266379.801077206] [Robot]: Receiving sync message. a_deposit,nurse1,robot1
[36;1mrobot_1        |[0m [INFO] [1675266379.802154789] [Robot]: Deposit
[36marm_1          |[0m [INFO] [1675266379.812612658] [Arm]: not ready
[36marm_1          |[0m [INFO] [1675266379.818029760] [Arm]: Action result: False
[35mnurse_1        |[0m [INFO] [1675266379.809925066] [Nurse]: success
[36;1mrobot_1        |[0m [INFO] [1675266379.820057093] [Robot]: wating for nurse1 to deposit in robot1
[35mnurse_1        |[0m [INFO] [1675266379.821470262] [Nurse]: Action result: True
[36marm_1          |[0m [INFO] [1675266379.834298564] [Arm]: Action: a_pick_up_sample
[36;1mrobot_1        |[0m [INFO] [1675266379.827524396] [Robot]: Action result: False
[36;1mrobot_1        |[0m [INFO] [1675266379.828377402] [Robot]: Action: a_deposit
[36;1mrobot_1        |[0m [INFO] [1675266379.829122013] [Robot]: Doing a_deposit
[36;1mrobot_1        |[0m [INFO] [1675266379.829829466] [Robot]: Action result: True
[36;1mrobot_1        |[0m [INFO] [1675266379.839655439] [Robot]: Receiving sync message. a_pick_up_sample,arm1,robot1
[36marm_1          |[0m [INFO] [1675266379.836930531] [Arm]: Doing a_pick_up_sample
[33mcoordinator_1  |[0m [INFO] [1675266379.850061442] [Coordinator]: Receiving sync message: action_complete,a_deposit
[33mcoordinator_1  |[0m [INFO] [1675266379.851610269] [Coordinator]: action_complete
[33mcoordinator_1  |[0m [INFO] [1675266379.852889326] [Coordinator]: plans_actions_current 5 of 11
[36;1mrobot_1        |[0m [INFO] [1675266379.854414050] [Robot]: not ready
[36marm_1          |[0m [INFO] [1675266379.857165106] [Arm]: not ready
[36marm_1          |[0m [INFO] [1675266379.858530994] [Arm]: Action result: False
[36;1mrobot_1        |[0m [INFO] [1675266379.868935026] [Robot]: Action: a_close_drawer
[36;1mrobot_1        |[0m [INFO] [1675266379.886247718] [Robot]: Doing a_close_drawer
[36;1mrobot_1        |[0m [INFO] [1675266379.887051685] [Robot]: success
[36;1mrobot_1        |[0m [INFO] [1675266379.887808211] [Robot]: Action result: True
[36;1mrobot_1        |[0m [INFO] [1675266379.904375133] [Robot]: Receiving sync message. a_pick_up_sample,arm1,robot1
[36;1mrobot_1        |[0m [INFO] [1675266379.906231769] [Robot]: not ready
[36marm_1          |[0m [INFO] [1675266379.868544088] [Arm]: Action: a_pick_up_sample
[36marm_1          |[0m [INFO] [1675266379.882581364] [Arm]: Doing a_pick_up_sample
[36marm_1          |[0m [INFO] [1675266379.911175604] [Arm]: not ready
[36marm_1          |[0m [INFO] [1675266379.924788451] [Arm]: Action result: False
[36marm_1          |[0m [INFO] [1675266379.930489635] [Arm]: Action: a_pick_up_sample
[36marm_1          |[0m [INFO] [1675266379.935236478] [Arm]: Doing a_pick_up_sample
[33mcoordinator_1  |[0m [INFO] [1675266379.937674050] [Coordinator]: Receiving sync message: action_complete,a_close_drawer
[33mcoordinator_1  |[0m [INFO] [1675266379.938896533] [Coordinator]: action_complete
[33mcoordinator_1  |[0m [INFO] [1675266379.940087455] [Coordinator]: plans_actions_current 6 of 11
[36;1mrobot_1        |[0m [INFO] [1675266379.948996522] [Robot]: Receiving sync message. a_pick_up_sample,arm1,robot1
[36;1mrobot_1        |[0m [INFO] [1675266379.951389013] [Robot]: not ready
[36marm_1          |[0m [INFO] [1675266379.955786213] [Arm]: not ready
[36marm_1          |[0m [INFO] [1675266379.957831452] [Arm]: Action result: False
[36marm_1          |[0m [INFO] [1675266379.960669393] [Arm]: Action: a_pick_up_sample
[36marm_1          |[0m [INFO] [1675266379.972334581] [Arm]: Doing a_pick_up_sample
[36;1mrobot_1        |[0m [INFO] [1675266379.981905538] [Robot]: Receiving sync message. a_pick_up_sample,arm1,robot1
[36;1mrobot_1        |[0m [INFO] [1675266379.984587958] [Robot]: not ready
[36marm_1          |[0m [INFO] [1675266379.987722636] [Arm]: not ready
[36marm_1          |[0m [INFO] [1675266379.993429388] [Arm]: Action result: False
[36;1mrobot_1        |[0m [INFO] [1675266379.997014248] [Robot]: Action: a_navto
[36;1mrobot_1        |[0m [INFO] [1675266379.997946855] [Robot]: Doing a_navto
[36;1mrobot_1        |[0m [INFO] [1675266380.022620251] [Robot]: Receiving sync message. a_pick_up_sample,arm1,robot1
[36;1mrobot_1        |[0m [INFO] [1675266380.025224297] [Robot]: not ready
[36marm_1          |[0m [INFO] [1675266380.017227199] [Arm]: Action: a_pick_up_sample
[36marm_1          |[0m [INFO] [1675266380.019409795] [Arm]: Doing a_pick_up_sample
[32menvironment_1  |[0m [INFO] [1675266380.029800686] [Environment]: Receiving message: a_navto,robot1,Room3
[32menvironment_1  |[0m [INFO] [1675266380.030786278] [Environment]: Action: a_navto
[36;1mrobot_1        |[0m [INFO] [1675266380.034480839] [Robot]: success
[36;1mrobot_1        |[0m [INFO] [1675266380.041709075] [Robot]: Action result: True
[32menvironment_1  |[0m [INFO] [1675266380.031573208] [Environment]: Responding
[36marm_1          |[0m [INFO] [1675266380.054063777] [Arm]: not ready
[36marm_1          |[0m [INFO] [1675266380.055142076] [Arm]: Action result: False
[36marm_1          |[0m [INFO] [1675266380.056881040] [Arm]: Action: a_pick_up_sample
[36marm_1          |[0m [INFO] [1675266380.058052504] [Arm]: Doing a_pick_up_sample
[36;1mrobot_1        |[0m [INFO] [1675266380.074486197] [Robot]: Receiving sync message. a_pick_up_sample,arm1,robot1
[36;1mrobot_1        |[0m [INFO] [1675266380.078376002] [Robot]: not ready
[36marm_1          |[0m [INFO] [1675266380.091000524] [Arm]: not ready
[33mcoordinator_1  |[0m [INFO] [1675266380.091351740] [Coordinator]: Receiving sync message: action_complete,a_navto
[36marm_1          |[0m [INFO] [1675266380.106125822] [Arm]: Action result: False
[33mcoordinator_1  |[0m [INFO] [1675266380.094669991] [Coordinator]: action_complete
[33mcoordinator_1  |[0m [INFO] [1675266380.109966951] [Coordinator]: plans_actions_current 7 of 11
[36marm_1          |[0m [INFO] [1675266380.107577533] [Arm]: Action: a_pick_up_sample
[36marm_1          |[0m [INFO] [1675266380.125127244] [Arm]: Doing a_pick_up_sample
[36;1mrobot_1        |[0m [INFO] [1675266380.120753208] [Robot]: Action: a_approach_arm
[36;1mrobot_1        |[0m [INFO] [1675266380.123445126] [Robot]: Doing a_approach_arm
[36;1mrobot_1        |[0m [INFO] [1675266380.138974000] [Robot]: Receiving sync message. a_pick_up_sample,arm1,robot1
[36;1mrobot_1        |[0m [INFO] [1675266380.140382179] [Robot]: not ready
[36marm_1          |[0m [INFO] [1675266380.158515174] [Arm]: not ready
[32menvironment_1  |[0m [INFO] [1675266380.173345678] [Environment]: Receiving message: a_approach_arm,robot1,arm1
[36marm_1          |[0m [INFO] [1675266380.187390585] [Arm]: Action result: False
[36marm_1          |[0m [INFO] [1675266380.188184642] [Arm]: Action: a_pick_up_sample
[36marm_1          |[0m [INFO] [1675266380.188811005] [Arm]: Doing a_pick_up_sample
[36;1mrobot_1        |[0m [INFO] [1675266380.192884310] [Robot]: Receiving sync message. a_pick_up_sample,arm1,robot1
[36;1mrobot_1        |[0m [INFO] [1675266380.195241586] [Robot]: not ready
[36marm_1          |[0m [INFO] [1675266380.198899048] [Arm]: not ready
[36marm_1          |[0m [INFO] [1675266380.199961609] [Arm]: Action result: False
[36marm_1          |[0m [INFO] [1675266380.200764296] [Arm]: Action: a_pick_up_sample
[36marm_1          |[0m [INFO] [1675266380.204555049] [Arm]: Doing a_pick_up_sample
[36;1mrobot_1        |[0m [INFO] [1675266380.211928006] [Robot]: Receiving sync message. a_pick_up_sample,arm1,robot1
[36;1mrobot_1        |[0m [INFO] [1675266380.226014605] [Robot]: not ready
[32menvironment_1  |[0m [INFO] [1675266380.250698473] [Environment]: Action: a_approach_arm
[36marm_1          |[0m [INFO] [1675266380.256733842] [Arm]: not ready
[36marm_1          |[0m [INFO] [1675266380.257680991] [Arm]: Action result: False
[36marm_1          |[0m [INFO] [1675266380.258695964] [Arm]: Action: a_pick_up_sample
[36marm_1          |[0m [INFO] [1675266380.259841228] [Arm]: Doing a_pick_up_sample
[36;1mrobot_1        |[0m [INFO] [1675266380.263739402] [Robot]: Receiving sync message. a_pick_up_sample,arm1,robot1
[36;1mrobot_1        |[0m [INFO] [1675266380.269010764] [Robot]: not ready
[36marm_1          |[0m [INFO] [1675266380.272977908] [Arm]: not ready
[36marm_1          |[0m [INFO] [1675266380.278640067] [Arm]: Action result: False
[36marm_1          |[0m [INFO] [1675266380.282896186] [Arm]: Action: a_pick_up_sample
[32menvironment_1  |[0m [INFO] [1675266380.288849338] [Environment]: Responding
[36marm_1          |[0m [INFO] [1675266380.292335218] [Arm]: Doing a_pick_up_sample
[36;1mrobot_1        |[0m [INFO] [1675266380.292973080] [Robot]: success
[36;1mrobot_1        |[0m [INFO] [1675266380.294893766] [Robot]: Action result: True
[33mcoordinator_1  |[0m [INFO] [1675266380.312788036] [Coordinator]: Receiving sync message: action_complete,a_approach_arm
[33mcoordinator_1  |[0m [INFO] [1675266380.314231727] [Coordinator]: action_complete
[33mcoordinator_1  |[0m [INFO] [1675266380.315478416] [Coordinator]: plans_actions_current 8 of 11
[36;1mrobot_1        |[0m [INFO] [1675266380.308932020] [Robot]: Receiving sync message. a_pick_up_sample,arm1,robot1
[36;1mrobot_1        |[0m [INFO] [1675266380.319337458] [Robot]: not ready
[36marm_1          |[0m [INFO] [1675266380.346796175] [Arm]: not ready
[36marm_1          |[0m [INFO] [1675266380.348431713] [Arm]: Action result: False
[36marm_1          |[0m [INFO] [1675266380.350473756] [Arm]: Action: a_pick_up_sample
[36marm_1          |[0m [INFO] [1675266380.352567095] [Arm]: Doing a_pick_up_sample
[36;1mrobot_1        |[0m [INFO] [1675266380.348368548] [Robot]: Action: a_open_drawer
[36;1mrobot_1        |[0m [INFO] [1675266380.350006284] [Robot]: Doing a_open_drawer
[36;1mrobot_1        |[0m [INFO] [1675266380.367402414] [Robot]: success
[36;1mrobot_1        |[0m [INFO] [1675266380.368500292] [Robot]: Action result: True
[36;1mrobot_1        |[0m [INFO] [1675266380.370453399] [Robot]: Receiving sync message. a_pick_up_sample,arm1,robot1
[36;1mrobot_1        |[0m [INFO] [1675266380.372477746] [Robot]: not ready
[36marm_1          |[0m [INFO] [1675266380.381802486] [Arm]: not ready
[36marm_1          |[0m [INFO] [1675266380.383786804] [Arm]: Action result: False
[36marm_1          |[0m [INFO] [1675266380.395123188] [Arm]: Action: a_pick_up_sample
[36marm_1          |[0m [INFO] [1675266380.397097177] [Arm]: Doing a_pick_up_sample
[36;1mrobot_1        |[0m [INFO] [1675266380.400924138] [Robot]: Receiving sync message. a_pick_up_sample,arm1,robot1
[36;1mrobot_1        |[0m [INFO] [1675266380.402873251] [Robot]: not ready
[36marm_1          |[0m [INFO] [1675266380.411711252] [Arm]: not ready
[33mcoordinator_1  |[0m [INFO] [1675266380.414946159] [Coordinator]: Receiving sync message: action_complete,a_open_drawer
[33mcoordinator_1  |[0m [INFO] [1675266380.427282764] [Coordinator]: action_complete
[36marm_1          |[0m [INFO] [1675266380.421280646] [Arm]: Action result: False
[36marm_1          |[0m [INFO] [1675266380.423173361] [Arm]: Action: a_pick_up_sample
[36marm_1          |[0m [INFO] [1675266380.425008552] [Arm]: Doing a_pick_up_sample
[36;1mrobot_1        |[0m [INFO] [1675266380.456915668] [Robot]: Receiving sync message. a_pick_up_sample,arm1,robot1
[36;1mrobot_1        |[0m [INFO] [1675266380.458872787] [Robot]: not ready
[36marm_1          |[0m [INFO] [1675266380.462993011] [Arm]: not ready
[36marm_1          |[0m [INFO] [1675266380.464912830] [Arm]: Action result: False
[36marm_1          |[0m [INFO] [1675266380.467354161] [Arm]: Action: a_pick_up_sample
[36marm_1          |[0m [INFO] [1675266380.469264546] [Arm]: Doing a_pick_up_sample
[33mcoordinator_1  |[0m [INFO] [1675266380.469658493] [Coordinator]: plans_actions_current 9 of 11
[36;1mrobot_1        |[0m [INFO] [1675266380.482956162] [Robot]: Action: a_pick_up_sample
[36marm_1          |[0m [INFO] [1675266380.497278099] [Arm]: success
[36;1mrobot_1        |[0m [INFO] [1675266380.492515491] [Robot]: Receiving sync message. a_pick_up_sample,arm1,robot1
[36;1mrobot_1        |[0m [INFO] [1675266380.493463814] [Robot]: Pick up
[36marm_1          |[0m [INFO] [1675266380.499518109] [Arm]: Action result: True
[36;1mrobot_1        |[0m [INFO] [1675266380.517932868] [Robot]: Doing a_pick_up_sample
[36;1mrobot_1        |[0m [INFO] [1675266380.518861278] [Robot]: Action result: True
[33mcoordinator_1  |[0m [INFO] [1675266380.547420141] [Coordinator]: Receiving sync message: action_complete,a_pick_up_sample
[33mcoordinator_1  |[0m [INFO] [1675266380.549406015] [Coordinator]: action_complete
[33mcoordinator_1  |[0m [INFO] [1675266380.590374955] [Coordinator]: plans_actions_current 10 of 11
[36;1mrobot_1        |[0m [INFO] [1675266380.598455640] [Robot]: Action: a_close_drawer
[36;1mrobot_1        |[0m [INFO] [1675266380.600611310] [Robot]: Doing a_close_drawer
[36;1mrobot_1        |[0m [INFO] [1675266380.602646217] [Robot]: success
[36;1mrobot_1        |[0m [INFO] [1675266380.612668220] [Robot]: Action result: True
[33mcoordinator_1  |[0m [INFO] [1675266380.632948977] [Coordinator]: Receiving sync message: action_complete,a_close_drawer
[33mcoordinator_1  |[0m [INFO] [1675266380.634907329] [Coordinator]: action_complete
[33mcoordinator_1  |[0m [INFO] [1675266380.636741449] [Coordinator]: plans_actions_current 11 of 11
[33mcoordinator_1  |[0m [INFO] [1675266380.669730654] [Coordinator]: The time of execution of above program is:1.5485408306121826
[33mcoordinator_1  |[0m [INFO] [1675266380.671655332] [Coordinator]: Achieved
[33mcoordinator_1  |[0m [INFO] [1675266380.784977860] [Coordinator]: ENDSIM
Stopping planning_robot_1       ... 
Stopping planning_coordinator_1 ... 
Stopping planning_nurse_1       ... 
Stopping planning_planner_1     ... 
Stopping planning_arm_1         ... 
Stopping planning_environment_1 ... 
Stopping planning_environment_1 ... done
[32mplanning_environment_1 exited with code 137
[0mStopping planning_planner_1     ... done
[34mplanning_planner_1 exited with code 137
[0mStopping planning_arm_1         ... done
[36mplanning_arm_1 exited with code 137
[0m[36;1mplanning_robot_1 exited with code 137
[0mStopping planning_robot_1       ... done
Stopping planning_nurse_1       ... done
[35mplanning_nurse_1 exited with code 137
[0mStopping planning_coordinator_1 ... done
[33mplanning_coordinator_1 exited with code 137
[0mRemoving planning_robot_1       ... 
Removing planning_coordinator_1 ... 
Removing planning_nurse_1       ... 
Removing planning_planner_1     ... 
Removing planning_arm_1         ... 
Removing planning_environment_1 ... 
Removing planning_planner_1     ... done
Removing planning_nurse_1       ... done
Removing planning_environment_1 ... done
Removing planning_robot_1       ... done
Removing planning_arm_1         ... done
Removing planning_coordinator_1 ... done
Removing network planning_ros
