Creating network "planning_ros" with the default driver
Creating planning_robot_1 ... 
Creating planning_nurse_1 ... 
Creating planning_arm_1   ... 
Creating planning_coordinator_1 ... 
Creating planning_planner_1     ... 
Creating planning_environment_1 ... 
Creating planning_robot_1       ... done
Creating planning_coordinator_1 ... done
Creating planning_planner_1     ... done
Creating planning_arm_1         ... done
Creating planning_environment_1 ... done
Creating planning_nurse_1       ... done
Attaching to planning_robot_1, planning_coordinator_1, planning_planner_1, planning_arm_1, planning_environment_1, planning_nurse_1
[36;1mrobot_1        |[0m [INFO] [1675266496.584692546] [Robot]: Starting Robot server
[36;1mrobot_1        |[0m [INFO] [1675266496.602241192] [Robot]: Robot server started
[36;1mrobot_1        |[0m [INFO] [1675266496.604830070] [Robot]: Starting Robots clients
[33mcoordinator_1  |[0m [INFO] [1675266497.031499156] [Coordinator]: Starting Coordinator server
[33mcoordinator_1  |[0m [INFO] [1675266497.051415580] [Coordinator]: Coordinator server started
[33mcoordinator_1  |[0m [INFO] [1675266497.053883323] [Coordinator]: Starting Coordinator clients
[36marm_1          |[0m [INFO] [1675266497.966168910] [Arm]: Starting Arm server
[36marm_1          |[0m [INFO] [1675266497.979605204] [Arm]: Arm server started
[36marm_1          |[0m [INFO] [1675266497.983825119] [Arm]: Starting Nurse clients
[33mcoordinator_1  |[0m [INFO] [1675266498.079473420] [Coordinator]: planner sync service not available, waiting again...
[32menvironment_1  |[0m [INFO] [1675266498.444559021] [Environment]: Starting Environment server
[32menvironment_1  |[0m [INFO] [1675266498.456953484] [Environment]: Environment server started
[36marm_1          |[0m [INFO] [1675266498.496384857] [Arm]: Nurse clients started
[35mnurse_1        |[0m [INFO] [1675266498.545417325] [Nurse]: Starting Nurse server
[35mnurse_1        |[0m [INFO] [1675266498.551760315] [Nurse]: Nurse server started
[35mnurse_1        |[0m [INFO] [1675266498.558610272] [Nurse]: Starting Nurse clients
[36;1mrobot_1        |[0m [INFO] [1675266498.641360342] [Robot]: Robots clients started
[33mcoordinator_1  |[0m [INFO] [1675266499.084552826] [Coordinator]: planner sync service not available, waiting again...
[35mnurse_1        |[0m [INFO] [1675266499.585591382] [Nurse]: robot service not available, waiting again...
[35mnurse_1        |[0m [INFO] [1675266499.838475972] [Nurse]: Nurse clients started
[35mnurse_1        |[0m [INFO] [1675266499.866598661] [Nurse]: Sent request
[33mcoordinator_1  |[0m [INFO] [1675266500.089569227] [Coordinator]: planner sync service not available, waiting again...
[34mplanner_1      |[0m [INFO] [1675266500.764956564] [Planner]: Starting Planner server
[34mplanner_1      |[0m [INFO] [1675266500.787346356] [Planner]: Planner server started
[33mcoordinator_1  |[0m [INFO] [1675266500.888260676] [Coordinator]: Coordinator clients started
[33mcoordinator_1  |[0m [INFO] [1675266500.892380993] [Coordinator]: Receiving message of nurse1 in room3.
[33mcoordinator_1  |[0m [INFO] [1675266500.898286164] [Coordinator]: Planing
[33mcoordinator_1  |[0m [INFO] [1675266500.902374597] [Coordinator]: Creating plan for: robot1, nurse1, arm1 
[33mcoordinator_1  |[0m [INFO] [1675266500.904897836] [Coordinator]: Sending response
[34mplanner_1      |[0m [INFO] [1675266500.919464899] [Planner]: Receiving sync message. need_plan,robot1,nurse1,arm1
[35mnurse_1        |[0m [INFO] [1675266500.937646284] [Nurse]: Request response:Okay!
[34mplanner_1      |[0m [INFO] [1675266500.932710409] [Planner]: Creating plan for: robot1 robot1 nurse1
[34mplanner_1      |[0m [INFO] [1675266500.953968783] [Planner]: a_navto,robot1,Room1
[34mplanner_1      |[0m [INFO] [1675266500.967199056] [Planner]: a_approach_nurse,robot1
[34mplanner_1      |[0m [INFO] [1675266500.968797779] [Planner]: a_authenticate_nurse,robot1,nurse1
[34mplanner_1      |[0m [INFO] [1675266500.974849118] [Planner]: a_open_drawer,robot1
[34mplanner_1      |[0m [INFO] [1675266500.988579064] [Planner]: a_deposit,nurse1,robot1
[34mplanner_1      |[0m [INFO] [1675266500.990391367] [Planner]: a_close_drawer,robot1
[34mplanner_1      |[0m [INFO] [1675266500.991966997] [Planner]: a_navto,robot1,Room3
[34mplanner_1      |[0m [INFO] [1675266500.993482048] [Planner]: a_approach_arm,robot1,arm1
[34mplanner_1      |[0m [INFO] [1675266500.994974973] [Planner]: a_open_drawer,robot1
[34mplanner_1      |[0m [INFO] [1675266500.999601370] [Planner]: a_pick_up_sample,arm1,robot1
[34mplanner_1      |[0m [INFO] [1675266501.007329794] [Planner]: a_close_drawer,robot1
[34mplanner_1      |[0m [INFO] [1675266501.009594757] [Planner]: Sending response
[33mcoordinator_1  |[0m [INFO] [1675266501.022554798] [Coordinator]: Plan received for: robot1, nurse1, arm1 
[33mcoordinator_1  |[0m [INFO] [1675266501.025709409] [Coordinator]: a_navto,robot1,Room1/a_approach_nurse,robot1/a_authenticate_nurse,robot1,nurse1/a_open_drawer,robot1/a_deposit,nurse1,robot1/a_close_drawer,robot1/a_navto,robot1,Room3/a_approach_arm,robot1,arm1/a_open_drawer,robot1/a_pick_up_sample,arm1,robot1/a_close_drawer,robot1
[33mcoordinator_1  |[0m [INFO] [1675266501.027808028] [Coordinator]: a_navto,robot1,Room1
[33mcoordinator_1  |[0m [INFO] [1675266501.033432856] [Coordinator]: a_approach_nurse,robot1
[33mcoordinator_1  |[0m [INFO] [1675266501.036053444] [Coordinator]: a_authenticate_nurse,robot1,nurse1
[33mcoordinator_1  |[0m [INFO] [1675266501.041323841] [Coordinator]: a_open_drawer,robot1
[33mcoordinator_1  |[0m [INFO] [1675266501.043715339] [Coordinator]: a_deposit,nurse1,robot1
[33mcoordinator_1  |[0m [INFO] [1675266501.052811220] [Coordinator]: a_close_drawer,robot1
[33mcoordinator_1  |[0m [INFO] [1675266501.055816731] [Coordinator]: a_navto,robot1,Room3
[33mcoordinator_1  |[0m [INFO] [1675266501.057964519] [Coordinator]: a_approach_arm,robot1,arm1
[33mcoordinator_1  |[0m [INFO] [1675266501.059875681] [Coordinator]: a_open_drawer,robot1
[33mcoordinator_1  |[0m [INFO] [1675266501.061660270] [Coordinator]: a_pick_up_sample,arm1,robot1
[33mcoordinator_1  |[0m [INFO] [1675266501.068484132] [Coordinator]: a_close_drawer,robot1
[33mcoordinator_1  |[0m [INFO] [1675266501.074317943] [Coordinator]: Sending plans
[33mcoordinator_1  |[0m [INFO] [1675266501.078250589] [Coordinator]: Plans sent
[36;1mrobot_1        |[0m [INFO] [1675266501.082078498] [Robot]: Receiving message.
[36marm_1          |[0m [INFO] [1675266501.086182457] [Arm]: Receiving message.
[36;1mrobot_1        |[0m [INFO] [1675266501.085243960] [Robot]: Robot's actions:
[36;1mrobot_1        |[0m [INFO] [1675266501.089979127] [Robot]: a_navto
[35mnurse_1        |[0m [INFO] [1675266501.093529086] [Nurse]: Receiving message.
[35mnurse_1        |[0m [INFO] [1675266501.094997487] [Nurse]: Nurse's actions:
[35mnurse_1        |[0m [INFO] [1675266501.097087087] [Nurse]: a_authenticate_nurse
[32menvironment_1  |[0m [INFO] [1675266501.095174030] [Environment]: Receiving message: monitor
[36;1mrobot_1        |[0m [INFO] [1675266501.095623907] [Robot]: a_approach_nurse
[32menvironment_1  |[0m [INFO] [1675266501.097616072] [Environment]: Action: monitor
[36;1mrobot_1        |[0m [INFO] [1675266501.097393750] [Robot]: a_open_drawer
[36;1mrobot_1        |[0m [INFO] [1675266501.099800790] [Robot]: a_deposit
[36;1mrobot_1        |[0m [INFO] [1675266501.101420570] [Robot]: a_close_drawer
[35mnurse_1        |[0m [INFO] [1675266501.106494106] [Nurse]: Action: a_authenticate_nurse
[35mnurse_1        |[0m [INFO] [1675266501.107304578] [Nurse]: Doing a_authenticate_nurse
[36;1mrobot_1        |[0m [INFO] [1675266501.107930521] [Robot]: Action: a_navto
[35mnurse_1        |[0m [INFO] [1675266501.110506050] [Nurse]: a_deposit
[36;1mrobot_1        |[0m [INFO] [1675266501.117996332] [Robot]: Doing a_navto
[33mcoordinator_1  |[0m [INFO] [1675266501.122584609] [Coordinator]: Found a problem
[33mcoordinator_1  |[0m [INFO] [1675266501.124954204] [Coordinator]: Updating planner state
[36;1mrobot_1        |[0m [INFO] [1675266501.127213335] [Robot]: a_navto
[32menvironment_1  |[0m [INFO] [1675266501.128395303] [Environment]: Receiving message: a_navto,robot1,Room1
[36;1mrobot_1        |[0m [INFO] [1675266501.129410736] [Robot]: a_approach_arm
[36marm_1          |[0m [INFO] [1675266501.132048613] [Arm]: Arm's actions:
[36marm_1          |[0m [INFO] [1675266501.134076784] [Arm]: a_approach_arm
[36marm_1          |[0m [INFO] [1675266501.135949440] [Arm]: a_pick_up_sample
[32menvironment_1  |[0m [INFO] [1675266501.129410710] [Environment]: Action: a_navto
[32menvironment_1  |[0m [INFO] [1675266501.130189820] [Environment]: Responding
[36;1mrobot_1        |[0m [INFO] [1675266501.131232369] [Robot]: a_open_drawer
[34mplanner_1      |[0m [INFO] [1675266501.133578889] [Planner]: Receiving sync message. update_state,door_closed,Room3
[34mplanner_1      |[0m [INFO] [1675266501.135596603] [Planner]: door_closed
[33mcoordinator_1  |[0m [INFO] [1675266501.145216981] [Coordinator]: Planner state updated
[36marm_1          |[0m [INFO] [1675266501.143433807] [Arm]: Action: a_approach_arm
[36marm_1          |[0m [INFO] [1675266501.145829461] [Arm]: Doing a_approach_arm
[33mcoordinator_1  |[0m [INFO] [1675266501.150007345] [Coordinator]: Planing
[33mcoordinator_1  |[0m [INFO] [1675266501.151380356] [Coordinator]: Creating plan for: robot1, nurse1, arm1 
[34mplanner_1      |[0m [INFO] [1675266501.154395205] [Planner]: Receiving sync message. need_plan,robot1,nurse1,arm1
[34mplanner_1      |[0m [INFO] [1675266501.155635127] [Planner]: Creating plan for: robot1 robot1 nurse1
[32menvironment_1  |[0m [INFO] [1675266501.159327459] [Environment]: Receiving message: a_approach_arm,robot1,arm1
[36;1mrobot_1        |[0m [INFO] [1675266501.157562900] [Robot]: a_pick_up_sample
[36;1mrobot_1        |[0m [INFO] [1675266501.158964103] [Robot]: a_close_drawer
[32menvironment_1  |[0m [INFO] [1675266501.164015588] [Environment]: Action: a_approach_arm
[34mplanner_1      |[0m [INFO] [1675266501.167558358] [Planner]: a_navto,robot1,Room1
[32menvironment_1  |[0m [INFO] [1675266501.167556473] [Environment]: Responding
[36;1mrobot_1        |[0m [INFO] [1675266501.167343305] [Robot]: Receiving sync message. a_authenticate_nurse,robot1,nurse1
[34mplanner_1      |[0m [INFO] [1675266501.172415814] [Planner]: a_approach_nurse,robot1
[34mplanner_1      |[0m [INFO] [1675266501.176209474] [Planner]: a_authenticate_nurse,robot1,nurse1
[34mplanner_1      |[0m [INFO] [1675266501.177725075] [Planner]: a_open_drawer,robot1
[34mplanner_1      |[0m [INFO] [1675266501.178718267] [Planner]: a_deposit,nurse1,robot1
[34mplanner_1      |[0m [INFO] [1675266501.180905440] [Planner]: a_close_drawer,robot1
[34mplanner_1      |[0m [INFO] [1675266501.182361404] [Planner]: a_open_door,nurse1,Room3
[34mplanner_1      |[0m [INFO] [1675266501.187374031] [Planner]: a_navto,robot1,Room3
[34mplanner_1      |[0m [INFO] [1675266501.188205642] [Planner]: a_approach_arm,robot1,arm1
[36;1mrobot_1        |[0m [INFO] [1675266501.174342533] [Robot]: not ready
[36;1mrobot_1        |[0m [INFO] [1675266501.186482966] [Robot]: success
[36marm_1          |[0m [INFO] [1675266501.178558750] [Arm]: success
[36marm_1          |[0m [INFO] [1675266501.182299602] [Arm]: Action result: True
[36marm_1          |[0m [INFO] [1675266501.183344266] [Arm]: Action: a_pick_up_sample
[36marm_1          |[0m [INFO] [1675266501.184387671] [Arm]: Doing a_pick_up_sample
[34mplanner_1      |[0m [INFO] [1675266501.197238340] [Planner]: a_open_drawer,robot1
[34mplanner_1      |[0m [INFO] [1675266501.199222407] [Planner]: a_pick_up_sample,arm1,robot1
[34mplanner_1      |[0m [INFO] [1675266501.200724958] [Planner]: a_close_drawer,robot1
[34mplanner_1      |[0m [INFO] [1675266501.202333048] [Planner]: Sending response
[36;1mrobot_1        |[0m [INFO] [1675266501.189458368] [Robot]: Action result: True
[36;1mrobot_1        |[0m [INFO] [1675266501.196442593] [Robot]: Receiving sync message. a_pick_up_sample,arm1,robot1
[36;1mrobot_1        |[0m [INFO] [1675266501.198968277] [Robot]: not ready
[35mnurse_1        |[0m [INFO] [1675266501.197784840] [Nurse]: not ready
[35mnurse_1        |[0m [INFO] [1675266501.198557678] [Nurse]: Action result: False
[35mnurse_1        |[0m [INFO] [1675266501.199330499] [Nurse]: Action: a_authenticate_nurse
[35mnurse_1        |[0m [INFO] [1675266501.200089372] [Nurse]: Doing a_authenticate_nurse
[33mcoordinator_1  |[0m [INFO] [1675266501.200759194] [Coordinator]: Receiving sync message: action_complete,a_navto
[36marm_1          |[0m [INFO] [1675266501.208621655] [Arm]: not ready
[36;1mrobot_1        |[0m [INFO] [1675266501.213006066] [Robot]: Receiving sync message. a_authenticate_nurse,robot1,nurse1
[33mcoordinator_1  |[0m [INFO] [1675266501.214179170] [Coordinator]: action_complete
[36marm_1          |[0m [INFO] [1675266501.212259602] [Arm]: Action result: False
[36marm_1          |[0m [INFO] [1675266501.218306609] [Arm]: Action: a_pick_up_sample
[36;1mrobot_1        |[0m [INFO] [1675266501.215730592] [Robot]: not ready
[35mnurse_1        |[0m [INFO] [1675266501.219395521] [Nurse]: not ready
[35mnurse_1        |[0m [INFO] [1675266501.221361029] [Nurse]: Action result: False
[33mcoordinator_1  |[0m [INFO] [1675266501.223363001] [Coordinator]: plans_actions_current 1 of 11
[36marm_1          |[0m [INFO] [1675266501.225852298] [Arm]: Doing a_pick_up_sample
[35mnurse_1        |[0m [INFO] [1675266501.224105281] [Nurse]: Action: a_authenticate_nurse
[35mnurse_1        |[0m [INFO] [1675266501.230241436] [Nurse]: Doing a_authenticate_nurse
[33mcoordinator_1  |[0m [INFO] [1675266501.235134281] [Coordinator]: Plan received for: robot1, nurse1, arm1 
[33mcoordinator_1  |[0m [INFO] [1675266501.238017515] [Coordinator]: a_navto,robot1,Room1/a_approach_nurse,robot1/a_authenticate_nurse,robot1,nurse1/a_open_drawer,robot1/a_deposit,nurse1,robot1/a_close_drawer,robot1/a_open_door,nurse1,Room3/a_navto,robot1,Room3/a_approach_arm,robot1,arm1/a_open_drawer,robot1/a_pick_up_sample,arm1,robot1/a_close_drawer,robot1
[36;1mrobot_1        |[0m [INFO] [1675266501.239552866] [Robot]: Receiving sync message. a_pick_up_sample,arm1,robot1
[33mcoordinator_1  |[0m [INFO] [1675266501.244881233] [Coordinator]: a_navto,robot1,Room1
[36;1mrobot_1        |[0m [INFO] [1675266501.247123016] [Robot]: not ready
[36;1mrobot_1        |[0m [INFO] [1675266501.249579037] [Robot]: Receiving sync message. a_authenticate_nurse,robot1,nurse1
[36;1mrobot_1        |[0m [INFO] [1675266501.250347539] [Robot]: not ready
[33mcoordinator_1  |[0m [INFO] [1675266501.248450092] [Coordinator]: a_approach_nurse,robot1
[35mnurse_1        |[0m [INFO] [1675266501.253919781] [Nurse]: not ready
[35mnurse_1        |[0m [INFO] [1675266501.256085995] [Nurse]: Action result: False
[35mnurse_1        |[0m [INFO] [1675266501.258285459] [Nurse]: Action: a_authenticate_nurse
[36;1mrobot_1        |[0m [INFO] [1675266501.256089659] [Robot]: Action: a_approach_nurse
[33mcoordinator_1  |[0m [INFO] [1675266501.252439877] [Coordinator]: a_authenticate_nurse,robot1,nurse1
[33mcoordinator_1  |[0m [INFO] [1675266501.257558741] [Coordinator]: a_open_drawer,robot1
[35mnurse_1        |[0m [INFO] [1675266501.260205318] [Nurse]: Doing a_authenticate_nurse
[33mcoordinator_1  |[0m [INFO] [1675266501.260516812] [Coordinator]: a_deposit,nurse1,robot1
[36;1mrobot_1        |[0m [INFO] [1675266501.259561516] [Robot]: Doing a_approach_nurse
[36;1mrobot_1        |[0m [INFO] [1675266501.273172003] [Robot]: Receiving sync message. a_authenticate_nurse,robot1,nurse1
[36marm_1          |[0m [INFO] [1675266501.265119957] [Arm]: not ready
[36marm_1          |[0m [INFO] [1675266501.275226578] [Arm]: Action result: False
[36;1mrobot_1        |[0m [INFO] [1675266501.278821598] [Robot]: not ready
[36marm_1          |[0m [INFO] [1675266501.281152057] [Arm]: Action: a_pick_up_sample
[36marm_1          |[0m [INFO] [1675266501.283854385] [Arm]: Doing a_pick_up_sample
[33mcoordinator_1  |[0m [INFO] [1675266501.267695668] [Coordinator]: a_close_drawer,robot1
[33mcoordinator_1  |[0m [INFO] [1675266501.268451508] [Coordinator]: a_open_door,nurse1,Room3
[33mcoordinator_1  |[0m [INFO] [1675266501.269354604] [Coordinator]: a_navto,robot1,Room3
[33mcoordinator_1  |[0m [INFO] [1675266501.270139598] [Coordinator]: a_approach_arm,robot1,arm1
[33mcoordinator_1  |[0m [INFO] [1675266501.270819499] [Coordinator]: a_open_drawer,robot1
[33mcoordinator_1  |[0m [INFO] [1675266501.271533590] [Coordinator]: a_pick_up_sample,arm1,robot1
[33mcoordinator_1  |[0m [INFO] [1675266501.273719203] [Coordinator]: a_close_drawer,robot1
[33mcoordinator_1  |[0m [INFO] [1675266501.275692709] [Coordinator]: Sending plans
[33mcoordinator_1  |[0m [INFO] [1675266501.285129519] [Coordinator]: Plans sent
[35mnurse_1        |[0m [INFO] [1675266501.289566573] [Nurse]: Receiving message.
[35mnurse_1        |[0m [INFO] [1675266501.290805853] [Nurse]: Nurse's actions:
[36;1mrobot_1        |[0m [INFO] [1675266501.286100676] [Robot]: Receiving message.
[36marm_1          |[0m [INFO] [1675266501.286924692] [Arm]: Receiving message.
[36marm_1          |[0m [INFO] [1675266501.295821715] [Arm]: Arm's actions:
[36marm_1          |[0m [INFO] [1675266501.298081204] [Arm]: a_approach_arm
[36marm_1          |[0m [INFO] [1675266501.300196799] [Arm]: a_pick_up_sample
[36;1mrobot_1        |[0m [INFO] [1675266501.288212644] [Robot]: Robot's actions:
[36;1mrobot_1        |[0m [INFO] [1675266501.295899349] [Robot]: a_navto
[36;1mrobot_1        |[0m [INFO] [1675266501.296806710] [Robot]: a_approach_nurse
[36;1mrobot_1        |[0m [INFO] [1675266501.297504521] [Robot]: a_authenticate_nurse
[36;1mrobot_1        |[0m [INFO] [1675266501.298168204] [Robot]: a_open_drawer
[36;1mrobot_1        |[0m [INFO] [1675266501.298802727] [Robot]: a_deposit
[36;1mrobot_1        |[0m [INFO] [1675266501.301463285] [Robot]: a_close_drawer
[36;1mrobot_1        |[0m [INFO] [1675266501.303681079] [Robot]: a_navto
[35mnurse_1        |[0m [INFO] [1675266501.292376010] [Nurse]: a_authenticate_nurse
[35mnurse_1        |[0m [INFO] [1675266501.293179031] [Nurse]: a_deposit
[35mnurse_1        |[0m [INFO] [1675266501.293920280] [Nurse]: a_open_door
[32menvironment_1  |[0m [INFO] [1675266501.308532410] [Environment]: Receiving message: monitor
[36;1mrobot_1        |[0m [INFO] [1675266501.306116051] [Robot]: a_approach_arm
[36;1mrobot_1        |[0m [INFO] [1675266501.308529189] [Robot]: a_open_drawer
[32menvironment_1  |[0m [INFO] [1675266501.311007219] [Environment]: Action: monitor
[35mnurse_1        |[0m [INFO] [1675266501.312718022] [Nurse]: not ready
[35mnurse_1        |[0m [INFO] [1675266501.313705944] [Nurse]: Action result: False
[35mnurse_1        |[0m [INFO] [1675266501.314660290] [Nurse]: Action: a_authenticate_nurse
[35mnurse_1        |[0m [INFO] [1675266501.315557269] [Nurse]: Doing a_authenticate_nurse
[32menvironment_1  |[0m [INFO] [1675266501.317977298] [Environment]: Receiving message: a_approach_nurse,robot1
[32menvironment_1  |[0m [INFO] [1675266501.318809543] [Environment]: Action: a_approach_nurse
[32menvironment_1  |[0m [INFO] [1675266501.319543363] [Environment]: Responding
[36;1mrobot_1        |[0m [INFO] [1675266501.321010426] [Robot]: a_pick_up_sample
[33mcoordinator_1  |[0m [INFO] [1675266501.320759312] [Coordinator]: Found a problem
[36;1mrobot_1        |[0m [INFO] [1675266501.323075613] [Robot]: a_close_drawer
[36;1mrobot_1        |[0m [INFO] [1675266501.326471669] [Robot]: Receiving sync message. a_pick_up_sample,arm1,robot1
[36;1mrobot_1        |[0m [INFO] [1675266501.328839149] [Robot]: not ready
[32menvironment_1  |[0m [INFO] [1675266501.330157869] [Environment]: Receiving message: monitor
[36;1mrobot_1        |[0m [INFO] [1675266501.337330142] [Robot]: Receiving sync message. a_authenticate_nurse,robot1,nurse1
[36marm_1          |[0m [INFO] [1675266501.335182371] [Arm]: not ready
[36marm_1          |[0m [INFO] [1675266501.337244688] [Arm]: Action result: False
[36marm_1          |[0m [INFO] [1675266501.339096006] [Arm]: Action: a_approach_arm
[36;1mrobot_1        |[0m [INFO] [1675266501.341066138] [Robot]: not ready
[36;1mrobot_1        |[0m [INFO] [1675266501.344510015] [Robot]: success
[36marm_1          |[0m [INFO] [1675266501.345530853] [Arm]: Doing a_approach_arm
[36;1mrobot_1        |[0m [INFO] [1675266501.349109306] [Robot]: Action result: True
[35mnurse_1        |[0m [INFO] [1675266501.350939691] [Nurse]: not ready
[35mnurse_1        |[0m [INFO] [1675266501.352935388] [Nurse]: Action result: False
[35mnurse_1        |[0m [INFO] [1675266501.354745526] [Nurse]: Action: a_authenticate_nurse
[32menvironment_1  |[0m [INFO] [1675266501.353832001] [Environment]: Action: monitor
[35mnurse_1        |[0m [INFO] [1675266501.356403723] [Nurse]: Doing a_authenticate_nurse
[36;1mrobot_1        |[0m [INFO] [1675266501.358688703] [Robot]: Receiving sync message. a_authenticate_nurse,robot1,nurse1
[36;1mrobot_1        |[0m [INFO] [1675266501.359902374] [Robot]: not ready
[33mcoordinator_1  |[0m [INFO] [1675266501.361244489] [Coordinator]: Receiving sync message: action_complete,a_approach_nurse
[33mcoordinator_1  |[0m [INFO] [1675266501.363257038] [Coordinator]: action_complete
[35mnurse_1        |[0m [INFO] [1675266501.365510483] [Nurse]: not ready
[35mnurse_1        |[0m [INFO] [1675266501.368400912] [Nurse]: Action result: False
[35mnurse_1        |[0m [INFO] [1675266501.372072680] [Nurse]: Action: a_authenticate_nurse
[35mnurse_1        |[0m [INFO] [1675266501.374033764] [Nurse]: Doing a_authenticate_nurse
[33mcoordinator_1  |[0m [INFO] [1675266501.371237608] [Coordinator]: plans_actions_current 1 of 11
[36;1mrobot_1        |[0m [INFO] [1675266501.378792022] [Robot]: Receiving sync message. a_authenticate_nurse,robot1,nurse1
[36;1mrobot_1        |[0m [INFO] [1675266501.384262418] [Robot]: not ready
[33mcoordinator_1  |[0m [INFO] [1675266501.386235078] [Coordinator]: Found a problem
[32menvironment_1  |[0m [INFO] [1675266501.388319139] [Environment]: Receiving message: a_approach_arm,robot1,arm1
[35mnurse_1        |[0m [INFO] [1675266501.388489813] [Nurse]: not ready
[36;1mrobot_1        |[0m [INFO] [1675266501.390590930] [Robot]: Action: a_navto
[35mnurse_1        |[0m [INFO] [1675266501.389726109] [Nurse]: Action result: False
[35mnurse_1        |[0m [INFO] [1675266501.390771498] [Nurse]: Action: a_authenticate_nurse
[35mnurse_1        |[0m [INFO] [1675266501.391526199] [Nurse]: Doing a_authenticate_nurse
[36;1mrobot_1        |[0m [INFO] [1675266501.393133383] [Robot]: Doing a_navto
[32menvironment_1  |[0m [INFO] [1675266501.390994603] [Environment]: Action: a_approach_arm
[36;1mrobot_1        |[0m [INFO] [1675266501.403079945] [Robot]: Receiving sync message. a_authenticate_nurse,robot1,nurse1
[36;1mrobot_1        |[0m [INFO] [1675266501.404570330] [Robot]: not ready
[32menvironment_1  |[0m [INFO] [1675266501.404657777] [Environment]: Responding
[35mnurse_1        |[0m [INFO] [1675266501.410903785] [Nurse]: not ready
[35mnurse_1        |[0m [INFO] [1675266501.415205835] [Nurse]: Action result: False
[35mnurse_1        |[0m [INFO] [1675266501.416211530] [Nurse]: Action: a_authenticate_nurse
[36marm_1          |[0m [INFO] [1675266501.409668647] [Arm]: success
[36marm_1          |[0m [INFO] [1675266501.411256782] [Arm]: Action result: True
[36marm_1          |[0m [INFO] [1675266501.412921792] [Arm]: Action: a_pick_up_sample
[36marm_1          |[0m [INFO] [1675266501.417762801] [Arm]: Doing a_pick_up_sample
[35mnurse_1        |[0m [INFO] [1675266501.421193101] [Nurse]: Doing a_authenticate_nurse
[36;1mrobot_1        |[0m [INFO] [1675266501.422861911] [Robot]: Receiving sync message. a_pick_up_sample,arm1,robot1
[32menvironment_1  |[0m [INFO] [1675266501.424898769] [Environment]: Receiving message: monitor
[36;1mrobot_1        |[0m [INFO] [1675266501.426477278] [Robot]: not ready
[36marm_1          |[0m [INFO] [1675266501.432578702] [Arm]: not ready
[36marm_1          |[0m [INFO] [1675266501.434670565] [Arm]: Action result: False
[36;1mrobot_1        |[0m [INFO] [1675266501.432013519] [Robot]: Receiving sync message. a_authenticate_nurse,robot1,nurse1
[36;1mrobot_1        |[0m [INFO] [1675266501.434830390] [Robot]: not ready
[36marm_1          |[0m [INFO] [1675266501.436878117] [Arm]: Action: a_pick_up_sample
[32menvironment_1  |[0m [INFO] [1675266501.436699597] [Environment]: Action: monitor
[36marm_1          |[0m [INFO] [1675266501.440250946] [Arm]: Doing a_pick_up_sample
[33mcoordinator_1  |[0m [INFO] [1675266501.444473101] [Coordinator]: Found a problem
[35mnurse_1        |[0m [INFO] [1675266501.450988239] [Nurse]: not ready
[36;1mrobot_1        |[0m [INFO] [1675266501.452511112] [Robot]: Receiving sync message. a_pick_up_sample,arm1,robot1
[36;1mrobot_1        |[0m [INFO] [1675266501.455045441] [Robot]: not ready
[35mnurse_1        |[0m [INFO] [1675266501.453114936] [Nurse]: Action result: False
[35mnurse_1        |[0m [INFO] [1675266501.454963410] [Nurse]: Action: a_authenticate_nurse
[32menvironment_1  |[0m [INFO] [1675266501.460097377] [Environment]: Receiving message: a_navto,robot1,Room1
[35mnurse_1        |[0m [INFO] [1675266501.460034310] [Nurse]: Doing a_authenticate_nurse
[36marm_1          |[0m [INFO] [1675266501.465020459] [Arm]: not ready
[36;1mrobot_1        |[0m [INFO] [1675266501.466750119] [Robot]: Receiving sync message. a_authenticate_nurse,robot1,nurse1
[36marm_1          |[0m [INFO] [1675266501.466429092] [Arm]: Action result: False
[36marm_1          |[0m [INFO] [1675266501.468472466] [Arm]: Action: a_pick_up_sample
[36marm_1          |[0m [INFO] [1675266501.470743134] [Arm]: Doing a_pick_up_sample
[36;1mrobot_1        |[0m [INFO] [1675266501.468895777] [Robot]: not ready
[36;1mrobot_1        |[0m [INFO] [1675266501.484690002] [Robot]: Receiving sync message. a_pick_up_sample,arm1,robot1
[36;1mrobot_1        |[0m [INFO] [1675266501.486834120] [Robot]: not ready
[35mnurse_1        |[0m [INFO] [1675266501.474963327] [Nurse]: not ready
[35mnurse_1        |[0m [INFO] [1675266501.480897580] [Nurse]: Action result: False
[35mnurse_1        |[0m [INFO] [1675266501.482833591] [Nurse]: Action: a_authenticate_nurse
[35mnurse_1        |[0m [INFO] [1675266501.484687526] [Nurse]: Doing a_authenticate_nurse
[36marm_1          |[0m [INFO] [1675266501.489316621] [Arm]: not ready
[36;1mrobot_1        |[0m [INFO] [1675266501.490196287] [Robot]: Receiving sync message. a_authenticate_nurse,robot1,nurse1
[36marm_1          |[0m [INFO] [1675266501.490211990] [Arm]: Action result: False
[36marm_1          |[0m [INFO] [1675266501.491088857] [Arm]: Action: a_pick_up_sample
[36;1mrobot_1        |[0m [INFO] [1675266501.491986761] [Robot]: not ready
[35mnurse_1        |[0m [INFO] [1675266501.498287093] [Nurse]: not ready
[35mnurse_1        |[0m [INFO] [1675266501.500514212] [Nurse]: Action result: False
[35mnurse_1        |[0m [INFO] [1675266501.501689073] [Nurse]: Action: a_authenticate_nurse
[35mnurse_1        |[0m [INFO] [1675266501.502888967] [Nurse]: Doing a_authenticate_nurse
[36marm_1          |[0m [INFO] [1675266501.495929165] [Arm]: Doing a_pick_up_sample
[36;1mrobot_1        |[0m [INFO] [1675266501.506409248] [Robot]: Receiving sync message. a_authenticate_nurse,robot1,nurse1
[32menvironment_1  |[0m [INFO] [1675266501.508574165] [Environment]: Action: a_navto
[33mcoordinator_1  |[0m [INFO] [1675266501.518036391] [Coordinator]: Found a problem
[32menvironment_1  |[0m [INFO] [1675266501.509860079] [Environment]: Responding
[32menvironment_1  |[0m [INFO] [1675266501.512202681] [Environment]: Receiving message: monitor
[32menvironment_1  |[0m [INFO] [1675266501.513263909] [Environment]: Action: monitor
[35mnurse_1        |[0m [INFO] [1675266501.523053397] [Nurse]: not ready
[35mnurse_1        |[0m [INFO] [1675266501.525842686] [Nurse]: Action result: False
[36;1mrobot_1        |[0m [INFO] [1675266501.508739172] [Robot]: not ready
[36;1mrobot_1        |[0m [INFO] [1675266501.522220348] [Robot]: Receiving sync message. a_pick_up_sample,arm1,robot1
[36;1mrobot_1        |[0m [INFO] [1675266501.523049326] [Robot]: not ready
[36;1mrobot_1        |[0m [INFO] [1675266501.524969383] [Robot]: success
[35mnurse_1        |[0m [INFO] [1675266501.533151320] [Nurse]: Action: a_authenticate_nurse
[35mnurse_1        |[0m [INFO] [1675266501.534449911] [Nurse]: Doing a_authenticate_nurse
[33mcoordinator_1  |[0m [INFO] [1675266501.531916952] [Coordinator]: Receiving sync message: action_complete,a_navto
[33mcoordinator_1  |[0m [INFO] [1675266501.533740963] [Coordinator]: action_complete
[33mcoordinator_1  |[0m [INFO] [1675266501.535227852] [Coordinator]: plans_actions_current 2 of 11
[36;1mrobot_1        |[0m [INFO] [1675266501.528784539] [Robot]: Action result: True
[36marm_1          |[0m [INFO] [1675266501.539460578] [Arm]: not ready
[36marm_1          |[0m [INFO] [1675266501.541389915] [Arm]: Action result: False
[36marm_1          |[0m [INFO] [1675266501.542980551] [Arm]: Action: a_pick_up_sample
[36marm_1          |[0m [INFO] [1675266501.544724718] [Arm]: Doing a_pick_up_sample
[36;1mrobot_1        |[0m [INFO] [1675266501.549319779] [Robot]: Receiving sync message. a_authenticate_nurse,robot1,nurse1
[36;1mrobot_1        |[0m [INFO] [1675266501.552036521] [Robot]: not ready
[35mnurse_1        |[0m [INFO] [1675266501.557634426] [Nurse]: not ready
[32menvironment_1  |[0m [INFO] [1675266501.560016606] [Environment]: Receiving message: monitor
[32menvironment_1  |[0m [INFO] [1675266501.561219487] [Environment]: Action: monitor
[36;1mrobot_1        |[0m [INFO] [1675266501.562345661] [Robot]: Action: a_approach_nurse
[35mnurse_1        |[0m [INFO] [1675266501.561155352] [Nurse]: Action result: False
[35mnurse_1        |[0m [INFO] [1675266501.563516041] [Nurse]: Action: a_authenticate_nurse
[33mcoordinator_1  |[0m [INFO] [1675266501.565900219] [Coordinator]: Found a problem
[35mnurse_1        |[0m [INFO] [1675266501.568846333] [Nurse]: Doing a_authenticate_nurse
[36;1mrobot_1        |[0m [INFO] [1675266501.572131150] [Robot]: Doing a_approach_nurse
[36;1mrobot_1        |[0m [INFO] [1675266501.574691211] [Robot]: Receiving sync message. a_pick_up_sample,arm1,robot1
[36;1mrobot_1        |[0m [INFO] [1675266501.577163334] [Robot]: not ready
[32menvironment_1  |[0m [INFO] [1675266501.576441604] [Environment]: Receiving message: monitor
[32menvironment_1  |[0m [INFO] [1675266501.579016643] [Environment]: Action: monitor
[32menvironment_1  |[0m [INFO] [1675266501.582364866] [Environment]: Receiving message: a_approach_nurse,robot1
[33mcoordinator_1  |[0m [INFO] [1675266501.582284675] [Coordinator]: Found a problem
[36marm_1          |[0m [INFO] [1675266501.586347154] [Arm]: not ready
[36marm_1          |[0m [INFO] [1675266501.588085648] [Arm]: Action result: False
[36marm_1          |[0m [INFO] [1675266501.590319069] [Arm]: Action: a_pick_up_sample
[36;1mrobot_1        |[0m [INFO] [1675266501.585814823] [Robot]: Receiving sync message. a_authenticate_nurse,robot1,nurse1
[36;1mrobot_1        |[0m [INFO] [1675266501.587557721] [Robot]: not ready
[36marm_1          |[0m [INFO] [1675266501.591649613] [Arm]: Doing a_pick_up_sample
[35mnurse_1        |[0m [INFO] [1675266501.594975131] [Nurse]: not ready
[35mnurse_1        |[0m [INFO] [1675266501.596016028] [Nurse]: Action result: False
[36;1mrobot_1        |[0m [INFO] [1675266501.595254380] [Robot]: Receiving sync message. a_pick_up_sample,arm1,robot1
[35mnurse_1        |[0m [INFO] [1675266501.597136346] [Nurse]: Action: a_authenticate_nurse
[35mnurse_1        |[0m [INFO] [1675266501.598250633] [Nurse]: Doing a_authenticate_nurse
[36;1mrobot_1        |[0m [INFO] [1675266501.599526161] [Robot]: not ready
[36;1mrobot_1        |[0m [INFO] [1675266501.602840543] [Robot]: Receiving sync message. a_authenticate_nurse,robot1,nurse1
[32menvironment_1  |[0m [INFO] [1675266501.608081827] [Environment]: Action: a_approach_nurse
[32menvironment_1  |[0m [INFO] [1675266501.609163552] [Environment]: Responding
[36;1mrobot_1        |[0m [INFO] [1675266501.608243669] [Robot]: not ready
[36marm_1          |[0m [INFO] [1675266501.607334797] [Arm]: not ready
[36marm_1          |[0m [INFO] [1675266501.609510937] [Arm]: Action result: False
[35mnurse_1        |[0m [INFO] [1675266501.612324212] [Nurse]: not ready
[35mnurse_1        |[0m [INFO] [1675266501.614385466] [Nurse]: Action result: False
[33mcoordinator_1  |[0m [INFO] [1675266501.619363146] [Coordinator]: Receiving sync message: action_complete,a_approach_nurse
[33mcoordinator_1  |[0m [INFO] [1675266501.621952127] [Coordinator]: action_complete
[36;1mrobot_1        |[0m [INFO] [1675266501.614692582] [Robot]: success
[36;1mrobot_1        |[0m [INFO] [1675266501.615415515] [Robot]: Action result: True
[35mnurse_1        |[0m [INFO] [1675266501.615852383] [Nurse]: Action: a_authenticate_nurse
[35mnurse_1        |[0m [INFO] [1675266501.617661866] [Nurse]: Doing a_authenticate_nurse
[36;1mrobot_1        |[0m [INFO] [1675266501.622711810] [Robot]: Receiving sync message. a_authenticate_nurse,robot1,nurse1
[33mcoordinator_1  |[0m [INFO] [1675266501.624558941] [Coordinator]: plans_actions_current 3 of 11
[36marm_1          |[0m [INFO] [1675266501.621467027] [Arm]: Action: a_pick_up_sample
[36marm_1          |[0m [INFO] [1675266501.624014628] [Arm]: Doing a_pick_up_sample
[35mnurse_1        |[0m [INFO] [1675266501.632326440] [Nurse]: not ready
[35mnurse_1        |[0m [INFO] [1675266501.634083505] [Nurse]: Action result: False
[36;1mrobot_1        |[0m [INFO] [1675266501.628558208] [Robot]: not ready
[36;1mrobot_1        |[0m [INFO] [1675266501.634250189] [Robot]: Receiving sync message. a_pick_up_sample,arm1,robot1
[32menvironment_1  |[0m [INFO] [1675266501.636043561] [Environment]: Receiving message: monitor
[36;1mrobot_1        |[0m [INFO] [1675266501.636354997] [Robot]: not ready
[35mnurse_1        |[0m [INFO] [1675266501.637094843] [Nurse]: Action: a_authenticate_nurse
[35mnurse_1        |[0m [INFO] [1675266501.638154165] [Nurse]: Doing a_authenticate_nurse
[36;1mrobot_1        |[0m [INFO] [1675266501.644538188] [Robot]: Action: a_authenticate_nurse
[36marm_1          |[0m [INFO] [1675266501.646141528] [Arm]: not ready
[36marm_1          |[0m [INFO] [1675266501.648083559] [Arm]: Action result: False
[36marm_1          |[0m [INFO] [1675266501.650055675] [Arm]: Action: a_pick_up_sample
[36marm_1          |[0m [INFO] [1675266501.651760676] [Arm]: Doing a_pick_up_sample
[36;1mrobot_1        |[0m [INFO] [1675266501.652767076] [Robot]: Doing a_authenticate_nurse
[36;1mrobot_1        |[0m [INFO] [1675266501.656303881] [Robot]: Receiving sync message. a_authenticate_nurse,robot1,nurse1
[36;1mrobot_1        |[0m [INFO] [1675266501.657258364] [Robot]: Authenticate nurse
[36;1mrobot_1        |[0m [INFO] [1675266501.658853382] [Robot]: Receiving sync message. a_pick_up_sample,arm1,robot1
[35mnurse_1        |[0m [INFO] [1675266501.667845146] [Nurse]: success
[35mnurse_1        |[0m [INFO] [1675266501.669202119] [Nurse]: Action result: True
[36;1mrobot_1        |[0m [INFO] [1675266501.660370944] [Robot]: not ready
[35mnurse_1        |[0m [INFO] [1675266501.670691470] [Nurse]: Action: a_deposit
[35mnurse_1        |[0m [INFO] [1675266501.671756560] [Nurse]: Doing a_deposit
[33mcoordinator_1  |[0m [INFO] [1675266501.669376864] [Coordinator]: Found a problem
[32menvironment_1  |[0m [INFO] [1675266501.662279206] [Environment]: Action: monitor
[36;1mrobot_1        |[0m [INFO] [1675266501.672604565] [Robot]: wating for nurse1 to authenticate to robot1
[36;1mrobot_1        |[0m [INFO] [1675266501.675178776] [Robot]: Action result: False
[36;1mrobot_1        |[0m [INFO] [1675266501.681677675] [Robot]: Receiving sync message. a_deposit,nurse1,robot1
[36marm_1          |[0m [INFO] [1675266501.679234606] [Arm]: not ready
[36marm_1          |[0m [INFO] [1675266501.680239042] [Arm]: Action result: False
[36marm_1          |[0m [INFO] [1675266501.681006779] [Arm]: Action: a_pick_up_sample
[36marm_1          |[0m [INFO] [1675266501.681685847] [Arm]: Doing a_pick_up_sample
[32menvironment_1  |[0m [INFO] [1675266501.683680559] [Environment]: Receiving message: monitor
[36;1mrobot_1        |[0m [INFO] [1675266501.686289851] [Robot]: not ready
[36;1mrobot_1        |[0m [INFO] [1675266501.689839270] [Robot]: Action: a_authenticate_nurse
[36;1mrobot_1        |[0m [INFO] [1675266501.690923919] [Robot]: Doing a_authenticate_nurse
[36;1mrobot_1        |[0m [INFO] [1675266501.691929601] [Robot]: Action result: True
[36;1mrobot_1        |[0m [INFO] [1675266501.693437193] [Robot]: Receiving sync message. a_pick_up_sample,arm1,robot1
[35mnurse_1        |[0m [INFO] [1675266501.691972304] [Nurse]: not ready
[33mcoordinator_1  |[0m [INFO] [1675266501.696201176] [Coordinator]: Receiving sync message: action_complete,a_authenticate_nurse
[33mcoordinator_1  |[0m [INFO] [1675266501.698781623] [Coordinator]: action_complete
[36;1mrobot_1        |[0m [INFO] [1675266501.694527325] [Robot]: not ready
[35mnurse_1        |[0m [INFO] [1675266501.694585738] [Nurse]: Action result: False
[33mcoordinator_1  |[0m [INFO] [1675266501.704861278] [Coordinator]: plans_actions_current 4 of 11
[36marm_1          |[0m [INFO] [1675266501.698490191] [Arm]: not ready
[36;1mrobot_1        |[0m [INFO] [1675266501.709798081] [Robot]: Action: a_open_drawer
[36marm_1          |[0m [INFO] [1675266501.706280157] [Arm]: Action result: False
[35mnurse_1        |[0m [INFO] [1675266501.709748866] [Nurse]: Action: a_deposit
[36marm_1          |[0m [INFO] [1675266501.709498158] [Arm]: Action: a_pick_up_sample
[35mnurse_1        |[0m [INFO] [1675266501.711392874] [Nurse]: Doing a_deposit
[32menvironment_1  |[0m [INFO] [1675266501.712223873] [Environment]: Action: monitor
[36marm_1          |[0m [INFO] [1675266501.711368946] [Arm]: Doing a_pick_up_sample
[33mcoordinator_1  |[0m [INFO] [1675266501.718236294] [Coordinator]: Found a problem
[36;1mrobot_1        |[0m [INFO] [1675266501.711383649] [Robot]: Doing a_open_drawer
[36;1mrobot_1        |[0m [INFO] [1675266501.716134012] [Robot]: success
[33mcoordinator_1  |[0m [INFO] [1675266501.722073699] [Coordinator]: Receiving sync message: action_complete,a_open_drawer
[33mcoordinator_1  |[0m [INFO] [1675266501.722963288] [Coordinator]: action_complete
[33mcoordinator_1  |[0m [INFO] [1675266501.723680797] [Coordinator]: plans_actions_current 5 of 11
[36;1mrobot_1        |[0m [INFO] [1675266501.717413605] [Robot]: Action result: True
[36;1mrobot_1        |[0m [INFO] [1675266501.725659430] [Robot]: Receiving sync message. a_deposit,nurse1,robot1
[36;1mrobot_1        |[0m [INFO] [1675266501.727616275] [Robot]: not ready
[36;1mrobot_1        |[0m [INFO] [1675266501.730884134] [Robot]: Receiving sync message. a_pick_up_sample,arm1,robot1
[35mnurse_1        |[0m [INFO] [1675266501.730483836] [Nurse]: not ready
[35mnurse_1        |[0m [INFO] [1675266501.731247372] [Nurse]: Action result: False
[35mnurse_1        |[0m [INFO] [1675266501.731934916] [Nurse]: Action: a_deposit
[35mnurse_1        |[0m [INFO] [1675266501.732691806] [Nurse]: Doing a_deposit
[36;1mrobot_1        |[0m [INFO] [1675266501.736477619] [Robot]: not ready
[32menvironment_1  |[0m [INFO] [1675266501.739636341] [Environment]: Receiving message: monitor
[36marm_1          |[0m [INFO] [1675266501.741516288] [Arm]: not ready
[32menvironment_1  |[0m [INFO] [1675266501.742356578] [Environment]: Action: monitor
[36marm_1          |[0m [INFO] [1675266501.744066854] [Arm]: Action result: False
[36marm_1          |[0m [INFO] [1675266501.745963846] [Arm]: Action: a_pick_up_sample
[36;1mrobot_1        |[0m [INFO] [1675266501.745072807] [Robot]: Action: a_deposit
[36marm_1          |[0m [INFO] [1675266501.747354110] [Arm]: Doing a_pick_up_sample
[36;1mrobot_1        |[0m [INFO] [1675266501.747349543] [Robot]: Doing a_deposit
[36;1mrobot_1        |[0m [INFO] [1675266501.752179284] [Robot]: wating for nurse1 to deposit in robot1
[33mcoordinator_1  |[0m [INFO] [1675266501.757709779] [Coordinator]: Found a problem
[36;1mrobot_1        |[0m [INFO] [1675266501.759469107] [Robot]: Action result: False
[36;1mrobot_1        |[0m [INFO] [1675266501.760324855] [Robot]: Action: a_deposit
[36;1mrobot_1        |[0m [INFO] [1675266501.761123039] [Robot]: Doing a_deposit
[36;1mrobot_1        |[0m [INFO] [1675266501.761939057] [Robot]: wating for nurse1 to deposit in robot1
[36;1mrobot_1        |[0m [INFO] [1675266501.762690953] [Robot]: Action result: False
[36;1mrobot_1        |[0m [INFO] [1675266501.763376745] [Robot]: Action: a_deposit
[36;1mrobot_1        |[0m [INFO] [1675266501.763999589] [Robot]: Doing a_deposit
[36;1mrobot_1        |[0m [INFO] [1675266501.764673548] [Robot]: wating for nurse1 to deposit in robot1
[32menvironment_1  |[0m [INFO] [1675266501.767931217] [Environment]: Receiving message: monitor
[32menvironment_1  |[0m [INFO] [1675266501.768943840] [Environment]: Action: monitor
[36;1mrobot_1        |[0m [INFO] [1675266501.766122681] [Robot]: Receiving sync message. a_deposit,nurse1,robot1
[33mcoordinator_1  |[0m [INFO] [1675266501.775649117] [Coordinator]: Found a problem
[36;1mrobot_1        |[0m [INFO] [1675266501.774079561] [Robot]: Deposit
[36;1mrobot_1        |[0m [INFO] [1675266501.778567148] [Robot]: Action result: False
[36;1mrobot_1        |[0m [INFO] [1675266501.780267209] [Robot]: Action: a_deposit
[36;1mrobot_1        |[0m [INFO] [1675266501.782004638] [Robot]: Doing a_deposit
[35mnurse_1        |[0m [INFO] [1675266501.780117676] [Nurse]: success
[36;1mrobot_1        |[0m [INFO] [1675266501.783717145] [Robot]: Action result: True
[35mnurse_1        |[0m [INFO] [1675266501.789098145] [Nurse]: Action result: True
[36;1mrobot_1        |[0m [INFO] [1675266501.789027984] [Robot]: Receiving sync message. a_pick_up_sample,arm1,robot1
[36;1mrobot_1        |[0m [INFO] [1675266501.790585168] [Robot]: not ready
[33mcoordinator_1  |[0m [INFO] [1675266501.791029052] [Coordinator]: Receiving sync message: action_complete,a_deposit
[35mnurse_1        |[0m [INFO] [1675266501.793815895] [Nurse]: Action: a_open_door
[35mnurse_1        |[0m [INFO] [1675266501.796038346] [Nurse]: Doing a_open_door
[33mcoordinator_1  |[0m [INFO] [1675266501.797836532] [Coordinator]: action_complete
[36marm_1          |[0m [INFO] [1675266501.799547306] [Arm]: not ready
[33mcoordinator_1  |[0m [INFO] [1675266501.799881210] [Coordinator]: plans_actions_current 6 of 11
[36marm_1          |[0m [INFO] [1675266501.802483698] [Arm]: Action result: False
[36marm_1          |[0m [INFO] [1675266501.807310774] [Arm]: Action: a_pick_up_sample
[36;1mrobot_1        |[0m [INFO] [1675266501.807559035] [Robot]: Action: a_close_drawer
[36;1mrobot_1        |[0m [INFO] [1675266501.810512424] [Robot]: Doing a_close_drawer
[36;1mrobot_1        |[0m [INFO] [1675266501.811906484] [Robot]: success
[36;1mrobot_1        |[0m [INFO] [1675266501.813219389] [Robot]: Action result: True
[36marm_1          |[0m [INFO] [1675266501.816464380] [Arm]: Doing a_pick_up_sample
[33mcoordinator_1  |[0m [INFO] [1675266501.816131996] [Coordinator]: Receiving sync message: action_complete,a_close_drawer
[33mcoordinator_1  |[0m [INFO] [1675266501.817449976] [Coordinator]: action_complete
[33mcoordinator_1  |[0m [INFO] [1675266501.818356425] [Coordinator]: plans_actions_current 7 of 11
[32menvironment_1  |[0m [INFO] [1675266501.821942793] [Environment]: Receiving message: monitor
[36;1mrobot_1        |[0m [INFO] [1675266501.821354652] [Robot]: Receiving sync message. a_pick_up_sample,arm1,robot1
[36;1mrobot_1        |[0m [INFO] [1675266501.823213038] [Robot]: not ready
[36marm_1          |[0m [INFO] [1675266501.832839567] [Arm]: not ready
[36marm_1          |[0m [INFO] [1675266501.834220343] [Arm]: Action result: False
[36marm_1          |[0m [INFO] [1675266501.835674303] [Arm]: Action: a_pick_up_sample
[36;1mrobot_1        |[0m [INFO] [1675266501.831371938] [Robot]: Action: a_navto
[36;1mrobot_1        |[0m [INFO] [1675266501.833668704] [Robot]: Doing a_navto
[36marm_1          |[0m [INFO] [1675266501.845124970] [Arm]: Doing a_pick_up_sample
[36;1mrobot_1        |[0m [INFO] [1675266501.854560716] [Robot]: Receiving sync message. a_pick_up_sample,arm1,robot1
[36;1mrobot_1        |[0m [INFO] [1675266501.863730607] [Robot]: not ready
[36marm_1          |[0m [INFO] [1675266501.872232326] [Arm]: not ready
[32menvironment_1  |[0m [INFO] [1675266501.874328891] [Environment]: Action: monitor
[36marm_1          |[0m [INFO] [1675266501.880919084] [Arm]: Action result: False
[36marm_1          |[0m [INFO] [1675266501.885791046] [Arm]: Action: a_pick_up_sample
[36marm_1          |[0m [INFO] [1675266501.888073434] [Arm]: Doing a_pick_up_sample
[36;1mrobot_1        |[0m [INFO] [1675266501.900332866] [Robot]: Receiving sync message. a_pick_up_sample,arm1,robot1
[32menvironment_1  |[0m [INFO] [1675266501.905008930] [Environment]: Receiving message: a_open_door,nurse1,Room3
[32menvironment_1  |[0m [INFO] [1675266501.907193669] [Environment]: Action: a_open_door
[33mcoordinator_1  |[0m [INFO] [1675266501.895462263] [Coordinator]: Found a problem
[36;1mrobot_1        |[0m [INFO] [1675266501.901358710] [Robot]: not ready
[36marm_1          |[0m [INFO] [1675266501.905098373] [Arm]: not ready
[36marm_1          |[0m [INFO] [1675266501.907274154] [Arm]: Action result: False
[36marm_1          |[0m [INFO] [1675266501.909758272] [Arm]: Action: a_pick_up_sample
[32menvironment_1  |[0m [INFO] [1675266501.912140833] [Environment]: Responding
[36marm_1          |[0m [INFO] [1675266501.921273500] [Arm]: Doing a_pick_up_sample
[35mnurse_1        |[0m [INFO] [1675266501.922255991] [Nurse]: success
[35mnurse_1        |[0m [INFO] [1675266501.923907546] [Nurse]: Action result: True
[36marm_1          |[0m [INFO] [1675266501.945496388] [Arm]: not ready
[36;1mrobot_1        |[0m [INFO] [1675266501.939718287] [Robot]: Receiving sync message. a_pick_up_sample,arm1,robot1
[36;1mrobot_1        |[0m [INFO] [1675266501.941905764] [Robot]: not ready
[36marm_1          |[0m [INFO] [1675266501.947447889] [Arm]: Action result: False
[32menvironment_1  |[0m [INFO] [1675266501.952046600] [Environment]: Receiving message: a_navto,robot1,Room3
[36marm_1          |[0m [INFO] [1675266501.950896110] [Arm]: Action: a_pick_up_sample
[32menvironment_1  |[0m [INFO] [1675266501.953216312] [Environment]: Action: a_navto
[36;1mrobot_1        |[0m [INFO] [1675266501.959409418] [Robot]: Receiving sync message. a_pick_up_sample,arm1,robot1
[36;1mrobot_1        |[0m [INFO] [1675266501.961430995] [Robot]: not ready
[32menvironment_1  |[0m [INFO] [1675266501.962323282] [Environment]: Responding
[36marm_1          |[0m [INFO] [1675266501.955249392] [Arm]: Doing a_pick_up_sample
[36;1mrobot_1        |[0m [INFO] [1675266501.977748270] [Robot]: success
[36marm_1          |[0m [INFO] [1675266501.973761422] [Arm]: not ready
[36marm_1          |[0m [INFO] [1675266501.975726118] [Arm]: Action result: False
[36marm_1          |[0m [INFO] [1675266501.977742211] [Arm]: Action: a_pick_up_sample
[36marm_1          |[0m [INFO] [1675266501.979550301] [Arm]: Doing a_pick_up_sample
[33mcoordinator_1  |[0m [INFO] [1675266501.984236322] [Coordinator]: Receiving sync message: action_complete,a_navto
[36;1mrobot_1        |[0m [INFO] [1675266501.980824878] [Robot]: Action result: True
[33mcoordinator_1  |[0m [INFO] [1675266501.997566719] [Coordinator]: action_complete
[36;1mrobot_1        |[0m [INFO] [1675266501.998451138] [Robot]: Receiving sync message. a_pick_up_sample,arm1,robot1
[33mcoordinator_1  |[0m [INFO] [1675266502.012954831] [Coordinator]: plans_actions_current 8 of 11
[36;1mrobot_1        |[0m [INFO] [1675266502.001474256] [Robot]: not ready
[36;1mrobot_1        |[0m [INFO] [1675266502.017497902] [Robot]: Action: a_approach_arm
[36;1mrobot_1        |[0m [INFO] [1675266502.026107870] [Robot]: Doing a_approach_arm
[36marm_1          |[0m [INFO] [1675266502.034744900] [Arm]: not ready
[36marm_1          |[0m [INFO] [1675266502.037047852] [Arm]: Action result: False
[36marm_1          |[0m [INFO] [1675266502.038720610] [Arm]: Action: a_pick_up_sample
[36marm_1          |[0m [INFO] [1675266502.040741647] [Arm]: Doing a_pick_up_sample
[36;1mrobot_1        |[0m [INFO] [1675266502.049684873] [Robot]: Receiving sync message. a_pick_up_sample,arm1,robot1
[36;1mrobot_1        |[0m [INFO] [1675266502.050727686] [Robot]: not ready
[36marm_1          |[0m [INFO] [1675266502.055108738] [Arm]: not ready
[32menvironment_1  |[0m [INFO] [1675266502.058101129] [Environment]: Receiving message: monitor
[32menvironment_1  |[0m [INFO] [1675266502.060398701] [Environment]: Action: monitor
[36marm_1          |[0m [INFO] [1675266502.062479361] [Arm]: Action result: False
[36marm_1          |[0m [INFO] [1675266502.064595100] [Arm]: Action: a_pick_up_sample
[32menvironment_1  |[0m [INFO] [1675266502.079128180] [Environment]: Receiving message: a_approach_arm,robot1,arm1
[32menvironment_1  |[0m [INFO] [1675266502.080060836] [Environment]: Action: a_approach_arm
[36;1mrobot_1        |[0m [INFO] [1675266502.088381840] [Robot]: Receiving sync message. a_pick_up_sample,arm1,robot1
[36marm_1          |[0m [INFO] [1675266502.083948221] [Arm]: Doing a_pick_up_sample
[36;1mrobot_1        |[0m [INFO] [1675266502.097764579] [Robot]: not ready
[36marm_1          |[0m [INFO] [1675266502.110361655] [Arm]: not ready
[36marm_1          |[0m [INFO] [1675266502.112459558] [Arm]: Action result: False
[36marm_1          |[0m [INFO] [1675266502.114363795] [Arm]: Action: a_pick_up_sample
[36marm_1          |[0m [INFO] [1675266502.116669798] [Arm]: Doing a_pick_up_sample
[32menvironment_1  |[0m [INFO] [1675266502.115593392] [Environment]: Responding
[32menvironment_1  |[0m [INFO] [1675266502.117964994] [Environment]: Receiving message: monitor
[32menvironment_1  |[0m [INFO] [1675266502.119262996] [Environment]: Action: monitor
[36;1mrobot_1        |[0m [INFO] [1675266502.132055524] [Robot]: success
[36;1mrobot_1        |[0m [INFO] [1675266502.136476448] [Robot]: Receiving sync message. a_pick_up_sample,arm1,robot1
[32menvironment_1  |[0m [INFO] [1675266502.142233255] [Environment]: Receiving message: monitor
[32menvironment_1  |[0m [INFO] [1675266502.147382284] [Environment]: Action: monitor
[36;1mrobot_1        |[0m [INFO] [1675266502.146997915] [Robot]: not ready
[36;1mrobot_1        |[0m [INFO] [1675266502.155247168] [Robot]: Action result: True
[36marm_1          |[0m [INFO] [1675266502.162334617] [Arm]: not ready
[36marm_1          |[0m [INFO] [1675266502.163409614] [Arm]: Action result: False
[36marm_1          |[0m [INFO] [1675266502.164327380] [Arm]: Action: a_pick_up_sample
[36marm_1          |[0m [INFO] [1675266502.165564871] [Arm]: Doing a_pick_up_sample
[33mcoordinator_1  |[0m [INFO] [1675266502.167938198] [Coordinator]: Receiving sync message: action_complete,a_approach_arm
[33mcoordinator_1  |[0m [INFO] [1675266502.170072390] [Coordinator]: action_complete
[32menvironment_1  |[0m [INFO] [1675266502.167744785] [Environment]: Receiving message: monitor
[32menvironment_1  |[0m [INFO] [1675266502.169381302] [Environment]: Action: monitor
[36;1mrobot_1        |[0m [INFO] [1675266502.179983553] [Robot]: Receiving sync message. a_pick_up_sample,arm1,robot1
[36;1mrobot_1        |[0m [INFO] [1675266502.181484870] [Robot]: not ready
[33mcoordinator_1  |[0m [INFO] [1675266502.172723253] [Coordinator]: plans_actions_current 9 of 11
[36marm_1          |[0m [INFO] [1675266502.207279038] [Arm]: not ready
[36marm_1          |[0m [INFO] [1675266502.221909425] [Arm]: Action result: False
[36marm_1          |[0m [INFO] [1675266502.223505869] [Arm]: Action: a_pick_up_sample
[36;1mrobot_1        |[0m [INFO] [1675266502.211501810] [Robot]: Action: a_open_drawer
[36;1mrobot_1        |[0m [INFO] [1675266502.214139905] [Robot]: Doing a_open_drawer
[36;1mrobot_1        |[0m [INFO] [1675266502.224760140] [Robot]: success
[36;1mrobot_1        |[0m [INFO] [1675266502.227340999] [Robot]: Action result: True
[33mcoordinator_1  |[0m [INFO] [1675266502.231378258] [Coordinator]: Receiving sync message: action_complete,a_open_drawer
[33mcoordinator_1  |[0m [INFO] [1675266502.233347254] [Coordinator]: action_complete
[36marm_1          |[0m [INFO] [1675266502.237640744] [Arm]: Doing a_pick_up_sample
[32menvironment_1  |[0m [INFO] [1675266502.238616822] [Environment]: Receiving message: monitor
[33mcoordinator_1  |[0m [INFO] [1675266502.246215397] [Coordinator]: plans_actions_current 10 of 11
[36;1mrobot_1        |[0m [INFO] [1675266502.240667412] [Robot]: Receiving sync message. a_pick_up_sample,arm1,robot1
[36marm_1          |[0m [INFO] [1675266502.269897336] [Arm]: not ready
[36marm_1          |[0m [INFO] [1675266502.273338163] [Arm]: Action result: False
[32menvironment_1  |[0m [INFO] [1675266502.283870469] [Environment]: Action: monitor
[36marm_1          |[0m [INFO] [1675266502.275360265] [Arm]: Action: a_pick_up_sample
[36marm_1          |[0m [INFO] [1675266502.288059418] [Arm]: Doing a_pick_up_sample
[36marm_1          |[0m [INFO] [1675266502.294609188] [Arm]: success
[36;1mrobot_1        |[0m [INFO] [1675266502.254914885] [Robot]: not ready
[36;1mrobot_1        |[0m [INFO] [1675266502.277640898] [Robot]: Action: a_pick_up_sample
[36;1mrobot_1        |[0m [INFO] [1675266502.279521852] [Robot]: Doing a_pick_up_sample
[36;1mrobot_1        |[0m [INFO] [1675266502.290720713] [Robot]: Receiving sync message. a_pick_up_sample,arm1,robot1
[36;1mrobot_1        |[0m [INFO] [1675266502.291446830] [Robot]: Pick up
[36;1mrobot_1        |[0m [INFO] [1675266502.293646999] [Robot]: wating for arm1 to pick up from robot1
[36;1mrobot_1        |[0m [INFO] [1675266502.295713561] [Robot]: Action result: False
[36;1mrobot_1        |[0m [INFO] [1675266502.305056691] [Robot]: Action: a_pick_up_sample
[36;1mrobot_1        |[0m [INFO] [1675266502.310623771] [Robot]: Doing a_pick_up_sample
[36;1mrobot_1        |[0m [INFO] [1675266502.312700805] [Robot]: Action result: True
[32menvironment_1  |[0m [INFO] [1675266502.297174659] [Environment]: Receiving message: monitor
[36marm_1          |[0m [INFO] [1675266502.308540576] [Arm]: Action result: True
[32menvironment_1  |[0m [INFO] [1675266502.304302320] [Environment]: Action: monitor
[32menvironment_1  |[0m [INFO] [1675266502.323555010] [Environment]: Receiving message: monitor
[33mcoordinator_1  |[0m [INFO] [1675266502.327593465] [Coordinator]: Receiving sync message: action_complete,a_pick_up_sample
[32menvironment_1  |[0m [INFO] [1675266502.324724649] [Environment]: Action: monitor
[33mcoordinator_1  |[0m [INFO] [1675266502.340222161] [Coordinator]: action_complete
[33mcoordinator_1  |[0m [INFO] [1675266502.341969889] [Coordinator]: plans_actions_current 11 of 11
[33mcoordinator_1  |[0m [INFO] [1675266502.343571792] [Coordinator]: The time of execution of above program is:1.450803518295288
[33mcoordinator_1  |[0m [INFO] [1675266502.344889519] [Coordinator]: Achieved
[33mcoordinator_1  |[0m [INFO] [1675266502.346252083] [Coordinator]: ENDSIM
[36;1mrobot_1        |[0m [INFO] [1675266502.354577383] [Robot]: Action: a_close_drawer
[36;1mrobot_1        |[0m [INFO] [1675266502.356253011] [Robot]: Doing a_close_drawer
[36;1mrobot_1        |[0m [INFO] [1675266502.370374783] [Robot]: success
[36;1mrobot_1        |[0m [INFO] [1675266502.372026755] [Robot]: Action result: True
[33mcoordinator_1  |[0m [INFO] [1675266502.392930586] [Coordinator]: Receiving sync message: action_complete,a_close_drawer
[33mcoordinator_1  |[0m [INFO] [1675266502.401650753] [Coordinator]: action_complete
[33mcoordinator_1  |[0m [INFO] [1675266502.403817849] [Coordinator]: plans_actions_current 12 of 11
[33mcoordinator_1  |[0m [INFO] [1675266502.475922721] [Coordinator]: The time of execution of above program is:1.512854814529419
[33mcoordinator_1  |[0m [INFO] [1675266502.477486062] [Coordinator]: Achieved
[33mcoordinator_1  |[0m [INFO] [1675266502.479793661] [Coordinator]: ENDSIM
Stopping planning_environment_1 ... 
Stopping planning_nurse_1       ... 
Stopping planning_planner_1     ... 
Stopping planning_coordinator_1 ... 
Stopping planning_arm_1         ... 
Stopping planning_robot_1       ... 
[32mplanning_environment_1 exited with code 137
[0mStopping planning_environment_1 ... done
[35mplanning_nurse_1 exited with code 137
[0mStopping planning_nurse_1       ... done
Stopping planning_planner_1     ... done
[34mplanning_planner_1 exited with code 137
[0mStopping planning_arm_1         ... done
[36mplanning_arm_1 exited with code 137
[0mStopping planning_coordinator_1 ... done
[33mplanning_coordinator_1 exited with code 137
[0mStopping planning_robot_1       ... done
[36;1mplanning_robot_1 exited with code 137
[0mRemoving planning_environment_1 ... 
Removing planning_nurse_1       ... 
Removing planning_planner_1     ... 
Removing planning_coordinator_1 ... 
Removing planning_arm_1         ... 
Removing planning_robot_1       ... 
Removing planning_robot_1       ... done
Removing planning_nurse_1       ... done
Removing planning_planner_1     ... done
Removing planning_coordinator_1 ... done
Removing planning_arm_1         ... done
Removing planning_environment_1 ... done
Removing network planning_ros
