Creating network "planning_ros" with the default driver
Creating planning_nurse_1 ... 
Creating planning_planner_1 ... 
Creating planning_coordinator_1 ... 
Creating planning_robot_1       ... 
Creating planning_arm_1         ... 
Creating planning_environment_1 ... 
Creating planning_nurse_1       ... done
Creating planning_robot_1       ... done
Creating planning_planner_1     ... done
Creating planning_environment_1 ... done
Creating planning_coordinator_1 ... done
Creating planning_arm_1         ... done
Attaching to planning_nurse_1, planning_robot_1, planning_planner_1, planning_environment_1, planning_coordinator_1, planning_arm_1
[35mnurse_1        |[0m [INFO] [1675259787.497115487] [Nurse]: Starting Nurse server
[35mnurse_1        |[0m [INFO] [1675259787.558436565] [Nurse]: Nurse server started
[35mnurse_1        |[0m [INFO] [1675259787.561641098] [Nurse]: Starting Nurse clients
[36;1mrobot_1        |[0m [INFO] [1675259787.802239738] [Robot]: Starting Robot server
[36;1mrobot_1        |[0m [INFO] [1675259787.837772200] [Robot]: Robot server started
[36;1mrobot_1        |[0m [INFO] [1675259787.840030027] [Robot]: Starting Robots clients
[35mnurse_1        |[0m [INFO] [1675259788.604130171] [Nurse]: coordinator service not available, waiting again...
[36;1mrobot_1        |[0m [INFO] [1675259788.858140172] [Robot]: coordinator service not available, waiting again...
[35mnurse_1        |[0m [INFO] [1675259789.639936122] [Nurse]: coordinator service not available, waiting again...
[36;1mrobot_1        |[0m [INFO] [1675259789.902874318] [Robot]: coordinator service not available, waiting again...
[32menvironment_1  |[0m [INFO] [1675259790.215898462] [Environment]: Starting Environment server
[32menvironment_1  |[0m [INFO] [1675259790.247484438] [Environment]: Environment server started
[33mcoordinator_1  |[0m [INFO] [1675259790.572117387] [Coordinator]: Starting Coordinator server
[35mnurse_1        |[0m [INFO] [1675259790.670460078] [Nurse]: coordinator service not available, waiting again...
[33mcoordinator_1  |[0m [INFO] [1675259790.720323839] [Coordinator]: Coordinator server started
[33mcoordinator_1  |[0m [INFO] [1675259790.733306557] [Coordinator]: Starting Coordinator clients
[36;1mrobot_1        |[0m [INFO] [1675259790.972686013] [Robot]: Robots clients started
[35mnurse_1        |[0m [INFO] [1675259790.952768069] [Nurse]: Nurse clients started
[35mnurse_1        |[0m [INFO] [1675259791.034354139] [Nurse]: Sent request
[33mcoordinator_1  |[0m [INFO] [1675259791.784508537] [Coordinator]: planner sync service not available, waiting again...
[33mcoordinator_1  |[0m [INFO] [1675259792.799205938] [Coordinator]: planner sync service not available, waiting again...
[33mcoordinator_1  |[0m [INFO] [1675259793.823750626] [Coordinator]: planner sync service not available, waiting again...
[33mcoordinator_1  |[0m [INFO] [1675259794.842171326] [Coordinator]: planner sync service not available, waiting again...
[33mcoordinator_1  |[0m [INFO] [1675259795.887651811] [Coordinator]: planner sync service not available, waiting again...
[33mcoordinator_1  |[0m [INFO] [1675259796.900556637] [Coordinator]: planner sync service not available, waiting again...
[33mcoordinator_1  |[0m [INFO] [1675259797.918024598] [Coordinator]: planner sync service not available, waiting again...
[34mplanner_1      |[0m [INFO] [1675259798.197353894] [Planner]: Starting Planner server
[34mplanner_1      |[0m [INFO] [1675259798.243374280] [Planner]: Planner server started
[36marm_1          |[0m [INFO] [1675259799.131823215] [Arm]: Starting Arm server
[36marm_1          |[0m [INFO] [1675259799.147970592] [Arm]: Arm server started
[36marm_1          |[0m [INFO] [1675259799.150036062] [Arm]: Starting Nurse clients
[36marm_1          |[0m [INFO] [1675259799.180144483] [Arm]: Nurse clients started
[33mcoordinator_1  |[0m [INFO] [1675259799.210318452] [Coordinator]: Coordinator clients started
[34mplanner_1      |[0m [INFO] [1675259799.263295431] [Planner]: Receiving sync message. need_plan,robot1,nurse1,arm1
[33mcoordinator_1  |[0m [INFO] [1675259799.255927217] [Coordinator]: Receiving message of nurse1 in room3.
[33mcoordinator_1  |[0m [INFO] [1675259799.258113786] [Coordinator]: Sending response
[33mcoordinator_1  |[0m [INFO] [1675259799.259874429] [Coordinator]: Planing
[33mcoordinator_1  |[0m [INFO] [1675259799.260614293] [Coordinator]: Creating plan for: robot1, nurse1, arm1 
[34mplanner_1      |[0m [INFO] [1675259799.279087631] [Planner]: Creating plan for: robot1 robot1 nurse1
[35mnurse_1        |[0m [INFO] [1675259799.288856499] [Nurse]: Request response:Okay!
[34mplanner_1      |[0m [INFO] [1675259799.295675134] [Planner]: a_navto,robot1,Room1
[34mplanner_1      |[0m [INFO] [1675259799.309051690] [Planner]: a_approach_nurse,robot1
[34mplanner_1      |[0m [INFO] [1675259799.311467197] [Planner]: a_authenticate_nurse,robot1,nurse1
[34mplanner_1      |[0m [INFO] [1675259799.325098479] [Planner]: a_open_drawer,robot1
[34mplanner_1      |[0m [INFO] [1675259799.327325824] [Planner]: a_deposit,nurse1,robot1
[34mplanner_1      |[0m [INFO] [1675259799.340179117] [Planner]: a_close_drawer,robot1
[34mplanner_1      |[0m [INFO] [1675259799.342245571] [Planner]: a_navto,robot1,Room3
[34mplanner_1      |[0m [INFO] [1675259799.356023997] [Planner]: a_approach_arm,robot1,arm1
[34mplanner_1      |[0m [INFO] [1675259799.371404811] [Planner]: a_open_drawer,robot1
[34mplanner_1      |[0m [INFO] [1675259799.373585646] [Planner]: a_pick_up_sample,arm1,robot1
[34mplanner_1      |[0m [INFO] [1675259799.387132568] [Planner]: a_close_drawer,robot1
[34mplanner_1      |[0m [INFO] [1675259799.391772979] [Planner]: Sending response
[33mcoordinator_1  |[0m [INFO] [1675259799.408017374] [Coordinator]: Plan received for: robot1, nurse1, arm1 
[33mcoordinator_1  |[0m [INFO] [1675259799.410633534] [Coordinator]: a_navto,robot1,Room1/a_approach_nurse,robot1/a_authenticate_nurse,robot1,nurse1/a_open_drawer,robot1/a_deposit,nurse1,robot1/a_close_drawer,robot1/a_navto,robot1,Room3/a_approach_arm,robot1,arm1/a_open_drawer,robot1/a_pick_up_sample,arm1,robot1/a_close_drawer,robot1
[33mcoordinator_1  |[0m [INFO] [1675259799.425597437] [Coordinator]: a_navto,robot1,Room1
[33mcoordinator_1  |[0m [INFO] [1675259799.428598974] [Coordinator]: a_approach_nurse,robot1
[33mcoordinator_1  |[0m [INFO] [1675259799.441430749] [Coordinator]: a_authenticate_nurse,robot1,nurse1
[33mcoordinator_1  |[0m [INFO] [1675259799.448981126] [Coordinator]: a_open_drawer,robot1
[33mcoordinator_1  |[0m [INFO] [1675259799.457324946] [Coordinator]: a_deposit,nurse1,robot1
[33mcoordinator_1  |[0m [INFO] [1675259799.459544152] [Coordinator]: a_close_drawer,robot1
[33mcoordinator_1  |[0m [INFO] [1675259799.473275884] [Coordinator]: a_navto,robot1,Room3
[33mcoordinator_1  |[0m [INFO] [1675259799.475462623] [Coordinator]: a_approach_arm,robot1,arm1
[33mcoordinator_1  |[0m [INFO] [1675259799.488165997] [Coordinator]: a_open_drawer,robot1
[33mcoordinator_1  |[0m [INFO] [1675259799.489175519] [Coordinator]: a_pick_up_sample,arm1,robot1
[33mcoordinator_1  |[0m [INFO] [1675259799.490107922] [Coordinator]: a_close_drawer,robot1
[33mcoordinator_1  |[0m [INFO] [1675259799.491541301] [Coordinator]: Sending plans
[33mcoordinator_1  |[0m [INFO] [1675259799.519618120] [Coordinator]: Plans sent
[35mnurse_1        |[0m [INFO] [1675259799.532467314] [Nurse]: Receiving message.
[36marm_1          |[0m [INFO] [1675259799.548551064] [Arm]: Receiving message.
[36;1mrobot_1        |[0m [INFO] [1675259799.558559635] [Robot]: Receiving message.
[36;1mrobot_1        |[0m [INFO] [1675259799.560266112] [Robot]: Robot's actions:
[36;1mrobot_1        |[0m [INFO] [1675259799.561968750] [Robot]: a_navto
[36;1mrobot_1        |[0m [INFO] [1675259799.575471387] [Robot]: Action: a_navto
[36;1mrobot_1        |[0m [INFO] [1675259799.576877834] [Robot]: Doing a_navto
[35mnurse_1        |[0m [INFO] [1675259799.606276335] [Nurse]: Nurse's actions:
[36;1mrobot_1        |[0m [INFO] [1675259799.604078688] [Robot]: a_approach_nurse
[36;1mrobot_1        |[0m [INFO] [1675259799.605260936] [Robot]: a_open_drawer
[32menvironment_1  |[0m [INFO] [1675259799.655399423] [Environment]: Receiving message: a_navto,robot1,Room1
[32menvironment_1  |[0m [INFO] [1675259799.754066246] [Environment]: Action: a_navto
[32menvironment_1  |[0m [INFO] [1675259799.755962727] [Environment]: Responding
[32menvironment_1  |[0m [INFO] [1675259799.759053908] [Environment]: Receiving message: a_approach_arm,robot1,arm1
[36;1mrobot_1        |[0m [INFO] [1675259799.607115357] [Robot]: a_deposit
[36marm_1          |[0m [INFO] [1675259799.609138028] [Arm]: Arm's actions:
[36marm_1          |[0m [INFO] [1675259799.610351626] [Arm]: a_approach_arm
[36marm_1          |[0m [INFO] [1675259799.612101747] [Arm]: a_pick_up_sample
[35mnurse_1        |[0m [INFO] [1675259799.609073726] [Nurse]: a_authenticate_nurse
[35mnurse_1        |[0m [INFO] [1675259799.623899302] [Nurse]: Action: a_authenticate_nurse
[35mnurse_1        |[0m [INFO] [1675259799.638061637] [Nurse]: Doing a_authenticate_nurse
[35mnurse_1        |[0m [INFO] [1675259799.641401590] [Nurse]: a_deposit
[35mnurse_1        |[0m [INFO] [1675259799.671000991] [Nurse]: not ready
[35mnurse_1        |[0m [INFO] [1675259799.672567427] [Nurse]: Action result: False
[36marm_1          |[0m [INFO] [1675259799.625495717] [Arm]: Action: a_approach_arm
[36marm_1          |[0m [INFO] [1675259799.626323504] [Arm]: Doing a_approach_arm
[36;1mrobot_1        |[0m [INFO] [1675259799.608580977] [Robot]: a_close_drawer
[36;1mrobot_1        |[0m [INFO] [1675259799.621169380] [Robot]: a_navto
[36;1mrobot_1        |[0m [INFO] [1675259799.636890875] [Robot]: a_approach_arm
[36;1mrobot_1        |[0m [INFO] [1675259799.638808110] [Robot]: a_open_drawer
[36;1mrobot_1        |[0m [INFO] [1675259799.640412736] [Robot]: a_pick_up_sample
[36;1mrobot_1        |[0m [INFO] [1675259799.653023749] [Robot]: a_close_drawer
[35mnurse_1        |[0m [INFO] [1675259799.686010260] [Nurse]: Action: a_authenticate_nurse
[36;1mrobot_1        |[0m [INFO] [1675259799.655852499] [Robot]: Receiving sync message. a_authenticate_nurse,robot1,nurse1
[36;1mrobot_1        |[0m [INFO] [1675259799.657740265] [Robot]: not ready
[36;1mrobot_1        |[0m [INFO] [1675259799.691321883] [Robot]: Receiving sync message. a_authenticate_nurse,robot1,nurse1
[36;1mrobot_1        |[0m [INFO] [1675259799.692273234] [Robot]: not ready
[36;1mrobot_1        |[0m [INFO] [1675259799.745289487] [Robot]: Receiving sync message. a_authenticate_nurse,robot1,nurse1
[36;1mrobot_1        |[0m [INFO] [1675259799.747600646] [Robot]: not ready
[36;1mrobot_1        |[0m [INFO] [1675259799.775256279] [Robot]: Receiving sync message. a_authenticate_nurse,robot1,nurse1
[36;1mrobot_1        |[0m [INFO] [1675259799.776211382] [Robot]: not ready
[36;1mrobot_1        |[0m [INFO] [1675259799.796605804] [Robot]: success
[35mnurse_1        |[0m [INFO] [1675259799.688590447] [Nurse]: Doing a_authenticate_nurse
[35mnurse_1        |[0m [INFO] [1675259799.728533222] [Nurse]: not ready
[35mnurse_1        |[0m [INFO] [1675259799.731640477] [Nurse]: Action result: False
[35mnurse_1        |[0m [INFO] [1675259799.738012859] [Nurse]: Action: a_authenticate_nurse
[35mnurse_1        |[0m [INFO] [1675259799.739625607] [Nurse]: Doing a_authenticate_nurse
[35mnurse_1        |[0m [INFO] [1675259799.751538487] [Nurse]: not ready
[36marm_1          |[0m [INFO] [1675259799.852683540] [Arm]: success
[35mnurse_1        |[0m [INFO] [1675259799.752551821] [Nurse]: Action result: False
[32menvironment_1  |[0m [INFO] [1675259799.833869544] [Environment]: Action: a_approach_arm
[35mnurse_1        |[0m [INFO] [1675259799.753450059] [Nurse]: Action: a_authenticate_nurse
[36;1mrobot_1        |[0m [INFO] [1675259799.805540065] [Robot]: Action result: True
[36;1mrobot_1        |[0m [INFO] [1675259799.838691716] [Robot]: Receiving sync message. a_authenticate_nurse,robot1,nurse1
[32menvironment_1  |[0m [INFO] [1675259799.835776421] [Environment]: Responding
[36;1mrobot_1        |[0m [INFO] [1675259799.840539807] [Robot]: not ready
[35mnurse_1        |[0m [INFO] [1675259799.756931887] [Nurse]: Doing a_authenticate_nurse
[35mnurse_1        |[0m [INFO] [1675259799.809268098] [Nurse]: not ready
[35mnurse_1        |[0m [INFO] [1675259799.821871789] [Nurse]: Action result: False
[35mnurse_1        |[0m [INFO] [1675259799.823142761] [Nurse]: Action: a_authenticate_nurse
[35mnurse_1        |[0m [INFO] [1675259799.824545162] [Nurse]: Doing a_authenticate_nurse
[35mnurse_1        |[0m [INFO] [1675259799.855203953] [Nurse]: not ready
[35mnurse_1        |[0m [INFO] [1675259799.857078246] [Nurse]: Action result: False
[36marm_1          |[0m [INFO] [1675259799.865306974] [Arm]: Action result: True
[35mnurse_1        |[0m [INFO] [1675259799.869576143] [Nurse]: Action: a_authenticate_nurse
[36marm_1          |[0m [INFO] [1675259799.867879543] [Arm]: Action: a_pick_up_sample
[35mnurse_1        |[0m [INFO] [1675259799.871510320] [Nurse]: Doing a_authenticate_nurse
[36marm_1          |[0m [INFO] [1675259799.870108758] [Arm]: Doing a_pick_up_sample
[36;1mrobot_1        |[0m [INFO] [1675259799.885267105] [Robot]: Receiving sync message. a_authenticate_nurse,robot1,nurse1
[36;1mrobot_1        |[0m [INFO] [1675259799.886092690] [Robot]: not ready
[36;1mrobot_1        |[0m [INFO] [1675259799.889448162] [Robot]: Receiving sync message. a_pick_up_sample,arm1,robot1
[35mnurse_1        |[0m [INFO] [1675259799.889459272] [Nurse]: not ready
[35mnurse_1        |[0m [INFO] [1675259799.891610240] [Nurse]: Action result: False
[35mnurse_1        |[0m [INFO] [1675259799.898309167] [Nurse]: Action: a_authenticate_nurse
[33mcoordinator_1  |[0m [INFO] [1675259799.901240742] [Coordinator]: Receiving sync message: action_complete,a_navto
[33mcoordinator_1  |[0m [INFO] [1675259799.902225071] [Coordinator]: action_complete
[36;1mrobot_1        |[0m [INFO] [1675259799.901135331] [Robot]: not ready
[35mnurse_1        |[0m [INFO] [1675259799.899338536] [Nurse]: Doing a_authenticate_nurse
[33mcoordinator_1  |[0m [INFO] [1675259799.903912484] [Coordinator]: plans_actions_current 1 of 11
[36;1mrobot_1        |[0m [INFO] [1675259799.904288389] [Robot]: Receiving sync message. a_authenticate_nurse,robot1,nurse1
[36;1mrobot_1        |[0m [INFO] [1675259799.905459600] [Robot]: not ready
[36marm_1          |[0m [INFO] [1675259799.914060403] [Arm]: not ready
[36marm_1          |[0m [INFO] [1675259799.916603601] [Arm]: Action result: False
[35mnurse_1        |[0m [INFO] [1675259799.918316272] [Nurse]: not ready
[35mnurse_1        |[0m [INFO] [1675259799.919486496] [Nurse]: Action result: False
[35mnurse_1        |[0m [INFO] [1675259799.933106633] [Nurse]: Action: a_authenticate_nurse
[35mnurse_1        |[0m [INFO] [1675259799.936826070] [Nurse]: Doing a_authenticate_nurse
[36;1mrobot_1        |[0m [INFO] [1675259799.920221013] [Robot]: Action: a_approach_nurse
[36;1mrobot_1        |[0m [INFO] [1675259799.922208761] [Robot]: Doing a_approach_nurse
[36;1mrobot_1        |[0m [INFO] [1675259799.933665328] [Robot]: Receiving sync message. a_pick_up_sample,arm1,robot1
[36;1mrobot_1        |[0m [INFO] [1675259799.935492020] [Robot]: not ready
[36;1mrobot_1        |[0m [INFO] [1675259799.950830570] [Robot]: Receiving sync message. a_authenticate_nurse,robot1,nurse1
[36;1mrobot_1        |[0m [INFO] [1675259799.952824506] [Robot]: not ready
[36marm_1          |[0m [INFO] [1675259799.929915140] [Arm]: Action: a_pick_up_sample
[36marm_1          |[0m [INFO] [1675259799.931286772] [Arm]: Doing a_pick_up_sample
[36marm_1          |[0m [INFO] [1675259799.950976965] [Arm]: not ready
[36marm_1          |[0m [INFO] [1675259799.952867226] [Arm]: Action result: False
[36marm_1          |[0m [INFO] [1675259799.964734119] [Arm]: Action: a_pick_up_sample
[32menvironment_1  |[0m [INFO] [1675259799.946389516] [Environment]: Receiving message: a_approach_nurse,robot1
[32menvironment_1  |[0m [INFO] [1675259799.948797174] [Environment]: Action: a_approach_nurse
[32menvironment_1  |[0m [INFO] [1675259799.962256329] [Environment]: Responding
[36marm_1          |[0m [INFO] [1675259799.966616892] [Arm]: Doing a_pick_up_sample
[36;1mrobot_1        |[0m [INFO] [1675259799.982117801] [Robot]: success
[36;1mrobot_1        |[0m [INFO] [1675259799.983596655] [Robot]: Action result: True
[36;1mrobot_1        |[0m [INFO] [1675259799.996273384] [Robot]: Receiving sync message. a_pick_up_sample,arm1,robot1
[36;1mrobot_1        |[0m [INFO] [1675259799.998160566] [Robot]: not ready
[36;1mrobot_1        |[0m [INFO] [1675259800.000648876] [Robot]: Receiving sync message. a_authenticate_nurse,robot1,nurse1
[36;1mrobot_1        |[0m [INFO] [1675259800.013087228] [Robot]: not ready
[36;1mrobot_1        |[0m [INFO] [1675259800.034730372] [Robot]: Receiving sync message. a_pick_up_sample,arm1,robot1
[36;1mrobot_1        |[0m [INFO] [1675259800.036410742] [Robot]: not ready
[35mnurse_1        |[0m [INFO] [1675259799.980876868] [Nurse]: not ready
[35mnurse_1        |[0m [INFO] [1675259799.982482899] [Nurse]: Action result: False
[35mnurse_1        |[0m [INFO] [1675259799.983904947] [Nurse]: Action: a_authenticate_nurse
[35mnurse_1        |[0m [INFO] [1675259799.996037494] [Nurse]: Doing a_authenticate_nurse
[33mcoordinator_1  |[0m [INFO] [1675259799.998621794] [Coordinator]: Receiving sync message: action_complete,a_approach_nurse
[33mcoordinator_1  |[0m [INFO] [1675259800.000306707] [Coordinator]: action_complete
[33mcoordinator_1  |[0m [INFO] [1675259800.029804207] [Coordinator]: plans_actions_current 2 of 11
[36marm_1          |[0m [INFO] [1675259800.015715418] [Arm]: not ready
[35mnurse_1        |[0m [INFO] [1675259800.031679029] [Nurse]: not ready
[36marm_1          |[0m [INFO] [1675259800.029625239] [Arm]: Action result: False
[36marm_1          |[0m [INFO] [1675259800.031100154] [Arm]: Action: a_pick_up_sample
[35mnurse_1        |[0m [INFO] [1675259800.046352552] [Nurse]: Action result: False
[36marm_1          |[0m [INFO] [1675259800.032684823] [Arm]: Doing a_pick_up_sample
[36marm_1          |[0m [INFO] [1675259800.053664908] [Arm]: not ready
[36marm_1          |[0m [INFO] [1675259800.067108330] [Arm]: Action result: False
[36marm_1          |[0m [INFO] [1675259800.069516504] [Arm]: Action: a_pick_up_sample
[36marm_1          |[0m [INFO] [1675259800.082081183] [Arm]: Doing a_pick_up_sample
[36marm_1          |[0m [INFO] [1675259800.148150821] [Arm]: not ready
[36marm_1          |[0m [INFO] [1675259800.161574116] [Arm]: Action result: False
[36marm_1          |[0m [INFO] [1675259800.177119846] [Arm]: Action: a_pick_up_sample
[36;1mrobot_1        |[0m [INFO] [1675259800.077579189] [Robot]: Action: a_authenticate_nurse
[36marm_1          |[0m [INFO] [1675259800.179329995] [Arm]: Doing a_pick_up_sample
[36;1mrobot_1        |[0m [INFO] [1675259800.097242498] [Robot]: Doing a_authenticate_nurse
[36;1mrobot_1        |[0m [INFO] [1675259800.099719932] [Robot]: wating for nurse1 to authenticate to robot1
[35mnurse_1        |[0m [INFO] [1675259800.048775497] [Nurse]: Action: a_authenticate_nurse
[35mnurse_1        |[0m [INFO] [1675259800.061355231] [Nurse]: Doing a_authenticate_nurse
[35mnurse_1        |[0m [INFO] [1675259800.115270040] [Nurse]: success
[35mnurse_1        |[0m [INFO] [1675259800.116107758] [Nurse]: Action result: True
[35mnurse_1        |[0m [INFO] [1675259800.117472318] [Nurse]: Action: a_deposit
[35mnurse_1        |[0m [INFO] [1675259800.119536108] [Nurse]: Doing a_deposit
[35mnurse_1        |[0m [INFO] [1675259800.218108270] [Nurse]: not ready
[36;1mrobot_1        |[0m [INFO] [1675259800.105844209] [Robot]: Receiving sync message. a_authenticate_nurse,robot1,nurse1
[36;1mrobot_1        |[0m [INFO] [1675259800.112363992] [Robot]: Authenticate nurse
[36;1mrobot_1        |[0m [INFO] [1675259800.121639555] [Robot]: Action result: False
[36;1mrobot_1        |[0m [INFO] [1675259800.136499987] [Robot]: Receiving sync message. a_pick_up_sample,arm1,robot1
[36;1mrobot_1        |[0m [INFO] [1675259800.138259732] [Robot]: not ready
[36;1mrobot_1        |[0m [INFO] [1675259800.161117798] [Robot]: Action: a_authenticate_nurse
[36;1mrobot_1        |[0m [INFO] [1675259800.195036710] [Robot]: Doing a_authenticate_nurse
[36;1mrobot_1        |[0m [INFO] [1675259800.197806396] [Robot]: Receiving sync message. a_deposit,nurse1,robot1
[36;1mrobot_1        |[0m [INFO] [1675259800.200666305] [Robot]: not ready
[36;1mrobot_1        |[0m [INFO] [1675259800.210550862] [Robot]: Receiving sync message. a_pick_up_sample,arm1,robot1
[36;1mrobot_1        |[0m [INFO] [1675259800.211695926] [Robot]: not ready
[36;1mrobot_1        |[0m [INFO] [1675259800.214632015] [Robot]: Action result: True
[36marm_1          |[0m [INFO] [1675259800.226102909] [Arm]: not ready
[36marm_1          |[0m [INFO] [1675259800.228156127] [Arm]: Action result: False
[36marm_1          |[0m [INFO] [1675259800.240010645] [Arm]: Action: a_pick_up_sample
[36marm_1          |[0m [INFO] [1675259800.241945038] [Arm]: Doing a_pick_up_sample
[33mcoordinator_1  |[0m [INFO] [1675259800.238068550] [Coordinator]: Receiving sync message: action_complete,a_authenticate_nurse
[33mcoordinator_1  |[0m [INFO] [1675259800.239270901] [Coordinator]: action_complete
[36;1mrobot_1        |[0m [INFO] [1675259800.266495861] [Robot]: Receiving sync message. a_pick_up_sample,arm1,robot1
[36;1mrobot_1        |[0m [INFO] [1675259800.268330708] [Robot]: not ready
[36;1mrobot_1        |[0m [INFO] [1675259800.273871034] [Robot]: Receiving sync message. a_deposit,nurse1,robot1
[35mnurse_1        |[0m [INFO] [1675259800.220527826] [Nurse]: Action result: False
[35mnurse_1        |[0m [INFO] [1675259800.249527889] [Nurse]: Action: a_deposit
[35mnurse_1        |[0m [INFO] [1675259800.252339472] [Nurse]: Doing a_deposit
[36;1mrobot_1        |[0m [INFO] [1675259800.284645423] [Robot]: not ready
[36marm_1          |[0m [INFO] [1675259800.288214865] [Arm]: not ready
[36marm_1          |[0m [INFO] [1675259800.290291775] [Arm]: Action result: False
[36marm_1          |[0m [INFO] [1675259800.292373279] [Arm]: Action: a_pick_up_sample
[33mcoordinator_1  |[0m [INFO] [1675259800.284676797] [Coordinator]: plans_actions_current 3 of 11
[33mcoordinator_1  |[0m [INFO] [1675259800.352977223] [Coordinator]: Receiving sync message: action_complete,a_open_drawer
[33mcoordinator_1  |[0m [INFO] [1675259800.354094299] [Coordinator]: action_complete
[35mnurse_1        |[0m [INFO] [1675259800.290306884] [Nurse]: not ready
[36;1mrobot_1        |[0m [INFO] [1675259800.288634512] [Robot]: Action: a_open_drawer
[36marm_1          |[0m [INFO] [1675259800.304386679] [Arm]: Doing a_pick_up_sample
[36marm_1          |[0m [INFO] [1675259800.321993101] [Arm]: not ready
[36marm_1          |[0m [INFO] [1675259800.323880098] [Arm]: Action result: False
[33mcoordinator_1  |[0m [INFO] [1675259800.356095069] [Coordinator]: plans_actions_current 4 of 11
[36marm_1          |[0m [INFO] [1675259800.326419438] [Arm]: Action: a_pick_up_sample
[35mnurse_1        |[0m [INFO] [1675259800.292296920] [Nurse]: Action result: False
[35mnurse_1        |[0m [INFO] [1675259800.306498873] [Nurse]: Action: a_deposit
[36marm_1          |[0m [INFO] [1675259800.338804343] [Arm]: Doing a_pick_up_sample
[36;1mrobot_1        |[0m [INFO] [1675259800.290529689] [Robot]: Doing a_open_drawer
[35mnurse_1        |[0m [INFO] [1675259800.320295107] [Nurse]: Doing a_deposit
[36;1mrobot_1        |[0m [INFO] [1675259800.304046313] [Robot]: success
[36;1mrobot_1        |[0m [INFO] [1675259800.317278979] [Robot]: Receiving sync message. a_pick_up_sample,arm1,robot1
[35mnurse_1        |[0m [INFO] [1675259800.366720803] [Nurse]: not ready
[36;1mrobot_1        |[0m [INFO] [1675259800.318508114] [Robot]: not ready
[36;1mrobot_1        |[0m [INFO] [1675259800.333897142] [Robot]: Action result: True
[36;1mrobot_1        |[0m [INFO] [1675259800.349147419] [Robot]: Receiving sync message. a_deposit,nurse1,robot1
[36;1mrobot_1        |[0m [INFO] [1675259800.351618476] [Robot]: not ready
[36;1mrobot_1        |[0m [INFO] [1675259800.366719964] [Robot]: Receiving sync message. a_pick_up_sample,arm1,robot1
[36;1mrobot_1        |[0m [INFO] [1675259800.379895558] [Robot]: not ready
[36;1mrobot_1        |[0m [INFO] [1675259800.385625139] [Robot]: Action: a_deposit
[36;1mrobot_1        |[0m [INFO] [1675259800.388243150] [Robot]: Doing a_deposit
[36;1mrobot_1        |[0m [INFO] [1675259800.390443688] [Robot]: wating for nurse1 to deposit in robot1
[35mnurse_1        |[0m [INFO] [1675259800.369010178] [Nurse]: Action result: False
[35mnurse_1        |[0m [INFO] [1675259800.370824687] [Nurse]: Action: a_deposit
[35mnurse_1        |[0m [INFO] [1675259800.382779645] [Nurse]: Doing a_deposit
[36;1mrobot_1        |[0m [INFO] [1675259800.392420348] [Robot]: Action result: False
[36marm_1          |[0m [INFO] [1675259800.396350864] [Arm]: not ready
[36marm_1          |[0m [INFO] [1675259800.398556247] [Arm]: Action result: False
[35mnurse_1        |[0m [INFO] [1675259800.449790686] [Nurse]: success
[35mnurse_1        |[0m [INFO] [1675259800.463113635] [Nurse]: Action result: True
[36marm_1          |[0m [INFO] [1675259800.411593640] [Arm]: Action: a_pick_up_sample
[36marm_1          |[0m [INFO] [1675259800.413388335] [Arm]: Doing a_pick_up_sample
[36;1mrobot_1        |[0m [INFO] [1675259800.406246967] [Robot]: Action: a_deposit
[36marm_1          |[0m [INFO] [1675259800.475743681] [Arm]: not ready
[36marm_1          |[0m [INFO] [1675259800.476778717] [Arm]: Action result: False
[36marm_1          |[0m [INFO] [1675259800.477711504] [Arm]: Action: a_pick_up_sample
[36marm_1          |[0m [INFO] [1675259800.479030966] [Arm]: Doing a_pick_up_sample
[36;1mrobot_1        |[0m [INFO] [1675259800.424152141] [Robot]: Doing a_deposit
[36;1mrobot_1        |[0m [INFO] [1675259800.427281616] [Robot]: Receiving sync message. a_deposit,nurse1,robot1
[36;1mrobot_1        |[0m [INFO] [1675259800.429299482] [Robot]: wating for nurse1 to deposit in robot1
[36;1mrobot_1        |[0m [INFO] [1675259800.440259293] [Robot]: Deposit
[36;1mrobot_1        |[0m [INFO] [1675259800.443728546] [Robot]: Receiving sync message. a_pick_up_sample,arm1,robot1
[36;1mrobot_1        |[0m [INFO] [1675259800.451945826] [Robot]: Action result: False
[36;1mrobot_1        |[0m [INFO] [1675259800.452932157] [Robot]: Action: a_deposit
[36;1mrobot_1        |[0m [INFO] [1675259800.453817343] [Robot]: Doing a_deposit
[36;1mrobot_1        |[0m [INFO] [1675259800.454823257] [Robot]: Action result: True
[36;1mrobot_1        |[0m [INFO] [1675259800.467955363] [Robot]: not ready
[36;1mrobot_1        |[0m [INFO] [1675259800.493098633] [Robot]: Action: a_close_drawer
[36;1mrobot_1        |[0m [INFO] [1675259800.496035189] [Robot]: Doing a_close_drawer
[36;1mrobot_1        |[0m [INFO] [1675259800.509729794] [Robot]: Receiving sync message. a_pick_up_sample,arm1,robot1
[33mcoordinator_1  |[0m [INFO] [1675259800.487028873] [Coordinator]: Receiving sync message: action_complete,a_deposit
[33mcoordinator_1  |[0m [INFO] [1675259800.488111865] [Coordinator]: action_complete
[33mcoordinator_1  |[0m [INFO] [1675259800.489632489] [Coordinator]: plans_actions_current 5 of 11
[36;1mrobot_1        |[0m [INFO] [1675259800.511772796] [Robot]: not ready
[36;1mrobot_1        |[0m [INFO] [1675259800.524607008] [Robot]: success
[36;1mrobot_1        |[0m [INFO] [1675259800.525771415] [Robot]: Action result: True
[36marm_1          |[0m [INFO] [1675259800.527677354] [Arm]: not ready
[36marm_1          |[0m [INFO] [1675259800.541653902] [Arm]: Action result: False
[36marm_1          |[0m [INFO] [1675259800.555678472] [Arm]: Action: a_pick_up_sample
[36marm_1          |[0m [INFO] [1675259800.557057187] [Arm]: Doing a_pick_up_sample
[36;1mrobot_1        |[0m [INFO] [1675259800.559531511] [Robot]: Receiving sync message. a_pick_up_sample,arm1,robot1
[36marm_1          |[0m [INFO] [1675259800.575695131] [Arm]: not ready
[36;1mrobot_1        |[0m [INFO] [1675259800.571994037] [Robot]: not ready
[36marm_1          |[0m [INFO] [1675259800.578779679] [Arm]: Action result: False
[36marm_1          |[0m [INFO] [1675259800.590841363] [Arm]: Action: a_pick_up_sample
[36marm_1          |[0m [INFO] [1675259800.592021250] [Arm]: Doing a_pick_up_sample
[36;1mrobot_1        |[0m [INFO] [1675259800.595088193] [Robot]: Receiving sync message. a_pick_up_sample,arm1,robot1
[33mcoordinator_1  |[0m [INFO] [1675259800.597736439] [Coordinator]: Receiving sync message: action_complete,a_close_drawer
[33mcoordinator_1  |[0m [INFO] [1675259800.617468297] [Coordinator]: action_complete
[33mcoordinator_1  |[0m [INFO] [1675259800.644806544] [Coordinator]: plans_actions_current 6 of 11
[36;1mrobot_1        |[0m [INFO] [1675259800.603272565] [Robot]: not ready
[36;1mrobot_1        |[0m [INFO] [1675259800.642088669] [Robot]: Receiving sync message. a_pick_up_sample,arm1,robot1
[36;1mrobot_1        |[0m [INFO] [1675259800.644162442] [Robot]: not ready
[36;1mrobot_1        |[0m [INFO] [1675259800.673031790] [Robot]: Action: a_navto
[36;1mrobot_1        |[0m [INFO] [1675259800.687257384] [Robot]: Doing a_navto
[36;1mrobot_1        |[0m [INFO] [1675259800.734344389] [Robot]: Receiving sync message. a_pick_up_sample,arm1,robot1
[36;1mrobot_1        |[0m [INFO] [1675259800.748342509] [Robot]: not ready
[36;1mrobot_1        |[0m [INFO] [1675259800.770414901] [Robot]: Receiving sync message. a_pick_up_sample,arm1,robot1
[36;1mrobot_1        |[0m [INFO] [1675259800.772047899] [Robot]: not ready
[36marm_1          |[0m [INFO] [1675259800.608006847] [Arm]: not ready
[36marm_1          |[0m [INFO] [1675259800.616499813] [Arm]: Action result: False
[36marm_1          |[0m [INFO] [1675259800.624554544] [Arm]: Action: a_pick_up_sample
[36marm_1          |[0m [INFO] [1675259800.639792374] [Arm]: Doing a_pick_up_sample
[32menvironment_1  |[0m [INFO] [1675259800.741205049] [Environment]: Receiving message: a_navto,robot1,Room3
[36marm_1          |[0m [INFO] [1675259800.656891159] [Arm]: not ready
[36marm_1          |[0m [INFO] [1675259800.689193269] [Arm]: Action result: False
[36marm_1          |[0m [INFO] [1675259800.702480874] [Arm]: Action: a_pick_up_sample
[32menvironment_1  |[0m [INFO] [1675259800.743101745] [Environment]: Action: a_navto
[36marm_1          |[0m [INFO] [1675259800.704275514] [Arm]: Doing a_pick_up_sample
[36marm_1          |[0m [INFO] [1675259800.752541699] [Arm]: not ready
[36marm_1          |[0m [INFO] [1675259800.753782177] [Arm]: Action result: False
[36marm_1          |[0m [INFO] [1675259800.754594119] [Arm]: Action: a_pick_up_sample
[36marm_1          |[0m [INFO] [1675259800.755539769] [Arm]: Doing a_pick_up_sample
[36;1mrobot_1        |[0m [INFO] [1675259800.805726912] [Robot]: Receiving sync message. a_pick_up_sample,arm1,robot1
[36;1mrobot_1        |[0m [INFO] [1675259800.819090885] [Robot]: not ready
[36;1mrobot_1        |[0m [INFO] [1675259800.852128829] [Robot]: Receiving sync message. a_pick_up_sample,arm1,robot1
[36marm_1          |[0m [INFO] [1675259800.796973037] [Arm]: not ready
[36marm_1          |[0m [INFO] [1675259800.797837220] [Arm]: Action result: False
[36marm_1          |[0m [INFO] [1675259800.798741435] [Arm]: Action: a_pick_up_sample
[36marm_1          |[0m [INFO] [1675259800.802994621] [Arm]: Doing a_pick_up_sample
[36marm_1          |[0m [INFO] [1675259800.834653519] [Arm]: not ready
[36marm_1          |[0m [INFO] [1675259800.836271493] [Arm]: Action result: False
[36marm_1          |[0m [INFO] [1675259800.837738511] [Arm]: Action: a_pick_up_sample
[36marm_1          |[0m [INFO] [1675259800.850272032] [Arm]: Doing a_pick_up_sample
[36marm_1          |[0m [INFO] [1675259800.872653611] [Arm]: not ready
[36marm_1          |[0m [INFO] [1675259800.876015979] [Arm]: Action result: False
[36marm_1          |[0m [INFO] [1675259800.890065175] [Arm]: Action: a_pick_up_sample
[36marm_1          |[0m [INFO] [1675259800.904539757] [Arm]: Doing a_pick_up_sample
[36marm_1          |[0m [INFO] [1675259800.924668939] [Arm]: not ready
[36marm_1          |[0m [INFO] [1675259800.926869544] [Arm]: Action result: False
[36marm_1          |[0m [INFO] [1675259800.940319266] [Arm]: Action: a_pick_up_sample
[36marm_1          |[0m [INFO] [1675259800.941691407] [Arm]: Doing a_pick_up_sample
[36marm_1          |[0m [INFO] [1675259800.960672710] [Arm]: not ready
[36marm_1          |[0m [INFO] [1675259800.963079754] [Arm]: Action result: False
[36;1mrobot_1        |[0m [INFO] [1675259800.866682536] [Robot]: not ready
[36;1mrobot_1        |[0m [INFO] [1675259800.907597939] [Robot]: Receiving sync message. a_pick_up_sample,arm1,robot1
[36;1mrobot_1        |[0m [INFO] [1675259800.909949172] [Robot]: not ready
[36;1mrobot_1        |[0m [INFO] [1675259800.943767546] [Robot]: Receiving sync message. a_pick_up_sample,arm1,robot1
[36;1mrobot_1        |[0m [INFO] [1675259800.955879022] [Robot]: not ready
[36marm_1          |[0m [INFO] [1675259800.976130242] [Arm]: Action: a_pick_up_sample
[36marm_1          |[0m [INFO] [1675259800.978466948] [Arm]: Doing a_pick_up_sample
[36marm_1          |[0m [INFO] [1675259801.006949596] [Arm]: not ready
[36marm_1          |[0m [INFO] [1675259801.009509282] [Arm]: Action result: False
[36marm_1          |[0m [INFO] [1675259801.023832947] [Arm]: Action: a_pick_up_sample
[36marm_1          |[0m [INFO] [1675259801.026538059] [Arm]: Doing a_pick_up_sample
[36;1mrobot_1        |[0m [INFO] [1675259800.981162907] [Robot]: Receiving sync message. a_pick_up_sample,arm1,robot1
[36;1mrobot_1        |[0m [INFO] [1675259800.982635964] [Robot]: not ready
[36;1mrobot_1        |[0m [INFO] [1675259800.994133836] [Robot]: success
[36;1mrobot_1        |[0m [INFO] [1675259801.016208237] [Robot]: Action result: True
[32menvironment_1  |[0m [INFO] [1675259800.990624990] [Environment]: Responding
[36;1mrobot_1        |[0m [INFO] [1675259801.029369402] [Robot]: Receiving sync message. a_pick_up_sample,arm1,robot1
[36;1mrobot_1        |[0m [INFO] [1675259801.030939184] [Robot]: not ready
[36marm_1          |[0m [INFO] [1675259801.047689498] [Arm]: not ready
[36marm_1          |[0m [INFO] [1675259801.049665408] [Arm]: Action result: False
[36marm_1          |[0m [INFO] [1675259801.056305296] [Arm]: Action: a_pick_up_sample
[36marm_1          |[0m [INFO] [1675259801.058688076] [Arm]: Doing a_pick_up_sample
[36;1mrobot_1        |[0m [INFO] [1675259801.073368883] [Robot]: Receiving sync message. a_pick_up_sample,arm1,robot1
[33mcoordinator_1  |[0m [INFO] [1675259801.071527172] [Coordinator]: Receiving sync message: action_complete,a_navto
[33mcoordinator_1  |[0m [INFO] [1675259801.073185186] [Coordinator]: action_complete
[36;1mrobot_1        |[0m [INFO] [1675259801.090023946] [Robot]: not ready
[33mcoordinator_1  |[0m [INFO] [1675259801.102735639] [Coordinator]: plans_actions_current 7 of 11
[36;1mrobot_1        |[0m [INFO] [1675259801.108145349] [Robot]: Action: a_approach_arm
[36marm_1          |[0m [INFO] [1675259801.106159438] [Arm]: not ready
[36marm_1          |[0m [INFO] [1675259801.113064202] [Arm]: Action result: False
[36marm_1          |[0m [INFO] [1675259801.115927907] [Arm]: Action: a_pick_up_sample
[36marm_1          |[0m [INFO] [1675259801.127749001] [Arm]: Doing a_pick_up_sample
[36marm_1          |[0m [INFO] [1675259801.170506141] [Arm]: not ready
[36;1mrobot_1        |[0m [INFO] [1675259801.138095504] [Robot]: Receiving sync message. a_pick_up_sample,arm1,robot1
[36;1mrobot_1        |[0m [INFO] [1675259801.140558374] [Robot]: not ready
[36;1mrobot_1        |[0m [INFO] [1675259801.153990532] [Robot]: Doing a_approach_arm
[36;1mrobot_1        |[0m [INFO] [1675259801.187382283] [Robot]: success
[36;1mrobot_1        |[0m [INFO] [1675259801.191801173] [Robot]: Action result: True
[36marm_1          |[0m [INFO] [1675259801.173687115] [Arm]: Action result: False
[36marm_1          |[0m [INFO] [1675259801.188661839] [Arm]: Action: a_pick_up_sample
[36;1mrobot_1        |[0m [INFO] [1675259801.207476314] [Robot]: Receiving sync message. a_pick_up_sample,arm1,robot1
[36marm_1          |[0m [INFO] [1675259801.204455565] [Arm]: Doing a_pick_up_sample
[36;1mrobot_1        |[0m [INFO] [1675259801.220053061] [Robot]: not ready
[36;1mrobot_1        |[0m [INFO] [1675259801.223812089] [Robot]: Action: a_open_drawer
[33mcoordinator_1  |[0m [INFO] [1675259801.214657599] [Coordinator]: Receiving sync message: action_complete,a_approach_arm
[33mcoordinator_1  |[0m [INFO] [1675259801.215640761] [Coordinator]: action_complete
[33mcoordinator_1  |[0m [INFO] [1675259801.216621073] [Coordinator]: plans_actions_current 8 of 11
[32menvironment_1  |[0m [INFO] [1675259801.181343482] [Environment]: Receiving message: a_approach_arm,robot1,arm1
[32menvironment_1  |[0m [INFO] [1675259801.182528375] [Environment]: Action: a_approach_arm
[32menvironment_1  |[0m [INFO] [1675259801.183408958] [Environment]: Responding
[33mcoordinator_1  |[0m [INFO] [1675259801.309457087] [Coordinator]: Receiving sync message: action_complete,a_open_drawer
[33mcoordinator_1  |[0m [INFO] [1675259801.310385724] [Coordinator]: action_complete
[33mcoordinator_1  |[0m [INFO] [1675259801.311576185] [Coordinator]: plans_actions_current 9 of 11
[36marm_1          |[0m [INFO] [1675259801.237770277] [Arm]: not ready
[36marm_1          |[0m [INFO] [1675259801.239661474] [Arm]: Action result: False
[36marm_1          |[0m [INFO] [1675259801.241604326] [Arm]: Action: a_pick_up_sample
[36marm_1          |[0m [INFO] [1675259801.243225721] [Arm]: Doing a_pick_up_sample
[36marm_1          |[0m [INFO] [1675259801.262472224] [Arm]: not ready
[36marm_1          |[0m [INFO] [1675259801.274698228] [Arm]: Action result: False
[36marm_1          |[0m [INFO] [1675259801.288962859] [Arm]: Action: a_pick_up_sample
[36marm_1          |[0m [INFO] [1675259801.290139860] [Arm]: Doing a_pick_up_sample
[36;1mrobot_1        |[0m [INFO] [1675259801.252157158] [Robot]: Receiving sync message. a_pick_up_sample,arm1,robot1
[36;1mrobot_1        |[0m [INFO] [1675259801.253336623] [Robot]: not ready
[36;1mrobot_1        |[0m [INFO] [1675259801.254982146] [Robot]: Doing a_open_drawer
[36marm_1          |[0m [INFO] [1675259801.344586551] [Arm]: not ready
[36marm_1          |[0m [INFO] [1675259801.347296132] [Arm]: Action result: False
[36marm_1          |[0m [INFO] [1675259801.360746930] [Arm]: Action: a_pick_up_sample
[36;1mrobot_1        |[0m [INFO] [1675259801.267728583] [Robot]: success
[36;1mrobot_1        |[0m [INFO] [1675259801.283375971] [Robot]: Action result: True
[36;1mrobot_1        |[0m [INFO] [1675259801.298718328] [Robot]: Receiving sync message. a_pick_up_sample,arm1,robot1
[36;1mrobot_1        |[0m [INFO] [1675259801.301076723] [Robot]: not ready
[36;1mrobot_1        |[0m [INFO] [1675259801.317232378] [Robot]: Action: a_pick_up_sample
[36;1mrobot_1        |[0m [INFO] [1675259801.331614906] [Robot]: Doing a_pick_up_sample
[36;1mrobot_1        |[0m [INFO] [1675259801.333152277] [Robot]: wating for arm1 to pick up from robot1
[36;1mrobot_1        |[0m [INFO] [1675259801.345948062] [Robot]: Action result: False
[36;1mrobot_1        |[0m [INFO] [1675259801.362904058] [Robot]: Action: a_pick_up_sample
[36;1mrobot_1        |[0m [INFO] [1675259801.365406249] [Robot]: Doing a_pick_up_sample
[33mcoordinator_1  |[0m [INFO] [1675259801.452617886] [Coordinator]: Receiving sync message: action_complete,a_pick_up_sample
[36marm_1          |[0m [INFO] [1675259801.373908267] [Arm]: Doing a_pick_up_sample
[36;1mrobot_1        |[0m [INFO] [1675259801.380907674] [Robot]: Receiving sync message. a_pick_up_sample,arm1,robot1
[36;1mrobot_1        |[0m [INFO] [1675259801.394297705] [Robot]: wating for arm1 to pick up from robot1
[36;1mrobot_1        |[0m [INFO] [1675259801.396856551] [Robot]: Action result: False
[36marm_1          |[0m [INFO] [1675259801.428862226] [Arm]: success
[36;1mrobot_1        |[0m [INFO] [1675259801.410070036] [Robot]: Pick up
[36marm_1          |[0m [INFO] [1675259801.441156833] [Arm]: Action result: True
[36;1mrobot_1        |[0m [INFO] [1675259801.412055849] [Robot]: Action: a_pick_up_sample
[36;1mrobot_1        |[0m [INFO] [1675259801.425557901] [Robot]: Doing a_pick_up_sample
[36;1mrobot_1        |[0m [INFO] [1675259801.427814943] [Robot]: Action result: True
[36;1mrobot_1        |[0m [INFO] [1675259801.487413670] [Robot]: Action: a_close_drawer
[36;1mrobot_1        |[0m [INFO] [1675259801.518422017] [Robot]: Doing a_close_drawer
[36;1mrobot_1        |[0m [INFO] [1675259801.519899326] [Robot]: success
[36;1mrobot_1        |[0m [INFO] [1675259801.521234829] [Robot]: Action result: True
[33mcoordinator_1  |[0m [INFO] [1675259801.471902059] [Coordinator]: action_complete
[33mcoordinator_1  |[0m [INFO] [1675259801.483730856] [Coordinator]: plans_actions_current 10 of 11
[33mcoordinator_1  |[0m [INFO] [1675259801.825963102] [Coordinator]: Receiving sync message: action_complete,a_close_drawer
[33mcoordinator_1  |[0m [INFO] [1675259801.827447643] [Coordinator]: action_complete
[33mcoordinator_1  |[0m [INFO] [1675259801.828948116] [Coordinator]: plans_actions_current 11 of 11
[33mcoordinator_1  |[0m [INFO] [1675259801.830272073] [Coordinator]: The time of execution of above program is:2.617166519165039
[33mcoordinator_1  |[0m [INFO] [1675259801.831643090] [Coordinator]: Achieved
[33mcoordinator_1  |[0m [INFO] [1675259802.109736786] [Coordinator]: ENDSIM
Stopping planning_coordinator_1 ... 
Stopping planning_arm_1         ... 
Stopping planning_environment_1 ... 
Stopping planning_planner_1     ... 
Stopping planning_robot_1       ... 
Stopping planning_nurse_1       ... 
[33mplanning_coordinator_1 exited with code 137
[0mStopping planning_coordinator_1 ... done
Stopping planning_environment_1 ... done
[32mplanning_environment_1 exited with code 137
[0m[36mplanning_arm_1 exited with code 137
[0mStopping planning_arm_1         ... done
[35mplanning_nurse_1 exited with code 137
[0mStopping planning_nurse_1       ... done
Stopping planning_planner_1     ... done
[34mplanning_planner_1 exited with code 137
[0mStopping planning_robot_1       ... done
[36;1mplanning_robot_1 exited with code 137
[0mRemoving planning_coordinator_1 ... 
Removing planning_arm_1         ... 
Removing planning_environment_1 ... 
Removing planning_planner_1     ... 
Removing planning_robot_1       ... 
Removing planning_nurse_1       ... 
Removing planning_environment_1 ... done
Removing planning_arm_1         ... done
Removing planning_robot_1       ... done
Removing planning_coordinator_1 ... done
Removing planning_planner_1     ... done
Removing planning_nurse_1       ... done
Removing network planning_ros
