Creating network "planning_ros" with the default driver
Creating planning_nurse_1 ... 
Creating planning_coordinator_1 ... 
Creating planning_planner_1     ... 
Creating planning_arm_1         ... 
Creating planning_robot_1       ... 
Creating planning_environment_1 ... 
Creating planning_coordinator_1 ... done
Creating planning_nurse_1       ... done
Creating planning_arm_1         ... done
Creating planning_environment_1 ... done
Creating planning_robot_1       ... done
Creating planning_planner_1     ... done
Attaching to planning_coordinator_1, planning_nurse_1, planning_arm_1, planning_environment_1, planning_robot_1, planning_planner_1
[33mcoordinator_1  |[0m [INFO] [1675263580.478220378] [Coordinator]: Starting Coordinator server
[33mcoordinator_1  |[0m [INFO] [1675263580.527132788] [Coordinator]: Coordinator server started
[33mcoordinator_1  |[0m [INFO] [1675263580.557062607] [Coordinator]: Starting Coordinator clients
[35mnurse_1        |[0m [INFO] [1675263580.738061114] [Nurse]: Starting Nurse server
[35mnurse_1        |[0m [INFO] [1675263580.754979663] [Nurse]: Nurse server started
[35mnurse_1        |[0m [INFO] [1675263580.756604954] [Nurse]: Starting Nurse clients
[36marm_1          |[0m [INFO] [1675263581.372091649] [Arm]: Starting Arm server
[36marm_1          |[0m [INFO] [1675263581.387014581] [Arm]: Arm server started
[36marm_1          |[0m [INFO] [1675263581.387869450] [Arm]: Starting Nurse clients
[36;1mrobot_1        |[0m [INFO] [1675263581.491568637] [Robot]: Starting Robot server
[36;1mrobot_1        |[0m [INFO] [1675263581.511561424] [Robot]: Robot server started
[36;1mrobot_1        |[0m [INFO] [1675263581.522081225] [Robot]: Starting Robots clients
[33mcoordinator_1  |[0m [INFO] [1675263581.561975895] [Coordinator]: planner sync service not available, waiting again...
[32menvironment_1  |[0m [INFO] [1675263581.710634762] [Environment]: Starting Environment server
[32menvironment_1  |[0m [INFO] [1675263581.719248562] [Environment]: Environment server started
[36;1mrobot_1        |[0m [INFO] [1675263581.795038284] [Robot]: Robots clients started
[35mnurse_1        |[0m [INFO] [1675263581.789602392] [Nurse]: Nurse clients started
[35mnurse_1        |[0m [INFO] [1675263581.822294615] [Nurse]: Sent request
[36marm_1          |[0m [INFO] [1675263581.901097016] [Arm]: Nurse clients started
[33mcoordinator_1  |[0m [INFO] [1675263582.577621252] [Coordinator]: planner sync service not available, waiting again...
[33mcoordinator_1  |[0m [INFO] [1675263583.595641026] [Coordinator]: planner sync service not available, waiting again...
[33mcoordinator_1  |[0m [INFO] [1675263584.598590773] [Coordinator]: planner sync service not available, waiting again...
[34mplanner_1      |[0m [INFO] [1675263585.385829118] [Planner]: Starting Planner server
[34mplanner_1      |[0m [INFO] [1675263585.405871321] [Planner]: Planner server started
[33mcoordinator_1  |[0m [INFO] [1675263585.608253482] [Coordinator]: planner sync service not available, waiting again...
[33mcoordinator_1  |[0m [INFO] [1675263586.634681357] [Coordinator]: Coordinator clients started
[33mcoordinator_1  |[0m [INFO] [1675263586.668307881] [Coordinator]: Receiving message of nurse1 in room3.
[33mcoordinator_1  |[0m [INFO] [1675263586.669717887] [Coordinator]: Sending response
[33mcoordinator_1  |[0m [INFO] [1675263586.677294931] [Coordinator]: Planing
[35mnurse_1        |[0m [INFO] [1675263586.677162902] [Nurse]: Request response:Okay!
[33mcoordinator_1  |[0m [INFO] [1675263586.682872582] [Coordinator]: Creating plan for: robot1, nurse1, arm1 
[34mplanner_1      |[0m [INFO] [1675263586.690277011] [Planner]: Receiving sync message. need_plan,robot1,nurse1,arm1
[34mplanner_1      |[0m [INFO] [1675263586.691133399] [Planner]: Creating plan for: robot1 robot1 nurse1
[34mplanner_1      |[0m [INFO] [1675263586.694790744] [Planner]: a_navto,robot1,Room1
[34mplanner_1      |[0m [INFO] [1675263586.696197659] [Planner]: a_approach_nurse,robot1
[34mplanner_1      |[0m [INFO] [1675263586.699446662] [Planner]: a_authenticate_nurse,robot1,nurse1
[34mplanner_1      |[0m [INFO] [1675263586.708459485] [Planner]: a_open_drawer,robot1
[34mplanner_1      |[0m [INFO] [1675263586.709759423] [Planner]: a_deposit,nurse1,robot1
[34mplanner_1      |[0m [INFO] [1675263586.712231423] [Planner]: a_close_drawer,robot1
[34mplanner_1      |[0m [INFO] [1675263586.714744911] [Planner]: a_navto,robot1,Room3
[34mplanner_1      |[0m [INFO] [1675263586.728362870] [Planner]: a_approach_arm,robot1,arm1
[34mplanner_1      |[0m [INFO] [1675263586.729574837] [Planner]: a_open_drawer,robot1
[34mplanner_1      |[0m [INFO] [1675263586.730887534] [Planner]: a_pick_up_sample,arm1,robot1
[34mplanner_1      |[0m [INFO] [1675263586.732259657] [Planner]: a_close_drawer,robot1
[34mplanner_1      |[0m [INFO] [1675263586.737932407] [Planner]: Sending response
[33mcoordinator_1  |[0m [INFO] [1675263586.748129305] [Coordinator]: Plan received for: robot1, nurse1, arm1 
[33mcoordinator_1  |[0m [INFO] [1675263586.753688173] [Coordinator]: a_navto,robot1,Room1/a_approach_nurse,robot1/a_authenticate_nurse,robot1,nurse1/a_open_drawer,robot1/a_deposit,nurse1,robot1/a_close_drawer,robot1/a_navto,robot1,Room3/a_approach_arm,robot1,arm1/a_open_drawer,robot1/a_pick_up_sample,arm1,robot1/a_close_drawer,robot1
[33mcoordinator_1  |[0m [INFO] [1675263586.754808804] [Coordinator]: a_navto,robot1,Room1
[33mcoordinator_1  |[0m [INFO] [1675263586.755990801] [Coordinator]: a_approach_nurse,robot1
[33mcoordinator_1  |[0m [INFO] [1675263586.762372214] [Coordinator]: a_authenticate_nurse,robot1,nurse1
[33mcoordinator_1  |[0m [INFO] [1675263586.763725169] [Coordinator]: a_open_drawer,robot1
[33mcoordinator_1  |[0m [INFO] [1675263586.765097325] [Coordinator]: a_deposit,nurse1,robot1
[33mcoordinator_1  |[0m [INFO] [1675263586.766565134] [Coordinator]: a_close_drawer,robot1
[33mcoordinator_1  |[0m [INFO] [1675263586.767973759] [Coordinator]: a_navto,robot1,Room3
[33mcoordinator_1  |[0m [INFO] [1675263586.773414269] [Coordinator]: a_approach_arm,robot1,arm1
[33mcoordinator_1  |[0m [INFO] [1675263586.782047002] [Coordinator]: a_open_drawer,robot1
[33mcoordinator_1  |[0m [INFO] [1675263586.783474403] [Coordinator]: a_pick_up_sample,arm1,robot1
[33mcoordinator_1  |[0m [INFO] [1675263586.797867427] [Coordinator]: a_close_drawer,robot1
[33mcoordinator_1  |[0m [INFO] [1675263586.799418380] [Coordinator]: Sending plans
[33mcoordinator_1  |[0m [INFO] [1675263586.801941245] [Coordinator]: Plans sent
[35mnurse_1        |[0m [INFO] [1675263586.818784954] [Nurse]: Receiving message.
[35mnurse_1        |[0m [INFO] [1675263586.820163288] [Nurse]: Nurse's actions:
[35mnurse_1        |[0m [INFO] [1675263586.821599052] [Nurse]: a_authenticate_nurse
[35mnurse_1        |[0m [INFO] [1675263586.822942405] [Nurse]: a_deposit
[36;1mrobot_1        |[0m [INFO] [1675263586.825676710] [Robot]: Receiving message.
[36;1mrobot_1        |[0m [INFO] [1675263586.826980379] [Robot]: Robot's actions:
[36marm_1          |[0m [INFO] [1675263586.829563140] [Arm]: Receiving message.
[36marm_1          |[0m [INFO] [1675263586.830750934] [Arm]: Arm's actions:
[36marm_1          |[0m [INFO] [1675263586.831994559] [Arm]: a_approach_arm
[36;1mrobot_1        |[0m [INFO] [1675263586.839618306] [Robot]: Action: a_navto
[36marm_1          |[0m [INFO] [1675263586.840075273] [Arm]: Action: a_approach_arm
[36marm_1          |[0m [INFO] [1675263586.841238243] [Arm]: Doing a_approach_arm
[36marm_1          |[0m [INFO] [1675263586.843917848] [Arm]: a_pick_up_sample
[35mnurse_1        |[0m [INFO] [1675263586.838473706] [Nurse]: Action: a_authenticate_nurse
[35mnurse_1        |[0m [INFO] [1675263586.840864348] [Nurse]: Doing a_authenticate_nurse
[36;1mrobot_1        |[0m [INFO] [1675263586.850419664] [Robot]: a_navto
[36;1mrobot_1        |[0m [INFO] [1675263586.852694141] [Robot]: a_authenticate_nurse
[36;1mrobot_1        |[0m [INFO] [1675263586.858371664] [Robot]: a_open_drawer
[36;1mrobot_1        |[0m [INFO] [1675263586.859229511] [Robot]: a_deposit
[36;1mrobot_1        |[0m [INFO] [1675263586.859974715] [Robot]: a_close_drawer
[36;1mrobot_1        |[0m [INFO] [1675263586.860629245] [Robot]: a_navto
[36;1mrobot_1        |[0m [INFO] [1675263586.861295261] [Robot]: a_approach_arm
[32menvironment_1  |[0m [INFO] [1675263586.859846657] [Environment]: Receiving message: a_approach_arm,robot1,arm1
[32menvironment_1  |[0m [INFO] [1675263586.861498408] [Environment]: Action: a_approach_arm
[32menvironment_1  |[0m [INFO] [1675263586.863159636] [Environment]: Responding
[36marm_1          |[0m [INFO] [1675263586.881563028] [Arm]: success
[36marm_1          |[0m [INFO] [1675263586.894496191] [Arm]: Action result: True
[36marm_1          |[0m [INFO] [1675263586.895631827] [Arm]: Action: a_pick_up_sample
[36marm_1          |[0m [INFO] [1675263586.896404437] [Arm]: Doing a_pick_up_sample
[36;1mrobot_1        |[0m [INFO] [1675263586.880054713] [Robot]: Doing a_navto
[36;1mrobot_1        |[0m [INFO] [1675263586.882808742] [Robot]: a_open_drawer
[36;1mrobot_1        |[0m [INFO] [1675263586.885000958] [Robot]: a_pick_up_sample
[36;1mrobot_1        |[0m [INFO] [1675263586.897956811] [Robot]: a_close_drawer
[36;1mrobot_1        |[0m [INFO] [1675263586.901075472] [Robot]: Receiving sync message. a_authenticate_nurse,robot1,nurse1
[36;1mrobot_1        |[0m [INFO] [1675263586.905776929] [Robot]: not ready
[36;1mrobot_1        |[0m [INFO] [1675263586.915250377] [Robot]: Receiving sync message. a_pick_up_sample,arm1,robot1
[36;1mrobot_1        |[0m [INFO] [1675263586.918299000] [Robot]: not ready
[35mnurse_1        |[0m [INFO] [1675263586.916854486] [Nurse]: not ready
[35mnurse_1        |[0m [INFO] [1675263586.918270666] [Nurse]: Action result: False
[35mnurse_1        |[0m [INFO] [1675263586.921123424] [Nurse]: Action: a_authenticate_nurse
[36marm_1          |[0m [INFO] [1675263586.932679054] [Arm]: not ready
[36marm_1          |[0m [INFO] [1675263586.935179142] [Arm]: Action result: False
[32menvironment_1  |[0m [INFO] [1675263586.926964647] [Environment]: Receiving message: a_navto,robot1,Room1
[35mnurse_1        |[0m [INFO] [1675263586.936915354] [Nurse]: Doing a_authenticate_nurse
[32menvironment_1  |[0m [INFO] [1675263586.948015507] [Environment]: Action: a_navto
[32menvironment_1  |[0m [INFO] [1675263586.948970522] [Environment]: Responding
[36marm_1          |[0m [INFO] [1675263586.937999768] [Arm]: Action: a_pick_up_sample
[36marm_1          |[0m [INFO] [1675263586.947987989] [Arm]: Doing a_pick_up_sample
[36;1mrobot_1        |[0m [INFO] [1675263586.947023790] [Robot]: Receiving sync message. a_authenticate_nurse,robot1,nurse1
[36;1mrobot_1        |[0m [INFO] [1675263586.953414442] [Robot]: not ready
[35mnurse_1        |[0m [INFO] [1675263586.958009916] [Nurse]: not ready
[36;1mrobot_1        |[0m [INFO] [1675263586.964121435] [Robot]: Receiving sync message. a_pick_up_sample,arm1,robot1
[36;1mrobot_1        |[0m [INFO] [1675263586.970631718] [Robot]: not ready
[35mnurse_1        |[0m [INFO] [1675263586.968172437] [Nurse]: Action result: False
[35mnurse_1        |[0m [INFO] [1675263586.970199774] [Nurse]: Action: a_authenticate_nurse
[36;1mrobot_1        |[0m [INFO] [1675263586.974272393] [Robot]: success
[36;1mrobot_1        |[0m [INFO] [1675263586.975108515] [Robot]: Action result: True
[35mnurse_1        |[0m [INFO] [1675263586.980997674] [Nurse]: Doing a_authenticate_nurse
[35mnurse_1        |[0m [INFO] [1675263587.005767486] [Nurse]: not ready
[35mnurse_1        |[0m [INFO] [1675263587.007027475] [Nurse]: Action result: False
[35mnurse_1        |[0m [INFO] [1675263587.008284567] [Nurse]: Action: a_authenticate_nurse
[36marm_1          |[0m [INFO] [1675263586.985680905] [Arm]: not ready
[36marm_1          |[0m [INFO] [1675263587.004230180] [Arm]: Action result: False
[35mnurse_1        |[0m [INFO] [1675263587.009759012] [Nurse]: Doing a_authenticate_nurse
[36;1mrobot_1        |[0m [INFO] [1675263586.983792611] [Robot]: Receiving sync message. a_authenticate_nurse,robot1,nurse1
[36;1mrobot_1        |[0m [INFO] [1675263586.988268438] [Robot]: not ready
[36marm_1          |[0m [INFO] [1675263587.006644071] [Arm]: Action: a_pick_up_sample
[36marm_1          |[0m [INFO] [1675263587.008441909] [Arm]: Doing a_pick_up_sample
[36;1mrobot_1        |[0m [INFO] [1675263587.021436300] [Robot]: Receiving sync message. a_pick_up_sample,arm1,robot1
[36;1mrobot_1        |[0m [INFO] [1675263587.023869044] [Robot]: not ready
[36;1mrobot_1        |[0m [INFO] [1675263587.037778512] [Robot]: Receiving sync message. a_authenticate_nurse,robot1,nurse1
[36;1mrobot_1        |[0m [INFO] [1675263587.039183532] [Robot]: not ready
[36marm_1          |[0m [INFO] [1675263587.028704575] [Arm]: not ready
[36marm_1          |[0m [INFO] [1675263587.029795416] [Arm]: Action result: False
[36marm_1          |[0m [INFO] [1675263587.030812753] [Arm]: Action: a_pick_up_sample
[36marm_1          |[0m [INFO] [1675263587.031893354] [Arm]: Doing a_pick_up_sample
[35mnurse_1        |[0m [INFO] [1675263587.053679426] [Nurse]: not ready
[35mnurse_1        |[0m [INFO] [1675263587.054881624] [Nurse]: Action result: False
[35mnurse_1        |[0m [INFO] [1675263587.056508867] [Nurse]: Action: a_authenticate_nurse
[36;1mrobot_1        |[0m [INFO] [1675263587.055677248] [Robot]: Receiving sync message. a_pick_up_sample,arm1,robot1
[36;1mrobot_1        |[0m [INFO] [1675263587.069350223] [Robot]: not ready
[35mnurse_1        |[0m [INFO] [1675263587.057881579] [Nurse]: Doing a_authenticate_nurse
[33mcoordinator_1  |[0m [INFO] [1675263587.056992877] [Coordinator]: Receiving sync message: action_complete,a_navto
[33mcoordinator_1  |[0m [INFO] [1675263587.062766801] [Coordinator]: action_complete
[33mcoordinator_1  |[0m [INFO] [1675263587.063680549] [Coordinator]: plans_actions_current 1 of 11
[36;1mrobot_1        |[0m [INFO] [1675263587.072769808] [Robot]: Receiving sync message. a_authenticate_nurse,robot1,nurse1
[36marm_1          |[0m [INFO] [1675263587.073961875] [Arm]: not ready
[36;1mrobot_1        |[0m [INFO] [1675263587.085645430] [Robot]: not ready
[36marm_1          |[0m [INFO] [1675263587.076798868] [Arm]: Action result: False
[36marm_1          |[0m [INFO] [1675263587.086172709] [Arm]: Action: a_pick_up_sample
[36marm_1          |[0m [INFO] [1675263587.088187400] [Arm]: Doing a_pick_up_sample
[35mnurse_1        |[0m [INFO] [1675263587.090035186] [Nurse]: not ready
[36;1mrobot_1        |[0m [INFO] [1675263587.093741927] [Robot]: Action: a_approach_nurse
[36;1mrobot_1        |[0m [INFO] [1675263587.094703348] [Robot]: Doing a_approach_nurse
[36;1mrobot_1        |[0m [INFO] [1675263587.100579411] [Robot]: Receiving sync message. a_pick_up_sample,arm1,robot1
[36;1mrobot_1        |[0m [INFO] [1675263587.103227767] [Robot]: not ready
[35mnurse_1        |[0m [INFO] [1675263587.103243642] [Nurse]: Action result: False
[35mnurse_1        |[0m [INFO] [1675263587.106092304] [Nurse]: Action: a_authenticate_nurse
[35mnurse_1        |[0m [INFO] [1675263587.109024415] [Nurse]: Doing a_authenticate_nurse
[32menvironment_1  |[0m [INFO] [1675263587.123135954] [Environment]: Receiving message: a_approach_nurse,robot1
[36marm_1          |[0m [INFO] [1675263587.108996607] [Arm]: not ready
[36marm_1          |[0m [INFO] [1675263587.120099093] [Arm]: Action result: False
[36marm_1          |[0m [INFO] [1675263587.131194261] [Arm]: Action: a_pick_up_sample
[36;1mrobot_1        |[0m [INFO] [1675263587.134764676] [Robot]: Receiving sync message. a_authenticate_nurse,robot1,nurse1
[36;1mrobot_1        |[0m [INFO] [1675263587.136210890] [Robot]: not ready
[36marm_1          |[0m [INFO] [1675263587.138422920] [Arm]: Doing a_pick_up_sample
[35mnurse_1        |[0m [INFO] [1675263587.147744410] [Nurse]: not ready
[36;1mrobot_1        |[0m [INFO] [1675263587.158171459] [Robot]: Receiving sync message. a_pick_up_sample,arm1,robot1
[36;1mrobot_1        |[0m [INFO] [1675263587.159142637] [Robot]: not ready
[35mnurse_1        |[0m [INFO] [1675263587.149378376] [Nurse]: Action result: False
[35mnurse_1        |[0m [INFO] [1675263587.160221148] [Nurse]: Action: a_authenticate_nurse
[35mnurse_1        |[0m [INFO] [1675263587.162890319] [Nurse]: Doing a_authenticate_nurse
[32menvironment_1  |[0m [INFO] [1675263587.176566416] [Environment]: Action: a_approach_nurse
[32menvironment_1  |[0m [INFO] [1675263587.178292368] [Environment]: Responding
[36marm_1          |[0m [INFO] [1675263587.176488325] [Arm]: not ready
[36marm_1          |[0m [INFO] [1675263587.181571275] [Arm]: Action result: False
[36marm_1          |[0m [INFO] [1675263587.184074418] [Arm]: Action: a_pick_up_sample
[36marm_1          |[0m [INFO] [1675263587.214824556] [Arm]: Doing a_pick_up_sample
[36;1mrobot_1        |[0m [INFO] [1675263587.186688508] [Robot]: Receiving sync message. a_authenticate_nurse,robot1,nurse1
[36;1mrobot_1        |[0m [INFO] [1675263587.189895798] [Robot]: not ready
[36;1mrobot_1        |[0m [INFO] [1675263587.207674067] [Robot]: success
[36;1mrobot_1        |[0m [INFO] [1675263587.208575941] [Robot]: Action result: True
[36;1mrobot_1        |[0m [INFO] [1675263587.217572754] [Robot]: Receiving sync message. a_pick_up_sample,arm1,robot1
[36;1mrobot_1        |[0m [INFO] [1675263587.219238075] [Robot]: not ready
[35mnurse_1        |[0m [INFO] [1675263587.214914978] [Nurse]: not ready
[35mnurse_1        |[0m [INFO] [1675263587.217869092] [Nurse]: Action result: False
[36marm_1          |[0m [INFO] [1675263587.222036748] [Arm]: not ready
[36marm_1          |[0m [INFO] [1675263587.223565111] [Arm]: Action result: False
[36marm_1          |[0m [INFO] [1675263587.228533586] [Arm]: Action: a_pick_up_sample
[36marm_1          |[0m [INFO] [1675263587.232528683] [Arm]: Doing a_pick_up_sample
[33mcoordinator_1  |[0m [INFO] [1675263587.226319214] [Coordinator]: Receiving sync message: action_complete,a_approach_nurse
[33mcoordinator_1  |[0m [INFO] [1675263587.230057215] [Coordinator]: action_complete
[33mcoordinator_1  |[0m [INFO] [1675263587.231135140] [Coordinator]: plans_actions_current 2 of 11
[35mnurse_1        |[0m [INFO] [1675263587.232617432] [Nurse]: Action: a_authenticate_nurse
[35mnurse_1        |[0m [INFO] [1675263587.235272550] [Nurse]: Doing a_authenticate_nurse
[36marm_1          |[0m [INFO] [1675263587.250409283] [Arm]: not ready
[36;1mrobot_1        |[0m [INFO] [1675263587.235909995] [Robot]: Receiving sync message. a_pick_up_sample,arm1,robot1
[36;1mrobot_1        |[0m [INFO] [1675263587.244953183] [Robot]: not ready
[36marm_1          |[0m [INFO] [1675263587.252369645] [Arm]: Action result: False
[36;1mrobot_1        |[0m [INFO] [1675263587.266856788] [Robot]: Receiving sync message. a_authenticate_nurse,robot1,nurse1
[36marm_1          |[0m [INFO] [1675263587.260299577] [Arm]: Action: a_pick_up_sample
[36marm_1          |[0m [INFO] [1675263587.267194675] [Arm]: Doing a_pick_up_sample
[36;1mrobot_1        |[0m [INFO] [1675263587.269340182] [Robot]: not ready
[36;1mrobot_1        |[0m [INFO] [1675263587.279228787] [Robot]: Action: a_authenticate_nurse
[35mnurse_1        |[0m [INFO] [1675263587.291735658] [Nurse]: not ready
[35mnurse_1        |[0m [INFO] [1675263587.296811464] [Nurse]: Action result: False
[35mnurse_1        |[0m [INFO] [1675263587.306297693] [Nurse]: Action: a_authenticate_nurse
[35mnurse_1        |[0m [INFO] [1675263587.307857444] [Nurse]: Doing a_authenticate_nurse
[36;1mrobot_1        |[0m [INFO] [1675263587.306547815] [Robot]: Receiving sync message. a_pick_up_sample,arm1,robot1
[36;1mrobot_1        |[0m [INFO] [1675263587.307237362] [Robot]: not ready
[36;1mrobot_1        |[0m [INFO] [1675263587.313502061] [Robot]: Doing a_authenticate_nurse
[36;1mrobot_1        |[0m [INFO] [1675263587.314959749] [Robot]: wating for nurse1 to authenticate to robot1
[36;1mrobot_1        |[0m [INFO] [1675263587.315929282] [Robot]: Action result: False
[36;1mrobot_1        |[0m [INFO] [1675263587.316740646] [Robot]: Action: a_authenticate_nurse
[36;1mrobot_1        |[0m [INFO] [1675263587.317626557] [Robot]: Doing a_authenticate_nurse
[36;1mrobot_1        |[0m [INFO] [1675263587.318421898] [Robot]: wating for nurse1 to authenticate to robot1
[36marm_1          |[0m [INFO] [1675263587.311296699] [Arm]: not ready
[36marm_1          |[0m [INFO] [1675263587.312979075] [Arm]: Action result: False
[36marm_1          |[0m [INFO] [1675263587.326274955] [Arm]: Action: a_pick_up_sample
[36marm_1          |[0m [INFO] [1675263587.327290799] [Arm]: Doing a_pick_up_sample
[36;1mrobot_1        |[0m [INFO] [1675263587.359032796] [Robot]: Receiving sync message. a_authenticate_nurse,robot1,nurse1
[36;1mrobot_1        |[0m [INFO] [1675263587.361031043] [Robot]: Authenticate nurse
[35mnurse_1        |[0m [INFO] [1675263587.365116598] [Nurse]: success
[35mnurse_1        |[0m [INFO] [1675263587.366124428] [Nurse]: Action result: True
[35mnurse_1        |[0m [INFO] [1675263587.367091585] [Nurse]: Action: a_deposit
[35mnurse_1        |[0m [INFO] [1675263587.368458596] [Nurse]: Doing a_deposit
[36;1mrobot_1        |[0m [INFO] [1675263587.367685415] [Robot]: Action result: False
[36;1mrobot_1        |[0m [INFO] [1675263587.369710212] [Robot]: Action: a_authenticate_nurse
[36;1mrobot_1        |[0m [INFO] [1675263587.371789585] [Robot]: Doing a_authenticate_nurse
[36;1mrobot_1        |[0m [INFO] [1675263587.374439282] [Robot]: Action result: True
[36;1mrobot_1        |[0m [INFO] [1675263587.379805030] [Robot]: Receiving sync message. a_pick_up_sample,arm1,robot1
[36;1mrobot_1        |[0m [INFO] [1675263587.381909109] [Robot]: not ready
[36marm_1          |[0m [INFO] [1675263587.389184863] [Arm]: not ready
[36marm_1          |[0m [INFO] [1675263587.397750883] [Arm]: Action result: False
[36marm_1          |[0m [INFO] [1675263587.403326129] [Arm]: Action: a_pick_up_sample
[36;1mrobot_1        |[0m [INFO] [1675263587.412825199] [Robot]: Receiving sync message. a_deposit,nurse1,robot1
[36;1mrobot_1        |[0m [INFO] [1675263587.414732878] [Robot]: not ready
[33mcoordinator_1  |[0m [INFO] [1675263587.384886928] [Coordinator]: Receiving sync message: action_complete,a_authenticate_nurse
[33mcoordinator_1  |[0m [INFO] [1675263587.386053613] [Coordinator]: action_complete
[33mcoordinator_1  |[0m [INFO] [1675263587.390355224] [Coordinator]: plans_actions_current 3 of 11
[36marm_1          |[0m [INFO] [1675263587.405972975] [Arm]: Doing a_pick_up_sample
[35mnurse_1        |[0m [INFO] [1675263587.418879476] [Nurse]: not ready
[35mnurse_1        |[0m [INFO] [1675263587.421625528] [Nurse]: Action result: False
[35mnurse_1        |[0m [INFO] [1675263587.433633320] [Nurse]: Action: a_deposit
[35mnurse_1        |[0m [INFO] [1675263587.434899132] [Nurse]: Doing a_deposit
[36;1mrobot_1        |[0m [INFO] [1675263587.428889187] [Robot]: Receiving sync message. a_pick_up_sample,arm1,robot1
[36;1mrobot_1        |[0m [INFO] [1675263587.430925287] [Robot]: not ready
[36marm_1          |[0m [INFO] [1675263587.434804837] [Arm]: not ready
[36marm_1          |[0m [INFO] [1675263587.437461431] [Arm]: Action result: False
[36marm_1          |[0m [INFO] [1675263587.439372158] [Arm]: Action: a_pick_up_sample
[36marm_1          |[0m [INFO] [1675263587.449437593] [Arm]: Doing a_pick_up_sample
[36;1mrobot_1        |[0m [INFO] [1675263587.451595808] [Robot]: Action: a_open_drawer
[36;1mrobot_1        |[0m [INFO] [1675263587.457256523] [Robot]: Doing a_open_drawer
[36;1mrobot_1        |[0m [INFO] [1675263587.459136222] [Robot]: success
[36marm_1          |[0m [INFO] [1675263587.471468600] [Arm]: not ready
[36;1mrobot_1        |[0m [INFO] [1675263587.462142067] [Robot]: Receiving sync message. a_deposit,nurse1,robot1
[36;1mrobot_1        |[0m [INFO] [1675263587.464092819] [Robot]: not ready
[35mnurse_1        |[0m [INFO] [1675263587.470099050] [Nurse]: not ready
[36;1mrobot_1        |[0m [INFO] [1675263587.466026168] [Robot]: Receiving sync message. a_pick_up_sample,arm1,robot1
[36;1mrobot_1        |[0m [INFO] [1675263587.466907371] [Robot]: not ready
[36marm_1          |[0m [INFO] [1675263587.473292084] [Arm]: Action result: False
[36marm_1          |[0m [INFO] [1675263587.475579283] [Arm]: Action: a_pick_up_sample
[36marm_1          |[0m [INFO] [1675263587.477363353] [Arm]: Doing a_pick_up_sample
[36marm_1          |[0m [INFO] [1675263587.487159579] [Arm]: not ready
[36marm_1          |[0m [INFO] [1675263587.488087770] [Arm]: Action result: False
[36marm_1          |[0m [INFO] [1675263587.488956589] [Arm]: Action: a_pick_up_sample
[36marm_1          |[0m [INFO] [1675263587.489846841] [Arm]: Doing a_pick_up_sample
[35mnurse_1        |[0m [INFO] [1675263587.473292526] [Nurse]: Action result: False
[36;1mrobot_1        |[0m [INFO] [1675263587.477108453] [Robot]: Action result: True
[36;1mrobot_1        |[0m [INFO] [1675263587.481746094] [Robot]: Receiving sync message. a_pick_up_sample,arm1,robot1
[36;1mrobot_1        |[0m [INFO] [1675263587.482801041] [Robot]: not ready
[36;1mrobot_1        |[0m [INFO] [1675263587.496466009] [Robot]: Receiving sync message. a_pick_up_sample,arm1,robot1
[35mnurse_1        |[0m [INFO] [1675263587.496497742] [Nurse]: Action: a_deposit
[35mnurse_1        |[0m [INFO] [1675263587.502554546] [Nurse]: Doing a_deposit
[36;1mrobot_1        |[0m [INFO] [1675263587.500459715] [Robot]: not ready
[36marm_1          |[0m [INFO] [1675263587.507655828] [Arm]: not ready
[36marm_1          |[0m [INFO] [1675263587.510154902] [Arm]: Action result: False
[36marm_1          |[0m [INFO] [1675263587.513073935] [Arm]: Action: a_pick_up_sample
[36;1mrobot_1        |[0m [INFO] [1675263587.516957597] [Robot]: Receiving sync message. a_deposit,nurse1,robot1
[36;1mrobot_1        |[0m [INFO] [1675263587.518481050] [Robot]: not ready
[35mnurse_1        |[0m [INFO] [1675263587.523403080] [Nurse]: not ready
[36marm_1          |[0m [INFO] [1675263587.526453123] [Arm]: Doing a_pick_up_sample
[35mnurse_1        |[0m [INFO] [1675263587.525811118] [Nurse]: Action result: False
[36;1mrobot_1        |[0m [INFO] [1675263587.535667007] [Robot]: Receiving sync message. a_pick_up_sample,arm1,robot1
[36marm_1          |[0m [INFO] [1675263587.546325294] [Arm]: not ready
[35mnurse_1        |[0m [INFO] [1675263587.535373780] [Nurse]: Action: a_deposit
[35mnurse_1        |[0m [INFO] [1675263587.542607981] [Nurse]: Doing a_deposit
[36;1mrobot_1        |[0m [INFO] [1675263587.537009613] [Robot]: not ready
[36;1mrobot_1        |[0m [INFO] [1675263587.552663434] [Robot]: Receiving sync message. a_deposit,nurse1,robot1
[36;1mrobot_1        |[0m [INFO] [1675263587.554876212] [Robot]: not ready
[33mcoordinator_1  |[0m [INFO] [1675263587.547735046] [Coordinator]: Receiving sync message: action_complete,a_open_drawer
[33mcoordinator_1  |[0m [INFO] [1675263587.551570265] [Coordinator]: action_complete
[33mcoordinator_1  |[0m [INFO] [1675263587.553714356] [Coordinator]: plans_actions_current 4 of 11
[36marm_1          |[0m [INFO] [1675263587.557963790] [Arm]: Action result: False
[36marm_1          |[0m [INFO] [1675263587.559060039] [Arm]: Action: a_pick_up_sample
[36marm_1          |[0m [INFO] [1675263587.560221835] [Arm]: Doing a_pick_up_sample
[35mnurse_1        |[0m [INFO] [1675263587.560472287] [Nurse]: not ready
[35mnurse_1        |[0m [INFO] [1675263587.562701602] [Nurse]: Action result: False
[36;1mrobot_1        |[0m [INFO] [1675263587.566907220] [Robot]: Action: a_deposit
[36;1mrobot_1        |[0m [INFO] [1675263587.567897650] [Robot]: Doing a_deposit
[36;1mrobot_1        |[0m [INFO] [1675263587.568749225] [Robot]: wating for nurse1 to deposit in robot1
[35mnurse_1        |[0m [INFO] [1675263587.564467880] [Nurse]: Action: a_deposit
[35mnurse_1        |[0m [INFO] [1675263587.578089638] [Nurse]: Doing a_deposit
[36;1mrobot_1        |[0m [INFO] [1675263587.582018916] [Robot]: Action result: False
[36;1mrobot_1        |[0m [INFO] [1675263587.583801886] [Robot]: Action: a_deposit
[36;1mrobot_1        |[0m [INFO] [1675263587.585969056] [Robot]: Doing a_deposit
[36;1mrobot_1        |[0m [INFO] [1675263587.615198073] [Robot]: Receiving sync message. a_pick_up_sample,arm1,robot1
[36;1mrobot_1        |[0m [INFO] [1675263587.622255602] [Robot]: wating for nurse1 to deposit in robot1
[36;1mrobot_1        |[0m [INFO] [1675263587.625588911] [Robot]: not ready
[36;1mrobot_1        |[0m [INFO] [1675263587.627551591] [Robot]: Receiving sync message. a_deposit,nurse1,robot1
[36;1mrobot_1        |[0m [INFO] [1675263587.636930371] [Robot]: Deposit
[36;1mrobot_1        |[0m [INFO] [1675263587.644272490] [Robot]: Action result: False
[36;1mrobot_1        |[0m [INFO] [1675263587.646262008] [Robot]: Action: a_deposit
[36;1mrobot_1        |[0m [INFO] [1675263587.648244551] [Robot]: Doing a_deposit
[36marm_1          |[0m [INFO] [1675263587.644658141] [Arm]: not ready
[36marm_1          |[0m [INFO] [1675263587.646281017] [Arm]: Action result: False
[36marm_1          |[0m [INFO] [1675263587.648243889] [Arm]: Action: a_pick_up_sample
[35mnurse_1        |[0m [INFO] [1675263587.644255371] [Nurse]: success
[35mnurse_1        |[0m [INFO] [1675263587.645907301] [Nurse]: Action result: True
[36marm_1          |[0m [INFO] [1675263587.650044891] [Arm]: Doing a_pick_up_sample
[36;1mrobot_1        |[0m [INFO] [1675263587.660591841] [Robot]: Receiving sync message. a_pick_up_sample,arm1,robot1
[36;1mrobot_1        |[0m [INFO] [1675263587.661699238] [Robot]: not ready
[36marm_1          |[0m [INFO] [1675263587.666304662] [Arm]: not ready
[36marm_1          |[0m [INFO] [1675263587.668228373] [Arm]: Action result: False
[36marm_1          |[0m [INFO] [1675263587.670079748] [Arm]: Action: a_pick_up_sample
[36;1mrobot_1        |[0m [INFO] [1675263587.676384464] [Robot]: Action result: True
[36marm_1          |[0m [INFO] [1675263587.680433598] [Arm]: Doing a_pick_up_sample
[36;1mrobot_1        |[0m [INFO] [1675263587.685037268] [Robot]: Receiving sync message. a_pick_up_sample,arm1,robot1
[33mcoordinator_1  |[0m [INFO] [1675263587.696058273] [Coordinator]: Receiving sync message: action_complete,a_deposit
[33mcoordinator_1  |[0m [INFO] [1675263587.697429390] [Coordinator]: action_complete
[33mcoordinator_1  |[0m [INFO] [1675263587.698777910] [Coordinator]: plans_actions_current 5 of 11
[36;1mrobot_1        |[0m [INFO] [1675263587.700868139] [Robot]: not ready
[36;1mrobot_1        |[0m [INFO] [1675263587.708691072] [Robot]: Action: a_close_drawer
[36marm_1          |[0m [INFO] [1675263587.703450933] [Arm]: not ready
[36marm_1          |[0m [INFO] [1675263587.706527702] [Arm]: Action result: False
[36marm_1          |[0m [INFO] [1675263587.708906615] [Arm]: Action: a_pick_up_sample
[36;1mrobot_1        |[0m [INFO] [1675263587.723343555] [Robot]: Doing a_close_drawer
[36;1mrobot_1        |[0m [INFO] [1675263587.743989827] [Robot]: Receiving sync message. a_pick_up_sample,arm1,robot1
[36marm_1          |[0m [INFO] [1675263587.737165617] [Arm]: Doing a_pick_up_sample
[36;1mrobot_1        |[0m [INFO] [1675263587.748579459] [Robot]: not ready
[36;1mrobot_1        |[0m [INFO] [1675263587.753038261] [Robot]: success
[36;1mrobot_1        |[0m [INFO] [1675263587.754016781] [Robot]: Action result: True
[36marm_1          |[0m [INFO] [1675263587.765991180] [Arm]: not ready
[36marm_1          |[0m [INFO] [1675263587.771758384] [Arm]: Action result: False
[36marm_1          |[0m [INFO] [1675263587.785716003] [Arm]: Action: a_pick_up_sample
[36marm_1          |[0m [INFO] [1675263587.788189404] [Arm]: Doing a_pick_up_sample
[33mcoordinator_1  |[0m [INFO] [1675263587.792872711] [Coordinator]: Receiving sync message: action_complete,a_close_drawer
[33mcoordinator_1  |[0m [INFO] [1675263587.807744889] [Coordinator]: action_complete
[33mcoordinator_1  |[0m [INFO] [1675263587.809790442] [Coordinator]: plans_actions_current 6 of 11
[36marm_1          |[0m [INFO] [1675263587.805278883] [Arm]: not ready
[36marm_1          |[0m [INFO] [1675263587.806429029] [Arm]: Action result: False
[36marm_1          |[0m [INFO] [1675263587.809100090] [Arm]: Action: a_pick_up_sample
[36;1mrobot_1        |[0m [INFO] [1675263587.801830648] [Robot]: Receiving sync message. a_pick_up_sample,arm1,robot1
[36;1mrobot_1        |[0m [INFO] [1675263587.802728236] [Robot]: not ready
[36;1mrobot_1        |[0m [INFO] [1675263587.820110023] [Robot]: Action: a_navto
[36marm_1          |[0m [INFO] [1675263587.819308094] [Arm]: Doing a_pick_up_sample
[36;1mrobot_1        |[0m [INFO] [1675263587.834405485] [Robot]: Receiving sync message. a_pick_up_sample,arm1,robot1
[36;1mrobot_1        |[0m [INFO] [1675263587.836434560] [Robot]: not ready
[36;1mrobot_1        |[0m [INFO] [1675263587.857876805] [Robot]: Doing a_navto
[36marm_1          |[0m [INFO] [1675263587.861302776] [Arm]: not ready
[36marm_1          |[0m [INFO] [1675263587.863549496] [Arm]: Action result: False
[36marm_1          |[0m [INFO] [1675263587.865780825] [Arm]: Action: a_pick_up_sample
[36marm_1          |[0m [INFO] [1675263587.867647231] [Arm]: Doing a_pick_up_sample
[36;1mrobot_1        |[0m [INFO] [1675263587.870234043] [Robot]: Receiving sync message. a_pick_up_sample,arm1,robot1
[36;1mrobot_1        |[0m [INFO] [1675263587.871470942] [Robot]: not ready
[36marm_1          |[0m [INFO] [1675263587.875993499] [Arm]: not ready
[36marm_1          |[0m [INFO] [1675263587.878110688] [Arm]: Action result: False
[36marm_1          |[0m [INFO] [1675263587.880901362] [Arm]: Action: a_pick_up_sample
[36marm_1          |[0m [INFO] [1675263587.882924364] [Arm]: Doing a_pick_up_sample
[36;1mrobot_1        |[0m [INFO] [1675263587.886374503] [Robot]: Receiving sync message. a_pick_up_sample,arm1,robot1
[36;1mrobot_1        |[0m [INFO] [1675263587.888604463] [Robot]: not ready
[32menvironment_1  |[0m [INFO] [1675263587.890278389] [Environment]: Receiving message: a_navto,robot1,Room3
[36marm_1          |[0m [INFO] [1675263587.893305538] [Arm]: not ready
[32menvironment_1  |[0m [INFO] [1675263587.891416037] [Environment]: Action: a_navto
[32menvironment_1  |[0m [INFO] [1675263587.892548150] [Environment]: Responding
[36marm_1          |[0m [INFO] [1675263587.901641720] [Arm]: Action result: False
[36;1mrobot_1        |[0m [INFO] [1675263587.905661948] [Robot]: success
[36;1mrobot_1        |[0m [INFO] [1675263587.906687755] [Robot]: Action result: True
[36marm_1          |[0m [INFO] [1675263587.911208526] [Arm]: Action: a_pick_up_sample
[36marm_1          |[0m [INFO] [1675263587.914968248] [Arm]: Doing a_pick_up_sample
[33mcoordinator_1  |[0m [INFO] [1675263587.917150627] [Coordinator]: Receiving sync message: action_complete,a_navto
[33mcoordinator_1  |[0m [INFO] [1675263587.920307283] [Coordinator]: action_complete
[36marm_1          |[0m [INFO] [1675263587.932537115] [Arm]: not ready
[36;1mrobot_1        |[0m [INFO] [1675263587.926214931] [Robot]: Receiving sync message. a_pick_up_sample,arm1,robot1
[36;1mrobot_1        |[0m [INFO] [1675263587.927209822] [Robot]: not ready
[36marm_1          |[0m [INFO] [1675263587.937236472] [Arm]: Action result: False
[36marm_1          |[0m [INFO] [1675263587.943300110] [Arm]: Action: a_pick_up_sample
[36marm_1          |[0m [INFO] [1675263587.950643619] [Arm]: Doing a_pick_up_sample
[36;1mrobot_1        |[0m [INFO] [1675263587.955177566] [Robot]: Receiving sync message. a_pick_up_sample,arm1,robot1
[36;1mrobot_1        |[0m [INFO] [1675263587.956181351] [Robot]: not ready
[33mcoordinator_1  |[0m [INFO] [1675263587.954624720] [Coordinator]: plans_actions_current 7 of 11
[36;1mrobot_1        |[0m [INFO] [1675263587.963403263] [Robot]: Action: a_approach_arm
[36;1mrobot_1        |[0m [INFO] [1675263587.964708293] [Robot]: Doing a_approach_arm
[36marm_1          |[0m [INFO] [1675263587.972777003] [Arm]: not ready
[32menvironment_1  |[0m [INFO] [1675263587.973570740] [Environment]: Receiving message: a_approach_arm,robot1,arm1
[32menvironment_1  |[0m [INFO] [1675263587.980452058] [Environment]: Action: a_approach_arm
[32menvironment_1  |[0m [INFO] [1675263587.983218743] [Environment]: Responding
[36marm_1          |[0m [INFO] [1675263587.979442624] [Arm]: Action result: False
[36marm_1          |[0m [INFO] [1675263587.981767850] [Arm]: Action: a_pick_up_sample
[36marm_1          |[0m [INFO] [1675263587.996437684] [Arm]: Doing a_pick_up_sample
[36;1mrobot_1        |[0m [INFO] [1675263587.990820365] [Robot]: success
[36;1mrobot_1        |[0m [INFO] [1675263587.995412824] [Robot]: Action result: True
[36;1mrobot_1        |[0m [INFO] [1675263588.002540922] [Robot]: Receiving sync message. a_pick_up_sample,arm1,robot1
[36;1mrobot_1        |[0m [INFO] [1675263588.005137105] [Robot]: not ready
[36marm_1          |[0m [INFO] [1675263588.013036299] [Arm]: not ready
[36marm_1          |[0m [INFO] [1675263588.015347403] [Arm]: Action result: False
[33mcoordinator_1  |[0m [INFO] [1675263588.015231010] [Coordinator]: Receiving sync message: action_complete,a_approach_arm
[36marm_1          |[0m [INFO] [1675263588.017818593] [Arm]: Action: a_pick_up_sample
[33mcoordinator_1  |[0m [INFO] [1675263588.017865961] [Coordinator]: action_complete
[36marm_1          |[0m [INFO] [1675263588.027698170] [Arm]: Doing a_pick_up_sample
[36;1mrobot_1        |[0m [INFO] [1675263588.032295667] [Robot]: Receiving sync message. a_pick_up_sample,arm1,robot1
[36;1mrobot_1        |[0m [INFO] [1675263588.035049721] [Robot]: not ready
[33mcoordinator_1  |[0m [INFO] [1675263588.038532800] [Coordinator]: plans_actions_current 8 of 11
[36marm_1          |[0m [INFO] [1675263588.046926309] [Arm]: not ready
[36marm_1          |[0m [INFO] [1675263588.050033555] [Arm]: Action result: False
[36;1mrobot_1        |[0m [INFO] [1675263588.052580002] [Robot]: Action: a_open_drawer
[36;1mrobot_1        |[0m [INFO] [1675263588.056035324] [Robot]: Doing a_open_drawer
[36marm_1          |[0m [INFO] [1675263588.054348104] [Arm]: Action: a_pick_up_sample
[36marm_1          |[0m [INFO] [1675263588.056646700] [Arm]: Doing a_pick_up_sample
[36;1mrobot_1        |[0m [INFO] [1675263588.063757228] [Robot]: success
[36;1mrobot_1        |[0m [INFO] [1675263588.071297326] [Robot]: Receiving sync message. a_pick_up_sample,arm1,robot1
[36;1mrobot_1        |[0m [INFO] [1675263588.072787399] [Robot]: Action result: True
[36;1mrobot_1        |[0m [INFO] [1675263588.077979114] [Robot]: not ready
[36marm_1          |[0m [INFO] [1675263588.083142737] [Arm]: not ready
[36marm_1          |[0m [INFO] [1675263588.084428582] [Arm]: Action result: False
[33mcoordinator_1  |[0m [INFO] [1675263588.090142101] [Coordinator]: Receiving sync message: action_complete,a_open_drawer
[33mcoordinator_1  |[0m [INFO] [1675263588.092828889] [Coordinator]: action_complete
[36marm_1          |[0m [INFO] [1675263588.102064261] [Arm]: Action: a_pick_up_sample
[36marm_1          |[0m [INFO] [1675263588.103516469] [Arm]: Doing a_pick_up_sample
[36;1mrobot_1        |[0m [INFO] [1675263588.112001195] [Robot]: Receiving sync message. a_pick_up_sample,arm1,robot1
[36;1mrobot_1        |[0m [INFO] [1675263588.115275112] [Robot]: not ready
[36marm_1          |[0m [INFO] [1675263588.118377134] [Arm]: not ready
[36marm_1          |[0m [INFO] [1675263588.119365150] [Arm]: Action result: False
[36marm_1          |[0m [INFO] [1675263588.123203967] [Arm]: Action: a_pick_up_sample
[33mcoordinator_1  |[0m [INFO] [1675263588.125928687] [Coordinator]: plans_actions_current 9 of 11
[36marm_1          |[0m [INFO] [1675263588.128782405] [Arm]: Doing a_pick_up_sample
[36;1mrobot_1        |[0m [INFO] [1675263588.130893502] [Robot]: Action: a_pick_up_sample
[36;1mrobot_1        |[0m [INFO] [1675263588.133143069] [Robot]: Doing a_pick_up_sample
[36;1mrobot_1        |[0m [INFO] [1675263588.135898339] [Robot]: wating for arm1 to pick up from robot1
[36;1mrobot_1        |[0m [INFO] [1675263588.142483981] [Robot]: Receiving sync message. a_pick_up_sample,arm1,robot1
[36;1mrobot_1        |[0m [INFO] [1675263588.146232035] [Robot]: Action result: False
[36;1mrobot_1        |[0m [INFO] [1675263588.148555613] [Robot]: Action: a_pick_up_sample
[36;1mrobot_1        |[0m [INFO] [1675263588.150445092] [Robot]: Doing a_pick_up_sample
[36;1mrobot_1        |[0m [INFO] [1675263588.159310617] [Robot]: Pick up
[36marm_1          |[0m [INFO] [1675263588.163093664] [Arm]: success
[36;1mrobot_1        |[0m [INFO] [1675263588.163292527] [Robot]: Action result: True
[36marm_1          |[0m [INFO] [1675263588.164584354] [Arm]: Action result: True
[33mcoordinator_1  |[0m [INFO] [1675263588.180230695] [Coordinator]: Receiving sync message: action_complete,a_pick_up_sample
[33mcoordinator_1  |[0m [INFO] [1675263588.184048750] [Coordinator]: action_complete
[33mcoordinator_1  |[0m [INFO] [1675263588.186672335] [Coordinator]: plans_actions_current 10 of 11
[36;1mrobot_1        |[0m [INFO] [1675263588.195692118] [Robot]: Action: a_close_drawer
[36;1mrobot_1        |[0m [INFO] [1675263588.201419411] [Robot]: Doing a_close_drawer
[36;1mrobot_1        |[0m [INFO] [1675263588.202693470] [Robot]: success
[36;1mrobot_1        |[0m [INFO] [1675263588.203834629] [Robot]: Action result: True
[33mcoordinator_1  |[0m [INFO] [1675263588.227208832] [Coordinator]: Receiving sync message: action_complete,a_close_drawer
[33mcoordinator_1  |[0m [INFO] [1675263588.228686205] [Coordinator]: action_complete
[33mcoordinator_1  |[0m [INFO] [1675263588.230142529] [Coordinator]: plans_actions_current 11 of 11
[33mcoordinator_1  |[0m [INFO] [1675263588.232584159] [Coordinator]: The time of execution of above program is:1.5788350105285645
[33mcoordinator_1  |[0m [INFO] [1675263588.252872850] [Coordinator]: Achieved
[33mcoordinator_1  |[0m [INFO] [1675263588.254165209] [Coordinator]: ENDSIM
Stopping planning_environment_1 ... 
Stopping planning_arm_1         ... 
Stopping planning_robot_1       ... 
Stopping planning_planner_1     ... 
Stopping planning_nurse_1       ... 
Stopping planning_coordinator_1 ... 
Stopping planning_coordinator_1 ... done
Stopping planning_robot_1       ... done
Stopping planning_planner_1     ... done
Stopping planning_nurse_1       ... done
[33mplanning_coordinator_1 exited with code 137
[0m[36;1mplanning_robot_1 exited with code 137
[0m[34mplanning_planner_1 exited with code 137
[0m[35mplanning_nurse_1 exited with code 137
[0mStopping planning_arm_1         ... done
[36mplanning_arm_1 exited with code 137
[0mStopping planning_environment_1 ... done
[32mplanning_environment_1 exited with code 137
[0mRemoving planning_environment_1 ... 
Removing planning_arm_1         ... 
Removing planning_robot_1       ... 
Removing planning_planner_1     ... 
Removing planning_nurse_1       ... 
Removing planning_coordinator_1 ... 
Removing planning_nurse_1       ... done
Removing planning_environment_1 ... done
Removing planning_robot_1       ... done
Removing planning_planner_1     ... done
Removing planning_arm_1         ... done
Removing planning_coordinator_1 ... done
Removing network planning_ros
