Creating network "planning_ros" with the default driver
Creating planning_coordinator_1 ... 
Creating planning_arm_1         ... 
Creating planning_environment_1 ... 
Creating planning_planner_1     ... 
Creating planning_robot_1       ... 
Creating planning_nurse_1       ... 
Creating planning_coordinator_1 ... done
Creating planning_arm_1         ... done
Creating planning_planner_1     ... done
Creating planning_environment_1 ... done
Creating planning_robot_1       ... done
Creating planning_nurse_1       ... done
Attaching to planning_coordinator_1, planning_arm_1, planning_planner_1, planning_environment_1, planning_robot_1, planning_nurse_1
[36marm_1          |[0m [INFO] [1675267281.503100123] [Arm]: Starting Arm server
[36marm_1          |[0m [INFO] [1675267281.513803533] [Arm]: Arm server started
[36marm_1          |[0m [INFO] [1675267281.514875225] [Arm]: Starting Nurse clients
[33mcoordinator_1  |[0m [INFO] [1675267281.843748006] [Coordinator]: Starting Coordinator server
[33mcoordinator_1  |[0m [INFO] [1675267281.863273855] [Coordinator]: Coordinator server started
[33mcoordinator_1  |[0m [INFO] [1675267281.875487295] [Coordinator]: Starting Coordinator clients
[36marm_1          |[0m [INFO] [1675267282.528987276] [Arm]: environment service not available, waiting again...
[33mcoordinator_1  |[0m [INFO] [1675267282.918720659] [Coordinator]: planner sync service not available, waiting again...
[36marm_1          |[0m [INFO] [1675267283.546046377] [Arm]: environment service not available, waiting again...
[35mnurse_1        |[0m [INFO] [1675267283.862480299] [Nurse]: Starting Nurse server
[35mnurse_1        |[0m [INFO] [1675267283.875677184] [Nurse]: Nurse server started
[35mnurse_1        |[0m [INFO] [1675267283.882095882] [Nurse]: Starting Nurse clients
[36;1mrobot_1        |[0m [INFO] [1675267283.918638783] [Robot]: Starting Robot server
[33mcoordinator_1  |[0m [INFO] [1675267283.933840740] [Coordinator]: planner sync service not available, waiting again...
[36;1mrobot_1        |[0m [INFO] [1675267283.930949419] [Robot]: Robot server started
[36;1mrobot_1        |[0m [INFO] [1675267283.932529237] [Robot]: Starting Robots clients
[32menvironment_1  |[0m [INFO] [1675267283.950430964] [Environment]: Starting Environment server
[32menvironment_1  |[0m [INFO] [1675267283.963697600] [Environment]: Environment server started
[36;1mrobot_1        |[0m [INFO] [1675267283.965791341] [Robot]: Robots clients started
[36marm_1          |[0m [INFO] [1675267284.059190639] [Arm]: Nurse clients started
[35mnurse_1        |[0m [INFO] [1675267284.157676228] [Nurse]: Nurse clients started
[35mnurse_1        |[0m [INFO] [1675267284.173608879] [Nurse]: Sent request
[33mcoordinator_1  |[0m [INFO] [1675267284.941978519] [Coordinator]: planner sync service not available, waiting again...
[33mcoordinator_1  |[0m [INFO] [1675267285.959361919] [Coordinator]: planner sync service not available, waiting again...
[34mplanner_1      |[0m [INFO] [1675267286.380134816] [Planner]: Starting Planner server
[34mplanner_1      |[0m [INFO] [1675267286.401912070] [Planner]: Planner server started
[33mcoordinator_1  |[0m [INFO] [1675267286.501612314] [Coordinator]: Coordinator clients started
[33mcoordinator_1  |[0m [INFO] [1675267286.523625024] [Coordinator]: Receiving message of nurse1 in room3.
[33mcoordinator_1  |[0m [INFO] [1675267286.529910224] [Coordinator]: Sending response
[33mcoordinator_1  |[0m [INFO] [1675267286.533629398] [Coordinator]: Planing
[33mcoordinator_1  |[0m [INFO] [1675267286.535639770] [Coordinator]: Creating plan for: robot1, nurse1, arm1 
[35mnurse_1        |[0m [INFO] [1675267286.542761423] [Nurse]: Request response:Okay!
[34mplanner_1      |[0m [INFO] [1675267286.549356837] [Planner]: Receiving sync message. need_plan,robot1,nurse1,arm1
[34mplanner_1      |[0m [INFO] [1675267286.550825163] [Planner]: Creating plan for: robot1 robot1 nurse1
[34mplanner_1      |[0m [INFO] [1675267286.562169144] [Planner]: a_navto,robot1,Room1
[34mplanner_1      |[0m [INFO] [1675267286.566353415] [Planner]: a_approach_nurse,robot1
[34mplanner_1      |[0m [INFO] [1675267286.568071319] [Planner]: a_authenticate_nurse,robot1,nurse1
[34mplanner_1      |[0m [INFO] [1675267286.569490545] [Planner]: a_open_drawer,robot1
[34mplanner_1      |[0m [INFO] [1675267286.570894862] [Planner]: a_deposit,nurse1,robot1
[34mplanner_1      |[0m [INFO] [1675267286.579708323] [Planner]: a_close_drawer,robot1
[34mplanner_1      |[0m [INFO] [1675267286.584367270] [Planner]: a_navto,robot1,Room3
[34mplanner_1      |[0m [INFO] [1675267286.585839195] [Planner]: a_approach_arm,robot1,arm1
[34mplanner_1      |[0m [INFO] [1675267286.597236495] [Planner]: a_open_drawer,robot1
[34mplanner_1      |[0m [INFO] [1675267286.599355533] [Planner]: a_pick_up_sample,arm1,robot1
[34mplanner_1      |[0m [INFO] [1675267286.602320061] [Planner]: a_close_drawer,robot1
[34mplanner_1      |[0m [INFO] [1675267286.605086628] [Planner]: Sending response
[33mcoordinator_1  |[0m [INFO] [1675267286.628032255] [Coordinator]: Plan received for: robot1, nurse1, arm1 
[33mcoordinator_1  |[0m [INFO] [1675267286.630345197] [Coordinator]: a_navto,robot1,Room1/a_approach_nurse,robot1/a_authenticate_nurse,robot1,nurse1/a_open_drawer,robot1/a_deposit,nurse1,robot1/a_close_drawer,robot1/a_navto,robot1,Room3/a_approach_arm,robot1,arm1/a_open_drawer,robot1/a_pick_up_sample,arm1,robot1/a_close_drawer,robot1
[33mcoordinator_1  |[0m [INFO] [1675267286.633224323] [Coordinator]: a_navto,robot1,Room1
[33mcoordinator_1  |[0m [INFO] [1675267286.642731652] [Coordinator]: a_approach_nurse,robot1
[33mcoordinator_1  |[0m [INFO] [1675267286.644282246] [Coordinator]: a_authenticate_nurse,robot1,nurse1
[33mcoordinator_1  |[0m [INFO] [1675267286.646382266] [Coordinator]: a_open_drawer,robot1
[33mcoordinator_1  |[0m [INFO] [1675267286.647669634] [Coordinator]: a_deposit,nurse1,robot1
[33mcoordinator_1  |[0m [INFO] [1675267286.648959159] [Coordinator]: a_close_drawer,robot1
[33mcoordinator_1  |[0m [INFO] [1675267286.650128192] [Coordinator]: a_navto,robot1,Room3
[33mcoordinator_1  |[0m [INFO] [1675267286.651335737] [Coordinator]: a_approach_arm,robot1,arm1
[33mcoordinator_1  |[0m [INFO] [1675267286.652599333] [Coordinator]: a_open_drawer,robot1
[33mcoordinator_1  |[0m [INFO] [1675267286.662428097] [Coordinator]: a_pick_up_sample,arm1,robot1
[33mcoordinator_1  |[0m [INFO] [1675267286.663822025] [Coordinator]: a_close_drawer,robot1
[33mcoordinator_1  |[0m [INFO] [1675267286.665242940] [Coordinator]: Sending plans
[33mcoordinator_1  |[0m [INFO] [1675267286.667762111] [Coordinator]: Plans sent
[36marm_1          |[0m [INFO] [1675267286.699104862] [Arm]: Receiving message.
[36;1mrobot_1        |[0m [INFO] [1675267286.704768763] [Robot]: Receiving message.
[36;1mrobot_1        |[0m [INFO] [1675267286.708683626] [Robot]: Robot's actions:
[36;1mrobot_1        |[0m [INFO] [1675267286.710285251] [Robot]: Action: a_navto
[36;1mrobot_1        |[0m [INFO] [1675267286.711873250] [Robot]: Doing a_navto
[36;1mrobot_1        |[0m [INFO] [1675267286.715369080] [Robot]: a_navto
[36marm_1          |[0m [INFO] [1675267286.715449636] [Arm]: Arm's actions:
[36marm_1          |[0m [INFO] [1675267286.723859247] [Arm]: a_approach_arm
[36;1mrobot_1        |[0m [INFO] [1675267286.726142928] [Robot]: a_authenticate_nurse
[36;1mrobot_1        |[0m [INFO] [1675267286.727441188] [Robot]: a_open_drawer
[36;1mrobot_1        |[0m [INFO] [1675267286.728955495] [Robot]: a_deposit
[36;1mrobot_1        |[0m [INFO] [1675267286.730435824] [Robot]: a_close_drawer
[35mnurse_1        |[0m [INFO] [1675267286.722099117] [Nurse]: Receiving message.
[35mnurse_1        |[0m [INFO] [1675267286.724631788] [Nurse]: Nurse's actions:
[36marm_1          |[0m [INFO] [1675267286.732835696] [Arm]: a_pick_up_sample
[36marm_1          |[0m [INFO] [1675267286.735290684] [Arm]: Action: a_approach_arm
[36marm_1          |[0m [INFO] [1675267286.736342246] [Arm]: Doing a_approach_arm
[36;1mrobot_1        |[0m [INFO] [1675267286.740911996] [Robot]: a_navto
[36;1mrobot_1        |[0m [INFO] [1675267286.745650034] [Robot]: a_approach_arm
[35mnurse_1        |[0m [INFO] [1675267286.747085507] [Nurse]: a_authenticate_nurse
[35mnurse_1        |[0m [INFO] [1675267286.752656147] [Nurse]: Action: a_authenticate_nurse
[35mnurse_1        |[0m [INFO] [1675267286.754192999] [Nurse]: Doing a_authenticate_nurse
[32menvironment_1  |[0m [INFO] [1675267286.754129953] [Environment]: Receiving message: a_navto,robot1,Room1
[32menvironment_1  |[0m [INFO] [1675267286.756249524] [Environment]: Action: a_navto
[36;1mrobot_1        |[0m [INFO] [1675267286.762503657] [Robot]: a_open_drawer
[36;1mrobot_1        |[0m [INFO] [1675267286.765248445] [Robot]: a_pick_up_sample
[36;1mrobot_1        |[0m [INFO] [1675267286.768162896] [Robot]: a_close_drawer
[36;1mrobot_1        |[0m [INFO] [1675267286.774499902] [Robot]: Receiving sync message. a_authenticate_nurse,robot1,nurse1
[36;1mrobot_1        |[0m [INFO] [1675267286.789446711] [Robot]: not ready
[32menvironment_1  |[0m [INFO] [1675267286.805409395] [Environment]: Responding
[36;1mrobot_1        |[0m [INFO] [1675267286.813957691] [Robot]: success
[36;1mrobot_1        |[0m [INFO] [1675267286.815405511] [Robot]: Action result: True
[32menvironment_1  |[0m [INFO] [1675267286.824763165] [Environment]: Receiving message: a_approach_arm,robot1,arm1
[32menvironment_1  |[0m [INFO] [1675267286.825954199] [Environment]: Action: a_approach_arm
[32menvironment_1  |[0m [INFO] [1675267286.826942295] [Environment]: Responding
[33mcoordinator_1  |[0m [INFO] [1675267286.827146174] [Coordinator]: Receiving sync message: action_complete,a_navto
[36marm_1          |[0m [INFO] [1675267286.830938590] [Arm]: success
[35mnurse_1        |[0m [INFO] [1675267286.820096042] [Nurse]: not ready
[35mnurse_1        |[0m [INFO] [1675267286.832470415] [Nurse]: Action result: False
[35mnurse_1        |[0m [INFO] [1675267286.835170587] [Nurse]: Action: a_authenticate_nurse
[35mnurse_1        |[0m [INFO] [1675267286.836895238] [Nurse]: Doing a_authenticate_nurse
[35mnurse_1        |[0m [INFO] [1675267286.848099999] [Nurse]: not ready
[35mnurse_1        |[0m [INFO] [1675267286.856111185] [Nurse]: Action result: False
[33mcoordinator_1  |[0m [INFO] [1675267286.844278768] [Coordinator]: action_complete
[33mcoordinator_1  |[0m [INFO] [1675267286.847006302] [Coordinator]: plans_actions_current 1 of 11
[35mnurse_1        |[0m [INFO] [1675267286.858233524] [Nurse]: Action: a_authenticate_nurse
[36;1mrobot_1        |[0m [INFO] [1675267286.839634898] [Robot]: Receiving sync message. a_authenticate_nurse,robot1,nurse1
[36;1mrobot_1        |[0m [INFO] [1675267286.840769061] [Robot]: not ready
[36;1mrobot_1        |[0m [INFO] [1675267286.851377965] [Robot]: Action: a_approach_nurse
[36;1mrobot_1        |[0m [INFO] [1675267286.852311107] [Robot]: Doing a_approach_nurse
[36marm_1          |[0m [INFO] [1675267286.855218695] [Arm]: Action result: True
[36marm_1          |[0m [INFO] [1675267286.861232247] [Arm]: Action: a_pick_up_sample
[36marm_1          |[0m [INFO] [1675267286.862583879] [Arm]: Doing a_pick_up_sample
[35mnurse_1        |[0m [INFO] [1675267286.870557673] [Nurse]: Doing a_authenticate_nurse
[36;1mrobot_1        |[0m [INFO] [1675267286.866286562] [Robot]: Receiving sync message. a_pick_up_sample,arm1,robot1
[36;1mrobot_1        |[0m [INFO] [1675267286.867154551] [Robot]: not ready
[36;1mrobot_1        |[0m [INFO] [1675267286.883085701] [Robot]: Receiving sync message. a_authenticate_nurse,robot1,nurse1
[36;1mrobot_1        |[0m [INFO] [1675267286.883919035] [Robot]: not ready
[36marm_1          |[0m [INFO] [1675267286.878865014] [Arm]: not ready
[36marm_1          |[0m [INFO] [1675267286.880839791] [Arm]: Action result: False
[36marm_1          |[0m [INFO] [1675267286.886901904] [Arm]: Action: a_pick_up_sample
[32menvironment_1  |[0m [INFO] [1675267286.875264633] [Environment]: Receiving message: a_approach_nurse,robot1
[32menvironment_1  |[0m [INFO] [1675267286.887350921] [Environment]: Action: a_approach_nurse
[32menvironment_1  |[0m [INFO] [1675267286.888254881] [Environment]: Responding
[36marm_1          |[0m [INFO] [1675267286.899025229] [Arm]: Doing a_pick_up_sample
[36;1mrobot_1        |[0m [INFO] [1675267286.895982608] [Robot]: success
[36;1mrobot_1        |[0m [INFO] [1675267286.897499470] [Robot]: Action result: True
[35mnurse_1        |[0m [INFO] [1675267286.905674973] [Nurse]: not ready
[35mnurse_1        |[0m [INFO] [1675267286.912232292] [Nurse]: Action result: False
[33mcoordinator_1  |[0m [INFO] [1675267286.912875163] [Coordinator]: Receiving sync message: action_complete,a_approach_nurse
[36;1mrobot_1        |[0m [INFO] [1675267286.907278161] [Robot]: Receiving sync message. a_pick_up_sample,arm1,robot1
[36;1mrobot_1        |[0m [INFO] [1675267286.909071468] [Robot]: not ready
[36marm_1          |[0m [INFO] [1675267286.926777519] [Arm]: not ready
[33mcoordinator_1  |[0m [INFO] [1675267286.915666278] [Coordinator]: action_complete
[35mnurse_1        |[0m [INFO] [1675267286.926767948] [Nurse]: Action: a_authenticate_nurse
[35mnurse_1        |[0m [INFO] [1675267286.928793053] [Nurse]: Doing a_authenticate_nurse
[36marm_1          |[0m [INFO] [1675267286.934614019] [Arm]: Action result: False
[36marm_1          |[0m [INFO] [1675267286.937458061] [Arm]: Action: a_pick_up_sample
[36marm_1          |[0m [INFO] [1675267286.940865374] [Arm]: Doing a_pick_up_sample
[36;1mrobot_1        |[0m [INFO] [1675267286.943137144] [Robot]: Receiving sync message. a_authenticate_nurse,robot1,nurse1
[36;1mrobot_1        |[0m [INFO] [1675267286.945094210] [Robot]: not ready
[33mcoordinator_1  |[0m [INFO] [1675267286.957499416] [Coordinator]: plans_actions_current 2 of 11
[36;1mrobot_1        |[0m [INFO] [1675267286.976576499] [Robot]: Receiving sync message. a_pick_up_sample,arm1,robot1
[36;1mrobot_1        |[0m [INFO] [1675267286.978589305] [Robot]: not ready
[36;1mrobot_1        |[0m [INFO] [1675267286.981018538] [Robot]: Receiving sync message. a_authenticate_nurse,robot1,nurse1
[36;1mrobot_1        |[0m [INFO] [1675267286.982221990] [Robot]: not ready
[35mnurse_1        |[0m [INFO] [1675267286.975731723] [Nurse]: not ready
[35mnurse_1        |[0m [INFO] [1675267286.976630946] [Nurse]: Action result: False
[35mnurse_1        |[0m [INFO] [1675267286.977435311] [Nurse]: Action: a_authenticate_nurse
[35mnurse_1        |[0m [INFO] [1675267286.978193661] [Nurse]: Doing a_authenticate_nurse
[35mnurse_1        |[0m [INFO] [1675267287.003783165] [Nurse]: not ready
[35mnurse_1        |[0m [INFO] [1675267287.005588342] [Nurse]: Action result: False
[36;1mrobot_1        |[0m [INFO] [1675267286.986188969] [Robot]: Action: a_authenticate_nurse
[36;1mrobot_1        |[0m [INFO] [1675267286.987234556] [Robot]: Doing a_authenticate_nurse
[36;1mrobot_1        |[0m [INFO] [1675267286.988174257] [Robot]: wating for nurse1 to authenticate to robot1
[36;1mrobot_1        |[0m [INFO] [1675267286.989016554] [Robot]: Action result: False
[36;1mrobot_1        |[0m [INFO] [1675267286.989775398] [Robot]: Action: a_authenticate_nurse
[36;1mrobot_1        |[0m [INFO] [1675267286.990448259] [Robot]: Doing a_authenticate_nurse
[36;1mrobot_1        |[0m [INFO] [1675267286.991146115] [Robot]: wating for nurse1 to authenticate to robot1
[36;1mrobot_1        |[0m [INFO] [1675267286.992031722] [Robot]: Action result: False
[36;1mrobot_1        |[0m [INFO] [1675267286.992837993] [Robot]: Action: a_authenticate_nurse
[36marm_1          |[0m [INFO] [1675267286.998046870] [Arm]: not ready
[36marm_1          |[0m [INFO] [1675267286.999986700] [Arm]: Action result: False
[36;1mrobot_1        |[0m [INFO] [1675267286.998981679] [Robot]: Doing a_authenticate_nurse
[36;1mrobot_1        |[0m [INFO] [1675267287.005436387] [Robot]: wating for nurse1 to authenticate to robot1
[36;1mrobot_1        |[0m [INFO] [1675267287.024554983] [Robot]: Action result: False
[36marm_1          |[0m [INFO] [1675267287.017064515] [Arm]: Action: a_pick_up_sample
[36marm_1          |[0m [INFO] [1675267287.018159072] [Arm]: Doing a_pick_up_sample
[35mnurse_1        |[0m [INFO] [1675267287.019558737] [Nurse]: Action: a_authenticate_nurse
[35mnurse_1        |[0m [INFO] [1675267287.034843005] [Nurse]: Doing a_authenticate_nurse
[36;1mrobot_1        |[0m [INFO] [1675267287.054399272] [Robot]: Receiving sync message. a_pick_up_sample,arm1,robot1
[36;1mrobot_1        |[0m [INFO] [1675267287.055270152] [Robot]: Action: a_authenticate_nurse
[36;1mrobot_1        |[0m [INFO] [1675267287.056493935] [Robot]: Doing a_authenticate_nurse
[36;1mrobot_1        |[0m [INFO] [1675267287.068069097] [Robot]: not ready
[36;1mrobot_1        |[0m [INFO] [1675267287.079355199] [Robot]: wating for nurse1 to authenticate to robot1
[36;1mrobot_1        |[0m [INFO] [1675267287.082249903] [Robot]: Action result: False
[36;1mrobot_1        |[0m [INFO] [1675267287.085979943] [Robot]: Action: a_authenticate_nurse
[36marm_1          |[0m [INFO] [1675267287.089553064] [Arm]: not ready
[36marm_1          |[0m [INFO] [1675267287.107009293] [Arm]: Action result: False
[36marm_1          |[0m [INFO] [1675267287.109375056] [Arm]: Action: a_pick_up_sample
[36;1mrobot_1        |[0m [INFO] [1675267287.100901315] [Robot]: Doing a_authenticate_nurse
[36;1mrobot_1        |[0m [INFO] [1675267287.103831732] [Robot]: wating for nurse1 to authenticate to robot1
[36;1mrobot_1        |[0m [INFO] [1675267287.112497876] [Robot]: Receiving sync message. a_authenticate_nurse,robot1,nurse1
[36;1mrobot_1        |[0m [INFO] [1675267287.113299522] [Robot]: Authenticate nurse
[36;1mrobot_1        |[0m [INFO] [1675267287.118081498] [Robot]: Action result: False
[36;1mrobot_1        |[0m [INFO] [1675267287.119516597] [Robot]: Action: a_authenticate_nurse
[36;1mrobot_1        |[0m [INFO] [1675267287.120865031] [Robot]: Doing a_authenticate_nurse
[35mnurse_1        |[0m [INFO] [1675267287.123513292] [Nurse]: success
[35mnurse_1        |[0m [INFO] [1675267287.124940978] [Nurse]: Action result: True
[35mnurse_1        |[0m [INFO] [1675267287.126245027] [Nurse]: Action: a_deposit
[35mnurse_1        |[0m [INFO] [1675267287.127509748] [Nurse]: Doing a_deposit
[36;1mrobot_1        |[0m [INFO] [1675267287.133393017] [Robot]: Receiving sync message. a_deposit,nurse1,robot1
[36;1mrobot_1        |[0m [INFO] [1675267287.134647861] [Robot]: not ready
[36marm_1          |[0m [INFO] [1675267287.129600618] [Arm]: Doing a_pick_up_sample
[35mnurse_1        |[0m [INFO] [1675267287.141349769] [Nurse]: not ready
[35mnurse_1        |[0m [INFO] [1675267287.143500717] [Nurse]: Action result: False
[35mnurse_1        |[0m [INFO] [1675267287.144798141] [Nurse]: Action: a_deposit
[36;1mrobot_1        |[0m [INFO] [1675267287.139485533] [Robot]: Action result: True
[36;1mrobot_1        |[0m [INFO] [1675267287.150540024] [Robot]: Receiving sync message. a_pick_up_sample,arm1,robot1
[36;1mrobot_1        |[0m [INFO] [1675267287.151359732] [Robot]: not ready
[35mnurse_1        |[0m [INFO] [1675267287.163428235] [Nurse]: Doing a_deposit
[33mcoordinator_1  |[0m [INFO] [1675267287.161080202] [Coordinator]: Receiving sync message: action_complete,a_authenticate_nurse
[36marm_1          |[0m [INFO] [1675267287.166168667] [Arm]: not ready
[36marm_1          |[0m [INFO] [1675267287.178785430] [Arm]: Action result: False
[36marm_1          |[0m [INFO] [1675267287.180371157] [Arm]: Action: a_pick_up_sample
[36marm_1          |[0m [INFO] [1675267287.181955041] [Arm]: Doing a_pick_up_sample
[36;1mrobot_1        |[0m [INFO] [1675267287.183632818] [Robot]: Receiving sync message. a_deposit,nurse1,robot1
[36;1mrobot_1        |[0m [INFO] [1675267287.184837083] [Robot]: not ready
[36;1mrobot_1        |[0m [INFO] [1675267287.201539572] [Robot]: Receiving sync message. a_pick_up_sample,arm1,robot1
[36;1mrobot_1        |[0m [INFO] [1675267287.204027120] [Robot]: not ready
[33mcoordinator_1  |[0m [INFO] [1675267287.204245806] [Coordinator]: action_complete
[35mnurse_1        |[0m [INFO] [1675267287.202318839] [Nurse]: not ready
[35mnurse_1        |[0m [INFO] [1675267287.203554313] [Nurse]: Action result: False
[33mcoordinator_1  |[0m [INFO] [1675267287.206240796] [Coordinator]: plans_actions_current 3 of 11
[36marm_1          |[0m [INFO] [1675267287.218883115] [Arm]: not ready
[35mnurse_1        |[0m [INFO] [1675267287.205342063] [Nurse]: Action: a_deposit
[35mnurse_1        |[0m [INFO] [1675267287.212904648] [Nurse]: Doing a_deposit
[36;1mrobot_1        |[0m [INFO] [1675267287.218838759] [Robot]: Receiving sync message. a_deposit,nurse1,robot1
[36marm_1          |[0m [INFO] [1675267287.230790826] [Arm]: Action result: False
[36marm_1          |[0m [INFO] [1675267287.233563521] [Arm]: Action: a_pick_up_sample
[36marm_1          |[0m [INFO] [1675267287.245191988] [Arm]: Doing a_pick_up_sample
[36;1mrobot_1        |[0m [INFO] [1675267287.244015347] [Robot]: not ready
[35mnurse_1        |[0m [INFO] [1675267287.253231129] [Nurse]: not ready
[35mnurse_1        |[0m [INFO] [1675267287.255513948] [Nurse]: Action result: False
[35mnurse_1        |[0m [INFO] [1675267287.257723148] [Nurse]: Action: a_deposit
[36;1mrobot_1        |[0m [INFO] [1675267287.257000973] [Robot]: Action: a_open_drawer
[36;1mrobot_1        |[0m [INFO] [1675267287.259376484] [Robot]: Doing a_open_drawer
[35mnurse_1        |[0m [INFO] [1675267287.269377160] [Nurse]: Doing a_deposit
[36;1mrobot_1        |[0m [INFO] [1675267287.283306574] [Robot]: Receiving sync message. a_pick_up_sample,arm1,robot1
[36;1mrobot_1        |[0m [INFO] [1675267287.286670358] [Robot]: not ready
[36;1mrobot_1        |[0m [INFO] [1675267287.288123007] [Robot]: Receiving sync message. a_deposit,nurse1,robot1
[36;1mrobot_1        |[0m [INFO] [1675267287.290749051] [Robot]: not ready
[36;1mrobot_1        |[0m [INFO] [1675267287.293536501] [Robot]: success
[36;1mrobot_1        |[0m [INFO] [1675267287.294532793] [Robot]: Action result: True
[36marm_1          |[0m [INFO] [1675267287.305957040] [Arm]: not ready
[35mnurse_1        |[0m [INFO] [1675267287.304150767] [Nurse]: not ready
[36marm_1          |[0m [INFO] [1675267287.309219335] [Arm]: Action result: False
[36marm_1          |[0m [INFO] [1675267287.312245759] [Arm]: Action: a_pick_up_sample
[35mnurse_1        |[0m [INFO] [1675267287.305897881] [Nurse]: Action result: False
[33mcoordinator_1  |[0m [INFO] [1675267287.322766601] [Coordinator]: Receiving sync message: action_complete,a_open_drawer
[35mnurse_1        |[0m [INFO] [1675267287.318031591] [Nurse]: Action: a_deposit
[35mnurse_1        |[0m [INFO] [1675267287.321069984] [Nurse]: Doing a_deposit
[36;1mrobot_1        |[0m [INFO] [1675267287.324771470] [Robot]: Receiving sync message. a_deposit,nurse1,robot1
[36;1mrobot_1        |[0m [INFO] [1675267287.326484987] [Robot]: not ready
[36;1mrobot_1        |[0m [INFO] [1675267287.337911594] [Robot]: Receiving sync message. a_pick_up_sample,arm1,robot1
[36;1mrobot_1        |[0m [INFO] [1675267287.339897616] [Robot]: not ready
[36marm_1          |[0m [INFO] [1675267287.330037065] [Arm]: Doing a_pick_up_sample
[35mnurse_1        |[0m [INFO] [1675267287.338651998] [Nurse]: not ready
[35mnurse_1        |[0m [INFO] [1675267287.351518570] [Nurse]: Action result: False
[35mnurse_1        |[0m [INFO] [1675267287.353927433] [Nurse]: Action: a_deposit
[33mcoordinator_1  |[0m [INFO] [1675267287.353868329] [Coordinator]: action_complete
[36marm_1          |[0m [INFO] [1675267287.351079620] [Arm]: not ready
[36marm_1          |[0m [INFO] [1675267287.352610440] [Arm]: Action result: False
[35mnurse_1        |[0m [INFO] [1675267287.355757271] [Nurse]: Doing a_deposit
[36marm_1          |[0m [INFO] [1675267287.359750081] [Arm]: Action: a_pick_up_sample
[36marm_1          |[0m [INFO] [1675267287.360809255] [Arm]: Doing a_pick_up_sample
[33mcoordinator_1  |[0m [INFO] [1675267287.356483225] [Coordinator]: plans_actions_current 4 of 11
[36;1mrobot_1        |[0m [INFO] [1675267287.365844708] [Robot]: Receiving sync message. a_deposit,nurse1,robot1
[36;1mrobot_1        |[0m [INFO] [1675267287.368992496] [Robot]: not ready
[36;1mrobot_1        |[0m [INFO] [1675267287.386315561] [Robot]: Receiving sync message. a_pick_up_sample,arm1,robot1
[36;1mrobot_1        |[0m [INFO] [1675267287.388840143] [Robot]: not ready
[36;1mrobot_1        |[0m [INFO] [1675267287.391971448] [Robot]: Action: a_deposit
[36;1mrobot_1        |[0m [INFO] [1675267287.393617680] [Robot]: Doing a_deposit
[36;1mrobot_1        |[0m [INFO] [1675267287.395676770] [Robot]: wating for nurse1 to deposit in robot1
[36;1mrobot_1        |[0m [INFO] [1675267287.397577194] [Robot]: Action result: False
[35mnurse_1        |[0m [INFO] [1675267287.391486151] [Nurse]: not ready
[35mnurse_1        |[0m [INFO] [1675267287.392407660] [Nurse]: Action result: False
[35mnurse_1        |[0m [INFO] [1675267287.393110851] [Nurse]: Action: a_deposit
[35mnurse_1        |[0m [INFO] [1675267287.393748113] [Nurse]: Doing a_deposit
[36;1mrobot_1        |[0m [INFO] [1675267287.406889118] [Robot]: Receiving sync message. a_deposit,nurse1,robot1
[36marm_1          |[0m [INFO] [1675267287.411728734] [Arm]: not ready
[36marm_1          |[0m [INFO] [1675267287.414106442] [Arm]: Action result: False
[36;1mrobot_1        |[0m [INFO] [1675267287.431812181] [Robot]: Deposit
[36;1mrobot_1        |[0m [INFO] [1675267287.433947870] [Robot]: Action: a_deposit
[36;1mrobot_1        |[0m [INFO] [1675267287.436209595] [Robot]: Doing a_deposit
[36;1mrobot_1        |[0m [INFO] [1675267287.439219535] [Robot]: Action result: True
[36marm_1          |[0m [INFO] [1675267287.442596344] [Arm]: Action: a_pick_up_sample
[35mnurse_1        |[0m [INFO] [1675267287.443503259] [Nurse]: success
[36marm_1          |[0m [INFO] [1675267287.443689701] [Arm]: Doing a_pick_up_sample
[36;1mrobot_1        |[0m [INFO] [1675267287.452990323] [Robot]: Receiving sync message. a_pick_up_sample,arm1,robot1
[36;1mrobot_1        |[0m [INFO] [1675267287.454176097] [Robot]: not ready
[35mnurse_1        |[0m [INFO] [1675267287.457800205] [Nurse]: Action result: True
[33mcoordinator_1  |[0m [INFO] [1675267287.456366880] [Coordinator]: Receiving sync message: action_complete,a_deposit
[36marm_1          |[0m [INFO] [1675267287.459333038] [Arm]: not ready
[36marm_1          |[0m [INFO] [1675267287.461106939] [Arm]: Action result: False
[33mcoordinator_1  |[0m [INFO] [1675267287.459007031] [Coordinator]: action_complete
[33mcoordinator_1  |[0m [INFO] [1675267287.460870148] [Coordinator]: plans_actions_current 5 of 11
[36;1mrobot_1        |[0m [INFO] [1675267287.468652073] [Robot]: Action: a_close_drawer
[36;1mrobot_1        |[0m [INFO] [1675267287.471847106] [Robot]: Doing a_close_drawer
[36;1mrobot_1        |[0m [INFO] [1675267287.473860709] [Robot]: success
[36marm_1          |[0m [INFO] [1675267287.474077589] [Arm]: Action: a_pick_up_sample
[36marm_1          |[0m [INFO] [1675267287.475829147] [Arm]: Doing a_pick_up_sample
[36;1mrobot_1        |[0m [INFO] [1675267287.480344915] [Robot]: Action result: True
[36;1mrobot_1        |[0m [INFO] [1675267287.488565579] [Robot]: Receiving sync message. a_pick_up_sample,arm1,robot1
[36;1mrobot_1        |[0m [INFO] [1675267287.490600357] [Robot]: not ready
[36marm_1          |[0m [INFO] [1675267287.494623182] [Arm]: not ready
[36marm_1          |[0m [INFO] [1675267287.496710256] [Arm]: Action result: False
[36marm_1          |[0m [INFO] [1675267287.498433958] [Arm]: Action: a_pick_up_sample
[33mcoordinator_1  |[0m [INFO] [1675267287.503533611] [Coordinator]: Receiving sync message: action_complete,a_close_drawer
[33mcoordinator_1  |[0m [INFO] [1675267287.506135426] [Coordinator]: action_complete
[33mcoordinator_1  |[0m [INFO] [1675267287.507543407] [Coordinator]: plans_actions_current 6 of 11
[36;1mrobot_1        |[0m [INFO] [1675267287.515305002] [Robot]: Receiving sync message. a_pick_up_sample,arm1,robot1
[36;1mrobot_1        |[0m [INFO] [1675267287.517100197] [Robot]: not ready
[36marm_1          |[0m [INFO] [1675267287.512138517] [Arm]: Doing a_pick_up_sample
[36;1mrobot_1        |[0m [INFO] [1675267287.536286543] [Robot]: Action: a_navto
[36;1mrobot_1        |[0m [INFO] [1675267287.538095622] [Robot]: Doing a_navto
[36marm_1          |[0m [INFO] [1675267287.537091331] [Arm]: not ready
[36marm_1          |[0m [INFO] [1675267287.539573578] [Arm]: Action result: False
[36marm_1          |[0m [INFO] [1675267287.541995885] [Arm]: Action: a_pick_up_sample
[36marm_1          |[0m [INFO] [1675267287.555275699] [Arm]: Doing a_pick_up_sample
[36;1mrobot_1        |[0m [INFO] [1675267287.570581797] [Robot]: Receiving sync message. a_pick_up_sample,arm1,robot1
[36;1mrobot_1        |[0m [INFO] [1675267287.571360282] [Robot]: not ready
[36marm_1          |[0m [INFO] [1675267287.575064603] [Arm]: not ready
[36marm_1          |[0m [INFO] [1675267287.576991935] [Arm]: Action result: False
[36marm_1          |[0m [INFO] [1675267287.578999950] [Arm]: Action: a_pick_up_sample
[32menvironment_1  |[0m [INFO] [1675267287.580505507] [Environment]: Receiving message: a_navto,robot1,Room3
[32menvironment_1  |[0m [INFO] [1675267287.581700204] [Environment]: Action: a_navto
[32menvironment_1  |[0m [INFO] [1675267287.582678428] [Environment]: Responding
[36marm_1          |[0m [INFO] [1675267287.592541387] [Arm]: Doing a_pick_up_sample
[36;1mrobot_1        |[0m [INFO] [1675267287.594989066] [Robot]: Receiving sync message. a_pick_up_sample,arm1,robot1
[36;1mrobot_1        |[0m [INFO] [1675267287.595870124] [Robot]: not ready
[36;1mrobot_1        |[0m [INFO] [1675267287.603858287] [Robot]: success
[36;1mrobot_1        |[0m [INFO] [1675267287.605064048] [Robot]: Action result: True
[36marm_1          |[0m [INFO] [1675267287.609057040] [Arm]: not ready
[36marm_1          |[0m [INFO] [1675267287.611321881] [Arm]: Action result: False
[36marm_1          |[0m [INFO] [1675267287.624026639] [Arm]: Action: a_pick_up_sample
[36marm_1          |[0m [INFO] [1675267287.625314172] [Arm]: Doing a_pick_up_sample
[36;1mrobot_1        |[0m [INFO] [1675267287.643047695] [Robot]: Receiving sync message. a_pick_up_sample,arm1,robot1
[36;1mrobot_1        |[0m [INFO] [1675267287.644018978] [Robot]: not ready
[33mcoordinator_1  |[0m [INFO] [1675267287.648621064] [Coordinator]: Receiving sync message: action_complete,a_navto
[36marm_1          |[0m [INFO] [1675267287.650995592] [Arm]: not ready
[36marm_1          |[0m [INFO] [1675267287.657511298] [Arm]: Action result: False
[36marm_1          |[0m [INFO] [1675267287.660808857] [Arm]: Action: a_pick_up_sample
[36marm_1          |[0m [INFO] [1675267287.662326849] [Arm]: Doing a_pick_up_sample
[36;1mrobot_1        |[0m [INFO] [1675267287.665372204] [Robot]: Receiving sync message. a_pick_up_sample,arm1,robot1
[36;1mrobot_1        |[0m [INFO] [1675267287.672545356] [Robot]: not ready
[36marm_1          |[0m [INFO] [1675267287.676814505] [Arm]: not ready
[36marm_1          |[0m [INFO] [1675267287.679929769] [Arm]: Action result: False
[36marm_1          |[0m [INFO] [1675267287.682850033] [Arm]: Action: a_pick_up_sample
[36marm_1          |[0m [INFO] [1675267287.686189581] [Arm]: Doing a_pick_up_sample
[36;1mrobot_1        |[0m [INFO] [1675267287.689622967] [Robot]: Receiving sync message. a_pick_up_sample,arm1,robot1
[36;1mrobot_1        |[0m [INFO] [1675267287.691780305] [Robot]: not ready
[36marm_1          |[0m [INFO] [1675267287.702528759] [Arm]: not ready
[36marm_1          |[0m [INFO] [1675267287.704878383] [Arm]: Action result: False
[36marm_1          |[0m [INFO] [1675267287.707883628] [Arm]: Action: a_pick_up_sample
[33mcoordinator_1  |[0m [INFO] [1675267287.705245734] [Coordinator]: action_complete
[33mcoordinator_1  |[0m [INFO] [1675267287.706142052] [Coordinator]: plans_actions_current 7 of 11
[36marm_1          |[0m [INFO] [1675267287.721270836] [Arm]: Doing a_pick_up_sample
[36;1mrobot_1        |[0m [INFO] [1675267287.721168375] [Robot]: Action: a_approach_arm
[36;1mrobot_1        |[0m [INFO] [1675267287.723144791] [Robot]: Doing a_approach_arm
[36;1mrobot_1        |[0m [INFO] [1675267287.753519152] [Robot]: Receiving sync message. a_pick_up_sample,arm1,robot1
[36;1mrobot_1        |[0m [INFO] [1675267287.755184971] [Robot]: not ready
[32menvironment_1  |[0m [INFO] [1675267287.756437455] [Environment]: Receiving message: a_approach_arm,robot1,arm1
[36marm_1          |[0m [INFO] [1675267287.783800990] [Arm]: not ready
[36marm_1          |[0m [INFO] [1675267287.786055848] [Arm]: Action result: False
[36marm_1          |[0m [INFO] [1675267287.788605472] [Arm]: Action: a_pick_up_sample
[36marm_1          |[0m [INFO] [1675267287.790758022] [Arm]: Doing a_pick_up_sample
[32menvironment_1  |[0m [INFO] [1675267287.799249507] [Environment]: Action: a_approach_arm
[32menvironment_1  |[0m [INFO] [1675267287.800871690] [Environment]: Responding
[36;1mrobot_1        |[0m [INFO] [1675267287.804155472] [Robot]: Receiving sync message. a_pick_up_sample,arm1,robot1
[36;1mrobot_1        |[0m [INFO] [1675267287.805090732] [Robot]: not ready
[36marm_1          |[0m [INFO] [1675267287.820965496] [Arm]: not ready
[36;1mrobot_1        |[0m [INFO] [1675267287.832995679] [Robot]: success
[36;1mrobot_1        |[0m [INFO] [1675267287.836289306] [Robot]: Action result: True
[36marm_1          |[0m [INFO] [1675267287.838176171] [Arm]: Action result: False
[36marm_1          |[0m [INFO] [1675267287.840508503] [Arm]: Action: a_pick_up_sample
[36marm_1          |[0m [INFO] [1675267287.844913096] [Arm]: Doing a_pick_up_sample
[36;1mrobot_1        |[0m [INFO] [1675267287.854608818] [Robot]: Receiving sync message. a_pick_up_sample,arm1,robot1
[36;1mrobot_1        |[0m [INFO] [1675267287.857005321] [Robot]: not ready
[36marm_1          |[0m [INFO] [1675267287.863207573] [Arm]: not ready
[36marm_1          |[0m [INFO] [1675267287.873995072] [Arm]: Action result: False
[36marm_1          |[0m [INFO] [1675267287.875381701] [Arm]: Action: a_pick_up_sample
[33mcoordinator_1  |[0m [INFO] [1675267287.878164651] [Coordinator]: Receiving sync message: action_complete,a_approach_arm
[36marm_1          |[0m [INFO] [1675267287.890078342] [Arm]: Doing a_pick_up_sample
[33mcoordinator_1  |[0m [INFO] [1675267287.892746570] [Coordinator]: action_complete
[33mcoordinator_1  |[0m [INFO] [1675267287.894855628] [Coordinator]: plans_actions_current 8 of 11
[36;1mrobot_1        |[0m [INFO] [1675267287.893597053] [Robot]: Receiving sync message. a_pick_up_sample,arm1,robot1
[36;1mrobot_1        |[0m [INFO] [1675267287.895520526] [Robot]: not ready
[36;1mrobot_1        |[0m [INFO] [1675267287.906996597] [Robot]: Action: a_open_drawer
[36;1mrobot_1        |[0m [INFO] [1675267287.909992065] [Robot]: Doing a_open_drawer
[36marm_1          |[0m [INFO] [1675267287.914359711] [Arm]: not ready
[36;1mrobot_1        |[0m [INFO] [1675267287.925995147] [Robot]: success
[36;1mrobot_1        |[0m [INFO] [1675267287.927633361] [Robot]: Action result: True
[36marm_1          |[0m [INFO] [1675267287.928945243] [Arm]: Action result: False
[36marm_1          |[0m [INFO] [1675267287.931201712] [Arm]: Action: a_pick_up_sample
[36marm_1          |[0m [INFO] [1675267287.939009069] [Arm]: Doing a_pick_up_sample
[36;1mrobot_1        |[0m [INFO] [1675267287.945234813] [Robot]: Receiving sync message. a_pick_up_sample,arm1,robot1
[36;1mrobot_1        |[0m [INFO] [1675267287.946511348] [Robot]: not ready
[36marm_1          |[0m [INFO] [1675267287.950926743] [Arm]: not ready
[36marm_1          |[0m [INFO] [1675267287.958107877] [Arm]: Action result: False
[36marm_1          |[0m [INFO] [1675267287.959933820] [Arm]: Action: a_pick_up_sample
[36marm_1          |[0m [INFO] [1675267287.963040315] [Arm]: Doing a_pick_up_sample
[36;1mrobot_1        |[0m [INFO] [1675267287.964932994] [Robot]: Receiving sync message. a_pick_up_sample,arm1,robot1
[36;1mrobot_1        |[0m [INFO] [1675267287.965919900] [Robot]: not ready
[36marm_1          |[0m [INFO] [1675267287.979425829] [Arm]: not ready
[36marm_1          |[0m [INFO] [1675267287.981827684] [Arm]: Action result: False
[36marm_1          |[0m [INFO] [1675267287.984110421] [Arm]: Action: a_pick_up_sample
[36marm_1          |[0m [INFO] [1675267287.986182088] [Arm]: Doing a_pick_up_sample
[33mcoordinator_1  |[0m [INFO] [1675267287.988922535] [Coordinator]: Receiving sync message: action_complete,a_open_drawer
[33mcoordinator_1  |[0m [INFO] [1675267287.990319777] [Coordinator]: action_complete
[33mcoordinator_1  |[0m [INFO] [1675267287.992215960] [Coordinator]: plans_actions_current 9 of 11
[36;1mrobot_1        |[0m [INFO] [1675267288.000010384] [Robot]: Receiving sync message. a_pick_up_sample,arm1,robot1
[36;1mrobot_1        |[0m [INFO] [1675267288.001235592] [Robot]: not ready
[36;1mrobot_1        |[0m [INFO] [1675267288.016439394] [Robot]: Action: a_pick_up_sample
[36marm_1          |[0m [INFO] [1675267288.015911411] [Arm]: not ready
[36;1mrobot_1        |[0m [INFO] [1675267288.017562453] [Robot]: Doing a_pick_up_sample
[36;1mrobot_1        |[0m [INFO] [1675267288.018634490] [Robot]: wating for arm1 to pick up from robot1
[36;1mrobot_1        |[0m [INFO] [1675267288.019694639] [Robot]: Action result: False
[36;1mrobot_1        |[0m [INFO] [1675267288.021009014] [Robot]: Action: a_pick_up_sample
[36marm_1          |[0m [INFO] [1675267288.032395959] [Arm]: Action result: False
[36marm_1          |[0m [INFO] [1675267288.033294261] [Arm]: Action: a_pick_up_sample
[36marm_1          |[0m [INFO] [1675267288.033966598] [Arm]: Doing a_pick_up_sample
[36;1mrobot_1        |[0m [INFO] [1675267288.030856772] [Robot]: Doing a_pick_up_sample
[36;1mrobot_1        |[0m [INFO] [1675267288.035990471] [Robot]: wating for arm1 to pick up from robot1
[36;1mrobot_1        |[0m [INFO] [1675267288.039338429] [Robot]: Receiving sync message. a_pick_up_sample,arm1,robot1
[36;1mrobot_1        |[0m [INFO] [1675267288.050963647] [Robot]: Action result: False
[36;1mrobot_1        |[0m [INFO] [1675267288.053452148] [Robot]: Action: a_pick_up_sample
[36;1mrobot_1        |[0m [INFO] [1675267288.055857429] [Robot]: Doing a_pick_up_sample
[36;1mrobot_1        |[0m [INFO] [1675267288.059566573] [Robot]: Action result: True
[36;1mrobot_1        |[0m [INFO] [1675267288.068608971] [Robot]: Pick up
[36marm_1          |[0m [INFO] [1675267288.073177384] [Arm]: success
[36marm_1          |[0m [INFO] [1675267288.074102010] [Arm]: Action result: True
[33mcoordinator_1  |[0m [INFO] [1675267288.079515485] [Coordinator]: Receiving sync message: action_complete,a_pick_up_sample
[33mcoordinator_1  |[0m [INFO] [1675267288.082369597] [Coordinator]: action_complete
[33mcoordinator_1  |[0m [INFO] [1675267288.100239484] [Coordinator]: plans_actions_current 10 of 11
[36;1mrobot_1        |[0m [INFO] [1675267288.120427988] [Robot]: Action: a_close_drawer
[36;1mrobot_1        |[0m [INFO] [1675267288.125030121] [Robot]: Doing a_close_drawer
[36;1mrobot_1        |[0m [INFO] [1675267288.133365884] [Robot]: success
[36;1mrobot_1        |[0m [INFO] [1675267288.140696412] [Robot]: Action result: True
[33mcoordinator_1  |[0m [INFO] [1675267288.159296818] [Coordinator]: Receiving sync message: action_complete,a_close_drawer
[33mcoordinator_1  |[0m [INFO] [1675267288.161799230] [Coordinator]: action_complete
[33mcoordinator_1  |[0m [INFO] [1675267288.175324390] [Coordinator]: plans_actions_current 11 of 11
[33mcoordinator_1  |[0m [INFO] [1675267288.187937847] [Coordinator]: The time of execution of above program is:1.6711549758911133
[33mcoordinator_1  |[0m [INFO] [1675267288.189280128] [Coordinator]: Achieved
[33mcoordinator_1  |[0m [INFO] [1675267288.203173394] [Coordinator]: ENDSIM
Stopping planning_planner_1     ... 
Stopping planning_nurse_1       ... 
Stopping planning_robot_1       ... 
Stopping planning_environment_1 ... 
Stopping planning_coordinator_1 ... 
Stopping planning_arm_1         ... 
Stopping planning_coordinator_1 ... done
[33mplanning_coordinator_1 exited with code 137
[0m[36mplanning_arm_1 exited with code 137
[0mStopping planning_arm_1         ... done
Stopping planning_environment_1 ... done
[32mplanning_environment_1 exited with code 137
[0m[34mplanning_planner_1 exited with code 137
[0mStopping planning_planner_1     ... done
Stopping planning_nurse_1       ... done
[35mplanning_nurse_1 exited with code 137
[0mStopping planning_robot_1       ... done
[36;1mplanning_robot_1 exited with code 137
[0mRemoving planning_planner_1     ... 
Removing planning_nurse_1       ... 
Removing planning_robot_1       ... 
Removing planning_environment_1 ... 
Removing planning_coordinator_1 ... 
Removing planning_arm_1         ... 
Removing planning_nurse_1       ... done
Removing planning_robot_1       ... done
Removing planning_planner_1     ... done
Removing planning_arm_1         ... done
Removing planning_environment_1 ... done
Removing planning_coordinator_1 ... done
Removing network planning_ros
