 Network trials_ros  Creating
 Network trials_ros  Created
 Container trials-all-1  Creating
 Container trials-all-1  Created
Attaching to trials-all-1
trials-all-1  | [INFO] [launch]: All log files can be found below /root/.ros/log/2023-10-29-00-04-38-190572-cbffe901c557-1
trials-all-1  | [INFO] [launch]: Default logging verbosity is set to INFO
trials-all-1  | [INFO] [arm-1]: process started with pid [52]
trials-all-1  | [INFO] [coordinator-2]: process started with pid [54]
trials-all-1  | [INFO] [environment-3]: process started with pid [56]
trials-all-1  | [INFO] [nurse-4]: process started with pid [58]
trials-all-1  | [INFO] [planner-5]: process started with pid [60]
trials-all-1  | [INFO] [robot-6]: process started with pid [62]
trials-all-1  | [coordinator-2] [INFO] [1698537881.764502231] [coordinator]: Starting Coordinator server
trials-all-1  | [coordinator-2] [INFO] [1698537881.835011142] [coordinator]: Coordinator server started
trials-all-1  | [coordinator-2] [INFO] [1698537881.847864308] [coordinator]: Starting Coordinator clients
trials-all-1  | [environment-3] [INFO] [1698537881.870307597] [environment]: Starting Environment server
trials-all-1  | [robot-6] [INFO] [1698537881.898748964] [robot]: Starting Robot server
trials-all-1  | [environment-3] [INFO] [1698537881.911799133] [environment]: Environment server started
trials-all-1  | [robot-6] [INFO] [1698537881.938164473] [robot]: Robot server started
trials-all-1  | [robot-6] [INFO] [1698537881.949862624] [robot]: Starting Robots clients
trials-all-1  | [robot-6] [INFO] [1698537881.993178183] [robot]: Robots clients started
trials-all-1  | [nurse-4] [INFO] [1698537882.083690348] [nurse]: Starting Nurse server
trials-all-1  | [nurse-4] [INFO] [1698537882.116892776] [nurse]: Nurse server started
trials-all-1  | [nurse-4] [INFO] [1698537882.121014829] [nurse]: Starting Nurse clients
trials-all-1  | [nurse-4] [INFO] [1698537882.190326721] [nurse]: Nurse clients started
trials-all-1  | [nurse-4] [INFO] [1698537882.206021923] [nurse]: Sent request
trials-all-1  | [arm-1] [INFO] [1698537882.238176336] [arm]: Starting Arm server
trials-all-1  | [arm-1] [INFO] [1698537882.260524624] [arm]: Arm server started
trials-all-1  | [arm-1] [INFO] [1698537882.266047695] [arm]: Starting Nurse clients
trials-all-1  | [coordinator-2] [INFO] [1698537882.873230509] [coordinator]: planner sync service not available, waiting again...
trials-all-1  | [arm-1] [INFO] [1698537883.301706010] [arm]: robot service not available, waiting again...
trials-all-1  | [coordinator-2] [INFO] [1698537883.894849620] [coordinator]: planner sync service not available, waiting again...
trials-all-1  | [arm-1] [INFO] [1698537884.313497978] [arm]: robot service not available, waiting again...
trials-all-1  | [arm-1] [INFO] [1698537884.821233471] [arm]: Nurse clients started
trials-all-1  | [coordinator-2] [INFO] [1698537884.918088710] [coordinator]: planner sync service not available, waiting again...
trials-all-1  | [coordinator-2] [INFO] [1698537885.942174769] [coordinator]: planner sync service not available, waiting again...
trials-all-1  | [coordinator-2] [INFO] [1698537886.955447649] [coordinator]: planner sync service not available, waiting again...
trials-all-1  | [coordinator-2] [INFO] [1698537887.970023505] [coordinator]: planner sync service not available, waiting again...
trials-all-1  | [planner-5] Matplotlib is building the font cache; this may take a moment.
trials-all-1  | [coordinator-2] [INFO] [1698537888.981464280] [coordinator]: planner sync service not available, waiting again...
trials-all-1  | [coordinator-2] [INFO] [1698537889.991825002] [coordinator]: planner sync service not available, waiting again...
trials-all-1  | [coordinator-2] [INFO] [1698537891.003815703] [coordinator]: planner sync service not available, waiting again...
trials-all-1  | [coordinator-2] [INFO] [1698537892.021150431] [coordinator]: planner sync service not available, waiting again...
trials-all-1  | [planner-5] [INFO] [1698537892.090266293] [planner]: Starting Planner server
trials-all-1  | [planner-5] [INFO] [1698537892.106154491] [planner]: Planner server started
trials-all-1  | [coordinator-2] [INFO] [1698537893.038084112] [coordinator]: planner sync service not available, waiting again...
trials-all-1  | [coordinator-2] [INFO] [1698537893.859684327] [coordinator]: Coordinator clients started
trials-all-1  | [coordinator-2] [INFO] [1698537893.895701775] [coordinator]: Receiving message of nurse1 in room3.
trials-all-1  | [coordinator-2] [INFO] [1698537893.905359895] [coordinator]: Sending response
trials-all-1  | [coordinator-2] [INFO] [1698537893.919246068] [coordinator]: Planing
trials-all-1  | [coordinator-2] [INFO] [1698537893.927910175] [coordinator]: Creating plan for: robot1, nurse1, arm1 
trials-all-1  | [planner-5] [INFO] [1698537893.942320355] [planner]: Receiving sync message. need_plan,robot1,nurse1,arm1
trials-all-1  | [nurse-4] [INFO] [1698537893.944846386] [nurse]: Request response:Okay!
trials-all-1  | [planner-5] [INFO] [1698537893.951244465] [planner]: Creating plan for: robot1 robot1 nurse1
trials-all-1  | [planner-5] [INFO] [1698537893.961609594] [planner]: a_navto,robot1,Room1
trials-all-1  | [planner-5] [INFO] [1698537893.966271652] [planner]: a_approach_nurse,robot1
trials-all-1  | [planner-5] [INFO] [1698537893.970680707] [planner]: a_authenticate_nurse,robot1,nurse1
trials-all-1  | [planner-5] [INFO] [1698537893.975564768] [planner]: a_open_drawer,robot1
trials-all-1  | [planner-5] [INFO] [1698537893.979734820] [planner]: a_deposit,nurse1,robot1
trials-all-1  | [planner-5] [INFO] [1698537893.983450866] [planner]: a_close_drawer,robot1
trials-all-1  | [planner-5] [INFO] [1698537893.987077911] [planner]: a_navto,robot1,Room3
trials-all-1  | [planner-5] [INFO] [1698537893.993422990] [planner]: a_approach_arm,robot1,arm1
trials-all-1  | [planner-5] [INFO] [1698537893.999156061] [planner]: a_open_drawer,robot1
trials-all-1  | [planner-5] [INFO] [1698537894.005526140] [planner]: a_pick_up_sample,arm1,robot1
trials-all-1  | [planner-5] [INFO] [1698537894.010636204] [planner]: a_close_drawer,robot1
trials-all-1  | [planner-5] [INFO] [1698537894.015463263] [planner]: Sending response
trials-all-1  | [coordinator-2] [INFO] [1698537894.024367374] [coordinator]: Plan received for: robot1, nurse1, arm1 
trials-all-1  | [coordinator-2] [INFO] [1698537894.027894417] [coordinator]: a_navto,robot1,Room1/a_approach_nurse,robot1/a_authenticate_nurse,robot1,nurse1/a_open_drawer,robot1/a_deposit,nurse1,robot1/a_close_drawer,robot1/a_navto,robot1,Room3/a_approach_arm,robot1,arm1/a_open_drawer,robot1/a_pick_up_sample,arm1,robot1/a_close_drawer,robot1
trials-all-1  | [coordinator-2] [INFO] [1698537894.031455462] [coordinator]: a_navto,robot1,Room1
trials-all-1  | [coordinator-2] [INFO] [1698537894.037746540] [coordinator]: a_approach_nurse,robot1
trials-all-1  | [coordinator-2] [INFO] [1698537894.044228620] [coordinator]: a_authenticate_nurse,robot1,nurse1
trials-all-1  | [coordinator-2] [INFO] [1698537894.048577674] [coordinator]: a_open_drawer,robot1
trials-all-1  | [coordinator-2] [INFO] [1698537894.053465734] [coordinator]: a_deposit,nurse1,robot1
trials-all-1  | [coordinator-2] [INFO] [1698537894.057360783] [coordinator]: a_close_drawer,robot1
trials-all-1  | [coordinator-2] [INFO] [1698537894.060936827] [coordinator]: a_navto,robot1,Room3
trials-all-1  | [coordinator-2] [INFO] [1698537894.064942877] [coordinator]: a_approach_arm,robot1,arm1
trials-all-1  | [coordinator-2] [INFO] [1698537894.069079928] [coordinator]: a_open_drawer,robot1
trials-all-1  | [coordinator-2] [INFO] [1698537894.073664985] [coordinator]: a_pick_up_sample,arm1,robot1
trials-all-1  | [coordinator-2] [INFO] [1698537894.078396043] [coordinator]: a_close_drawer,robot1
trials-all-1  | [coordinator-2] [INFO] [1698537894.082448094] [coordinator]: Sending plans
trials-all-1  | [coordinator-2] [INFO] [1698537894.092044213] [coordinator]: Plans sent
trials-all-1  | [arm-1] [INFO] [1698537894.104691369] [arm]: Receiving message.
trials-all-1  | [nurse-4] [INFO] [1698537894.109935434] [nurse]: Receiving message.
trials-all-1  | [environment-3] [INFO] [1698537894.113728481] [environment]: Receiving message: monitor
trials-all-1  | [arm-1] [INFO] [1698537894.116248513] [arm]: Arm's actions:
trials-all-1  | [robot-6] [INFO] [1698537894.121313575] [robot]: Receiving message.
trials-all-1  | [arm-1] [INFO] [1698537894.129227673] [arm]: Action: a_approach_arm
trials-all-1  | [arm-1] [INFO] [1698537894.134981745] [arm]: Doing a_approach_arm
trials-all-1  | [arm-1] [INFO] [1698537894.140482813] [arm]: a_approach_arm
trials-all-1  | [robot-6] [INFO] [1698537894.132271711] [robot]: Robot's actions:
trials-all-1  | [robot-6] [INFO] [1698537894.139018795] [robot]: Action: a_navto
trials-all-1  | [robot-6] [INFO] [1698537894.143078845] [robot]: Doing a_navto
trials-all-1  | [environment-3] [INFO] [1698537894.132560715] [environment]: Action: monitor
trials-all-1  | [coordinator-2] [INFO] [1698537894.144493863] [coordinator]: Found a problem
trials-all-1  | [coordinator-2] [INFO] [1698537894.149358923] [coordinator]: Updating planner state
trials-all-1  | [environment-3] [INFO] [1698537894.150987943] [environment]: Receiving message: a_approach_arm,robot1,arm1
trials-all-1  | [robot-6] [INFO] [1698537894.152888967] [robot]: a_navto
trials-all-1  | [nurse-4] [INFO] [1698537894.162663088] [nurse]: Nurse's actions:
trials-all-1  | [robot-6] [INFO] [1698537894.175049241] [robot]: a_authenticate_nurse
trials-all-1  | [nurse-4] [INFO] [1698537894.182563334] [nurse]: Action: a_authenticate_nurse
trials-all-1  | [planner-5] [INFO] [1698537894.184229355] [planner]: Receiving sync message. update_state,door_closed,Room3
trials-all-1  | [environment-3] [INFO] [1698537894.185889376] [environment]: Action: a_approach_arm
trials-all-1  | [planner-5] [INFO] [1698537894.195426494] [planner]: door_closed
trials-all-1  | [environment-3] [INFO] [1698537894.199986550] [environment]: Responding
trials-all-1  | [nurse-4] [INFO] [1698537894.202734584] [nurse]: a_authenticate_nurse
trials-all-1  | [environment-3] [INFO] [1698537894.210209677] [environment]: Receiving message: a_navto,robot1,Room1
trials-all-1  | [coordinator-2] [INFO] [1698537894.210589682] [coordinator]: Planner state updated
trials-all-1  | [arm-1] [INFO] [1698537894.210914686] [arm]: success
trials-all-1  | [coordinator-2] [INFO] [1698537894.214570731] [coordinator]: Planing
trials-all-1  | [nurse-4] [INFO] [1698537894.218379778] [nurse]: Doing a_authenticate_nurse
trials-all-1  | [robot-6] [INFO] [1698537894.228469903] [robot]: a_open_drawer
trials-all-1  | [arm-1] [INFO] [1698537894.228606905] [arm]: Action result: True
trials-all-1  | [arm-1] [INFO] [1698537894.240731055] [arm]: Action: a_pick_up_sample
trials-all-1  | [arm-1] [INFO] [1698537894.246083122] [arm]: Doing a_pick_up_sample
trials-all-1  | [coordinator-2] [INFO] [1698537894.246098122] [coordinator]: Creating plan for: robot1, nurse1, arm1 
trials-all-1  | [robot-6] [INFO] [1698537894.250302174] [robot]: a_deposit
trials-all-1  | [environment-3] [INFO] [1698537894.252039195] [environment]: Action: a_navto
trials-all-1  | [robot-6] [INFO] [1698537894.254851230] [robot]: a_close_drawer
trials-all-1  | [planner-5] [INFO] [1698537894.256656253] [planner]: Receiving sync message. need_plan,robot1,nurse1,arm1
trials-all-1  | [environment-3] [INFO] [1698537894.257139259] [environment]: Responding
trials-all-1  | [robot-6] [INFO] [1698537894.259117283] [robot]: a_navto
trials-all-1  | [planner-5] [INFO] [1698537894.264282347] [planner]: Creating plan for: robot1 robot1 nurse1
trials-all-1  | [robot-6] [INFO] [1698537894.269348410] [robot]: a_approach_arm
trials-all-1  | [robot-6] [INFO] [1698537894.278694526] [robot]: a_open_drawer
trials-all-1  | [planner-5] [INFO] [1698537894.281127556] [planner]: a_navto,robot1,Room1
trials-all-1  | [robot-6] [INFO] [1698537894.285320608] [robot]: a_pick_up_sample
trials-all-1  | [planner-5] [INFO] [1698537894.286870627] [planner]: a_approach_nurse,robot1
trials-all-1  | [robot-6] [INFO] [1698537894.293678712] [robot]: a_close_drawer
trials-all-1  | [planner-5] [INFO] [1698537894.294196718] [planner]: a_authenticate_nurse,robot1,nurse1
trials-all-1  | [planner-5] [INFO] [1698537894.299514784] [planner]: a_open_drawer,robot1
trials-all-1  | [planner-5] [INFO] [1698537894.306921876] [planner]: a_deposit,nurse1,robot1
trials-all-1  | [robot-6] [INFO] [1698537894.309203904] [robot]: Receiving sync message. a_authenticate_nurse,robot1,nurse1
trials-all-1  | [planner-5] [INFO] [1698537894.312523945] [planner]: a_close_drawer,robot1
trials-all-1  | [robot-6] [INFO] [1698537894.314505970] [robot]: not ready
trials-all-1  | [planner-5] [INFO] [1698537894.318298017] [planner]: a_open_door,nurse1,Room3
trials-all-1  | [nurse-4] [INFO] [1698537894.325376104] [nurse]: not ready
trials-all-1  | [planner-5] [INFO] [1698537894.325430105] [planner]: a_navto,robot1,Room3
trials-all-1  | [robot-6] [INFO] [1698537894.327711133] [robot]: Receiving sync message. a_pick_up_sample,arm1,robot1
trials-all-1  | [nurse-4] [INFO] [1698537894.330139163] [nurse]: Action result: False
trials-all-1  | [planner-5] [INFO] [1698537894.331170176] [planner]: a_approach_arm,robot1,arm1
trials-all-1  | [robot-6] [INFO] [1698537894.333964211] [robot]: not ready
trials-all-1  | [planner-5] [INFO] [1698537894.339124275] [planner]: a_open_drawer,robot1
trials-all-1  | [nurse-4] [INFO] [1698537894.344373340] [nurse]: Action: a_authenticate_nurse
trials-all-1  | [arm-1] [INFO] [1698537894.345101349] [arm]: not ready
trials-all-1  | [planner-5] [INFO] [1698537894.346227363] [planner]: a_pick_up_sample,arm1,robot1
trials-all-1  | [arm-1] [INFO] [1698537894.352160436] [arm]: Action result: False
trials-all-1  | [nurse-4] [INFO] [1698537894.352455440] [nurse]: Doing a_authenticate_nurse
trials-all-1  | [planner-5] [INFO] [1698537894.352643442] [planner]: a_close_drawer,robot1
trials-all-1  | [planner-5] [INFO] [1698537894.359952533] [planner]: Sending response
trials-all-1  | [arm-1] [INFO] [1698537894.366125609] [arm]: Action: a_pick_up_sample
trials-all-1  | [coordinator-2] [INFO] [1698537894.370344662] [coordinator]: Plan received for: robot1, nurse1, arm1 
trials-all-1  | [arm-1] [INFO] [1698537894.373193697] [arm]: Doing a_pick_up_sample
trials-all-1  | [coordinator-2] [INFO] [1698537894.375813729] [coordinator]: a_navto,robot1,Room1/a_approach_nurse,robot1/a_authenticate_nurse,robot1,nurse1/a_open_drawer,robot1/a_deposit,nurse1,robot1/a_close_drawer,robot1/a_open_door,nurse1,Room3/a_navto,robot1,Room3/a_approach_arm,robot1,arm1/a_open_drawer,robot1/a_pick_up_sample,arm1,robot1/a_close_drawer,robot1
trials-all-1  | [robot-6] [INFO] [1698537894.379580776] [robot]: success
trials-all-1  | [coordinator-2] [INFO] [1698537894.381858804] [coordinator]: a_navto,robot1,Room1
trials-all-1  | [coordinator-2] [INFO] [1698537894.387182870] [coordinator]: a_approach_nurse,robot1
trials-all-1  | [coordinator-2] [INFO] [1698537894.392523937] [coordinator]: a_authenticate_nurse,robot1,nurse1
trials-all-1  | [robot-6] [INFO] [1698537894.396833990] [robot]: Action result: True
trials-all-1  | [coordinator-2] [INFO] [1698537894.397440998] [coordinator]: a_open_drawer,robot1
trials-all-1  | [robot-6] [INFO] [1698537894.401704050] [robot]: Receiving sync message. a_authenticate_nurse,robot1,nurse1
trials-all-1  | [coordinator-2] [INFO] [1698537894.409512147] [coordinator]: Receiving sync message: action_complete,a_navto
trials-all-1  | [robot-6] [INFO] [1698537894.409599148] [robot]: not ready
trials-all-1  | [robot-6] [INFO] [1698537894.419568272] [robot]: Receiving sync message. a_pick_up_sample,arm1,robot1
trials-all-1  | [nurse-4] [INFO] [1698537894.421915301] [nurse]: not ready
trials-all-1  | [coordinator-2] [INFO] [1698537894.423478320] [coordinator]: a_deposit,nurse1,robot1
trials-all-1  | [robot-6] [INFO] [1698537894.425799349] [robot]: not ready
trials-all-1  | [nurse-4] [INFO] [1698537894.437654496] [nurse]: Action result: False
trials-all-1  | [coordinator-2] [INFO] [1698537894.437680496] [coordinator]: action_complete
trials-all-1  | [arm-1] [INFO] [1698537894.439058513] [arm]: not ready
trials-all-1  | [coordinator-2] [INFO] [1698537894.443901573] [coordinator]: plans_actions_current 1 of 11
trials-all-1  | [arm-1] [INFO] [1698537894.445187589] [arm]: Action result: False
trials-all-1  | [robot-6] [INFO] [1698537894.452946685] [robot]: Action: a_approach_nurse
trials-all-1  | [robot-6] [INFO] [1698537894.458146750] [robot]: Doing a_approach_nurse
trials-all-1  | [coordinator-2] [INFO] [1698537894.453303690] [coordinator]: a_close_drawer,robot1
trials-all-1  | [nurse-4] [INFO] [1698537894.448653632] [nurse]: Action: a_authenticate_nurse
trials-all-1  | [coordinator-2] [INFO] [1698537894.459390765] [coordinator]: a_open_door,nurse1,Room3
trials-all-1  | [arm-1] [INFO] [1698537894.459390765] [arm]: Action: a_pick_up_sample
trials-all-1  | [nurse-4] [INFO] [1698537894.464651830] [nurse]: Doing a_authenticate_nurse
trials-all-1  | [arm-1] [INFO] [1698537894.464765832] [arm]: Doing a_pick_up_sample
trials-all-1  | [coordinator-2] [INFO] [1698537894.465412840] [coordinator]: a_navto,robot1,Room3
trials-all-1  | [robot-6] [INFO] [1698537894.474000946] [robot]: Receiving sync message. a_pick_up_sample,arm1,robot1
trials-all-1  | [environment-3] [INFO] [1698537894.480845031] [environment]: Receiving message: a_approach_nurse,robot1
trials-all-1  | [robot-6] [INFO] [1698537894.485679091] [robot]: not ready
trials-all-1  | [environment-3] [INFO] [1698537894.486409100] [environment]: Action: a_approach_nurse
trials-all-1  | [coordinator-2] [INFO] [1698537894.490848155] [coordinator]: a_approach_arm,robot1,arm1
trials-all-1  | [coordinator-2] [INFO] [1698537894.500034269] [coordinator]: a_open_drawer,robot1
trials-all-1  | [arm-1] [INFO] [1698537894.503592313] [arm]: not ready
trials-all-1  | [robot-6] [INFO] [1698537894.504177320] [robot]: Receiving sync message. a_authenticate_nurse,robot1,nurse1
trials-all-1  | [environment-3] [INFO] [1698537894.508496374] [environment]: Responding
trials-all-1  | [coordinator-2] [INFO] [1698537894.509319384] [coordinator]: a_pick_up_sample,arm1,robot1
trials-all-1  | [arm-1] [INFO] [1698537894.514028442] [arm]: Action result: False
trials-all-1  | [robot-6] [INFO] [1698537894.514170444] [robot]: not ready
trials-all-1  | [nurse-4] [INFO] [1698537894.524061567] [nurse]: not ready
trials-all-1  | [coordinator-2] [INFO] [1698537894.527401608] [coordinator]: a_close_drawer,robot1
trials-all-1  | [arm-1] [INFO] [1698537894.530157642] [arm]: Action: a_pick_up_sample
trials-all-1  | [robot-6] [INFO] [1698537894.530834651] [robot]: success
trials-all-1  | [coordinator-2] [INFO] [1698537894.535129704] [coordinator]: Sending plans
trials-all-1  | [arm-1] [INFO] [1698537894.538632747] [arm]: Doing a_pick_up_sample
trials-all-1  | [robot-6] [INFO] [1698537894.547136853] [robot]: Receiving message.
trials-all-1  | [robot-6] [INFO] [1698537894.548039864] [robot]: Action result: True
trials-all-1  | [arm-1] [INFO] [1698537894.556020963] [arm]: Receiving message.
trials-all-1  | [nurse-4] [INFO] [1698537894.556088964] [nurse]: Action result: False
trials-all-1  | [arm-1] [INFO] [1698537894.561516031] [arm]: Arm's actions:
trials-all-1  | [coordinator-2] [INFO] [1698537894.580329264] [coordinator]: Plans sent
trials-all-1  | [nurse-4] [INFO] [1698537894.580683269] [nurse]: Receiving message.
trials-all-1  | [robot-6] [INFO] [1698537894.584470315] [robot]: Robot's actions:
trials-all-1  | [nurse-4] [INFO] [1698537894.586128336] [nurse]: Action: a_authenticate_nurse
trials-all-1  | [arm-1] [INFO] [1698537894.587998359] [arm]: a_approach_arm
trials-all-1  | [coordinator-2] [INFO] [1698537894.594108435] [coordinator]: Receiving sync message: action_complete,a_approach_nurse
trials-all-1  | [arm-1] [INFO] [1698537894.596329462] [arm]: a_pick_up_sample
trials-all-1  | [coordinator-2] [INFO] [1698537894.599931507] [coordinator]: action_complete
trials-all-1  | [robot-6] [INFO] [1698537894.600406513] [robot]: a_navto
trials-all-1  | [nurse-4] [INFO] [1698537894.602301536] [nurse]: Nurse's actions:
trials-all-1  | [robot-6] [INFO] [1698537894.608669615] [robot]: a_approach_nurse
trials-all-1  | [nurse-4] [INFO] [1698537894.609286623] [nurse]: a_authenticate_nurse
trials-all-1  | [robot-6] [INFO] [1698537894.613764679] [robot]: a_authenticate_nurse
trials-all-1  | [nurse-4] [INFO] [1698537894.616251709] [nurse]: Doing a_authenticate_nurse
trials-all-1  | [robot-6] [INFO] [1698537894.618954743] [robot]: a_open_drawer
trials-all-1  | [coordinator-2] [INFO] [1698537894.619680752] [coordinator]: plans_actions_current 1 of 11
trials-all-1  | [environment-3] [INFO] [1698537894.622223783] [environment]: Receiving message: monitor
trials-all-1  | [nurse-4] [INFO] [1698537894.622339785] [nurse]: a_deposit
trials-all-1  | [robot-6] [INFO] [1698537894.625314822] [robot]: a_deposit
trials-all-1  | [robot-6] [INFO] [1698537894.630279883] [robot]: a_close_drawer
trials-all-1  | [nurse-4] [INFO] [1698537894.632696913] [nurse]: a_open_door
trials-all-1  | [robot-6] [INFO] [1698537894.637002967] [robot]: a_navto
trials-all-1  | [environment-3] [INFO] [1698537894.640264007] [environment]: Action: monitor
trials-all-1  | [robot-6] [INFO] [1698537894.646155080] [robot]: a_approach_arm
trials-all-1  | [coordinator-2] [INFO] [1698537894.655066190] [coordinator]: Found a problem
trials-all-1  | [robot-6] [INFO] [1698537894.659986251] [robot]: a_open_drawer
trials-all-1  | [robot-6] [INFO] [1698537894.664901312] [robot]: a_pick_up_sample
trials-all-1  | [robot-6] [INFO] [1698537894.669770373] [robot]: a_close_drawer
trials-all-1  | [robot-6] [INFO] [1698537894.681791522] [robot]: Receiving sync message. a_pick_up_sample,arm1,robot1
trials-all-1  | [robot-6] [INFO] [1698537894.687000586] [robot]: not ready
trials-all-1  | [arm-1] [INFO] [1698537894.698119724] [arm]: not ready
trials-all-1  | [arm-1] [INFO] [1698537894.704445802] [arm]: Action result: False
trials-all-1  | [arm-1] [INFO] [1698537894.712637904] [arm]: Action: a_approach_arm
trials-all-1  | [environment-3] [INFO] [1698537894.716161948] [environment]: Receiving message: monitor
trials-all-1  | [arm-1] [INFO] [1698537894.717773968] [arm]: Doing a_approach_arm
trials-all-1  | [robot-6] [INFO] [1698537894.720332999] [robot]: Action: a_navto
trials-all-1  | [robot-6] [INFO] [1698537894.722079021] [robot]: Receiving sync message. a_authenticate_nurse,robot1,nurse1
trials-all-1  | [robot-6] [INFO] [1698537894.733669165] [robot]: not ready
trials-all-1  | [nurse-4] [INFO] [1698537894.744603300] [nurse]: not ready
trials-all-1  | [nurse-4] [INFO] [1698537894.752320396] [nurse]: Action result: False
trials-all-1  | [robot-6] [INFO] [1698537894.750612375] [robot]: Doing a_navto
trials-all-1  | [nurse-4] [INFO] [1698537894.760644499] [nurse]: Action: a_authenticate_nurse
trials-all-1  | [nurse-4] [INFO] [1698537894.767072579] [nurse]: Doing a_authenticate_nurse
trials-all-1  | [robot-6] [INFO] [1698537894.779849737] [robot]: Receiving sync message. a_authenticate_nurse,robot1,nurse1
trials-all-1  | [robot-6] [INFO] [1698537894.789045851] [robot]: not ready
trials-all-1  | [nurse-4] [INFO] [1698537894.802310015] [nurse]: not ready
trials-all-1  | [nurse-4] [INFO] [1698537894.810591118] [nurse]: Action result: False
trials-all-1  | [nurse-4] [INFO] [1698537894.818929221] [nurse]: Action: a_authenticate_nurse
trials-all-1  | [nurse-4] [INFO] [1698537894.826595316] [nurse]: Doing a_authenticate_nurse
trials-all-1  | [robot-6] [INFO] [1698537894.838452463] [robot]: Receiving sync message. a_authenticate_nurse,robot1,nurse1
trials-all-1  | [robot-6] [INFO] [1698537894.844666540] [robot]: not ready
trials-all-1  | [nurse-4] [INFO] [1698537894.854960668] [nurse]: not ready
trials-all-1  | [nurse-4] [INFO] [1698537894.861857753] [nurse]: Action result: False
trials-all-1  | [nurse-4] [INFO] [1698537894.868824840] [nurse]: Action: a_authenticate_nurse
trials-all-1  | [nurse-4] [INFO] [1698537894.873940903] [nurse]: Doing a_authenticate_nurse
trials-all-1  | [robot-6] [INFO] [1698537894.882518009] [robot]: Receiving sync message. a_authenticate_nurse,robot1,nurse1
trials-all-1  | [robot-6] [INFO] [1698537894.888469083] [robot]: not ready
trials-all-1  | [nurse-4] [INFO] [1698537894.898611209] [nurse]: not ready
trials-all-1  | [nurse-4] [INFO] [1698537894.904864286] [nurse]: Action result: False
trials-all-1  | [nurse-4] [INFO] [1698537894.910757359] [nurse]: Action: a_authenticate_nurse
trials-all-1  | [nurse-4] [INFO] [1698537894.916585432] [nurse]: Doing a_authenticate_nurse
trials-all-1  | [robot-6] [INFO] [1698537894.923805521] [robot]: Receiving sync message. a_authenticate_nurse,robot1,nurse1
trials-all-1  | [robot-6] [INFO] [1698537894.929328590] [robot]: not ready
trials-all-1  | [nurse-4] [INFO] [1698537894.939230712] [nurse]: not ready
trials-all-1  | [nurse-4] [INFO] [1698537894.947168811] [nurse]: Action result: False
trials-all-1  | [nurse-4] [INFO] [1698537894.950916857] [nurse]: Action: a_authenticate_nurse
trials-all-1  | [nurse-4] [INFO] [1698537894.954931907] [nurse]: Doing a_authenticate_nurse
trials-all-1  | [robot-6] [INFO] [1698537894.962216997] [robot]: Receiving sync message. a_authenticate_nurse,robot1,nurse1
trials-all-1  | [robot-6] [INFO] [1698537894.967375061] [robot]: not ready
trials-all-1  | [environment-3] [INFO] [1698537894.971920117] [environment]: Action: monitor
trials-all-1  | [coordinator-2] [INFO] [1698537894.982418247] [coordinator]: Found a problem
trials-all-1  | [nurse-4] [INFO] [1698537894.989419334] [nurse]: not ready
trials-all-1  | [nurse-4] [INFO] [1698537894.994486397] [nurse]: Action result: False
trials-all-1  | [nurse-4] [INFO] [1698537895.000233468] [nurse]: Action: a_authenticate_nurse
trials-all-1  | [nurse-4] [INFO] [1698537895.005301531] [nurse]: Doing a_authenticate_nurse
trials-all-1  | [robot-6] [INFO] [1698537895.012901625] [robot]: Receiving sync message. a_authenticate_nurse,robot1,nurse1
trials-all-1  | [robot-6] [INFO] [1698537895.018397693] [robot]: not ready
trials-all-1  | [nurse-4] [INFO] [1698537895.028316815] [nurse]: not ready
trials-all-1  | [nurse-4] [INFO] [1698537895.032485867] [nurse]: Action result: False
trials-all-1  | [nurse-4] [INFO] [1698537895.036361915] [nurse]: Action: a_authenticate_nurse
trials-all-1  | [nurse-4] [INFO] [1698537895.039940959] [nurse]: Doing a_authenticate_nurse
trials-all-1  | [robot-6] [INFO] [1698537895.047571053] [robot]: Receiving sync message. a_authenticate_nurse,robot1,nurse1
trials-all-1  | [robot-6] [INFO] [1698537895.051781105] [robot]: not ready
trials-all-1  | [nurse-4] [INFO] [1698537895.061985231] [nurse]: not ready
trials-all-1  | [nurse-4] [INFO] [1698537895.067553300] [nurse]: Action result: False
trials-all-1  | [nurse-4] [INFO] [1698537895.073430373] [nurse]: Action: a_authenticate_nurse
trials-all-1  | [nurse-4] [INFO] [1698537895.079009442] [nurse]: Doing a_authenticate_nurse
trials-all-1  | [robot-6] [INFO] [1698537895.087067541] [robot]: Receiving sync message. a_authenticate_nurse,robot1,nurse1
trials-all-1  | [robot-6] [INFO] [1698537895.094149629] [robot]: not ready
trials-all-1  | [environment-3] [INFO] [1698537895.097542671] [environment]: Receiving message: a_approach_arm,robot1,arm1
trials-all-1  | [environment-3] [INFO] [1698537895.102146727] [environment]: Action: a_approach_arm
trials-all-1  | [nurse-4] [INFO] [1698537895.102532732] [nurse]: not ready
trials-all-1  | [environment-3] [INFO] [1698537895.106502781] [environment]: Responding
trials-all-1  | [nurse-4] [INFO] [1698537895.113738871] [nurse]: Action result: False
trials-all-1  | [nurse-4] [INFO] [1698537895.117691920] [nurse]: Action: a_authenticate_nurse
trials-all-1  | [nurse-4] [INFO] [1698537895.121359965] [nurse]: Doing a_authenticate_nurse
trials-all-1  | [arm-1] [INFO] [1698537895.114963886] [arm]: success
trials-all-1  | [arm-1] [INFO] [1698537895.118910935] [arm]: Action result: True
trials-all-1  | [robot-6] [INFO] [1698537895.135628141] [robot]: Receiving sync message. a_authenticate_nurse,robot1,nurse1
trials-all-1  | [arm-1] [INFO] [1698537895.136076147] [arm]: Action: a_pick_up_sample
trials-all-1  | [arm-1] [INFO] [1698537895.144112246] [arm]: Doing a_pick_up_sample
trials-all-1  | [robot-6] [INFO] [1698537895.144589252] [robot]: not ready
trials-all-1  | [robot-6] [INFO] [1698537895.155940392] [robot]: Receiving sync message. a_pick_up_sample,arm1,robot1
trials-all-1  | [nurse-4] [INFO] [1698537895.156632401] [nurse]: not ready
trials-all-1  | [robot-6] [INFO] [1698537895.163447485] [robot]: not ready
trials-all-1  | [nurse-4] [INFO] [1698537895.170718575] [nurse]: Action result: False
trials-all-1  | [arm-1] [INFO] [1698537895.173086604] [arm]: not ready
trials-all-1  | [nurse-4] [INFO] [1698537895.177488658] [nurse]: Action: a_authenticate_nurse
trials-all-1  | [nurse-4] [INFO] [1698537895.183074727] [nurse]: Doing a_authenticate_nurse
trials-all-1  | [arm-1] [INFO] [1698537895.177583659] [arm]: Action result: False
trials-all-1  | [arm-1] [INFO] [1698537895.183771736] [arm]: Action: a_pick_up_sample
trials-all-1  | [arm-1] [INFO] [1698537895.189434806] [arm]: Doing a_pick_up_sample
trials-all-1  | [environment-3] [INFO] [1698537895.191590833] [environment]: Receiving message: a_navto,robot1,Room1
trials-all-1  | [robot-6] [INFO] [1698537895.198962924] [robot]: Receiving sync message. a_authenticate_nurse,robot1,nurse1
trials-all-1  | [environment-3] [INFO] [1698537895.200801946] [environment]: Action: a_navto
trials-all-1  | [robot-6] [INFO] [1698537895.203346978] [robot]: not ready
trials-all-1  | [robot-6] [INFO] [1698537895.213633105] [robot]: Receiving sync message. a_pick_up_sample,arm1,robot1
trials-all-1  | [robot-6] [INFO] [1698537895.217814157] [robot]: not ready
trials-all-1  | [environment-3] [INFO] [1698537895.219232174] [environment]: Responding
trials-all-1  | [arm-1] [INFO] [1698537895.226241261] [arm]: not ready
trials-all-1  | [nurse-4] [INFO] [1698537895.229180297] [nurse]: not ready
trials-all-1  | [arm-1] [INFO] [1698537895.231559326] [arm]: Action result: False
trials-all-1  | [nurse-4] [INFO] [1698537895.236532388] [nurse]: Action result: False
trials-all-1  | [arm-1] [INFO] [1698537895.243826478] [arm]: Action: a_pick_up_sample
trials-all-1  | [arm-1] [INFO] [1698537895.248197532] [arm]: Doing a_pick_up_sample
trials-all-1  | [nurse-4] [INFO] [1698537895.248964541] [nurse]: Action: a_authenticate_nurse
trials-all-1  | [robot-6] [INFO] [1698537895.250996566] [robot]: success
trials-all-1  | [robot-6] [INFO] [1698537895.255004616] [robot]: Action result: True
trials-all-1  | [robot-6] [INFO] [1698537895.262273706] [robot]: Receiving sync message. a_pick_up_sample,arm1,robot1
trials-all-1  | [robot-6] [INFO] [1698537895.266448757] [robot]: not ready
trials-all-1  | [nurse-4] [INFO] [1698537895.259042666] [nurse]: Doing a_authenticate_nurse
trials-all-1  | [coordinator-2] [INFO] [1698537895.263042715] [coordinator]: Receiving sync message: action_complete,a_navto
trials-all-1  | [coordinator-2] [INFO] [1698537895.271432819] [coordinator]: action_complete
trials-all-1  | [coordinator-2] [INFO] [1698537895.276184878] [coordinator]: plans_actions_current 2 of 11
trials-all-1  | [robot-6] [INFO] [1698537895.275928874] [robot]: Receiving sync message. a_authenticate_nurse,robot1,nurse1
trials-all-1  | [arm-1] [INFO] [1698537895.284627982] [arm]: not ready
trials-all-1  | [arm-1] [INFO] [1698537895.289388041] [arm]: Action result: False
trials-all-1  | [robot-6] [INFO] [1698537895.287225014] [robot]: not ready
trials-all-1  | [arm-1] [INFO] [1698537895.293819096] [arm]: Action: a_pick_up_sample
trials-all-1  | [arm-1] [INFO] [1698537895.298916158] [arm]: Doing a_pick_up_sample
trials-all-1  | [environment-3] [INFO] [1698537895.303822219] [environment]: Receiving message: monitor
trials-all-1  | [nurse-4] [INFO] [1698537895.307429264] [nurse]: not ready
trials-all-1  | [nurse-4] [INFO] [1698537895.314486351] [nurse]: Action result: False
trials-all-1  | [robot-6] [INFO] [1698537895.317340386] [robot]: Receiving sync message. a_pick_up_sample,arm1,robot1
trials-all-1  | [environment-3] [INFO] [1698537895.327110507] [environment]: Action: monitor
trials-all-1  | [robot-6] [INFO] [1698537895.331621563] [robot]: not ready
trials-all-1  | [coordinator-2] [INFO] [1698537895.338822652] [coordinator]: Found a problem
trials-all-1  | [nurse-4] [INFO] [1698537895.338905653] [nurse]: Action: a_authenticate_nurse
trials-all-1  | [nurse-4] [INFO] [1698537895.343334707] [nurse]: Doing a_authenticate_nurse
trials-all-1  | [arm-1] [INFO] [1698537895.354930851] [arm]: not ready
trials-all-1  | [arm-1] [INFO] [1698537895.359112902] [arm]: Action result: False
trials-all-1  | [environment-3] [INFO] [1698537895.366126989] [environment]: Receiving message: monitor
trials-all-1  | [arm-1] [INFO] [1698537895.366840998] [arm]: Action: a_pick_up_sample
trials-all-1  | [robot-6] [INFO] [1698537895.376178113] [robot]: Action: a_approach_nurse
trials-all-1  | [robot-6] [INFO] [1698537895.377531130] [robot]: Receiving sync message. a_authenticate_nurse,robot1,nurse1
trials-all-1  | [arm-1] [INFO] [1698537895.379920159] [arm]: Doing a_pick_up_sample
trials-all-1  | [robot-6] [INFO] [1698537895.390379288] [robot]: not ready
trials-all-1  | [environment-3] [INFO] [1698537895.394193336] [environment]: Action: monitor
trials-all-1  | [nurse-4] [INFO] [1698537895.406456487] [nurse]: not ready
trials-all-1  | [coordinator-2] [INFO] [1698537895.407502500] [coordinator]: Found a problem
trials-all-1  | [nurse-4] [INFO] [1698537895.410594538] [nurse]: Action result: False
trials-all-1  | [robot-6] [INFO] [1698537895.412957567] [robot]: Doing a_approach_nurse
trials-all-1  | [robot-6] [INFO] [1698537895.414791590] [robot]: Receiving sync message. a_pick_up_sample,arm1,robot1
trials-all-1  | [robot-6] [INFO] [1698537895.419710651] [robot]: not ready
trials-all-1  | [nurse-4] [INFO] [1698537895.419747651] [nurse]: Action: a_authenticate_nurse
trials-all-1  | [environment-3] [INFO] [1698537895.419884653] [environment]: Receiving message: monitor
trials-all-1  | [arm-1] [INFO] [1698537895.429277769] [arm]: not ready
trials-all-1  | [nurse-4] [INFO] [1698537895.431832801] [nurse]: Doing a_authenticate_nurse
trials-all-1  | [arm-1] [INFO] [1698537895.433942827] [arm]: Action result: False
trials-all-1  | [arm-1] [INFO] [1698537895.438019877] [arm]: Action: a_pick_up_sample
trials-all-1  | [robot-6] [INFO] [1698537895.438759886] [robot]: Receiving sync message. a_authenticate_nurse,robot1,nurse1
trials-all-1  | [environment-3] [INFO] [1698537895.442013926] [environment]: Action: monitor
trials-all-1  | [robot-6] [INFO] [1698537895.447288992] [robot]: not ready
trials-all-1  | [arm-1] [INFO] [1698537895.451321041] [arm]: Doing a_pick_up_sample
trials-all-1  | [coordinator-2] [INFO] [1698537895.455400092] [coordinator]: Found a problem
trials-all-1  | [nurse-4] [INFO] [1698537895.455698095] [nurse]: not ready
trials-all-1  | [nurse-4] [INFO] [1698537895.459584143] [nurse]: Action result: False
trials-all-1  | [robot-6] [INFO] [1698537895.468969259] [robot]: Receiving sync message. a_pick_up_sample,arm1,robot1
trials-all-1  | [robot-6] [INFO] [1698537895.477283362] [robot]: not ready
trials-all-1  | [nurse-4] [INFO] [1698537895.483954445] [nurse]: Action: a_authenticate_nurse
trials-all-1  | [arm-1] [INFO] [1698537895.490342523] [arm]: not ready
trials-all-1  | [nurse-4] [INFO] [1698537895.492325548] [nurse]: Doing a_authenticate_nurse
trials-all-1  | [arm-1] [INFO] [1698537895.494617576] [arm]: Action result: False
trials-all-1  | [arm-1] [INFO] [1698537895.498571625] [arm]: Action: a_pick_up_sample
trials-all-1  | [robot-6] [INFO] [1698537895.499223633] [robot]: Receiving sync message. a_authenticate_nurse,robot1,nurse1
trials-all-1  | [arm-1] [INFO] [1698537895.502650676] [arm]: Doing a_pick_up_sample
trials-all-1  | [robot-6] [INFO] [1698537895.505608712] [robot]: not ready
trials-all-1  | [environment-3] [INFO] [1698537895.514032816] [environment]: Receiving message: a_approach_nurse,robot1
trials-all-1  | [nurse-4] [INFO] [1698537895.520681898] [nurse]: not ready
trials-all-1  | [environment-3] [INFO] [1698537895.533097052] [environment]: Action: a_approach_nurse
trials-all-1  | [nurse-4] [INFO] [1698537895.535519082] [nurse]: Action result: False
trials-all-1  | [robot-6] [INFO] [1698537895.536332092] [robot]: Receiving sync message. a_pick_up_sample,arm1,robot1
trials-all-1  | [environment-3] [INFO] [1698537895.537178102] [environment]: Responding
trials-all-1  | [robot-6] [INFO] [1698537895.544560193] [robot]: not ready
trials-all-1  | [arm-1] [INFO] [1698537895.553800307] [arm]: not ready
trials-all-1  | [nurse-4] [INFO] [1698537895.554779320] [nurse]: Action: a_authenticate_nurse
trials-all-1  | [robot-6] [INFO] [1698537895.559458377] [robot]: success
trials-all-1  | [nurse-4] [INFO] [1698537895.563117423] [nurse]: Doing a_authenticate_nurse
trials-all-1  | [robot-6] [INFO] [1698537895.563166423] [robot]: Action result: True
trials-all-1  | [arm-1] [INFO] [1698537895.569070496] [arm]: Action result: False
trials-all-1  | [arm-1] [INFO] [1698537895.573386549] [arm]: Action: a_pick_up_sample
trials-all-1  | [coordinator-2] [INFO] [1698537895.581411649] [coordinator]: Receiving sync message: action_complete,a_approach_nurse
trials-all-1  | [coordinator-2] [INFO] [1698537895.585649701] [coordinator]: action_complete
trials-all-1  | [coordinator-2] [INFO] [1698537895.590338759] [coordinator]: plans_actions_current 3 of 11
trials-all-1  | [arm-1] [INFO] [1698537895.596963841] [arm]: Doing a_pick_up_sample
trials-all-1  | [robot-6] [INFO] [1698537895.597255844] [robot]: Receiving sync message. a_authenticate_nurse,robot1,nurse1
trials-all-1  | [robot-6] [INFO] [1698537895.604221930] [robot]: not ready
trials-all-1  | [robot-6] [INFO] [1698537895.614668059] [robot]: Receiving sync message. a_pick_up_sample,arm1,robot1
trials-all-1  | [nurse-4] [INFO] [1698537895.615808074] [nurse]: not ready
trials-all-1  | [robot-6] [INFO] [1698537895.621463143] [robot]: not ready
trials-all-1  | [nurse-4] [INFO] [1698537895.621790147] [nurse]: Action result: False
trials-all-1  | [robot-6] [INFO] [1698537895.630840259] [robot]: Action: a_authenticate_nurse
trials-all-1  | [nurse-4] [INFO] [1698537895.633464292] [nurse]: Action: a_authenticate_nurse
trials-all-1  | [robot-6] [INFO] [1698537895.634991311] [robot]: Doing a_authenticate_nurse
trials-all-1  | [environment-3] [INFO] [1698537895.637650343] [environment]: Receiving message: monitor
trials-all-1  | [nurse-4] [INFO] [1698537895.638876359] [nurse]: Doing a_authenticate_nurse
trials-all-1  | [arm-1] [INFO] [1698537895.639124362] [arm]: not ready
trials-all-1  | [arm-1] [INFO] [1698537895.643739419] [arm]: Action result: False
trials-all-1  | [arm-1] [INFO] [1698537895.651919520] [arm]: Action: a_pick_up_sample
trials-all-1  | [arm-1] [INFO] [1698537895.656136572] [arm]: Doing a_pick_up_sample
trials-all-1  | [robot-6] [INFO] [1698537895.658507601] [robot]: Receiving sync message. a_authenticate_nurse,robot1,nurse1
trials-all-1  | [robot-6] [INFO] [1698537895.667057707] [robot]: wating for nurse1 to authenticate to robot1
trials-all-1  | [robot-6] [INFO] [1698537895.674418798] [robot]: Authenticate nurse
trials-all-1  | [robot-6] [INFO] [1698537895.682970903] [robot]: Action result: False
trials-all-1  | [nurse-4] [INFO] [1698537895.687493959] [nurse]: success
trials-all-1  | [robot-6] [INFO] [1698537895.691370007] [robot]: Receiving sync message. a_pick_up_sample,arm1,robot1
trials-all-1  | [nurse-4] [INFO] [1698537895.693087028] [nurse]: Action result: True
trials-all-1  | [environment-3] [INFO] [1698537895.695266055] [environment]: Action: monitor
trials-all-1  | [robot-6] [INFO] [1698537895.701623134] [robot]: not ready
trials-all-1  | [nurse-4] [INFO] [1698537895.702423144] [nurse]: Action: a_deposit
trials-all-1  | [coordinator-2] [INFO] [1698537895.704928175] [coordinator]: Found a problem
trials-all-1  | [robot-6] [INFO] [1698537895.710776247] [robot]: Action: a_authenticate_nurse
trials-all-1  | [arm-1] [INFO] [1698537895.713027275] [arm]: not ready
trials-all-1  | [robot-6] [INFO] [1698537895.718081337] [robot]: Doing a_authenticate_nurse
trials-all-1  | [arm-1] [INFO] [1698537895.719351353] [arm]: Action result: False
trials-all-1  | [environment-3] [INFO] [1698537895.720560368] [environment]: Receiving message: monitor
trials-all-1  | [robot-6] [INFO] [1698537895.721895384] [robot]: Action result: True
trials-all-1  | [arm-1] [INFO] [1698537895.724230413] [arm]: Action: a_pick_up_sample
trials-all-1  | [nurse-4] [INFO] [1698537895.726854445] [nurse]: Doing a_deposit
trials-all-1  | [arm-1] [INFO] [1698537895.729310476] [arm]: Doing a_pick_up_sample
trials-all-1  | [coordinator-2] [INFO] [1698537895.740815618] [coordinator]: Receiving sync message: action_complete,a_authenticate_nurse
trials-all-1  | [environment-3] [INFO] [1698537895.743636653] [environment]: Action: monitor
trials-all-1  | [robot-6] [INFO] [1698537895.747863705] [robot]: Receiving sync message. a_deposit,nurse1,robot1
trials-all-1  | [coordinator-2] [INFO] [1698537895.745241673] [coordinator]: action_complete
trials-all-1  | [coordinator-2] [INFO] [1698537895.753048769] [coordinator]: plans_actions_current 4 of 11
trials-all-1  | [robot-6] [INFO] [1698537895.753587776] [robot]: not ready
trials-all-1  | [nurse-4] [INFO] [1698537895.761927879] [nurse]: not ready
trials-all-1  | [robot-6] [INFO] [1698537895.763888903] [robot]: Receiving sync message. a_pick_up_sample,arm1,robot1
trials-all-1  | [nurse-4] [INFO] [1698537895.766298933] [nurse]: Action result: False
trials-all-1  | [robot-6] [INFO] [1698537895.769759976] [robot]: not ready
trials-all-1  | [nurse-4] [INFO] [1698537895.776111054] [nurse]: Action: a_deposit
trials-all-1  | [robot-6] [INFO] [1698537895.778302081] [robot]: Action: a_open_drawer
trials-all-1  | [arm-1] [INFO] [1698537895.781818125] [arm]: not ready
trials-all-1  | [coordinator-2] [INFO] [1698537895.784338156] [coordinator]: Found a problem
trials-all-1  | [robot-6] [INFO] [1698537895.786341180] [robot]: Doing a_open_drawer
trials-all-1  | [nurse-4] [INFO] [1698537895.788397206] [nurse]: Doing a_deposit
trials-all-1  | [arm-1] [INFO] [1698537895.789411218] [arm]: Action result: False
trials-all-1  | [robot-6] [INFO] [1698537895.798417330] [robot]: success
trials-all-1  | [arm-1] [INFO] [1698537895.798800334] [arm]: Action: a_pick_up_sample
trials-all-1  | [environment-3] [INFO] [1698537895.800660357] [environment]: Receiving message: monitor
trials-all-1  | [arm-1] [INFO] [1698537895.803092387] [arm]: Doing a_pick_up_sample
trials-all-1  | [robot-6] [INFO] [1698537895.804372403] [robot]: Receiving sync message. a_deposit,nurse1,robot1
trials-all-1  | [robot-6] [INFO] [1698537895.811922496] [robot]: not ready
trials-all-1  | [robot-6] [INFO] [1698537895.817258562] [robot]: Action result: True
trials-all-1  | [environment-3] [INFO] [1698537895.817584566] [environment]: Action: monitor
trials-all-1  | [nurse-4] [INFO] [1698537895.820999609] [nurse]: not ready
trials-all-1  | [robot-6] [INFO] [1698537895.826717679] [robot]: Receiving sync message. a_pick_up_sample,arm1,robot1
trials-all-1  | [coordinator-2] [INFO] [1698537895.829480713] [coordinator]: Receiving sync message: action_complete,a_open_drawer
trials-all-1  | [coordinator-2] [INFO] [1698537895.833531763] [coordinator]: action_complete
trials-all-1  | [robot-6] [INFO] [1698537895.833851767] [robot]: not ready
trials-all-1  | [nurse-4] [INFO] [1698537895.841546862] [nurse]: Action result: False
trials-all-1  | [arm-1] [INFO] [1698537895.844559900] [arm]: not ready
trials-all-1  | [nurse-4] [INFO] [1698537895.845261908] [nurse]: Action: a_deposit
trials-all-1  | [nurse-4] [INFO] [1698537895.848824952] [nurse]: Doing a_deposit
trials-all-1  | [coordinator-2] [INFO] [1698537895.851251982] [coordinator]: plans_actions_current 5 of 11
trials-all-1  | [arm-1] [INFO] [1698537895.854328020] [arm]: Action result: False
trials-all-1  | [coordinator-2] [INFO] [1698537895.857483059] [coordinator]: Found a problem
trials-all-1  | [robot-6] [INFO] [1698537895.857682062] [robot]: Receiving sync message. a_deposit,nurse1,robot1
trials-all-1  | [arm-1] [INFO] [1698537895.868237192] [arm]: Action: a_pick_up_sample
trials-all-1  | [robot-6] [INFO] [1698537895.869856212] [robot]: not ready
trials-all-1  | [nurse-4] [INFO] [1698537895.878295316] [nurse]: not ready
trials-all-1  | [nurse-4] [INFO] [1698537895.882269366] [nurse]: Action result: False
trials-all-1  | [robot-6] [INFO] [1698537895.885775409] [robot]: Action: a_deposit
trials-all-1  | [environment-3] [INFO] [1698537895.887808434] [environment]: Receiving message: monitor
trials-all-1  | [arm-1] [INFO] [1698537895.893756507] [arm]: Doing a_pick_up_sample
trials-all-1  | [robot-6] [INFO] [1698537895.896117537] [robot]: Doing a_deposit
trials-all-1  | [nurse-4] [INFO] [1698537895.902547616] [nurse]: Action: a_deposit
trials-all-1  | [nurse-4] [INFO] [1698537895.907547678] [nurse]: Doing a_deposit
trials-all-1  | [robot-6] [INFO] [1698537895.909926707] [robot]: Receiving sync message. a_pick_up_sample,arm1,robot1
trials-all-1  | [robot-6] [INFO] [1698537895.912993745] [robot]: wating for nurse1 to deposit in robot1
trials-all-1  | [robot-6] [INFO] [1698537895.923730878] [robot]: Action result: False
trials-all-1  | [robot-6] [INFO] [1698537895.929979955] [robot]: not ready
trials-all-1  | [environment-3] [INFO] [1698537895.936268033] [environment]: Action: monitor
trials-all-1  | [arm-1] [INFO] [1698537895.941816101] [arm]: not ready
trials-all-1  | [coordinator-2] [INFO] [1698537895.945256144] [coordinator]: Found a problem
trials-all-1  | [robot-6] [INFO] [1698537895.952814237] [robot]: Action: a_deposit
trials-all-1  | [arm-1] [INFO] [1698537895.957681297] [arm]: Action result: False
trials-all-1  | [robot-6] [INFO] [1698537895.959434319] [robot]: Receiving sync message. a_deposit,nurse1,robot1
trials-all-1  | [environment-3] [INFO] [1698537895.960416331] [environment]: Receiving message: monitor
trials-all-1  | [arm-1] [INFO] [1698537895.963240366] [arm]: Action: a_pick_up_sample
trials-all-1  | [robot-6] [INFO] [1698537895.963468369] [robot]: Deposit
trials-all-1  | [robot-6] [INFO] [1698537895.971532468] [robot]: Doing a_deposit
trials-all-1  | [arm-1] [INFO] [1698537895.973755496] [arm]: Doing a_pick_up_sample
trials-all-1  | [environment-3] [INFO] [1698537895.977769545] [environment]: Action: monitor
trials-all-1  | [nurse-4] [INFO] [1698537895.979460566] [nurse]: success
trials-all-1  | [coordinator-2] [INFO] [1698537895.989702693] [coordinator]: Found a problem
trials-all-1  | [nurse-4] [INFO] [1698537895.994353750] [nurse]: Action result: True
trials-all-1  | [nurse-4] [INFO] [1698537895.998591803] [nurse]: Action: a_open_door
trials-all-1  | [robot-6] [INFO] [1698537896.001222835] [robot]: Action result: True
trials-all-1  | [coordinator-2] [INFO] [1698537896.007642914] [coordinator]: Receiving sync message: action_complete,a_deposit
trials-all-1  | [coordinator-2] [INFO] [1698537896.011268959] [coordinator]: action_complete
trials-all-1  | [environment-3] [INFO] [1698537896.014425998] [environment]: Receiving message: monitor
trials-all-1  | [coordinator-2] [INFO] [1698537896.015333009] [coordinator]: plans_actions_current 6 of 11
trials-all-1  | [nurse-4] [INFO] [1698537896.020396072] [nurse]: Doing a_open_door
trials-all-1  | [robot-6] [INFO] [1698537896.023930115] [robot]: Receiving sync message. a_pick_up_sample,arm1,robot1
trials-all-1  | [robot-6] [INFO] [1698537896.029725186] [robot]: not ready
trials-all-1  | [arm-1] [INFO] [1698537896.043801360] [arm]: not ready
trials-all-1  | [arm-1] [INFO] [1698537896.049150426] [arm]: Action result: False
trials-all-1  | [robot-6] [INFO] [1698537896.049910435] [robot]: Action: a_close_drawer
trials-all-1  | [robot-6] [INFO] [1698537896.053681481] [robot]: Doing a_close_drawer
trials-all-1  | [robot-6] [INFO] [1698537896.057446528] [robot]: success
trials-all-1  | [arm-1] [INFO] [1698537896.056587517] [arm]: Action: a_pick_up_sample
trials-all-1  | [robot-6] [INFO] [1698537896.060977571] [robot]: Action result: True
trials-all-1  | [arm-1] [INFO] [1698537896.064093610] [arm]: Doing a_pick_up_sample
trials-all-1  | [coordinator-2] [INFO] [1698537896.067538652] [coordinator]: Receiving sync message: action_complete,a_close_drawer
trials-all-1  | [coordinator-2] [INFO] [1698537896.071671703] [coordinator]: action_complete
trials-all-1  | [robot-6] [INFO] [1698537896.078357785] [robot]: Receiving sync message. a_pick_up_sample,arm1,robot1
trials-all-1  | [environment-3] [INFO] [1698537896.081879829] [environment]: Action: monitor
trials-all-1  | [coordinator-2] [INFO] [1698537896.084113856] [coordinator]: plans_actions_current 7 of 11
trials-all-1  | [robot-6] [INFO] [1698537896.089086917] [robot]: not ready
trials-all-1  | [environment-3] [INFO] [1698537896.099651048] [environment]: Receiving message: a_open_door,nurse1,Room3
trials-all-1  | [robot-6] [INFO] [1698537896.101069065] [robot]: Action: a_navto
trials-all-1  | [arm-1] [INFO] [1698537896.101630072] [arm]: not ready
trials-all-1  | [robot-6] [INFO] [1698537896.104721110] [robot]: Doing a_navto
trials-all-1  | [arm-1] [INFO] [1698537896.107786148] [arm]: Action result: False
trials-all-1  | [coordinator-2] [INFO] [1698537896.110823185] [coordinator]: Found a problem
trials-all-1  | [arm-1] [INFO] [1698537896.114588232] [arm]: Action: a_pick_up_sample
trials-all-1  | [environment-3] [INFO] [1698537896.120625306] [environment]: Action: a_open_door
trials-all-1  | [arm-1] [INFO] [1698537896.121498317] [arm]: Doing a_pick_up_sample
trials-all-1  | [robot-6] [INFO] [1698537896.128661405] [robot]: Receiving sync message. a_pick_up_sample,arm1,robot1
trials-all-1  | [robot-6] [INFO] [1698537896.133795468] [robot]: not ready
trials-all-1  | [environment-3] [INFO] [1698537896.141324561] [environment]: Responding
trials-all-1  | [arm-1] [INFO] [1698537896.145742615] [arm]: not ready
trials-all-1  | [arm-1] [INFO] [1698537896.153731714] [arm]: Action result: False
trials-all-1  | [nurse-4] [INFO] [1698537896.154333721] [nurse]: success
trials-all-1  | [arm-1] [INFO] [1698537896.165824863] [arm]: Action: a_pick_up_sample
trials-all-1  | [nurse-4] [INFO] [1698537896.169607909] [nurse]: Action result: True
trials-all-1  | [arm-1] [INFO] [1698537896.172529945] [arm]: Doing a_pick_up_sample
trials-all-1  | [robot-6] [INFO] [1698537896.179880036] [robot]: Receiving sync message. a_pick_up_sample,arm1,robot1
trials-all-1  | [robot-6] [INFO] [1698537896.183533081] [robot]: not ready
trials-all-1  | [arm-1] [INFO] [1698537896.197959258] [arm]: not ready
trials-all-1  | [arm-1] [INFO] [1698537896.203869331] [arm]: Action result: False
trials-all-1  | [arm-1] [INFO] [1698537896.210018407] [arm]: Action: a_pick_up_sample
trials-all-1  | [arm-1] [INFO] [1698537896.216075481] [arm]: Doing a_pick_up_sample
trials-all-1  | [robot-6] [INFO] [1698537896.225559598] [robot]: Receiving sync message. a_pick_up_sample,arm1,robot1
trials-all-1  | [robot-6] [INFO] [1698537896.235602722] [robot]: not ready
trials-all-1  | [arm-1] [INFO] [1698537896.247647870] [arm]: not ready
trials-all-1  | [environment-3] [INFO] [1698537896.251380916] [environment]: Receiving message: a_navto,robot1,Room3
trials-all-1  | [arm-1] [INFO] [1698537896.253027936] [arm]: Action result: False
trials-all-1  | [environment-3] [INFO] [1698537896.256815983] [environment]: Action: a_navto
trials-all-1  | [arm-1] [INFO] [1698537896.259364015] [arm]: Action: a_pick_up_sample
trials-all-1  | [arm-1] [INFO] [1698537896.264610079] [arm]: Doing a_pick_up_sample
trials-all-1  | [robot-6] [INFO] [1698537896.274071196] [robot]: Receiving sync message. a_pick_up_sample,arm1,robot1
trials-all-1  | [robot-6] [INFO] [1698537896.279204259] [robot]: not ready
trials-all-1  | [arm-1] [INFO] [1698537896.288600375] [arm]: not ready
trials-all-1  | [arm-1] [INFO] [1698537896.299114504] [arm]: Action result: False
trials-all-1  | [arm-1] [INFO] [1698537896.307258604] [arm]: Action: a_pick_up_sample
trials-all-1  | [arm-1] [INFO] [1698537896.313804685] [arm]: Doing a_pick_up_sample
trials-all-1  | [environment-3] [INFO] [1698537896.313888686] [environment]: Responding
trials-all-1  | [robot-6] [INFO] [1698537896.323323802] [robot]: Receiving sync message. a_pick_up_sample,arm1,robot1
trials-all-1  | [environment-3] [INFO] [1698537896.323554805] [environment]: Receiving message: monitor
trials-all-1  | [robot-6] [INFO] [1698537896.332396914] [robot]: not ready
trials-all-1  | [robot-6] [INFO] [1698537896.338838993] [robot]: success
trials-all-1  | [robot-6] [INFO] [1698537896.342859043] [robot]: Action result: True
trials-all-1  | [arm-1] [INFO] [1698537896.340763017] [arm]: not ready
trials-all-1  | [arm-1] [INFO] [1698537896.344914068] [arm]: Action result: False
trials-all-1  | [environment-3] [INFO] [1698537896.347794104] [environment]: Action: monitor
trials-all-1  | [coordinator-2] [INFO] [1698537896.349469124] [coordinator]: Receiving sync message: action_complete,a_navto
trials-all-1  | [coordinator-2] [INFO] [1698537896.357310221] [coordinator]: action_complete
trials-all-1  | [coordinator-2] [INFO] [1698537896.361533273] [coordinator]: plans_actions_current 8 of 11
trials-all-1  | [arm-1] [INFO] [1698537896.358298233] [arm]: Action: a_pick_up_sample
trials-all-1  | [arm-1] [INFO] [1698537896.368636360] [arm]: Doing a_pick_up_sample
trials-all-1  | [robot-6] [INFO] [1698537896.383921549] [robot]: Action: a_approach_arm
trials-all-1  | [robot-6] [INFO] [1698537896.397580717] [robot]: Receiving sync message. a_pick_up_sample,arm1,robot1
trials-all-1  | [robot-6] [INFO] [1698537896.403876794] [robot]: Doing a_approach_arm
trials-all-1  | [robot-6] [INFO] [1698537896.411009882] [robot]: not ready
trials-all-1  | [environment-3] [INFO] [1698537896.411691891] [environment]: Receiving message: monitor
trials-all-1  | [environment-3] [INFO] [1698537896.415667939] [environment]: Action: monitor
trials-all-1  | [arm-1] [INFO] [1698537896.418996980] [arm]: not ready
trials-all-1  | [environment-3] [INFO] [1698537896.434117167] [environment]: Receiving message: a_approach_arm,robot1,arm1
trials-all-1  | [arm-1] [INFO] [1698537896.434936177] [arm]: Action result: False
trials-all-1  | [environment-3] [INFO] [1698537896.439658235] [environment]: Action: a_approach_arm
trials-all-1  | [arm-1] [INFO] [1698537896.440469245] [arm]: Action: a_pick_up_sample
trials-all-1  | [arm-1] [INFO] [1698537896.448617345] [arm]: Doing a_pick_up_sample
trials-all-1  | [robot-6] [INFO] [1698537896.455310428] [robot]: Receiving sync message. a_pick_up_sample,arm1,robot1
trials-all-1  | [environment-3] [INFO] [1698537896.455407429] [environment]: Responding
trials-all-1  | [robot-6] [INFO] [1698537896.466244562] [robot]: not ready
trials-all-1  | [robot-6] [INFO] [1698537896.475847681] [robot]: success
trials-all-1  | [robot-6] [INFO] [1698537896.479764729] [robot]: Action result: True
trials-all-1  | [environment-3] [INFO] [1698537896.467617579] [environment]: Receiving message: monitor
trials-all-1  | [arm-1] [INFO] [1698537896.475815680] [arm]: not ready
trials-all-1  | [arm-1] [INFO] [1698537896.479290723] [arm]: Action result: False
trials-all-1  | [arm-1] [INFO] [1698537896.482822767] [arm]: Action: a_pick_up_sample
trials-all-1  | [coordinator-2] [INFO] [1698537896.485549800] [coordinator]: Receiving sync message: action_complete,a_approach_arm
trials-all-1  | [coordinator-2] [INFO] [1698537896.496106930] [coordinator]: action_complete
trials-all-1  | [environment-3] [INFO] [1698537896.491469873] [environment]: Action: monitor
trials-all-1  | [arm-1] [INFO] [1698537896.497899952] [arm]: Doing a_pick_up_sample
trials-all-1  | [coordinator-2] [INFO] [1698537896.510347106] [coordinator]: plans_actions_current 9 of 11
trials-all-1  | [robot-6] [INFO] [1698537896.517403192] [robot]: Receiving sync message. a_pick_up_sample,arm1,robot1
trials-all-1  | [robot-6] [INFO] [1698537896.526816308] [robot]: not ready
trials-all-1  | [robot-6] [INFO] [1698537896.537204436] [robot]: Action: a_open_drawer
trials-all-1  | [robot-6] [INFO] [1698537896.540930482] [robot]: Doing a_open_drawer
trials-all-1  | [arm-1] [INFO] [1698537896.537110435] [arm]: not ready
trials-all-1  | [arm-1] [INFO] [1698537896.540897482] [arm]: Action result: False
trials-all-1  | [environment-3] [INFO] [1698537896.541331487] [environment]: Receiving message: monitor
trials-all-1  | [robot-6] [INFO] [1698537896.544743529] [robot]: success
trials-all-1  | [robot-6] [INFO] [1698537896.554478649] [robot]: Action result: True
trials-all-1  | [environment-3] [INFO] [1698537896.545275536] [environment]: Action: monitor
trials-all-1  | [arm-1] [INFO] [1698537896.551713615] [arm]: Action: a_pick_up_sample
trials-all-1  | [arm-1] [INFO] [1698537896.555214658] [arm]: Doing a_pick_up_sample
trials-all-1  | [environment-3] [INFO] [1698537896.561690738] [environment]: Receiving message: monitor
trials-all-1  | [environment-3] [INFO] [1698537896.566203793] [environment]: Action: monitor
trials-all-1  | [robot-6] [INFO] [1698537896.564407771] [robot]: Receiving sync message. a_pick_up_sample,arm1,robot1
trials-all-1  | [robot-6] [INFO] [1698537896.569944839] [robot]: not ready
trials-all-1  | [coordinator-2] [INFO] [1698537896.575064903] [coordinator]: Receiving sync message: action_complete,a_open_drawer
trials-all-1  | [coordinator-2] [INFO] [1698537896.583614008] [coordinator]: action_complete
trials-all-1  | [arm-1] [INFO] [1698537896.580397968] [arm]: not ready
trials-all-1  | [arm-1] [INFO] [1698537896.584469018] [arm]: Action result: False
trials-all-1  | [coordinator-2] [INFO] [1698537896.594062137] [coordinator]: plans_actions_current 10 of 11
trials-all-1  | [arm-1] [INFO] [1698537896.604144261] [arm]: Action: a_pick_up_sample
trials-all-1  | [arm-1] [INFO] [1698537896.607638304] [arm]: Doing a_pick_up_sample
trials-all-1  | [robot-6] [INFO] [1698537896.609468326] [robot]: Action: a_pick_up_sample
trials-all-1  | [environment-3] [INFO] [1698537896.622397485] [environment]: Receiving message: monitor
trials-all-1  | [environment-3] [INFO] [1698537896.626729539] [environment]: Action: monitor
trials-all-1  | [robot-6] [INFO] [1698537896.627490548] [robot]: Receiving sync message. a_pick_up_sample,arm1,robot1
trials-all-1  | [robot-6] [INFO] [1698537896.632240607] [robot]: Pick up
trials-all-1  | [robot-6] [INFO] [1698537896.637388670] [robot]: Doing a_pick_up_sample
trials-all-1  | [robot-6] [INFO] [1698537896.641134716] [robot]: Action result: True
trials-all-1  | [arm-1] [INFO] [1698537896.642294731] [arm]: success
trials-all-1  | [arm-1] [INFO] [1698537896.646335780] [arm]: Action result: True
trials-all-1  | [environment-3] [INFO] [1698537896.644963763] [environment]: Receiving message: monitor
trials-all-1  | [environment-3] [INFO] [1698537896.648645809] [environment]: Action: monitor
trials-all-1  | [coordinator-2] [INFO] [1698537896.646764786] [coordinator]: Receiving sync message: action_complete,a_pick_up_sample
trials-all-1  | [coordinator-2] [INFO] [1698537896.652227853] [coordinator]: action_complete
trials-all-1  | [coordinator-2] [INFO] [1698537896.665373015] [coordinator]: plans_actions_current 11 of 11
trials-all-1  | [coordinator-2] [INFO] [1698537896.680836205] [coordinator]: The time of execution of above program is:2.7748613357543945
trials-all-1  | [coordinator-2] [INFO] [1698537896.699737438] [coordinator]: Achieved
trials-all-1  | [coordinator-2] [INFO] [1698537896.713608609] [coordinator]: ENDSIM
trials-all-1  | [robot-6] [INFO] [1698537896.723932736] [robot]: Action: a_close_drawer
trials-all-1  | [robot-6] [INFO] [1698537896.731459829] [robot]: Doing a_close_drawer
trials-all-1  | [robot-6] [INFO] [1698537896.738248912] [robot]: success
trials-all-1  | [robot-6] [INFO] [1698537896.745660004] [robot]: Action result: True
trials-all-1  | [coordinator-2] [INFO] [1698537896.755030119] [coordinator]: Receiving sync message: action_complete,a_close_drawer
trials-all-1  | [coordinator-2] [INFO] [1698537896.759295171] [coordinator]: action_complete
trials-all-1  | [coordinator-2] [INFO] [1698537896.781880450] [coordinator]: plans_actions_current 12 of 11
trials-all-1  | [coordinator-2] [INFO] [1698537896.786221503] [coordinator]: The time of execution of above program is:2.891342878341675
trials-all-1  | [coordinator-2] [INFO] [1698537896.809604791] [coordinator]: Achieved
trials-all-1  | [coordinator-2] [INFO] [1698537896.820041920] [coordinator]: ENDSIM
trials-all-1 exited with code 0
