 Network trials_ros  Creating
 Network trials_ros  Created
 Container trials-all-1  Creating
 Container trials-all-1  Created
Attaching to trials-all-1
trials-all-1  | [INFO] [launch]: All log files can be found below /root/.ros/log/2023-10-28-21-21-17-089230-78d050c2f786-1
trials-all-1  | [INFO] [launch]: Default logging verbosity is set to INFO
trials-all-1  | [INFO] [arm-1]: process started with pid [52]
trials-all-1  | [INFO] [coordinator-2]: process started with pid [54]
trials-all-1  | [INFO] [environment-3]: process started with pid [56]
trials-all-1  | [INFO] [nurse-4]: process started with pid [58]
trials-all-1  | [INFO] [planner-5]: process started with pid [60]
trials-all-1  | [INFO] [robot-6]: process started with pid [62]
trials-all-1  | [coordinator-2] [INFO] [1698528081.365489147] [coordinator]: Starting Coordinator server
trials-all-1  | [coordinator-2] [INFO] [1698528081.459182467] [coordinator]: Coordinator server started
trials-all-1  | [coordinator-2] [INFO] [1698528081.468746439] [coordinator]: Starting Coordinator clients
trials-all-1  | [arm-1] [INFO] [1698528081.750692580] [arm]: Starting Arm server
trials-all-1  | [arm-1] [INFO] [1698528081.791300954] [arm]: Arm server started
trials-all-1  | [arm-1] [INFO] [1698528081.795700861] [arm]: Starting Nurse clients
trials-all-1  | [robot-6] [INFO] [1698528081.910013434] [robot]: Starting Robot server
trials-all-1  | [nurse-4] [INFO] [1698528081.921007701] [nurse]: Starting Nurse server
trials-all-1  | [environment-3] [INFO] [1698528081.944986646] [environment]: Starting Environment server
trials-all-1  | [nurse-4] [INFO] [1698528081.965704918] [nurse]: Nurse server started
trials-all-1  | [nurse-4] [INFO] [1698528081.975795999] [nurse]: Starting Nurse clients
trials-all-1  | [environment-3] [INFO] [1698528081.995523067] [environment]: Environment server started
trials-all-1  | [robot-6] [INFO] [1698528081.999409868] [robot]: Robot server started
trials-all-1  | [robot-6] [INFO] [1698528082.019803056] [robot]: Starting Robots clients
trials-all-1  | [nurse-4] [INFO] [1698528082.061858680] [nurse]: Nurse clients started
trials-all-1  | [nurse-4] [INFO] [1698528082.074821338] [nurse]: Sent request
trials-all-1  | [arm-1] [INFO] [1698528082.109964545] [arm]: Nurse clients started
trials-all-1  | [robot-6] [INFO] [1698528082.115487677] [robot]: Robots clients started
trials-all-1  | [coordinator-2] [INFO] [1698528082.516066822] [coordinator]: planner sync service not available, waiting again...
trials-all-1  | [coordinator-2] [INFO] [1698528083.529920132] [coordinator]: planner sync service not available, waiting again...
trials-all-1  | [coordinator-2] [INFO] [1698528084.544302374] [coordinator]: planner sync service not available, waiting again...
trials-all-1  | [coordinator-2] [INFO] [1698528085.559772662] [coordinator]: planner sync service not available, waiting again...
trials-all-1  | [coordinator-2] [INFO] [1698528086.575682873] [coordinator]: planner sync service not available, waiting again...
trials-all-1  | [coordinator-2] [INFO] [1698528087.639440466] [coordinator]: planner sync service not available, waiting again...
trials-all-1  | [planner-5] Matplotlib is building the font cache; this may take a moment.
trials-all-1  | [coordinator-2] [INFO] [1698528088.656134463] [coordinator]: planner sync service not available, waiting again...
trials-all-1  | [coordinator-2] [INFO] [1698528089.671214987] [coordinator]: planner sync service not available, waiting again...
trials-all-1  | [coordinator-2] [INFO] [1698528090.684001915] [coordinator]: planner sync service not available, waiting again...
trials-all-1  | [coordinator-2] [INFO] [1698528091.696945737] [coordinator]: planner sync service not available, waiting again...
trials-all-1  | [coordinator-2] [INFO] [1698528092.713505128] [coordinator]: planner sync service not available, waiting again...
trials-all-1  | [planner-5] [INFO] [1698528092.782650531] [planner]: Starting Planner server
trials-all-1  | [planner-5] [INFO] [1698528092.802441367] [planner]: Planner server started
trials-all-1  | [coordinator-2] [INFO] [1698528093.285269651] [coordinator]: Coordinator clients started
trials-all-1  | [coordinator-2] [INFO] [1698528093.331341531] [coordinator]: Receiving message of nurse1 in room3.
trials-all-1  | [coordinator-2] [INFO] [1698528093.337528724] [coordinator]: Sending response
trials-all-1  | [coordinator-2] [INFO] [1698528093.345836325] [coordinator]: Planing
trials-all-1  | [nurse-4] [INFO] [1698528093.348710879] [nurse]: Request response:Okay!
trials-all-1  | [coordinator-2] [INFO] [1698528093.355068104] [coordinator]: Creating plan for: robot1, nurse1, arm1 
trials-all-1  | [planner-5] [INFO] [1698528093.363934813] [planner]: Receiving sync message. need_plan,robot1,nurse1,arm1
trials-all-1  | [planner-5] [INFO] [1698528093.367745548] [planner]: Creating plan for: robot1 robot1 nurse1
trials-all-1  | [planner-5] [INFO] [1698528093.394418689] [planner]: a_navto,robot1,Room1
trials-all-1  | [planner-5] [INFO] [1698528093.406829081] [planner]: a_approach_nurse,robot1
trials-all-1  | [planner-5] [INFO] [1698528093.416771997] [planner]: a_authenticate_nurse,robot1,nurse1
trials-all-1  | [planner-5] [INFO] [1698528093.428390237] [planner]: a_open_drawer,robot1
trials-all-1  | [planner-5] [INFO] [1698528093.438745233] [planner]: a_deposit,nurse1,robot1
trials-all-1  | [planner-5] [INFO] [1698528093.455713503] [planner]: a_close_drawer,robot1
trials-all-1  | [planner-5] [INFO] [1698528093.468571982] [planner]: a_navto,robot1,Room3
trials-all-1  | [planner-5] [INFO] [1698528093.478647924] [planner]: a_approach_arm,robot1,arm1
trials-all-1  | [planner-5] [INFO] [1698528093.490185147] [planner]: a_open_drawer,robot1
trials-all-1  | [planner-5] [INFO] [1698528093.500896212] [planner]: a_pick_up_sample,arm1,robot1
trials-all-1  | [planner-5] [INFO] [1698528093.512605469] [planner]: a_close_drawer,robot1
trials-all-1  | [planner-5] [INFO] [1698528093.524732806] [planner]: Sending response
trials-all-1  | [coordinator-2] [INFO] [1698528093.543121350] [coordinator]: Plan received for: robot1, nurse1, arm1 
trials-all-1  | [coordinator-2] [INFO] [1698528093.548876460] [coordinator]: a_navto,robot1,Room1/a_approach_nurse,robot1/a_authenticate_nurse,robot1,nurse1/a_open_drawer,robot1/a_deposit,nurse1,robot1/a_close_drawer,robot1/a_navto,robot1,Room3/a_approach_arm,robot1,arm1/a_open_drawer,robot1/a_pick_up_sample,arm1,robot1/a_close_drawer,robot1
trials-all-1  | [coordinator-2] [INFO] [1698528093.553857420] [coordinator]: a_navto,robot1,Room1
trials-all-1  | [coordinator-2] [INFO] [1698528093.558510317] [coordinator]: a_approach_nurse,robot1
trials-all-1  | [coordinator-2] [INFO] [1698528093.562468079] [coordinator]: a_authenticate_nurse,robot1,nurse1
trials-all-1  | [coordinator-2] [INFO] [1698528093.566141787] [coordinator]: a_open_drawer,robot1
trials-all-1  | [coordinator-2] [INFO] [1698528093.569868506] [coordinator]: a_deposit,nurse1,robot1
trials-all-1  | [coordinator-2] [INFO] [1698528093.574634424] [coordinator]: a_close_drawer,robot1
trials-all-1  | [coordinator-2] [INFO] [1698528093.580381532] [coordinator]: a_navto,robot1,Room3
trials-all-1  | [coordinator-2] [INFO] [1698528093.584813386] [coordinator]: a_approach_arm,robot1,arm1
trials-all-1  | [coordinator-2] [INFO] [1698528093.589164225] [coordinator]: a_open_drawer,robot1
trials-all-1  | [coordinator-2] [INFO] [1698528093.593950147] [coordinator]: a_pick_up_sample,arm1,robot1
trials-all-1  | [coordinator-2] [INFO] [1698528093.600168346] [coordinator]: a_close_drawer,robot1
trials-all-1  | [coordinator-2] [INFO] [1698528093.608718994] [coordinator]: Sending plans
trials-all-1  | [coordinator-2] [INFO] [1698528093.631135315] [coordinator]: Plans sent
trials-all-1  | [nurse-4] [INFO] [1698528093.652902510] [nurse]: Receiving message.
trials-all-1  | [robot-6] [INFO] [1698528093.658383566] [robot]: Receiving message.
trials-all-1  | [environment-3] [INFO] [1698528093.661434154] [environment]: Receiving message: monitor
trials-all-1  | [environment-3] [INFO] [1698528093.666679165] [environment]: Action: monitor
trials-all-1  | [nurse-4] [INFO] [1698528093.668250468] [nurse]: Nurse's actions:
trials-all-1  | [arm-1] [INFO] [1698528093.672654317] [arm]: Receiving message.
trials-all-1  | [nurse-4] [INFO] [1698528093.679230585] [nurse]: Action: a_authenticate_nurse
trials-all-1  | [coordinator-2] [INFO] [1698528093.687433166] [coordinator]: Found a problem
trials-all-1  | [nurse-4] [INFO] [1698528093.688963461] [nurse]: a_authenticate_nurse
trials-all-1  | [coordinator-2] [INFO] [1698528093.691478945] [coordinator]: Updating planner state
trials-all-1  | [planner-5] [INFO] [1698528093.708910305] [planner]: Receiving sync message. update_state,door_closed,Room3
trials-all-1  | [nurse-4] [INFO] [1698528093.716766820] [nurse]: Doing a_authenticate_nurse
trials-all-1  | [robot-6] [INFO] [1698528093.720317504] [robot]: Robot's actions:
trials-all-1  | [arm-1] [INFO] [1698528093.721206675] [arm]: Arm's actions:
trials-all-1  | [robot-6] [INFO] [1698528093.724371285] [robot]: a_navto
trials-all-1  | [arm-1] [INFO] [1698528093.736158557] [arm]: a_approach_arm
trials-all-1  | [planner-5] [INFO] [1698528093.741637613] [planner]: door_closed
trials-all-1  | [robot-6] [INFO] [1698528093.734067154] [robot]: a_approach_nurse
trials-all-1  | [arm-1] [INFO] [1698528093.751923596] [arm]: Action: a_approach_arm
trials-all-1  | [robot-6] [INFO] [1698528093.757765722] [robot]: Action: a_navto
trials-all-1  | [coordinator-2] [INFO] [1698528093.764049933] [coordinator]: Planner state updated
trials-all-1  | [robot-6] [INFO] [1698528093.768362764] [robot]: a_open_drawer
trials-all-1  | [robot-6] [INFO] [1698528093.772937646] [robot]: a_deposit
trials-all-1  | [robot-6] [INFO] [1698528093.776190273] [robot]: Doing a_navto
trials-all-1  | [robot-6] [INFO] [1698528093.780741150] [robot]: a_close_drawer
trials-all-1  | [coordinator-2] [INFO] [1698528093.780752152] [coordinator]: Planing
trials-all-1  | [robot-6] [INFO] [1698528093.785211012] [robot]: a_navto
trials-all-1  | [robot-6] [INFO] [1698528093.789343808] [robot]: a_approach_arm
trials-all-1  | [arm-1] [INFO] [1698528093.790546040] [arm]: Doing a_approach_arm
trials-all-1  | [robot-6] [INFO] [1698528093.794062718] [robot]: a_open_drawer
trials-all-1  | [environment-3] [INFO] [1698528093.794325769] [environment]: Receiving message: a_navto,robot1,Room1
trials-all-1  | [coordinator-2] [INFO] [1698528093.794950889] [coordinator]: Creating plan for: robot1, nurse1, arm1 
trials-all-1  | [planner-5] [INFO] [1698528093.802087264] [planner]: Receiving sync message. need_plan,robot1,nurse1,arm1
trials-all-1  | [planner-5] [INFO] [1698528093.807008213] [planner]: Creating plan for: robot1 robot1 nurse1
trials-all-1  | [robot-6] [INFO] [1698528093.810713927] [robot]: a_pick_up_sample
trials-all-1  | [environment-3] [INFO] [1698528093.813774517] [environment]: Action: a_navto
trials-all-1  | [robot-6] [INFO] [1698528093.815487847] [robot]: a_close_drawer
trials-all-1  | [planner-5] [INFO] [1698528093.827216108] [planner]: a_navto,robot1,Room1
trials-all-1  | [environment-3] [INFO] [1698528093.831472928] [environment]: Responding
trials-all-1  | [robot-6] [INFO] [1698528093.835587721] [robot]: Receiving sync message. a_authenticate_nurse,robot1,nurse1
trials-all-1  | [planner-5] [INFO] [1698528093.836810957] [planner]: a_approach_nurse,robot1
trials-all-1  | [robot-6] [INFO] [1698528093.840463661] [robot]: not ready
trials-all-1  | [planner-5] [INFO] [1698528093.843386225] [planner]: a_authenticate_nurse,robot1,nurse1
trials-all-1  | [nurse-4] [INFO] [1698528093.848671243] [nurse]: not ready
trials-all-1  | [nurse-4] [INFO] [1698528093.853707214] [nurse]: Action result: False
trials-all-1  | [planner-5] [INFO] [1698528093.856585769] [planner]: a_open_drawer,robot1
trials-all-1  | [nurse-4] [INFO] [1698528093.858449128] [nurse]: Action: a_authenticate_nurse
trials-all-1  | [planner-5] [INFO] [1698528093.867316837] [planner]: a_deposit,nurse1,robot1
trials-all-1  | [environment-3] [INFO] [1698528093.867827936] [environment]: Receiving message: a_approach_arm,robot1,arm1
trials-all-1  | [robot-6] [INFO] [1698528093.871579659] [robot]: success
trials-all-1  | [robot-6] [INFO] [1698528093.875913494] [robot]: Action result: True
trials-all-1  | [planner-5] [INFO] [1698528093.877909879] [planner]: a_close_drawer,robot1
trials-all-1  | [planner-5] [INFO] [1698528093.881928653] [planner]: a_open_door,nurse1,Room3
trials-all-1  | [nurse-4] [INFO] [1698528093.882116690] [nurse]: Doing a_authenticate_nurse
trials-all-1  | [coordinator-2] [INFO] [1698528093.882455755] [coordinator]: Receiving sync message: action_complete,a_navto
trials-all-1  | [robot-6] [INFO] [1698528093.888774973] [robot]: Receiving sync message. a_authenticate_nurse,robot1,nurse1
trials-all-1  | [robot-6] [INFO] [1698528093.893283842] [robot]: not ready
trials-all-1  | [coordinator-2] [INFO] [1698528093.889598132] [coordinator]: action_complete
trials-all-1  | [planner-5] [INFO] [1698528093.893815945] [planner]: a_navto,robot1,Room3
trials-all-1  | [coordinator-2] [INFO] [1698528093.895809329] [coordinator]: plans_actions_current 1 of 11
trials-all-1  | [planner-5] [INFO] [1698528093.897753704] [planner]: a_approach_arm,robot1,arm1
trials-all-1  | [robot-6] [INFO] [1698528093.907698620] [robot]: Action: a_approach_nurse
trials-all-1  | [robot-6] [INFO] [1698528093.911956441] [robot]: Doing a_approach_nurse
trials-all-1  | [planner-5] [INFO] [1698528093.916429303] [planner]: a_open_drawer,robot1
trials-all-1  | [nurse-4] [INFO] [1698528093.917054424] [nurse]: not ready
trials-all-1  | [environment-3] [INFO] [1698528093.920523092] [environment]: Action: a_approach_arm
trials-all-1  | [nurse-4] [INFO] [1698528093.921427267] [nurse]: Action result: False
trials-all-1  | [planner-5] [INFO] [1698528093.924263813] [planner]: a_pick_up_sample,arm1,robot1
trials-all-1  | [environment-3] [INFO] [1698528093.925432038] [environment]: Responding
trials-all-1  | [planner-5] [INFO] [1698528093.932660432] [planner]: a_close_drawer,robot1
trials-all-1  | [arm-1] [INFO] [1698528093.936531178] [arm]: success
trials-all-1  | [planner-5] [INFO] [1698528093.938102481] [planner]: Sending response
trials-all-1  | [arm-1] [INFO] [1698528093.941715177] [arm]: Action result: True
trials-all-1  | [nurse-4] [INFO] [1698528093.946862169] [nurse]: Action: a_authenticate_nurse
trials-all-1  | [coordinator-2] [INFO] [1698528093.948971576] [coordinator]: Plan received for: robot1, nurse1, arm1 
trials-all-1  | [nurse-4] [INFO] [1698528093.950880944] [nurse]: Doing a_authenticate_nurse
trials-all-1  | [environment-3] [INFO] [1698528093.953913528] [environment]: Receiving message: a_approach_nurse,robot1
trials-all-1  | [arm-1] [INFO] [1698528093.955475829] [arm]: Action: a_pick_up_sample
trials-all-1  | [coordinator-2] [INFO] [1698528093.958667444] [coordinator]: a_navto,robot1,Room1/a_approach_nurse,robot1/a_authenticate_nurse,robot1,nurse1/a_open_drawer,robot1/a_deposit,nurse1,robot1/a_close_drawer,robot1/a_open_door,nurse1,Room3/a_navto,robot1,Room3/a_approach_arm,robot1,arm1/a_open_drawer,robot1/a_pick_up_sample,arm1,robot1/a_close_drawer,robot1
trials-all-1  | [arm-1] [INFO] [1698528093.960554808] [arm]: Doing a_pick_up_sample
trials-all-1  | [robot-6] [INFO] [1698528093.969177470] [robot]: Receiving sync message. a_authenticate_nurse,robot1,nurse1
trials-all-1  | [coordinator-2] [INFO] [1698528093.969457524] [coordinator]: a_navto,robot1,Room1
trials-all-1  | [robot-6] [INFO] [1698528093.974156430] [robot]: not ready
trials-all-1  | [coordinator-2] [INFO] [1698528093.976074799] [coordinator]: a_approach_nurse,robot1
trials-all-1  | [environment-3] [INFO] [1698528093.976722924] [environment]: Action: a_approach_nurse
trials-all-1  | [nurse-4] [INFO] [1698528093.985295577] [nurse]: not ready
trials-all-1  | [nurse-4] [INFO] [1698528093.993374134] [nurse]: Action result: False
trials-all-1  | [robot-6] [INFO] [1698528093.993652187] [robot]: Receiving sync message. a_pick_up_sample,arm1,robot1
trials-all-1  | [environment-3] [INFO] [1698528093.996726780] [environment]: Responding
trials-all-1  | [nurse-4] [INFO] [1698528093.998556133] [nurse]: Action: a_authenticate_nurse
trials-all-1  | [coordinator-2] [INFO] [1698528094.005417453] [coordinator]: a_authenticate_nurse,robot1,nurse1
trials-all-1  | [coordinator-2] [INFO] [1698528094.010183366] [coordinator]: a_open_drawer,robot1
trials-all-1  | [robot-6] [INFO] [1698528094.010261381] [robot]: not ready
trials-all-1  | [arm-1] [INFO] [1698528094.024078029] [arm]: not ready
trials-all-1  | [arm-1] [INFO] [1698528094.029631093] [arm]: Action result: False
trials-all-1  | [robot-6] [INFO] [1698528094.034571040] [robot]: success
trials-all-1  | [coordinator-2] [INFO] [1698528094.034640053] [coordinator]: a_deposit,nurse1,robot1
trials-all-1  | [coordinator-2] [INFO] [1698528094.039382962] [coordinator]: a_close_drawer,robot1
trials-all-1  | [robot-6] [INFO] [1698528094.041774421] [robot]: Action result: True
trials-all-1  | [nurse-4] [INFO] [1698528094.041774421] [nurse]: Doing a_authenticate_nurse
trials-all-1  | [arm-1] [INFO] [1698528094.047429505] [arm]: Action: a_pick_up_sample
trials-all-1  | [robot-6] [INFO] [1698528094.054301822] [robot]: Receiving sync message. a_authenticate_nurse,robot1,nurse1
trials-all-1  | [coordinator-2] [INFO] [1698528094.055676085] [coordinator]: Receiving sync message: action_complete,a_approach_nurse
trials-all-1  | [arm-1] [INFO] [1698528094.059512820] [arm]: Doing a_pick_up_sample
trials-all-1  | [robot-6] [INFO] [1698528094.061219147] [robot]: not ready
trials-all-1  | [coordinator-2] [INFO] [1698528094.066468153] [coordinator]: action_complete
trials-all-1  | [nurse-4] [INFO] [1698528094.071547127] [nurse]: not ready
trials-all-1  | [nurse-4] [INFO] [1698528094.075824947] [nurse]: Action result: False
trials-all-1  | [coordinator-2] [INFO] [1698528094.082526231] [coordinator]: a_open_door,nurse1,Room3
trials-all-1  | [robot-6] [INFO] [1698528094.086904070] [robot]: Receiving sync message. a_pick_up_sample,arm1,robot1
trials-all-1  | [coordinator-2] [INFO] [1698528094.089468561] [coordinator]: a_navto,robot1,Room3
trials-all-1  | [nurse-4] [INFO] [1698528094.090939843] [nurse]: Action: a_authenticate_nurse
trials-all-1  | [coordinator-2] [INFO] [1698528094.097421085] [coordinator]: plans_actions_current 2 of 11
trials-all-1  | [robot-6] [INFO] [1698528094.097663132] [robot]: not ready
trials-all-1  | [nurse-4] [INFO] [1698528094.102555069] [nurse]: Doing a_authenticate_nurse
trials-all-1  | [robot-6] [INFO] [1698528094.114751407] [robot]: Action: a_authenticate_nurse
trials-all-1  | [robot-6] [INFO] [1698528094.119080236] [robot]: Doing a_authenticate_nurse
trials-all-1  | [coordinator-2] [INFO] [1698528094.119518320] [coordinator]: a_approach_arm,robot1,arm1
trials-all-1  | [arm-1] [INFO] [1698528094.130625449] [arm]: not ready
trials-all-1  | [coordinator-2] [INFO] [1698528094.132527814] [coordinator]: a_open_drawer,robot1
trials-all-1  | [arm-1] [INFO] [1698528094.136658605] [arm]: Action result: False
trials-all-1  | [robot-6] [INFO] [1698528094.142548734] [robot]: wating for nurse1 to authenticate to robot1
trials-all-1  | [coordinator-2] [INFO] [1698528094.144295069] [coordinator]: a_pick_up_sample,arm1,robot1
trials-all-1  | [robot-6] [INFO] [1698528094.151366424] [robot]: Action result: False
trials-all-1  | [arm-1] [INFO] [1698528094.151861519] [arm]: Action: a_pick_up_sample
trials-all-1  | [robot-6] [INFO] [1698528094.154156959] [robot]: Receiving sync message. a_authenticate_nurse,robot1,nurse1
trials-all-1  | [coordinator-2] [INFO] [1698528094.157985693] [coordinator]: a_close_drawer,robot1
trials-all-1  | [robot-6] [INFO] [1698528094.158612813] [robot]: Authenticate nurse
trials-all-1  | [arm-1] [INFO] [1698528094.178136554] [arm]: Doing a_pick_up_sample
trials-all-1  | [nurse-4] [INFO] [1698528094.179616838] [nurse]: success
trials-all-1  | [robot-6] [INFO] [1698528094.184328741] [robot]: Action: a_authenticate_nurse
trials-all-1  | [robot-6] [INFO] [1698528094.188831604] [robot]: Doing a_authenticate_nurse
trials-all-1  | [nurse-4] [INFO] [1698528094.190951010] [nurse]: Action result: True
trials-all-1  | [robot-6] [INFO] [1698528094.200747888] [robot]: Receiving sync message. a_pick_up_sample,arm1,robot1
trials-all-1  | [coordinator-2] [INFO] [1698528094.201969122] [coordinator]: Sending plans
trials-all-1  | [nurse-4] [INFO] [1698528094.211789004] [nurse]: Action: a_deposit
trials-all-1  | [nurse-4] [INFO] [1698528094.217453089] [nurse]: Doing a_deposit
trials-all-1  | [robot-6] [INFO] [1698528094.218157224] [robot]: Action result: True
trials-all-1  | [robot-6] [INFO] [1698528094.227376991] [robot]: not ready
trials-all-1  | [nurse-4] [INFO] [1698528094.234655386] [nurse]: Receiving message.
trials-all-1  | [coordinator-2] [INFO] [1698528094.236206684] [coordinator]: Receiving sync message: action_complete,a_authenticate_nurse
trials-all-1  | [arm-1] [INFO] [1698528094.237372907] [arm]: not ready
trials-all-1  | [arm-1] [INFO] [1698528094.241886772] [arm]: Action result: False
trials-all-1  | [nurse-4] [INFO] [1698528094.249976323] [nurse]: Nurse's actions:
trials-all-1  | [coordinator-2] [INFO] [1698528094.255379358] [coordinator]: action_complete
trials-all-1  | [arm-1] [INFO] [1698528094.259426134] [arm]: Receiving message.
trials-all-1  | [arm-1] [INFO] [1698528094.263667947] [arm]: Arm's actions:
trials-all-1  | [nurse-4] [INFO] [1698528094.265132227] [nurse]: a_authenticate_nurse
trials-all-1  | [robot-6] [INFO] [1698528094.268498872] [robot]: Receiving message.
trials-all-1  | [coordinator-2] [INFO] [1698528094.270787311] [coordinator]: Plans sent
trials-all-1  | [coordinator-2] [INFO] [1698528094.275056129] [coordinator]: plans_actions_current 3 of 11
trials-all-1  | [arm-1] [INFO] [1698528094.275597233] [arm]: Action: a_pick_up_sample
trials-all-1  | [arm-1] [INFO] [1698528094.280867243] [arm]: Doing a_pick_up_sample
trials-all-1  | [arm-1] [INFO] [1698528094.283576762] [arm]: a_approach_arm
trials-all-1  | [nurse-4] [INFO] [1698528094.285669163] [nurse]: a_deposit
trials-all-1  | [arm-1] [INFO] [1698528094.287879587] [arm]: a_pick_up_sample
trials-all-1  | [environment-3] [INFO] [1698528094.288058621] [environment]: Receiving message: monitor
trials-all-1  | [robot-6] [INFO] [1698528094.288722748] [robot]: Robot's actions:
trials-all-1  | [nurse-4] [INFO] [1698528094.293107589] [nurse]: a_open_door
trials-all-1  | [robot-6] [INFO] [1698528094.293374640] [robot]: a_navto
trials-all-1  | [environment-3] [INFO] [1698528094.295133977] [environment]: Action: monitor
trials-all-1  | [robot-6] [INFO] [1698528094.304794829] [robot]: a_approach_nurse
trials-all-1  | [robot-6] [INFO] [1698528094.308924620] [robot]: a_authenticate_nurse
trials-all-1  | [coordinator-2] [INFO] [1698528094.311925195] [coordinator]: Found a problem
trials-all-1  | [robot-6] [INFO] [1698528094.313061413] [robot]: a_open_drawer
trials-all-1  | [robot-6] [INFO] [1698528094.317323230] [robot]: a_deposit
trials-all-1  | [environment-3] [INFO] [1698528094.319400628] [environment]: Receiving message: monitor
trials-all-1  | [robot-6] [INFO] [1698528094.321561042] [robot]: a_close_drawer
trials-all-1  | [robot-6] [INFO] [1698528094.325605817] [robot]: a_navto
trials-all-1  | [robot-6] [INFO] [1698528094.330302717] [robot]: a_approach_arm
trials-all-1  | [robot-6] [INFO] [1698528094.334852589] [robot]: a_open_drawer
trials-all-1  | [environment-3] [INFO] [1698528094.337898173] [environment]: Action: monitor
trials-all-1  | [robot-6] [INFO] [1698528094.339560491] [robot]: a_pick_up_sample
trials-all-1  | [robot-6] [INFO] [1698528094.348020113] [robot]: a_close_drawer
trials-all-1  | [coordinator-2] [INFO] [1698528094.353650192] [coordinator]: Found a problem
trials-all-1  | [robot-6] [INFO] [1698528094.354022263] [robot]: Receiving sync message. a_deposit,nurse1,robot1
trials-all-1  | [robot-6] [INFO] [1698528094.358962210] [robot]: not ready
trials-all-1  | [nurse-4] [INFO] [1698528094.367162781] [nurse]: not ready
trials-all-1  | [environment-3] [INFO] [1698528094.375968469] [environment]: Receiving message: monitor
trials-all-1  | [nurse-4] [INFO] [1698528094.376770623] [nurse]: Action result: False
trials-all-1  | [nurse-4] [INFO] [1698528094.381763580] [nurse]: Action: a_authenticate_nurse
trials-all-1  | [nurse-4] [INFO] [1698528094.386641514] [nurse]: Doing a_authenticate_nurse
trials-all-1  | [environment-3] [INFO] [1698528094.395973303] [environment]: Action: monitor
trials-all-1  | [robot-6] [INFO] [1698528094.397059511] [robot]: Receiving sync message. a_pick_up_sample,arm1,robot1
trials-all-1  | [robot-6] [INFO] [1698528094.402177492] [robot]: not ready
trials-all-1  | [coordinator-2] [INFO] [1698528094.406818381] [coordinator]: Found a problem
trials-all-1  | [robot-6] [INFO] [1698528094.417551438] [robot]: Action: a_navto
trials-all-1  | [robot-6] [INFO] [1698528094.421855263] [robot]: Doing a_navto
trials-all-1  | [robot-6] [INFO] [1698528094.424491768] [robot]: Receiving sync message. a_authenticate_nurse,robot1,nurse1
trials-all-1  | [robot-6] [INFO] [1698528094.430060836] [robot]: not ready
trials-all-1  | [arm-1] [INFO] [1698528094.420515006] [arm]: not ready
trials-all-1  | [arm-1] [INFO] [1698528094.424167706] [arm]: Action result: False
trials-all-1  | [environment-3] [INFO] [1698528094.421058110] [environment]: Receiving message: monitor
trials-all-1  | [environment-3] [INFO] [1698528094.424381747] [environment]: Action: monitor
trials-all-1  | [coordinator-2] [INFO] [1698528094.438124381] [coordinator]: Found a problem
trials-all-1  | [environment-3] [INFO] [1698528094.441462021] [environment]: Receiving message: a_navto,robot1,Room1
trials-all-1  | [environment-3] [INFO] [1698528094.445725838] [environment]: Action: a_navto
trials-all-1  | [nurse-4] [INFO] [1698528094.443578426] [nurse]: not ready
trials-all-1  | [nurse-4] [INFO] [1698528094.447653207] [nurse]: Action result: False
trials-all-1  | [nurse-4] [INFO] [1698528094.451553955] [nurse]: Action: a_authenticate_nurse
trials-all-1  | [nurse-4] [INFO] [1698528094.456702942] [nurse]: Doing a_authenticate_nurse
trials-all-1  | [arm-1] [INFO] [1698528094.446993081] [arm]: Action: a_approach_arm
trials-all-1  | [arm-1] [INFO] [1698528094.450781807] [arm]: Doing a_approach_arm
trials-all-1  | [robot-6] [INFO] [1698528094.480518506] [robot]: Receiving sync message. a_authenticate_nurse,robot1,nurse1
trials-all-1  | [robot-6] [INFO] [1698528094.490598438] [robot]: not ready
trials-all-1  | [environment-3] [INFO] [1698528094.492179741] [environment]: Responding
trials-all-1  | [nurse-4] [INFO] [1698528094.502563731] [nurse]: not ready
trials-all-1  | [nurse-4] [INFO] [1698528094.507834741] [nurse]: Action result: False
trials-all-1  | [nurse-4] [INFO] [1698528094.516402383] [nurse]: Action: a_authenticate_nurse
trials-all-1  | [robot-6] [INFO] [1698528094.520113094] [robot]: success
trials-all-1  | [robot-6] [INFO] [1698528094.524720977] [robot]: Action result: True
trials-all-1  | [robot-6] [INFO] [1698528094.535967133] [robot]: Receiving sync message. a_authenticate_nurse,robot1,nurse1
trials-all-1  | [nurse-4] [INFO] [1698528094.528488699] [nurse]: Doing a_authenticate_nurse
trials-all-1  | [coordinator-2] [INFO] [1698528094.532307431] [coordinator]: Receiving sync message: action_complete,a_navto
trials-all-1  | [coordinator-2] [INFO] [1698528094.538782672] [coordinator]: action_complete
trials-all-1  | [coordinator-2] [INFO] [1698528094.543358549] [coordinator]: plans_actions_current 1 of 11
trials-all-1  | [robot-6] [INFO] [1698528094.540078921] [robot]: not ready
trials-all-1  | [nurse-4] [INFO] [1698528094.551026019] [nurse]: not ready
trials-all-1  | [nurse-4] [INFO] [1698528094.555947962] [nurse]: Action result: False
trials-all-1  | [environment-3] [INFO] [1698528094.553856561] [environment]: Receiving message: monitor
trials-all-1  | [robot-6] [INFO] [1698528094.562193159] [robot]: Action: a_approach_nurse
trials-all-1  | [robot-6] [INFO] [1698528094.566623008] [robot]: Doing a_approach_nurse
trials-all-1  | [nurse-4] [INFO] [1698528094.573718368] [nurse]: Action: a_authenticate_nurse
trials-all-1  | [nurse-4] [INFO] [1698528094.579150409] [nurse]: Doing a_authenticate_nurse
trials-all-1  | [robot-6] [INFO] [1698528094.588109126] [robot]: Receiving sync message. a_authenticate_nurse,robot1,nurse1
trials-all-1  | [robot-6] [INFO] [1698528094.592457959] [robot]: not ready
trials-all-1  | [environment-3] [INFO] [1698528094.599049222] [environment]: Action: monitor
trials-all-1  | [nurse-4] [INFO] [1698528094.603459067] [nurse]: not ready
trials-all-1  | [coordinator-2] [INFO] [1698528094.610981509] [coordinator]: Found a problem
trials-all-1  | [nurse-4] [INFO] [1698528094.615894451] [nurse]: Action result: False
trials-all-1  | [nurse-4] [INFO] [1698528094.620412317] [nurse]: Action: a_authenticate_nurse
trials-all-1  | [environment-3] [INFO] [1698528094.621422510] [environment]: Receiving message: a_approach_arm,robot1,arm1
trials-all-1  | [nurse-4] [INFO] [1698528094.624929182] [nurse]: Doing a_authenticate_nurse
trials-all-1  | [environment-3] [INFO] [1698528094.637233540] [environment]: Action: a_approach_arm
trials-all-1  | [robot-6] [INFO] [1698528094.649435879] [robot]: Receiving sync message. a_authenticate_nurse,robot1,nurse1
trials-all-1  | [robot-6] [INFO] [1698528094.659513810] [robot]: not ready
trials-all-1  | [nurse-4] [INFO] [1698528094.673113417] [nurse]: not ready
trials-all-1  | [nurse-4] [INFO] [1698528094.677626282] [nurse]: Action result: False
trials-all-1  | [nurse-4] [INFO] [1698528094.681671057] [nurse]: Action: a_authenticate_nurse
trials-all-1  | [nurse-4] [INFO] [1698528094.685946876] [nurse]: Doing a_authenticate_nurse
trials-all-1  | [robot-6] [INFO] [1698528094.698312246] [robot]: Receiving sync message. a_authenticate_nurse,robot1,nurse1
trials-all-1  | [robot-6] [INFO] [1698528094.709574404] [robot]: not ready
trials-all-1  | [nurse-4] [INFO] [1698528094.723617096] [nurse]: not ready
trials-all-1  | [nurse-4] [INFO] [1698528094.731045519] [nurse]: Action result: False
trials-all-1  | [nurse-4] [INFO] [1698528094.735999469] [nurse]: Action: a_authenticate_nurse
trials-all-1  | [nurse-4] [INFO] [1698528094.741784577] [nurse]: Doing a_authenticate_nurse
trials-all-1  | [robot-6] [INFO] [1698528094.754228962] [robot]: Receiving sync message. a_authenticate_nurse,robot1,nurse1
trials-all-1  | [robot-6] [INFO] [1698528094.760154098] [robot]: not ready
trials-all-1  | [nurse-4] [INFO] [1698528094.770855149] [nurse]: not ready
trials-all-1  | [nurse-4] [INFO] [1698528094.775681074] [nurse]: Action result: False
trials-all-1  | [nurse-4] [INFO] [1698528094.780473992] [nurse]: Action: a_authenticate_nurse
trials-all-1  | [nurse-4] [INFO] [1698528094.785367930] [nurse]: Doing a_authenticate_nurse
trials-all-1  | [environment-3] [INFO] [1698528094.787603359] [environment]: Responding
trials-all-1  | [robot-6] [INFO] [1698528094.799364613] [robot]: Receiving sync message. a_authenticate_nurse,robot1,nurse1
trials-all-1  | [environment-3] [INFO] [1698528094.803781459] [environment]: Receiving message: a_approach_nurse,robot1
trials-all-1  | [robot-6] [INFO] [1698528094.804864667] [robot]: not ready
trials-all-1  | [arm-1] [INFO] [1698528094.805958876] [arm]: success
trials-all-1  | [arm-1] [INFO] [1698528094.812033041] [arm]: Action result: True
trials-all-1  | [arm-1] [INFO] [1698528094.816382874] [arm]: Action: a_pick_up_sample
trials-all-1  | [environment-3] [INFO] [1698528094.808871435] [environment]: Action: a_approach_nurse
trials-all-1  | [nurse-4] [INFO] [1698528094.812944215] [nurse]: not ready
trials-all-1  | [nurse-4] [INFO] [1698528094.817635114] [nurse]: Action result: False
trials-all-1  | [nurse-4] [INFO] [1698528094.826197755] [nurse]: Action: a_authenticate_nurse
trials-all-1  | [arm-1] [INFO] [1698528094.828972287] [arm]: Doing a_pick_up_sample
trials-all-1  | [environment-3] [INFO] [1698528094.830153513] [environment]: Responding
trials-all-1  | [nurse-4] [INFO] [1698528094.835821600] [nurse]: Doing a_authenticate_nurse
trials-all-1  | [robot-6] [INFO] [1698528094.840880569] [robot]: Receiving sync message. a_pick_up_sample,arm1,robot1
trials-all-1  | [robot-6] [INFO] [1698528094.845417439] [robot]: not ready
trials-all-1  | [arm-1] [INFO] [1698528094.853582003] [arm]: not ready
trials-all-1  | [environment-3] [INFO] [1698528094.861719563] [environment]: Receiving message: monitor
trials-all-1  | [robot-6] [INFO] [1698528094.863408887] [robot]: Receiving sync message. a_authenticate_nurse,robot1,nurse1
trials-all-1  | [arm-1] [INFO] [1698528094.869682089] [arm]: Action result: False
trials-all-1  | [arm-1] [INFO] [1698528094.874119940] [arm]: Action: a_pick_up_sample
trials-all-1  | [arm-1] [INFO] [1698528094.882319511] [arm]: Doing a_pick_up_sample
trials-all-1  | [robot-6] [INFO] [1698528094.877657617] [robot]: not ready
trials-all-1  | [environment-3] [INFO] [1698528094.881270310] [environment]: Action: monitor
trials-all-1  | [nurse-4] [INFO] [1698528094.886352284] [nurse]: not ready
trials-all-1  | [robot-6] [INFO] [1698528094.889840952] [robot]: success
trials-all-1  | [coordinator-2] [INFO] [1698528094.891685306] [coordinator]: Found a problem
trials-all-1  | [robot-6] [INFO] [1698528094.894238795] [robot]: Action result: True
trials-all-1  | [nurse-4] [INFO] [1698528094.898556623] [nurse]: Action result: False
trials-all-1  | [coordinator-2] [INFO] [1698528094.902100302] [coordinator]: Receiving sync message: action_complete,a_approach_nurse
trials-all-1  | [robot-6] [INFO] [1698528094.909758770] [robot]: Receiving sync message. a_pick_up_sample,arm1,robot1
trials-all-1  | [nurse-4] [INFO] [1698528094.910324878] [nurse]: Action: a_authenticate_nurse
trials-all-1  | [robot-6] [INFO] [1698528094.914077597] [robot]: not ready
trials-all-1  | [coordinator-2] [INFO] [1698528094.918427431] [coordinator]: action_complete
trials-all-1  | [arm-1] [INFO] [1698528094.922354184] [arm]: not ready
trials-all-1  | [environment-3] [INFO] [1698528094.924146527] [environment]: Receiving message: monitor
trials-all-1  | [arm-1] [INFO] [1698528094.926674011] [arm]: Action result: False
trials-all-1  | [nurse-4] [INFO] [1698528094.928481358] [nurse]: Doing a_authenticate_nurse
trials-all-1  | [environment-3] [INFO] [1698528094.932722171] [environment]: Action: monitor
trials-all-1  | [coordinator-2] [INFO] [1698528094.934034422] [coordinator]: plans_actions_current 2 of 11
trials-all-1  | [arm-1] [INFO] [1698528094.937449077] [arm]: Action: a_pick_up_sample
trials-all-1  | [robot-6] [INFO] [1698528094.946780865] [robot]: Receiving sync message. a_authenticate_nurse,robot1,nurse1
trials-all-1  | [arm-1] [INFO] [1698528094.952493960] [arm]: Doing a_pick_up_sample
trials-all-1  | [coordinator-2] [INFO] [1698528094.956837792] [coordinator]: Found a problem
trials-all-1  | [robot-6] [INFO] [1698528094.957159854] [robot]: not ready
trials-all-1  | [robot-6] [INFO] [1698528094.970480407] [robot]: Receiving sync message. a_pick_up_sample,arm1,robot1
trials-all-1  | [nurse-4] [INFO] [1698528094.975176307] [nurse]: not ready
trials-all-1  | [environment-3] [INFO] [1698528094.975253322] [environment]: Receiving message: monitor
trials-all-1  | [robot-6] [INFO] [1698528094.976396541] [robot]: not ready
trials-all-1  | [environment-3] [INFO] [1698528094.981022427] [environment]: Action: monitor
trials-all-1  | [arm-1] [INFO] [1698528094.988364835] [arm]: not ready
trials-all-1  | [nurse-4] [INFO] [1698528094.990203187] [nurse]: Action result: False
trials-all-1  | [coordinator-2] [INFO] [1698528094.992009533] [coordinator]: Found a problem
trials-all-1  | [nurse-4] [INFO] [1698528094.995684237] [nurse]: Action: a_authenticate_nurse
trials-all-1  | [arm-1] [INFO] [1698528094.997317550] [arm]: Action result: False
trials-all-1  | [nurse-4] [INFO] [1698528095.002710584] [nurse]: Doing a_authenticate_nurse
trials-all-1  | [robot-6] [INFO] [1698528095.007783551] [robot]: Action: a_authenticate_nurse
trials-all-1  | [robot-6] [INFO] [1698528095.013188581] [robot]: Doing a_authenticate_nurse
trials-all-1  | [environment-3] [INFO] [1698528095.015750069] [environment]: Receiving message: monitor
trials-all-1  | [arm-1] [INFO] [1698528095.015761072] [arm]: Action: a_pick_up_sample
trials-all-1  | [environment-3] [INFO] [1698528095.020571988] [environment]: Action: monitor
trials-all-1  | [arm-1] [INFO] [1698528095.021510167] [arm]: Doing a_pick_up_sample
trials-all-1  | [robot-6] [INFO] [1698528095.030834944] [robot]: Receiving sync message. a_authenticate_nurse,robot1,nurse1
trials-all-1  | [coordinator-2] [INFO] [1698528095.030991974] [coordinator]: Found a problem
trials-all-1  | [robot-6] [INFO] [1698528095.034316607] [robot]: Action result: True
trials-all-1  | [robot-6] [INFO] [1698528095.040259740] [robot]: Authenticate nurse
trials-all-1  | [coordinator-2] [INFO] [1698528095.045539746] [coordinator]: Receiving sync message: action_complete,a_authenticate_nurse
trials-all-1  | [coordinator-2] [INFO] [1698528095.050589708] [coordinator]: action_complete
trials-all-1  | [robot-6] [INFO] [1698528095.053126192] [robot]: Receiving sync message. a_pick_up_sample,arm1,robot1
trials-all-1  | [nurse-4] [INFO] [1698528095.053813323] [nurse]: success
trials-all-1  | [robot-6] [INFO] [1698528095.058453207] [robot]: not ready
trials-all-1  | [nurse-4] [INFO] [1698528095.059398387] [nurse]: Action result: True
trials-all-1  | [coordinator-2] [INFO] [1698528095.063412152] [coordinator]: plans_actions_current 3 of 11
trials-all-1  | [environment-3] [INFO] [1698528095.064043272] [environment]: Receiving message: monitor
trials-all-1  | [arm-1] [INFO] [1698528095.072107809] [arm]: not ready
trials-all-1  | [arm-1] [INFO] [1698528095.080546417] [arm]: Action result: False
trials-all-1  | [environment-3] [INFO] [1698528095.080956495] [environment]: Action: monitor
trials-all-1  | [robot-6] [INFO] [1698528095.088766984] [robot]: Action: a_open_drawer
trials-all-1  | [coordinator-2] [INFO] [1698528095.095227215] [coordinator]: Found a problem
trials-all-1  | [robot-6] [INFO] [1698528095.095448257] [robot]: Doing a_open_drawer
trials-all-1  | [nurse-4] [INFO] [1698528095.101359383] [nurse]: Action: a_deposit
trials-all-1  | [arm-1] [INFO] [1698528095.105190113] [arm]: Action: a_pick_up_sample
trials-all-1  | [robot-6] [INFO] [1698528095.105931254] [robot]: success
trials-all-1  | [environment-3] [INFO] [1698528095.112488504] [environment]: Receiving message: monitor
trials-all-1  | [robot-6] [INFO] [1698528095.113400678] [robot]: Action result: True
trials-all-1  | [coordinator-2] [INFO] [1698528095.123777655] [coordinator]: Receiving sync message: action_complete,a_open_drawer
trials-all-1  | [nurse-4] [INFO] [1698528095.123907680] [nurse]: Doing a_deposit
trials-all-1  | [arm-1] [INFO] [1698528095.127884438] [arm]: Doing a_pick_up_sample
trials-all-1  | [robot-6] [INFO] [1698528095.139095574] [robot]: Receiving sync message. a_pick_up_sample,arm1,robot1
trials-all-1  | [coordinator-2] [INFO] [1698528095.140164778] [coordinator]: action_complete
trials-all-1  | [robot-6] [INFO] [1698528095.145324761] [robot]: not ready
trials-all-1  | [coordinator-2] [INFO] [1698528095.145530800] [coordinator]: plans_actions_current 4 of 11
trials-all-1  | [arm-1] [INFO] [1698528095.166726840] [arm]: not ready
trials-all-1  | [robot-6] [INFO] [1698528095.170305522] [robot]: Receiving sync message. a_deposit,nurse1,robot1
trials-all-1  | [arm-1] [INFO] [1698528095.173063047] [arm]: Action result: False
trials-all-1  | [environment-3] [INFO] [1698528095.175902588] [environment]: Action: monitor
trials-all-1  | [robot-6] [INFO] [1698528095.176821763] [robot]: not ready
trials-all-1  | [arm-1] [INFO] [1698528095.183476031] [arm]: Action: a_pick_up_sample
trials-all-1  | [arm-1] [INFO] [1698528095.189366154] [arm]: Doing a_pick_up_sample
trials-all-1  | [coordinator-2] [INFO] [1698528095.189496178] [coordinator]: Found a problem
trials-all-1  | [nurse-4] [INFO] [1698528095.194484129] [nurse]: not ready
trials-all-1  | [environment-3] [INFO] [1698528095.199410068] [environment]: Receiving message: monitor
trials-all-1  | [nurse-4] [INFO] [1698528095.208580815] [nurse]: Action result: False
trials-all-1  | [environment-3] [INFO] [1698528095.218458698] [environment]: Action: monitor
trials-all-1  | [nurse-4] [INFO] [1698528095.218560717] [nurse]: Action: a_deposit
trials-all-1  | [robot-6] [INFO] [1698528095.227668453] [robot]: Receiving sync message. a_pick_up_sample,arm1,robot1
trials-all-1  | [nurse-4] [INFO] [1698528095.229932884] [nurse]: Doing a_deposit
trials-all-1  | [coordinator-2] [INFO] [1698528095.230004898] [coordinator]: Found a problem
trials-all-1  | [robot-6] [INFO] [1698528095.235043858] [robot]: not ready
trials-all-1  | [arm-1] [INFO] [1698528095.247397212] [arm]: not ready
trials-all-1  | [environment-3] [INFO] [1698528095.255071675] [environment]: Receiving message: monitor
trials-all-1  | [arm-1] [INFO] [1698528095.255123684] [arm]: Action result: False
trials-all-1  | [environment-3] [INFO] [1698528095.261923980] [environment]: Action: monitor
trials-all-1  | [robot-6] [INFO] [1698528095.265643689] [robot]: Action: a_deposit
trials-all-1  | [coordinator-2] [INFO] [1698528095.274930459] [coordinator]: Found a problem
trials-all-1  | [arm-1] [INFO] [1698528095.275240518] [arm]: Action: a_pick_up_sample
trials-all-1  | [robot-6] [INFO] [1698528095.282103826] [robot]: Doing a_deposit
trials-all-1  | [arm-1] [INFO] [1698528095.283828154] [arm]: Doing a_pick_up_sample
trials-all-1  | [environment-3] [INFO] [1698528095.288312009] [environment]: Receiving message: monitor
trials-all-1  | [environment-3] [INFO] [1698528095.292580822] [environment]: Action: monitor
trials-all-1  | [robot-6] [INFO] [1698528095.290068344] [robot]: Receiving sync message. a_deposit,nurse1,robot1
trials-all-1  | [robot-6] [INFO] [1698528095.301064439] [robot]: wating for nurse1 to deposit in robot1
trials-all-1  | [coordinator-2] [INFO] [1698528095.306007381] [coordinator]: Found a problem
trials-all-1  | [robot-6] [INFO] [1698528095.308650885] [robot]: Action result: False
trials-all-1  | [robot-6] [INFO] [1698528095.311437416] [robot]: Deposit
trials-all-1  | [nurse-4] [INFO] [1698528095.324946990] [nurse]: success
trials-all-1  | [environment-3] [INFO] [1698528095.325491094] [environment]: Receiving message: monitor
trials-all-1  | [robot-6] [INFO] [1698528095.327169413] [robot]: Action: a_deposit
trials-all-1  | [environment-3] [INFO] [1698528095.330335017] [environment]: Action: monitor
trials-all-1  | [nurse-4] [INFO] [1698528095.330843114] [nurse]: Action result: True
trials-all-1  | [robot-6] [INFO] [1698528095.338658603] [robot]: Receiving sync message. a_pick_up_sample,arm1,robot1
trials-all-1  | [robot-6] [INFO] [1698528095.342563347] [robot]: Doing a_deposit
trials-all-1  | [nurse-4] [INFO] [1698528095.345065824] [nurse]: Action: a_open_door
trials-all-1  | [coordinator-2] [INFO] [1698528095.346112023] [coordinator]: Found a problem
trials-all-1  | [robot-6] [INFO] [1698528095.351278008] [robot]: not ready
trials-all-1  | [robot-6] [INFO] [1698528095.360696802] [robot]: Action result: True
trials-all-1  | [arm-1] [INFO] [1698528095.365386696] [arm]: not ready
trials-all-1  | [coordinator-2] [INFO] [1698528095.369318445] [coordinator]: Receiving sync message: action_complete,a_deposit
trials-all-1  | [arm-1] [INFO] [1698528095.373381220] [arm]: Action result: False
trials-all-1  | [coordinator-2] [INFO] [1698528095.374274390] [coordinator]: action_complete
trials-all-1  | [nurse-4] [INFO] [1698528095.377829067] [nurse]: Doing a_open_door
trials-all-1  | [environment-3] [INFO] [1698528095.383230096] [environment]: Receiving message: monitor
trials-all-1  | [arm-1] [INFO] [1698528095.383322114] [arm]: Action: a_pick_up_sample
trials-all-1  | [environment-3] [INFO] [1698528095.388154035] [environment]: Action: monitor
trials-all-1  | [arm-1] [INFO] [1698528095.389519295] [arm]: Doing a_pick_up_sample
trials-all-1  | [coordinator-2] [INFO] [1698528095.392735908] [coordinator]: plans_actions_current 5 of 11
trials-all-1  | [robot-6] [INFO] [1698528095.403470954] [robot]: Receiving sync message. a_pick_up_sample,arm1,robot1
trials-all-1  | [robot-6] [INFO] [1698528095.410548302] [robot]: not ready
trials-all-1  | [coordinator-2] [INFO] [1698528095.414181995] [coordinator]: Found a problem
trials-all-1  | [arm-1] [INFO] [1698528095.427925614] [arm]: not ready
trials-all-1  | [arm-1] [INFO] [1698528095.435846123] [arm]: Action result: False
trials-all-1  | [environment-3] [INFO] [1698528095.436113174] [environment]: Receiving message: a_open_door,nurse1,Room3
trials-all-1  | [robot-6] [INFO] [1698528095.441000105] [robot]: Action: a_close_drawer
trials-all-1  | [robot-6] [INFO] [1698528095.448617557] [robot]: Doing a_close_drawer
trials-all-1  | [arm-1] [INFO] [1698528095.456466052] [arm]: Action: a_pick_up_sample
trials-all-1  | [robot-6] [INFO] [1698528095.458883513] [robot]: success
trials-all-1  | [robot-6] [INFO] [1698528095.464850650] [robot]: Action result: True
trials-all-1  | [arm-1] [INFO] [1698528095.465110700] [arm]: Doing a_pick_up_sample
trials-all-1  | [coordinator-2] [INFO] [1698528095.473635324] [coordinator]: Receiving sync message: action_complete,a_close_drawer
trials-all-1  | [robot-6] [INFO] [1698528095.473916378] [robot]: Receiving sync message. a_pick_up_sample,arm1,robot1
trials-all-1  | [coordinator-2] [INFO] [1698528095.478982343] [coordinator]: action_complete
trials-all-1  | [robot-6] [INFO] [1698528095.478982343] [robot]: not ready
trials-all-1  | [coordinator-2] [INFO] [1698528095.491924809] [coordinator]: plans_actions_current 6 of 11
trials-all-1  | [environment-3] [INFO] [1698528095.493700148] [environment]: Action: a_open_door
trials-all-1  | [arm-1] [INFO] [1698528095.494955387] [arm]: not ready
trials-all-1  | [robot-6] [INFO] [1698528095.504598224] [robot]: Action: a_navto
trials-all-1  | [arm-1] [INFO] [1698528095.506728630] [arm]: Action result: False
trials-all-1  | [robot-6] [INFO] [1698528095.512920810] [robot]: Doing a_navto
trials-all-1  | [arm-1] [INFO] [1698528095.521252398] [arm]: Action: a_pick_up_sample
trials-all-1  | [arm-1] [INFO] [1698528095.528891854] [arm]: Doing a_pick_up_sample
trials-all-1  | [robot-6] [INFO] [1698528095.538240635] [robot]: Receiving sync message. a_pick_up_sample,arm1,robot1
trials-all-1  | [environment-3] [INFO] [1698528095.544012735] [environment]: Responding
trials-all-1  | [robot-6] [INFO] [1698528095.544230777] [robot]: not ready
trials-all-1  | [nurse-4] [INFO] [1698528095.558192437] [nurse]: success
trials-all-1  | [arm-1] [INFO] [1698528095.569671625] [arm]: not ready
trials-all-1  | [arm-1] [INFO] [1698528095.579494497] [arm]: Action result: False
trials-all-1  | [nurse-4] [INFO] [1698528095.581062795] [nurse]: Action result: True
trials-all-1  | [environment-3] [INFO] [1698528095.582170006] [environment]: Receiving message: monitor
trials-all-1  | [arm-1] [INFO] [1698528095.589233352] [arm]: Action: a_pick_up_sample
trials-all-1  | [arm-1] [INFO] [1698528095.596801795] [arm]: Doing a_pick_up_sample
trials-all-1  | [robot-6] [INFO] [1698528095.611109521] [robot]: Receiving sync message. a_pick_up_sample,arm1,robot1
trials-all-1  | [environment-3] [INFO] [1698528095.620184250] [environment]: Action: monitor
trials-all-1  | [robot-6] [INFO] [1698528095.621097424] [robot]: not ready
trials-all-1  | [arm-1] [INFO] [1698528095.637253503] [arm]: not ready
trials-all-1  | [arm-1] [INFO] [1698528095.642021412] [arm]: Action result: False
trials-all-1  | [environment-3] [INFO] [1698528095.649220784] [environment]: Receiving message: a_navto,robot1,Room3
trials-all-1  | [arm-1] [INFO] [1698528095.652963497] [arm]: Action: a_pick_up_sample
trials-all-1  | [environment-3] [INFO] [1698528095.654506791] [environment]: Action: a_navto
trials-all-1  | [arm-1] [INFO] [1698528095.661825185] [arm]: Doing a_pick_up_sample
trials-all-1  | [environment-3] [INFO] [1698528095.670388817] [environment]: Responding
trials-all-1  | [robot-6] [INFO] [1698528095.678769414] [robot]: Receiving sync message. a_pick_up_sample,arm1,robot1
trials-all-1  | [robot-6] [INFO] [1698528095.688967358] [robot]: not ready
trials-all-1  | [environment-3] [INFO] [1698528095.697314948] [environment]: Receiving message: monitor
trials-all-1  | [arm-1] [INFO] [1698528095.707732934] [arm]: not ready
trials-all-1  | [arm-1] [INFO] [1698528095.718507987] [arm]: Action result: False
trials-all-1  | [arm-1] [INFO] [1698528095.724343099] [arm]: Action: a_pick_up_sample
trials-all-1  | [arm-1] [INFO] [1698528095.728207835] [arm]: Doing a_pick_up_sample
trials-all-1  | [environment-3] [INFO] [1698528095.749342863] [environment]: Action: monitor
trials-all-1  | [robot-6] [INFO] [1698528095.763905638] [robot]: Receiving sync message. a_pick_up_sample,arm1,robot1
trials-all-1  | [robot-6] [INFO] [1698528095.774881730] [robot]: success
trials-all-1  | [robot-6] [INFO] [1698528095.780525805] [robot]: Action result: True
trials-all-1  | [robot-6] [INFO] [1698528095.787802192] [robot]: not ready
trials-all-1  | [environment-3] [INFO] [1698528095.789831578] [environment]: Receiving message: monitor
trials-all-1  | [coordinator-2] [INFO] [1698528095.789844581] [coordinator]: Receiving sync message: action_complete,a_navto
trials-all-1  | [coordinator-2] [INFO] [1698528095.804408356] [coordinator]: action_complete
trials-all-1  | [arm-1] [INFO] [1698528095.809348297] [arm]: not ready
trials-all-1  | [environment-3] [INFO] [1698528095.810912596] [environment]: Action: monitor
trials-all-1  | [coordinator-2] [INFO] [1698528095.816415644] [coordinator]: plans_actions_current 7 of 11
trials-all-1  | [arm-1] [INFO] [1698528095.828646975] [arm]: Action result: False
trials-all-1  | [robot-6] [INFO] [1698528095.831802576] [robot]: Action: a_approach_arm
trials-all-1  | [robot-6] [INFO] [1698528095.840967323] [robot]: Doing a_approach_arm
trials-all-1  | [arm-1] [INFO] [1698528095.847322534] [arm]: Action: a_pick_up_sample
trials-all-1  | [environment-3] [INFO] [1698528095.851563342] [environment]: Receiving message: monitor
trials-all-1  | [arm-1] [INFO] [1698528095.853220658] [arm]: Doing a_pick_up_sample
trials-all-1  | [environment-3] [INFO] [1698528095.857700511] [environment]: Action: monitor
trials-all-1  | [robot-6] [INFO] [1698528095.864062724] [robot]: Receiving sync message. a_pick_up_sample,arm1,robot1
trials-all-1  | [environment-3] [INFO] [1698528095.870398931] [environment]: Receiving message: a_approach_arm,robot1,arm1
trials-all-1  | [robot-6] [INFO] [1698528095.871997236] [robot]: not ready
trials-all-1  | [arm-1] [INFO] [1698528095.881911125] [arm]: not ready
trials-all-1  | [environment-3] [INFO] [1698528095.882614259] [environment]: Action: a_approach_arm
trials-all-1  | [arm-1] [INFO] [1698528095.892186083] [arm]: Action result: False
trials-all-1  | [arm-1] [INFO] [1698528095.898748334] [arm]: Action: a_pick_up_sample
trials-all-1  | [environment-3] [INFO] [1698528095.899098400] [environment]: Responding
trials-all-1  | [robot-6] [INFO] [1698528095.911585780] [robot]: success
trials-all-1  | [robot-6] [INFO] [1698528095.917809966] [robot]: Action result: True
trials-all-1  | [environment-3] [INFO] [1698528095.923508052] [environment]: Receiving message: monitor
trials-all-1  | [coordinator-2] [INFO] [1698528095.924695278] [coordinator]: Receiving sync message: action_complete,a_approach_arm
trials-all-1  | [arm-1] [INFO] [1698528095.927611834] [arm]: Doing a_pick_up_sample
trials-all-1  | [coordinator-2] [INFO] [1698528095.929585210] [coordinator]: action_complete
trials-all-1  | [robot-6] [INFO] [1698528095.935632362] [robot]: Receiving sync message. a_pick_up_sample,arm1,robot1
trials-all-1  | [coordinator-2] [INFO] [1698528095.939112025] [coordinator]: plans_actions_current 8 of 11
trials-all-1  | [robot-6] [INFO] [1698528095.942008577] [robot]: not ready
trials-all-1  | [arm-1] [INFO] [1698528095.957716571] [arm]: not ready
trials-all-1  | [robot-6] [INFO] [1698528095.958594738] [robot]: Action: a_open_drawer
trials-all-1  | [arm-1] [INFO] [1698528095.967772487] [arm]: Action result: False
trials-all-1  | [environment-3] [INFO] [1698528095.970164943] [environment]: Action: monitor
trials-all-1  | [arm-1] [INFO] [1698528095.980465906] [arm]: Action: a_pick_up_sample
trials-all-1  | [arm-1] [INFO] [1698528095.984353646] [arm]: Doing a_pick_up_sample
trials-all-1  | [robot-6] [INFO] [1698528095.980768963] [robot]: Doing a_open_drawer
trials-all-1  | [robot-6] [INFO] [1698528095.984791730] [robot]: success
trials-all-1  | [environment-3] [INFO] [1698528095.991871079] [environment]: Receiving message: monitor
trials-all-1  | [robot-6] [INFO] [1698528096.001778967] [robot]: Receiving sync message. a_pick_up_sample,arm1,robot1
trials-all-1  | [environment-3] [INFO] [1698528096.006643890] [environment]: Action: monitor
trials-all-1  | [robot-6] [INFO] [1698528096.007416036] [robot]: Action result: True
trials-all-1  | [robot-6] [INFO] [1698528096.014784433] [robot]: not ready
trials-all-1  | [coordinator-2] [INFO] [1698528096.016252711] [coordinator]: Receiving sync message: action_complete,a_open_drawer
trials-all-1  | [coordinator-2] [INFO] [1698528096.020707555] [coordinator]: action_complete
trials-all-1  | [arm-1] [INFO] [1698528096.026334621] [arm]: not ready
trials-all-1  | [coordinator-2] [INFO] [1698528096.034026078] [coordinator]: plans_actions_current 9 of 11
trials-all-1  | [arm-1] [INFO] [1698528096.036918626] [arm]: Action result: False
trials-all-1  | [arm-1] [INFO] [1698528096.042759733] [arm]: Action: a_pick_up_sample
trials-all-1  | [arm-1] [INFO] [1698528096.048483818] [arm]: Doing a_pick_up_sample
trials-all-1  | [robot-6] [INFO] [1698528096.050804257] [robot]: Action: a_pick_up_sample
trials-all-1  | [robot-6] [INFO] [1698528096.062020383] [robot]: Receiving sync message. a_pick_up_sample,arm1,robot1
trials-all-1  | [robot-6] [INFO] [1698528096.068534617] [robot]: Doing a_pick_up_sample
trials-all-1  | [environment-3] [INFO] [1698528096.070321956] [environment]: Receiving message: monitor
trials-all-1  | [robot-6] [INFO] [1698528096.076285085] [robot]: Pick up
trials-all-1  | [environment-3] [INFO] [1698528096.078174443] [environment]: Action: monitor
trials-all-1  | [robot-6] [INFO] [1698528096.079633720] [robot]: Action result: True
trials-all-1  | [coordinator-2] [INFO] [1698528096.088386378] [coordinator]: Receiving sync message: action_complete,a_pick_up_sample
trials-all-1  | [arm-1] [INFO] [1698528096.097170043] [arm]: success
trials-all-1  | [arm-1] [INFO] [1698528096.101076783] [arm]: Action result: True
trials-all-1  | [coordinator-2] [INFO] [1698528096.105546630] [coordinator]: action_complete
trials-all-1  | [coordinator-2] [INFO] [1698528096.120994557] [coordinator]: plans_actions_current 10 of 11
trials-all-1  | [robot-6] [INFO] [1698528096.130405340] [robot]: Action: a_close_drawer
trials-all-1  | [robot-6] [INFO] [1698528096.136291455] [robot]: Doing a_close_drawer
trials-all-1  | [environment-3] [INFO] [1698528096.136448485] [environment]: Receiving message: monitor
trials-all-1  | [environment-3] [INFO] [1698528096.141417426] [environment]: Action: monitor
trials-all-1  | [robot-6] [INFO] [1698528096.153613737] [robot]: success
trials-all-1  | [environment-3] [INFO] [1698528096.159045766] [environment]: Receiving message: monitor
trials-all-1  | [robot-6] [INFO] [1698528096.174195637] [robot]: Action result: True
trials-all-1  | [environment-3] [INFO] [1698528096.180398812] [environment]: Action: monitor
trials-all-1  | [coordinator-2] [INFO] [1698528096.188284306] [coordinator]: Receiving sync message: action_complete,a_close_drawer
trials-all-1  | [coordinator-2] [INFO] [1698528096.206069676] [coordinator]: action_complete
trials-all-1  | [coordinator-2] [INFO] [1698528096.212002800] [coordinator]: plans_actions_current 11 of 11
trials-all-1  | [coordinator-2] [INFO] [1698528096.218322998] [coordinator]: The time of execution of above program is:2.8852951526641846
trials-all-1  | [coordinator-2] [INFO] [1698528096.234428049] [coordinator]: Achieved
trials-all-1  | [coordinator-2] [INFO] [1698528096.239576025] [coordinator]: ENDSIM
trials-all-1 exited with code 0
