 Network trials_ros  Creating
 Network trials_ros  Created
 Container trials-all-1  Creating
 Container trials-all-1  Created
Attaching to trials-all-1
trials-all-1  | [INFO] [launch]: All log files can be found below /root/.ros/log/2023-10-28-22-34-33-602899-6840385d6735-1
trials-all-1  | [INFO] [launch]: Default logging verbosity is set to INFO
trials-all-1  | [INFO] [arm-1]: process started with pid [52]
trials-all-1  | [INFO] [coordinator-2]: process started with pid [54]
trials-all-1  | [INFO] [environment-3]: process started with pid [56]
trials-all-1  | [INFO] [nurse-4]: process started with pid [58]
trials-all-1  | [INFO] [planner-5]: process started with pid [60]
trials-all-1  | [INFO] [robot-6]: process started with pid [62]
trials-all-1  | [arm-1] [INFO] [1698532477.335986717] [arm]: Starting Arm server
trials-all-1  | [arm-1] [INFO] [1698532477.373918100] [arm]: Arm server started
trials-all-1  | [arm-1] [INFO] [1698532477.386319225] [arm]: Starting Nurse clients
trials-all-1  | [nurse-4] [INFO] [1698532477.405225416] [nurse]: Starting Nurse server
trials-all-1  | [nurse-4] [INFO] [1698532477.459854968] [nurse]: Nurse server started
trials-all-1  | [environment-3] [INFO] [1698532477.464823018] [environment]: Starting Environment server
trials-all-1  | [nurse-4] [INFO] [1698532477.474444115] [nurse]: Starting Nurse clients
trials-all-1  | [environment-3] [INFO] [1698532477.492011293] [environment]: Environment server started
trials-all-1  | [coordinator-2] [INFO] [1698532477.504509419] [coordinator]: Starting Coordinator server
trials-all-1  | [coordinator-2] [INFO] [1698532477.541667794] [coordinator]: Coordinator server started
trials-all-1  | [coordinator-2] [INFO] [1698532477.549379872] [coordinator]: Starting Coordinator clients
trials-all-1  | [robot-6] [INFO] [1698532477.615500540] [robot]: Starting Robot server
trials-all-1  | [robot-6] [INFO] [1698532477.646412852] [robot]: Robot server started
trials-all-1  | [robot-6] [INFO] [1698532477.650554894] [robot]: Starting Robots clients
trials-all-1  | [arm-1] [INFO] [1698532477.678770179] [arm]: Nurse clients started
trials-all-1  | [robot-6] [INFO] [1698532477.703835432] [robot]: Robots clients started
trials-all-1  | [nurse-4] [INFO] [1698532477.795306356] [nurse]: Nurse clients started
trials-all-1  | [nurse-4] [INFO] [1698532477.826226669] [nurse]: Sent request
trials-all-1  | [coordinator-2] [INFO] [1698532478.575887210] [coordinator]: planner sync service not available, waiting again...
trials-all-1  | [coordinator-2] [INFO] [1698532479.589168358] [coordinator]: planner sync service not available, waiting again...
trials-all-1  | [coordinator-2] [INFO] [1698532480.602350450] [coordinator]: planner sync service not available, waiting again...
trials-all-1  | [coordinator-2] [INFO] [1698532481.617312503] [coordinator]: planner sync service not available, waiting again...
trials-all-1  | [coordinator-2] [INFO] [1698532482.630512484] [coordinator]: planner sync service not available, waiting again...
trials-all-1  | [coordinator-2] [INFO] [1698532483.643345405] [coordinator]: planner sync service not available, waiting again...
trials-all-1  | [planner-5] Matplotlib is building the font cache; this may take a moment.
trials-all-1  | [coordinator-2] [INFO] [1698532484.657889287] [coordinator]: planner sync service not available, waiting again...
trials-all-1  | [coordinator-2] [INFO] [1698532485.667130063] [coordinator]: planner sync service not available, waiting again...
trials-all-1  | [coordinator-2] [INFO] [1698532486.679815817] [coordinator]: planner sync service not available, waiting again...
trials-all-1  | [planner-5] [INFO] [1698532487.088663744] [planner]: Starting Planner server
trials-all-1  | [planner-5] [INFO] [1698532487.106171911] [planner]: Planner server started
trials-all-1  | [coordinator-2] [INFO] [1698532487.694152533] [coordinator]: planner sync service not available, waiting again...
trials-all-1  | [coordinator-2] [INFO] [1698532488.718051283] [coordinator]: planner sync service not available, waiting again...
trials-all-1  | [coordinator-2] [INFO] [1698532489.324336030] [coordinator]: Coordinator clients started
trials-all-1  | [coordinator-2] [INFO] [1698532489.432748055] [coordinator]: Receiving message of nurse1 in room3.
trials-all-1  | [coordinator-2] [INFO] [1698532489.437509100] [coordinator]: Sending response
trials-all-1  | [nurse-4] [INFO] [1698532489.447235192] [nurse]: Request response:Okay!
trials-all-1  | [coordinator-2] [INFO] [1698532489.461977331] [coordinator]: Planing
trials-all-1  | [coordinator-2] [INFO] [1698532489.466383373] [coordinator]: Creating plan for: robot1, nurse1, arm1 
trials-all-1  | [planner-5] [INFO] [1698532489.473785443] [planner]: Receiving sync message. need_plan,robot1,nurse1,arm1
trials-all-1  | [planner-5] [INFO] [1698532489.477873482] [planner]: Creating plan for: robot1 robot1 nurse1
trials-all-1  | [planner-5] [INFO] [1698532489.491576611] [planner]: a_navto,robot1,Room1
trials-all-1  | [planner-5] [INFO] [1698532489.496970662] [planner]: a_approach_nurse,robot1
trials-all-1  | [planner-5] [INFO] [1698532489.502146711] [planner]: a_authenticate_nurse,robot1,nurse1
trials-all-1  | [planner-5] [INFO] [1698532489.507507762] [planner]: a_open_drawer,robot1
trials-all-1  | [planner-5] [INFO] [1698532489.511639801] [planner]: a_deposit,nurse1,robot1
trials-all-1  | [planner-5] [INFO] [1698532489.515696839] [planner]: a_close_drawer,robot1
trials-all-1  | [planner-5] [INFO] [1698532489.519789878] [planner]: a_navto,robot1,Room3
trials-all-1  | [planner-5] [INFO] [1698532489.539073060] [planner]: a_approach_arm,robot1,arm1
trials-all-1  | [planner-5] [INFO] [1698532489.556766228] [planner]: a_open_drawer,robot1
trials-all-1  | [planner-5] [INFO] [1698532489.566036315] [planner]: a_pick_up_sample,arm1,robot1
trials-all-1  | [planner-5] [INFO] [1698532489.574841398] [planner]: a_close_drawer,robot1
trials-all-1  | [planner-5] [INFO] [1698532489.584509490] [planner]: Sending response
trials-all-1  | [coordinator-2] [INFO] [1698532489.599292630] [coordinator]: Plan received for: robot1, nurse1, arm1 
trials-all-1  | [coordinator-2] [INFO] [1698532489.608212714] [coordinator]: a_navto,robot1,Room1/a_approach_nurse,robot1/a_authenticate_nurse,robot1,nurse1/a_open_drawer,robot1/a_deposit,nurse1,robot1/a_close_drawer,robot1/a_navto,robot1,Room3/a_approach_arm,robot1,arm1/a_open_drawer,robot1/a_pick_up_sample,arm1,robot1/a_close_drawer,robot1
trials-all-1  | [coordinator-2] [INFO] [1698532489.617400801] [coordinator]: a_navto,robot1,Room1
trials-all-1  | [coordinator-2] [INFO] [1698532489.625803880] [coordinator]: a_approach_nurse,robot1
trials-all-1  | [coordinator-2] [INFO] [1698532489.635280970] [coordinator]: a_authenticate_nurse,robot1,nurse1
trials-all-1  | [coordinator-2] [INFO] [1698532489.644046053] [coordinator]: a_open_drawer,robot1
trials-all-1  | [coordinator-2] [INFO] [1698532489.653082138] [coordinator]: a_deposit,nurse1,robot1
trials-all-1  | [coordinator-2] [INFO] [1698532489.662881231] [coordinator]: a_close_drawer,robot1
trials-all-1  | [coordinator-2] [INFO] [1698532489.672368320] [coordinator]: a_navto,robot1,Room3
trials-all-1  | [coordinator-2] [INFO] [1698532489.681635408] [coordinator]: a_approach_arm,robot1,arm1
trials-all-1  | [coordinator-2] [INFO] [1698532489.690323490] [coordinator]: a_open_drawer,robot1
trials-all-1  | [coordinator-2] [INFO] [1698532489.698541568] [coordinator]: a_pick_up_sample,arm1,robot1
trials-all-1  | [coordinator-2] [INFO] [1698532489.706393642] [coordinator]: a_close_drawer,robot1
trials-all-1  | [coordinator-2] [INFO] [1698532489.714822722] [coordinator]: Sending plans
trials-all-1  | [coordinator-2] [INFO] [1698532489.730104866] [coordinator]: Plans sent
trials-all-1  | [arm-1] [INFO] [1698532489.737103932] [arm]: Receiving message.
trials-all-1  | [arm-1] [INFO] [1698532489.742825987] [arm]: Arm's actions:
trials-all-1  | [nurse-4] [INFO] [1698532489.752054074] [nurse]: Receiving message.
trials-all-1  | [arm-1] [INFO] [1698532489.771945262] [arm]: Action: a_approach_arm
trials-all-1  | [arm-1] [INFO] [1698532489.778662325] [arm]: a_approach_arm
trials-all-1  | [nurse-4] [INFO] [1698532489.784406380] [nurse]: Nurse's actions:
trials-all-1  | [nurse-4] [INFO] [1698532489.790563438] [nurse]: a_authenticate_nurse
trials-all-1  | [arm-1] [INFO] [1698532489.794808478] [arm]: Doing a_approach_arm
trials-all-1  | [nurse-4] [INFO] [1698532489.800040527] [nurse]: a_deposit
trials-all-1  | [nurse-4] [INFO] [1698532489.808498607] [nurse]: Action: a_authenticate_nurse
trials-all-1  | [environment-3] [INFO] [1698532489.813004650] [environment]: Receiving message: a_approach_arm,robot1,arm1
trials-all-1  | [nurse-4] [INFO] [1698532489.813844658] [nurse]: Doing a_authenticate_nurse
trials-all-1  | [environment-3] [INFO] [1698532489.819319710] [environment]: Action: a_approach_arm
trials-all-1  | [robot-6] [INFO] [1698532490.021326618] [robot]: Receiving message.
trials-all-1  | [environment-3] [INFO] [1698532490.041304806] [environment]: Responding
trials-all-1  | [arm-1] [INFO] [1698532490.051582903] [arm]: success
trials-all-1  | [arm-1] [INFO] [1698532490.064475024] [arm]: Action result: True
trials-all-1  | [arm-1] [INFO] [1698532490.068305060] [arm]: Action: a_pick_up_sample
trials-all-1  | [arm-1] [INFO] [1698532490.079857169] [arm]: Doing a_pick_up_sample
trials-all-1  | [robot-6] [INFO] [1698532490.241377687] [robot]: Robot's actions:
trials-all-1  | [robot-6] [INFO] [1698532490.247348743] [robot]: Action: a_navto
trials-all-1  | [robot-6] [INFO] [1698532490.251521782] [robot]: Doing a_navto
trials-all-1  | [robot-6] [INFO] [1698532490.261560877] [robot]: a_navto
trials-all-1  | [robot-6] [INFO] [1698532490.265419913] [robot]: a_authenticate_nurse
trials-all-1  | [environment-3] [INFO] [1698532490.263559896] [environment]: Receiving message: a_navto,robot1,Room1
trials-all-1  | [robot-6] [INFO] [1698532490.278002031] [robot]: a_open_drawer
trials-all-1  | [robot-6] [INFO] [1698532490.287045116] [robot]: a_deposit
trials-all-1  | [robot-6] [INFO] [1698532490.298509224] [robot]: a_close_drawer
trials-all-1  | [environment-3] [INFO] [1698532490.305253288] [environment]: Action: a_navto
trials-all-1  | [environment-3] [INFO] [1698532490.310139333] [environment]: Responding
trials-all-1  | [robot-6] [INFO] [1698532490.316364392] [robot]: a_navto
trials-all-1  | [robot-6] [INFO] [1698532490.320007426] [robot]: a_approach_arm
trials-all-1  | [robot-6] [INFO] [1698532490.324762471] [robot]: a_open_drawer
trials-all-1  | [robot-6] [INFO] [1698532490.328106502] [robot]: a_pick_up_sample
trials-all-1  | [robot-6] [INFO] [1698532490.333046549] [robot]: a_close_drawer
trials-all-1  | [robot-6] [INFO] [1698532490.340894623] [robot]: Receiving sync message. a_authenticate_nurse,robot1,nurse1
trials-all-1  | [robot-6] [INFO] [1698532490.344814659] [robot]: not ready
trials-all-1  | [robot-6] [INFO] [1698532490.351924726] [robot]: Receiving sync message. a_pick_up_sample,arm1,robot1
trials-all-1  | [robot-6] [INFO] [1698532490.355715762] [robot]: not ready
trials-all-1  | [robot-6] [INFO] [1698532490.361463816] [robot]: success
trials-all-1  | [robot-6] [INFO] [1698532490.365278852] [robot]: Action result: True
trials-all-1  | [nurse-4] [INFO] [1698532490.357982783] [nurse]: not ready
trials-all-1  | [arm-1] [INFO] [1698532490.367676874] [arm]: not ready
trials-all-1  | [coordinator-2] [INFO] [1698532490.379173982] [coordinator]: Receiving sync message: action_complete,a_navto
trials-all-1  | [nurse-4] [INFO] [1698532490.385700044] [nurse]: Action result: False
trials-all-1  | [coordinator-2] [INFO] [1698532490.391706100] [coordinator]: action_complete
trials-all-1  | [arm-1] [INFO] [1698532490.392068104] [arm]: Action result: False
trials-all-1  | [arm-1] [INFO] [1698532490.396192142] [arm]: Action: a_pick_up_sample
trials-all-1  | [nurse-4] [INFO] [1698532490.393674119] [nurse]: Action: a_authenticate_nurse
trials-all-1  | [nurse-4] [INFO] [1698532490.397786157] [nurse]: Doing a_authenticate_nurse
trials-all-1  | [arm-1] [INFO] [1698532490.399928177] [arm]: Doing a_pick_up_sample
trials-all-1  | [robot-6] [INFO] [1698532490.409334266] [robot]: Receiving sync message. a_authenticate_nurse,robot1,nurse1
trials-all-1  | [robot-6] [INFO] [1698532490.416007329] [robot]: not ready
trials-all-1  | [robot-6] [INFO] [1698532490.423469399] [robot]: Receiving sync message. a_pick_up_sample,arm1,robot1
trials-all-1  | [robot-6] [INFO] [1698532490.429845459] [robot]: not ready
trials-all-1  | [nurse-4] [INFO] [1698532490.427679438] [nurse]: not ready
trials-all-1  | [coordinator-2] [INFO] [1698532490.430755467] [coordinator]: plans_actions_current 1 of 11
trials-all-1  | [nurse-4] [INFO] [1698532490.437246528] [nurse]: Action result: False
trials-all-1  | [arm-1] [INFO] [1698532490.443446587] [arm]: not ready
trials-all-1  | [nurse-4] [INFO] [1698532490.444695598] [nurse]: Action: a_authenticate_nurse
trials-all-1  | [arm-1] [INFO] [1698532490.450352651] [arm]: Action result: False
trials-all-1  | [arm-1] [INFO] [1698532490.454497690] [arm]: Action: a_pick_up_sample
trials-all-1  | [arm-1] [INFO] [1698532490.458757730] [arm]: Doing a_pick_up_sample
trials-all-1  | [robot-6] [INFO] [1698532490.452917676] [robot]: Action: a_approach_nurse
trials-all-1  | [robot-6] [INFO] [1698532490.456342708] [robot]: Doing a_approach_nurse
trials-all-1  | [nurse-4] [INFO] [1698532490.466518803] [nurse]: Doing a_authenticate_nurse
trials-all-1  | [robot-6] [INFO] [1698532490.466702805] [robot]: Receiving sync message. a_pick_up_sample,arm1,robot1
trials-all-1  | [robot-6] [INFO] [1698532490.470480841] [robot]: not ready
trials-all-1  | [environment-3] [INFO] [1698532490.469825835] [environment]: Receiving message: a_approach_nurse,robot1
trials-all-1  | [environment-3] [INFO] [1698532490.475451887] [environment]: Action: a_approach_nurse
trials-all-1  | [robot-6] [INFO] [1698532490.482291952] [robot]: Receiving sync message. a_authenticate_nurse,robot1,nurse1
trials-all-1  | [robot-6] [INFO] [1698532490.485922986] [robot]: not ready
trials-all-1  | [arm-1] [INFO] [1698532490.482878957] [arm]: not ready
trials-all-1  | [arm-1] [INFO] [1698532490.486802994] [arm]: Action result: False
trials-all-1  | [environment-3] [INFO] [1698532490.499890117] [environment]: Responding
trials-all-1  | [arm-1] [INFO] [1698532490.503113147] [arm]: Action: a_pick_up_sample
trials-all-1  | [nurse-4] [INFO] [1698532490.503903155] [nurse]: not ready
trials-all-1  | [nurse-4] [INFO] [1698532490.509910211] [nurse]: Action result: False
trials-all-1  | [nurse-4] [INFO] [1698532490.520575312] [nurse]: Action: a_authenticate_nurse
trials-all-1  | [nurse-4] [INFO] [1698532490.524481348] [nurse]: Doing a_authenticate_nurse
trials-all-1  | [robot-6] [INFO] [1698532490.510383216] [robot]: success
trials-all-1  | [robot-6] [INFO] [1698532490.514966259] [robot]: Action result: True
trials-all-1  | [robot-6] [INFO] [1698532490.523451339] [robot]: Receiving sync message. a_pick_up_sample,arm1,robot1
trials-all-1  | [robot-6] [INFO] [1698532490.527664378] [robot]: not ready
trials-all-1  | [arm-1] [INFO] [1698532490.511563227] [arm]: Doing a_pick_up_sample
trials-all-1  | [coordinator-2] [INFO] [1698532490.532025419] [coordinator]: Receiving sync message: action_complete,a_approach_nurse
trials-all-1  | [coordinator-2] [INFO] [1698532490.537720473] [coordinator]: action_complete
trials-all-1  | [robot-6] [INFO] [1698532490.551037598] [robot]: Receiving sync message. a_authenticate_nurse,robot1,nurse1
trials-all-1  | [arm-1] [INFO] [1698532490.552648613] [arm]: not ready
trials-all-1  | [coordinator-2] [INFO] [1698532490.557005654] [coordinator]: plans_actions_current 2 of 11
trials-all-1  | [robot-6] [INFO] [1698532490.561331695] [robot]: not ready
trials-all-1  | [arm-1] [INFO] [1698532490.561705698] [arm]: Action result: False
trials-all-1  | [nurse-4] [INFO] [1698532490.578748858] [nurse]: not ready
trials-all-1  | [nurse-4] [INFO] [1698532490.582673895] [nurse]: Action result: False
trials-all-1  | [robot-6] [INFO] [1698532490.579113862] [robot]: Action: a_authenticate_nurse
trials-all-1  | [robot-6] [INFO] [1698532490.583290901] [robot]: Doing a_authenticate_nurse
trials-all-1  | [arm-1] [INFO] [1698532490.585741924] [arm]: Action: a_pick_up_sample
trials-all-1  | [robot-6] [INFO] [1698532490.594120003] [robot]: wating for nurse1 to authenticate to robot1
trials-all-1  | [robot-6] [INFO] [1698532490.599682055] [robot]: Action result: False
trials-all-1  | [arm-1] [INFO] [1698532490.597644036] [arm]: Doing a_pick_up_sample
trials-all-1  | [nurse-4] [INFO] [1698532490.600024058] [nurse]: Action: a_authenticate_nurse
trials-all-1  | [nurse-4] [INFO] [1698532490.610964161] [nurse]: Doing a_authenticate_nurse
trials-all-1  | [robot-6] [INFO] [1698532490.619939246] [robot]: Receiving sync message. a_pick_up_sample,arm1,robot1
trials-all-1  | [robot-6] [INFO] [1698532490.626343306] [robot]: not ready
trials-all-1  | [robot-6] [INFO] [1698532490.630789348] [robot]: Action: a_authenticate_nurse
trials-all-1  | [robot-6] [INFO] [1698532490.635152389] [robot]: Doing a_authenticate_nurse
trials-all-1  | [robot-6] [INFO] [1698532490.639329428] [robot]: wating for nurse1 to authenticate to robot1
trials-all-1  | [robot-6] [INFO] [1698532490.642704460] [robot]: Action result: False
trials-all-1  | [arm-1] [INFO] [1698532490.635780395] [arm]: not ready
trials-all-1  | [arm-1] [INFO] [1698532490.639684431] [arm]: Action result: False
trials-all-1  | [arm-1] [INFO] [1698532490.643119464] [arm]: Action: a_pick_up_sample
trials-all-1  | [robot-6] [INFO] [1698532490.653838564] [robot]: Receiving sync message. a_authenticate_nurse,robot1,nurse1
trials-all-1  | [arm-1] [INFO] [1698532490.654721573] [arm]: Doing a_pick_up_sample
trials-all-1  | [robot-6] [INFO] [1698532490.660263625] [robot]: Authenticate nurse
trials-all-1  | [robot-6] [INFO] [1698532490.665265672] [robot]: Action: a_authenticate_nurse
trials-all-1  | [robot-6] [INFO] [1698532490.669363710] [robot]: Doing a_authenticate_nurse
trials-all-1  | [robot-6] [INFO] [1698532490.672824743] [robot]: Action result: True
trials-all-1  | [nurse-4] [INFO] [1698532490.670404720] [nurse]: success
trials-all-1  | [nurse-4] [INFO] [1698532490.674296757] [nurse]: Action result: True
trials-all-1  | [robot-6] [INFO] [1698532490.679767808] [robot]: Receiving sync message. a_pick_up_sample,arm1,robot1
trials-all-1  | [robot-6] [INFO] [1698532490.685884866] [robot]: not ready
trials-all-1  | [nurse-4] [INFO] [1698532490.685201859] [nurse]: Action: a_deposit
trials-all-1  | [coordinator-2] [INFO] [1698532490.685967866] [coordinator]: Receiving sync message: action_complete,a_authenticate_nurse
trials-all-1  | [coordinator-2] [INFO] [1698532490.693732939] [coordinator]: action_complete
trials-all-1  | [arm-1] [INFO] [1698532490.704932045] [arm]: not ready
trials-all-1  | [coordinator-2] [INFO] [1698532490.709300086] [coordinator]: plans_actions_current 3 of 11
trials-all-1  | [nurse-4] [INFO] [1698532490.713857129] [nurse]: Doing a_deposit
trials-all-1  | [arm-1] [INFO] [1698532490.716474153] [arm]: Action result: False
trials-all-1  | [arm-1] [INFO] [1698532490.720602192] [arm]: Action: a_pick_up_sample
trials-all-1  | [arm-1] [INFO] [1698532490.723978224] [arm]: Doing a_pick_up_sample
trials-all-1  | [robot-6] [INFO] [1698532490.718240170] [robot]: Action: a_open_drawer
trials-all-1  | [robot-6] [INFO] [1698532490.722121206] [robot]: Doing a_open_drawer
trials-all-1  | [robot-6] [INFO] [1698532490.729575276] [robot]: success
trials-all-1  | [robot-6] [INFO] [1698532490.744402416] [robot]: Receiving sync message. a_deposit,nurse1,robot1
trials-all-1  | [robot-6] [INFO] [1698532490.751175479] [robot]: Action result: True
trials-all-1  | [coordinator-2] [INFO] [1698532490.765481614] [coordinator]: Receiving sync message: action_complete,a_open_drawer
trials-all-1  | [coordinator-2] [INFO] [1698532490.770511661] [coordinator]: action_complete
trials-all-1  | [robot-6] [INFO] [1698532490.773198686] [robot]: not ready
trials-all-1  | [robot-6] [INFO] [1698532490.783721785] [robot]: Receiving sync message. a_pick_up_sample,arm1,robot1
trials-all-1  | [nurse-4] [INFO] [1698532490.782070770] [nurse]: not ready
trials-all-1  | [nurse-4] [INFO] [1698532490.785872805] [nurse]: Action result: False
trials-all-1  | [nurse-4] [INFO] [1698532490.793567878] [nurse]: Action: a_deposit
trials-all-1  | [robot-6] [INFO] [1698532490.797897919] [robot]: not ready
trials-all-1  | [arm-1] [INFO] [1698532490.812925060] [arm]: not ready
trials-all-1  | [arm-1] [INFO] [1698532490.822425149] [arm]: Action result: False
trials-all-1  | [nurse-4] [INFO] [1698532490.823813162] [nurse]: Doing a_deposit
trials-all-1  | [coordinator-2] [INFO] [1698532490.828969211] [coordinator]: plans_actions_current 4 of 11
trials-all-1  | [arm-1] [INFO] [1698532490.829253213] [arm]: Action: a_pick_up_sample
trials-all-1  | [robot-6] [INFO] [1698532490.835920276] [robot]: Receiving sync message. a_deposit,nurse1,robot1
trials-all-1  | [arm-1] [INFO] [1698532490.837356289] [arm]: Doing a_pick_up_sample
trials-all-1  | [robot-6] [INFO] [1698532490.853860445] [robot]: not ready
trials-all-1  | [robot-6] [INFO] [1698532490.865336552] [robot]: Receiving sync message. a_pick_up_sample,arm1,robot1
trials-all-1  | [nurse-4] [INFO] [1698532490.869281590] [nurse]: not ready
trials-all-1  | [robot-6] [INFO] [1698532490.869928596] [robot]: not ready
trials-all-1  | [nurse-4] [INFO] [1698532490.879548686] [nurse]: Action result: False
trials-all-1  | [robot-6] [INFO] [1698532490.894410826] [robot]: Action: a_deposit
trials-all-1  | [arm-1] [INFO] [1698532490.899575874] [arm]: not ready
trials-all-1  | [arm-1] [INFO] [1698532490.913007001] [arm]: Action result: False
trials-all-1  | [robot-6] [INFO] [1698532490.916110030] [robot]: Doing a_deposit
trials-all-1  | [nurse-4] [INFO] [1698532490.923929103] [nurse]: Action: a_deposit
trials-all-1  | [robot-6] [INFO] [1698532490.932084180] [robot]: wating for nurse1 to deposit in robot1
trials-all-1  | [arm-1] [INFO] [1698532490.934138199] [arm]: Action: a_pick_up_sample
trials-all-1  | [nurse-4] [INFO] [1698532490.937307229] [nurse]: Doing a_deposit
trials-all-1  | [arm-1] [INFO] [1698532490.947638326] [arm]: Doing a_pick_up_sample
trials-all-1  | [robot-6] [INFO] [1698532490.952721374] [robot]: Action result: False
trials-all-1  | [robot-6] [INFO] [1698532490.958653430] [robot]: Action: a_deposit
trials-all-1  | [robot-6] [INFO] [1698532490.961502456] [robot]: Receiving sync message. a_deposit,nurse1,robot1
trials-all-1  | [robot-6] [INFO] [1698532490.967038509] [robot]: Deposit
trials-all-1  | [robot-6] [INFO] [1698532490.977085603] [robot]: Receiving sync message. a_pick_up_sample,arm1,robot1
trials-all-1  | [nurse-4] [INFO] [1698532490.978394615] [nurse]: success
trials-all-1  | [robot-6] [INFO] [1698532490.981282642] [robot]: not ready
trials-all-1  | [nurse-4] [INFO] [1698532490.984122669] [nurse]: Action result: True
trials-all-1  | [arm-1] [INFO] [1698532490.989481719] [arm]: not ready
trials-all-1  | [arm-1] [INFO] [1698532490.993946761] [arm]: Action result: False
trials-all-1  | [robot-6] [INFO] [1698532491.001852836] [robot]: Doing a_deposit
trials-all-1  | [robot-6] [INFO] [1698532491.006304878] [robot]: Action result: True
trials-all-1  | [arm-1] [INFO] [1698532491.010919921] [arm]: Action: a_pick_up_sample
trials-all-1  | [arm-1] [INFO] [1698532491.015672965] [arm]: Doing a_pick_up_sample
trials-all-1  | [coordinator-2] [INFO] [1698532491.020894014] [coordinator]: Receiving sync message: action_complete,a_deposit
trials-all-1  | [robot-6] [INFO] [1698532491.022296027] [robot]: Receiving sync message. a_pick_up_sample,arm1,robot1
trials-all-1  | [robot-6] [INFO] [1698532491.027228073] [robot]: not ready
trials-all-1  | [arm-1] [INFO] [1698532491.035966155] [arm]: not ready
trials-all-1  | [coordinator-2] [INFO] [1698532491.038321177] [coordinator]: action_complete
trials-all-1  | [arm-1] [INFO] [1698532491.041005202] [arm]: Action result: False
trials-all-1  | [arm-1] [INFO] [1698532491.045631245] [arm]: Action: a_pick_up_sample
trials-all-1  | [coordinator-2] [INFO] [1698532491.049305279] [coordinator]: plans_actions_current 5 of 11
trials-all-1  | [arm-1] [INFO] [1698532491.049846285] [arm]: Doing a_pick_up_sample
trials-all-1  | [robot-6] [INFO] [1698532491.055823340] [robot]: Receiving sync message. a_pick_up_sample,arm1,robot1
trials-all-1  | [robot-6] [INFO] [1698532491.067307448] [robot]: not ready
trials-all-1  | [arm-1] [INFO] [1698532491.075065520] [arm]: not ready
trials-all-1  | [robot-6] [INFO] [1698532491.083079595] [robot]: Action: a_close_drawer
trials-all-1  | [arm-1] [INFO] [1698532491.089770658] [arm]: Action result: False
trials-all-1  | [robot-6] [INFO] [1698532491.095444711] [robot]: Doing a_close_drawer
trials-all-1  | [arm-1] [INFO] [1698532491.101345766] [arm]: Action: a_pick_up_sample
trials-all-1  | [robot-6] [INFO] [1698532491.106861817] [robot]: success
trials-all-1  | [arm-1] [INFO] [1698532491.113434879] [arm]: Doing a_pick_up_sample
trials-all-1  | [robot-6] [INFO] [1698532491.116186905] [robot]: Action result: True
trials-all-1  | [robot-6] [INFO] [1698532491.127362009] [robot]: Receiving sync message. a_pick_up_sample,arm1,robot1
trials-all-1  | [robot-6] [INFO] [1698532491.130979043] [robot]: not ready
trials-all-1  | [coordinator-2] [INFO] [1698532491.129093025] [coordinator]: Receiving sync message: action_complete,a_close_drawer
trials-all-1  | [coordinator-2] [INFO] [1698532491.132615058] [coordinator]: action_complete
trials-all-1  | [arm-1] [INFO] [1698532491.147286195] [arm]: not ready
trials-all-1  | [coordinator-2] [INFO] [1698532491.148906210] [coordinator]: plans_actions_current 6 of 11
trials-all-1  | [robot-6] [INFO] [1698532491.159549310] [robot]: Action: a_navto
trials-all-1  | [arm-1] [INFO] [1698532491.165012361] [arm]: Action result: False
trials-all-1  | [arm-1] [INFO] [1698532491.168595394] [arm]: Action: a_pick_up_sample
trials-all-1  | [robot-6] [INFO] [1698532491.175119455] [robot]: Doing a_navto
trials-all-1  | [robot-6] [INFO] [1698532491.186707564] [robot]: Receiving sync message. a_pick_up_sample,arm1,robot1
trials-all-1  | [arm-1] [INFO] [1698532491.180827509] [arm]: Doing a_pick_up_sample
trials-all-1  | [environment-3] [INFO] [1698532491.188858584] [environment]: Receiving message: a_navto,robot1,Room3
trials-all-1  | [robot-6] [INFO] [1698532491.190389598] [robot]: not ready
trials-all-1  | [environment-3] [INFO] [1698532491.196285653] [environment]: Action: a_navto
trials-all-1  | [arm-1] [INFO] [1698532491.208485767] [arm]: not ready
trials-all-1  | [arm-1] [INFO] [1698532491.213924818] [arm]: Action result: False
trials-all-1  | [arm-1] [INFO] [1698532491.217720854] [arm]: Action: a_pick_up_sample
trials-all-1  | [arm-1] [INFO] [1698532491.221552890] [arm]: Doing a_pick_up_sample
trials-all-1  | [robot-6] [INFO] [1698532491.230328972] [robot]: Receiving sync message. a_pick_up_sample,arm1,robot1
trials-all-1  | [robot-6] [INFO] [1698532491.234415010] [robot]: not ready
trials-all-1  | [arm-1] [INFO] [1698532491.249442150] [arm]: not ready
trials-all-1  | [arm-1] [INFO] [1698532491.254302196] [arm]: Action result: False
trials-all-1  | [environment-3] [INFO] [1698532491.255372206] [environment]: Responding
trials-all-1  | [robot-6] [INFO] [1698532491.264950295] [robot]: success
trials-all-1  | [robot-6] [INFO] [1698532491.269052333] [robot]: Action result: True
trials-all-1  | [arm-1] [INFO] [1698532491.271960361] [arm]: Action: a_pick_up_sample
trials-all-1  | [arm-1] [INFO] [1698532491.278435421] [arm]: Doing a_pick_up_sample
trials-all-1  | [robot-6] [INFO] [1698532491.285296485] [robot]: Receiving sync message. a_pick_up_sample,arm1,robot1
trials-all-1  | [robot-6] [INFO] [1698532491.289527525] [robot]: not ready
trials-all-1  | [arm-1] [INFO] [1698532491.298368608] [arm]: not ready
trials-all-1  | [arm-1] [INFO] [1698532491.302357645] [arm]: Action result: False
trials-all-1  | [arm-1] [INFO] [1698532491.309101708] [arm]: Action: a_pick_up_sample
trials-all-1  | [arm-1] [INFO] [1698532491.313461749] [arm]: Doing a_pick_up_sample
trials-all-1  | [robot-6] [INFO] [1698532491.320824817] [robot]: Receiving sync message. a_pick_up_sample,arm1,robot1
trials-all-1  | [robot-6] [INFO] [1698532491.325483861] [robot]: not ready
trials-all-1  | [arm-1] [INFO] [1698532491.334023941] [arm]: not ready
trials-all-1  | [coordinator-2] [INFO] [1698532491.337025969] [coordinator]: Receiving sync message: action_complete,a_navto
trials-all-1  | [coordinator-2] [INFO] [1698532491.340821004] [coordinator]: action_complete
trials-all-1  | [arm-1] [INFO] [1698532491.338026978] [arm]: Action result: False
trials-all-1  | [arm-1] [INFO] [1698532491.341407010] [arm]: Action: a_pick_up_sample
trials-all-1  | [arm-1] [INFO] [1698532491.348845079] [arm]: Doing a_pick_up_sample
trials-all-1  | [coordinator-2] [INFO] [1698532491.353041119] [coordinator]: plans_actions_current 7 of 11
trials-all-1  | [robot-6] [INFO] [1698532491.355420141] [robot]: Receiving sync message. a_pick_up_sample,arm1,robot1
trials-all-1  | [robot-6] [INFO] [1698532491.359244177] [robot]: not ready
trials-all-1  | [arm-1] [INFO] [1698532491.371883295] [arm]: not ready
trials-all-1  | [robot-6] [INFO] [1698532491.379361365] [robot]: Action: a_approach_arm
trials-all-1  | [robot-6] [INFO] [1698532491.383381402] [robot]: Doing a_approach_arm
trials-all-1  | [arm-1] [INFO] [1698532491.388867453] [arm]: Action result: False
trials-all-1  | [arm-1] [INFO] [1698532491.393524497] [arm]: Action: a_pick_up_sample
trials-all-1  | [arm-1] [INFO] [1698532491.398017539] [arm]: Doing a_pick_up_sample
trials-all-1  | [environment-3] [INFO] [1698532491.403557591] [environment]: Receiving message: a_approach_arm,robot1,arm1
trials-all-1  | [robot-6] [INFO] [1698532491.404508600] [robot]: Receiving sync message. a_pick_up_sample,arm1,robot1
trials-all-1  | [robot-6] [INFO] [1698532491.409328645] [robot]: not ready
trials-all-1  | [arm-1] [INFO] [1698532491.417467721] [arm]: not ready
trials-all-1  | [arm-1] [INFO] [1698532491.421592759] [arm]: Action result: False
trials-all-1  | [arm-1] [INFO] [1698532491.428814827] [arm]: Action: a_pick_up_sample
trials-all-1  | [environment-3] [INFO] [1698532491.429507833] [environment]: Action: a_approach_arm
trials-all-1  | [arm-1] [INFO] [1698532491.432852865] [arm]: Doing a_pick_up_sample
trials-all-1  | [environment-3] [INFO] [1698532491.437513908] [environment]: Responding
trials-all-1  | [robot-6] [INFO] [1698532491.440427935] [robot]: Receiving sync message. a_pick_up_sample,arm1,robot1
trials-all-1  | [robot-6] [INFO] [1698532491.447727004] [robot]: not ready
trials-all-1  | [arm-1] [INFO] [1698532491.455496076] [arm]: not ready
trials-all-1  | [arm-1] [INFO] [1698532491.459414113] [arm]: Action result: False
trials-all-1  | [robot-6] [INFO] [1698532491.469427206] [robot]: success
trials-all-1  | [robot-6] [INFO] [1698532491.474001249] [robot]: Action result: True
trials-all-1  | [arm-1] [INFO] [1698532491.479509301] [arm]: Action: a_pick_up_sample
trials-all-1  | [arm-1] [INFO] [1698532491.483500338] [arm]: Doing a_pick_up_sample
trials-all-1  | [coordinator-2] [INFO] [1698532491.485520357] [coordinator]: Receiving sync message: action_complete,a_approach_arm
trials-all-1  | [robot-6] [INFO] [1698532491.489309392] [robot]: Receiving sync message. a_pick_up_sample,arm1,robot1
trials-all-1  | [coordinator-2] [INFO] [1698532491.492149419] [coordinator]: action_complete
trials-all-1  | [robot-6] [INFO] [1698532491.494373440] [robot]: not ready
trials-all-1  | [arm-1] [INFO] [1698532491.502538516] [arm]: not ready
trials-all-1  | [arm-1] [INFO] [1698532491.506227550] [arm]: Action result: False
trials-all-1  | [coordinator-2] [INFO] [1698532491.508454571] [coordinator]: plans_actions_current 8 of 11
trials-all-1  | [robot-6] [INFO] [1698532491.515882641] [robot]: Action: a_open_drawer
trials-all-1  | [robot-6] [INFO] [1698532491.520557684] [robot]: Doing a_open_drawer
trials-all-1  | [robot-6] [INFO] [1698532491.524375720] [robot]: success
trials-all-1  | [robot-6] [INFO] [1698532491.527529750] [robot]: Action result: True
trials-all-1  | [arm-1] [INFO] [1698532491.530747780] [arm]: Action: a_pick_up_sample
trials-all-1  | [arm-1] [INFO] [1698532491.537715845] [arm]: Doing a_pick_up_sample
trials-all-1  | [robot-6] [INFO] [1698532491.545700919] [robot]: Receiving sync message. a_pick_up_sample,arm1,robot1
trials-all-1  | [robot-6] [INFO] [1698532491.552142980] [robot]: not ready
trials-all-1  | [coordinator-2] [INFO] [1698532491.554675003] [coordinator]: Receiving sync message: action_complete,a_open_drawer
trials-all-1  | [coordinator-2] [INFO] [1698532491.558676041] [coordinator]: action_complete
trials-all-1  | [arm-1] [INFO] [1698532491.559750051] [arm]: not ready
trials-all-1  | [arm-1] [INFO] [1698532491.568056128] [arm]: Action result: False
trials-all-1  | [arm-1] [INFO] [1698532491.573477179] [arm]: Action: a_pick_up_sample
trials-all-1  | [arm-1] [INFO] [1698532491.578553226] [arm]: Doing a_pick_up_sample
trials-all-1  | [coordinator-2] [INFO] [1698532491.580657246] [coordinator]: plans_actions_current 9 of 11
trials-all-1  | [robot-6] [INFO] [1698532491.584382281] [robot]: Receiving sync message. a_pick_up_sample,arm1,robot1
trials-all-1  | [robot-6] [INFO] [1698532491.588834323] [robot]: not ready
trials-all-1  | [arm-1] [INFO] [1698532491.602479450] [arm]: not ready
trials-all-1  | [robot-6] [INFO] [1698532491.609558516] [robot]: Action: a_pick_up_sample
trials-all-1  | [robot-6] [INFO] [1698532491.613003548] [robot]: Doing a_pick_up_sample
trials-all-1  | [robot-6] [INFO] [1698532491.623213644] [robot]: wating for arm1 to pick up from robot1
trials-all-1  | [robot-6] [INFO] [1698532491.630325710] [robot]: Action result: False
trials-all-1  | [robot-6] [INFO] [1698532491.634069745] [robot]: Action: a_pick_up_sample
trials-all-1  | [arm-1] [INFO] [1698532491.637240775] [arm]: Action result: False
trials-all-1  | [arm-1] [INFO] [1698532491.643354832] [arm]: Action: a_pick_up_sample
trials-all-1  | [robot-6] [INFO] [1698532491.649442889] [robot]: Doing a_pick_up_sample
trials-all-1  | [robot-6] [INFO] [1698532491.653097923] [robot]: wating for arm1 to pick up from robot1
trials-all-1  | [arm-1] [INFO] [1698532491.658058970] [arm]: Doing a_pick_up_sample
trials-all-1  | [robot-6] [INFO] [1698532491.665917043] [robot]: Receiving sync message. a_pick_up_sample,arm1,robot1
trials-all-1  | [robot-6] [INFO] [1698532491.673185111] [robot]: Pick up
trials-all-1  | [arm-1] [INFO] [1698532491.681989193] [arm]: success
trials-all-1  | [robot-6] [INFO] [1698532491.690406272] [robot]: Action result: False
trials-all-1  | [arm-1] [INFO] [1698532491.694249308] [arm]: Action result: True
trials-all-1  | [robot-6] [INFO] [1698532491.709993455] [robot]: Action: a_pick_up_sample
trials-all-1  | [robot-6] [INFO] [1698532491.715657508] [robot]: Doing a_pick_up_sample
trials-all-1  | [robot-6] [INFO] [1698532491.723551582] [robot]: Action result: True
trials-all-1  | [coordinator-2] [INFO] [1698532491.749947829] [coordinator]: Receiving sync message: action_complete,a_pick_up_sample
trials-all-1  | [coordinator-2] [INFO] [1698532491.753819865] [coordinator]: action_complete
trials-all-1  | [coordinator-2] [INFO] [1698532491.770880024] [coordinator]: plans_actions_current 10 of 11
trials-all-1  | [robot-6] [INFO] [1698532491.782512133] [robot]: Action: a_close_drawer
trials-all-1  | [robot-6] [INFO] [1698532491.786253168] [robot]: Doing a_close_drawer
trials-all-1  | [robot-6] [INFO] [1698532491.793634237] [robot]: success
trials-all-1  | [robot-6] [INFO] [1698532491.805124344] [robot]: Action result: True
trials-all-1  | [coordinator-2] [INFO] [1698532491.829803575] [coordinator]: Receiving sync message: action_complete,a_close_drawer
trials-all-1  | [coordinator-2] [INFO] [1698532491.835459628] [coordinator]: action_complete
trials-all-1  | [coordinator-2] [INFO] [1698532491.841048680] [coordinator]: plans_actions_current 11 of 11
trials-all-1  | [coordinator-2] [INFO] [1698532491.861505871] [coordinator]: The time of execution of above program is:2.498798370361328
trials-all-1  | [coordinator-2] [INFO] [1698532491.867390926] [coordinator]: Achieved
trials-all-1  | [coordinator-2] [INFO] [1698532491.873519984] [coordinator]: ENDSIM
trials-all-1 exited with code 0
