 Network trials_ros  Creating
 Network trials_ros  Created
 Container trials-all-1  Creating
 Container trials-all-1  Created
Attaching to trials-all-1
trials-all-1  | [INFO] [launch]: All log files can be found below /root/.ros/log/2023-10-28-21-07-26-875279-b0a4376ada8d-1
trials-all-1  | [INFO] [launch]: Default logging verbosity is set to INFO
trials-all-1  | [INFO] [arm-1]: process started with pid [53]
trials-all-1  | [INFO] [coordinator-2]: process started with pid [55]
trials-all-1  | [INFO] [environment-3]: process started with pid [57]
trials-all-1  | [INFO] [nurse-4]: process started with pid [59]
trials-all-1  | [INFO] [planner-5]: process started with pid [61]
trials-all-1  | [INFO] [robot-6]: process started with pid [63]
trials-all-1  | [coordinator-2] [INFO] [1698527250.794931903] [coordinator]: Starting Coordinator server
trials-all-1  | [coordinator-2] [INFO] [1698527250.846886350] [coordinator]: Coordinator server started
trials-all-1  | [coordinator-2] [INFO] [1698527250.857230434] [coordinator]: Starting Coordinator clients
trials-all-1  | [environment-3] [INFO] [1698527250.921903215] [environment]: Starting Environment server
trials-all-1  | [robot-6] [INFO] [1698527250.951989369] [robot]: Starting Robot server
trials-all-1  | [environment-3] [INFO] [1698527250.961181333] [environment]: Environment server started
trials-all-1  | [arm-1] [INFO] [1698527250.963033527] [arm]: Starting Arm server
trials-all-1  | [robot-6] [INFO] [1698527251.006132044] [robot]: Robot server started
trials-all-1  | [robot-6] [INFO] [1698527251.013072766] [robot]: Starting Robots clients
trials-all-1  | [nurse-4] [INFO] [1698527251.013651827] [nurse]: Starting Nurse server
trials-all-1  | [arm-1] [INFO] [1698527251.020123500] [arm]: Arm server started
trials-all-1  | [arm-1] [INFO] [1698527251.024957003] [arm]: Starting Nurse clients
trials-all-1  | [nurse-4] [INFO] [1698527251.057717411] [nurse]: Nurse server started
trials-all-1  | [nurse-4] [INFO] [1698527251.094479236] [nurse]: Starting Nurse clients
trials-all-1  | [arm-1] [INFO] [1698527251.099835793] [arm]: Nurse clients started
trials-all-1  | [robot-6] [INFO] [1698527251.138230788] [robot]: Robots clients started
trials-all-1  | [nurse-4] [INFO] [1698527251.152213243] [nurse]: Nurse clients started
trials-all-1  | [nurse-4] [INFO] [1698527251.171362235] [nurse]: Sent request
trials-all-1  | [coordinator-2] [INFO] [1698527251.891594169] [coordinator]: planner sync service not available, waiting again...
trials-all-1  | [coordinator-2] [INFO] [1698527252.913420755] [coordinator]: planner sync service not available, waiting again...
trials-all-1  | [coordinator-2] [INFO] [1698527253.930630039] [coordinator]: planner sync service not available, waiting again...
trials-all-1  | [coordinator-2] [INFO] [1698527254.949240644] [coordinator]: planner sync service not available, waiting again...
trials-all-1  | [coordinator-2] [INFO] [1698527255.965597204] [coordinator]: planner sync service not available, waiting again...
trials-all-1  | [coordinator-2] [INFO] [1698527256.981921950] [coordinator]: planner sync service not available, waiting again...
trials-all-1  | [planner-5] Matplotlib is building the font cache; this may take a moment.
trials-all-1  | [coordinator-2] [INFO] [1698527257.994496514] [coordinator]: planner sync service not available, waiting again...
trials-all-1  | [coordinator-2] [INFO] [1698527259.006924261] [coordinator]: planner sync service not available, waiting again...
trials-all-1  | [coordinator-2] [INFO] [1698527260.020993364] [coordinator]: planner sync service not available, waiting again...
trials-all-1  | [planner-5] [INFO] [1698527260.914752030] [planner]: Starting Planner server
trials-all-1  | [planner-5] [INFO] [1698527260.942903760] [planner]: Planner server started
trials-all-1  | [coordinator-2] [INFO] [1698527261.032673443] [coordinator]: planner sync service not available, waiting again...
trials-all-1  | [coordinator-2] [INFO] [1698527262.053630618] [coordinator]: planner sync service not available, waiting again...
trials-all-1  | [coordinator-2] [INFO] [1698527262.709139173] [coordinator]: Coordinator clients started
trials-all-1  | [coordinator-2] [INFO] [1698527262.749310007] [coordinator]: Receiving message of nurse1 in room3.
trials-all-1  | [coordinator-2] [INFO] [1698527262.759972024] [coordinator]: Planing
trials-all-1  | [coordinator-2] [INFO] [1698527262.772980266] [coordinator]: Creating plan for: robot1, nurse1, arm1 
trials-all-1  | [coordinator-2] [INFO] [1698527262.784964409] [coordinator]: Sending response
trials-all-1  | [planner-5] [INFO] [1698527262.795430408] [planner]: Receiving sync message. need_plan,robot1,nurse1,arm1
trials-all-1  | [nurse-4] [INFO] [1698527262.802736105] [nurse]: Request response:Okay!
trials-all-1  | [planner-5] [INFO] [1698527262.808051612] [planner]: Creating plan for: robot1 robot1 nurse1
trials-all-1  | [planner-5] [INFO] [1698527262.823364074] [planner]: a_navto,robot1,Room1
trials-all-1  | [planner-5] [INFO] [1698527262.832972991] [planner]: a_approach_nurse,robot1
trials-all-1  | [planner-5] [INFO] [1698527262.843317978] [planner]: a_authenticate_nurse,robot1,nurse1
trials-all-1  | [planner-5] [INFO] [1698527262.856900274] [planner]: a_open_drawer,robot1
trials-all-1  | [planner-5] [INFO] [1698527262.860790645] [planner]: a_deposit,nurse1,robot1
trials-all-1  | [planner-5] [INFO] [1698527262.870771598] [planner]: a_close_drawer,robot1
trials-all-1  | [planner-5] [INFO] [1698527262.877091201] [planner]: a_navto,robot1,Room3
trials-all-1  | [planner-5] [INFO] [1698527262.880608536] [planner]: a_approach_arm,robot1,arm1
trials-all-1  | [planner-5] [INFO] [1698527262.885598013] [planner]: a_open_drawer,robot1
trials-all-1  | [planner-5] [INFO] [1698527262.909155261] [planner]: a_pick_up_sample,arm1,robot1
trials-all-1  | [planner-5] [INFO] [1698527262.917105019] [planner]: a_close_drawer,robot1
trials-all-1  | [planner-5] [INFO] [1698527262.925422813] [planner]: Sending response
trials-all-1  | [coordinator-2] [INFO] [1698527262.935755799] [coordinator]: Plan received for: robot1, nurse1, arm1 
trials-all-1  | [coordinator-2] [INFO] [1698527262.940308234] [coordinator]: a_navto,robot1,Room1/a_approach_nurse,robot1/a_authenticate_nurse,robot1,nurse1/a_open_drawer,robot1/a_deposit,nurse1,robot1/a_close_drawer,robot1/a_navto,robot1,Room3/a_approach_arm,robot1,arm1/a_open_drawer,robot1/a_pick_up_sample,arm1,robot1/a_close_drawer,robot1
trials-all-1  | [coordinator-2] [INFO] [1698527262.943932579] [coordinator]: a_navto,robot1,Room1
trials-all-1  | [coordinator-2] [INFO] [1698527262.962525354] [coordinator]: a_approach_nurse,robot1
trials-all-1  | [coordinator-2] [INFO] [1698527262.972199277] [coordinator]: a_authenticate_nurse,robot1,nurse1
trials-all-1  | [coordinator-2] [INFO] [1698527262.976007640] [coordinator]: a_open_drawer,robot1
trials-all-1  | [coordinator-2] [INFO] [1698527262.989481926] [coordinator]: a_deposit,nurse1,robot1
trials-all-1  | [coordinator-2] [INFO] [1698527262.998346772] [coordinator]: a_close_drawer,robot1
trials-all-1  | [coordinator-2] [INFO] [1698527263.007487641] [coordinator]: a_navto,robot1,Room3
trials-all-1  | [coordinator-2] [INFO] [1698527263.016216468] [coordinator]: a_approach_arm,robot1,arm1
trials-all-1  | [coordinator-2] [INFO] [1698527263.026168410] [coordinator]: a_open_drawer,robot1
trials-all-1  | [coordinator-2] [INFO] [1698527263.035381282] [coordinator]: a_pick_up_sample,arm1,robot1
trials-all-1  | [coordinator-2] [INFO] [1698527263.045796268] [coordinator]: a_close_drawer,robot1
trials-all-1  | [coordinator-2] [INFO] [1698527263.055955230] [coordinator]: Sending plans
trials-all-1  | [coordinator-2] [INFO] [1698527263.068693435] [coordinator]: Plans sent
trials-all-1  | [nurse-4] [INFO] [1698527263.080653568] [nurse]: Receiving message.
trials-all-1  | [arm-1] [INFO] [1698527263.090785527] [arm]: Receiving message.
trials-all-1  | [environment-3] [INFO] [1698527263.090857534] [environment]: Receiving message: monitor
trials-all-1  | [nurse-4] [INFO] [1698527263.101760566] [nurse]: Nurse's actions:
trials-all-1  | [nurse-4] [INFO] [1698527263.106623026] [nurse]: a_authenticate_nurse
trials-all-1  | [robot-6] [INFO] [1698527263.102011589] [robot]: Receiving message.
trials-all-1  | [robot-6] [INFO] [1698527263.106718035] [robot]: Robot's actions:
trials-all-1  | [environment-3] [INFO] [1698527263.106896052] [environment]: Action: monitor
trials-all-1  | [nurse-4] [INFO] [1698527263.121425427] [nurse]: Action: a_authenticate_nurse
trials-all-1  | [arm-1] [INFO] [1698527263.121425427] [arm]: Arm's actions:
trials-all-1  | [nurse-4] [INFO] [1698527263.127732024] [nurse]: Doing a_authenticate_nurse
trials-all-1  | [arm-1] [INFO] [1698527263.128822127] [arm]: a_approach_arm
trials-all-1  | [nurse-4] [INFO] [1698527263.132130441] [nurse]: a_deposit
trials-all-1  | [robot-6] [INFO] [1698527263.137686967] [robot]: Action: a_navto
trials-all-1  | [arm-1] [INFO] [1698527263.137759974] [arm]: Action: a_approach_arm
trials-all-1  | [robot-6] [INFO] [1698527263.140063192] [robot]: a_navto
trials-all-1  | [environment-3] [INFO] [1698527263.140041190] [environment]: Receiving message: monitor
trials-all-1  | [environment-3] [INFO] [1698527263.158715957] [environment]: Action: monitor
trials-all-1  | [robot-6] [INFO] [1698527263.165145566] [robot]: a_authenticate_nurse
trials-all-1  | [arm-1] [INFO] [1698527263.165784626] [arm]: a_pick_up_sample
trials-all-1  | [robot-6] [INFO] [1698527263.168622895] [robot]: Doing a_navto
trials-all-1  | [robot-6] [INFO] [1698527263.176347626] [robot]: a_open_drawer
trials-all-1  | [arm-1] [INFO] [1698527263.179635938] [arm]: Doing a_approach_arm
trials-all-1  | [robot-6] [INFO] [1698527263.180427013] [robot]: a_deposit
trials-all-1  | [robot-6] [INFO] [1698527263.184455394] [robot]: a_close_drawer
trials-all-1  | [robot-6] [INFO] [1698527263.189115835] [robot]: a_navto
trials-all-1  | [robot-6] [INFO] [1698527263.193601260] [robot]: a_approach_arm
trials-all-1  | [robot-6] [INFO] [1698527263.197997676] [robot]: a_open_drawer
trials-all-1  | [robot-6] [INFO] [1698527263.202290082] [robot]: a_pick_up_sample
trials-all-1  | [robot-6] [INFO] [1698527263.206708501] [robot]: a_close_drawer
trials-all-1  | [robot-6] [INFO] [1698527263.214820268] [robot]: Receiving sync message. a_authenticate_nurse,robot1,nurse1
trials-all-1  | [robot-6] [INFO] [1698527263.219373699] [robot]: not ready
trials-all-1  | [environment-3] [INFO] [1698527263.216958471] [environment]: Receiving message: monitor
trials-all-1  | [environment-3] [INFO] [1698527263.223950133] [environment]: Action: monitor
trials-all-1  | [nurse-4] [INFO] [1698527263.233462033] [nurse]: not ready
trials-all-1  | [environment-3] [INFO] [1698527263.237781442] [environment]: Receiving message: a_navto,robot1,Room1
trials-all-1  | [nurse-4] [INFO] [1698527263.238542514] [nurse]: Action result: False
trials-all-1  | [nurse-4] [INFO] [1698527263.254488024] [nurse]: Action: a_authenticate_nurse
trials-all-1  | [nurse-4] [INFO] [1698527263.258747427] [nurse]: Doing a_authenticate_nurse
trials-all-1  | [environment-3] [INFO] [1698527263.260621604] [environment]: Action: a_navto
trials-all-1  | [environment-3] [INFO] [1698527263.265124030] [environment]: Responding
trials-all-1  | [robot-6] [INFO] [1698527263.274294899] [robot]: Receiving sync message. a_authenticate_nurse,robot1,nurse1
trials-all-1  | [robot-6] [INFO] [1698527263.281580588] [robot]: not ready
trials-all-1  | [environment-3] [INFO] [1698527263.284436859] [environment]: Receiving message: a_approach_arm,robot1,arm1
trials-all-1  | [nurse-4] [INFO] [1698527263.299111248] [nurse]: not ready
trials-all-1  | [environment-3] [INFO] [1698527263.299395275] [environment]: Action: a_approach_arm
trials-all-1  | [environment-3] [INFO] [1698527263.303672680] [environment]: Responding
trials-all-1  | [nurse-4] [INFO] [1698527263.303905702] [nurse]: Action result: False
trials-all-1  | [robot-6] [INFO] [1698527263.308536140] [robot]: success
trials-all-1  | [arm-1] [INFO] [1698527263.313808639] [arm]: success
trials-all-1  | [robot-6] [INFO] [1698527263.323791584] [robot]: Action result: True
trials-all-1  | [nurse-4] [INFO] [1698527263.327164904] [nurse]: Action: a_authenticate_nurse
trials-all-1  | [nurse-4] [INFO] [1698527263.331525316] [nurse]: Doing a_authenticate_nurse
trials-all-1  | [coordinator-2] [INFO] [1698527263.333502503] [coordinator]: Receiving sync message: action_complete,a_navto
trials-all-1  | [arm-1] [INFO] [1698527263.334690616] [arm]: Action result: True
trials-all-1  | [environment-3] [INFO] [1698527263.336232762] [environment]: Receiving message: monitor
trials-all-1  | [arm-1] [INFO] [1698527263.339932112] [arm]: Action: a_pick_up_sample
trials-all-1  | [environment-3] [INFO] [1698527263.340614177] [environment]: Action: monitor
trials-all-1  | [coordinator-2] [INFO] [1698527263.344768570] [coordinator]: action_complete
trials-all-1  | [arm-1] [INFO] [1698527263.348782950] [arm]: Doing a_pick_up_sample
trials-all-1  | [coordinator-2] [INFO] [1698527263.354901529] [coordinator]: plans_actions_current 1 of 11
trials-all-1  | [robot-6] [INFO] [1698527263.365456528] [robot]: Receiving sync message. a_authenticate_nurse,robot1,nurse1
trials-all-1  | [environment-3] [INFO] [1698527263.369720932] [environment]: Receiving message: monitor
trials-all-1  | [environment-3] [INFO] [1698527263.374033340] [environment]: Action: monitor
trials-all-1  | [robot-6] [INFO] [1698527263.381111010] [robot]: not ready
trials-all-1  | [robot-6] [INFO] [1698527263.390300880] [robot]: Receiving sync message. a_pick_up_sample,arm1,robot1
trials-all-1  | [robot-6] [INFO] [1698527263.394183248] [robot]: not ready
trials-all-1  | [nurse-4] [INFO] [1698527263.390441894] [nurse]: not ready
trials-all-1  | [nurse-4] [INFO] [1698527263.394183248] [nurse]: Action result: False
trials-all-1  | [robot-6] [INFO] [1698527263.405867354] [robot]: Action: a_approach_nurse
trials-all-1  | [arm-1] [INFO] [1698527263.413772102] [arm]: not ready
trials-all-1  | [arm-1] [INFO] [1698527263.418238525] [arm]: Action result: False
trials-all-1  | [nurse-4] [INFO] [1698527263.415128231] [nurse]: Action: a_authenticate_nurse
trials-all-1  | [nurse-4] [INFO] [1698527263.419240620] [nurse]: Doing a_authenticate_nurse
trials-all-1  | [robot-6] [INFO] [1698527263.415156233] [robot]: Doing a_approach_nurse
trials-all-1  | [arm-1] [INFO] [1698527263.426255284] [arm]: Action: a_pick_up_sample
trials-all-1  | [robot-6] [INFO] [1698527263.427908440] [robot]: Receiving sync message. a_authenticate_nurse,robot1,nurse1
trials-all-1  | [robot-6] [INFO] [1698527263.434082025] [robot]: not ready
trials-all-1  | [environment-3] [INFO] [1698527263.437743371] [environment]: Receiving message: monitor
trials-all-1  | [environment-3] [INFO] [1698527263.442101784] [environment]: Action: monitor
trials-all-1  | [arm-1] [INFO] [1698527263.442247798] [arm]: Doing a_pick_up_sample
trials-all-1  | [nurse-4] [INFO] [1698527263.445831137] [nurse]: not ready
trials-all-1  | [nurse-4] [INFO] [1698527263.456733169] [nurse]: Action result: False
trials-all-1  | [robot-6] [INFO] [1698527263.457673258] [robot]: Receiving sync message. a_pick_up_sample,arm1,robot1
trials-all-1  | [robot-6] [INFO] [1698527263.463909848] [robot]: not ready
trials-all-1  | [nurse-4] [INFO] [1698527263.464413896] [nurse]: Action: a_authenticate_nurse
trials-all-1  | [environment-3] [INFO] [1698527263.467141154] [environment]: Receiving message: a_approach_nurse,robot1
trials-all-1  | [environment-3] [INFO] [1698527263.471551572] [environment]: Action: a_approach_nurse
trials-all-1  | [arm-1] [INFO] [1698527263.472848695] [arm]: not ready
trials-all-1  | [arm-1] [INFO] [1698527263.477572142] [arm]: Action result: False
trials-all-1  | [environment-3] [INFO] [1698527263.475682963] [environment]: Responding
trials-all-1  | [nurse-4] [INFO] [1698527263.477206107] [nurse]: Doing a_authenticate_nurse
trials-all-1  | [arm-1] [INFO] [1698527263.490703385] [arm]: Action: a_pick_up_sample
trials-all-1  | [robot-6] [INFO] [1698527263.497139994] [robot]: Receiving sync message. a_authenticate_nurse,robot1,nurse1
trials-all-1  | [robot-6] [INFO] [1698527263.502024457] [robot]: not ready
trials-all-1  | [arm-1] [INFO] [1698527263.506350866] [arm]: Doing a_pick_up_sample
trials-all-1  | [environment-3] [INFO] [1698527263.510378247] [environment]: Receiving message: monitor
trials-all-1  | [environment-3] [INFO] [1698527263.514547642] [environment]: Action: monitor
trials-all-1  | [robot-6] [INFO] [1698527263.518503016] [robot]: success
trials-all-1  | [nurse-4] [INFO] [1698527263.526858807] [nurse]: not ready
trials-all-1  | [nurse-4] [INFO] [1698527263.532931382] [nurse]: Action result: False
trials-all-1  | [robot-6] [INFO] [1698527263.536390710] [robot]: Action result: True
trials-all-1  | [nurse-4] [INFO] [1698527263.540394089] [nurse]: Action: a_authenticate_nurse
trials-all-1  | [robot-6] [INFO] [1698527263.543673399] [robot]: Receiving sync message. a_pick_up_sample,arm1,robot1
trials-all-1  | [coordinator-2] [INFO] [1698527263.544680495] [coordinator]: Receiving sync message: action_complete,a_approach_nurse
trials-all-1  | [nurse-4] [INFO] [1698527263.546763692] [nurse]: Doing a_authenticate_nurse
trials-all-1  | [robot-6] [INFO] [1698527263.550003999] [robot]: not ready
trials-all-1  | [environment-3] [INFO] [1698527263.550643059] [environment]: Receiving message: monitor
trials-all-1  | [coordinator-2] [INFO] [1698527263.556602623] [coordinator]: action_complete
trials-all-1  | [coordinator-2] [INFO] [1698527263.560783019] [coordinator]: plans_actions_current 2 of 11
trials-all-1  | [robot-6] [INFO] [1698527263.558659818] [robot]: Receiving sync message. a_authenticate_nurse,robot1,nurse1
trials-all-1  | [robot-6] [INFO] [1698527263.562719202] [robot]: not ready
trials-all-1  | [arm-1] [INFO] [1698527263.558874838] [arm]: not ready
trials-all-1  | [arm-1] [INFO] [1698527263.562926222] [arm]: Action result: False
trials-all-1  | [arm-1] [INFO] [1698527263.570218912] [arm]: Action: a_pick_up_sample
trials-all-1  | [nurse-4] [INFO] [1698527263.573381211] [nurse]: not ready
trials-all-1  | [robot-6] [INFO] [1698527263.574654332] [robot]: Action: a_authenticate_nurse
trials-all-1  | [arm-1] [INFO] [1698527263.576717527] [arm]: Doing a_pick_up_sample
trials-all-1  | [nurse-4] [INFO] [1698527263.578378685] [nurse]: Action result: False
trials-all-1  | [robot-6] [INFO] [1698527263.586267431] [robot]: Doing a_authenticate_nurse
trials-all-1  | [nurse-4] [INFO] [1698527263.590482830] [nurse]: Action: a_authenticate_nurse
trials-all-1  | [environment-3] [INFO] [1698527263.592962065] [environment]: Action: monitor
trials-all-1  | [nurse-4] [INFO] [1698527263.596537404] [nurse]: Doing a_authenticate_nurse
trials-all-1  | [robot-6] [INFO] [1698527263.597306476] [robot]: Receiving sync message. a_pick_up_sample,arm1,robot1
trials-all-1  | [robot-6] [INFO] [1698527263.602681985] [robot]: wating for nurse1 to authenticate to robot1
trials-all-1  | [robot-6] [INFO] [1698527263.619485576] [robot]: Action result: False
trials-all-1  | [environment-3] [INFO] [1698527263.625691163] [environment]: Receiving message: monitor
trials-all-1  | [robot-6] [INFO] [1698527263.629171493] [robot]: not ready
trials-all-1  | [arm-1] [INFO] [1698527263.641316643] [arm]: not ready
trials-all-1  | [robot-6] [INFO] [1698527263.644077904] [robot]: Action: a_authenticate_nurse
trials-all-1  | [arm-1] [INFO] [1698527263.646311115] [arm]: Action result: False
trials-all-1  | [arm-1] [INFO] [1698527263.660296439] [arm]: Action: a_pick_up_sample
trials-all-1  | [robot-6] [INFO] [1698527263.660782485] [robot]: Receiving sync message. a_authenticate_nurse,robot1,nurse1
trials-all-1  | [environment-3] [INFO] [1698527263.670057363] [environment]: Action: monitor
trials-all-1  | [environment-3] [INFO] [1698527263.683704655] [environment]: Receiving message: monitor
trials-all-1  | [environment-3] [INFO] [1698527263.700257222] [environment]: Action: monitor
trials-all-1  | [arm-1] [INFO] [1698527263.673988735] [arm]: Doing a_pick_up_sample
trials-all-1  | [robot-6] [INFO] [1698527263.674128749] [robot]: Doing a_authenticate_nurse
trials-all-1  | [robot-6] [INFO] [1698527263.678581170] [robot]: Authenticate nurse
trials-all-1  | [robot-6] [INFO] [1698527263.688815139] [robot]: Action result: True
trials-all-1  | [robot-6] [INFO] [1698527263.692069447] [robot]: Receiving sync message. a_pick_up_sample,arm1,robot1
trials-all-1  | [robot-6] [INFO] [1698527263.695580779] [robot]: not ready
trials-all-1  | [nurse-4] [INFO] [1698527263.688081070] [nurse]: success
trials-all-1  | [nurse-4] [INFO] [1698527263.691925433] [nurse]: Action result: True
trials-all-1  | [nurse-4] [INFO] [1698527263.695450767] [nurse]: Action: a_deposit
trials-all-1  | [coordinator-2] [INFO] [1698527263.694618688] [coordinator]: Receiving sync message: action_complete,a_authenticate_nurse
trials-all-1  | [coordinator-2] [INFO] [1698527263.699254127] [coordinator]: action_complete
trials-all-1  | [arm-1] [INFO] [1698527263.710095153] [arm]: not ready
trials-all-1  | [coordinator-2] [INFO] [1698527263.710255169] [coordinator]: plans_actions_current 3 of 11
trials-all-1  | [nurse-4] [INFO] [1698527263.714227545] [nurse]: Doing a_deposit
trials-all-1  | [arm-1] [INFO] [1698527263.722123292] [arm]: Action result: False
trials-all-1  | [environment-3] [INFO] [1698527263.734923504] [environment]: Receiving message: monitor
trials-all-1  | [environment-3] [INFO] [1698527263.740261009] [environment]: Action: monitor
trials-all-1  | [robot-6] [INFO] [1698527263.745491504] [robot]: Receiving sync message. a_deposit,nurse1,robot1
trials-all-1  | [arm-1] [INFO] [1698527263.753727284] [arm]: Action: a_pick_up_sample
trials-all-1  | [robot-6] [INFO] [1698527263.757315624] [robot]: not ready
trials-all-1  | [environment-3] [INFO] [1698527263.758504736] [environment]: Receiving message: monitor
trials-all-1  | [environment-3] [INFO] [1698527263.764240279] [environment]: Action: monitor
trials-all-1  | [arm-1] [INFO] [1698527263.774270229] [arm]: Doing a_pick_up_sample
trials-all-1  | [robot-6] [INFO] [1698527263.775118309] [robot]: Action: a_open_drawer
trials-all-1  | [nurse-4] [INFO] [1698527263.779860758] [nurse]: not ready
trials-all-1  | [nurse-4] [INFO] [1698527263.787818511] [nurse]: Action result: False
trials-all-1  | [robot-6] [INFO] [1698527263.792890991] [robot]: Receiving sync message. a_pick_up_sample,arm1,robot1
trials-all-1  | [nurse-4] [INFO] [1698527263.795166207] [nurse]: Action: a_deposit
trials-all-1  | [nurse-4] [INFO] [1698527263.800772737] [nurse]: Doing a_deposit
trials-all-1  | [robot-6] [INFO] [1698527263.804639103] [robot]: Doing a_open_drawer
trials-all-1  | [environment-3] [INFO] [1698527263.806628292] [environment]: Receiving message: monitor
trials-all-1  | [robot-6] [INFO] [1698527263.808967513] [robot]: not ready
trials-all-1  | [environment-3] [INFO] [1698527263.818230390] [environment]: Action: monitor
trials-all-1  | [arm-1] [INFO] [1698527263.825810108] [arm]: not ready
trials-all-1  | [robot-6] [INFO] [1698527263.832949783] [robot]: Receiving sync message. a_deposit,nurse1,robot1
trials-all-1  | [arm-1] [INFO] [1698527263.838698328] [arm]: Action result: False
trials-all-1  | [robot-6] [INFO] [1698527263.843600792] [robot]: success
trials-all-1  | [arm-1] [INFO] [1698527263.847226135] [arm]: Action: a_pick_up_sample
trials-all-1  | [robot-6] [INFO] [1698527263.847477159] [robot]: not ready
trials-all-1  | [environment-3] [INFO] [1698527263.854269802] [environment]: Receiving message: monitor
trials-all-1  | [environment-3] [INFO] [1698527263.858902240] [environment]: Action: monitor
trials-all-1  | [nurse-4] [INFO] [1698527263.861006439] [nurse]: not ready
trials-all-1  | [nurse-4] [INFO] [1698527263.865240840] [nurse]: Action result: False
trials-all-1  | [arm-1] [INFO] [1698527263.861243462] [arm]: Doing a_pick_up_sample
trials-all-1  | [robot-6] [INFO] [1698527263.877502001] [robot]: Action result: True
trials-all-1  | [robot-6] [INFO] [1698527263.884526666] [robot]: Receiving sync message. a_pick_up_sample,arm1,robot1
trials-all-1  | [robot-6] [INFO] [1698527263.888446037] [robot]: not ready
trials-all-1  | [nurse-4] [INFO] [1698527263.877617012] [nurse]: Action: a_deposit
trials-all-1  | [nurse-4] [INFO] [1698527263.882868509] [nurse]: Doing a_deposit
trials-all-1  | [coordinator-2] [INFO] [1698527263.885294739] [coordinator]: Receiving sync message: action_complete,a_open_drawer
trials-all-1  | [coordinator-2] [INFO] [1698527263.889754161] [coordinator]: action_complete
trials-all-1  | [coordinator-2] [INFO] [1698527263.900380167] [coordinator]: plans_actions_current 4 of 11
trials-all-1  | [arm-1] [INFO] [1698527263.900426171] [arm]: not ready
trials-all-1  | [environment-3] [INFO] [1698527263.903074422] [environment]: Receiving message: monitor
trials-all-1  | [arm-1] [INFO] [1698527263.914585511] [arm]: Action result: False
trials-all-1  | [environment-3] [INFO] [1698527263.926341624] [environment]: Action: monitor
trials-all-1  | [robot-6] [INFO] [1698527263.930931059] [robot]: Receiving sync message. a_deposit,nurse1,robot1
trials-all-1  | [arm-1] [INFO] [1698527263.939530873] [arm]: Action: a_pick_up_sample
trials-all-1  | [robot-6] [INFO] [1698527263.945382427] [robot]: not ready
trials-all-1  | [arm-1] [INFO] [1698527263.946731555] [arm]: Doing a_pick_up_sample
trials-all-1  | [environment-3] [INFO] [1698527263.948063681] [environment]: Receiving message: monitor
trials-all-1  | [nurse-4] [INFO] [1698527263.955524387] [nurse]: not ready
trials-all-1  | [robot-6] [INFO] [1698527263.962631060] [robot]: Receiving sync message. a_pick_up_sample,arm1,robot1
trials-all-1  | [environment-3] [INFO] [1698527263.965809361] [environment]: Action: monitor
trials-all-1  | [nurse-4] [INFO] [1698527263.970411796] [nurse]: Action result: False
trials-all-1  | [robot-6] [INFO] [1698527263.975711298] [robot]: Action: a_deposit
trials-all-1  | [robot-6] [INFO] [1698527263.983783062] [robot]: Doing a_deposit
trials-all-1  | [nurse-4] [INFO] [1698527263.985736247] [nurse]: Action: a_deposit
trials-all-1  | [robot-6] [INFO] [1698527263.991176762] [robot]: not ready
trials-all-1  | [robot-6] [INFO] [1698527264.009094454] [robot]: wating for nurse1 to deposit in robot1
trials-all-1  | [environment-3] [INFO] [1698527263.992822918] [environment]: Receiving message: monitor
trials-all-1  | [environment-3] [INFO] [1698527263.997845393] [environment]: Action: monitor
trials-all-1  | [nurse-4] [INFO] [1698527263.993748005] [nurse]: Doing a_deposit
trials-all-1  | [arm-1] [INFO] [1698527264.002763859] [arm]: not ready
trials-all-1  | [arm-1] [INFO] [1698527264.007924345] [arm]: Action result: False
trials-all-1  | [environment-3] [INFO] [1698527264.011779707] [environment]: Receiving message: monitor
trials-all-1  | [robot-6] [INFO] [1698527264.021551624] [robot]: Action result: False
trials-all-1  | [arm-1] [INFO] [1698527264.023910846] [arm]: Action: a_pick_up_sample
trials-all-1  | [robot-6] [INFO] [1698527264.028574284] [robot]: Receiving sync message. a_deposit,nurse1,robot1
trials-all-1  | [environment-3] [INFO] [1698527264.032073612] [environment]: Action: monitor
trials-all-1  | [arm-1] [INFO] [1698527264.032463649] [arm]: Doing a_pick_up_sample
trials-all-1  | [robot-6] [INFO] [1698527264.043882721] [robot]: Action: a_deposit
trials-all-1  | [robot-6] [INFO] [1698527264.047061020] [robot]: Deposit
trials-all-1  | [nurse-4] [INFO] [1698527264.055060771] [nurse]: success
trials-all-1  | [nurse-4] [INFO] [1698527264.059118152] [nurse]: Action result: True
trials-all-1  | [robot-6] [INFO] [1698527264.057869035] [robot]: Receiving sync message. a_pick_up_sample,arm1,robot1
trials-all-1  | [robot-6] [INFO] [1698527264.065523753] [robot]: Doing a_deposit
trials-all-1  | [robot-6] [INFO] [1698527264.070007174] [robot]: not ready
trials-all-1  | [environment-3] [INFO] [1698527264.069988173] [environment]: Receiving message: monitor
trials-all-1  | [environment-3] [INFO] [1698527264.074234571] [environment]: Action: monitor
trials-all-1  | [arm-1] [INFO] [1698527264.086339708] [arm]: not ready
trials-all-1  | [environment-3] [INFO] [1698527264.101029087] [environment]: Receiving message: monitor
trials-all-1  | [arm-1] [INFO] [1698527264.100859071] [arm]: Action result: False
trials-all-1  | [robot-6] [INFO] [1698527264.109803911] [robot]: Action result: True
trials-all-1  | [arm-1] [INFO] [1698527264.117335619] [arm]: Action: a_pick_up_sample
trials-all-1  | [environment-3] [INFO] [1698527264.119075782] [environment]: Action: monitor
trials-all-1  | [coordinator-2] [INFO] [1698527264.126218453] [coordinator]: Receiving sync message: action_complete,a_deposit
trials-all-1  | [arm-1] [INFO] [1698527264.133184107] [arm]: Doing a_pick_up_sample
trials-all-1  | [robot-6] [INFO] [1698527264.141496887] [robot]: Receiving sync message. a_pick_up_sample,arm1,robot1
trials-all-1  | [coordinator-2] [INFO] [1698527264.145984309] [coordinator]: action_complete
trials-all-1  | [coordinator-2] [INFO] [1698527264.150893770] [coordinator]: plans_actions_current 5 of 11
trials-all-1  | [robot-6] [INFO] [1698527264.154386098] [robot]: not ready
trials-all-1  | [robot-6] [INFO] [1698527264.180352536] [robot]: Action: a_close_drawer
trials-all-1  | [arm-1] [INFO] [1698527264.185833051] [arm]: not ready
trials-all-1  | [arm-1] [INFO] [1698527264.192192648] [arm]: Action result: False
trials-all-1  | [robot-6] [INFO] [1698527264.197036103] [robot]: Doing a_close_drawer
trials-all-1  | [environment-3] [INFO] [1698527264.197036103] [environment]: Receiving message: monitor
trials-all-1  | [environment-3] [INFO] [1698527264.202116580] [environment]: Action: monitor
trials-all-1  | [arm-1] [INFO] [1698527264.213406640] [arm]: Action: a_pick_up_sample
trials-all-1  | [robot-6] [INFO] [1698527264.218615129] [robot]: success
trials-all-1  | [environment-3] [INFO] [1698527264.219849245] [environment]: Receiving message: monitor
trials-all-1  | [arm-1] [INFO] [1698527264.230278224] [arm]: Doing a_pick_up_sample
trials-all-1  | [robot-6] [INFO] [1698527264.231250316] [robot]: Action result: True
trials-all-1  | [environment-3] [INFO] [1698527264.237756927] [environment]: Action: monitor
trials-all-1  | [coordinator-2] [INFO] [1698527264.246383737] [coordinator]: Receiving sync message: action_complete,a_close_drawer
trials-all-1  | [coordinator-2] [INFO] [1698527264.253460401] [coordinator]: action_complete
trials-all-1  | [robot-6] [INFO] [1698527264.254739521] [robot]: Receiving sync message. a_pick_up_sample,arm1,robot1
trials-all-1  | [robot-6] [INFO] [1698527264.258924914] [robot]: not ready
trials-all-1  | [arm-1] [INFO] [1698527264.273994329] [arm]: not ready
trials-all-1  | [coordinator-2] [INFO] [1698527264.275091432] [coordinator]: plans_actions_current 6 of 11
trials-all-1  | [robot-6] [INFO] [1698527264.285260387] [robot]: Action: a_navto
trials-all-1  | [robot-6] [INFO] [1698527264.290455875] [robot]: Doing a_navto
trials-all-1  | [arm-1] [INFO] [1698527264.288257669] [arm]: Action result: False
trials-all-1  | [arm-1] [INFO] [1698527264.292210040] [arm]: Action: a_pick_up_sample
trials-all-1  | [environment-3] [INFO] [1698527264.300098781] [environment]: Receiving message: monitor
trials-all-1  | [environment-3] [INFO] [1698527264.304930234] [environment]: Action: monitor
trials-all-1  | [arm-1] [INFO] [1698527264.317715435] [arm]: Doing a_pick_up_sample
trials-all-1  | [robot-6] [INFO] [1698527264.324562078] [robot]: Receiving sync message. a_pick_up_sample,arm1,robot1
trials-all-1  | [robot-6] [INFO] [1698527264.328642461] [robot]: not ready
trials-all-1  | [environment-3] [INFO] [1698527264.327083315] [environment]: Receiving message: a_navto,robot1,Room3
trials-all-1  | [arm-1] [INFO] [1698527264.337758317] [arm]: not ready
trials-all-1  | [arm-1] [INFO] [1698527264.342777788] [arm]: Action result: False
trials-all-1  | [arm-1] [INFO] [1698527264.347771257] [arm]: Action: a_pick_up_sample
trials-all-1  | [environment-3] [INFO] [1698527264.347620243] [environment]: Action: a_navto
trials-all-1  | [arm-1] [INFO] [1698527264.352291682] [arm]: Doing a_pick_up_sample
trials-all-1  | [environment-3] [INFO] [1698527264.353582803] [environment]: Responding
trials-all-1  | [robot-6] [INFO] [1698527264.358957308] [robot]: Receiving sync message. a_pick_up_sample,arm1,robot1
trials-all-1  | [environment-3] [INFO] [1698527264.362490639] [environment]: Receiving message: monitor
trials-all-1  | [robot-6] [INFO] [1698527264.368565210] [robot]: not ready
trials-all-1  | [robot-6] [INFO] [1698527264.387882024] [robot]: success
trials-all-1  | [robot-6] [INFO] [1698527264.391664379] [robot]: Action result: True
trials-all-1  | [arm-1] [INFO] [1698527264.378049100] [arm]: not ready
trials-all-1  | [arm-1] [INFO] [1698527264.382542522] [arm]: Action result: False
trials-all-1  | [arm-1] [INFO] [1698527264.387157956] [arm]: Action: a_pick_up_sample
trials-all-1  | [arm-1] [INFO] [1698527264.391118328] [arm]: Doing a_pick_up_sample
trials-all-1  | [coordinator-2] [INFO] [1698527264.400783235] [coordinator]: Receiving sync message: action_complete,a_navto
trials-all-1  | [coordinator-2] [INFO] [1698527264.405974723] [coordinator]: action_complete
trials-all-1  | [coordinator-2] [INFO] [1698527264.409830085] [coordinator]: plans_actions_current 7 of 11
trials-all-1  | [environment-3] [INFO] [1698527264.413718450] [environment]: Action: monitor
trials-all-1  | [robot-6] [INFO] [1698527264.420630099] [robot]: Receiving sync message. a_pick_up_sample,arm1,robot1
trials-all-1  | [robot-6] [INFO] [1698527264.438946819] [robot]: not ready
trials-all-1  | [robot-6] [INFO] [1698527264.450237879] [robot]: Action: a_approach_arm
trials-all-1  | [robot-6] [INFO] [1698527264.454459276] [robot]: Doing a_approach_arm
trials-all-1  | [arm-1] [INFO] [1698527264.450237879] [arm]: not ready
trials-all-1  | [arm-1] [INFO] [1698527264.460313825] [arm]: Action result: False
trials-all-1  | [arm-1] [INFO] [1698527264.466625418] [arm]: Action: a_pick_up_sample
trials-all-1  | [arm-1] [INFO] [1698527264.474732179] [arm]: Doing a_pick_up_sample
trials-all-1  | [robot-6] [INFO] [1698527264.481255792] [robot]: Receiving sync message. a_pick_up_sample,arm1,robot1
trials-all-1  | [robot-6] [INFO] [1698527264.485829221] [robot]: not ready
trials-all-1  | [arm-1] [INFO] [1698527264.499045462] [arm]: not ready
trials-all-1  | [arm-1] [INFO] [1698527264.508306332] [arm]: Action result: False
trials-all-1  | [arm-1] [INFO] [1698527264.515278987] [arm]: Action: a_pick_up_sample
trials-all-1  | [arm-1] [INFO] [1698527264.523521761] [arm]: Doing a_pick_up_sample
trials-all-1  | [robot-6] [INFO] [1698527264.530199388] [robot]: Receiving sync message. a_pick_up_sample,arm1,robot1
trials-all-1  | [robot-6] [INFO] [1698527264.534082752] [robot]: not ready
trials-all-1  | [arm-1] [INFO] [1698527264.545171794] [arm]: not ready
trials-all-1  | [arm-1] [INFO] [1698527264.552778508] [arm]: Action result: False
trials-all-1  | [arm-1] [INFO] [1698527264.559333124] [arm]: Action: a_pick_up_sample
trials-all-1  | [arm-1] [INFO] [1698527264.567756915] [arm]: Doing a_pick_up_sample
trials-all-1  | [robot-6] [INFO] [1698527264.574800576] [robot]: Receiving sync message. a_pick_up_sample,arm1,robot1
trials-all-1  | [environment-3] [INFO] [1698527264.578259901] [environment]: Receiving message: monitor
trials-all-1  | [robot-6] [INFO] [1698527264.579364004] [robot]: not ready
trials-all-1  | [environment-3] [INFO] [1698527264.583945435] [environment]: Action: monitor
trials-all-1  | [arm-1] [INFO] [1698527264.593926372] [arm]: not ready
trials-all-1  | [arm-1] [INFO] [1698527264.598847834] [arm]: Action result: False
trials-all-1  | [environment-3] [INFO] [1698527264.601993129] [environment]: Receiving message: a_approach_arm,robot1,arm1
trials-all-1  | [environment-3] [INFO] [1698527264.606733575] [environment]: Action: a_approach_arm
trials-all-1  | [arm-1] [INFO] [1698527264.621783988] [arm]: Action: a_pick_up_sample
trials-all-1  | [arm-1] [INFO] [1698527264.626936472] [arm]: Doing a_pick_up_sample
trials-all-1  | [environment-3] [INFO] [1698527264.629457708] [environment]: Responding
trials-all-1  | [robot-6] [INFO] [1698527264.644384110] [robot]: Receiving sync message. a_pick_up_sample,arm1,robot1
trials-all-1  | [robot-6] [INFO] [1698527264.653034922] [robot]: not ready
trials-all-1  | [environment-3] [INFO] [1698527264.658779462] [environment]: Receiving message: monitor
trials-all-1  | [arm-1] [INFO] [1698527264.670612573] [arm]: not ready
trials-all-1  | [arm-1] [INFO] [1698527264.680929542] [arm]: Action result: False
trials-all-1  | [robot-6] [INFO] [1698527264.681973640] [robot]: success
trials-all-1  | [arm-1] [INFO] [1698527264.686879100] [arm]: Action: a_pick_up_sample
trials-all-1  | [environment-3] [INFO] [1698527264.686879100] [environment]: Action: monitor
trials-all-1  | [arm-1] [INFO] [1698527264.695445905] [arm]: Doing a_pick_up_sample
trials-all-1  | [robot-6] [INFO] [1698527264.709161193] [robot]: Action result: True
trials-all-1  | [robot-6] [INFO] [1698527264.714092656] [robot]: Receiving sync message. a_pick_up_sample,arm1,robot1
trials-all-1  | [robot-6] [INFO] [1698527264.718555075] [robot]: not ready
trials-all-1  | [coordinator-2] [INFO] [1698527264.717983021] [coordinator]: Receiving sync message: action_complete,a_approach_arm
trials-all-1  | [coordinator-2] [INFO] [1698527264.722831477] [coordinator]: action_complete
trials-all-1  | [coordinator-2] [INFO] [1698527264.727446910] [coordinator]: plans_actions_current 8 of 11
trials-all-1  | [arm-1] [INFO] [1698527264.728082970] [arm]: not ready
trials-all-1  | [arm-1] [INFO] [1698527264.739425035] [arm]: Action result: False
trials-all-1  | [arm-1] [INFO] [1698527264.745106568] [arm]: Action: a_pick_up_sample
trials-all-1  | [arm-1] [INFO] [1698527264.749510982] [arm]: Doing a_pick_up_sample
trials-all-1  | [robot-6] [INFO] [1698527264.743064376] [robot]: Action: a_open_drawer
trials-all-1  | [robot-6] [INFO] [1698527264.749329965] [robot]: Doing a_open_drawer
trials-all-1  | [robot-6] [INFO] [1698527264.772729162] [robot]: Receiving sync message. a_pick_up_sample,arm1,robot1
trials-all-1  | [robot-6] [INFO] [1698527264.777201582] [robot]: not ready
trials-all-1  | [environment-3] [INFO] [1698527264.772759165] [environment]: Receiving message: monitor
trials-all-1  | [environment-3] [INFO] [1698527264.778405695] [environment]: Action: monitor
trials-all-1  | [arm-1] [INFO] [1698527264.789317720] [arm]: not ready
trials-all-1  | [robot-6] [INFO] [1698527264.797758512] [robot]: success
trials-all-1  | [robot-6] [INFO] [1698527264.801620875] [robot]: Action result: True
trials-all-1  | [arm-1] [INFO] [1698527264.804195117] [arm]: Action result: False
trials-all-1  | [arm-1] [INFO] [1698527264.808849554] [arm]: Action: a_pick_up_sample
trials-all-1  | [coordinator-2] [INFO] [1698527264.812223871] [coordinator]: Receiving sync message: action_complete,a_open_drawer
trials-all-1  | [arm-1] [INFO] [1698527264.813824021] [arm]: Doing a_pick_up_sample
trials-all-1  | [robot-6] [INFO] [1698527264.821460738] [robot]: Receiving sync message. a_pick_up_sample,arm1,robot1
trials-all-1  | [environment-3] [INFO] [1698527264.825059076] [environment]: Receiving message: monitor
trials-all-1  | [robot-6] [INFO] [1698527264.825807146] [robot]: not ready
trials-all-1  | [coordinator-2] [INFO] [1698527264.829824523] [coordinator]: action_complete
trials-all-1  | [arm-1] [INFO] [1698527264.837170213] [arm]: not ready
trials-all-1  | [arm-1] [INFO] [1698527264.845037952] [arm]: Action result: False
trials-all-1  | [arm-1] [INFO] [1698527264.851731581] [arm]: Action: a_pick_up_sample
trials-all-1  | [environment-3] [INFO] [1698527264.851949601] [environment]: Action: monitor
trials-all-1  | [coordinator-2] [INFO] [1698527264.860455400] [coordinator]: plans_actions_current 9 of 11
trials-all-1  | [arm-1] [INFO] [1698527264.865670890] [arm]: Doing a_pick_up_sample
trials-all-1  | [robot-6] [INFO] [1698527264.877302982] [robot]: Action: a_pick_up_sample
trials-all-1  | [robot-6] [INFO] [1698527264.886268824] [robot]: Doing a_pick_up_sample
trials-all-1  | [environment-3] [INFO] [1698527264.893092465] [environment]: Receiving message: monitor
trials-all-1  | [robot-6] [INFO] [1698527264.896780811] [robot]: Receiving sync message. a_pick_up_sample,arm1,robot1
trials-all-1  | [robot-6] [INFO] [1698527264.902695366] [robot]: Pick up
trials-all-1  | [environment-3] [INFO] [1698527264.908489910] [environment]: Action: monitor
trials-all-1  | [arm-1] [INFO] [1698527264.914199447] [arm]: success
trials-all-1  | [environment-3] [INFO] [1698527264.922288206] [environment]: Receiving message: monitor
trials-all-1  | [robot-6] [INFO] [1698527264.925280487] [robot]: wating for arm1 to pick up from robot1
trials-all-1  | [arm-1] [INFO] [1698527264.931426064] [arm]: Action result: True
trials-all-1  | [robot-6] [INFO] [1698527264.938482727] [robot]: Action result: False
trials-all-1  | [environment-3] [INFO] [1698527264.945310368] [environment]: Action: monitor
trials-all-1  | [robot-6] [INFO] [1698527264.958399597] [robot]: Action: a_pick_up_sample
trials-all-1  | [robot-6] [INFO] [1698527264.966160326] [robot]: Doing a_pick_up_sample
trials-all-1  | [robot-6] [INFO] [1698527264.975172172] [robot]: Action result: True
trials-all-1  | [environment-3] [INFO] [1698527264.975790230] [environment]: Receiving message: monitor
trials-all-1  | [coordinator-2] [INFO] [1698527264.986697254] [coordinator]: Receiving sync message: action_complete,a_pick_up_sample
trials-all-1  | [coordinator-2] [INFO] [1698527264.992720820] [coordinator]: action_complete
trials-all-1  | [coordinator-2] [INFO] [1698527264.999089418] [coordinator]: plans_actions_current 10 of 11
trials-all-1  | [robot-6] [INFO] [1698527265.008879334] [robot]: Action: a_close_drawer
trials-all-1  | [environment-3] [INFO] [1698527265.014382846] [environment]: Action: monitor
trials-all-1  | [robot-6] [INFO] [1698527265.014558863] [robot]: Doing a_close_drawer
trials-all-1  | [robot-6] [INFO] [1698527265.039232161] [robot]: success
trials-all-1  | [environment-3] [INFO] [1698527265.045470742] [environment]: Receiving message: monitor
trials-all-1  | [robot-6] [INFO] [1698527265.045654759] [robot]: Action result: True
trials-all-1  | [environment-3] [INFO] [1698527265.051768328] [environment]: Action: monitor
trials-all-1  | [coordinator-2] [INFO] [1698527265.058922995] [coordinator]: Receiving sync message: action_complete,a_close_drawer
trials-all-1  | [coordinator-2] [INFO] [1698527265.065929647] [coordinator]: action_complete
trials-all-1  | [coordinator-2] [INFO] [1698527265.070555078] [coordinator]: plans_actions_current 11 of 11
trials-all-1  | [coordinator-2] [INFO] [1698527265.074359433] [coordinator]: The time of execution of above program is:2.329185724258423
trials-all-1  | [coordinator-2] [INFO] [1698527265.078620830] [coordinator]: Achieved
trials-all-1  | [coordinator-2] [INFO] [1698527265.087661672] [coordinator]: ENDSIM
trials-all-1 exited with code 0
