 Network trials_ros  Creating
 Network trials_ros  Created
 Container trials-all-1  Creating
 Container trials-all-1  Created
Attaching to trials-all-1
trials-all-1  | [INFO] [launch]: All log files can be found below /root/.ros/log/2023-10-28-23-43-57-351502-6410548de23c-1
trials-all-1  | [INFO] [launch]: Default logging verbosity is set to INFO
trials-all-1  | [INFO] [arm-1]: process started with pid [52]
trials-all-1  | [INFO] [coordinator-2]: process started with pid [54]
trials-all-1  | [INFO] [environment-3]: process started with pid [56]
trials-all-1  | [INFO] [nurse-4]: process started with pid [58]
trials-all-1  | [INFO] [planner-5]: process started with pid [60]
trials-all-1  | [INFO] [robot-6]: process started with pid [62]
trials-all-1  | [environment-3] [INFO] [1698536641.123478278] [environment]: Starting Environment server
trials-all-1  | [environment-3] [INFO] [1698536641.155388684] [environment]: Environment server started
trials-all-1  | [robot-6] [INFO] [1698536641.188071099] [robot]: Starting Robot server
trials-all-1  | [arm-1] [INFO] [1698536641.247271853] [arm]: Starting Arm server
trials-all-1  | [robot-6] [INFO] [1698536641.267297107] [robot]: Robot server started
trials-all-1  | [robot-6] [INFO] [1698536641.271849165] [robot]: Starting Robots clients
trials-all-1  | [arm-1] [INFO] [1698536641.295920471] [arm]: Arm server started
trials-all-1  | [coordinator-2] [INFO] [1698536641.298139500] [coordinator]: Starting Coordinator server
trials-all-1  | [arm-1] [INFO] [1698536641.300406528] [arm]: Starting Nurse clients
trials-all-1  | [arm-1] [INFO] [1698536641.371876438] [arm]: Nurse clients started
trials-all-1  | [coordinator-2] [INFO] [1698536641.386684626] [coordinator]: Coordinator server started
trials-all-1  | [coordinator-2] [INFO] [1698536641.405830870] [coordinator]: Starting Coordinator clients
trials-all-1  | [nurse-4] [INFO] [1698536641.501045081] [nurse]: Starting Nurse server
trials-all-1  | [nurse-4] [INFO] [1698536641.528056424] [nurse]: Nurse server started
trials-all-1  | [nurse-4] [INFO] [1698536641.536787535] [nurse]: Starting Nurse clients
trials-all-1  | [robot-6] [INFO] [1698536641.613070506] [robot]: Robots clients started
trials-all-1  | [nurse-4] [INFO] [1698536641.653296018] [nurse]: Nurse clients started
trials-all-1  | [nurse-4] [INFO] [1698536641.672207258] [nurse]: Sent request
trials-all-1  | [coordinator-2] [INFO] [1698536642.429974877] [coordinator]: planner sync service not available, waiting again...
trials-all-1  | [coordinator-2] [INFO] [1698536643.440916665] [coordinator]: planner sync service not available, waiting again...
trials-all-1  | [coordinator-2] [INFO] [1698536644.454728439] [coordinator]: planner sync service not available, waiting again...
trials-all-1  | [coordinator-2] [INFO] [1698536645.465331122] [coordinator]: planner sync service not available, waiting again...
trials-all-1  | [coordinator-2] [INFO] [1698536646.476840766] [coordinator]: planner sync service not available, waiting again...
trials-all-1  | [coordinator-2] [INFO] [1698536647.487829354] [coordinator]: planner sync service not available, waiting again...
trials-all-1  | [planner-5] Matplotlib is building the font cache; this may take a moment.
trials-all-1  | [coordinator-2] [INFO] [1698536648.498136883] [coordinator]: planner sync service not available, waiting again...
trials-all-1  | [coordinator-2] [INFO] [1698536649.509583376] [coordinator]: planner sync service not available, waiting again...
trials-all-1  | [coordinator-2] [INFO] [1698536650.520269810] [coordinator]: planner sync service not available, waiting again...
trials-all-1  | [planner-5] [INFO] [1698536651.003368742] [planner]: Starting Planner server
trials-all-1  | [planner-5] [INFO] [1698536651.025807016] [planner]: Planner server started
trials-all-1  | [coordinator-2] [INFO] [1698536651.532917218] [coordinator]: planner sync service not available, waiting again...
trials-all-1  | [coordinator-2] [INFO] [1698536652.548420611] [coordinator]: planner sync service not available, waiting again...
trials-all-1  | [coordinator-2] [INFO] [1698536653.154556987] [coordinator]: Coordinator clients started
trials-all-1  | [coordinator-2] [INFO] [1698536653.188823403] [coordinator]: Receiving message of nurse1 in room3.
trials-all-1  | [coordinator-2] [INFO] [1698536653.198407519] [coordinator]: Sending response
trials-all-1  | [coordinator-2] [INFO] [1698536653.212962696] [coordinator]: Planing
trials-all-1  | [nurse-4] [INFO] [1698536653.214309712] [nurse]: Request response:Okay!
trials-all-1  | [coordinator-2] [INFO] [1698536653.217997757] [coordinator]: Creating plan for: robot1, nurse1, arm1 
trials-all-1  | [planner-5] [INFO] [1698536653.227959878] [planner]: Receiving sync message. need_plan,robot1,nurse1,arm1
trials-all-1  | [planner-5] [INFO] [1698536653.244547079] [planner]: Creating plan for: robot1 robot1 nurse1
trials-all-1  | [planner-5] [INFO] [1698536653.266075340] [planner]: a_navto,robot1,Room1
trials-all-1  | [planner-5] [INFO] [1698536653.277256476] [planner]: a_approach_nurse,robot1
trials-all-1  | [planner-5] [INFO] [1698536653.287738603] [planner]: a_authenticate_nurse,robot1,nurse1
trials-all-1  | [planner-5] [INFO] [1698536653.298003728] [planner]: a_open_drawer,robot1
trials-all-1  | [planner-5] [INFO] [1698536653.312999910] [planner]: a_deposit,nurse1,robot1
trials-all-1  | [planner-5] [INFO] [1698536653.323122032] [planner]: a_close_drawer,robot1
trials-all-1  | [planner-5] [INFO] [1698536653.333437158] [planner]: a_navto,robot1,Room3
trials-all-1  | [planner-5] [INFO] [1698536653.342853272] [planner]: a_approach_arm,robot1,arm1
trials-all-1  | [planner-5] [INFO] [1698536653.352906394] [planner]: a_open_drawer,robot1
trials-all-1  | [planner-5] [INFO] [1698536653.361422497] [planner]: a_pick_up_sample,arm1,robot1
trials-all-1  | [planner-5] [INFO] [1698536653.371669621] [planner]: a_close_drawer,robot1
trials-all-1  | [planner-5] [INFO] [1698536653.389514838] [planner]: Sending response
trials-all-1  | [coordinator-2] [INFO] [1698536653.658849106] [coordinator]: Plan received for: robot1, nurse1, arm1 
trials-all-1  | [coordinator-2] [INFO] [1698536653.677171328] [coordinator]: a_navto,robot1,Room1/a_approach_nurse,robot1/a_authenticate_nurse,robot1,nurse1/a_open_drawer,robot1/a_deposit,nurse1,robot1/a_close_drawer,robot1/a_navto,robot1,Room3/a_approach_arm,robot1,arm1/a_open_drawer,robot1/a_pick_up_sample,arm1,robot1/a_close_drawer,robot1
trials-all-1  | [coordinator-2] [INFO] [1698536653.681368379] [coordinator]: a_navto,robot1,Room1
trials-all-1  | [coordinator-2] [INFO] [1698536653.685684431] [coordinator]: a_approach_nurse,robot1
trials-all-1  | [coordinator-2] [INFO] [1698536653.702175631] [coordinator]: a_authenticate_nurse,robot1,nurse1
trials-all-1  | [coordinator-2] [INFO] [1698536653.706274681] [coordinator]: a_open_drawer,robot1
trials-all-1  | [coordinator-2] [INFO] [1698536653.723745893] [coordinator]: a_deposit,nurse1,robot1
trials-all-1  | [coordinator-2] [INFO] [1698536653.728982957] [coordinator]: a_close_drawer,robot1
trials-all-1  | [coordinator-2] [INFO] [1698536653.733363010] [coordinator]: a_navto,robot1,Room3
trials-all-1  | [coordinator-2] [INFO] [1698536653.750539218] [coordinator]: a_approach_arm,robot1,arm1
trials-all-1  | [coordinator-2] [INFO] [1698536653.755352277] [coordinator]: a_open_drawer,robot1
trials-all-1  | [coordinator-2] [INFO] [1698536653.759336325] [coordinator]: a_pick_up_sample,arm1,robot1
trials-all-1  | [coordinator-2] [INFO] [1698536653.763013370] [coordinator]: a_close_drawer,robot1
trials-all-1  | [coordinator-2] [INFO] [1698536653.777777549] [coordinator]: Sending plans
trials-all-1  | [nurse-4] [INFO] [1698536653.793248736] [nurse]: Receiving message.
trials-all-1  | [coordinator-2] [INFO] [1698536653.797971794] [coordinator]: Plans sent
trials-all-1  | [arm-1] [INFO] [1698536653.807978915] [arm]: Receiving message.
trials-all-1  | [environment-3] [INFO] [1698536653.810568947] [environment]: Receiving message: monitor
trials-all-1  | [arm-1] [INFO] [1698536653.813760985] [arm]: Arm's actions:
trials-all-1  | [robot-6] [INFO] [1698536653.818843047] [robot]: Receiving message.
trials-all-1  | [robot-6] [INFO] [1698536653.823882108] [robot]: Robot's actions:
trials-all-1  | [robot-6] [INFO] [1698536653.828506164] [robot]: a_navto
trials-all-1  | [nurse-4] [INFO] [1698536653.828779167] [nurse]: Nurse's actions:
trials-all-1  | [environment-3] [INFO] [1698536653.830456188] [environment]: Action: monitor
trials-all-1  | [robot-6] [INFO] [1698536653.835654251] [robot]: Action: a_navto
trials-all-1  | [arm-1] [INFO] [1698536653.837570274] [arm]: a_approach_arm
trials-all-1  | [arm-1] [INFO] [1698536653.843251343] [arm]: Action: a_approach_arm
trials-all-1  | [coordinator-2] [INFO] [1698536653.846582383] [coordinator]: Found a problem
trials-all-1  | [nurse-4] [INFO] [1698536653.850491431] [nurse]: Action: a_authenticate_nurse
trials-all-1  | [coordinator-2] [INFO] [1698536653.850956437] [coordinator]: Updating planner state
trials-all-1  | [robot-6] [INFO] [1698536653.854705482] [robot]: Doing a_navto
trials-all-1  | [nurse-4] [INFO] [1698536653.855112487] [nurse]: a_authenticate_nurse
trials-all-1  | [planner-5] [INFO] [1698536653.862511577] [planner]: Receiving sync message. update_state,door_closed,Room3
trials-all-1  | [arm-1] [INFO] [1698536653.863570590] [arm]: Doing a_approach_arm
trials-all-1  | [nurse-4] [INFO] [1698536653.865620614] [nurse]: Doing a_authenticate_nurse
trials-all-1  | [planner-5] [INFO] [1698536653.866589626] [planner]: door_closed
trials-all-1  | [environment-3] [INFO] [1698536653.876853751] [environment]: Receiving message: a_navto,robot1,Room1
trials-all-1  | [coordinator-2] [INFO] [1698536653.878279768] [coordinator]: Planner state updated
trials-all-1  | [environment-3] [INFO] [1698536653.881721810] [environment]: Action: a_navto
trials-all-1  | [coordinator-2] [INFO] [1698536653.882744822] [coordinator]: Planing
trials-all-1  | [robot-6] [INFO] [1698536653.885277853] [robot]: a_approach_nurse
trials-all-1  | [robot-6] [INFO] [1698536653.889700907] [robot]: a_open_drawer
trials-all-1  | [robot-6] [INFO] [1698536653.893645954] [robot]: a_deposit
trials-all-1  | [robot-6] [INFO] [1698536653.897554002] [robot]: a_close_drawer
trials-all-1  | [robot-6] [INFO] [1698536653.901458049] [robot]: a_navto
trials-all-1  | [robot-6] [INFO] [1698536653.905867103] [robot]: a_approach_arm
trials-all-1  | [robot-6] [INFO] [1698536653.910020153] [robot]: a_open_drawer
trials-all-1  | [robot-6] [INFO] [1698536653.914206204] [robot]: a_pick_up_sample
trials-all-1  | [environment-3] [INFO] [1698536653.914400206] [environment]: Responding
trials-all-1  | [coordinator-2] [INFO] [1698536653.917890249] [coordinator]: Creating plan for: robot1, nurse1, arm1 
trials-all-1  | [planner-5] [INFO] [1698536653.927314363] [planner]: Receiving sync message. need_plan,robot1,nurse1,arm1
trials-all-1  | [robot-6] [INFO] [1698536653.930654403] [robot]: a_close_drawer
trials-all-1  | [planner-5] [INFO] [1698536653.935658464] [planner]: Creating plan for: robot1 robot1 nurse1
trials-all-1  | [environment-3] [INFO] [1698536653.937469486] [environment]: Receiving message: a_approach_arm,robot1,arm1
trials-all-1  | [planner-5] [INFO] [1698536653.945290581] [planner]: a_navto,robot1,Room1
trials-all-1  | [robot-6] [INFO] [1698536653.948196616] [robot]: Receiving sync message. a_authenticate_nurse,robot1,nurse1
trials-all-1  | [planner-5] [INFO] [1698536653.949480632] [planner]: a_approach_nurse,robot1
trials-all-1  | [environment-3] [INFO] [1698536653.953694683] [environment]: Action: a_approach_arm
trials-all-1  | [planner-5] [INFO] [1698536653.953992687] [planner]: a_authenticate_nurse,robot1,nurse1
trials-all-1  | [planner-5] [INFO] [1698536653.958453741] [planner]: a_open_drawer,robot1
trials-all-1  | [robot-6] [INFO] [1698536653.959828757] [robot]: not ready
trials-all-1  | [environment-3] [INFO] [1698536653.960240762] [environment]: Responding
trials-all-1  | [planner-5] [INFO] [1698536653.966646840] [planner]: a_deposit,nurse1,robot1
trials-all-1  | [planner-5] [INFO] [1698536653.970609888] [planner]: a_close_drawer,robot1
trials-all-1  | [planner-5] [INFO] [1698536653.974805939] [planner]: a_open_door,nurse1,Room3
trials-all-1  | [planner-5] [INFO] [1698536653.978662986] [planner]: a_navto,robot1,Room3
trials-all-1  | [arm-1] [INFO] [1698536653.980708011] [arm]: success
trials-all-1  | [planner-5] [INFO] [1698536653.983029039] [planner]: a_approach_arm,robot1,arm1
trials-all-1  | [arm-1] [INFO] [1698536653.985489069] [arm]: Action result: True
trials-all-1  | [planner-5] [INFO] [1698536653.987350091] [planner]: a_open_drawer,robot1
trials-all-1  | [planner-5] [INFO] [1698536653.991912147] [planner]: a_pick_up_sample,arm1,robot1
trials-all-1  | [planner-5] [INFO] [1698536653.995619192] [planner]: a_close_drawer,robot1
trials-all-1  | [nurse-4] [INFO] [1698536654.001683265] [nurse]: not ready
trials-all-1  | [robot-6] [INFO] [1698536654.002455275] [robot]: success
trials-all-1  | [arm-1] [INFO] [1698536654.003161283] [arm]: Action: a_pick_up_sample
trials-all-1  | [nurse-4] [INFO] [1698536654.006477323] [nurse]: Action result: False
trials-all-1  | [robot-6] [INFO] [1698536654.006631325] [robot]: Action result: True
trials-all-1  | [planner-5] [INFO] [1698536654.009923365] [planner]: Sending response
trials-all-1  | [arm-1] [INFO] [1698536654.011355382] [arm]: Doing a_pick_up_sample
trials-all-1  | [nurse-4] [INFO] [1698536654.020177489] [nurse]: Action: a_authenticate_nurse
trials-all-1  | [coordinator-2] [INFO] [1698536654.020918498] [coordinator]: Plan received for: robot1, nurse1, arm1 
trials-all-1  | [robot-6] [INFO] [1698536654.021245502] [robot]: Receiving sync message. a_pick_up_sample,arm1,robot1
trials-all-1  | [robot-6] [INFO] [1698536654.025204550] [robot]: not ready
trials-all-1  | [coordinator-2] [INFO] [1698536654.030318611] [coordinator]: Receiving sync message: action_complete,a_navto
trials-all-1  | [nurse-4] [INFO] [1698536654.037872703] [nurse]: Doing a_authenticate_nurse
trials-all-1  | [arm-1] [INFO] [1698536654.038082705] [arm]: not ready
trials-all-1  | [coordinator-2] [INFO] [1698536654.041377745] [coordinator]: a_navto,robot1,Room1/a_approach_nurse,robot1/a_authenticate_nurse,robot1,nurse1/a_open_drawer,robot1/a_deposit,nurse1,robot1/a_close_drawer,robot1/a_open_door,nurse1,Room3/a_navto,robot1,Room3/a_approach_arm,robot1,arm1/a_open_drawer,robot1/a_pick_up_sample,arm1,robot1/a_close_drawer,robot1
trials-all-1  | [robot-6] [INFO] [1698536654.044281780] [robot]: Receiving sync message. a_authenticate_nurse,robot1,nurse1
trials-all-1  | [arm-1] [INFO] [1698536654.045369793] [arm]: Action result: False
trials-all-1  | [robot-6] [INFO] [1698536654.047865823] [robot]: not ready
trials-all-1  | [arm-1] [INFO] [1698536654.056553928] [arm]: Action: a_pick_up_sample
trials-all-1  | [nurse-4] [INFO] [1698536654.057364938] [nurse]: not ready
trials-all-1  | [nurse-4] [INFO] [1698536654.061446988] [nurse]: Action result: False
trials-all-1  | [arm-1] [INFO] [1698536654.062138996] [arm]: Doing a_pick_up_sample
trials-all-1  | [coordinator-2] [INFO] [1698536654.065247034] [coordinator]: action_complete
trials-all-1  | [coordinator-2] [INFO] [1698536654.066807052] [coordinator]: a_navto,robot1,Room1
trials-all-1  | [robot-6] [INFO] [1698536654.069786088] [robot]: Receiving sync message. a_pick_up_sample,arm1,robot1
trials-all-1  | [robot-6] [INFO] [1698536654.073531134] [robot]: not ready
trials-all-1  | [nurse-4] [INFO] [1698536654.074859150] [nurse]: Action: a_authenticate_nurse
trials-all-1  | [coordinator-2] [INFO] [1698536654.077571182] [coordinator]: plans_actions_current 1 of 11
trials-all-1  | [nurse-4] [INFO] [1698536654.079075201] [nurse]: Doing a_authenticate_nurse
trials-all-1  | [coordinator-2] [INFO] [1698536654.086175286] [coordinator]: a_approach_nurse,robot1
trials-all-1  | [robot-6] [INFO] [1698536654.086680293] [robot]: Receiving sync message. a_authenticate_nurse,robot1,nurse1
trials-all-1  | [robot-6] [INFO] [1698536654.091308348] [robot]: not ready
trials-all-1  | [arm-1] [INFO] [1698536654.091790354] [arm]: not ready
trials-all-1  | [robot-6] [INFO] [1698536654.097291421] [robot]: Action: a_approach_nurse
trials-all-1  | [coordinator-2] [INFO] [1698536654.101588473] [coordinator]: a_authenticate_nurse,robot1,nurse1
trials-all-1  | [nurse-4] [INFO] [1698536654.103840500] [nurse]: not ready
trials-all-1  | [arm-1] [INFO] [1698536654.106004526] [arm]: Action result: False
trials-all-1  | [coordinator-2] [INFO] [1698536654.107023538] [coordinator]: a_open_drawer,robot1
trials-all-1  | [robot-6] [INFO] [1698536654.109843572] [robot]: Doing a_approach_nurse
trials-all-1  | [nurse-4] [INFO] [1698536654.110929586] [nurse]: Action result: False
trials-all-1  | [coordinator-2] [INFO] [1698536654.112884609] [coordinator]: a_deposit,nurse1,robot1
trials-all-1  | [nurse-4] [INFO] [1698536654.115088636] [nurse]: Action: a_authenticate_nurse
trials-all-1  | [arm-1] [INFO] [1698536654.117669667] [arm]: Action: a_pick_up_sample
trials-all-1  | [coordinator-2] [INFO] [1698536654.118517677] [coordinator]: a_close_drawer,robot1
trials-all-1  | [nurse-4] [INFO] [1698536654.122004719] [nurse]: Doing a_authenticate_nurse
trials-all-1  | [coordinator-2] [INFO] [1698536654.127193782] [coordinator]: a_open_door,nurse1,Room3
trials-all-1  | [robot-6] [INFO] [1698536654.127690788] [robot]: Receiving sync message. a_authenticate_nurse,robot1,nurse1
trials-all-1  | [arm-1] [INFO] [1698536654.130149818] [arm]: Doing a_pick_up_sample
trials-all-1  | [robot-6] [INFO] [1698536654.132247843] [robot]: not ready
trials-all-1  | [coordinator-2] [INFO] [1698536654.134844875] [coordinator]: a_navto,robot1,Room3
trials-all-1  | [environment-3] [INFO] [1698536654.137621908] [environment]: Receiving message: a_approach_nurse,robot1
trials-all-1  | [robot-6] [INFO] [1698536654.138623920] [robot]: Receiving sync message. a_pick_up_sample,arm1,robot1
trials-all-1  | [robot-6] [INFO] [1698536654.143128975] [robot]: not ready
trials-all-1  | [environment-3] [INFO] [1698536654.150422063] [environment]: Action: a_approach_nurse
trials-all-1  | [nurse-4] [INFO] [1698536654.152184084] [nurse]: not ready
trials-all-1  | [arm-1] [INFO] [1698536654.154736115] [arm]: not ready
trials-all-1  | [environment-3] [INFO] [1698536654.155152120] [environment]: Responding
trials-all-1  | [nurse-4] [INFO] [1698536654.156175132] [nurse]: Action result: False
trials-all-1  | [coordinator-2] [INFO] [1698536654.164480233] [coordinator]: a_approach_arm,robot1,arm1
trials-all-1  | [nurse-4] [INFO] [1698536654.164935238] [nurse]: Action: a_authenticate_nurse
trials-all-1  | [arm-1] [INFO] [1698536654.167934274] [arm]: Action result: False
trials-all-1  | [robot-6] [INFO] [1698536654.172361328] [robot]: success
trials-all-1  | [arm-1] [INFO] [1698536654.173404341] [arm]: Action: a_pick_up_sample
trials-all-1  | [robot-6] [INFO] [1698536654.176489378] [robot]: Action result: True
trials-all-1  | [arm-1] [INFO] [1698536654.178892407] [arm]: Doing a_pick_up_sample
trials-all-1  | [nurse-4] [INFO] [1698536654.182914455] [nurse]: Doing a_authenticate_nurse
trials-all-1  | [coordinator-2] [INFO] [1698536654.185168483] [coordinator]: Receiving sync message: action_complete,a_approach_nurse
trials-all-1  | [robot-6] [INFO] [1698536654.186378497] [robot]: Receiving sync message. a_pick_up_sample,arm1,robot1
trials-all-1  | [robot-6] [INFO] [1698536654.190270544] [robot]: not ready
trials-all-1  | [robot-6] [INFO] [1698536654.197286629] [robot]: Receiving sync message. a_authenticate_nurse,robot1,nurse1
trials-all-1  | [coordinator-2] [INFO] [1698536654.199148652] [coordinator]: a_open_drawer,robot1
trials-all-1  | [robot-6] [INFO] [1698536654.201234677] [robot]: not ready
trials-all-1  | [arm-1] [INFO] [1698536654.201960686] [arm]: not ready
trials-all-1  | [nurse-4] [INFO] [1698536654.210745792] [nurse]: not ready
trials-all-1  | [coordinator-2] [INFO] [1698536654.212536813] [coordinator]: action_complete
trials-all-1  | [arm-1] [INFO] [1698536654.213616826] [arm]: Action result: False
trials-all-1  | [nurse-4] [INFO] [1698536654.214584838] [nurse]: Action result: False
trials-all-1  | [nurse-4] [INFO] [1698536654.218366884] [nurse]: Action: a_authenticate_nurse
trials-all-1  | [coordinator-2] [INFO] [1698536654.217468873] [coordinator]: plans_actions_current 2 of 11
trials-all-1  | [arm-1] [INFO] [1698536654.220453909] [arm]: Action: a_pick_up_sample
trials-all-1  | [nurse-4] [INFO] [1698536654.222232931] [nurse]: Doing a_authenticate_nurse
trials-all-1  | [robot-6] [INFO] [1698536654.229062013] [robot]: Receiving sync message. a_authenticate_nurse,robot1,nurse1
trials-all-1  | [arm-1] [INFO] [1698536654.229224015] [arm]: Doing a_pick_up_sample
trials-all-1  | [coordinator-2] [INFO] [1698536654.231728045] [coordinator]: a_pick_up_sample,arm1,robot1
trials-all-1  | [robot-6] [INFO] [1698536654.233378065] [robot]: not ready
trials-all-1  | [coordinator-2] [INFO] [1698536654.240988157] [coordinator]: a_close_drawer,robot1
trials-all-1  | [nurse-4] [INFO] [1698536654.243928193] [nurse]: not ready
trials-all-1  | [coordinator-2] [INFO] [1698536654.245488212] [coordinator]: Sending plans
trials-all-1  | [robot-6] [INFO] [1698536654.248348246] [robot]: Receiving sync message. a_pick_up_sample,arm1,robot1
trials-all-1  | [nurse-4] [INFO] [1698536654.253821312] [nurse]: Receiving message.
trials-all-1  | [nurse-4] [INFO] [1698536654.258345367] [nurse]: Nurse's actions:
trials-all-1  | [coordinator-2] [INFO] [1698536654.260130389] [coordinator]: Plans sent
trials-all-1  | [robot-6] [INFO] [1698536654.262248414] [robot]: not ready
trials-all-1  | [arm-1] [INFO] [1698536654.263956435] [arm]: Receiving message.
trials-all-1  | [robot-6] [INFO] [1698536654.269730505] [robot]: Action: a_authenticate_nurse
trials-all-1  | [arm-1] [INFO] [1698536654.271186522] [arm]: Arm's actions:
trials-all-1  | [robot-6] [INFO] [1698536654.274116558] [robot]: Doing a_authenticate_nurse
trials-all-1  | [nurse-4] [INFO] [1698536654.277311596] [nurse]: Action result: False
trials-all-1  | [arm-1] [INFO] [1698536654.279433622] [arm]: a_approach_arm
trials-all-1  | [nurse-4] [INFO] [1698536654.288687734] [nurse]: a_authenticate_nurse
trials-all-1  | [nurse-4] [INFO] [1698536654.293812796] [nurse]: a_open_door
trials-all-1  | [arm-1] [INFO] [1698536654.288681734] [arm]: a_pick_up_sample
trials-all-1  | [robot-6] [INFO] [1698536654.295237813] [robot]: Receiving message.
trials-all-1  | [environment-3] [INFO] [1698536654.298282850] [environment]: Receiving message: monitor
trials-all-1  | [environment-3] [INFO] [1698536654.302932906] [environment]: Action: monitor
trials-all-1  | [robot-6] [INFO] [1698536654.306685951] [robot]: wating for nurse1 to authenticate to robot1
trials-all-1  | [nurse-4] [INFO] [1698536654.312249018] [nurse]: Action: a_authenticate_nurse
trials-all-1  | [robot-6] [INFO] [1698536654.315514058] [robot]: Action result: False
trials-all-1  | [coordinator-2] [INFO] [1698536654.318700096] [coordinator]: Found a problem
trials-all-1  | [arm-1] [INFO] [1698536654.325130174] [arm]: not ready
trials-all-1  | [environment-3] [INFO] [1698536654.326056185] [environment]: Receiving message: monitor
trials-all-1  | [nurse-4] [INFO] [1698536654.328563216] [nurse]: Doing a_authenticate_nurse
trials-all-1  | [robot-6] [INFO] [1698536654.329554227] [robot]: Robot's actions:
trials-all-1  | [robot-6] [INFO] [1698536654.335252296] [robot]: Action: a_authenticate_nurse
trials-all-1  | [arm-1] [INFO] [1698536654.341440371] [arm]: Action result: False
trials-all-1  | [robot-6] [INFO] [1698536654.349108464] [robot]: a_navto
trials-all-1  | [robot-6] [INFO] [1698536654.355534541] [robot]: Doing a_authenticate_nurse
trials-all-1  | [robot-6] [INFO] [1698536654.359244586] [robot]: wating for nurse1 to authenticate to robot1
trials-all-1  | [environment-3] [INFO] [1698536654.349944474] [environment]: Action: monitor
trials-all-1  | [arm-1] [INFO] [1698536654.354425528] [arm]: Action: a_approach_arm
trials-all-1  | [arm-1] [INFO] [1698536654.358277575] [arm]: Doing a_approach_arm
trials-all-1  | [coordinator-2] [INFO] [1698536654.359765593] [coordinator]: Found a problem
trials-all-1  | [robot-6] [INFO] [1698536654.362959631] [robot]: Action result: False
trials-all-1  | [environment-3] [INFO] [1698536654.369738713] [environment]: Receiving message: a_approach_arm,robot1,arm1
trials-all-1  | [environment-3] [INFO] [1698536654.374441770] [environment]: Action: a_approach_arm
trials-all-1  | [robot-6] [INFO] [1698536654.376388793] [robot]: a_approach_nurse
trials-all-1  | [environment-3] [INFO] [1698536654.378491819] [environment]: Responding
trials-all-1  | [robot-6] [INFO] [1698536654.390100959] [robot]: a_open_drawer
trials-all-1  | [arm-1] [INFO] [1698536654.393345998] [arm]: success
trials-all-1  | [robot-6] [INFO] [1698536654.398465060] [robot]: a_deposit
trials-all-1  | [environment-3] [INFO] [1698536654.404723136] [environment]: Receiving message: monitor
trials-all-1  | [arm-1] [INFO] [1698536654.405535146] [arm]: Action result: True
trials-all-1  | [robot-6] [INFO] [1698536654.413012236] [robot]: a_close_drawer
trials-all-1  | [environment-3] [INFO] [1698536654.418552303] [environment]: Action: monitor
trials-all-1  | [robot-6] [INFO] [1698536654.420578327] [robot]: Action: a_navto
trials-all-1  | [arm-1] [INFO] [1698536654.433079479] [arm]: Action: a_pick_up_sample
trials-all-1  | [robot-6] [INFO] [1698536654.433419483] [robot]: a_navto
trials-all-1  | [coordinator-2] [INFO] [1698536654.435246505] [coordinator]: Found a problem
trials-all-1  | [robot-6] [INFO] [1698536654.437367530] [robot]: a_approach_arm
trials-all-1  | [arm-1] [INFO] [1698536654.437370530] [arm]: Doing a_pick_up_sample
trials-all-1  | [robot-6] [INFO] [1698536654.443076599] [robot]: Doing a_navto
trials-all-1  | [robot-6] [INFO] [1698536654.451465701] [robot]: a_open_drawer
trials-all-1  | [robot-6] [INFO] [1698536654.458108781] [robot]: a_pick_up_sample
trials-all-1  | [environment-3] [INFO] [1698536654.461370820] [environment]: Receiving message: monitor
trials-all-1  | [robot-6] [INFO] [1698536654.465092865] [robot]: a_close_drawer
trials-all-1  | [robot-6] [INFO] [1698536654.472035949] [robot]: Receiving sync message. a_authenticate_nurse,robot1,nurse1
trials-all-1  | [robot-6] [INFO] [1698536654.477212012] [robot]: not ready
trials-all-1  | [robot-6] [INFO] [1698536654.483992094] [robot]: Receiving sync message. a_pick_up_sample,arm1,robot1
trials-all-1  | [robot-6] [INFO] [1698536654.487676138] [robot]: not ready
trials-all-1  | [nurse-4] [INFO] [1698536654.485722115] [nurse]: not ready
trials-all-1  | [nurse-4] [INFO] [1698536654.491906189] [nurse]: Action result: False
trials-all-1  | [arm-1] [INFO] [1698536654.497259254] [arm]: not ready
trials-all-1  | [arm-1] [INFO] [1698536654.502415316] [arm]: Action result: False
trials-all-1  | [nurse-4] [INFO] [1698536654.504333340] [nurse]: Action: a_authenticate_nurse
trials-all-1  | [arm-1] [INFO] [1698536654.507196374] [arm]: Action: a_pick_up_sample
trials-all-1  | [arm-1] [INFO] [1698536654.511443426] [arm]: Doing a_pick_up_sample
trials-all-1  | [nurse-4] [INFO] [1698536654.515126470] [nurse]: Doing a_authenticate_nurse
trials-all-1  | [robot-6] [INFO] [1698536654.521066542] [robot]: Receiving sync message. a_pick_up_sample,arm1,robot1
trials-all-1  | [robot-6] [INFO] [1698536654.526352606] [robot]: not ready
trials-all-1  | [arm-1] [INFO] [1698536654.537234737] [arm]: not ready
trials-all-1  | [arm-1] [INFO] [1698536654.541869793] [arm]: Action result: False
trials-all-1  | [robot-6] [INFO] [1698536654.545953843] [robot]: Receiving sync message. a_authenticate_nurse,robot1,nurse1
trials-all-1  | [robot-6] [INFO] [1698536654.551470909] [robot]: not ready
trials-all-1  | [arm-1] [INFO] [1698536654.556373968] [arm]: Action: a_pick_up_sample
trials-all-1  | [arm-1] [INFO] [1698536654.561727033] [arm]: Doing a_pick_up_sample
trials-all-1  | [robot-6] [INFO] [1698536654.570539140] [robot]: Receiving sync message. a_pick_up_sample,arm1,robot1
trials-all-1  | [nurse-4] [INFO] [1698536654.575292197] [nurse]: not ready
trials-all-1  | [robot-6] [INFO] [1698536654.575806203] [robot]: not ready
trials-all-1  | [environment-3] [INFO] [1698536654.579452247] [environment]: Action: monitor
trials-all-1  | [arm-1] [INFO] [1698536654.590580382] [arm]: not ready
trials-all-1  | [coordinator-2] [INFO] [1698536654.591566394] [coordinator]: Found a problem
trials-all-1  | [nurse-4] [INFO] [1698536654.594252426] [nurse]: Action result: False
trials-all-1  | [nurse-4] [INFO] [1698536654.607230583] [nurse]: Action: a_authenticate_nurse
trials-all-1  | [arm-1] [INFO] [1698536654.609978616] [arm]: Action result: False
trials-all-1  | [nurse-4] [INFO] [1698536654.625022798] [nurse]: Doing a_authenticate_nurse
trials-all-1  | [arm-1] [INFO] [1698536654.629506852] [arm]: Action: a_pick_up_sample
trials-all-1  | [robot-6] [INFO] [1698536654.633989906] [robot]: Receiving sync message. a_authenticate_nurse,robot1,nurse1
trials-all-1  | [arm-1] [INFO] [1698536654.635514925] [arm]: Doing a_pick_up_sample
trials-all-1  | [robot-6] [INFO] [1698536654.640746988] [robot]: not ready
trials-all-1  | [robot-6] [INFO] [1698536654.648826086] [robot]: Receiving sync message. a_pick_up_sample,arm1,robot1
trials-all-1  | [nurse-4] [INFO] [1698536654.650791109] [nurse]: not ready
trials-all-1  | [robot-6] [INFO] [1698536654.654667156] [robot]: not ready
trials-all-1  | [arm-1] [INFO] [1698536654.668152319] [arm]: not ready
trials-all-1  | [nurse-4] [INFO] [1698536654.668913328] [nurse]: Action result: False
trials-all-1  | [nurse-4] [INFO] [1698536654.674681398] [nurse]: Action: a_authenticate_nurse
trials-all-1  | [nurse-4] [INFO] [1698536654.679840460] [nurse]: Doing a_authenticate_nurse
trials-all-1  | [arm-1] [INFO] [1698536654.676670422] [arm]: Action result: False
trials-all-1  | [arm-1] [INFO] [1698536654.683723507] [arm]: Action: a_pick_up_sample
trials-all-1  | [robot-6] [INFO] [1698536654.687616554] [robot]: Receiving sync message. a_authenticate_nurse,robot1,nurse1
trials-all-1  | [arm-1] [INFO] [1698536654.691056596] [arm]: Doing a_pick_up_sample
trials-all-1  | [robot-6] [INFO] [1698536654.693752629] [robot]: not ready
trials-all-1  | [environment-3] [INFO] [1698536654.700559711] [environment]: Receiving message: a_navto,robot1,Room1
trials-all-1  | [robot-6] [INFO] [1698536654.705786774] [robot]: Receiving sync message. a_pick_up_sample,arm1,robot1
trials-all-1  | [nurse-4] [INFO] [1698536654.706482782] [nurse]: not ready
trials-all-1  | [robot-6] [INFO] [1698536654.710200827] [robot]: not ready
trials-all-1  | [nurse-4] [INFO] [1698536654.710639833] [nurse]: Action result: False
trials-all-1  | [nurse-4] [INFO] [1698536654.721865968] [nurse]: Action: a_authenticate_nurse
trials-all-1  | [arm-1] [INFO] [1698536654.723285986] [arm]: not ready
trials-all-1  | [nurse-4] [INFO] [1698536654.727659038] [nurse]: Doing a_authenticate_nurse
trials-all-1  | [arm-1] [INFO] [1698536654.730822077] [arm]: Action result: False
trials-all-1  | [arm-1] [INFO] [1698536654.735737136] [arm]: Action: a_pick_up_sample
trials-all-1  | [robot-6] [INFO] [1698536654.736350143] [robot]: Receiving sync message. a_authenticate_nurse,robot1,nurse1
trials-all-1  | [arm-1] [INFO] [1698536654.744132237] [arm]: Doing a_pick_up_sample
trials-all-1  | [robot-6] [INFO] [1698536654.751907331] [robot]: not ready
trials-all-1  | [nurse-4] [INFO] [1698536654.766400507] [nurse]: not ready
trials-all-1  | [robot-6] [INFO] [1698536654.767459519] [robot]: Receiving sync message. a_pick_up_sample,arm1,robot1
trials-all-1  | [nurse-4] [INFO] [1698536654.773605594] [nurse]: Action result: False
trials-all-1  | [robot-6] [INFO] [1698536654.778888657] [robot]: not ready
trials-all-1  | [arm-1] [INFO] [1698536654.796111866] [arm]: not ready
trials-all-1  | [nurse-4] [INFO] [1698536654.799565907] [nurse]: Action: a_authenticate_nurse
trials-all-1  | [arm-1] [INFO] [1698536654.806375990] [arm]: Action result: False
trials-all-1  | [nurse-4] [INFO] [1698536654.808518015] [nurse]: Doing a_authenticate_nurse
trials-all-1  | [environment-3] [INFO] [1698536654.811151047] [environment]: Action: a_navto
trials-all-1  | [environment-3] [INFO] [1698536654.815437099] [environment]: Responding
trials-all-1  | [arm-1] [INFO] [1698536654.815386098] [arm]: Action: a_pick_up_sample
trials-all-1  | [robot-6] [INFO] [1698536654.817765127] [robot]: Receiving sync message. a_authenticate_nurse,robot1,nurse1
trials-all-1  | [robot-6] [INFO] [1698536654.823035191] [robot]: not ready
trials-all-1  | [environment-3] [INFO] [1698536654.833033312] [environment]: Receiving message: monitor
trials-all-1  | [environment-3] [INFO] [1698536654.836891358] [environment]: Action: monitor
trials-all-1  | [robot-6] [INFO] [1698536654.840307400] [robot]: success
trials-all-1  | [robot-6] [INFO] [1698536654.844190447] [robot]: Action result: True
trials-all-1  | [nurse-4] [INFO] [1698536654.846230471] [nurse]: not ready
trials-all-1  | [coordinator-2] [INFO] [1698536654.848870503] [coordinator]: Found a problem
trials-all-1  | [coordinator-2] [INFO] [1698536654.856414594] [coordinator]: Receiving sync message: action_complete,a_navto
trials-all-1  | [nurse-4] [INFO] [1698536654.856404594] [nurse]: Action result: False
trials-all-1  | [environment-3] [INFO] [1698536654.857147603] [environment]: Receiving message: monitor
trials-all-1  | [environment-3] [INFO] [1698536654.861194652] [environment]: Action: monitor
trials-all-1  | [arm-1] [INFO] [1698536654.861757659] [arm]: Doing a_pick_up_sample
trials-all-1  | [nurse-4] [INFO] [1698536654.862683670] [nurse]: Action: a_authenticate_nurse
trials-all-1  | [robot-6] [INFO] [1698536654.873284798] [robot]: Receiving sync message. a_pick_up_sample,arm1,robot1
trials-all-1  | [coordinator-2] [INFO] [1698536654.877099844] [coordinator]: action_complete
trials-all-1  | [nurse-4] [INFO] [1698536654.880582886] [nurse]: Doing a_authenticate_nurse
trials-all-1  | [coordinator-2] [INFO] [1698536654.884436933] [coordinator]: plans_actions_current 1 of 11
trials-all-1  | [robot-6] [INFO] [1698536654.885818950] [robot]: not ready
trials-all-1  | [robot-6] [INFO] [1698536654.895892071] [robot]: Receiving sync message. a_authenticate_nurse,robot1,nurse1
trials-all-1  | [robot-6] [INFO] [1698536654.901995145] [robot]: not ready
trials-all-1  | [arm-1] [INFO] [1698536654.904420174] [arm]: not ready
trials-all-1  | [robot-6] [INFO] [1698536654.909822240] [robot]: Action: a_approach_nurse
trials-all-1  | [arm-1] [INFO] [1698536654.916501320] [arm]: Action result: False
trials-all-1  | [nurse-4] [INFO] [1698536654.916610322] [nurse]: not ready
trials-all-1  | [robot-6] [INFO] [1698536654.928145461] [robot]: Doing a_approach_nurse
trials-all-1  | [coordinator-2] [INFO] [1698536654.930507490] [coordinator]: Found a problem
trials-all-1  | [nurse-4] [INFO] [1698536654.931170498] [nurse]: Action result: False
trials-all-1  | [nurse-4] [INFO] [1698536654.938177582] [nurse]: Action: a_authenticate_nurse
trials-all-1  | [arm-1] [INFO] [1698536654.940128606] [arm]: Action: a_pick_up_sample
trials-all-1  | [nurse-4] [INFO] [1698536654.944231655] [nurse]: Doing a_authenticate_nurse
trials-all-1  | [environment-3] [INFO] [1698536654.945472670] [environment]: Receiving message: a_approach_nurse,robot1
trials-all-1  | [arm-1] [INFO] [1698536654.948217704] [arm]: Doing a_pick_up_sample
trials-all-1  | [robot-6] [INFO] [1698536654.952736758] [robot]: Receiving sync message. a_authenticate_nurse,robot1,nurse1
trials-all-1  | [environment-3] [INFO] [1698536654.952849760] [environment]: Action: a_approach_nurse
trials-all-1  | [robot-6] [INFO] [1698536654.958266825] [robot]: not ready
trials-all-1  | [nurse-4] [INFO] [1698536654.971487985] [nurse]: not ready
trials-all-1  | [robot-6] [INFO] [1698536654.979623083] [robot]: Receiving sync message. a_pick_up_sample,arm1,robot1
trials-all-1  | [robot-6] [INFO] [1698536654.984360140] [robot]: not ready
trials-all-1  | [nurse-4] [INFO] [1698536654.986135162] [nurse]: Action result: False
trials-all-1  | [nurse-4] [INFO] [1698536654.991130222] [nurse]: Action: a_authenticate_nurse
trials-all-1  | [nurse-4] [INFO] [1698536654.995319273] [nurse]: Doing a_authenticate_nurse
trials-all-1  | [arm-1] [INFO] [1698536655.007465419] [arm]: not ready
trials-all-1  | [robot-6] [INFO] [1698536655.008319430] [robot]: Receiving sync message. a_authenticate_nurse,robot1,nurse1
trials-all-1  | [environment-3] [INFO] [1698536655.009457443] [environment]: Responding
trials-all-1  | [robot-6] [INFO] [1698536655.013195488] [robot]: not ready
trials-all-1  | [arm-1] [INFO] [1698536655.022734603] [arm]: Action result: False
trials-all-1  | [nurse-4] [INFO] [1698536655.024248621] [nurse]: not ready
trials-all-1  | [arm-1] [INFO] [1698536655.030697699] [arm]: Action: a_pick_up_sample
trials-all-1  | [arm-1] [INFO] [1698536655.035691759] [arm]: Doing a_pick_up_sample
trials-all-1  | [robot-6] [INFO] [1698536655.033238730] [robot]: success
trials-all-1  | [robot-6] [INFO] [1698536655.037327779] [robot]: Action result: True
trials-all-1  | [environment-3] [INFO] [1698536655.037541781] [environment]: Receiving message: monitor
trials-all-1  | [nurse-4] [INFO] [1698536655.039032799] [nurse]: Action result: False
trials-all-1  | [coordinator-2] [INFO] [1698536655.049717928] [coordinator]: Receiving sync message: action_complete,a_approach_nurse
trials-all-1  | [nurse-4] [INFO] [1698536655.053119969] [nurse]: Action: a_authenticate_nurse
trials-all-1  | [environment-3] [INFO] [1698536655.054227982] [environment]: Action: monitor
trials-all-1  | [coordinator-2] [INFO] [1698536655.054897990] [coordinator]: action_complete
trials-all-1  | [robot-6] [INFO] [1698536655.057644023] [robot]: Receiving sync message. a_pick_up_sample,arm1,robot1
trials-all-1  | [coordinator-2] [INFO] [1698536655.063625095] [coordinator]: plans_actions_current 2 of 11
trials-all-1  | [coordinator-2] [INFO] [1698536655.074689229] [coordinator]: Found a problem
trials-all-1  | [robot-6] [INFO] [1698536655.075629240] [robot]: not ready
trials-all-1  | [nurse-4] [INFO] [1698536655.076716253] [nurse]: Doing a_authenticate_nurse
trials-all-1  | [robot-6] [INFO] [1698536655.088078390] [robot]: Receiving sync message. a_authenticate_nurse,robot1,nurse1
trials-all-1  | [arm-1] [INFO] [1698536655.088234392] [arm]: not ready
trials-all-1  | [environment-3] [INFO] [1698536655.091308429] [environment]: Receiving message: monitor
trials-all-1  | [robot-6] [INFO] [1698536655.093147451] [robot]: not ready
trials-all-1  | [arm-1] [INFO] [1698536655.093605456] [arm]: Action result: False
trials-all-1  | [robot-6] [INFO] [1698536655.101629553] [robot]: Action: a_authenticate_nurse
trials-all-1  | [environment-3] [INFO] [1698536655.102544564] [environment]: Action: monitor
trials-all-1  | [arm-1] [INFO] [1698536655.103177571] [arm]: Action: a_pick_up_sample
trials-all-1  | [nurse-4] [INFO] [1698536655.112978689] [nurse]: not ready
trials-all-1  | [coordinator-2] [INFO] [1698536655.114087703] [coordinator]: Found a problem
trials-all-1  | [nurse-4] [INFO] [1698536655.123896821] [nurse]: Action result: False
trials-all-1  | [arm-1] [INFO] [1698536655.124890833] [arm]: Doing a_pick_up_sample
trials-all-1  | [robot-6] [INFO] [1698536655.127657866] [robot]: Doing a_authenticate_nurse
trials-all-1  | [environment-3] [INFO] [1698536655.130467900] [environment]: Receiving message: monitor
trials-all-1  | [robot-6] [INFO] [1698536655.146321091] [robot]: Receiving sync message. a_pick_up_sample,arm1,robot1
trials-all-1  | [environment-3] [INFO] [1698536655.149073124] [environment]: Action: monitor
trials-all-1  | [robot-6] [INFO] [1698536655.151825157] [robot]: not ready
trials-all-1  | [robot-6] [INFO] [1698536655.156894218] [robot]: wating for nurse1 to authenticate to robot1
trials-all-1  | [robot-6] [INFO] [1698536655.160897266] [robot]: Action result: False
trials-all-1  | [nurse-4] [INFO] [1698536655.153370176] [nurse]: Action: a_authenticate_nurse
trials-all-1  | [coordinator-2] [INFO] [1698536655.163041292] [coordinator]: Found a problem
trials-all-1  | [nurse-4] [INFO] [1698536655.167905350] [nurse]: Doing a_authenticate_nurse
trials-all-1  | [arm-1] [INFO] [1698536655.170559382] [arm]: not ready
trials-all-1  | [robot-6] [INFO] [1698536655.170557382] [robot]: Action: a_authenticate_nurse
trials-all-1  | [robot-6] [INFO] [1698536655.174992436] [robot]: Doing a_authenticate_nurse
trials-all-1  | [arm-1] [INFO] [1698536655.175866446] [arm]: Action result: False
trials-all-1  | [environment-3] [INFO] [1698536655.179704493] [environment]: Receiving message: monitor
trials-all-1  | [arm-1] [INFO] [1698536655.181724517] [arm]: Action: a_pick_up_sample
trials-all-1  | [robot-6] [INFO] [1698536655.184955556] [robot]: Receiving sync message. a_authenticate_nurse,robot1,nurse1
trials-all-1  | [environment-3] [INFO] [1698536655.184962556] [environment]: Action: monitor
trials-all-1  | [robot-6] [INFO] [1698536655.189236607] [robot]: Authenticate nurse
trials-all-1  | [coordinator-2] [INFO] [1698536655.196932700] [coordinator]: Found a problem
trials-all-1  | [nurse-4] [INFO] [1698536655.198685721] [nurse]: success
trials-all-1  | [nurse-4] [INFO] [1698536655.202555768] [nurse]: Action result: True
trials-all-1  | [robot-6] [INFO] [1698536655.204091786] [robot]: wating for nurse1 to authenticate to robot1
trials-all-1  | [arm-1] [INFO] [1698536655.204857795] [arm]: Doing a_pick_up_sample
trials-all-1  | [robot-6] [INFO] [1698536655.208230836] [robot]: Action result: False
trials-all-1  | [robot-6] [INFO] [1698536655.221118991] [robot]: Receiving sync message. a_pick_up_sample,arm1,robot1
trials-all-1  | [environment-3] [INFO] [1698536655.223853024] [environment]: Receiving message: monitor
trials-all-1  | [nurse-4] [INFO] [1698536655.224740035] [nurse]: Action: a_deposit
trials-all-1  | [nurse-4] [INFO] [1698536655.233516140] [nurse]: Doing a_deposit
trials-all-1  | [robot-6] [INFO] [1698536655.235159160] [robot]: not ready
trials-all-1  | [robot-6] [INFO] [1698536655.241620238] [robot]: Action: a_authenticate_nurse
trials-all-1  | [environment-3] [INFO] [1698536655.243764264] [environment]: Action: monitor
trials-all-1  | [robot-6] [INFO] [1698536655.250010339] [robot]: Doing a_authenticate_nurse
trials-all-1  | [robot-6] [INFO] [1698536655.254552393] [robot]: Action result: True
trials-all-1  | [coordinator-2] [INFO] [1698536655.257210425] [coordinator]: Found a problem
trials-all-1  | [robot-6] [INFO] [1698536655.262692491] [robot]: Receiving sync message. a_deposit,nurse1,robot1
trials-all-1  | [robot-6] [INFO] [1698536655.266861542] [robot]: not ready
trials-all-1  | [arm-1] [INFO] [1698536655.269076568] [arm]: not ready
trials-all-1  | [coordinator-2] [INFO] [1698536655.270878590] [coordinator]: Receiving sync message: action_complete,a_authenticate_nurse
trials-all-1  | [nurse-4] [INFO] [1698536655.275797649] [nurse]: not ready
trials-all-1  | [nurse-4] [INFO] [1698536655.280277703] [nurse]: Action result: False
trials-all-1  | [environment-3] [INFO] [1698536655.280308703] [environment]: Receiving message: monitor
trials-all-1  | [coordinator-2] [INFO] [1698536655.280616707] [coordinator]: action_complete
trials-all-1  | [arm-1] [INFO] [1698536655.284463753] [arm]: Action result: False
trials-all-1  | [nurse-4] [INFO] [1698536655.287079785] [nurse]: Action: a_deposit
trials-all-1  | [nurse-4] [INFO] [1698536655.292659852] [nurse]: Doing a_deposit
trials-all-1  | [coordinator-2] [INFO] [1698536655.294868879] [coordinator]: plans_actions_current 3 of 11
trials-all-1  | [arm-1] [INFO] [1698536655.295657888] [arm]: Action: a_pick_up_sample
trials-all-1  | [environment-3] [INFO] [1698536655.297664912] [environment]: Action: monitor
trials-all-1  | [robot-6] [INFO] [1698536655.302029965] [robot]: Receiving sync message. a_deposit,nurse1,robot1
trials-all-1  | [arm-1] [INFO] [1698536655.310913072] [arm]: Doing a_pick_up_sample
trials-all-1  | [robot-6] [INFO] [1698536655.313762106] [robot]: not ready
trials-all-1  | [coordinator-2] [INFO] [1698536655.316373137] [coordinator]: Found a problem
trials-all-1  | [nurse-4] [INFO] [1698536655.330677310] [nurse]: not ready
trials-all-1  | [environment-3] [INFO] [1698536655.332424331] [environment]: Receiving message: monitor
trials-all-1  | [robot-6] [INFO] [1698536655.332515332] [robot]: Receiving sync message. a_pick_up_sample,arm1,robot1
trials-all-1  | [nurse-4] [INFO] [1698536655.337128387] [nurse]: Action result: False
trials-all-1  | [robot-6] [INFO] [1698536655.337128387] [robot]: not ready
trials-all-1  | [environment-3] [INFO] [1698536655.338033398] [environment]: Action: monitor
trials-all-1  | [nurse-4] [INFO] [1698536655.357209629] [nurse]: Action: a_deposit
trials-all-1  | [coordinator-2] [INFO] [1698536655.358760648] [coordinator]: Found a problem
trials-all-1  | [arm-1] [INFO] [1698536655.362767696] [arm]: not ready
trials-all-1  | [nurse-4] [INFO] [1698536655.368486765] [nurse]: Doing a_deposit
trials-all-1  | [environment-3] [INFO] [1698536655.376165857] [environment]: Receiving message: monitor
trials-all-1  | [robot-6] [INFO] [1698536655.376220858] [robot]: Action: a_open_drawer
trials-all-1  | [environment-3] [INFO] [1698536655.381224918] [environment]: Action: monitor
trials-all-1  | [robot-6] [INFO] [1698536655.382008927] [robot]: Doing a_open_drawer
trials-all-1  | [coordinator-2] [INFO] [1698536655.394881082] [coordinator]: Found a problem
trials-all-1  | [arm-1] [INFO] [1698536655.403192182] [arm]: Action result: False
trials-all-1  | [arm-1] [INFO] [1698536655.412511295] [arm]: Action: a_pick_up_sample
trials-all-1  | [robot-6] [INFO] [1698536655.413433306] [robot]: success
trials-all-1  | [arm-1] [INFO] [1698536655.417935360] [arm]: Doing a_pick_up_sample
trials-all-1  | [robot-6] [INFO] [1698536655.420903396] [robot]: Receiving sync message. a_deposit,nurse1,robot1
trials-all-1  | [robot-6] [INFO] [1698536655.426844467] [robot]: Action result: True
trials-all-1  | [robot-6] [INFO] [1698536655.436889588] [robot]: not ready
trials-all-1  | [coordinator-2] [INFO] [1698536655.438876612] [coordinator]: Receiving sync message: action_complete,a_open_drawer
trials-all-1  | [environment-3] [INFO] [1698536655.446055698] [environment]: Receiving message: monitor
trials-all-1  | [robot-6] [INFO] [1698536655.448394726] [robot]: Receiving sync message. a_pick_up_sample,arm1,robot1
trials-all-1  | [nurse-4] [INFO] [1698536655.449776743] [nurse]: not ready
trials-all-1  | [environment-3] [INFO] [1698536655.450017746] [environment]: Action: monitor
trials-all-1  | [coordinator-2] [INFO] [1698536655.453184784] [coordinator]: action_complete
trials-all-1  | [coordinator-2] [INFO] [1698536655.458348846] [coordinator]: plans_actions_current 4 of 11
trials-all-1  | [nurse-4] [INFO] [1698536655.466030939] [nurse]: Action result: False
trials-all-1  | [robot-6] [INFO] [1698536655.469483980] [robot]: not ready
trials-all-1  | [coordinator-2] [INFO] [1698536655.479203097] [coordinator]: Found a problem
trials-all-1  | [arm-1] [INFO] [1698536655.480597114] [arm]: not ready
trials-all-1  | [nurse-4] [INFO] [1698536655.483567150] [nurse]: Action: a_deposit
trials-all-1  | [arm-1] [INFO] [1698536655.486098180] [arm]: Action result: False
trials-all-1  | [robot-6] [INFO] [1698536655.490059228] [robot]: Action: a_deposit
trials-all-1  | [nurse-4] [INFO] [1698536655.492647259] [nurse]: Doing a_deposit
trials-all-1  | [environment-3] [INFO] [1698536655.493619271] [environment]: Receiving message: monitor
trials-all-1  | [robot-6] [INFO] [1698536655.495335291] [robot]: Doing a_deposit
trials-all-1  | [environment-3] [INFO] [1698536655.498800333] [environment]: Action: monitor
trials-all-1  | [arm-1] [INFO] [1698536655.511054481] [arm]: Action: a_pick_up_sample
trials-all-1  | [coordinator-2] [INFO] [1698536655.514431521] [coordinator]: Found a problem
trials-all-1  | [robot-6] [INFO] [1698536655.505337412] [robot]: Receiving sync message. a_deposit,nurse1,robot1
trials-all-1  | [arm-1] [INFO] [1698536655.520255591] [arm]: Doing a_pick_up_sample
trials-all-1  | [robot-6] [INFO] [1698536655.521159602] [robot]: wating for nurse1 to deposit in robot1
trials-all-1  | [environment-3] [INFO] [1698536655.525604656] [environment]: Receiving message: monitor
trials-all-1  | [robot-6] [INFO] [1698536655.530045709] [robot]: Deposit
trials-all-1  | [robot-6] [INFO] [1698536655.536523787] [robot]: Action result: False
trials-all-1  | [environment-3] [INFO] [1698536655.541258844] [environment]: Action: monitor
trials-all-1  | [nurse-4] [INFO] [1698536655.548318929] [nurse]: success
trials-all-1  | [coordinator-2] [INFO] [1698536655.555961021] [coordinator]: Found a problem
trials-all-1  | [robot-6] [INFO] [1698536655.558625053] [robot]: Action: a_deposit
trials-all-1  | [robot-6] [INFO] [1698536655.562761103] [robot]: Doing a_deposit
trials-all-1  | [nurse-4] [INFO] [1698536655.561748091] [nurse]: Action result: True
trials-all-1  | [nurse-4] [INFO] [1698536655.566056143] [nurse]: Action: a_open_door
trials-all-1  | [robot-6] [INFO] [1698536655.566666150] [robot]: Action result: True
trials-all-1  | [environment-3] [INFO] [1698536655.570849200] [environment]: Receiving message: monitor
trials-all-1  | [nurse-4] [INFO] [1698536655.573769236] [nurse]: Doing a_open_door
trials-all-1  | [coordinator-2] [INFO] [1698536655.574233241] [coordinator]: Receiving sync message: action_complete,a_deposit
trials-all-1  | [robot-6] [INFO] [1698536655.579756308] [robot]: Receiving sync message. a_pick_up_sample,arm1,robot1
trials-all-1  | [environment-3] [INFO] [1698536655.583722355] [environment]: Action: monitor
trials-all-1  | [robot-6] [INFO] [1698536655.585387375] [robot]: not ready
trials-all-1  | [coordinator-2] [INFO] [1698536655.592747464] [coordinator]: action_complete
trials-all-1  | [coordinator-2] [INFO] [1698536655.601021564] [coordinator]: plans_actions_current 5 of 11
trials-all-1  | [arm-1] [INFO] [1698536655.608471653] [arm]: not ready
trials-all-1  | [environment-3] [INFO] [1698536655.609577666] [environment]: Receiving message: a_open_door,nurse1,Room3
trials-all-1  | [robot-6] [INFO] [1698536655.611987696] [robot]: Action: a_close_drawer
trials-all-1  | [environment-3] [INFO] [1698536655.614720728] [environment]: Action: a_open_door
trials-all-1  | [robot-6] [INFO] [1698536655.616999756] [robot]: Doing a_close_drawer
trials-all-1  | [arm-1] [INFO] [1698536655.617169758] [arm]: Action result: False
trials-all-1  | [arm-1] [INFO] [1698536655.627817886] [arm]: Action: a_pick_up_sample
trials-all-1  | [environment-3] [INFO] [1698536655.630668920] [environment]: Responding
trials-all-1  | [coordinator-2] [INFO] [1698536655.632818946] [coordinator]: Found a problem
trials-all-1  | [robot-6] [INFO] [1698536655.645237096] [robot]: success
trials-all-1  | [arm-1] [INFO] [1698536655.637541003] [arm]: Doing a_pick_up_sample
trials-all-1  | [nurse-4] [INFO] [1698536655.652860187] [nurse]: success
trials-all-1  | [environment-3] [INFO] [1698536655.653596196] [environment]: Receiving message: monitor
trials-all-1  | [robot-6] [INFO] [1698536655.656878236] [robot]: Receiving sync message. a_pick_up_sample,arm1,robot1
trials-all-1  | [environment-3] [INFO] [1698536655.658127251] [environment]: Action: monitor
trials-all-1  | [robot-6] [INFO] [1698536655.667978369] [robot]: Action result: True
trials-all-1  | [nurse-4] [INFO] [1698536655.672158420] [nurse]: Action result: True
trials-all-1  | [robot-6] [INFO] [1698536655.675793463] [robot]: not ready
trials-all-1  | [coordinator-2] [INFO] [1698536655.683919561] [coordinator]: Receiving sync message: action_complete,a_close_drawer
trials-all-1  | [arm-1] [INFO] [1698536655.689055623] [arm]: not ready
trials-all-1  | [coordinator-2] [INFO] [1698536655.691799656] [coordinator]: action_complete
trials-all-1  | [coordinator-2] [INFO] [1698536655.696676715] [coordinator]: plans_actions_current 6 of 11
trials-all-1  | [arm-1] [INFO] [1698536655.701459772] [arm]: Action result: False
trials-all-1  | [environment-3] [INFO] [1698536655.703188793] [environment]: Receiving message: monitor
trials-all-1  | [robot-6] [INFO] [1698536655.706087828] [robot]: Action: a_navto
trials-all-1  | [robot-6] [INFO] [1698536655.711510893] [robot]: Doing a_navto
trials-all-1  | [environment-3] [INFO] [1698536655.716121949] [environment]: Action: monitor
trials-all-1  | [arm-1] [INFO] [1698536655.729443109] [arm]: Action: a_pick_up_sample
trials-all-1  | [environment-3] [INFO] [1698536655.733109153] [environment]: Receiving message: a_navto,robot1,Room3
trials-all-1  | [arm-1] [INFO] [1698536655.735231179] [arm]: Doing a_pick_up_sample
trials-all-1  | [robot-6] [INFO] [1698536655.741897259] [robot]: Receiving sync message. a_pick_up_sample,arm1,robot1
trials-all-1  | [robot-6] [INFO] [1698536655.745767306] [robot]: not ready
trials-all-1  | [arm-1] [INFO] [1698536655.758452458] [arm]: not ready
trials-all-1  | [environment-3] [INFO] [1698536655.758828463] [environment]: Action: a_navto
trials-all-1  | [arm-1] [INFO] [1698536655.763334517] [arm]: Action result: False
trials-all-1  | [environment-3] [INFO] [1698536655.763981525] [environment]: Responding
trials-all-1  | [environment-3] [INFO] [1698536655.776204672] [environment]: Receiving message: monitor
trials-all-1  | [robot-6] [INFO] [1698536655.776511676] [robot]: success
trials-all-1  | [robot-6] [INFO] [1698536655.782908753] [robot]: Action result: True
trials-all-1  | [arm-1] [INFO] [1698536655.788345818] [arm]: Action: a_pick_up_sample
trials-all-1  | [environment-3] [INFO] [1698536655.792863873] [environment]: Action: monitor
trials-all-1  | [coordinator-2] [INFO] [1698536655.797081923] [coordinator]: Receiving sync message: action_complete,a_navto
trials-all-1  | [coordinator-2] [INFO] [1698536655.812719112] [coordinator]: action_complete
trials-all-1  | [arm-1] [INFO] [1698536655.819582194] [arm]: Doing a_pick_up_sample
trials-all-1  | [robot-6] [INFO] [1698536655.830128321] [robot]: Receiving sync message. a_pick_up_sample,arm1,robot1
trials-all-1  | [coordinator-2] [INFO] [1698536655.833322360] [coordinator]: plans_actions_current 7 of 11
trials-all-1  | [robot-6] [INFO] [1698536655.838437421] [robot]: not ready
trials-all-1  | [arm-1] [INFO] [1698536655.859388673] [arm]: not ready
trials-all-1  | [robot-6] [INFO] [1698536655.868227780] [robot]: Action: a_approach_arm
trials-all-1  | [robot-6] [INFO] [1698536655.872817835] [robot]: Doing a_approach_arm
trials-all-1  | [environment-3] [INFO] [1698536655.873149839] [environment]: Receiving message: monitor
trials-all-1  | [arm-1] [INFO] [1698536655.880540928] [arm]: Action result: False
trials-all-1  | [arm-1] [INFO] [1698536655.886047994] [arm]: Action: a_pick_up_sample
trials-all-1  | [environment-3] [INFO] [1698536655.891033054] [environment]: Action: monitor
trials-all-1  | [arm-1] [INFO] [1698536655.891638061] [arm]: Doing a_pick_up_sample
trials-all-1  | [robot-6] [INFO] [1698536655.912863317] [robot]: Receiving sync message. a_pick_up_sample,arm1,robot1
trials-all-1  | [environment-3] [INFO] [1698536655.917966378] [environment]: Receiving message: a_approach_arm,robot1,arm1
trials-all-1  | [robot-6] [INFO] [1698536655.918940390] [robot]: not ready
trials-all-1  | [arm-1] [INFO] [1698536655.930283527] [arm]: not ready
trials-all-1  | [environment-3] [INFO] [1698536655.933952571] [environment]: Action: a_approach_arm
trials-all-1  | [arm-1] [INFO] [1698536655.937289611] [arm]: Action result: False
trials-all-1  | [environment-3] [INFO] [1698536655.938511626] [environment]: Responding
trials-all-1  | [robot-6] [INFO] [1698536655.950666772] [robot]: success
trials-all-1  | [environment-3] [INFO] [1698536655.962647916] [environment]: Receiving message: monitor
trials-all-1  | [robot-6] [INFO] [1698536655.963774930] [robot]: Action result: True
trials-all-1  | [arm-1] [INFO] [1698536655.966131958] [arm]: Action: a_pick_up_sample
trials-all-1  | [environment-3] [INFO] [1698536655.969388997] [environment]: Action: monitor
trials-all-1  | [coordinator-2] [INFO] [1698536655.974783062] [coordinator]: Receiving sync message: action_complete,a_approach_arm
trials-all-1  | [coordinator-2] [INFO] [1698536655.988860232] [coordinator]: action_complete
trials-all-1  | [arm-1] [INFO] [1698536655.993601289] [arm]: Doing a_pick_up_sample
trials-all-1  | [coordinator-2] [INFO] [1698536655.997264333] [coordinator]: plans_actions_current 8 of 11
trials-all-1  | [robot-6] [INFO] [1698536656.004759423] [robot]: Receiving sync message. a_pick_up_sample,arm1,robot1
trials-all-1  | [robot-6] [INFO] [1698536656.014475539] [robot]: not ready
trials-all-1  | [arm-1] [INFO] [1698536656.025985677] [arm]: not ready
trials-all-1  | [arm-1] [INFO] [1698536656.037100811] [arm]: Action result: False
trials-all-1  | [arm-1] [INFO] [1698536656.041205860] [arm]: Action: a_pick_up_sample
trials-all-1  | [robot-6] [INFO] [1698536656.039345837] [robot]: Action: a_open_drawer
trials-all-1  | [robot-6] [INFO] [1698536656.042852879] [robot]: Doing a_open_drawer
trials-all-1  | [environment-3] [INFO] [1698536656.041202860] [environment]: Receiving message: monitor
trials-all-1  | [environment-3] [INFO] [1698536656.045189908] [environment]: Action: monitor
trials-all-1  | [robot-6] [INFO] [1698536656.052763998] [robot]: success
trials-all-1  | [robot-6] [INFO] [1698536656.061698105] [robot]: Action result: True
trials-all-1  | [environment-3] [INFO] [1698536656.070236208] [environment]: Receiving message: monitor
trials-all-1  | [arm-1] [INFO] [1698536656.073377245] [arm]: Doing a_pick_up_sample
trials-all-1  | [coordinator-2] [INFO] [1698536656.073864251] [coordinator]: Receiving sync message: action_complete,a_open_drawer
trials-all-1  | [robot-6] [INFO] [1698536656.081087338] [robot]: Receiving sync message. a_pick_up_sample,arm1,robot1
trials-all-1  | [robot-6] [INFO] [1698536656.086084398] [robot]: not ready
trials-all-1  | [environment-3] [INFO] [1698536656.086395401] [environment]: Action: monitor
trials-all-1  | [coordinator-2] [INFO] [1698536656.102251592] [coordinator]: action_complete
trials-all-1  | [coordinator-2] [INFO] [1698536656.106731645] [coordinator]: plans_actions_current 9 of 11
trials-all-1  | [arm-1] [INFO] [1698536656.104943624] [arm]: not ready
trials-all-1  | [arm-1] [INFO] [1698536656.109491678] [arm]: Action result: False
trials-all-1  | [robot-6] [INFO] [1698536656.117468774] [robot]: Action: a_pick_up_sample
trials-all-1  | [arm-1] [INFO] [1698536656.122680836] [arm]: Action: a_pick_up_sample
trials-all-1  | [arm-1] [INFO] [1698536656.126759885] [arm]: Doing a_pick_up_sample
trials-all-1  | [robot-6] [INFO] [1698536656.123281844] [robot]: Doing a_pick_up_sample
trials-all-1  | [robot-6] [INFO] [1698536656.126889887] [robot]: wating for arm1 to pick up from robot1
trials-all-1  | [robot-6] [INFO] [1698536656.141885067] [robot]: Receiving sync message. a_pick_up_sample,arm1,robot1
trials-all-1  | [environment-3] [INFO] [1698536656.153046200] [environment]: Receiving message: monitor
trials-all-1  | [robot-6] [INFO] [1698536656.153953211] [robot]: Pick up
trials-all-1  | [environment-3] [INFO] [1698536656.159199274] [environment]: Action: monitor
trials-all-1  | [arm-1] [INFO] [1698536656.165565351] [arm]: success
trials-all-1  | [arm-1] [INFO] [1698536656.175496470] [arm]: Action result: True
trials-all-1  | [robot-6] [INFO] [1698536656.178761509] [robot]: Action result: False
trials-all-1  | [environment-3] [INFO] [1698536656.181972547] [environment]: Receiving message: monitor
trials-all-1  | [robot-6] [INFO] [1698536656.183176562] [robot]: Action: a_pick_up_sample
trials-all-1  | [environment-3] [INFO] [1698536656.186794605] [environment]: Action: monitor
trials-all-1  | [robot-6] [INFO] [1698536656.210851893] [robot]: Doing a_pick_up_sample
trials-all-1  | [robot-6] [INFO] [1698536656.217409972] [robot]: Action result: True
trials-all-1  | [coordinator-2] [INFO] [1698536656.224616058] [coordinator]: Receiving sync message: action_complete,a_pick_up_sample
trials-all-1  | [coordinator-2] [INFO] [1698536656.230768132] [coordinator]: action_complete
trials-all-1  | [coordinator-2] [INFO] [1698536656.234832181] [coordinator]: plans_actions_current 10 of 11
trials-all-1  | [environment-3] [INFO] [1698536656.248618346] [environment]: Receiving message: monitor
trials-all-1  | [environment-3] [INFO] [1698536656.252236390] [environment]: Action: monitor
trials-all-1  | [robot-6] [INFO] [1698536656.250707371] [robot]: Action: a_close_drawer
trials-all-1  | [robot-6] [INFO] [1698536656.263600526] [robot]: Doing a_close_drawer
trials-all-1  | [robot-6] [INFO] [1698536656.269824600] [robot]: success
trials-all-1  | [robot-6] [INFO] [1698536656.286646802] [robot]: Action result: True
trials-all-1  | [coordinator-2] [INFO] [1698536656.292971878] [coordinator]: Receiving sync message: action_complete,a_close_drawer
trials-all-1  | [coordinator-2] [INFO] [1698536656.303403003] [coordinator]: action_complete
trials-all-1  | [environment-3] [INFO] [1698536656.306110035] [environment]: Receiving message: monitor
trials-all-1  | [environment-3] [INFO] [1698536656.311040094] [environment]: Action: monitor
trials-all-1  | [coordinator-2] [INFO] [1698536656.310016082] [coordinator]: plans_actions_current 11 of 11
trials-all-1  | [coordinator-2] [INFO] [1698536656.325016262] [coordinator]: The time of execution of above program is:3.1255927085876465
trials-all-1  | [coordinator-2] [INFO] [1698536656.328865308] [coordinator]: Achieved
trials-all-1  | [coordinator-2] [INFO] [1698536656.332508352] [coordinator]: ENDSIM
trials-all-1 exited with code 0
