 Network trials_ros  Creating
 Network trials_ros  Created
 Container trials-all-1  Creating
 Container trials-all-1  Created
Attaching to trials-all-1
trials-all-1  | [INFO] [launch]: All log files can be found below /root/.ros/log/2023-10-28-21-45-04-976142-91a5fee56061-1
trials-all-1  | [INFO] [launch]: Default logging verbosity is set to INFO
trials-all-1  | [INFO] [arm-1]: process started with pid [51]
trials-all-1  | [INFO] [coordinator-2]: process started with pid [53]
trials-all-1  | [INFO] [environment-3]: process started with pid [55]
trials-all-1  | [INFO] [nurse-4]: process started with pid [57]
trials-all-1  | [INFO] [planner-5]: process started with pid [59]
trials-all-1  | [INFO] [robot-6]: process started with pid [61]
trials-all-1  | [environment-3] [INFO] [1698529508.500042822] [environment]: Starting Environment server
trials-all-1  | [environment-3] [INFO] [1698529508.531600353] [environment]: Environment server started
trials-all-1  | [nurse-4] [INFO] [1698529508.811218059] [nurse]: Starting Nurse server
trials-all-1  | [coordinator-2] [INFO] [1698529508.818397180] [coordinator]: Starting Coordinator server
trials-all-1  | [nurse-4] [INFO] [1698529508.848484686] [nurse]: Nurse server started
trials-all-1  | [nurse-4] [INFO] [1698529508.853205766] [nurse]: Starting Nurse clients
trials-all-1  | [coordinator-2] [INFO] [1698529508.891662413] [coordinator]: Coordinator server started
trials-all-1  | [coordinator-2] [INFO] [1698529508.901276575] [coordinator]: Starting Coordinator clients
trials-all-1  | [robot-6] [INFO] [1698529509.006574347] [robot]: Starting Robot server
trials-all-1  | [robot-6] [INFO] [1698529509.063011291] [robot]: Robot server started
trials-all-1  | [robot-6] [INFO] [1698529509.071796438] [robot]: Starting Robots clients
trials-all-1  | [robot-6] [INFO] [1698529509.128940394] [robot]: Robots clients started
trials-all-1  | [nurse-4] [INFO] [1698529509.177350204] [nurse]: Nurse clients started
trials-all-1  | [nurse-4] [INFO] [1698529509.201978617] [nurse]: Sent request
trials-all-1  | [arm-1] [INFO] [1698529509.240221257] [arm]: Starting Arm server
trials-all-1  | [arm-1] [INFO] [1698529509.263196641] [arm]: Arm server started
trials-all-1  | [arm-1] [INFO] [1698529509.269510747] [arm]: Starting Nurse clients
trials-all-1  | [coordinator-2] [INFO] [1698529509.938067934] [coordinator]: planner sync service not available, waiting again...
trials-all-1  | [arm-1] [INFO] [1698529510.295221882] [arm]: environment service not available, waiting again...
trials-all-1  | [coordinator-2] [INFO] [1698529510.948633753] [coordinator]: planner sync service not available, waiting again...
trials-all-1  | [arm-1] [INFO] [1698529511.312395775] [arm]: environment service not available, waiting again...
trials-all-1  | [arm-1] [INFO] [1698529511.600978548] [arm]: Nurse clients started
trials-all-1  | [coordinator-2] [INFO] [1698529511.962749531] [coordinator]: planner sync service not available, waiting again...
trials-all-1  | [coordinator-2] [INFO] [1698529512.977554222] [coordinator]: planner sync service not available, waiting again...
trials-all-1  | [coordinator-2] [INFO] [1698529513.989591768] [coordinator]: planner sync service not available, waiting again...
trials-all-1  | [coordinator-2] [INFO] [1698529515.002059223] [coordinator]: planner sync service not available, waiting again...
trials-all-1  | [planner-5] Matplotlib is building the font cache; this may take a moment.
trials-all-1  | [coordinator-2] [INFO] [1698529516.017444624] [coordinator]: planner sync service not available, waiting again...
trials-all-1  | [coordinator-2] [INFO] [1698529517.028127852] [coordinator]: planner sync service not available, waiting again...
trials-all-1  | [coordinator-2] [INFO] [1698529518.040523010] [coordinator]: planner sync service not available, waiting again...
trials-all-1  | [planner-5] [INFO] [1698529518.532748820] [planner]: Starting Planner server
trials-all-1  | [planner-5] [INFO] [1698529518.556507197] [planner]: Planner server started
trials-all-1  | [coordinator-2] [INFO] [1698529519.052863068] [coordinator]: planner sync service not available, waiting again...
trials-all-1  | [coordinator-2] [INFO] [1698529520.069884102] [coordinator]: planner sync service not available, waiting again...
trials-all-1  | [coordinator-2] [INFO] [1698529520.913729331] [coordinator]: Coordinator clients started
trials-all-1  | [coordinator-2] [INFO] [1698529520.948921883] [coordinator]: Receiving message of nurse1 in room3.
trials-all-1  | [coordinator-2] [INFO] [1698529520.961427079] [coordinator]: Sending response
trials-all-1  | [coordinator-2] [INFO] [1698529520.974181279] [coordinator]: Planing
trials-all-1  | [nurse-4] [INFO] [1698529520.976422314] [nurse]: Request response:Okay!
trials-all-1  | [coordinator-2] [INFO] [1698529520.990907541] [coordinator]: Creating plan for: robot1, nurse1, arm1 
trials-all-1  | [planner-5] [INFO] [1698529521.003633741] [planner]: Receiving sync message. need_plan,robot1,nurse1,arm1
trials-all-1  | [planner-5] [INFO] [1698529521.017054950] [planner]: Creating plan for: robot1 robot1 nurse1
trials-all-1  | [planner-5] [INFO] [1698529521.026919104] [planner]: a_navto,robot1,Room1
trials-all-1  | [planner-5] [INFO] [1698529521.039174294] [planner]: a_approach_nurse,robot1
trials-all-1  | [planner-5] [INFO] [1698529521.048276436] [planner]: a_authenticate_nurse,robot1,nurse1
trials-all-1  | [planner-5] [INFO] [1698529521.057194575] [planner]: a_open_drawer,robot1
trials-all-1  | [planner-5] [INFO] [1698529521.066873726] [planner]: a_deposit,nurse1,robot1
trials-all-1  | [planner-5] [INFO] [1698529521.077010884] [planner]: a_close_drawer,robot1
trials-all-1  | [planner-5] [INFO] [1698529521.085644019] [planner]: a_navto,robot1,Room3
trials-all-1  | [planner-5] [INFO] [1698529521.094450156] [planner]: a_approach_arm,robot1,arm1
trials-all-1  | [planner-5] [INFO] [1698529521.102941288] [planner]: a_open_drawer,robot1
trials-all-1  | [planner-5] [INFO] [1698529521.111577423] [planner]: a_pick_up_sample,arm1,robot1
trials-all-1  | [planner-5] [INFO] [1698529521.121070571] [planner]: a_close_drawer,robot1
trials-all-1  | [planner-5] [INFO] [1698529521.130294714] [planner]: Sending response
trials-all-1  | [coordinator-2] [INFO] [1698529521.144755940] [coordinator]: Plan received for: robot1, nurse1, arm1 
trials-all-1  | [coordinator-2] [INFO] [1698529521.153718079] [coordinator]: a_navto,robot1,Room1/a_approach_nurse,robot1/a_authenticate_nurse,robot1,nurse1/a_open_drawer,robot1/a_deposit,nurse1,robot1/a_close_drawer,robot1/a_navto,robot1,Room3/a_approach_arm,robot1,arm1/a_open_drawer,robot1/a_pick_up_sample,arm1,robot1/a_close_drawer,robot1
trials-all-1  | [coordinator-2] [INFO] [1698529521.158967161] [coordinator]: a_navto,robot1,Room1
trials-all-1  | [coordinator-2] [INFO] [1698529521.176316431] [coordinator]: a_approach_nurse,robot1
trials-all-1  | [coordinator-2] [INFO] [1698529521.181206508] [coordinator]: a_authenticate_nurse,robot1,nurse1
trials-all-1  | [coordinator-2] [INFO] [1698529521.198643779] [coordinator]: a_open_drawer,robot1
trials-all-1  | [coordinator-2] [INFO] [1698529521.203546856] [coordinator]: a_deposit,nurse1,robot1
trials-all-1  | [coordinator-2] [INFO] [1698529521.220762124] [coordinator]: a_close_drawer,robot1
trials-all-1  | [coordinator-2] [INFO] [1698529521.226242209] [coordinator]: a_navto,robot1,Room3
trials-all-1  | [coordinator-2] [INFO] [1698529521.230710279] [coordinator]: a_approach_arm,robot1,arm1
trials-all-1  | [coordinator-2] [INFO] [1698529521.247340538] [coordinator]: a_open_drawer,robot1
trials-all-1  | [coordinator-2] [INFO] [1698529521.252797623] [coordinator]: a_pick_up_sample,arm1,robot1
trials-all-1  | [coordinator-2] [INFO] [1698529521.269525884] [coordinator]: a_close_drawer,robot1
trials-all-1  | [coordinator-2] [INFO] [1698529521.275274973] [coordinator]: Sending plans
trials-all-1  | [coordinator-2] [INFO] [1698529521.295390287] [coordinator]: Plans sent
trials-all-1  | [nurse-4] [INFO] [1698529521.303570414] [nurse]: Receiving message.
trials-all-1  | [arm-1] [INFO] [1698529521.306114454] [arm]: Receiving message.
trials-all-1  | [nurse-4] [INFO] [1698529521.308515491] [nurse]: Nurse's actions:
trials-all-1  | [robot-6] [INFO] [1698529521.308516491] [robot]: Receiving message.
trials-all-1  | [robot-6] [INFO] [1698529521.313135563] [robot]: Robot's actions:
trials-all-1  | [robot-6] [INFO] [1698529521.319392661] [robot]: Action: a_navto
trials-all-1  | [robot-6] [INFO] [1698529521.323077718] [robot]: Doing a_navto
trials-all-1  | [nurse-4] [INFO] [1698529521.313650571] [nurse]: a_authenticate_nurse
trials-all-1  | [nurse-4] [INFO] [1698529521.320129672] [nurse]: Action: a_authenticate_nurse
trials-all-1  | [nurse-4] [INFO] [1698529521.324649743] [nurse]: Doing a_authenticate_nurse
trials-all-1  | [arm-1] [INFO] [1698529521.318247643] [arm]: Arm's actions:
trials-all-1  | [arm-1] [INFO] [1698529521.322233705] [arm]: a_approach_arm
trials-all-1  | [nurse-4] [INFO] [1698529521.329032811] [nurse]: a_deposit
trials-all-1  | [robot-6] [INFO] [1698529521.334692899] [robot]: a_navto
trials-all-1  | [robot-6] [INFO] [1698529521.339112968] [robot]: a_authenticate_nurse
trials-all-1  | [robot-6] [INFO] [1698529521.344790057] [robot]: a_open_drawer
trials-all-1  | [robot-6] [INFO] [1698529521.349853136] [robot]: a_deposit
trials-all-1  | [robot-6] [INFO] [1698529521.354577209] [robot]: a_close_drawer
trials-all-1  | [robot-6] [INFO] [1698529521.360202297] [robot]: a_navto
trials-all-1  | [robot-6] [INFO] [1698529521.365158374] [robot]: a_approach_arm
trials-all-1  | [arm-1] [INFO] [1698529521.365171374] [arm]: Action: a_approach_arm
trials-all-1  | [arm-1] [INFO] [1698529521.369265438] [arm]: Doing a_approach_arm
trials-all-1  | [environment-3] [INFO] [1698529521.375380533] [environment]: Receiving message: a_navto,robot1,Room1
trials-all-1  | [environment-3] [INFO] [1698529521.379785602] [environment]: Action: a_navto
trials-all-1  | [robot-6] [INFO] [1698529521.380882619] [robot]: a_open_drawer
trials-all-1  | [arm-1] [INFO] [1698529521.381209624] [arm]: a_pick_up_sample
trials-all-1  | [robot-6] [INFO] [1698529521.389607755] [robot]: a_pick_up_sample
trials-all-1  | [robot-6] [INFO] [1698529521.398260890] [robot]: a_close_drawer
trials-all-1  | [environment-3] [INFO] [1698529521.403186967] [environment]: Responding
trials-all-1  | [robot-6] [INFO] [1698529521.411681099] [robot]: Receiving sync message. a_authenticate_nurse,robot1,nurse1
trials-all-1  | [robot-6] [INFO] [1698529521.417717193] [robot]: not ready
trials-all-1  | [nurse-4] [INFO] [1698529521.428822366] [nurse]: not ready
trials-all-1  | [nurse-4] [INFO] [1698529521.433379437] [nurse]: Action result: False
trials-all-1  | [robot-6] [INFO] [1698529521.430957399] [robot]: success
trials-all-1  | [robot-6] [INFO] [1698529521.435005462] [robot]: Action result: True
trials-all-1  | [nurse-4] [INFO] [1698529521.444515611] [nurse]: Action: a_authenticate_nurse
trials-all-1  | [nurse-4] [INFO] [1698529521.451269716] [nurse]: Doing a_authenticate_nurse
trials-all-1  | [environment-3] [INFO] [1698529521.455718785] [environment]: Receiving message: a_approach_arm,robot1,arm1
trials-all-1  | [environment-3] [INFO] [1698529521.460179855] [environment]: Action: a_approach_arm
trials-all-1  | [coordinator-2] [INFO] [1698529521.461587877] [coordinator]: Receiving sync message: action_complete,a_navto
trials-all-1  | [robot-6] [INFO] [1698529521.464085915] [robot]: Receiving sync message. a_authenticate_nurse,robot1,nurse1
trials-all-1  | [environment-3] [INFO] [1698529521.465161932] [environment]: Responding
trials-all-1  | [coordinator-2] [INFO] [1698529521.469000992] [coordinator]: action_complete
trials-all-1  | [arm-1] [INFO] [1698529521.477811129] [arm]: success
trials-all-1  | [arm-1] [INFO] [1698529521.488603298] [arm]: Action result: True
trials-all-1  | [coordinator-2] [INFO] [1698529521.489269308] [coordinator]: plans_actions_current 1 of 11
trials-all-1  | [robot-6] [INFO] [1698529521.494232385] [robot]: not ready
trials-all-1  | [arm-1] [INFO] [1698529521.503190525] [arm]: Action: a_pick_up_sample
trials-all-1  | [nurse-4] [INFO] [1698529521.503267526] [nurse]: not ready
trials-all-1  | [nurse-4] [INFO] [1698529521.507450591] [nurse]: Action result: False
trials-all-1  | [nurse-4] [INFO] [1698529521.511222650] [nurse]: Action: a_authenticate_nurse
trials-all-1  | [arm-1] [INFO] [1698529521.517594749] [arm]: Doing a_pick_up_sample
trials-all-1  | [robot-6] [INFO] [1698529521.519399777] [robot]: Action: a_approach_nurse
trials-all-1  | [nurse-4] [INFO] [1698529521.522407824] [nurse]: Doing a_authenticate_nurse
trials-all-1  | [robot-6] [INFO] [1698529521.527723907] [robot]: Doing a_approach_nurse
trials-all-1  | [robot-6] [INFO] [1698529521.535804033] [robot]: Receiving sync message. a_pick_up_sample,arm1,robot1
trials-all-1  | [robot-6] [INFO] [1698529521.541606123] [robot]: not ready
trials-all-1  | [environment-3] [INFO] [1698529521.542058130] [environment]: Receiving message: a_approach_nurse,robot1
trials-all-1  | [environment-3] [INFO] [1698529521.550599264] [environment]: Action: a_approach_nurse
trials-all-1  | [arm-1] [INFO] [1698529521.554624326] [arm]: not ready
trials-all-1  | [environment-3] [INFO] [1698529521.555183335] [environment]: Responding
trials-all-1  | [robot-6] [INFO] [1698529521.576484667] [robot]: Receiving sync message. a_authenticate_nurse,robot1,nurse1
trials-all-1  | [arm-1] [INFO] [1698529521.580509730] [arm]: Action result: False
trials-all-1  | [arm-1] [INFO] [1698529521.586407822] [arm]: Action: a_pick_up_sample
trials-all-1  | [robot-6] [INFO] [1698529521.587959846] [robot]: not ready
trials-all-1  | [robot-6] [INFO] [1698529521.596770983] [robot]: success
trials-all-1  | [nurse-4] [INFO] [1698529521.596770983] [nurse]: not ready
trials-all-1  | [arm-1] [INFO] [1698529521.598094004] [arm]: Doing a_pick_up_sample
trials-all-1  | [nurse-4] [INFO] [1698529521.601593058] [nurse]: Action result: False
trials-all-1  | [robot-6] [INFO] [1698529521.602520073] [robot]: Action result: True
trials-all-1  | [nurse-4] [INFO] [1698529521.612041221] [nurse]: Action: a_authenticate_nurse
trials-all-1  | [robot-6] [INFO] [1698529521.617409305] [robot]: Receiving sync message. a_pick_up_sample,arm1,robot1
trials-all-1  | [coordinator-2] [INFO] [1698529521.623145394] [coordinator]: Receiving sync message: action_complete,a_approach_nurse
trials-all-1  | [nurse-4] [INFO] [1698529521.625160425] [nurse]: Doing a_authenticate_nurse
trials-all-1  | [robot-6] [INFO] [1698529521.625354428] [robot]: not ready
trials-all-1  | [robot-6] [INFO] [1698529521.631665527] [robot]: Receiving sync message. a_authenticate_nurse,robot1,nurse1
trials-all-1  | [robot-6] [INFO] [1698529521.635414585] [robot]: not ready
trials-all-1  | [arm-1] [INFO] [1698529521.633913562] [arm]: not ready
trials-all-1  | [nurse-4] [INFO] [1698529521.645943749] [nurse]: not ready
trials-all-1  | [coordinator-2] [INFO] [1698529521.655835903] [coordinator]: action_complete
trials-all-1  | [arm-1] [INFO] [1698529521.656552915] [arm]: Action result: False
trials-all-1  | [nurse-4] [INFO] [1698529521.657454929] [nurse]: Action result: False
trials-all-1  | [arm-1] [INFO] [1698529521.668325098] [arm]: Action: a_pick_up_sample
trials-all-1  | [coordinator-2] [INFO] [1698529521.668621103] [coordinator]: plans_actions_current 2 of 11
trials-all-1  | [arm-1] [INFO] [1698529521.674373192] [arm]: Doing a_pick_up_sample
trials-all-1  | [robot-6] [INFO] [1698529521.677941248] [robot]: Action: a_authenticate_nurse
trials-all-1  | [nurse-4] [INFO] [1698529521.679976279] [nurse]: Action: a_authenticate_nurse
trials-all-1  | [nurse-4] [INFO] [1698529521.685327363] [nurse]: Doing a_authenticate_nurse
trials-all-1  | [robot-6] [INFO] [1698529521.688690415] [robot]: Doing a_authenticate_nurse
trials-all-1  | [robot-6] [INFO] [1698529521.693497490] [robot]: Receiving sync message. a_pick_up_sample,arm1,robot1
trials-all-1  | [robot-6] [INFO] [1698529521.698790573] [robot]: wating for nurse1 to authenticate to robot1
trials-all-1  | [robot-6] [INFO] [1698529521.706201688] [robot]: not ready
trials-all-1  | [robot-6] [INFO] [1698529521.713314799] [robot]: Receiving sync message. a_authenticate_nurse,robot1,nurse1
trials-all-1  | [robot-6] [INFO] [1698529521.717051857] [robot]: Authenticate nurse
trials-all-1  | [robot-6] [INFO] [1698529521.720676914] [robot]: Action result: False
trials-all-1  | [robot-6] [INFO] [1698529521.724511973] [robot]: Action: a_authenticate_nurse
trials-all-1  | [robot-6] [INFO] [1698529521.727990028] [robot]: Doing a_authenticate_nurse
trials-all-1  | [arm-1] [INFO] [1698529521.714923824] [arm]: not ready
trials-all-1  | [arm-1] [INFO] [1698529521.722523942] [arm]: Action result: False
trials-all-1  | [arm-1] [INFO] [1698529521.726659007] [arm]: Action: a_pick_up_sample
trials-all-1  | [arm-1] [INFO] [1698529521.730489067] [arm]: Doing a_pick_up_sample
trials-all-1  | [nurse-4] [INFO] [1698529521.725288986] [nurse]: success
trials-all-1  | [nurse-4] [INFO] [1698529521.729177046] [nurse]: Action result: True
trials-all-1  | [robot-6] [INFO] [1698529521.731916089] [robot]: Action result: True
trials-all-1  | [nurse-4] [INFO] [1698529521.736714164] [nurse]: Action: a_deposit
trials-all-1  | [nurse-4] [INFO] [1698529521.751242390] [nurse]: Doing a_deposit
trials-all-1  | [robot-6] [INFO] [1698529521.744393283] [robot]: Receiving sync message. a_pick_up_sample,arm1,robot1
trials-all-1  | [robot-6] [INFO] [1698529521.750662381] [robot]: not ready
trials-all-1  | [coordinator-2] [INFO] [1698529521.750277375] [coordinator]: Receiving sync message: action_complete,a_authenticate_nurse
trials-all-1  | [coordinator-2] [INFO] [1698529521.756944479] [coordinator]: action_complete
trials-all-1  | [robot-6] [INFO] [1698529521.758380501] [robot]: Receiving sync message. a_deposit,nurse1,robot1
trials-all-1  | [robot-6] [INFO] [1698529521.765805617] [robot]: not ready
trials-all-1  | [nurse-4] [INFO] [1698529521.776815788] [nurse]: not ready
trials-all-1  | [arm-1] [INFO] [1698529521.782977884] [arm]: not ready
trials-all-1  | [arm-1] [INFO] [1698529521.791292014] [arm]: Action result: False
trials-all-1  | [arm-1] [INFO] [1698529521.795209075] [arm]: Action: a_pick_up_sample
trials-all-1  | [arm-1] [INFO] [1698529521.799709145] [arm]: Doing a_pick_up_sample
trials-all-1  | [coordinator-2] [INFO] [1698529521.784431907] [coordinator]: plans_actions_current 3 of 11
trials-all-1  | [nurse-4] [INFO] [1698529521.788537971] [nurse]: Action result: False
trials-all-1  | [nurse-4] [INFO] [1698529521.792403031] [nurse]: Action: a_deposit
trials-all-1  | [nurse-4] [INFO] [1698529521.795902086] [nurse]: Doing a_deposit
trials-all-1  | [robot-6] [INFO] [1698529521.794233060] [robot]: Action: a_open_drawer
trials-all-1  | [robot-6] [INFO] [1698529521.798047119] [robot]: Doing a_open_drawer
trials-all-1  | [robot-6] [INFO] [1698529521.807967274] [robot]: Receiving sync message. a_deposit,nurse1,robot1
trials-all-1  | [robot-6] [INFO] [1698529521.815445390] [robot]: success
trials-all-1  | [robot-6] [INFO] [1698529521.823554517] [robot]: not ready
trials-all-1  | [robot-6] [INFO] [1698529521.833105666] [robot]: Action result: True
trials-all-1  | [robot-6] [INFO] [1698529521.841875802] [robot]: Receiving sync message. a_pick_up_sample,arm1,robot1
trials-all-1  | [nurse-4] [INFO] [1698529521.842723815] [nurse]: not ready
trials-all-1  | [robot-6] [INFO] [1698529521.847970897] [robot]: not ready
trials-all-1  | [coordinator-2] [INFO] [1698529521.855879020] [coordinator]: Receiving sync message: action_complete,a_open_drawer
trials-all-1  | [nurse-4] [INFO] [1698529521.863035132] [nurse]: Action result: False
trials-all-1  | [arm-1] [INFO] [1698529521.868015210] [arm]: not ready
trials-all-1  | [coordinator-2] [INFO] [1698529521.868107211] [coordinator]: action_complete
trials-all-1  | [nurse-4] [INFO] [1698529521.881175415] [nurse]: Action: a_deposit
trials-all-1  | [arm-1] [INFO] [1698529521.882553436] [arm]: Action result: False
trials-all-1  | [arm-1] [INFO] [1698529521.892409590] [arm]: Action: a_pick_up_sample
trials-all-1  | [nurse-4] [INFO] [1698529521.893260603] [nurse]: Doing a_deposit
trials-all-1  | [coordinator-2] [INFO] [1698529521.893389605] [coordinator]: plans_actions_current 4 of 11
trials-all-1  | [arm-1] [INFO] [1698529521.900055709] [arm]: Doing a_pick_up_sample
trials-all-1  | [robot-6] [INFO] [1698529521.905739797] [robot]: Receiving sync message. a_deposit,nurse1,robot1
trials-all-1  | [robot-6] [INFO] [1698529521.912181898] [robot]: not ready
trials-all-1  | [robot-6] [INFO] [1698529521.921223039] [robot]: Action: a_deposit
trials-all-1  | [robot-6] [INFO] [1698529521.925163100] [robot]: Doing a_deposit
trials-all-1  | [nurse-4] [INFO] [1698529521.922136053] [nurse]: not ready
trials-all-1  | [nurse-4] [INFO] [1698529521.925908112] [nurse]: Action result: False
trials-all-1  | [nurse-4] [INFO] [1698529521.929823173] [nurse]: Action: a_deposit
trials-all-1  | [robot-6] [INFO] [1698529521.932923221] [robot]: Receiving sync message. a_pick_up_sample,arm1,robot1
trials-all-1  | [robot-6] [INFO] [1698529521.936459276] [robot]: wating for nurse1 to deposit in robot1
trials-all-1  | [nurse-4] [INFO] [1698529521.933609232] [nurse]: Doing a_deposit
trials-all-1  | [robot-6] [INFO] [1698529521.942763374] [robot]: Action result: False
trials-all-1  | [robot-6] [INFO] [1698529521.947392446] [robot]: not ready
trials-all-1  | [robot-6] [INFO] [1698529521.959801640] [robot]: Action: a_deposit
trials-all-1  | [robot-6] [INFO] [1698529521.963808702] [robot]: Doing a_deposit
trials-all-1  | [robot-6] [INFO] [1698529521.967305757] [robot]: wating for nurse1 to deposit in robot1
trials-all-1  | [arm-1] [INFO] [1698529521.961079660] [arm]: not ready
trials-all-1  | [arm-1] [INFO] [1698529521.964892719] [arm]: Action result: False
trials-all-1  | [arm-1] [INFO] [1698529521.969879797] [arm]: Action: a_pick_up_sample
trials-all-1  | [robot-6] [INFO] [1698529521.971676825] [robot]: Receiving sync message. a_deposit,nurse1,robot1
trials-all-1  | [robot-6] [INFO] [1698529521.981755982] [robot]: Deposit
trials-all-1  | [robot-6] [INFO] [1698529521.989396101] [robot]: Action result: False
trials-all-1  | [arm-1] [INFO] [1698529521.989518103] [arm]: Doing a_pick_up_sample
trials-all-1  | [nurse-4] [INFO] [1698529521.991572135] [nurse]: success
trials-all-1  | [robot-6] [INFO] [1698529521.993167160] [robot]: Action: a_deposit
trials-all-1  | [nurse-4] [INFO] [1698529521.996937218] [nurse]: Action result: True
trials-all-1  | [robot-6] [INFO] [1698529522.005288348] [robot]: Doing a_deposit
trials-all-1  | [robot-6] [INFO] [1698529522.008094392] [robot]: Receiving sync message. a_pick_up_sample,arm1,robot1
trials-all-1  | [robot-6] [INFO] [1698529522.019479568] [robot]: Action result: True
trials-all-1  | [robot-6] [INFO] [1698529522.022818620] [robot]: not ready
trials-all-1  | [arm-1] [INFO] [1698529522.038028855] [arm]: not ready
trials-all-1  | [arm-1] [INFO] [1698529522.042451924] [arm]: Action result: False
trials-all-1  | [coordinator-2] [INFO] [1698529522.049661036] [coordinator]: Receiving sync message: action_complete,a_deposit
trials-all-1  | [arm-1] [INFO] [1698529522.050366047] [arm]: Action: a_pick_up_sample
trials-all-1  | [coordinator-2] [INFO] [1698529522.054687113] [coordinator]: action_complete
trials-all-1  | [arm-1] [INFO] [1698529522.057789161] [arm]: Doing a_pick_up_sample
trials-all-1  | [robot-6] [INFO] [1698529522.065802286] [robot]: Receiving sync message. a_pick_up_sample,arm1,robot1
trials-all-1  | [robot-6] [INFO] [1698529522.071660376] [robot]: not ready
trials-all-1  | [coordinator-2] [INFO] [1698529522.071786378] [coordinator]: plans_actions_current 5 of 11
trials-all-1  | [arm-1] [INFO] [1698529522.082178539] [arm]: not ready
trials-all-1  | [robot-6] [INFO] [1698529522.083025552] [robot]: Action: a_close_drawer
trials-all-1  | [arm-1] [INFO] [1698529522.090956675] [arm]: Action result: False
trials-all-1  | [robot-6] [INFO] [1698529522.096424760] [robot]: Doing a_close_drawer
trials-all-1  | [robot-6] [INFO] [1698529522.102541855] [robot]: success
trials-all-1  | [arm-1] [INFO] [1698529522.106488916] [arm]: Action: a_pick_up_sample
trials-all-1  | [arm-1] [INFO] [1698529522.112859014] [arm]: Doing a_pick_up_sample
trials-all-1  | [robot-6] [INFO] [1698529522.117255082] [robot]: Action result: True
trials-all-1  | [robot-6] [INFO] [1698529522.125859216] [robot]: Receiving sync message. a_pick_up_sample,arm1,robot1
trials-all-1  | [robot-6] [INFO] [1698529522.131267299] [robot]: not ready
trials-all-1  | [coordinator-2] [INFO] [1698529522.131898309] [coordinator]: Receiving sync message: action_complete,a_close_drawer
trials-all-1  | [coordinator-2] [INFO] [1698529522.137697399] [coordinator]: action_complete
trials-all-1  | [arm-1] [INFO] [1698529522.145147514] [arm]: not ready
trials-all-1  | [arm-1] [INFO] [1698529522.153224640] [arm]: Action result: False
trials-all-1  | [arm-1] [INFO] [1698529522.159304734] [arm]: Action: a_pick_up_sample
trials-all-1  | [arm-1] [INFO] [1698529522.165336827] [arm]: Doing a_pick_up_sample
trials-all-1  | [coordinator-2] [INFO] [1698529522.169499892] [coordinator]: plans_actions_current 6 of 11
trials-all-1  | [robot-6] [INFO] [1698529522.171399921] [robot]: Receiving sync message. a_pick_up_sample,arm1,robot1
trials-all-1  | [robot-6] [INFO] [1698529522.175569986] [robot]: not ready
trials-all-1  | [arm-1] [INFO] [1698529522.188997194] [arm]: not ready
trials-all-1  | [robot-6] [INFO] [1698529522.198876347] [robot]: Action: a_navto
trials-all-1  | [arm-1] [INFO] [1698529522.203372416] [arm]: Action result: False
trials-all-1  | [robot-6] [INFO] [1698529522.205041442] [robot]: Doing a_navto
trials-all-1  | [arm-1] [INFO] [1698529522.212972565] [arm]: Action: a_pick_up_sample
trials-all-1  | [arm-1] [INFO] [1698529522.217213631] [arm]: Doing a_pick_up_sample
trials-all-1  | [robot-6] [INFO] [1698529522.234887904] [robot]: Receiving sync message. a_pick_up_sample,arm1,robot1
trials-all-1  | [robot-6] [INFO] [1698529522.239001968] [robot]: not ready
trials-all-1  | [arm-1] [INFO] [1698529522.251572163] [arm]: not ready
trials-all-1  | [arm-1] [INFO] [1698529522.258067263] [arm]: Action result: False
trials-all-1  | [arm-1] [INFO] [1698529522.272183482] [arm]: Action: a_pick_up_sample
trials-all-1  | [arm-1] [INFO] [1698529522.277813569] [arm]: Doing a_pick_up_sample
trials-all-1  | [environment-3] [INFO] [1698529522.285459687] [environment]: Receiving message: a_navto,robot1,Room3
trials-all-1  | [robot-6] [INFO] [1698529522.285470688] [robot]: Receiving sync message. a_pick_up_sample,arm1,robot1
trials-all-1  | [robot-6] [INFO] [1698529522.290541766] [robot]: not ready
trials-all-1  | [environment-3] [INFO] [1698529522.294652830] [environment]: Action: a_navto
trials-all-1  | [environment-3] [INFO] [1698529522.301285933] [environment]: Responding
trials-all-1  | [arm-1] [INFO] [1698529522.301683939] [arm]: not ready
trials-all-1  | [arm-1] [INFO] [1698529522.313349119] [arm]: Action result: False
trials-all-1  | [robot-6] [INFO] [1698529522.319296212] [robot]: success
trials-all-1  | [robot-6] [INFO] [1698529522.322987269] [robot]: Action result: True
trials-all-1  | [arm-1] [INFO] [1698529522.325794312] [arm]: Action: a_pick_up_sample
trials-all-1  | [arm-1] [INFO] [1698529522.329914376] [arm]: Doing a_pick_up_sample
trials-all-1  | [coordinator-2] [INFO] [1698529522.341736559] [coordinator]: Receiving sync message: action_complete,a_navto
trials-all-1  | [coordinator-2] [INFO] [1698529522.348316661] [coordinator]: action_complete
trials-all-1  | [coordinator-2] [INFO] [1698529522.351971718] [coordinator]: plans_actions_current 7 of 11
trials-all-1  | [robot-6] [INFO] [1698529522.350689698] [robot]: Receiving sync message. a_pick_up_sample,arm1,robot1
trials-all-1  | [robot-6] [INFO] [1698529522.354597758] [robot]: not ready
trials-all-1  | [robot-6] [INFO] [1698529522.376431096] [robot]: Action: a_approach_arm
trials-all-1  | [arm-1] [INFO] [1698529522.376509098] [arm]: not ready
trials-all-1  | [arm-1] [INFO] [1698529522.381134169] [arm]: Action result: False
trials-all-1  | [robot-6] [INFO] [1698529522.382173185] [robot]: Doing a_approach_arm
trials-all-1  | [arm-1] [INFO] [1698529522.387952275] [arm]: Action: a_pick_up_sample
trials-all-1  | [arm-1] [INFO] [1698529522.394052369] [arm]: Doing a_pick_up_sample
trials-all-1  | [environment-3] [INFO] [1698529522.399189449] [environment]: Receiving message: a_approach_arm,robot1,arm1
trials-all-1  | [environment-3] [INFO] [1698529522.403409514] [environment]: Action: a_approach_arm
trials-all-1  | [robot-6] [INFO] [1698529522.399877459] [robot]: Receiving sync message. a_pick_up_sample,arm1,robot1
trials-all-1  | [robot-6] [INFO] [1698529522.403910522] [robot]: not ready
trials-all-1  | [arm-1] [INFO] [1698529522.415141696] [arm]: not ready
trials-all-1  | [arm-1] [INFO] [1698529522.421662797] [arm]: Action result: False
trials-all-1  | [arm-1] [INFO] [1698529522.429596920] [arm]: Action: a_pick_up_sample
trials-all-1  | [arm-1] [INFO] [1698529522.433514980] [arm]: Doing a_pick_up_sample
trials-all-1  | [environment-3] [INFO] [1698529522.423386824] [environment]: Responding
trials-all-1  | [robot-6] [INFO] [1698529522.431256945] [robot]: success
trials-all-1  | [robot-6] [INFO] [1698529522.441801109] [robot]: Receiving sync message. a_pick_up_sample,arm1,robot1
trials-all-1  | [robot-6] [INFO] [1698529522.452751278] [robot]: Action result: True
trials-all-1  | [robot-6] [INFO] [1698529522.461958421] [robot]: not ready
trials-all-1  | [coordinator-2] [INFO] [1698529522.467551508] [coordinator]: Receiving sync message: action_complete,a_approach_arm
trials-all-1  | [coordinator-2] [INFO] [1698529522.471643571] [coordinator]: action_complete
trials-all-1  | [coordinator-2] [INFO] [1698529522.475871636] [coordinator]: plans_actions_current 8 of 11
trials-all-1  | [arm-1] [INFO] [1698529522.471555570] [arm]: not ready
trials-all-1  | [arm-1] [INFO] [1698529522.475567632] [arm]: Action result: False
trials-all-1  | [arm-1] [INFO] [1698529522.479422691] [arm]: Action: a_pick_up_sample
trials-all-1  | [robot-6] [INFO] [1698529522.494155920] [robot]: Action: a_open_drawer
trials-all-1  | [arm-1] [INFO] [1698529522.501030026] [arm]: Doing a_pick_up_sample
trials-all-1  | [robot-6] [INFO] [1698529522.503404063] [robot]: Doing a_open_drawer
trials-all-1  | [robot-6] [INFO] [1698529522.519887318] [robot]: Receiving sync message. a_pick_up_sample,arm1,robot1
trials-all-1  | [robot-6] [INFO] [1698529522.523433373] [robot]: not ready
trials-all-1  | [arm-1] [INFO] [1698529522.534858550] [arm]: not ready
trials-all-1  | [robot-6] [INFO] [1698529522.537170586] [robot]: success
trials-all-1  | [robot-6] [INFO] [1698529522.543236680] [robot]: Action result: True
trials-all-1  | [arm-1] [INFO] [1698529522.540350635] [arm]: Action result: False
trials-all-1  | [arm-1] [INFO] [1698529522.553975846] [arm]: Action: a_pick_up_sample
trials-all-1  | [coordinator-2] [INFO] [1698529522.556712888] [coordinator]: Receiving sync message: action_complete,a_open_drawer
trials-all-1  | [coordinator-2] [INFO] [1698529522.562300975] [coordinator]: action_complete
trials-all-1  | [arm-1] [INFO] [1698529522.568101065] [arm]: Doing a_pick_up_sample
trials-all-1  | [robot-6] [INFO] [1698529522.577210206] [robot]: Receiving sync message. a_pick_up_sample,arm1,robot1
trials-all-1  | [coordinator-2] [INFO] [1698529522.579496241] [coordinator]: plans_actions_current 9 of 11
trials-all-1  | [robot-6] [INFO] [1698529522.582024280] [robot]: not ready
trials-all-1  | [robot-6] [INFO] [1698529522.589706399] [robot]: Action: a_pick_up_sample
trials-all-1  | [robot-6] [INFO] [1698529522.593859464] [robot]: Doing a_pick_up_sample
trials-all-1  | [arm-1] [INFO] [1698529522.590269408] [arm]: not ready
trials-all-1  | [arm-1] [INFO] [1698529522.594130468] [arm]: Action result: False
trials-all-1  | [robot-6] [INFO] [1698529522.600455566] [robot]: wating for arm1 to pick up from robot1
trials-all-1  | [robot-6] [INFO] [1698529522.610981729] [robot]: Action result: False
trials-all-1  | [robot-6] [INFO] [1698529522.614696786] [robot]: Action: a_pick_up_sample
trials-all-1  | [arm-1] [INFO] [1698529522.610636724] [arm]: Action: a_pick_up_sample
trials-all-1  | [arm-1] [INFO] [1698529522.614627785] [arm]: Doing a_pick_up_sample
trials-all-1  | [robot-6] [INFO] [1698529522.637156134] [robot]: Receiving sync message. a_pick_up_sample,arm1,robot1
trials-all-1  | [robot-6] [INFO] [1698529522.640916193] [robot]: Pick up
trials-all-1  | [robot-6] [INFO] [1698529522.644014241] [robot]: Doing a_pick_up_sample
trials-all-1  | [robot-6] [INFO] [1698529522.648198305] [robot]: Action result: True
trials-all-1  | [arm-1] [INFO] [1698529522.648961317] [arm]: success
trials-all-1  | [arm-1] [INFO] [1698529522.653368385] [arm]: Action result: True
trials-all-1  | [coordinator-2] [INFO] [1698529522.663788547] [coordinator]: Receiving sync message: action_complete,a_pick_up_sample
trials-all-1  | [coordinator-2] [INFO] [1698529522.669118629] [coordinator]: action_complete
trials-all-1  | [coordinator-2] [INFO] [1698529522.673203693] [coordinator]: plans_actions_current 10 of 11
trials-all-1  | [robot-6] [INFO] [1698529522.682906843] [robot]: Action: a_close_drawer
trials-all-1  | [robot-6] [INFO] [1698529522.700766119] [robot]: Doing a_close_drawer
trials-all-1  | [robot-6] [INFO] [1698529522.709751259] [robot]: success
trials-all-1  | [robot-6] [INFO] [1698529522.726668521] [robot]: Action result: True
trials-all-1  | [coordinator-2] [INFO] [1698529522.738735707] [coordinator]: Receiving sync message: action_complete,a_close_drawer
trials-all-1  | [coordinator-2] [INFO] [1698529522.744077790] [coordinator]: action_complete
trials-all-1  | [coordinator-2] [INFO] [1698529522.765870128] [coordinator]: plans_actions_current 11 of 11
trials-all-1  | [coordinator-2] [INFO] [1698529522.771202210] [coordinator]: The time of execution of above program is:1.8225963115692139
trials-all-1  | [coordinator-2] [INFO] [1698529522.782764389] [coordinator]: Achieved
trials-all-1  | [coordinator-2] [INFO] [1698529522.803062704] [coordinator]: ENDSIM
trials-all-1 exited with code 0
