 Network trials_ros  Creating
 Network trials_ros  Created
 Container trials-all-1  Creating
 Container trials-all-1  Created
Attaching to trials-all-1
trials-all-1  | [INFO] [launch]: All log files can be found below /root/.ros/log/2023-10-29-00-23-12-965588-9140938bfb96-1
trials-all-1  | [INFO] [launch]: Default logging verbosity is set to INFO
trials-all-1  | [INFO] [arm-1]: process started with pid [52]
trials-all-1  | [INFO] [coordinator-2]: process started with pid [54]
trials-all-1  | [INFO] [environment-3]: process started with pid [56]
trials-all-1  | [INFO] [nurse-4]: process started with pid [58]
trials-all-1  | [INFO] [planner-5]: process started with pid [60]
trials-all-1  | [INFO] [robot-6]: process started with pid [62]
trials-all-1  | [nurse-4] [INFO] [1698538996.771814664] [nurse]: Starting Nurse server
trials-all-1  | [arm-1] [INFO] [1698538996.801480911] [arm]: Starting Arm server
trials-all-1  | [nurse-4] [INFO] [1698538996.811288663] [nurse]: Nurse server started
trials-all-1  | [coordinator-2] [INFO] [1698538996.819423456] [coordinator]: Starting Coordinator server
trials-all-1  | [nurse-4] [INFO] [1698538996.821125413] [nurse]: Starting Nurse clients
trials-all-1  | [arm-1] [INFO] [1698538996.861411391] [arm]: Arm server started
trials-all-1  | [arm-1] [INFO] [1698538996.884500805] [arm]: Starting Nurse clients
trials-all-1  | [coordinator-2] [INFO] [1698538996.909889161] [coordinator]: Coordinator server started
trials-all-1  | [coordinator-2] [INFO] [1698538996.929218671] [coordinator]: Starting Coordinator clients
trials-all-1  | [robot-6] [INFO] [1698538997.051510570] [robot]: Starting Robot server
trials-all-1  | [robot-6] [INFO] [1698538997.082766778] [robot]: Robot server started
trials-all-1  | [robot-6] [INFO] [1698538997.086603681] [robot]: Starting Robots clients
trials-all-1  | [environment-3] [INFO] [1698538997.160919798] [environment]: Starting Environment server
trials-all-1  | [environment-3] [INFO] [1698538997.179568326] [environment]: Environment server started
trials-all-1  | [nurse-4] [INFO] [1698538997.369819506] [nurse]: Nurse clients started
trials-all-1  | [robot-6] [INFO] [1698538997.383284165] [robot]: Robots clients started
trials-all-1  | [nurse-4] [INFO] [1698538997.385501109] [nurse]: Sent request
trials-all-1  | [arm-1] [INFO] [1698538997.445919578] [arm]: Nurse clients started
trials-all-1  | [coordinator-2] [INFO] [1698538997.969500313] [coordinator]: planner sync service not available, waiting again...
trials-all-1  | [coordinator-2] [INFO] [1698538998.983191665] [coordinator]: planner sync service not available, waiting again...
trials-all-1  | [coordinator-2] [INFO] [1698539000.004438860] [coordinator]: planner sync service not available, waiting again...
trials-all-1  | [coordinator-2] [INFO] [1698539001.020067232] [coordinator]: planner sync service not available, waiting again...
trials-all-1  | [coordinator-2] [INFO] [1698539002.034499669] [coordinator]: planner sync service not available, waiting again...
trials-all-1  | [coordinator-2] [INFO] [1698539003.048393154] [coordinator]: planner sync service not available, waiting again...
trials-all-1  | [planner-5] Matplotlib is building the font cache; this may take a moment.
trials-all-1  | [coordinator-2] [INFO] [1698539004.058793760] [coordinator]: planner sync service not available, waiting again...
trials-all-1  | [coordinator-2] [INFO] [1698539005.071036355] [coordinator]: planner sync service not available, waiting again...
trials-all-1  | [coordinator-2] [INFO] [1698539006.085830919] [coordinator]: planner sync service not available, waiting again...
trials-all-1  | [planner-5] [INFO] [1698539006.808168836] [planner]: Starting Planner server
trials-all-1  | [planner-5] [INFO] [1698539006.835732146] [planner]: Planner server started
trials-all-1  | [coordinator-2] [INFO] [1698539007.107443348] [coordinator]: planner sync service not available, waiting again...
trials-all-1  | [coordinator-2] [INFO] [1698539008.125995887] [coordinator]: planner sync service not available, waiting again...
trials-all-1  | [coordinator-2] [INFO] [1698539008.987250383] [coordinator]: Coordinator clients started
trials-all-1  | [coordinator-2] [INFO] [1698539009.027797371] [coordinator]: Receiving message of nurse1 in room3.
trials-all-1  | [coordinator-2] [INFO] [1698539009.037146138] [coordinator]: Sending response
trials-all-1  | [nurse-4] [INFO] [1698539009.050955794] [nurse]: Request response:Okay!
trials-all-1  | [coordinator-2] [INFO] [1698539009.057275636] [coordinator]: Planing
trials-all-1  | [coordinator-2] [INFO] [1698539009.067114391] [coordinator]: Creating plan for: robot1, nurse1, arm1 
trials-all-1  | [planner-5] [INFO] [1698539009.298460622] [planner]: Receiving sync message. need_plan,robot1,nurse1,arm1
trials-all-1  | [planner-5] [INFO] [1698539009.314216230] [planner]: Creating plan for: robot1 robot1 nurse1
trials-all-1  | [planner-5] [INFO] [1698539009.335806691] [planner]: a_navto,robot1,Room1
trials-all-1  | [planner-5] [INFO] [1698539009.357767144] [planner]: a_approach_nurse,robot1
trials-all-1  | [planner-5] [INFO] [1698539009.375730696] [planner]: a_authenticate_nurse,robot1,nurse1
trials-all-1  | [planner-5] [INFO] [1698539009.385813444] [planner]: a_open_drawer,robot1
trials-all-1  | [planner-5] [INFO] [1698539009.404476979] [planner]: a_deposit,nurse1,robot1
trials-all-1  | [planner-5] [INFO] [1698539009.415193712] [planner]: a_close_drawer,robot1
trials-all-1  | [planner-5] [INFO] [1698539009.436781173] [planner]: a_navto,robot1,Room3
trials-all-1  | [planner-5] [INFO] [1698539009.441266062] [planner]: a_approach_arm,robot1,arm1
trials-all-1  | [planner-5] [INFO] [1698539009.445697951] [planner]: a_open_drawer,robot1
trials-all-1  | [planner-5] [INFO] [1698539009.449794849] [planner]: a_pick_up_sample,arm1,robot1
trials-all-1  | [planner-5] [INFO] [1698539009.454199739] [planner]: a_close_drawer,robot1
trials-all-1  | [planner-5] [INFO] [1698539009.457984645] [planner]: Sending response
trials-all-1  | [coordinator-2] [INFO] [1698539009.469367361] [coordinator]: Plan received for: robot1, nurse1, arm1 
trials-all-1  | [coordinator-2] [INFO] [1698539009.477083168] [coordinator]: a_navto,robot1,Room1/a_approach_nurse,robot1/a_authenticate_nurse,robot1,nurse1/a_open_drawer,robot1/a_deposit,nurse1,robot1/a_close_drawer,robot1/a_navto,robot1,Room3/a_approach_arm,robot1,arm1/a_open_drawer,robot1/a_pick_up_sample,arm1,robot1/a_close_drawer,robot1
trials-all-1  | [coordinator-2] [INFO] [1698539009.481968047] [coordinator]: a_navto,robot1,Room1
trials-all-1  | [coordinator-2] [INFO] [1698539009.485510958] [coordinator]: a_approach_nurse,robot1
trials-all-1  | [coordinator-2] [INFO] [1698539009.509759354] [coordinator]: a_authenticate_nurse,robot1,nurse1
trials-all-1  | [coordinator-2] [INFO] [1698539009.518444137] [coordinator]: a_open_drawer,robot1
trials-all-1  | [coordinator-2] [INFO] [1698539009.540830579] [coordinator]: a_deposit,nurse1,robot1
trials-all-1  | [coordinator-2] [INFO] [1698539009.550444339] [coordinator]: a_close_drawer,robot1
trials-all-1  | [coordinator-2] [INFO] [1698539009.559286119] [coordinator]: a_navto,robot1,Room3
trials-all-1  | [coordinator-2] [INFO] [1698539009.579928604] [coordinator]: a_approach_arm,robot1,arm1
trials-all-1  | [coordinator-2] [INFO] [1698539009.589085376] [coordinator]: a_open_drawer,robot1
trials-all-1  | [coordinator-2] [INFO] [1698539009.597698161] [coordinator]: a_pick_up_sample,arm1,robot1
trials-all-1  | [coordinator-2] [INFO] [1698539009.606510941] [coordinator]: a_close_drawer,robot1
trials-all-1  | [coordinator-2] [INFO] [1698539009.615008729] [coordinator]: Sending plans
trials-all-1  | [arm-1] [INFO] [1698539009.635016230] [arm]: Receiving message.
trials-all-1  | [robot-6] [INFO] [1698539009.635157227] [robot]: Receiving message.
trials-all-1  | [coordinator-2] [INFO] [1698539009.643120028] [coordinator]: Plans sent
trials-all-1  | [arm-1] [INFO] [1698539009.647483919] [arm]: Arm's actions:
trials-all-1  | [nurse-4] [INFO] [1698539009.654456746] [nurse]: Receiving message.
trials-all-1  | [nurse-4] [INFO] [1698539009.658493645] [nurse]: Nurse's actions:
trials-all-1  | [robot-6] [INFO] [1698539009.654495745] [robot]: Robot's actions:
trials-all-1  | [robot-6] [INFO] [1698539009.658557643] [robot]: a_navto
trials-all-1  | [arm-1] [INFO] [1698539009.655491720] [arm]: Action: a_approach_arm
trials-all-1  | [arm-1] [INFO] [1698539009.659228627] [arm]: Doing a_approach_arm
trials-all-1  | [robot-6] [INFO] [1698539009.662201552] [robot]: a_approach_nurse
trials-all-1  | [robot-6] [INFO] [1698539009.670327350] [robot]: Action: a_navto
trials-all-1  | [robot-6] [INFO] [1698539009.674520245] [robot]: Doing a_navto
trials-all-1  | [robot-6] [INFO] [1698539009.678858137] [robot]: a_authenticate_nurse
trials-all-1  | [arm-1] [INFO] [1698539009.664620492] [arm]: a_approach_arm
trials-all-1  | [nurse-4] [INFO] [1698539009.666260451] [nurse]: a_authenticate_nurse
trials-all-1  | [nurse-4] [INFO] [1698539009.670869336] [nurse]: a_deposit
trials-all-1  | [nurse-4] [INFO] [1698539009.675533220] [nurse]: Action: a_authenticate_nurse
trials-all-1  | [nurse-4] [INFO] [1698539009.679731115] [nurse]: Doing a_authenticate_nurse
trials-all-1  | [robot-6] [INFO] [1698539009.685649968] [robot]: a_deposit
trials-all-1  | [robot-6] [INFO] [1698539009.694631744] [robot]: a_close_drawer
trials-all-1  | [robot-6] [INFO] [1698539009.703176531] [robot]: a_navto
trials-all-1  | [robot-6] [INFO] [1698539009.711232330] [robot]: a_approach_arm
trials-all-1  | [robot-6] [INFO] [1698539009.719045135] [robot]: a_open_drawer
trials-all-1  | [robot-6] [INFO] [1698539009.724595997] [robot]: a_pick_up_sample
trials-all-1  | [robot-6] [INFO] [1698539009.729865865] [robot]: a_close_drawer
trials-all-1  | [robot-6] [INFO] [1698539009.738625647] [robot]: Receiving sync message. a_authenticate_nurse,robot1,nurse1
trials-all-1  | [robot-6] [INFO] [1698539009.743901515] [robot]: not ready
trials-all-1  | [environment-3] [INFO] [1698539009.751510326] [environment]: Receiving message: monitor
trials-all-1  | [nurse-4] [INFO] [1698539009.753339280] [nurse]: not ready
trials-all-1  | [nurse-4] [INFO] [1698539009.757580174] [nurse]: Action result: False
trials-all-1  | [nurse-4] [INFO] [1698539009.761831068] [nurse]: Action: a_authenticate_nurse
trials-all-1  | [nurse-4] [INFO] [1698539009.766469953] [nurse]: Doing a_authenticate_nurse
trials-all-1  | [robot-6] [INFO] [1698539009.774481753] [robot]: Receiving sync message. a_authenticate_nurse,robot1,nurse1
trials-all-1  | [robot-6] [INFO] [1698539009.778881643] [robot]: not ready
trials-all-1  | [nurse-4] [INFO] [1698539009.786726447] [nurse]: not ready
trials-all-1  | [nurse-4] [INFO] [1698539009.792584301] [nurse]: Action result: False
trials-all-1  | [nurse-4] [INFO] [1698539009.800838096] [nurse]: Action: a_authenticate_nurse
trials-all-1  | [nurse-4] [INFO] [1698539009.806937943] [nurse]: Doing a_authenticate_nurse
trials-all-1  | [robot-6] [INFO] [1698539009.814947744] [robot]: Receiving sync message. a_authenticate_nurse,robot1,nurse1
trials-all-1  | [robot-6] [INFO] [1698539009.822039567] [robot]: not ready
trials-all-1  | [nurse-4] [INFO] [1698539009.831532330] [nurse]: not ready
trials-all-1  | [nurse-4] [INFO] [1698539009.838490157] [nurse]: Action result: False
trials-all-1  | [nurse-4] [INFO] [1698539009.844701002] [nurse]: Action: a_authenticate_nurse
trials-all-1  | [nurse-4] [INFO] [1698539009.850822849] [nurse]: Doing a_authenticate_nurse
trials-all-1  | [robot-6] [INFO] [1698539009.859450634] [robot]: Receiving sync message. a_authenticate_nurse,robot1,nurse1
trials-all-1  | [robot-6] [INFO] [1698539009.865912473] [robot]: not ready
trials-all-1  | [nurse-4] [INFO] [1698539009.875666230] [nurse]: not ready
trials-all-1  | [nurse-4] [INFO] [1698539009.881489085] [nurse]: Action result: False
trials-all-1  | [nurse-4] [INFO] [1698539009.886944948] [nurse]: Action: a_authenticate_nurse
trials-all-1  | [nurse-4] [INFO] [1698539009.892947799] [nurse]: Doing a_authenticate_nurse
trials-all-1  | [robot-6] [INFO] [1698539009.901164594] [robot]: Receiving sync message. a_authenticate_nurse,robot1,nurse1
trials-all-1  | [robot-6] [INFO] [1698539009.907464437] [robot]: not ready
trials-all-1  | [nurse-4] [INFO] [1698539009.918011174] [nurse]: not ready
trials-all-1  | [nurse-4] [INFO] [1698539009.927739931] [nurse]: Action result: False
trials-all-1  | [nurse-4] [INFO] [1698539009.933502788] [nurse]: Action: a_authenticate_nurse
trials-all-1  | [environment-3] [INFO] [1698539009.937941677] [environment]: Action: monitor
trials-all-1  | [nurse-4] [INFO] [1698539009.939034650] [nurse]: Doing a_authenticate_nurse
trials-all-1  | [environment-3] [INFO] [1698539009.950178372] [environment]: Receiving message: a_approach_arm,robot1,arm1
trials-all-1  | [robot-6] [INFO] [1698539009.951003351] [robot]: Receiving sync message. a_authenticate_nurse,robot1,nurse1
trials-all-1  | [coordinator-2] [INFO] [1698539009.952369317] [coordinator]: Found a problem
trials-all-1  | [environment-3] [INFO] [1698539009.955411241] [environment]: Action: a_approach_arm
trials-all-1  | [robot-6] [INFO] [1698539009.956271220] [robot]: not ready
trials-all-1  | [environment-3] [INFO] [1698539009.959284145] [environment]: Responding
trials-all-1  | [arm-1] [INFO] [1698539009.970133874] [arm]: success
trials-all-1  | [arm-1] [INFO] [1698539009.975271746] [arm]: Action result: True
trials-all-1  | [coordinator-2] [INFO] [1698539009.975318745] [coordinator]: Updating planner state
trials-all-1  | [nurse-4] [INFO] [1698539009.980715610] [nurse]: not ready
trials-all-1  | [planner-5] [INFO] [1698539009.984674512] [planner]: Receiving sync message. update_state,door_closed,Room3
trials-all-1  | [nurse-4] [INFO] [1698539009.986226473] [nurse]: Action result: False
trials-all-1  | [planner-5] [INFO] [1698539009.989230398] [planner]: door_closed
trials-all-1  | [nurse-4] [INFO] [1698539009.994352270] [nurse]: Action: a_authenticate_nurse
trials-all-1  | [arm-1] [INFO] [1698539010.001321096] [arm]: Action: a_pick_up_sample
trials-all-1  | [arm-1] [INFO] [1698539010.005622989] [arm]: Doing a_pick_up_sample
trials-all-1  | [coordinator-2] [INFO] [1698539010.009277898] [coordinator]: Planner state updated
trials-all-1  | [coordinator-2] [INFO] [1698539010.015340747] [coordinator]: Planing
trials-all-1  | [robot-6] [INFO] [1698539010.021212601] [robot]: Receiving sync message. a_pick_up_sample,arm1,robot1
trials-all-1  | [coordinator-2] [INFO] [1698539010.027299449] [coordinator]: Creating plan for: robot1, nurse1, arm1 
trials-all-1  | [robot-6] [INFO] [1698539010.027382447] [robot]: not ready
trials-all-1  | [nurse-4] [INFO] [1698539010.033923285] [nurse]: Doing a_authenticate_nurse
trials-all-1  | [environment-3] [INFO] [1698539010.034617267] [environment]: Receiving message: a_navto,robot1,Room1
trials-all-1  | [planner-5] [INFO] [1698539010.041776089] [planner]: Receiving sync message. need_plan,robot1,nurse1,arm1
trials-all-1  | [planner-5] [INFO] [1698539010.046214978] [planner]: Creating plan for: robot1 robot1 nurse1
trials-all-1  | [environment-3] [INFO] [1698539010.042322075] [environment]: Action: a_navto
trials-all-1  | [arm-1] [INFO] [1698539010.052321826] [arm]: not ready
trials-all-1  | [environment-3] [INFO] [1698539010.055838739] [environment]: Responding
trials-all-1  | [robot-6] [INFO] [1698539010.058504672] [robot]: Receiving sync message. a_authenticate_nurse,robot1,nurse1
trials-all-1  | [arm-1] [INFO] [1698539010.064066534] [arm]: Action result: False
trials-all-1  | [robot-6] [INFO] [1698539010.069941388] [robot]: not ready
trials-all-1  | [nurse-4] [INFO] [1698539010.078495175] [nurse]: not ready
trials-all-1  | [arm-1] [INFO] [1698539010.081140109] [arm]: Action: a_pick_up_sample
trials-all-1  | [planner-5] [INFO] [1698539010.085523000] [planner]: a_navto,robot1,Room1
trials-all-1  | [robot-6] [INFO] [1698539010.086359979] [robot]: success
trials-all-1  | [planner-5] [INFO] [1698539010.089570899] [planner]: a_approach_nurse,robot1
trials-all-1  | [arm-1] [INFO] [1698539010.093845792] [arm]: Doing a_pick_up_sample
trials-all-1  | [robot-6] [INFO] [1698539010.096293731] [robot]: Action result: True
trials-all-1  | [nurse-4] [INFO] [1698539010.097697696] [nurse]: Action result: False
trials-all-1  | [planner-5] [INFO] [1698539010.108389430] [planner]: a_authenticate_nurse,robot1,nurse1
trials-all-1  | [nurse-4] [INFO] [1698539010.110932367] [nurse]: Action: a_authenticate_nurse
trials-all-1  | [coordinator-2] [INFO] [1698539010.111010365] [coordinator]: Receiving sync message: action_complete,a_navto
trials-all-1  | [planner-5] [INFO] [1698539010.112463329] [planner]: a_open_drawer,robot1
trials-all-1  | [planner-5] [INFO] [1698539010.116645225] [planner]: a_deposit,nurse1,robot1
trials-all-1  | [planner-5] [INFO] [1698539010.120536128] [planner]: a_close_drawer,robot1
trials-all-1  | [coordinator-2] [INFO] [1698539010.121548102] [coordinator]: action_complete
trials-all-1  | [nurse-4] [INFO] [1698539010.122488079] [nurse]: Doing a_authenticate_nurse
trials-all-1  | [robot-6] [INFO] [1698539010.125453005] [robot]: Receiving sync message. a_pick_up_sample,arm1,robot1
trials-all-1  | [planner-5] [INFO] [1698539010.125632001] [planner]: a_open_door,nurse1,Room3
trials-all-1  | [planner-5] [INFO] [1698539010.129786897] [planner]: a_navto,robot1,Room3
trials-all-1  | [robot-6] [INFO] [1698539010.131389857] [robot]: not ready
trials-all-1  | [coordinator-2] [INFO] [1698539010.132156838] [coordinator]: plans_actions_current 1 of 11
trials-all-1  | [planner-5] [INFO] [1698539010.134682775] [planner]: a_approach_arm,robot1,arm1
trials-all-1  | [arm-1] [INFO] [1698539010.141694601] [arm]: not ready
trials-all-1  | [arm-1] [INFO] [1698539010.146242488] [arm]: Action result: False
trials-all-1  | [arm-1] [INFO] [1698539010.150709376] [arm]: Action: a_pick_up_sample
trials-all-1  | [robot-6] [INFO] [1698539010.146470482] [robot]: Receiving sync message. a_authenticate_nurse,robot1,nurse1
trials-all-1  | [robot-6] [INFO] [1698539010.152744326] [robot]: not ready
trials-all-1  | [planner-5] [INFO] [1698539010.157575205] [planner]: a_open_drawer,robot1
trials-all-1  | [planner-5] [INFO] [1698539010.163874048] [planner]: a_pick_up_sample,arm1,robot1
trials-all-1  | [planner-5] [INFO] [1698539010.167828950] [planner]: a_close_drawer,robot1
trials-all-1  | [nurse-4] [INFO] [1698539010.167964947] [nurse]: not ready
trials-all-1  | [planner-5] [INFO] [1698539010.171969847] [planner]: Sending response
trials-all-1  | [arm-1] [INFO] [1698539010.172979822] [arm]: Doing a_pick_up_sample
trials-all-1  | [nurse-4] [INFO] [1698539010.179280665] [nurse]: Action result: False
trials-all-1  | [coordinator-2] [INFO] [1698539010.185150519] [coordinator]: Plan received for: robot1, nurse1, arm1 
trials-all-1  | [robot-6] [INFO] [1698539010.186746479] [robot]: Action: a_approach_nurse
trials-all-1  | [nurse-4] [INFO] [1698539010.189383413] [nurse]: Action: a_authenticate_nurse
trials-all-1  | [coordinator-2] [INFO] [1698539010.195590259] [coordinator]: a_navto,robot1,Room1/a_approach_nurse,robot1/a_authenticate_nurse,robot1,nurse1/a_open_drawer,robot1/a_deposit,nurse1,robot1/a_close_drawer,robot1/a_open_door,nurse1,Room3/a_navto,robot1,Room3/a_approach_arm,robot1,arm1/a_open_drawer,robot1/a_pick_up_sample,arm1,robot1/a_close_drawer,robot1
trials-all-1  | [robot-6] [INFO] [1698539010.195590259] [robot]: Receiving sync message. a_pick_up_sample,arm1,robot1
trials-all-1  | [robot-6] [INFO] [1698539010.202176095] [robot]: Doing a_approach_nurse
trials-all-1  | [coordinator-2] [INFO] [1698539010.204434038] [coordinator]: a_navto,robot1,Room1
trials-all-1  | [nurse-4] [INFO] [1698539010.212421840] [nurse]: Doing a_authenticate_nurse
trials-all-1  | [coordinator-2] [INFO] [1698539010.213910802] [coordinator]: a_approach_nurse,robot1
trials-all-1  | [robot-6] [INFO] [1698539010.214706783] [robot]: not ready
trials-all-1  | [arm-1] [INFO] [1698539010.226813481] [arm]: not ready
trials-all-1  | [coordinator-2] [INFO] [1698539010.226824481] [coordinator]: a_authenticate_nurse,robot1,nurse1
trials-all-1  | [arm-1] [INFO] [1698539010.231191372] [arm]: Action result: False
trials-all-1  | [coordinator-2] [INFO] [1698539010.234663286] [coordinator]: a_open_drawer,robot1
trials-all-1  | [arm-1] [INFO] [1698539010.235482265] [arm]: Action: a_pick_up_sample
trials-all-1  | [environment-3] [INFO] [1698539010.238574188] [environment]: Receiving message: a_approach_nurse,robot1
trials-all-1  | [arm-1] [INFO] [1698539010.239395168] [arm]: Doing a_pick_up_sample
trials-all-1  | [robot-6] [INFO] [1698539010.240506140] [robot]: Receiving sync message. a_authenticate_nurse,robot1,nurse1
trials-all-1  | [coordinator-2] [INFO] [1698539010.242830082] [coordinator]: a_deposit,nurse1,robot1
trials-all-1  | [coordinator-2] [INFO] [1698539010.249783909] [coordinator]: a_close_drawer,robot1
trials-all-1  | [robot-6] [INFO] [1698539010.250133900] [robot]: not ready
trials-all-1  | [environment-3] [INFO] [1698539010.258453693] [environment]: Action: a_approach_nurse
trials-all-1  | [coordinator-2] [INFO] [1698539010.261543616] [coordinator]: a_open_door,nurse1,Room3
trials-all-1  | [nurse-4] [INFO] [1698539010.262205600] [nurse]: not ready
trials-all-1  | [environment-3] [INFO] [1698539010.262816585] [environment]: Responding
trials-all-1  | [coordinator-2] [INFO] [1698539010.274902284] [coordinator]: a_navto,robot1,Room3
trials-all-1  | [nurse-4] [INFO] [1698539010.280961133] [nurse]: Action result: False
trials-all-1  | [coordinator-2] [INFO] [1698539010.282395097] [coordinator]: a_approach_arm,robot1,arm1
trials-all-1  | [nurse-4] [INFO] [1698539010.289988908] [nurse]: Action: a_authenticate_nurse
trials-all-1  | [coordinator-2] [INFO] [1698539010.290087905] [coordinator]: a_open_drawer,robot1
trials-all-1  | [robot-6] [INFO] [1698539010.296264752] [robot]: Receiving sync message. a_pick_up_sample,arm1,robot1
trials-all-1  | [coordinator-2] [INFO] [1698539010.297857712] [coordinator]: a_pick_up_sample,arm1,robot1
trials-all-1  | [nurse-4] [INFO] [1698539010.302356600] [nurse]: Doing a_authenticate_nurse
trials-all-1  | [coordinator-2] [INFO] [1698539010.306617494] [coordinator]: a_close_drawer,robot1
trials-all-1  | [robot-6] [INFO] [1698539010.307105482] [robot]: not ready
trials-all-1  | [coordinator-2] [INFO] [1698539010.315687268] [coordinator]: Sending plans
trials-all-1  | [arm-1] [INFO] [1698539010.322277104] [arm]: not ready
trials-all-1  | [arm-1] [INFO] [1698539010.326768992] [arm]: Action result: False
trials-all-1  | [nurse-4] [INFO] [1698539010.326912988] [nurse]: Receiving message.
trials-all-1  | [coordinator-2] [INFO] [1698539010.329868915] [coordinator]: Plans sent
trials-all-1  | [nurse-4] [INFO] [1698539010.336601747] [nurse]: Nurse's actions:
trials-all-1  | [robot-6] [INFO] [1698539010.337093735] [robot]: success
trials-all-1  | [robot-6] [INFO] [1698539010.346028512] [robot]: Receiving sync message. a_authenticate_nurse,robot1,nurse1
trials-all-1  | [environment-3] [INFO] [1698539010.346523500] [environment]: Receiving message: monitor
trials-all-1  | [environment-3] [INFO] [1698539010.351025388] [environment]: Action: monitor
trials-all-1  | [arm-1] [INFO] [1698539010.351580374] [arm]: Receiving message.
trials-all-1  | [nurse-4] [INFO] [1698539010.352006364] [nurse]: a_authenticate_nurse
trials-all-1  | [robot-6] [INFO] [1698539010.362360106] [robot]: not ready
trials-all-1  | [nurse-4] [INFO] [1698539010.364644049] [nurse]: a_deposit
trials-all-1  | [coordinator-2] [INFO] [1698539010.365537027] [coordinator]: Found a problem
trials-all-1  | [arm-1] [INFO] [1698539010.377567727] [arm]: Arm's actions:
trials-all-1  | [nurse-4] [INFO] [1698539010.378864695] [nurse]: a_open_door
trials-all-1  | [robot-6] [INFO] [1698539010.385176538] [robot]: Action result: True
trials-all-1  | [environment-3] [INFO] [1698539010.390175413] [environment]: Receiving message: monitor
trials-all-1  | [robot-6] [INFO] [1698539010.390224412] [robot]: Receiving message.
trials-all-1  | [environment-3] [INFO] [1698539010.394722300] [environment]: Action: monitor
trials-all-1  | [coordinator-2] [INFO] [1698539010.394987293] [coordinator]: Receiving sync message: action_complete,a_approach_nurse
trials-all-1  | [nurse-4] [INFO] [1698539010.399527180] [nurse]: not ready
trials-all-1  | [arm-1] [INFO] [1698539010.406841998] [arm]: Action: a_pick_up_sample
trials-all-1  | [nurse-4] [INFO] [1698539010.408676952] [nurse]: Action result: False
trials-all-1  | [arm-1] [INFO] [1698539010.414638804] [arm]: Doing a_pick_up_sample
trials-all-1  | [coordinator-2] [INFO] [1698539010.417898723] [coordinator]: action_complete
trials-all-1  | [robot-6] [INFO] [1698539010.419424685] [robot]: Robot's actions:
trials-all-1  | [arm-1] [INFO] [1698539010.422563607] [arm]: a_approach_arm
trials-all-1  | [nurse-4] [INFO] [1698539010.428564457] [nurse]: Action: a_authenticate_nurse
trials-all-1  | [arm-1] [INFO] [1698539010.430831401] [arm]: a_pick_up_sample
trials-all-1  | [robot-6] [INFO] [1698539010.431944373] [robot]: a_navto
trials-all-1  | [coordinator-2] [INFO] [1698539010.434433311] [coordinator]: plans_actions_current 1 of 11
trials-all-1  | [nurse-4] [INFO] [1698539010.437775228] [nurse]: Doing a_authenticate_nurse
trials-all-1  | [robot-6] [INFO] [1698539010.441945124] [robot]: a_approach_nurse
trials-all-1  | [robot-6] [INFO] [1698539010.448759954] [robot]: a_authenticate_nurse
trials-all-1  | [coordinator-2] [INFO] [1698539010.449178944] [coordinator]: Found a problem
trials-all-1  | [robot-6] [INFO] [1698539010.454829803] [robot]: a_open_drawer
trials-all-1  | [robot-6] [INFO] [1698539010.460459663] [robot]: a_deposit
trials-all-1  | [environment-3] [INFO] [1698539010.462852603] [environment]: Receiving message: monitor
trials-all-1  | [robot-6] [INFO] [1698539010.466610510] [robot]: a_close_drawer
trials-all-1  | [environment-3] [INFO] [1698539010.467011500] [environment]: Action: monitor
trials-all-1  | [coordinator-2] [INFO] [1698539010.476263269] [coordinator]: Found a problem
trials-all-1  | [robot-6] [INFO] [1698539010.476016275] [robot]: a_navto
trials-all-1  | [robot-6] [INFO] [1698539010.483125098] [robot]: a_approach_arm
trials-all-1  | [robot-6] [INFO] [1698539010.489065950] [robot]: a_open_drawer
trials-all-1  | [robot-6] [INFO] [1698539010.495772783] [robot]: a_pick_up_sample
trials-all-1  | [environment-3] [INFO] [1698539010.498992703] [environment]: Receiving message: monitor
trials-all-1  | [environment-3] [INFO] [1698539010.503294596] [environment]: Action: monitor
trials-all-1  | [robot-6] [INFO] [1698539010.503673587] [robot]: a_close_drawer
trials-all-1  | [coordinator-2] [INFO] [1698539010.520752161] [coordinator]: Found a problem
trials-all-1  | [robot-6] [INFO] [1698539010.524503068] [robot]: Receiving sync message. a_pick_up_sample,arm1,robot1
trials-all-1  | [robot-6] [INFO] [1698539010.533454845] [robot]: not ready
trials-all-1  | [environment-3] [INFO] [1698539010.533734838] [environment]: Receiving message: monitor
trials-all-1  | [environment-3] [INFO] [1698539010.539256701] [environment]: Action: monitor
trials-all-1  | [arm-1] [INFO] [1698539010.545746539] [arm]: not ready
trials-all-1  | [arm-1] [INFO] [1698539010.559105206] [arm]: Action result: False
trials-all-1  | [robot-6] [INFO] [1698539010.565367050] [robot]: Receiving sync message. a_authenticate_nurse,robot1,nurse1
trials-all-1  | [coordinator-2] [INFO] [1698539010.566761016] [coordinator]: Found a problem
trials-all-1  | [robot-6] [INFO] [1698539010.572188881] [robot]: Action: a_navto
trials-all-1  | [arm-1] [INFO] [1698539010.576981761] [arm]: Action: a_approach_arm
trials-all-1  | [arm-1] [INFO] [1698539010.582512623] [arm]: Doing a_approach_arm
trials-all-1  | [robot-6] [INFO] [1698539010.584827566] [robot]: not ready
trials-all-1  | [environment-3] [INFO] [1698539010.587619496] [environment]: Receiving message: monitor
trials-all-1  | [environment-3] [INFO] [1698539010.591854391] [environment]: Action: monitor
trials-all-1  | [coordinator-2] [INFO] [1698539010.607614998] [coordinator]: Found a problem
trials-all-1  | [nurse-4] [INFO] [1698539010.611347905] [nurse]: not ready
trials-all-1  | [robot-6] [INFO] [1698539010.614205834] [robot]: Doing a_navto
trials-all-1  | [nurse-4] [INFO] [1698539010.620953666] [nurse]: Action result: False
trials-all-1  | [nurse-4] [INFO] [1698539010.632146387] [nurse]: Action: a_authenticate_nurse
trials-all-1  | [nurse-4] [INFO] [1698539010.640486180] [nurse]: Doing a_authenticate_nurse
trials-all-1  | [robot-6] [INFO] [1698539010.649389958] [robot]: Receiving sync message. a_authenticate_nurse,robot1,nurse1
trials-all-1  | [robot-6] [INFO] [1698539010.654377834] [robot]: not ready
trials-all-1  | [nurse-4] [INFO] [1698539010.673366361] [nurse]: not ready
trials-all-1  | [nurse-4] [INFO] [1698539010.679219215] [nurse]: Action result: False
trials-all-1  | [nurse-4] [INFO] [1698539010.685234065] [nurse]: Action: a_authenticate_nurse
trials-all-1  | [nurse-4] [INFO] [1698539010.690380937] [nurse]: Doing a_authenticate_nurse
trials-all-1  | [environment-3] [INFO] [1698539010.693319864] [environment]: Receiving message: a_approach_arm,robot1,arm1
trials-all-1  | [robot-6] [INFO] [1698539010.701258666] [robot]: Receiving sync message. a_authenticate_nurse,robot1,nurse1
trials-all-1  | [robot-6] [INFO] [1698539010.707447512] [robot]: not ready
trials-all-1  | [nurse-4] [INFO] [1698539010.715639308] [nurse]: not ready
trials-all-1  | [nurse-4] [INFO] [1698539010.720614184] [nurse]: Action result: False
trials-all-1  | [nurse-4] [INFO] [1698539010.725411065] [nurse]: Action: a_authenticate_nurse
trials-all-1  | [nurse-4] [INFO] [1698539010.730497938] [nurse]: Doing a_authenticate_nurse
trials-all-1  | [robot-6] [INFO] [1698539010.739137723] [robot]: Receiving sync message. a_authenticate_nurse,robot1,nurse1
trials-all-1  | [robot-6] [INFO] [1698539010.745715559] [robot]: not ready
trials-all-1  | [nurse-4] [INFO] [1698539010.756083301] [nurse]: not ready
trials-all-1  | [nurse-4] [INFO] [1698539010.760974179] [nurse]: Action result: False
trials-all-1  | [nurse-4] [INFO] [1698539010.765827059] [nurse]: Action: a_authenticate_nurse
trials-all-1  | [nurse-4] [INFO] [1698539010.770782935] [nurse]: Doing a_authenticate_nurse
trials-all-1  | [robot-6] [INFO] [1698539010.778535742] [robot]: Receiving sync message. a_authenticate_nurse,robot1,nurse1
trials-all-1  | [robot-6] [INFO] [1698539010.784436595] [robot]: not ready
trials-all-1  | [nurse-4] [INFO] [1698539010.794593342] [nurse]: not ready
trials-all-1  | [nurse-4] [INFO] [1698539010.800967183] [nurse]: Action result: False
trials-all-1  | [nurse-4] [INFO] [1698539010.806906036] [nurse]: Action: a_authenticate_nurse
trials-all-1  | [nurse-4] [INFO] [1698539010.812752890] [nurse]: Doing a_authenticate_nurse
trials-all-1  | [robot-6] [INFO] [1698539010.820257703] [robot]: Receiving sync message. a_authenticate_nurse,robot1,nurse1
trials-all-1  | [robot-6] [INFO] [1698539010.826190555] [robot]: not ready
trials-all-1  | [nurse-4] [INFO] [1698539010.836381302] [nurse]: not ready
trials-all-1  | [nurse-4] [INFO] [1698539010.842566148] [nurse]: Action result: False
trials-all-1  | [nurse-4] [INFO] [1698539010.848200007] [nurse]: Action: a_authenticate_nurse
trials-all-1  | [nurse-4] [INFO] [1698539010.853632872] [nurse]: Doing a_authenticate_nurse
trials-all-1  | [robot-6] [INFO] [1698539010.862576649] [robot]: Receiving sync message. a_authenticate_nurse,robot1,nurse1
trials-all-1  | [robot-6] [INFO] [1698539010.869028489] [robot]: not ready
trials-all-1  | [nurse-4] [INFO] [1698539010.877460279] [nurse]: not ready
trials-all-1  | [nurse-4] [INFO] [1698539010.885448080] [nurse]: Action result: False
trials-all-1  | [nurse-4] [INFO] [1698539010.891488929] [nurse]: Action: a_authenticate_nurse
trials-all-1  | [nurse-4] [INFO] [1698539010.898339759] [nurse]: Doing a_authenticate_nurse
trials-all-1  | [robot-6] [INFO] [1698539010.907236537] [robot]: Receiving sync message. a_authenticate_nurse,robot1,nurse1
trials-all-1  | [robot-6] [INFO] [1698539010.913755375] [robot]: not ready
trials-all-1  | [nurse-4] [INFO] [1698539010.921978170] [nurse]: not ready
trials-all-1  | [nurse-4] [INFO] [1698539010.927018045] [nurse]: Action result: False
trials-all-1  | [nurse-4] [INFO] [1698539010.932185916] [nurse]: Action: a_authenticate_nurse
trials-all-1  | [nurse-4] [INFO] [1698539010.936989796] [nurse]: Doing a_authenticate_nurse
trials-all-1  | [robot-6] [INFO] [1698539010.943474635] [robot]: Receiving sync message. a_authenticate_nurse,robot1,nurse1
trials-all-1  | [robot-6] [INFO] [1698539010.951978423] [robot]: not ready
trials-all-1  | [nurse-4] [INFO] [1698539010.960094221] [nurse]: not ready
trials-all-1  | [nurse-4] [INFO] [1698539010.965327091] [nurse]: Action result: False
trials-all-1  | [environment-3] [INFO] [1698539010.965708081] [environment]: Action: a_approach_arm
trials-all-1  | [environment-3] [INFO] [1698539010.969840978] [environment]: Responding
trials-all-1  | [nurse-4] [INFO] [1698539010.970494962] [nurse]: Action: a_authenticate_nurse
trials-all-1  | [arm-1] [INFO] [1698539010.978923752] [arm]: success
trials-all-1  | [nurse-4] [INFO] [1698539010.979063748] [nurse]: Doing a_authenticate_nurse
trials-all-1  | [arm-1] [INFO] [1698539010.983061649] [arm]: Action result: True
trials-all-1  | [arm-1] [INFO] [1698539010.988997501] [arm]: Action: a_pick_up_sample
trials-all-1  | [robot-6] [INFO] [1698539010.995084350] [robot]: Receiving sync message. a_authenticate_nurse,robot1,nurse1
trials-all-1  | [robot-6] [INFO] [1698539011.003757134] [robot]: not ready
trials-all-1  | [nurse-4] [INFO] [1698539011.013289896] [nurse]: not ready
trials-all-1  | [arm-1] [INFO] [1698539011.015047853] [arm]: Doing a_pick_up_sample
trials-all-1  | [nurse-4] [INFO] [1698539011.017091802] [nurse]: Action result: False
trials-all-1  | [nurse-4] [INFO] [1698539011.022004680] [nurse]: Action: a_authenticate_nurse
trials-all-1  | [robot-6] [INFO] [1698539011.025236599] [robot]: Receiving sync message. a_pick_up_sample,arm1,robot1
trials-all-1  | [nurse-4] [INFO] [1698539011.028320523] [nurse]: Doing a_authenticate_nurse
trials-all-1  | [robot-6] [INFO] [1698539011.029031505] [robot]: not ready
trials-all-1  | [environment-3] [INFO] [1698539011.033613391] [environment]: Receiving message: monitor
trials-all-1  | [environment-3] [INFO] [1698539011.037504294] [environment]: Action: monitor
trials-all-1  | [robot-6] [INFO] [1698539011.053470897] [robot]: Receiving sync message. a_authenticate_nurse,robot1,nurse1
trials-all-1  | [coordinator-2] [INFO] [1698539011.055473847] [coordinator]: Found a problem
trials-all-1  | [robot-6] [INFO] [1698539011.057913787] [robot]: not ready
trials-all-1  | [environment-3] [INFO] [1698539011.067095558] [environment]: Receiving message: a_navto,robot1,Room1
trials-all-1  | [arm-1] [INFO] [1698539011.069613496] [arm]: not ready
trials-all-1  | [environment-3] [INFO] [1698539011.071230456] [environment]: Action: a_navto
trials-all-1  | [nurse-4] [INFO] [1698539011.078752268] [nurse]: not ready
trials-all-1  | [arm-1] [INFO] [1698539011.082136184] [arm]: Action result: False
trials-all-1  | [nurse-4] [INFO] [1698539011.087438052] [nurse]: Action result: False
trials-all-1  | [nurse-4] [INFO] [1698539011.092348930] [nurse]: Action: a_authenticate_nurse
trials-all-1  | [arm-1] [INFO] [1698539011.092712921] [arm]: Action: a_pick_up_sample
trials-all-1  | [nurse-4] [INFO] [1698539011.097042814] [nurse]: Doing a_authenticate_nurse
trials-all-1  | [environment-3] [INFO] [1698539011.099162761] [environment]: Responding
trials-all-1  | [environment-3] [INFO] [1698539011.106633575] [environment]: Receiving message: monitor
trials-all-1  | [environment-3] [INFO] [1698539011.110767472] [environment]: Action: monitor
trials-all-1  | [arm-1] [INFO] [1698539011.119994243] [arm]: Doing a_pick_up_sample
trials-all-1  | [coordinator-2] [INFO] [1698539011.121889196] [coordinator]: Found a problem
trials-all-1  | [robot-6] [INFO] [1698539011.126241087] [robot]: Receiving sync message. a_authenticate_nurse,robot1,nurse1
trials-all-1  | [environment-3] [INFO] [1698539011.129564005] [environment]: Receiving message: monitor
trials-all-1  | [robot-6] [INFO] [1698539011.133888897] [robot]: not ready
trials-all-1  | [nurse-4] [INFO] [1698539011.145988596] [nurse]: not ready
trials-all-1  | [robot-6] [INFO] [1698539011.149883499] [robot]: Receiving sync message. a_pick_up_sample,arm1,robot1
trials-all-1  | [nurse-4] [INFO] [1698539011.150220491] [nurse]: Action result: False
trials-all-1  | [nurse-4] [INFO] [1698539011.153855401] [nurse]: Action: a_authenticate_nurse
trials-all-1  | [environment-3] [INFO] [1698539011.153553408] [environment]: Action: monitor
trials-all-1  | [robot-6] [INFO] [1698539011.159453261] [robot]: not ready
trials-all-1  | [robot-6] [INFO] [1698539011.164586134] [robot]: success
trials-all-1  | [robot-6] [INFO] [1698539011.168427038] [robot]: Action result: True
trials-all-1  | [coordinator-2] [INFO] [1698539011.167797054] [coordinator]: Found a problem
trials-all-1  | [arm-1] [INFO] [1698539011.170165995] [arm]: not ready
trials-all-1  | [environment-3] [INFO] [1698539011.179373766] [environment]: Receiving message: monitor
trials-all-1  | [arm-1] [INFO] [1698539011.182670684] [arm]: Action result: False
trials-all-1  | [environment-3] [INFO] [1698539011.183492664] [environment]: Action: monitor
trials-all-1  | [coordinator-2] [INFO] [1698539011.194559388] [coordinator]: Receiving sync message: action_complete,a_navto
trials-all-1  | [nurse-4] [INFO] [1698539011.204492141] [nurse]: Doing a_authenticate_nurse
trials-all-1  | [arm-1] [INFO] [1698539011.207190074] [arm]: Action: a_pick_up_sample
trials-all-1  | [coordinator-2] [INFO] [1698539011.212683938] [coordinator]: action_complete
trials-all-1  | [robot-6] [INFO] [1698539011.214203900] [robot]: Receiving sync message. a_authenticate_nurse,robot1,nurse1
trials-all-1  | [arm-1] [INFO] [1698539011.216723837] [arm]: Doing a_pick_up_sample
trials-all-1  | [coordinator-2] [INFO] [1698539011.220901733] [coordinator]: plans_actions_current 2 of 11
trials-all-1  | [robot-6] [INFO] [1698539011.221219725] [robot]: not ready
trials-all-1  | [nurse-4] [INFO] [1698539011.235485371] [nurse]: not ready
trials-all-1  | [coordinator-2] [INFO] [1698539011.241290226] [coordinator]: Found a problem
trials-all-1  | [nurse-4] [INFO] [1698539011.246303102] [nurse]: Action result: False
trials-all-1  | [robot-6] [INFO] [1698539011.251403975] [robot]: Receiving sync message. a_pick_up_sample,arm1,robot1
trials-all-1  | [environment-3] [INFO] [1698539011.256069859] [environment]: Receiving message: monitor
trials-all-1  | [nurse-4] [INFO] [1698539011.258645795] [nurse]: Action: a_authenticate_nurse
trials-all-1  | [environment-3] [INFO] [1698539011.266044611] [environment]: Action: monitor
trials-all-1  | [nurse-4] [INFO] [1698539011.266491600] [nurse]: Doing a_authenticate_nurse
trials-all-1  | [robot-6] [INFO] [1698539011.267559573] [robot]: not ready
trials-all-1  | [robot-6] [INFO] [1698539011.284388154] [robot]: Receiving sync message. a_authenticate_nurse,robot1,nurse1
trials-all-1  | [arm-1] [INFO] [1698539011.284429153] [arm]: not ready
trials-all-1  | [arm-1] [INFO] [1698539011.288642049] [arm]: Action result: False
trials-all-1  | [robot-6] [INFO] [1698539011.290750996] [robot]: not ready
trials-all-1  | [robot-6] [INFO] [1698539011.302189712] [robot]: Action: a_approach_nurse
trials-all-1  | [nurse-4] [INFO] [1698539011.302542703] [nurse]: not ready
trials-all-1  | [robot-6] [INFO] [1698539011.306633601] [robot]: Doing a_approach_nurse
trials-all-1  | [nurse-4] [INFO] [1698539011.306805597] [nurse]: Action result: False
trials-all-1  | [coordinator-2] [INFO] [1698539011.309372533] [coordinator]: Found a problem
trials-all-1  | [nurse-4] [INFO] [1698539011.319361285] [nurse]: Action: a_authenticate_nurse
trials-all-1  | [arm-1] [INFO] [1698539011.322664203] [arm]: Action: a_pick_up_sample
trials-all-1  | [nurse-4] [INFO] [1698539011.325293137] [nurse]: Doing a_authenticate_nurse
trials-all-1  | [arm-1] [INFO] [1698539011.328604055] [arm]: Doing a_pick_up_sample
trials-all-1  | [robot-6] [INFO] [1698539011.331356986] [robot]: Receiving sync message. a_authenticate_nurse,robot1,nurse1
trials-all-1  | [robot-6] [INFO] [1698539011.338677804] [robot]: not ready
trials-all-1  | [environment-3] [INFO] [1698539011.353304441] [environment]: Receiving message: a_approach_nurse,robot1
trials-all-1  | [robot-6] [INFO] [1698539011.353467436] [robot]: Receiving sync message. a_pick_up_sample,arm1,robot1
trials-all-1  | [nurse-4] [INFO] [1698539011.353718430] [nurse]: not ready
trials-all-1  | [nurse-4] [INFO] [1698539011.358458312] [nurse]: Action result: False
trials-all-1  | [environment-3] [INFO] [1698539011.361381240] [environment]: Action: a_approach_nurse
trials-all-1  | [nurse-4] [INFO] [1698539011.364911152] [nurse]: Action: a_authenticate_nurse
trials-all-1  | [robot-6] [INFO] [1698539011.365516137] [robot]: not ready
trials-all-1  | [arm-1] [INFO] [1698539011.376911853] [arm]: not ready
trials-all-1  | [environment-3] [INFO] [1698539011.380790757] [environment]: Responding
trials-all-1  | [robot-6] [INFO] [1698539011.389246547] [robot]: success
trials-all-1  | [robot-6] [INFO] [1698539011.392899456] [robot]: Action result: True
trials-all-1  | [arm-1] [INFO] [1698539011.391582489] [arm]: Action result: False
trials-all-1  | [arm-1] [INFO] [1698539011.396123376] [arm]: Action: a_pick_up_sample
trials-all-1  | [arm-1] [INFO] [1698539011.400168275] [arm]: Doing a_pick_up_sample
trials-all-1  | [coordinator-2] [INFO] [1698539011.398825308] [coordinator]: Receiving sync message: action_complete,a_approach_nurse
trials-all-1  | [nurse-4] [INFO] [1698539011.401844233] [nurse]: Doing a_authenticate_nurse
trials-all-1  | [coordinator-2] [INFO] [1698539011.406020130] [coordinator]: action_complete
trials-all-1  | [robot-6] [INFO] [1698539011.409342047] [robot]: Receiving sync message. a_authenticate_nurse,robot1,nurse1
trials-all-1  | [coordinator-2] [INFO] [1698539011.412073979] [coordinator]: plans_actions_current 3 of 11
trials-all-1  | [robot-6] [INFO] [1698539011.418179827] [robot]: not ready
trials-all-1  | [nurse-4] [INFO] [1698539011.431650492] [nurse]: not ready
trials-all-1  | [nurse-4] [INFO] [1698539011.437867337] [nurse]: Action result: False
trials-all-1  | [robot-6] [INFO] [1698539011.440795265] [robot]: Receiving sync message. a_pick_up_sample,arm1,robot1
trials-all-1  | [nurse-4] [INFO] [1698539011.444262178] [nurse]: Action: a_authenticate_nurse
trials-all-1  | [environment-3] [INFO] [1698539011.448205080] [environment]: Receiving message: monitor
trials-all-1  | [nurse-4] [INFO] [1698539011.449894038] [nurse]: Doing a_authenticate_nurse
trials-all-1  | [robot-6] [INFO] [1698539011.454228931] [robot]: not ready
trials-all-1  | [arm-1] [INFO] [1698539011.467012613] [arm]: not ready
trials-all-1  | [robot-6] [INFO] [1698539011.471395504] [robot]: Receiving sync message. a_authenticate_nurse,robot1,nurse1
trials-all-1  | [arm-1] [INFO] [1698539011.472201484] [arm]: Action result: False
trials-all-1  | [arm-1] [INFO] [1698539011.477517351] [arm]: Action: a_pick_up_sample
trials-all-1  | [environment-3] [INFO] [1698539011.479966291] [environment]: Action: monitor
trials-all-1  | [robot-6] [INFO] [1698539011.479984290] [robot]: not ready
trials-all-1  | [robot-6] [INFO] [1698539011.492449980] [robot]: Action: a_authenticate_nurse
trials-all-1  | [coordinator-2] [INFO] [1698539011.489492054] [coordinator]: Found a problem
trials-all-1  | [nurse-4] [INFO] [1698539011.496141888] [nurse]: not ready
trials-all-1  | [arm-1] [INFO] [1698539011.496223886] [arm]: Doing a_pick_up_sample
trials-all-1  | [nurse-4] [INFO] [1698539011.502026742] [nurse]: Action result: False
trials-all-1  | [nurse-4] [INFO] [1698539011.506155639] [nurse]: Action: a_authenticate_nurse
trials-all-1  | [robot-6] [INFO] [1698539011.502383733] [robot]: Doing a_authenticate_nurse
trials-all-1  | [robot-6] [INFO] [1698539011.508819573] [robot]: Receiving sync message. a_pick_up_sample,arm1,robot1
trials-all-1  | [environment-3] [INFO] [1698539011.505591653] [environment]: Receiving message: monitor
trials-all-1  | [nurse-4] [INFO] [1698539011.512125491] [nurse]: Doing a_authenticate_nurse
trials-all-1  | [environment-3] [INFO] [1698539011.512270487] [environment]: Action: monitor
trials-all-1  | [robot-6] [INFO] [1698539011.516840373] [robot]: not ready
trials-all-1  | [robot-6] [INFO] [1698539011.523377211] [robot]: Receiving sync message. a_authenticate_nurse,robot1,nurse1
trials-all-1  | [coordinator-2] [INFO] [1698539011.522850224] [coordinator]: Found a problem
trials-all-1  | [arm-1] [INFO] [1698539011.528973072] [arm]: not ready
trials-all-1  | [robot-6] [INFO] [1698539011.530400036] [robot]: Authenticate nurse
trials-all-1  | [environment-3] [INFO] [1698539011.537685855] [environment]: Receiving message: monitor
trials-all-1  | [environment-3] [INFO] [1698539011.541834752] [environment]: Action: monitor
trials-all-1  | [robot-6] [INFO] [1698539011.538230842] [robot]: wating for nurse1 to authenticate to robot1
trials-all-1  | [robot-6] [INFO] [1698539011.542222742] [robot]: Action result: False
trials-all-1  | [arm-1] [INFO] [1698539011.541245767] [arm]: Action result: False
trials-all-1  | [arm-1] [INFO] [1698539011.548524586] [arm]: Action: a_pick_up_sample
trials-all-1  | [nurse-4] [INFO] [1698539011.547222618] [nurse]: success
trials-all-1  | [coordinator-2] [INFO] [1698539011.550157545] [coordinator]: Found a problem
trials-all-1  | [arm-1] [INFO] [1698539011.556939376] [arm]: Doing a_pick_up_sample
trials-all-1  | [nurse-4] [INFO] [1698539011.557627359] [nurse]: Action result: True
trials-all-1  | [environment-3] [INFO] [1698539011.564051199] [environment]: Receiving message: monitor
trials-all-1  | [environment-3] [INFO] [1698539011.567732108] [environment]: Action: monitor
trials-all-1  | [robot-6] [INFO] [1698539011.566217146] [robot]: Action: a_authenticate_nurse
trials-all-1  | [nurse-4] [INFO] [1698539011.567288119] [nurse]: Action: a_deposit
trials-all-1  | [nurse-4] [INFO] [1698539011.574875930] [nurse]: Doing a_deposit
trials-all-1  | [coordinator-2] [INFO] [1698539011.588819583] [coordinator]: Found a problem
trials-all-1  | [robot-6] [INFO] [1698539011.594946431] [robot]: Doing a_authenticate_nurse
trials-all-1  | [environment-3] [INFO] [1698539011.603004231] [environment]: Receiving message: monitor
trials-all-1  | [robot-6] [INFO] [1698539011.605348172] [robot]: Receiving sync message. a_pick_up_sample,arm1,robot1
trials-all-1  | [robot-6] [INFO] [1698539011.607927108] [robot]: Action result: True
trials-all-1  | [coordinator-2] [INFO] [1698539011.628766590] [coordinator]: Receiving sync message: action_complete,a_authenticate_nurse
trials-all-1  | [robot-6] [INFO] [1698539011.636013410] [robot]: not ready
trials-all-1  | [coordinator-2] [INFO] [1698539011.649932064] [coordinator]: action_complete
trials-all-1  | [robot-6] [INFO] [1698539011.651868015] [robot]: Receiving sync message. a_deposit,nurse1,robot1
trials-all-1  | [arm-1] [INFO] [1698539011.653187983] [arm]: not ready
trials-all-1  | [robot-6] [INFO] [1698539011.656727895] [robot]: not ready
trials-all-1  | [coordinator-2] [INFO] [1698539011.660473801] [coordinator]: plans_actions_current 4 of 11
trials-all-1  | [arm-1] [INFO] [1698539011.677755372] [arm]: Action result: False
trials-all-1  | [nurse-4] [INFO] [1698539011.680450305] [nurse]: not ready
trials-all-1  | [arm-1] [INFO] [1698539011.682140263] [arm]: Action: a_pick_up_sample
trials-all-1  | [robot-6] [INFO] [1698539011.680797296] [robot]: Action: a_open_drawer
trials-all-1  | [arm-1] [INFO] [1698539011.685824171] [arm]: Doing a_pick_up_sample
trials-all-1  | [nurse-4] [INFO] [1698539011.687585127] [nurse]: Action result: False
trials-all-1  | [robot-6] [INFO] [1698539011.692479005] [robot]: Doing a_open_drawer
trials-all-1  | [nurse-4] [INFO] [1698539011.692853996] [nurse]: Action: a_deposit
trials-all-1  | [nurse-4] [INFO] [1698539011.698108865] [nurse]: Doing a_deposit
trials-all-1  | [robot-6] [INFO] [1698539011.706050668] [robot]: success
trials-all-1  | [robot-6] [INFO] [1698539011.713117492] [robot]: Receiving sync message. a_pick_up_sample,arm1,robot1
trials-all-1  | [robot-6] [INFO] [1698539011.723226241] [robot]: Action result: True
trials-all-1  | [robot-6] [INFO] [1698539011.728971098] [robot]: not ready
trials-all-1  | [coordinator-2] [INFO] [1698539011.729868076] [coordinator]: Receiving sync message: action_complete,a_open_drawer
trials-all-1  | [coordinator-2] [INFO] [1698539011.733947974] [coordinator]: action_complete
trials-all-1  | [arm-1] [INFO] [1698539011.742647758] [arm]: not ready
trials-all-1  | [robot-6] [INFO] [1698539011.743967725] [robot]: Receiving sync message. a_deposit,nurse1,robot1
trials-all-1  | [arm-1] [INFO] [1698539011.746432664] [arm]: Action result: False
trials-all-1  | [robot-6] [INFO] [1698539011.749642584] [robot]: not ready
trials-all-1  | [arm-1] [INFO] [1698539011.750461563] [arm]: Action: a_pick_up_sample
trials-all-1  | [environment-3] [INFO] [1698539011.753204495] [environment]: Action: monitor
trials-all-1  | [coordinator-2] [INFO] [1698539011.756148422] [coordinator]: plans_actions_current 5 of 11
trials-all-1  | [arm-1] [INFO] [1698539011.762298269] [arm]: Doing a_pick_up_sample
trials-all-1  | [nurse-4] [INFO] [1698539011.765648186] [nurse]: not ready
trials-all-1  | [coordinator-2] [INFO] [1698539011.772160024] [coordinator]: Found a problem
trials-all-1  | [nurse-4] [INFO] [1698539011.776527915] [nurse]: Action result: False
trials-all-1  | [robot-6] [INFO] [1698539011.782858758] [robot]: Receiving sync message. a_pick_up_sample,arm1,robot1
trials-all-1  | [nurse-4] [INFO] [1698539011.783655738] [nurse]: Action: a_deposit
trials-all-1  | [robot-6] [INFO] [1698539011.786824659] [robot]: not ready
trials-all-1  | [environment-3] [INFO] [1698539011.789643589] [environment]: Receiving message: monitor
trials-all-1  | [nurse-4] [INFO] [1698539011.792938507] [nurse]: Doing a_deposit
trials-all-1  | [arm-1] [INFO] [1698539011.795612441] [arm]: not ready
trials-all-1  | [environment-3] [INFO] [1698539011.795053454] [environment]: Action: monitor
trials-all-1  | [coordinator-2] [INFO] [1698539011.806814162] [coordinator]: Found a problem
trials-all-1  | [arm-1] [INFO] [1698539011.813506996] [arm]: Action result: False
trials-all-1  | [arm-1] [INFO] [1698539011.818212879] [arm]: Action: a_pick_up_sample
trials-all-1  | [arm-1] [INFO] [1698539011.821959785] [arm]: Doing a_pick_up_sample
trials-all-1  | [robot-6] [INFO] [1698539011.828671618] [robot]: Receiving sync message. a_deposit,nurse1,robot1
trials-all-1  | [robot-6] [INFO] [1698539011.836633420] [robot]: Action: a_deposit
trials-all-1  | [robot-6] [INFO] [1698539011.840318329] [robot]: not ready
trials-all-1  | [nurse-4] [INFO] [1698539011.857653898] [nurse]: not ready
trials-all-1  | [nurse-4] [INFO] [1698539011.864097737] [nurse]: Action result: False
trials-all-1  | [robot-6] [INFO] [1698539011.865750696] [robot]: Doing a_deposit
trials-all-1  | [nurse-4] [INFO] [1698539011.879466355] [nurse]: Action: a_deposit
trials-all-1  | [robot-6] [INFO] [1698539011.879584352] [robot]: wating for nurse1 to deposit in robot1
trials-all-1  | [nurse-4] [INFO] [1698539011.889656102] [nurse]: Doing a_deposit
trials-all-1  | [robot-6] [INFO] [1698539011.890366084] [robot]: Receiving sync message. a_pick_up_sample,arm1,robot1
trials-all-1  | [robot-6] [INFO] [1698539011.900995820] [robot]: not ready
trials-all-1  | [environment-3] [INFO] [1698539011.904618730] [environment]: Receiving message: monitor
trials-all-1  | [arm-1] [INFO] [1698539011.909655604] [arm]: not ready
trials-all-1  | [robot-6] [INFO] [1698539011.910696579] [robot]: Receiving sync message. a_deposit,nurse1,robot1
trials-all-1  | [arm-1] [INFO] [1698539011.914090494] [arm]: Action result: False
trials-all-1  | [environment-3] [INFO] [1698539011.916863425] [environment]: Action: monitor
trials-all-1  | [robot-6] [INFO] [1698539011.917558408] [robot]: Deposit
trials-all-1  | [robot-6] [INFO] [1698539011.923508260] [robot]: Action result: False
trials-all-1  | [arm-1] [INFO] [1698539011.918831376] [arm]: Action: a_pick_up_sample
trials-all-1  | [coordinator-2] [INFO] [1698539011.931180069] [coordinator]: Found a problem
trials-all-1  | [robot-6] [INFO] [1698539011.933212019] [robot]: Action: a_deposit
trials-all-1  | [nurse-4] [INFO] [1698539011.935037973] [nurse]: success
trials-all-1  | [robot-6] [INFO] [1698539011.939692857] [robot]: Doing a_deposit
trials-all-1  | [arm-1] [INFO] [1698539011.944915728] [arm]: Doing a_pick_up_sample
trials-all-1  | [robot-6] [INFO] [1698539011.945246719] [robot]: Action result: True
trials-all-1  | [nurse-4] [INFO] [1698539011.945585711] [nurse]: Action result: True
trials-all-1  | [coordinator-2] [INFO] [1698539011.951483564] [coordinator]: Receiving sync message: action_complete,a_deposit
trials-all-1  | [nurse-4] [INFO] [1698539011.953693509] [nurse]: Action: a_open_door
trials-all-1  | [coordinator-2] [INFO] [1698539011.956888430] [coordinator]: action_complete
trials-all-1  | [coordinator-2] [INFO] [1698539011.960960328] [coordinator]: plans_actions_current 6 of 11
trials-all-1  | [nurse-4] [INFO] [1698539011.958656386] [nurse]: Doing a_open_door
trials-all-1  | [environment-3] [INFO] [1698539011.959961353] [environment]: Receiving message: monitor
trials-all-1  | [robot-6] [INFO] [1698539011.961609312] [robot]: Receiving sync message. a_pick_up_sample,arm1,robot1
trials-all-1  | [robot-6] [INFO] [1698539011.968105151] [robot]: not ready
trials-all-1  | [arm-1] [INFO] [1698539011.981796810] [arm]: not ready
trials-all-1  | [environment-3] [INFO] [1698539011.982595790] [environment]: Action: monitor
trials-all-1  | [robot-6] [INFO] [1698539011.988358647] [robot]: Action: a_close_drawer
trials-all-1  | [coordinator-2] [INFO] [1698539012.000574343] [coordinator]: Found a problem
trials-all-1  | [robot-6] [INFO] [1698539012.004673241] [robot]: Doing a_close_drawer
trials-all-1  | [arm-1] [INFO] [1698539012.010095107] [arm]: Action result: False
trials-all-1  | [robot-6] [INFO] [1698539012.011068083] [robot]: success
trials-all-1  | [arm-1] [INFO] [1698539012.014346001] [arm]: Action: a_pick_up_sample
trials-all-1  | [robot-6] [INFO] [1698539012.017476923] [robot]: Action result: True
trials-all-1  | [arm-1] [INFO] [1698539012.018246904] [arm]: Doing a_pick_up_sample
trials-all-1  | [environment-3] [INFO] [1698539012.021842815] [environment]: Receiving message: a_open_door,nurse1,Room3
trials-all-1  | [coordinator-2] [INFO] [1698539012.028657646] [coordinator]: Receiving sync message: action_complete,a_close_drawer
trials-all-1  | [environment-3] [INFO] [1698539012.029391628] [environment]: Action: a_open_door
trials-all-1  | [robot-6] [INFO] [1698539012.032028562] [robot]: Receiving sync message. a_pick_up_sample,arm1,robot1
trials-all-1  | [coordinator-2] [INFO] [1698539012.038736395] [coordinator]: action_complete
trials-all-1  | [robot-6] [INFO] [1698539012.042255308] [robot]: not ready
trials-all-1  | [environment-3] [INFO] [1698539012.050694098] [environment]: Responding
trials-all-1  | [environment-3] [INFO] [1698539012.059876870] [environment]: Receiving message: monitor
trials-all-1  | [environment-3] [INFO] [1698539012.063457781] [environment]: Action: monitor
trials-all-1  | [coordinator-2] [INFO] [1698539012.056705949] [coordinator]: plans_actions_current 7 of 11
trials-all-1  | [arm-1] [INFO] [1698539012.058138914] [arm]: not ready
trials-all-1  | [arm-1] [INFO] [1698539012.070001619] [arm]: Action result: False
trials-all-1  | [nurse-4] [INFO] [1698539012.061109840] [nurse]: success
trials-all-1  | [nurse-4] [INFO] [1698539012.064560754] [nurse]: Action result: True
trials-all-1  | [robot-6] [INFO] [1698539012.064885746] [robot]: Action: a_navto
trials-all-1  | [arm-1] [INFO] [1698539012.074236514] [arm]: Action: a_pick_up_sample
trials-all-1  | [robot-6] [INFO] [1698539012.081412335] [robot]: Doing a_navto
trials-all-1  | [environment-3] [INFO] [1698539012.082548307] [environment]: Receiving message: monitor
trials-all-1  | [arm-1] [INFO] [1698539012.084360262] [arm]: Doing a_pick_up_sample
trials-all-1  | [robot-6] [INFO] [1698539012.095312990] [robot]: Receiving sync message. a_pick_up_sample,arm1,robot1
trials-all-1  | [robot-6] [INFO] [1698539012.106149721] [robot]: not ready
trials-all-1  | [arm-1] [INFO] [1698539012.121992328] [arm]: not ready
trials-all-1  | [arm-1] [INFO] [1698539012.128804158] [arm]: Action result: False
trials-all-1  | [arm-1] [INFO] [1698539012.135758986] [arm]: Action: a_pick_up_sample
trials-all-1  | [arm-1] [INFO] [1698539012.144422771] [arm]: Doing a_pick_up_sample
trials-all-1  | [robot-6] [INFO] [1698539012.154128529] [robot]: Receiving sync message. a_pick_up_sample,arm1,robot1
trials-all-1  | [environment-3] [INFO] [1698539012.154931510] [environment]: Action: monitor
trials-all-1  | [environment-3] [INFO] [1698539012.164949261] [environment]: Receiving message: a_navto,robot1,Room3
trials-all-1  | [robot-6] [INFO] [1698539012.166760216] [robot]: not ready
trials-all-1  | [arm-1] [INFO] [1698539012.178036936] [arm]: not ready
trials-all-1  | [arm-1] [INFO] [1698539012.183691795] [arm]: Action result: False
trials-all-1  | [arm-1] [INFO] [1698539012.189584649] [arm]: Action: a_pick_up_sample
trials-all-1  | [arm-1] [INFO] [1698539012.195259508] [arm]: Doing a_pick_up_sample
trials-all-1  | [robot-6] [INFO] [1698539012.202672324] [robot]: Receiving sync message. a_pick_up_sample,arm1,robot1
trials-all-1  | [robot-6] [INFO] [1698539012.208922169] [robot]: not ready
trials-all-1  | [environment-3] [INFO] [1698539012.209106164] [environment]: Action: a_navto
trials-all-1  | [environment-3] [INFO] [1698539012.214799023] [environment]: Responding
trials-all-1  | [arm-1] [INFO] [1698539012.221733850] [arm]: not ready
trials-all-1  | [environment-3] [INFO] [1698539012.227829699] [environment]: Receiving message: monitor
trials-all-1  | [arm-1] [INFO] [1698539012.233711553] [arm]: Action result: False
trials-all-1  | [arm-1] [INFO] [1698539012.239242416] [arm]: Action: a_pick_up_sample
trials-all-1  | [environment-3] [INFO] [1698539012.245027272] [environment]: Action: monitor
trials-all-1  | [robot-6] [INFO] [1698539012.247069221] [robot]: success
trials-all-1  | [robot-6] [INFO] [1698539012.253835053] [robot]: Action result: True
trials-all-1  | [arm-1] [INFO] [1698539012.263270819] [arm]: Doing a_pick_up_sample
trials-all-1  | [environment-3] [INFO] [1698539012.263830805] [environment]: Receiving message: monitor
trials-all-1  | [coordinator-2] [INFO] [1698539012.267420716] [coordinator]: Receiving sync message: action_complete,a_navto
trials-all-1  | [environment-3] [INFO] [1698539012.270444641] [environment]: Action: monitor
trials-all-1  | [robot-6] [INFO] [1698539012.272607587] [robot]: Receiving sync message. a_pick_up_sample,arm1,robot1
trials-all-1  | [robot-6] [INFO] [1698539012.278115450] [robot]: not ready
trials-all-1  | [arm-1] [INFO] [1698539012.289535166] [arm]: not ready
trials-all-1  | [coordinator-2] [INFO] [1698539012.295369022] [coordinator]: action_complete
trials-all-1  | [arm-1] [INFO] [1698539012.295861009] [arm]: Action result: False
trials-all-1  | [arm-1] [INFO] [1698539012.299519918] [arm]: Action: a_pick_up_sample
trials-all-1  | [arm-1] [INFO] [1698539012.303591817] [arm]: Doing a_pick_up_sample
trials-all-1  | [robot-6] [INFO] [1698539012.313496571] [robot]: Receiving sync message. a_pick_up_sample,arm1,robot1
trials-all-1  | [robot-6] [INFO] [1698539012.320421399] [robot]: not ready
trials-all-1  | [coordinator-2] [INFO] [1698539012.315519521] [coordinator]: plans_actions_current 8 of 11
trials-all-1  | [arm-1] [INFO] [1698539012.337959964] [arm]: not ready
trials-all-1  | [arm-1] [INFO] [1698539012.341748870] [arm]: Action result: False
trials-all-1  | [environment-3] [INFO] [1698539012.348967690] [environment]: Receiving message: monitor
trials-all-1  | [robot-6] [INFO] [1698539012.354439554] [robot]: Action: a_approach_arm
trials-all-1  | [robot-6] [INFO] [1698539012.359857420] [robot]: Doing a_approach_arm
trials-all-1  | [environment-3] [INFO] [1698539012.365892270] [environment]: Action: monitor
trials-all-1  | [environment-3] [INFO] [1698539012.372720100] [environment]: Receiving message: a_approach_arm,robot1,arm1
trials-all-1  | [arm-1] [INFO] [1698539012.381789875] [arm]: Action: a_pick_up_sample
trials-all-1  | [arm-1] [INFO] [1698539012.385656779] [arm]: Doing a_pick_up_sample
trials-all-1  | [environment-3] [INFO] [1698539012.389442685] [environment]: Action: a_approach_arm
trials-all-1  | [environment-3] [INFO] [1698539012.393534583] [environment]: Responding
trials-all-1  | [robot-6] [INFO] [1698539012.393603582] [robot]: Receiving sync message. a_pick_up_sample,arm1,robot1
trials-all-1  | [robot-6] [INFO] [1698539012.404422313] [robot]: not ready
trials-all-1  | [environment-3] [INFO] [1698539012.406094271] [environment]: Receiving message: monitor
trials-all-1  | [environment-3] [INFO] [1698539012.410097172] [environment]: Action: monitor
trials-all-1  | [arm-1] [INFO] [1698539012.423971827] [arm]: not ready
trials-all-1  | [arm-1] [INFO] [1698539012.427706735] [arm]: Action result: False
trials-all-1  | [robot-6] [INFO] [1698539012.425347793] [robot]: success
trials-all-1  | [robot-6] [INFO] [1698539012.429061701] [robot]: Action result: True
trials-all-1  | [environment-3] [INFO] [1698539012.426910754] [environment]: Receiving message: monitor
trials-all-1  | [environment-3] [INFO] [1698539012.430528665] [environment]: Action: monitor
trials-all-1  | [coordinator-2] [INFO] [1698539012.434588564] [coordinator]: Receiving sync message: action_complete,a_approach_arm
trials-all-1  | [coordinator-2] [INFO] [1698539012.440163425] [coordinator]: action_complete
trials-all-1  | [arm-1] [INFO] [1698539012.450596166] [arm]: Action: a_pick_up_sample
trials-all-1  | [arm-1] [INFO] [1698539012.458205977] [arm]: Doing a_pick_up_sample
trials-all-1  | [coordinator-2] [INFO] [1698539012.459990933] [coordinator]: plans_actions_current 9 of 11
trials-all-1  | [robot-6] [INFO] [1698539012.466904761] [robot]: Receiving sync message. a_pick_up_sample,arm1,robot1
trials-all-1  | [robot-6] [INFO] [1698539012.470479672] [robot]: not ready
trials-all-1  | [arm-1] [INFO] [1698539012.480978412] [arm]: not ready
trials-all-1  | [environment-3] [INFO] [1698539012.483013361] [environment]: Receiving message: monitor
trials-all-1  | [arm-1] [INFO] [1698539012.489142209] [arm]: Action result: False
trials-all-1  | [arm-1] [INFO] [1698539012.493164109] [arm]: Action: a_pick_up_sample
trials-all-1  | [arm-1] [INFO] [1698539012.497494001] [arm]: Doing a_pick_up_sample
trials-all-1  | [robot-6] [INFO] [1698539012.490587173] [robot]: Action: a_open_drawer
trials-all-1  | [robot-6] [INFO] [1698539012.494332080] [robot]: Doing a_open_drawer
trials-all-1  | [environment-3] [INFO] [1698539012.507725747] [environment]: Action: monitor
trials-all-1  | [robot-6] [INFO] [1698539012.513669600] [robot]: success
trials-all-1  | [robot-6] [INFO] [1698539012.517322509] [robot]: Action result: True
trials-all-1  | [robot-6] [INFO] [1698539012.523026367] [robot]: Receiving sync message. a_pick_up_sample,arm1,robot1
trials-all-1  | [robot-6] [INFO] [1698539012.526705276] [robot]: not ready
trials-all-1  | [coordinator-2] [INFO] [1698539012.525224313] [coordinator]: Receiving sync message: action_complete,a_open_drawer
trials-all-1  | [environment-3] [INFO] [1698539012.528025243] [environment]: Receiving message: monitor
trials-all-1  | [environment-3] [INFO] [1698539012.532181140] [environment]: Action: monitor
trials-all-1  | [arm-1] [INFO] [1698539012.538704978] [arm]: not ready
trials-all-1  | [coordinator-2] [INFO] [1698539012.557758505] [coordinator]: action_complete
trials-all-1  | [arm-1] [INFO] [1698539012.559466462] [arm]: Action result: False
trials-all-1  | [coordinator-2] [INFO] [1698539012.568678233] [coordinator]: plans_actions_current 10 of 11
trials-all-1  | [arm-1] [INFO] [1698539012.570164197] [arm]: Action: a_pick_up_sample
trials-all-1  | [arm-1] [INFO] [1698539012.575647060] [arm]: Doing a_pick_up_sample
trials-all-1  | [robot-6] [INFO] [1698539012.578729984] [robot]: Action: a_pick_up_sample
trials-all-1  | [robot-6] [INFO] [1698539012.582673886] [robot]: Doing a_pick_up_sample
trials-all-1  | [robot-6] [INFO] [1698539012.598303498] [robot]: Receiving sync message. a_pick_up_sample,arm1,robot1
trials-all-1  | [environment-3] [INFO] [1698539012.598303498] [environment]: Receiving message: monitor
trials-all-1  | [robot-6] [INFO] [1698539012.606727288] [robot]: wating for arm1 to pick up from robot1
trials-all-1  | [robot-6] [INFO] [1698539012.612712140] [robot]: Pick up
trials-all-1  | [environment-3] [INFO] [1698539012.617414023] [environment]: Action: monitor
trials-all-1  | [environment-3] [INFO] [1698539012.638707494] [environment]: Receiving message: monitor
trials-all-1  | [robot-6] [INFO] [1698539012.617915011] [robot]: Action result: False
trials-all-1  | [robot-6] [INFO] [1698539012.621853913] [robot]: Action: a_pick_up_sample
trials-all-1  | [robot-6] [INFO] [1698539012.625803815] [robot]: Doing a_pick_up_sample
trials-all-1  | [robot-6] [INFO] [1698539012.632596646] [robot]: Action result: True
trials-all-1  | [arm-1] [INFO] [1698539012.626194805] [arm]: success
trials-all-1  | [arm-1] [INFO] [1698539012.630028710] [arm]: Action result: True
trials-all-1  | [coordinator-2] [INFO] [1698539012.639852466] [coordinator]: Receiving sync message: action_complete,a_pick_up_sample
trials-all-1  | [environment-3] [INFO] [1698539012.642703395] [environment]: Action: monitor
trials-all-1  | [coordinator-2] [INFO] [1698539012.645134335] [coordinator]: action_complete
trials-all-1  | [coordinator-2] [INFO] [1698539012.672988643] [coordinator]: plans_actions_current 11 of 11
trials-all-1  | [coordinator-2] [INFO] [1698539012.683738376] [coordinator]: The time of execution of above program is:3.6712498664855957
trials-all-1  | [coordinator-2] [INFO] [1698539012.691935172] [coordinator]: Achieved
trials-all-1  | [coordinator-2] [INFO] [1698539012.700882950] [coordinator]: ENDSIM
trials-all-1  | [robot-6] [INFO] [1698539012.715069598] [robot]: Action: a_close_drawer
trials-all-1  | [robot-6] [INFO] [1698539012.724931353] [robot]: Doing a_close_drawer
trials-all-1  | [robot-6] [INFO] [1698539012.738189023] [robot]: success
trials-all-1  | [robot-6] [INFO] [1698539012.747484792] [robot]: Action result: True
trials-all-1  | [coordinator-2] [INFO] [1698539012.778821014] [coordinator]: Receiving sync message: action_complete,a_close_drawer
trials-all-1  | [coordinator-2] [INFO] [1698539012.804248383] [coordinator]: action_complete
trials-all-1  | [coordinator-2] [INFO] [1698539012.814432130] [coordinator]: plans_actions_current 12 of 11
trials-all-1  | [coordinator-2] [INFO] [1698539012.823788897] [coordinator]: The time of execution of above program is:3.817751169204712
trials-all-1  | [coordinator-2] [INFO] [1698539012.851325213] [coordinator]: Achieved
trials-all-1  | [coordinator-2] [INFO] [1698539012.867921801] [coordinator]: ENDSIM
trials-all-1 exited with code 0
