 Network trials_ros  Creating
 Network trials_ros  Created
 Container trials-all-1  Creating
 Container trials-all-1  Created
Attaching to trials-all-1
trials-all-1  | [INFO] [launch]: All log files can be found below /root/.ros/log/2023-10-28-21-48-53-368580-6c0bc2bd819c-1
trials-all-1  | [INFO] [launch]: Default logging verbosity is set to INFO
trials-all-1  | [INFO] [arm-1]: process started with pid [52]
trials-all-1  | [INFO] [coordinator-2]: process started with pid [54]
trials-all-1  | [INFO] [environment-3]: process started with pid [56]
trials-all-1  | [INFO] [nurse-4]: process started with pid [58]
trials-all-1  | [INFO] [planner-5]: process started with pid [60]
trials-all-1  | [INFO] [robot-6]: process started with pid [62]
trials-all-1  | [environment-3] [INFO] [1698529737.487070199] [environment]: Starting Environment server
trials-all-1  | [coordinator-2] [INFO] [1698529737.500874391] [coordinator]: Starting Coordinator server
trials-all-1  | [environment-3] [INFO] [1698529737.549663071] [environment]: Environment server started
trials-all-1  | [coordinator-2] [INFO] [1698529737.590459639] [coordinator]: Coordinator server started
trials-all-1  | [nurse-4] [INFO] [1698529737.609109899] [nurse]: Starting Nurse server
trials-all-1  | [coordinator-2] [INFO] [1698529737.630285194] [coordinator]: Starting Coordinator clients
trials-all-1  | [arm-1] [INFO] [1698529737.628977176] [arm]: Starting Arm server
trials-all-1  | [nurse-4] [INFO] [1698529737.660999622] [nurse]: Nurse server started
trials-all-1  | [nurse-4] [INFO] [1698529737.669678743] [nurse]: Starting Nurse clients
trials-all-1  | [arm-1] [INFO] [1698529737.712372338] [arm]: Arm server started
trials-all-1  | [arm-1] [INFO] [1698529737.722383477] [arm]: Starting Nurse clients
trials-all-1  | [robot-6] [INFO] [1698529737.852947297] [robot]: Starting Robot server
trials-all-1  | [robot-6] [INFO] [1698529737.910128093] [robot]: Robot server started
trials-all-1  | [robot-6] [INFO] [1698529737.915866173] [robot]: Starting Robots clients
trials-all-1  | [robot-6] [INFO] [1698529737.952441683] [robot]: Robots clients started
trials-all-1  | [nurse-4] [INFO] [1698529737.978426045] [nurse]: Nurse clients started
trials-all-1  | [nurse-4] [INFO] [1698529737.989240196] [nurse]: Sent request
trials-all-1  | [arm-1] [INFO] [1698529738.019441615] [arm]: Nurse clients started
trials-all-1  | [coordinator-2] [INFO] [1698529738.717344277] [coordinator]: planner sync service not available, waiting again...
trials-all-1  | [coordinator-2] [INFO] [1698529739.736824326] [coordinator]: planner sync service not available, waiting again...
trials-all-1  | [coordinator-2] [INFO] [1698529740.755208268] [coordinator]: planner sync service not available, waiting again...
trials-all-1  | [coordinator-2] [INFO] [1698529741.773670120] [coordinator]: planner sync service not available, waiting again...
trials-all-1  | [coordinator-2] [INFO] [1698529742.788119825] [coordinator]: planner sync service not available, waiting again...
trials-all-1  | [coordinator-2] [INFO] [1698529743.805441479] [coordinator]: planner sync service not available, waiting again...
trials-all-1  | [planner-5] Matplotlib is building the font cache; this may take a moment.
trials-all-1  | [coordinator-2] [INFO] [1698529744.821175021] [coordinator]: planner sync service not available, waiting again...
trials-all-1  | [coordinator-2] [INFO] [1698529745.835596454] [coordinator]: planner sync service not available, waiting again...
trials-all-1  | [coordinator-2] [INFO] [1698529746.854476857] [coordinator]: planner sync service not available, waiting again...
trials-all-1  | [planner-5] [INFO] [1698529747.290125556] [planner]: Starting Planner server
trials-all-1  | [planner-5] [INFO] [1698529747.305260753] [planner]: Planner server started
trials-all-1  | [coordinator-2] [INFO] [1698529747.870017125] [coordinator]: planner sync service not available, waiting again...
trials-all-1  | [coordinator-2] [INFO] [1698529748.889551355] [coordinator]: planner sync service not available, waiting again...
trials-all-1  | [coordinator-2] [INFO] [1698529749.263297178] [coordinator]: Coordinator clients started
trials-all-1  | [coordinator-2] [INFO] [1698529749.298246628] [coordinator]: Receiving message of nurse1 in room3.
trials-all-1  | [coordinator-2] [INFO] [1698529749.307278744] [coordinator]: Sending response
trials-all-1  | [nurse-4] [INFO] [1698529749.321957933] [nurse]: Request response:Okay!
trials-all-1  | [coordinator-2] [INFO] [1698529749.336423119] [coordinator]: Planing
trials-all-1  | [coordinator-2] [INFO] [1698529749.349174284] [coordinator]: Creating plan for: robot1, nurse1, arm1 
trials-all-1  | [planner-5] [INFO] [1698529749.369793549] [planner]: Receiving sync message. need_plan,robot1,nurse1,arm1
trials-all-1  | [planner-5] [INFO] [1698529749.379255671] [planner]: Creating plan for: robot1 robot1 nurse1
trials-all-1  | [planner-5] [INFO] [1698529749.406700024] [planner]: a_navto,robot1,Room1
trials-all-1  | [planner-5] [INFO] [1698529749.426485279] [planner]: a_approach_nurse,robot1
trials-all-1  | [planner-5] [INFO] [1698529749.445293521] [planner]: a_authenticate_nurse,robot1,nurse1
trials-all-1  | [planner-5] [INFO] [1698529749.454001634] [planner]: a_open_drawer,robot1
trials-all-1  | [planner-5] [INFO] [1698529749.472005865] [planner]: a_deposit,nurse1,robot1
trials-all-1  | [planner-5] [INFO] [1698529749.479453961] [planner]: a_close_drawer,robot1
trials-all-1  | [planner-5] [INFO] [1698529749.487440064] [planner]: a_navto,robot1,Room3
trials-all-1  | [planner-5] [INFO] [1698529749.504404283] [planner]: a_approach_arm,robot1,arm1
trials-all-1  | [planner-5] [INFO] [1698529749.512196383] [planner]: a_open_drawer,robot1
trials-all-1  | [planner-5] [INFO] [1698529749.532489644] [planner]: a_pick_up_sample,arm1,robot1
trials-all-1  | [planner-5] [INFO] [1698529749.539599736] [planner]: a_close_drawer,robot1
trials-all-1  | [planner-5] [INFO] [1698529749.557228963] [planner]: Sending response
trials-all-1  | [coordinator-2] [INFO] [1698529749.571159142] [coordinator]: Plan received for: robot1, nurse1, arm1 
trials-all-1  | [coordinator-2] [INFO] [1698529749.577812228] [coordinator]: a_navto,robot1,Room1/a_approach_nurse,robot1/a_authenticate_nurse,robot1,nurse1/a_open_drawer,robot1/a_deposit,nurse1,robot1/a_close_drawer,robot1/a_navto,robot1,Room3/a_approach_arm,robot1,arm1/a_open_drawer,robot1/a_pick_up_sample,arm1,robot1/a_close_drawer,robot1
trials-all-1  | [coordinator-2] [INFO] [1698529749.591491404] [coordinator]: a_navto,robot1,Room1
trials-all-1  | [coordinator-2] [INFO] [1698529749.609669638] [coordinator]: a_approach_nurse,robot1
trials-all-1  | [coordinator-2] [INFO] [1698529749.616705729] [coordinator]: a_authenticate_nurse,robot1,nurse1
trials-all-1  | [coordinator-2] [INFO] [1698529749.633886950] [coordinator]: a_open_drawer,robot1
trials-all-1  | [coordinator-2] [INFO] [1698529749.640497035] [coordinator]: a_deposit,nurse1,robot1
trials-all-1  | [coordinator-2] [INFO] [1698529749.646435112] [coordinator]: a_close_drawer,robot1
trials-all-1  | [coordinator-2] [INFO] [1698529749.662989325] [coordinator]: a_navto,robot1,Room3
trials-all-1  | [coordinator-2] [INFO] [1698529749.671026428] [coordinator]: a_approach_arm,robot1,arm1
trials-all-1  | [coordinator-2] [INFO] [1698529749.677576513] [coordinator]: a_open_drawer,robot1
trials-all-1  | [coordinator-2] [INFO] [1698529749.684281599] [coordinator]: a_pick_up_sample,arm1,robot1
trials-all-1  | [coordinator-2] [INFO] [1698529749.690070674] [coordinator]: a_close_drawer,robot1
trials-all-1  | [coordinator-2] [INFO] [1698529749.696765760] [coordinator]: Sending plans
trials-all-1  | [coordinator-2] [INFO] [1698529749.705821877] [coordinator]: Plans sent
trials-all-1  | [arm-1] [INFO] [1698529749.713811979] [arm]: Receiving message.
trials-all-1  | [nurse-4] [INFO] [1698529749.715216998] [nurse]: Receiving message.
trials-all-1  | [nurse-4] [INFO] [1698529749.722086086] [nurse]: Nurse's actions:
trials-all-1  | [environment-3] [INFO] [1698529749.720429065] [environment]: Receiving message: monitor
trials-all-1  | [arm-1] [INFO] [1698529749.721778082] [arm]: Arm's actions:
trials-all-1  | [environment-3] [INFO] [1698529749.724879122] [environment]: Action: monitor
trials-all-1  | [robot-6] [INFO] [1698529749.726366141] [robot]: Receiving message.
trials-all-1  | [nurse-4] [INFO] [1698529749.726848147] [nurse]: Action: a_authenticate_nurse
trials-all-1  | [nurse-4] [INFO] [1698529749.732311218] [nurse]: Doing a_authenticate_nurse
trials-all-1  | [robot-6] [INFO] [1698529749.748464426] [robot]: Robot's actions:
trials-all-1  | [arm-1] [INFO] [1698529749.749969445] [arm]: Action: a_approach_arm
trials-all-1  | [nurse-4] [INFO] [1698529749.747155409] [nurse]: a_authenticate_nurse
trials-all-1  | [arm-1] [INFO] [1698529749.753996497] [arm]: Doing a_approach_arm
trials-all-1  | [robot-6] [INFO] [1698529749.756658531] [robot]: a_navto
trials-all-1  | [environment-3] [INFO] [1698529749.764125627] [environment]: Receiving message: monitor
trials-all-1  | [robot-6] [INFO] [1698529749.765490645] [robot]: Action: a_navto
trials-all-1  | [arm-1] [INFO] [1698529749.773889753] [arm]: a_approach_arm
trials-all-1  | [robot-6] [INFO] [1698529749.777132795] [robot]: Doing a_navto
trials-all-1  | [robot-6] [INFO] [1698529749.781909856] [robot]: a_approach_nurse
trials-all-1  | [environment-3] [INFO] [1698529749.785646905] [environment]: Action: monitor
trials-all-1  | [robot-6] [INFO] [1698529749.791279977] [robot]: a_open_drawer
trials-all-1  | [robot-6] [INFO] [1698529749.797982063] [robot]: a_deposit
trials-all-1  | [robot-6] [INFO] [1698529749.803865139] [robot]: a_close_drawer
trials-all-1  | [robot-6] [INFO] [1698529749.808921204] [robot]: a_navto
trials-all-1  | [robot-6] [INFO] [1698529749.813392262] [robot]: a_approach_arm
trials-all-1  | [robot-6] [INFO] [1698529749.817719318] [robot]: a_open_drawer
trials-all-1  | [robot-6] [INFO] [1698529749.822475379] [robot]: a_pick_up_sample
trials-all-1  | [robot-6] [INFO] [1698529749.827082438] [robot]: a_close_drawer
trials-all-1  | [robot-6] [INFO] [1698529749.835617548] [robot]: Receiving sync message. a_authenticate_nurse,robot1,nurse1
trials-all-1  | [robot-6] [INFO] [1698529749.840130606] [robot]: not ready
trials-all-1  | [nurse-4] [INFO] [1698529749.850275737] [nurse]: not ready
trials-all-1  | [nurse-4] [INFO] [1698529749.855184800] [nurse]: Action result: False
trials-all-1  | [nurse-4] [INFO] [1698529749.860020862] [nurse]: Action: a_authenticate_nurse
trials-all-1  | [nurse-4] [INFO] [1698529749.864463920] [nurse]: Doing a_authenticate_nurse
trials-all-1  | [environment-3] [INFO] [1698529749.865755936] [environment]: Receiving message: a_approach_arm,robot1,arm1
trials-all-1  | [robot-6] [INFO] [1698529749.873906041] [robot]: Receiving sync message. a_authenticate_nurse,robot1,nurse1
trials-all-1  | [robot-6] [INFO] [1698529749.878174096] [robot]: not ready
trials-all-1  | [nurse-4] [INFO] [1698529749.886591204] [nurse]: not ready
trials-all-1  | [nurse-4] [INFO] [1698529749.890565256] [nurse]: Action result: False
trials-all-1  | [nurse-4] [INFO] [1698529749.894789310] [nurse]: Action: a_authenticate_nurse
trials-all-1  | [nurse-4] [INFO] [1698529749.898950364] [nurse]: Doing a_authenticate_nurse
trials-all-1  | [robot-6] [INFO] [1698529749.905442447] [robot]: Receiving sync message. a_authenticate_nurse,robot1,nurse1
trials-all-1  | [robot-6] [INFO] [1698529749.909758503] [robot]: not ready
trials-all-1  | [nurse-4] [INFO] [1698529749.917999609] [nurse]: not ready
trials-all-1  | [nurse-4] [INFO] [1698529749.921951660] [nurse]: Action result: False
trials-all-1  | [nurse-4] [INFO] [1698529749.928632746] [nurse]: Action: a_authenticate_nurse
trials-all-1  | [nurse-4] [INFO] [1698529749.932882801] [nurse]: Doing a_authenticate_nurse
trials-all-1  | [robot-6] [INFO] [1698529749.938884878] [robot]: Receiving sync message. a_authenticate_nurse,robot1,nurse1
trials-all-1  | [robot-6] [INFO] [1698529749.943036931] [robot]: not ready
trials-all-1  | [nurse-4] [INFO] [1698529749.951122036] [nurse]: not ready
trials-all-1  | [environment-3] [INFO] [1698529749.951540041] [environment]: Action: a_approach_arm
trials-all-1  | [nurse-4] [INFO] [1698529749.954889084] [nurse]: Action result: False
trials-all-1  | [environment-3] [INFO] [1698529749.957051112] [environment]: Responding
trials-all-1  | [arm-1] [INFO] [1698529749.968462259] [arm]: success
trials-all-1  | [arm-1] [INFO] [1698529749.972697313] [arm]: Action result: True
trials-all-1  | [nurse-4] [INFO] [1698529749.977563376] [nurse]: Action: a_authenticate_nurse
trials-all-1  | [nurse-4] [INFO] [1698529749.981556427] [nurse]: Doing a_authenticate_nurse
trials-all-1  | [arm-1] [INFO] [1698529749.984276462] [arm]: Action: a_pick_up_sample
trials-all-1  | [arm-1] [INFO] [1698529749.988578518] [arm]: Doing a_pick_up_sample
trials-all-1  | [robot-6] [INFO] [1698529749.989960536] [robot]: Receiving sync message. a_authenticate_nurse,robot1,nurse1
trials-all-1  | [robot-6] [INFO] [1698529749.996649622] [robot]: not ready
trials-all-1  | [nurse-4] [INFO] [1698529750.006783752] [nurse]: not ready
trials-all-1  | [robot-6] [INFO] [1698529750.011085807] [robot]: Receiving sync message. a_pick_up_sample,arm1,robot1
trials-all-1  | [nurse-4] [INFO] [1698529750.012553826] [nurse]: Action result: False
trials-all-1  | [robot-6] [INFO] [1698529750.019409913] [robot]: not ready
trials-all-1  | [nurse-4] [INFO] [1698529750.020098922] [nurse]: Action: a_authenticate_nurse
trials-all-1  | [arm-1] [INFO] [1698529750.031286065] [arm]: not ready
trials-all-1  | [arm-1] [INFO] [1698529750.038137153] [arm]: Action result: False
trials-all-1  | [nurse-4] [INFO] [1698529750.042174205] [nurse]: Doing a_authenticate_nurse
trials-all-1  | [environment-3] [INFO] [1698529750.044005228] [environment]: Receiving message: a_navto,robot1,Room1
trials-all-1  | [arm-1] [INFO] [1698529750.046744263] [arm]: Action: a_pick_up_sample
trials-all-1  | [robot-6] [INFO] [1698529750.051335322] [robot]: Receiving sync message. a_authenticate_nurse,robot1,nurse1
trials-all-1  | [environment-3] [INFO] [1698529750.051880329] [environment]: Action: a_navto
trials-all-1  | [arm-1] [INFO] [1698529750.056142383] [arm]: Doing a_pick_up_sample
trials-all-1  | [robot-6] [INFO] [1698529750.057896406] [robot]: not ready
trials-all-1  | [nurse-4] [INFO] [1698529750.069925560] [nurse]: not ready
trials-all-1  | [nurse-4] [INFO] [1698529750.077036651] [nurse]: Action result: False
trials-all-1  | [robot-6] [INFO] [1698529750.079696685] [robot]: Receiving sync message. a_pick_up_sample,arm1,robot1
trials-all-1  | [nurse-4] [INFO] [1698529750.080991701] [nurse]: Action: a_authenticate_nurse
trials-all-1  | [robot-6] [INFO] [1698529750.085278756] [robot]: not ready
trials-all-1  | [nurse-4] [INFO] [1698529750.093273858] [nurse]: Doing a_authenticate_nurse
trials-all-1  | [arm-1] [INFO] [1698529750.094372872] [arm]: not ready
trials-all-1  | [arm-1] [INFO] [1698529750.099956944] [arm]: Action result: False
trials-all-1  | [robot-6] [INFO] [1698529750.103477989] [robot]: Receiving sync message. a_authenticate_nurse,robot1,nurse1
trials-all-1  | [arm-1] [INFO] [1698529750.105103010] [arm]: Action: a_pick_up_sample
trials-all-1  | [arm-1] [INFO] [1698529750.109256063] [arm]: Doing a_pick_up_sample
trials-all-1  | [robot-6] [INFO] [1698529750.109664068] [robot]: not ready
trials-all-1  | [environment-3] [INFO] [1698529750.113734120] [environment]: Responding
trials-all-1  | [nurse-4] [INFO] [1698529750.120975213] [nurse]: not ready
trials-all-1  | [robot-6] [INFO] [1698529750.130201331] [robot]: Receiving sync message. a_pick_up_sample,arm1,robot1
trials-all-1  | [nurse-4] [INFO] [1698529750.132219356] [nurse]: Action result: False
trials-all-1  | [robot-6] [INFO] [1698529750.134179382] [robot]: not ready
trials-all-1  | [environment-3] [INFO] [1698529750.136450411] [environment]: Receiving message: monitor
trials-all-1  | [nurse-4] [INFO] [1698529750.138116432] [nurse]: Action: a_authenticate_nurse
trials-all-1  | [environment-3] [INFO] [1698529750.141848480] [environment]: Action: monitor
trials-all-1  | [arm-1] [INFO] [1698529750.142084483] [arm]: not ready
trials-all-1  | [nurse-4] [INFO] [1698529750.146500539] [nurse]: Doing a_authenticate_nurse
trials-all-1  | [arm-1] [INFO] [1698529750.157049674] [arm]: Action result: False
trials-all-1  | [arm-1] [INFO] [1698529750.161569732] [arm]: Action: a_pick_up_sample
trials-all-1  | [arm-1] [INFO] [1698529750.165384781] [arm]: Doing a_pick_up_sample
trials-all-1  | [environment-3] [INFO] [1698529750.165385781] [environment]: Receiving message: monitor
trials-all-1  | [robot-6] [INFO] [1698529750.169602835] [robot]: success
trials-all-1  | [robot-6] [INFO] [1698529750.179484961] [robot]: Receiving sync message. a_authenticate_nurse,robot1,nurse1
trials-all-1  | [robot-6] [INFO] [1698529750.185824042] [robot]: not ready
trials-all-1  | [environment-3] [INFO] [1698529750.190313100] [environment]: Action: monitor
trials-all-1  | [robot-6] [INFO] [1698529750.195796170] [robot]: Receiving sync message. a_pick_up_sample,arm1,robot1
trials-all-1  | [robot-6] [INFO] [1698529750.199430216] [robot]: not ready
trials-all-1  | [robot-6] [INFO] [1698529750.202365254] [robot]: Action result: True
trials-all-1  | [nurse-4] [INFO] [1698529750.197810195] [nurse]: not ready
trials-all-1  | [arm-1] [INFO] [1698529750.206761310] [arm]: not ready
trials-all-1  | [nurse-4] [INFO] [1698529750.208770336] [nurse]: Action result: False
trials-all-1  | [nurse-4] [INFO] [1698529750.213996402] [nurse]: Action: a_authenticate_nurse
trials-all-1  | [environment-3] [INFO] [1698529750.214017403] [environment]: Receiving message: monitor
trials-all-1  | [coordinator-2] [INFO] [1698529750.216781438] [coordinator]: Receiving sync message: action_complete,a_navto
trials-all-1  | [nurse-4] [INFO] [1698529750.219754476] [nurse]: Doing a_authenticate_nurse
trials-all-1  | [coordinator-2] [INFO] [1698529750.221423497] [coordinator]: action_complete
trials-all-1  | [environment-3] [INFO] [1698529750.221615500] [environment]: Action: monitor
trials-all-1  | [arm-1] [INFO] [1698529750.211162366] [arm]: Action result: False
trials-all-1  | [arm-1] [INFO] [1698529750.230366612] [arm]: Action: a_pick_up_sample
trials-all-1  | [robot-6] [INFO] [1698529750.226384561] [robot]: Receiving sync message. a_authenticate_nurse,robot1,nurse1
trials-all-1  | [robot-6] [INFO] [1698529750.234507665] [robot]: not ready
trials-all-1  | [arm-1] [INFO] [1698529750.234594666] [arm]: Doing a_pick_up_sample
trials-all-1  | [coordinator-2] [INFO] [1698529750.239016723] [coordinator]: plans_actions_current 1 of 11
trials-all-1  | [robot-6] [INFO] [1698529750.249964863] [robot]: Action: a_approach_nurse
trials-all-1  | [nurse-4] [INFO] [1698529750.255223930] [nurse]: not ready
trials-all-1  | [robot-6] [INFO] [1698529750.261267007] [robot]: Doing a_approach_nurse
trials-all-1  | [robot-6] [INFO] [1698529750.265554062] [robot]: Receiving sync message. a_pick_up_sample,arm1,robot1
trials-all-1  | [environment-3] [INFO] [1698529750.262376021] [environment]: Receiving message: monitor
trials-all-1  | [nurse-4] [INFO] [1698529750.262417022] [nurse]: Action result: False
trials-all-1  | [robot-6] [INFO] [1698529750.269442112] [robot]: not ready
trials-all-1  | [environment-3] [INFO] [1698529750.277951221] [environment]: Action: monitor
trials-all-1  | [arm-1] [INFO] [1698529750.278127223] [arm]: not ready
trials-all-1  | [arm-1] [INFO] [1698529750.285107312] [arm]: Action result: False
trials-all-1  | [arm-1] [INFO] [1698529750.288923361] [arm]: Action: a_pick_up_sample
trials-all-1  | [nurse-4] [INFO] [1698529750.295378443] [nurse]: Action: a_authenticate_nurse
trials-all-1  | [arm-1] [INFO] [1698529750.302651536] [arm]: Doing a_pick_up_sample
trials-all-1  | [nurse-4] [INFO] [1698529750.304467560] [nurse]: Doing a_authenticate_nurse
trials-all-1  | [robot-6] [INFO] [1698529750.313440674] [robot]: Receiving sync message. a_authenticate_nurse,robot1,nurse1
trials-all-1  | [robot-6] [INFO] [1698529750.318789743] [robot]: not ready
trials-all-1  | [robot-6] [INFO] [1698529750.330497893] [robot]: Receiving sync message. a_pick_up_sample,arm1,robot1
trials-all-1  | [nurse-4] [INFO] [1698529750.332265915] [nurse]: not ready
trials-all-1  | [robot-6] [INFO] [1698529750.334516944] [robot]: not ready
trials-all-1  | [arm-1] [INFO] [1698529750.342713049] [arm]: not ready
trials-all-1  | [nurse-4] [INFO] [1698529750.344623073] [nurse]: Action result: False
trials-all-1  | [arm-1] [INFO] [1698529750.347159106] [arm]: Action result: False
trials-all-1  | [environment-3] [INFO] [1698529750.352734177] [environment]: Receiving message: a_approach_nurse,robot1
trials-all-1  | [arm-1] [INFO] [1698529750.353721190] [arm]: Action: a_pick_up_sample
trials-all-1  | [arm-1] [INFO] [1698529750.358081245] [arm]: Doing a_pick_up_sample
trials-all-1  | [nurse-4] [INFO] [1698529750.358450250] [nurse]: Action: a_authenticate_nurse
trials-all-1  | [robot-6] [INFO] [1698529750.365009334] [robot]: Receiving sync message. a_pick_up_sample,arm1,robot1
trials-all-1  | [environment-3] [INFO] [1698529750.366954359] [environment]: Action: a_approach_nurse
trials-all-1  | [robot-6] [INFO] [1698529750.369111387] [robot]: not ready
trials-all-1  | [nurse-4] [INFO] [1698529750.378622508] [nurse]: Doing a_authenticate_nurse
trials-all-1  | [arm-1] [INFO] [1698529750.379427519] [arm]: not ready
trials-all-1  | [arm-1] [INFO] [1698529750.397197746] [arm]: Action result: False
trials-all-1  | [robot-6] [INFO] [1698529750.399301773] [robot]: Receiving sync message. a_authenticate_nurse,robot1,nurse1
trials-all-1  | [robot-6] [INFO] [1698529750.413942960] [robot]: not ready
trials-all-1  | [arm-1] [INFO] [1698529750.421374055] [arm]: Action: a_pick_up_sample
trials-all-1  | [nurse-4] [INFO] [1698529750.427699136] [nurse]: not ready
trials-all-1  | [arm-1] [INFO] [1698529750.429277156] [arm]: Doing a_pick_up_sample
trials-all-1  | [nurse-4] [INFO] [1698529750.433742213] [nurse]: Action result: False
trials-all-1  | [robot-6] [INFO] [1698529750.438254271] [robot]: Receiving sync message. a_pick_up_sample,arm1,robot1
trials-all-1  | [nurse-4] [INFO] [1698529750.440541300] [nurse]: Action: a_authenticate_nurse
trials-all-1  | [robot-6] [INFO] [1698529750.444156346] [robot]: not ready
trials-all-1  | [nurse-4] [INFO] [1698529750.451634442] [nurse]: Doing a_authenticate_nurse
trials-all-1  | [arm-1] [INFO] [1698529750.456693507] [arm]: not ready
trials-all-1  | [arm-1] [INFO] [1698529750.469786674] [arm]: Action result: False
trials-all-1  | [robot-6] [INFO] [1698529750.478173782] [robot]: Receiving sync message. a_authenticate_nurse,robot1,nurse1
trials-all-1  | [arm-1] [INFO] [1698529750.478930791] [arm]: Action: a_pick_up_sample
trials-all-1  | [arm-1] [INFO] [1698529750.484059857] [arm]: Doing a_pick_up_sample
trials-all-1  | [robot-6] [INFO] [1698529750.484321860] [robot]: not ready
trials-all-1  | [environment-3] [INFO] [1698529750.485444875] [environment]: Responding
trials-all-1  | [nurse-4] [INFO] [1698529750.496144011] [nurse]: not ready
trials-all-1  | [robot-6] [INFO] [1698529750.497207025] [robot]: Receiving sync message. a_pick_up_sample,arm1,robot1
trials-all-1  | [environment-3] [INFO] [1698529750.500184063] [environment]: Receiving message: monitor
trials-all-1  | [robot-6] [INFO] [1698529750.505322129] [robot]: not ready
trials-all-1  | [nurse-4] [INFO] [1698529750.505539132] [nurse]: Action result: False
trials-all-1  | [arm-1] [INFO] [1698529750.516760275] [arm]: not ready
trials-all-1  | [arm-1] [INFO] [1698529750.521052330] [arm]: Action result: False
trials-all-1  | [arm-1] [INFO] [1698529750.525538387] [arm]: Action: a_pick_up_sample
trials-all-1  | [environment-3] [INFO] [1698529750.527297410] [environment]: Action: monitor
trials-all-1  | [arm-1] [INFO] [1698529750.529383437] [arm]: Doing a_pick_up_sample
trials-all-1  | [robot-6] [INFO] [1698529750.534620504] [robot]: success
trials-all-1  | [nurse-4] [INFO] [1698529750.539810570] [nurse]: Action: a_authenticate_nurse
trials-all-1  | [nurse-4] [INFO] [1698529750.544638632] [nurse]: Doing a_authenticate_nurse
trials-all-1  | [robot-6] [INFO] [1698529750.546364654] [robot]: Action result: True
trials-all-1  | [robot-6] [INFO] [1698529750.554509758] [robot]: Receiving sync message. a_pick_up_sample,arm1,robot1
trials-all-1  | [coordinator-2] [INFO] [1698529750.556254780] [coordinator]: Receiving sync message: action_complete,a_approach_nurse
trials-all-1  | [robot-6] [INFO] [1698529750.566268908] [robot]: not ready
trials-all-1  | [coordinator-2] [INFO] [1698529750.567088919] [coordinator]: action_complete
trials-all-1  | [coordinator-2] [INFO] [1698529750.577918057] [coordinator]: plans_actions_current 2 of 11
trials-all-1  | [arm-1] [INFO] [1698529750.584998148] [arm]: not ready
trials-all-1  | [robot-6] [INFO] [1698529750.589020199] [robot]: Receiving sync message. a_authenticate_nurse,robot1,nurse1
trials-all-1  | [robot-6] [INFO] [1698529750.593359255] [robot]: not ready
trials-all-1  | [arm-1] [INFO] [1698529750.591323229] [arm]: Action result: False
trials-all-1  | [nurse-4] [INFO] [1698529750.600822350] [nurse]: not ready
trials-all-1  | [nurse-4] [INFO] [1698529750.605267407] [nurse]: Action result: False
trials-all-1  | [arm-1] [INFO] [1698529750.606185419] [arm]: Action: a_pick_up_sample
trials-all-1  | [environment-3] [INFO] [1698529750.608859453] [environment]: Receiving message: monitor
trials-all-1  | [robot-6] [INFO] [1698529750.608994455] [robot]: Action: a_authenticate_nurse
trials-all-1  | [arm-1] [INFO] [1698529750.609972467] [arm]: Doing a_pick_up_sample
trials-all-1  | [environment-3] [INFO] [1698529750.613967519] [environment]: Action: monitor
trials-all-1  | [nurse-4] [INFO] [1698529750.628117700] [nurse]: Action: a_authenticate_nurse
trials-all-1  | [nurse-4] [INFO] [1698529750.632330753] [nurse]: Doing a_authenticate_nurse
trials-all-1  | [robot-6] [INFO] [1698529750.633206765] [robot]: Doing a_authenticate_nurse
trials-all-1  | [environment-3] [INFO] [1698529750.638664834] [environment]: Receiving message: monitor
trials-all-1  | [environment-3] [INFO] [1698529750.642739887] [environment]: Action: monitor
trials-all-1  | [robot-6] [INFO] [1698529750.641023865] [robot]: Receiving sync message. a_pick_up_sample,arm1,robot1
trials-all-1  | [robot-6] [INFO] [1698529750.652986018] [robot]: not ready
trials-all-1  | [arm-1] [INFO] [1698529750.660815118] [arm]: not ready
trials-all-1  | [arm-1] [INFO] [1698529750.664588166] [arm]: Action result: False
trials-all-1  | [arm-1] [INFO] [1698529750.668990222] [arm]: Action: a_pick_up_sample
trials-all-1  | [robot-6] [INFO] [1698529750.669076223] [robot]: wating for nurse1 to authenticate to robot1
trials-all-1  | [arm-1] [INFO] [1698529750.673214276] [arm]: Doing a_pick_up_sample
trials-all-1  | [robot-6] [INFO] [1698529750.674203289] [robot]: Action result: False
trials-all-1  | [robot-6] [INFO] [1698529750.686089441] [robot]: Action: a_authenticate_nurse
trials-all-1  | [robot-6] [INFO] [1698529750.689749488] [robot]: Receiving sync message. a_authenticate_nurse,robot1,nurse1
trials-all-1  | [robot-6] [INFO] [1698529750.700589627] [robot]: Doing a_authenticate_nurse
trials-all-1  | [robot-6] [INFO] [1698529750.704008670] [robot]: Authenticate nurse
trials-all-1  | [environment-3] [INFO] [1698529750.703708666] [environment]: Receiving message: monitor
trials-all-1  | [nurse-4] [INFO] [1698529750.711907771] [nurse]: success
trials-all-1  | [robot-6] [INFO] [1698529750.712909784] [robot]: Receiving sync message. a_pick_up_sample,arm1,robot1
trials-all-1  | [nurse-4] [INFO] [1698529750.715592818] [nurse]: Action result: True
trials-all-1  | [robot-6] [INFO] [1698529750.717793847] [robot]: not ready
trials-all-1  | [robot-6] [INFO] [1698529750.725902950] [robot]: Action result: True
trials-all-1  | [environment-3] [INFO] [1698529750.727721974] [environment]: Action: monitor
trials-all-1  | [nurse-4] [INFO] [1698529750.728897989] [nurse]: Action: a_deposit
trials-all-1  | [arm-1] [INFO] [1698529750.729757000] [arm]: not ready
trials-all-1  | [arm-1] [INFO] [1698529750.736411085] [arm]: Action result: False
trials-all-1  | [arm-1] [INFO] [1698529750.742868167] [arm]: Action: a_pick_up_sample
trials-all-1  | [arm-1] [INFO] [1698529750.746859218] [arm]: Doing a_pick_up_sample
trials-all-1  | [coordinator-2] [INFO] [1698529750.737277096] [coordinator]: Receiving sync message: action_complete,a_authenticate_nurse
trials-all-1  | [coordinator-2] [INFO] [1698529750.742469162] [coordinator]: action_complete
trials-all-1  | [coordinator-2] [INFO] [1698529750.746372212] [coordinator]: plans_actions_current 3 of 11
trials-all-1  | [nurse-4] [INFO] [1698529750.738492111] [nurse]: Doing a_deposit
trials-all-1  | [robot-6] [INFO] [1698529750.744394187] [robot]: Receiving sync message. a_deposit,nurse1,robot1
trials-all-1  | [robot-6] [INFO] [1698529750.747930232] [robot]: not ready
trials-all-1  | [nurse-4] [INFO] [1698529750.758009361] [nurse]: not ready
trials-all-1  | [robot-6] [INFO] [1698529750.763159427] [robot]: Receiving sync message. a_pick_up_sample,arm1,robot1
trials-all-1  | [nurse-4] [INFO] [1698529750.768943501] [nurse]: Action result: False
trials-all-1  | [environment-3] [INFO] [1698529750.774801576] [environment]: Receiving message: monitor
trials-all-1  | [robot-6] [INFO] [1698529750.777158606] [robot]: not ready
trials-all-1  | [environment-3] [INFO] [1698529750.778288620] [environment]: Action: monitor
trials-all-1  | [nurse-4] [INFO] [1698529750.791171785] [nurse]: Action: a_deposit
trials-all-1  | [arm-1] [INFO] [1698529750.798227875] [arm]: not ready
trials-all-1  | [robot-6] [INFO] [1698529750.798659881] [robot]: Action: a_open_drawer
trials-all-1  | [robot-6] [INFO] [1698529750.803850947] [robot]: Doing a_open_drawer
trials-all-1  | [arm-1] [INFO] [1698529750.808125002] [arm]: Action result: False
trials-all-1  | [robot-6] [INFO] [1698529750.818496135] [robot]: success
trials-all-1  | [nurse-4] [INFO] [1698529750.820702163] [nurse]: Doing a_deposit
trials-all-1  | [arm-1] [INFO] [1698529750.821627175] [arm]: Action: a_pick_up_sample
trials-all-1  | [environment-3] [INFO] [1698529750.829756279] [environment]: Receiving message: monitor
trials-all-1  | [arm-1] [INFO] [1698529750.830445288] [arm]: Doing a_pick_up_sample
trials-all-1  | [robot-6] [INFO] [1698529750.830744291] [robot]: Receiving sync message. a_deposit,nurse1,robot1
trials-all-1  | [environment-3] [INFO] [1698529750.835070347] [environment]: Action: monitor
trials-all-1  | [robot-6] [INFO] [1698529750.836088360] [robot]: Action result: True
trials-all-1  | [robot-6] [INFO] [1698529750.843357453] [robot]: not ready
trials-all-1  | [nurse-4] [INFO] [1698529750.852985576] [nurse]: not ready
trials-all-1  | [coordinator-2] [INFO] [1698529750.856080615] [coordinator]: Receiving sync message: action_complete,a_open_drawer
trials-all-1  | [nurse-4] [INFO] [1698529750.862414696] [nurse]: Action result: False
trials-all-1  | [coordinator-2] [INFO] [1698529750.867759765] [coordinator]: action_complete
trials-all-1  | [nurse-4] [INFO] [1698529750.869358785] [nurse]: Action: a_deposit
trials-all-1  | [robot-6] [INFO] [1698529750.872017819] [robot]: Receiving sync message. a_pick_up_sample,arm1,robot1
trials-all-1  | [coordinator-2] [INFO] [1698529750.876986883] [coordinator]: plans_actions_current 4 of 11
trials-all-1  | [robot-6] [INFO] [1698529750.880869933] [robot]: not ready
trials-all-1  | [nurse-4] [INFO] [1698529750.885361990] [nurse]: Doing a_deposit
trials-all-1  | [arm-1] [INFO] [1698529750.891738072] [arm]: not ready
trials-all-1  | [robot-6] [INFO] [1698529750.893971100] [robot]: Receiving sync message. a_deposit,nurse1,robot1
trials-all-1  | [arm-1] [INFO] [1698529750.896527133] [arm]: Action result: False
trials-all-1  | [robot-6] [INFO] [1698529750.898748161] [robot]: not ready
trials-all-1  | [environment-3] [INFO] [1698529750.908696288] [environment]: Receiving message: monitor
trials-all-1  | [nurse-4] [INFO] [1698529750.909016293] [nurse]: not ready
trials-all-1  | [environment-3] [INFO] [1698529750.912744340] [environment]: Action: monitor
trials-all-1  | [nurse-4] [INFO] [1698529750.913739353] [nurse]: Action result: False
trials-all-1  | [arm-1] [INFO] [1698529750.927781533] [arm]: Action: a_pick_up_sample
trials-all-1  | [robot-6] [INFO] [1698529750.928363540] [robot]: Action: a_deposit
trials-all-1  | [robot-6] [INFO] [1698529750.933437605] [robot]: Doing a_deposit
trials-all-1  | [nurse-4] [INFO] [1698529750.940073690] [nurse]: Action: a_deposit
trials-all-1  | [arm-1] [INFO] [1698529750.940360694] [arm]: Doing a_pick_up_sample
trials-all-1  | [robot-6] [INFO] [1698529750.938284667] [robot]: wating for nurse1 to deposit in robot1
trials-all-1  | [environment-3] [INFO] [1698529750.943993740] [environment]: Receiving message: monitor
trials-all-1  | [nurse-4] [INFO] [1698529750.945248756] [nurse]: Doing a_deposit
trials-all-1  | [environment-3] [INFO] [1698529750.948934803] [environment]: Action: monitor
trials-all-1  | [robot-6] [INFO] [1698529750.953744865] [robot]: Receiving sync message. a_pick_up_sample,arm1,robot1
trials-all-1  | [robot-6] [INFO] [1698529750.962333975] [robot]: not ready
trials-all-1  | [robot-6] [INFO] [1698529750.965615017] [robot]: Action result: False
trials-all-1  | [robot-6] [INFO] [1698529750.971764095] [robot]: Action: a_deposit
trials-all-1  | [arm-1] [INFO] [1698529750.977362167] [arm]: not ready
trials-all-1  | [environment-3] [INFO] [1698529750.981495220] [environment]: Receiving message: monitor
trials-all-1  | [robot-6] [INFO] [1698529750.981737223] [robot]: Receiving sync message. a_deposit,nurse1,robot1
trials-all-1  | [robot-6] [INFO] [1698529750.985262268] [robot]: Doing a_deposit
trials-all-1  | [environment-3] [INFO] [1698529750.985399270] [environment]: Action: monitor
trials-all-1  | [arm-1] [INFO] [1698529750.986866288] [arm]: Action result: False
trials-all-1  | [robot-6] [INFO] [1698529750.990601336] [robot]: Deposit
trials-all-1  | [robot-6] [INFO] [1698529750.998501437] [robot]: Action result: True
trials-all-1  | [nurse-4] [INFO] [1698529750.998885442] [nurse]: success
trials-all-1  | [nurse-4] [INFO] [1698529751.004612515] [nurse]: Action result: True
trials-all-1  | [coordinator-2] [INFO] [1698529751.015467653] [coordinator]: Receiving sync message: action_complete,a_deposit
trials-all-1  | [coordinator-2] [INFO] [1698529751.021171726] [coordinator]: action_complete
trials-all-1  | [environment-3] [INFO] [1698529751.023562756] [environment]: Receiving message: monitor
trials-all-1  | [arm-1] [INFO] [1698529751.026659795] [arm]: Action: a_pick_up_sample
trials-all-1  | [coordinator-2] [INFO] [1698529751.027587807] [coordinator]: plans_actions_current 5 of 11
trials-all-1  | [arm-1] [INFO] [1698529751.035646910] [arm]: Doing a_pick_up_sample
trials-all-1  | [robot-6] [INFO] [1698529751.038490946] [robot]: Action: a_close_drawer
trials-all-1  | [robot-6] [INFO] [1698529751.046673050] [robot]: Receiving sync message. a_pick_up_sample,arm1,robot1
trials-all-1  | [robot-6] [INFO] [1698529751.059596214] [robot]: not ready
trials-all-1  | [robot-6] [INFO] [1698529751.062812255] [robot]: Doing a_close_drawer
trials-all-1  | [robot-6] [INFO] [1698529751.068209323] [robot]: success
trials-all-1  | [arm-1] [INFO] [1698529751.068460326] [arm]: not ready
trials-all-1  | [environment-3] [INFO] [1698529751.071491365] [environment]: Action: monitor
trials-all-1  | [arm-1] [INFO] [1698529751.080246476] [arm]: Action result: False
trials-all-1  | [robot-6] [INFO] [1698529751.085538543] [robot]: Action result: True
trials-all-1  | [coordinator-2] [INFO] [1698529751.093525645] [coordinator]: Receiving sync message: action_complete,a_close_drawer
trials-all-1  | [arm-1] [INFO] [1698529751.097339693] [arm]: Action: a_pick_up_sample
trials-all-1  | [coordinator-2] [INFO] [1698529751.098773711] [coordinator]: action_complete
trials-all-1  | [arm-1] [INFO] [1698529751.101578747] [arm]: Doing a_pick_up_sample
trials-all-1  | [coordinator-2] [INFO] [1698529751.103626773] [coordinator]: plans_actions_current 6 of 11
trials-all-1  | [robot-6] [INFO] [1698529751.113741902] [robot]: Action: a_navto
trials-all-1  | [robot-6] [INFO] [1698529751.122696015] [robot]: Receiving sync message. a_pick_up_sample,arm1,robot1
trials-all-1  | [robot-6] [INFO] [1698529751.129702104] [robot]: Doing a_navto
trials-all-1  | [robot-6] [INFO] [1698529751.135246175] [robot]: not ready
trials-all-1  | [arm-1] [INFO] [1698529751.143779283] [arm]: not ready
trials-all-1  | [arm-1] [INFO] [1698529751.151320379] [arm]: Action result: False
trials-all-1  | [arm-1] [INFO] [1698529751.156124440] [arm]: Action: a_pick_up_sample
trials-all-1  | [arm-1] [INFO] [1698529751.160365494] [arm]: Doing a_pick_up_sample
trials-all-1  | [robot-6] [INFO] [1698529751.168449597] [robot]: Receiving sync message. a_pick_up_sample,arm1,robot1
trials-all-1  | [robot-6] [INFO] [1698529751.174771677] [robot]: not ready
trials-all-1  | [arm-1] [INFO] [1698529751.183571789] [arm]: not ready
trials-all-1  | [arm-1] [INFO] [1698529751.192178898] [arm]: Action result: False
trials-all-1  | [arm-1] [INFO] [1698529751.196329951] [arm]: Action: a_pick_up_sample
trials-all-1  | [arm-1] [INFO] [1698529751.200506004] [arm]: Doing a_pick_up_sample
trials-all-1  | [robot-6] [INFO] [1698529751.207592094] [robot]: Receiving sync message. a_pick_up_sample,arm1,robot1
trials-all-1  | [robot-6] [INFO] [1698529751.214145177] [robot]: not ready
trials-all-1  | [arm-1] [INFO] [1698529751.222074278] [arm]: not ready
trials-all-1  | [environment-3] [INFO] [1698529751.227222343] [environment]: Receiving message: monitor
trials-all-1  | [arm-1] [INFO] [1698529751.232168406] [arm]: Action result: False
trials-all-1  | [environment-3] [INFO] [1698529751.233335421] [environment]: Action: monitor
trials-all-1  | [arm-1] [INFO] [1698529751.244515563] [arm]: Action: a_pick_up_sample
trials-all-1  | [arm-1] [INFO] [1698529751.250560640] [arm]: Doing a_pick_up_sample
trials-all-1  | [robot-6] [INFO] [1698529751.256511715] [robot]: Receiving sync message. a_pick_up_sample,arm1,robot1
trials-all-1  | [robot-6] [INFO] [1698529751.264299814] [robot]: not ready
trials-all-1  | [arm-1] [INFO] [1698529751.272902924] [arm]: not ready
trials-all-1  | [arm-1] [INFO] [1698529751.277775986] [arm]: Action result: False
trials-all-1  | [arm-1] [INFO] [1698529751.283077053] [arm]: Action: a_pick_up_sample
trials-all-1  | [environment-3] [INFO] [1698529751.283302056] [environment]: Receiving message: a_navto,robot1,Room3
trials-all-1  | [arm-1] [INFO] [1698529751.288364120] [arm]: Doing a_pick_up_sample
trials-all-1  | [environment-3] [INFO] [1698529751.288909127] [environment]: Action: a_navto
trials-all-1  | [environment-3] [INFO] [1698529751.292903178] [environment]: Responding
trials-all-1  | [robot-6] [INFO] [1698529751.300644276] [robot]: Receiving sync message. a_pick_up_sample,arm1,robot1
trials-all-1  | [robot-6] [INFO] [1698529751.310666403] [robot]: not ready
trials-all-1  | [environment-3] [INFO] [1698529751.318125498] [environment]: Receiving message: monitor
trials-all-1  | [environment-3] [INFO] [1698529751.322330552] [environment]: Action: monitor
trials-all-1  | [robot-6] [INFO] [1698529751.322184550] [robot]: success
trials-all-1  | [robot-6] [INFO] [1698529751.331891673] [robot]: Action result: True
trials-all-1  | [arm-1] [INFO] [1698529751.323302564] [arm]: not ready
trials-all-1  | [arm-1] [INFO] [1698529751.332559682] [arm]: Action result: False
trials-all-1  | [arm-1] [INFO] [1698529751.336736735] [arm]: Action: a_pick_up_sample
trials-all-1  | [coordinator-2] [INFO] [1698529751.338119752] [coordinator]: Receiving sync message: action_complete,a_navto
trials-all-1  | [coordinator-2] [INFO] [1698529751.341892800] [coordinator]: action_complete
trials-all-1  | [environment-3] [INFO] [1698529751.350829914] [environment]: Receiving message: monitor
trials-all-1  | [coordinator-2] [INFO] [1698529751.351233919] [coordinator]: plans_actions_current 7 of 11
trials-all-1  | [environment-3] [INFO] [1698529751.356489986] [environment]: Action: monitor
trials-all-1  | [arm-1] [INFO] [1698529751.357650000] [arm]: Doing a_pick_up_sample
trials-all-1  | [robot-6] [INFO] [1698529751.363842079] [robot]: Action: a_approach_arm
trials-all-1  | [robot-6] [INFO] [1698529751.367453125] [robot]: Doing a_approach_arm
trials-all-1  | [environment-3] [INFO] [1698529751.380581292] [environment]: Receiving message: a_approach_arm,robot1,arm1
trials-all-1  | [robot-6] [INFO] [1698529751.381843308] [robot]: Receiving sync message. a_pick_up_sample,arm1,robot1
trials-all-1  | [environment-3] [INFO] [1698529751.385512354] [environment]: Action: a_approach_arm
trials-all-1  | [robot-6] [INFO] [1698529751.387480379] [robot]: not ready
trials-all-1  | [arm-1] [INFO] [1698529751.396613495] [arm]: not ready
trials-all-1  | [arm-1] [INFO] [1698529751.400443544] [arm]: Action result: False
trials-all-1  | [arm-1] [INFO] [1698529751.403742586] [arm]: Action: a_pick_up_sample
trials-all-1  | [environment-3] [INFO] [1698529751.415711738] [environment]: Responding
trials-all-1  | [arm-1] [INFO] [1698529751.418575774] [arm]: Doing a_pick_up_sample
trials-all-1  | [robot-6] [INFO] [1698529751.426290872] [robot]: success
trials-all-1  | [environment-3] [INFO] [1698529751.427517888] [environment]: Receiving message: monitor
trials-all-1  | [robot-6] [INFO] [1698529751.435246986] [robot]: Receiving sync message. a_pick_up_sample,arm1,robot1
trials-all-1  | [robot-6] [INFO] [1698529751.442084073] [robot]: Action result: True
trials-all-1  | [robot-6] [INFO] [1698529751.445093111] [robot]: not ready
trials-all-1  | [coordinator-2] [INFO] [1698529751.450068174] [coordinator]: Receiving sync message: action_complete,a_approach_arm
trials-all-1  | [coordinator-2] [INFO] [1698529751.454384229] [coordinator]: action_complete
trials-all-1  | [coordinator-2] [INFO] [1698529751.458223278] [coordinator]: plans_actions_current 8 of 11
trials-all-1  | [environment-3] [INFO] [1698529751.460156303] [environment]: Action: monitor
trials-all-1  | [arm-1] [INFO] [1698529751.465538371] [arm]: not ready
trials-all-1  | [arm-1] [INFO] [1698529751.469860426] [arm]: Action result: False
trials-all-1  | [arm-1] [INFO] [1698529751.473969478] [arm]: Action: a_pick_up_sample
trials-all-1  | [robot-6] [INFO] [1698529751.470608435] [robot]: Action: a_open_drawer
trials-all-1  | [robot-6] [INFO] [1698529751.474456484] [robot]: Doing a_open_drawer
trials-all-1  | [arm-1] [INFO] [1698529751.479777552] [arm]: Doing a_pick_up_sample
trials-all-1  | [robot-6] [INFO] [1698529751.480635563] [robot]: success
trials-all-1  | [robot-6] [INFO] [1698529751.488996669] [robot]: Receiving sync message. a_pick_up_sample,arm1,robot1
trials-all-1  | [robot-6] [INFO] [1698529751.492711716] [robot]: not ready
trials-all-1  | [robot-6] [INFO] [1698529751.502563841] [robot]: Action result: True
trials-all-1  | [arm-1] [INFO] [1698529751.503029847] [arm]: not ready
trials-all-1  | [arm-1] [INFO] [1698529751.508154912] [arm]: Action result: False
trials-all-1  | [arm-1] [INFO] [1698529751.512299965] [arm]: Action: a_pick_up_sample
trials-all-1  | [arm-1] [INFO] [1698529751.516189015] [arm]: Doing a_pick_up_sample
trials-all-1  | [coordinator-2] [INFO] [1698529751.513349978] [coordinator]: Receiving sync message: action_complete,a_open_drawer
trials-all-1  | [coordinator-2] [INFO] [1698529751.521398081] [coordinator]: action_complete
trials-all-1  | [robot-6] [INFO] [1698529751.522603096] [robot]: Receiving sync message. a_pick_up_sample,arm1,robot1
trials-all-1  | [coordinator-2] [INFO] [1698529751.526372144] [coordinator]: plans_actions_current 9 of 11
trials-all-1  | [robot-6] [INFO] [1698529751.527037152] [robot]: not ready
trials-all-1  | [arm-1] [INFO] [1698529751.545165383] [arm]: not ready
trials-all-1  | [robot-6] [INFO] [1698529751.550391449] [robot]: Action: a_pick_up_sample
trials-all-1  | [arm-1] [INFO] [1698529751.551082458] [arm]: Action result: False
trials-all-1  | [robot-6] [INFO] [1698529751.555089509] [robot]: Doing a_pick_up_sample
trials-all-1  | [arm-1] [INFO] [1698529751.556378525] [arm]: Action: a_pick_up_sample
trials-all-1  | [environment-3] [INFO] [1698529751.560329575] [environment]: Receiving message: monitor
trials-all-1  | [robot-6] [INFO] [1698529751.565071636] [robot]: wating for arm1 to pick up from robot1
trials-all-1  | [arm-1] [INFO] [1698529751.567878671] [arm]: Doing a_pick_up_sample
trials-all-1  | [robot-6] [INFO] [1698529751.573436742] [robot]: Action result: False
trials-all-1  | [robot-6] [INFO] [1698529751.580130827] [robot]: Receiving sync message. a_pick_up_sample,arm1,robot1
trials-all-1  | [robot-6] [INFO] [1698529751.592455983] [robot]: Action: a_pick_up_sample
trials-all-1  | [robot-6] [INFO] [1698529751.597730050] [robot]: Pick up
trials-all-1  | [arm-1] [INFO] [1698529751.608323185] [arm]: success
trials-all-1  | [arm-1] [INFO] [1698529751.611987232] [arm]: Action result: True
trials-all-1  | [robot-6] [INFO] [1698529751.612112233] [robot]: Doing a_pick_up_sample
trials-all-1  | [robot-6] [INFO] [1698529751.622616367] [robot]: Action result: True
trials-all-1  | [coordinator-2] [INFO] [1698529751.630082461] [coordinator]: Receiving sync message: action_complete,a_pick_up_sample
trials-all-1  | [coordinator-2] [INFO] [1698529751.635438530] [coordinator]: action_complete
trials-all-1  | [coordinator-2] [INFO] [1698529751.639828585] [coordinator]: plans_actions_current 10 of 11
trials-all-1  | [robot-6] [INFO] [1698529751.650955727] [robot]: Action: a_close_drawer
trials-all-1  | [robot-6] [INFO] [1698529751.656208793] [robot]: Doing a_close_drawer
trials-all-1  | [robot-6] [INFO] [1698529751.661367859] [robot]: success
trials-all-1  | [environment-3] [INFO] [1698529751.669656964] [environment]: Action: monitor
trials-all-1  | [robot-6] [INFO] [1698529751.679259086] [robot]: Action result: True
trials-all-1  | [coordinator-2] [INFO] [1698529751.686185174] [coordinator]: Receiving sync message: action_complete,a_close_drawer
trials-all-1  | [environment-3] [INFO] [1698529751.695586294] [environment]: Receiving message: monitor
trials-all-1  | [environment-3] [INFO] [1698529751.700486356] [environment]: Action: monitor
trials-all-1  | [coordinator-2] [INFO] [1698529751.701759372] [coordinator]: action_complete
trials-all-1  | [coordinator-2] [INFO] [1698529751.707553446] [coordinator]: plans_actions_current 11 of 11
trials-all-1  | [coordinator-2] [INFO] [1698529751.716083554] [coordinator]: The time of execution of above program is:2.414849042892456
trials-all-1  | [coordinator-2] [INFO] [1698529751.720002604] [coordinator]: Achieved
trials-all-1  | [coordinator-2] [INFO] [1698529751.731702753] [coordinator]: ENDSIM
trials-all-1 exited with code 0
