 Network trials_ros  Creating
 Network trials_ros  Created
 Container trials-all-1  Creating
 Container trials-all-1  Created
Attaching to trials-all-1
trials-all-1  | [INFO] [launch]: All log files can be found below /root/.ros/log/2023-10-28-23-35-04-005592-09ddbb732059-1
trials-all-1  | [INFO] [launch]: Default logging verbosity is set to INFO
trials-all-1  | [INFO] [arm-1]: process started with pid [52]
trials-all-1  | [INFO] [coordinator-2]: process started with pid [54]
trials-all-1  | [INFO] [environment-3]: process started with pid [56]
trials-all-1  | [INFO] [nurse-4]: process started with pid [58]
trials-all-1  | [INFO] [planner-5]: process started with pid [60]
trials-all-1  | [INFO] [robot-6]: process started with pid [62]
trials-all-1  | [nurse-4] [INFO] [1698536107.471292334] [nurse]: Starting Nurse server
trials-all-1  | [nurse-4] [INFO] [1698536107.523733551] [nurse]: Nurse server started
trials-all-1  | [nurse-4] [INFO] [1698536107.540492621] [nurse]: Starting Nurse clients
trials-all-1  | [environment-3] [INFO] [1698536107.654498092] [environment]: Starting Environment server
trials-all-1  | [environment-3] [INFO] [1698536107.682685209] [environment]: Environment server started
trials-all-1  | [arm-1] [INFO] [1698536107.738375439] [arm]: Starting Arm server
trials-all-1  | [arm-1] [INFO] [1698536107.773342584] [arm]: Arm server started
trials-all-1  | [arm-1] [INFO] [1698536107.777341601] [arm]: Starting Nurse clients
trials-all-1  | [robot-6] [INFO] [1698536107.813569751] [robot]: Starting Robot server
trials-all-1  | [robot-6] [INFO] [1698536107.854571920] [robot]: Robot server started
trials-all-1  | [robot-6] [INFO] [1698536107.860587945] [robot]: Starting Robots clients
trials-all-1  | [coordinator-2] [INFO] [1698536107.933767248] [coordinator]: Starting Coordinator server
trials-all-1  | [coordinator-2] [INFO] [1698536107.963201370] [coordinator]: Coordinator server started
trials-all-1  | [coordinator-2] [INFO] [1698536107.976053423] [coordinator]: Starting Coordinator clients
trials-all-1  | [arm-1] [INFO] [1698536108.062451778] [arm]: Nurse clients started
trials-all-1  | [nurse-4] [INFO] [1698536108.120106015] [nurse]: Nurse clients started
trials-all-1  | [nurse-4] [INFO] [1698536108.138133088] [nurse]: Sent request
trials-all-1  | [robot-6] [INFO] [1698536108.160616181] [robot]: Robots clients started
trials-all-1  | [coordinator-2] [INFO] [1698536109.000142623] [coordinator]: planner sync service not available, waiting again...
trials-all-1  | [coordinator-2] [INFO] [1698536110.018120759] [coordinator]: planner sync service not available, waiting again...
trials-all-1  | [coordinator-2] [INFO] [1698536111.035700855] [coordinator]: planner sync service not available, waiting again...
trials-all-1  | [coordinator-2] [INFO] [1698536112.068435973] [coordinator]: planner sync service not available, waiting again...
trials-all-1  | [coordinator-2] [INFO] [1698536113.083999984] [coordinator]: planner sync service not available, waiting again...
trials-all-1  | [coordinator-2] [INFO] [1698536114.101015963] [coordinator]: planner sync service not available, waiting again...
trials-all-1  | [planner-5] Matplotlib is building the font cache; this may take a moment.
trials-all-1  | [coordinator-2] [INFO] [1698536115.115627895] [coordinator]: planner sync service not available, waiting again...
trials-all-1  | [coordinator-2] [INFO] [1698536116.132643798] [coordinator]: planner sync service not available, waiting again...
trials-all-1  | [coordinator-2] [INFO] [1698536117.147452656] [coordinator]: planner sync service not available, waiting again...
trials-all-1  | [planner-5] [INFO] [1698536118.048844052] [planner]: Starting Planner server
trials-all-1  | [planner-5] [INFO] [1698536118.067862123] [planner]: Planner server started
trials-all-1  | [coordinator-2] [INFO] [1698536118.163409479] [coordinator]: planner sync service not available, waiting again...
trials-all-1  | [coordinator-2] [INFO] [1698536119.176948257] [coordinator]: planner sync service not available, waiting again...
trials-all-1  | [coordinator-2] [INFO] [1698536120.020314374] [coordinator]: Coordinator clients started
trials-all-1  | [coordinator-2] [INFO] [1698536120.049800482] [coordinator]: Receiving message of nurse1 in room3.
trials-all-1  | [coordinator-2] [INFO] [1698536120.060817522] [coordinator]: Planing
trials-all-1  | [coordinator-2] [INFO] [1698536120.065945541] [coordinator]: Sending response
trials-all-1  | [coordinator-2] [INFO] [1698536120.073670569] [coordinator]: Creating plan for: robot1, nurse1, arm1 
trials-all-1  | [nurse-4] [INFO] [1698536120.074984574] [nurse]: Request response:Okay!
trials-all-1  | [planner-5] [INFO] [1698536120.081064596] [planner]: Receiving sync message. need_plan,robot1,nurse1,arm1
trials-all-1  | [planner-5] [INFO] [1698536120.088913625] [planner]: Creating plan for: robot1 robot1 nurse1
trials-all-1  | [planner-5] [INFO] [1698536120.103030677] [planner]: a_navto,robot1,Room1
trials-all-1  | [planner-5] [INFO] [1698536120.107860695] [planner]: a_approach_nurse,robot1
trials-all-1  | [planner-5] [INFO] [1698536120.111381707] [planner]: a_authenticate_nurse,robot1,nurse1
trials-all-1  | [planner-5] [INFO] [1698536120.115556723] [planner]: a_open_drawer,robot1
trials-all-1  | [planner-5] [INFO] [1698536120.131031779] [planner]: a_deposit,nurse1,robot1
trials-all-1  | [planner-5] [INFO] [1698536120.135573796] [planner]: a_close_drawer,robot1
trials-all-1  | [planner-5] [INFO] [1698536120.148361843] [planner]: a_navto,robot1,Room3
trials-all-1  | [planner-5] [INFO] [1698536120.158795881] [planner]: a_approach_arm,robot1,arm1
trials-all-1  | [planner-5] [INFO] [1698536120.162950896] [planner]: a_open_drawer,robot1
trials-all-1  | [planner-5] [INFO] [1698536120.167094911] [planner]: a_pick_up_sample,arm1,robot1
trials-all-1  | [planner-5] [INFO] [1698536120.180020959] [planner]: a_close_drawer,robot1
trials-all-1  | [planner-5] [INFO] [1698536120.183991973] [planner]: Sending response
trials-all-1  | [coordinator-2] [INFO] [1698536120.195871017] [coordinator]: Plan received for: robot1, nurse1, arm1 
trials-all-1  | [coordinator-2] [INFO] [1698536120.201241036] [coordinator]: a_navto,robot1,Room1/a_approach_nurse,robot1/a_authenticate_nurse,robot1,nurse1/a_open_drawer,robot1/a_deposit,nurse1,robot1/a_close_drawer,robot1/a_navto,robot1,Room3/a_approach_arm,robot1,arm1/a_open_drawer,robot1/a_pick_up_sample,arm1,robot1/a_close_drawer,robot1
trials-all-1  | [coordinator-2] [INFO] [1698536120.215774090] [coordinator]: a_navto,robot1,Room1
trials-all-1  | [coordinator-2] [INFO] [1698536120.219837104] [coordinator]: a_approach_nurse,robot1
trials-all-1  | [coordinator-2] [INFO] [1698536120.223391117] [coordinator]: a_authenticate_nurse,robot1,nurse1
trials-all-1  | [coordinator-2] [INFO] [1698536120.240437180] [coordinator]: a_open_drawer,robot1
trials-all-1  | [coordinator-2] [INFO] [1698536120.250116215] [coordinator]: a_deposit,nurse1,robot1
trials-all-1  | [coordinator-2] [INFO] [1698536120.259553250] [coordinator]: a_close_drawer,robot1
trials-all-1  | [coordinator-2] [INFO] [1698536120.269344286] [coordinator]: a_navto,robot1,Room3
trials-all-1  | [coordinator-2] [INFO] [1698536120.279345322] [coordinator]: a_approach_arm,robot1,arm1
trials-all-1  | [coordinator-2] [INFO] [1698536120.289577360] [coordinator]: a_open_drawer,robot1
trials-all-1  | [coordinator-2] [INFO] [1698536120.299987398] [coordinator]: a_pick_up_sample,arm1,robot1
trials-all-1  | [coordinator-2] [INFO] [1698536120.310088435] [coordinator]: a_close_drawer,robot1
trials-all-1  | [coordinator-2] [INFO] [1698536120.319904471] [coordinator]: Sending plans
trials-all-1  | [coordinator-2] [INFO] [1698536120.332625517] [coordinator]: Plans sent
trials-all-1  | [nurse-4] [INFO] [1698536120.346071567] [nurse]: Receiving message.
trials-all-1  | [arm-1] [INFO] [1698536120.346486568] [arm]: Receiving message.
trials-all-1  | [arm-1] [INFO] [1698536120.351352586] [arm]: Arm's actions:
trials-all-1  | [arm-1] [INFO] [1698536120.356034603] [arm]: a_approach_arm
trials-all-1  | [robot-6] [INFO] [1698536120.357251607] [robot]: Receiving message.
trials-all-1  | [environment-3] [INFO] [1698536120.359029614] [environment]: Receiving message: monitor
trials-all-1  | [arm-1] [INFO] [1698536120.364283633] [arm]: Action: a_approach_arm
trials-all-1  | [arm-1] [INFO] [1698536120.368630649] [arm]: Doing a_approach_arm
trials-all-1  | [arm-1] [INFO] [1698536120.371165658] [arm]: a_pick_up_sample
trials-all-1  | [robot-6] [INFO] [1698536120.371474659] [robot]: Robot's actions:
trials-all-1  | [environment-3] [INFO] [1698536120.376259677] [environment]: Action: monitor
trials-all-1  | [nurse-4] [INFO] [1698536120.385258710] [nurse]: Nurse's actions:
trials-all-1  | [robot-6] [INFO] [1698536120.389512726] [robot]: a_navto
trials-all-1  | [nurse-4] [INFO] [1698536120.390134728] [nurse]: a_authenticate_nurse
trials-all-1  | [robot-6] [INFO] [1698536120.400231765] [robot]: Action: a_navto
trials-all-1  | [nurse-4] [INFO] [1698536120.404903782] [nurse]: Action: a_authenticate_nurse
trials-all-1  | [nurse-4] [INFO] [1698536120.409333798] [nurse]: Doing a_authenticate_nurse
trials-all-1  | [robot-6] [INFO] [1698536120.405246783] [robot]: Doing a_navto
trials-all-1  | [robot-6] [INFO] [1698536120.409596799] [robot]: a_authenticate_nurse
trials-all-1  | [coordinator-2] [INFO] [1698536120.406730789] [coordinator]: Found a problem
trials-all-1  | [coordinator-2] [INFO] [1698536120.410535802] [coordinator]: Updating planner state
trials-all-1  | [environment-3] [INFO] [1698536120.408828796] [environment]: Receiving message: a_approach_arm,robot1,arm1
trials-all-1  | [robot-6] [INFO] [1698536120.416975826] [robot]: a_open_drawer
trials-all-1  | [nurse-4] [INFO] [1698536120.418910833] [nurse]: a_deposit
trials-all-1  | [planner-5] [INFO] [1698536120.424192852] [planner]: Receiving sync message. update_state,door_closed,Room3
trials-all-1  | [robot-6] [INFO] [1698536120.424375853] [robot]: a_deposit
trials-all-1  | [robot-6] [INFO] [1698536120.428456868] [robot]: a_close_drawer
trials-all-1  | [environment-3] [INFO] [1698536120.426449861] [environment]: Action: a_approach_arm
trials-all-1  | [planner-5] [INFO] [1698536120.429124871] [planner]: door_closed
trials-all-1  | [robot-6] [INFO] [1698536120.434141889] [robot]: a_navto
trials-all-1  | [robot-6] [INFO] [1698536120.438493905] [robot]: a_approach_arm
trials-all-1  | [robot-6] [INFO] [1698536120.442581920] [robot]: a_open_drawer
trials-all-1  | [robot-6] [INFO] [1698536120.446582934] [robot]: a_pick_up_sample
trials-all-1  | [robot-6] [INFO] [1698536120.450580949] [robot]: a_close_drawer
trials-all-1  | [coordinator-2] [INFO] [1698536120.449815946] [coordinator]: Planner state updated
trials-all-1  | [robot-6] [INFO] [1698536120.457504974] [robot]: Receiving sync message. a_authenticate_nurse,robot1,nurse1
trials-all-1  | [robot-6] [INFO] [1698536120.461302988] [robot]: not ready
trials-all-1  | [coordinator-2] [INFO] [1698536120.467307010] [coordinator]: Planing
trials-all-1  | [coordinator-2] [INFO] [1698536120.471087024] [coordinator]: Creating plan for: robot1, nurse1, arm1 
trials-all-1  | [environment-3] [INFO] [1698536120.467985013] [environment]: Responding
trials-all-1  | [nurse-4] [INFO] [1698536120.469762019] [nurse]: not ready
trials-all-1  | [nurse-4] [INFO] [1698536120.476579044] [nurse]: Action result: False
trials-all-1  | [arm-1] [INFO] [1698536120.478859053] [arm]: success
trials-all-1  | [planner-5] [INFO] [1698536120.483841071] [planner]: Receiving sync message. need_plan,robot1,nurse1,arm1
trials-all-1  | [planner-5] [INFO] [1698536120.487672085] [planner]: Creating plan for: robot1 robot1 nurse1
trials-all-1  | [nurse-4] [INFO] [1698536120.493934108] [nurse]: Action: a_authenticate_nurse
trials-all-1  | [nurse-4] [INFO] [1698536120.499031126] [nurse]: Doing a_authenticate_nurse
trials-all-1  | [environment-3] [INFO] [1698536120.494066108] [environment]: Receiving message: a_navto,robot1,Room1
trials-all-1  | [environment-3] [INFO] [1698536120.498239124] [environment]: Action: a_navto
trials-all-1  | [arm-1] [INFO] [1698536120.494548110] [arm]: Action result: True
trials-all-1  | [arm-1] [INFO] [1698536120.499167127] [arm]: Action: a_pick_up_sample
trials-all-1  | [environment-3] [INFO] [1698536120.501988137] [environment]: Responding
trials-all-1  | [planner-5] [INFO] [1698536120.501989137] [planner]: a_navto,robot1,Room1
trials-all-1  | [robot-6] [INFO] [1698536120.511723173] [robot]: success
trials-all-1  | [arm-1] [INFO] [1698536120.522752213] [arm]: Doing a_pick_up_sample
trials-all-1  | [robot-6] [INFO] [1698536120.523515216] [robot]: Receiving sync message. a_authenticate_nurse,robot1,nurse1
trials-all-1  | [robot-6] [INFO] [1698536120.529469238] [robot]: Action result: True
trials-all-1  | [planner-5] [INFO] [1698536120.533711253] [planner]: a_approach_nurse,robot1
trials-all-1  | [planner-5] [INFO] [1698536120.538170270] [planner]: a_authenticate_nurse,robot1,nurse1
trials-all-1  | [planner-5] [INFO] [1698536120.542109284] [planner]: a_open_drawer,robot1
trials-all-1  | [robot-6] [INFO] [1698536120.544899294] [robot]: not ready
trials-all-1  | [robot-6] [INFO] [1698536120.556191336] [robot]: Receiving sync message. a_pick_up_sample,arm1,robot1
trials-all-1  | [robot-6] [INFO] [1698536120.560078350] [robot]: not ready
trials-all-1  | [coordinator-2] [INFO] [1698536120.556275336] [coordinator]: Receiving sync message: action_complete,a_navto
trials-all-1  | [coordinator-2] [INFO] [1698536120.560187350] [coordinator]: action_complete
trials-all-1  | [coordinator-2] [INFO] [1698536120.564127365] [coordinator]: plans_actions_current 1 of 11
trials-all-1  | [nurse-4] [INFO] [1698536120.557220339] [nurse]: not ready
trials-all-1  | [nurse-4] [INFO] [1698536120.561254354] [nurse]: Action result: False
trials-all-1  | [planner-5] [INFO] [1698536120.563863364] [planner]: a_deposit,nurse1,robot1
trials-all-1  | [planner-5] [INFO] [1698536120.568217380] [planner]: a_close_drawer,robot1
trials-all-1  | [nurse-4] [INFO] [1698536120.572031394] [nurse]: Action: a_authenticate_nurse
trials-all-1  | [nurse-4] [INFO] [1698536120.581223427] [nurse]: Doing a_authenticate_nurse
trials-all-1  | [robot-6] [INFO] [1698536120.581755429] [robot]: Action: a_approach_nurse
trials-all-1  | [arm-1] [INFO] [1698536120.582104431] [arm]: not ready
trials-all-1  | [robot-6] [INFO] [1698536120.585885444] [robot]: Doing a_approach_nurse
trials-all-1  | [planner-5] [INFO] [1698536120.588217453] [planner]: a_open_door,nurse1,Room3
trials-all-1  | [arm-1] [INFO] [1698536120.591105463] [arm]: Action result: False
trials-all-1  | [robot-6] [INFO] [1698536120.595606480] [robot]: Receiving sync message. a_authenticate_nurse,robot1,nurse1
trials-all-1  | [environment-3] [INFO] [1698536120.598872492] [environment]: Receiving message: a_approach_nurse,robot1
trials-all-1  | [robot-6] [INFO] [1698536120.599712495] [robot]: not ready
trials-all-1  | [arm-1] [INFO] [1698536120.600456498] [arm]: Action: a_pick_up_sample
trials-all-1  | [environment-3] [INFO] [1698536120.602510505] [environment]: Action: a_approach_nurse
trials-all-1  | [planner-5] [INFO] [1698536120.603332508] [planner]: a_navto,robot1,Room3
trials-all-1  | [environment-3] [INFO] [1698536120.606743521] [environment]: Responding
trials-all-1  | [planner-5] [INFO] [1698536120.607113522] [planner]: a_approach_arm,robot1,arm1
trials-all-1  | [nurse-4] [INFO] [1698536120.619597568] [nurse]: not ready
trials-all-1  | [arm-1] [INFO] [1698536120.621384574] [arm]: Doing a_pick_up_sample
trials-all-1  | [robot-6] [INFO] [1698536120.622063577] [robot]: success
trials-all-1  | [nurse-4] [INFO] [1698536120.624415585] [nurse]: Action result: False
trials-all-1  | [robot-6] [INFO] [1698536120.626326592] [robot]: Action result: True
trials-all-1  | [nurse-4] [INFO] [1698536120.628772601] [nurse]: Action: a_authenticate_nurse
trials-all-1  | [robot-6] [INFO] [1698536120.632818616] [robot]: Receiving sync message. a_pick_up_sample,arm1,robot1
trials-all-1  | [robot-6] [INFO] [1698536120.636721630] [robot]: not ready
trials-all-1  | [coordinator-2] [INFO] [1698536120.638078635] [coordinator]: Receiving sync message: action_complete,a_approach_nurse
trials-all-1  | [nurse-4] [INFO] [1698536120.639437640] [nurse]: Doing a_authenticate_nurse
trials-all-1  | [planner-5] [INFO] [1698536120.641157647] [planner]: a_open_drawer,robot1
trials-all-1  | [planner-5] [INFO] [1698536120.645742663] [planner]: a_pick_up_sample,arm1,robot1
trials-all-1  | [planner-5] [INFO] [1698536120.649658678] [planner]: a_close_drawer,robot1
trials-all-1  | [coordinator-2] [INFO] [1698536120.648103672] [coordinator]: action_complete
trials-all-1  | [robot-6] [INFO] [1698536120.662907726] [robot]: Receiving sync message. a_authenticate_nurse,robot1,nurse1
trials-all-1  | [planner-5] [INFO] [1698536120.668812748] [planner]: Sending response
trials-all-1  | [arm-1] [INFO] [1698536120.672049760] [arm]: not ready
trials-all-1  | [robot-6] [INFO] [1698536120.672335761] [robot]: not ready
trials-all-1  | [coordinator-2] [INFO] [1698536120.681199793] [coordinator]: plans_actions_current 2 of 11
trials-all-1  | [nurse-4] [INFO] [1698536120.681549795] [nurse]: not ready
trials-all-1  | [arm-1] [INFO] [1698536120.686424812] [arm]: Action result: False
trials-all-1  | [coordinator-2] [INFO] [1698536120.689209823] [coordinator]: Plan received for: robot1, nurse1, arm1 
trials-all-1  | [robot-6] [INFO] [1698536120.691764832] [robot]: Action: a_authenticate_nurse
trials-all-1  | [coordinator-2] [INFO] [1698536120.693192837] [coordinator]: a_navto,robot1,Room1/a_approach_nurse,robot1/a_authenticate_nurse,robot1,nurse1/a_open_drawer,robot1/a_deposit,nurse1,robot1/a_close_drawer,robot1/a_open_door,nurse1,Room3/a_navto,robot1,Room3/a_approach_arm,robot1,arm1/a_open_drawer,robot1/a_pick_up_sample,arm1,robot1/a_close_drawer,robot1
trials-all-1  | [arm-1] [INFO] [1698536120.695426845] [arm]: Action: a_pick_up_sample
trials-all-1  | [robot-6] [INFO] [1698536120.695641846] [robot]: Doing a_authenticate_nurse
trials-all-1  | [robot-6] [INFO] [1698536120.699933862] [robot]: wating for nurse1 to authenticate to robot1
trials-all-1  | [nurse-4] [INFO] [1698536120.698231856] [nurse]: Action result: False
trials-all-1  | [nurse-4] [INFO] [1698536120.702603872] [nurse]: Action: a_authenticate_nurse
trials-all-1  | [robot-6] [INFO] [1698536120.703594875] [robot]: Action result: False
trials-all-1  | [arm-1] [INFO] [1698536120.704053877] [arm]: Doing a_pick_up_sample
trials-all-1  | [robot-6] [INFO] [1698536120.707250889] [robot]: Action: a_authenticate_nurse
trials-all-1  | [robot-6] [INFO] [1698536120.713370911] [robot]: Receiving sync message. a_pick_up_sample,arm1,robot1
trials-all-1  | [robot-6] [INFO] [1698536120.717230925] [robot]: not ready
trials-all-1  | [coordinator-2] [INFO] [1698536120.713455911] [coordinator]: a_navto,robot1,Room1
trials-all-1  | [coordinator-2] [INFO] [1698536120.717748927] [coordinator]: a_approach_nurse,robot1
trials-all-1  | [nurse-4] [INFO] [1698536120.726928961] [nurse]: Doing a_authenticate_nurse
trials-all-1  | [robot-6] [INFO] [1698536120.732332980] [robot]: Doing a_authenticate_nurse
trials-all-1  | [arm-1] [INFO] [1698536120.733352984] [arm]: not ready
trials-all-1  | [coordinator-2] [INFO] [1698536120.733883986] [coordinator]: a_authenticate_nurse,robot1,nurse1
trials-all-1  | [robot-6] [INFO] [1698536120.736427995] [robot]: wating for nurse1 to authenticate to robot1
trials-all-1  | [coordinator-2] [INFO] [1698536120.738000001] [coordinator]: a_open_drawer,robot1
trials-all-1  | [coordinator-2] [INFO] [1698536120.741489014] [coordinator]: a_deposit,nurse1,robot1
trials-all-1  | [arm-1] [INFO] [1698536120.742050016] [arm]: Action result: False
trials-all-1  | [robot-6] [INFO] [1698536120.744563025] [robot]: Receiving sync message. a_authenticate_nurse,robot1,nurse1
trials-all-1  | [robot-6] [INFO] [1698536120.748640040] [robot]: Authenticate nurse
trials-all-1  | [arm-1] [INFO] [1698536120.750840048] [arm]: Action: a_pick_up_sample
trials-all-1  | [coordinator-2] [INFO] [1698536120.757540073] [coordinator]: a_close_drawer,robot1
trials-all-1  | [nurse-4] [INFO] [1698536120.757993074] [nurse]: success
trials-all-1  | [coordinator-2] [INFO] [1698536120.761809088] [coordinator]: a_open_door,nurse1,Room3
trials-all-1  | [nurse-4] [INFO] [1698536120.762138090] [nurse]: Action result: True
trials-all-1  | [arm-1] [INFO] [1698536120.762444091] [arm]: Doing a_pick_up_sample
trials-all-1  | [robot-6] [INFO] [1698536120.764445098] [robot]: Action result: False
trials-all-1  | [coordinator-2] [INFO] [1698536120.765718103] [coordinator]: a_navto,robot1,Room3
trials-all-1  | [robot-6] [INFO] [1698536120.768291112] [robot]: Action: a_authenticate_nurse
trials-all-1  | [robot-6] [INFO] [1698536120.771620124] [robot]: Doing a_authenticate_nurse
trials-all-1  | [nurse-4] [INFO] [1698536120.775473138] [nurse]: Action: a_deposit
trials-all-1  | [coordinator-2] [INFO] [1698536120.778271149] [coordinator]: a_approach_arm,robot1,arm1
trials-all-1  | [coordinator-2] [INFO] [1698536120.782054162] [coordinator]: a_open_drawer,robot1
trials-all-1  | [robot-6] [INFO] [1698536120.783971169] [robot]: Receiving sync message. a_pick_up_sample,arm1,robot1
trials-all-1  | [nurse-4] [INFO] [1698536120.784346171] [nurse]: Doing a_deposit
trials-all-1  | [coordinator-2] [INFO] [1698536120.785912177] [coordinator]: a_pick_up_sample,arm1,robot1
trials-all-1  | [robot-6] [INFO] [1698536120.787393182] [robot]: not ready
trials-all-1  | [robot-6] [INFO] [1698536120.796300215] [robot]: Action result: True
trials-all-1  | [arm-1] [INFO] [1698536120.803008239] [arm]: not ready
trials-all-1  | [coordinator-2] [INFO] [1698536120.803032239] [coordinator]: Receiving sync message: action_complete,a_authenticate_nurse
trials-all-1  | [coordinator-2] [INFO] [1698536120.807322255] [coordinator]: action_complete
trials-all-1  | [robot-6] [INFO] [1698536120.803455241] [robot]: Receiving sync message. a_deposit,nurse1,robot1
trials-all-1  | [robot-6] [INFO] [1698536120.807274255] [robot]: not ready
trials-all-1  | [coordinator-2] [INFO] [1698536120.811151269] [coordinator]: plans_actions_current 3 of 11
trials-all-1  | [arm-1] [INFO] [1698536120.816817290] [arm]: Action result: False
trials-all-1  | [coordinator-2] [INFO] [1698536120.821101305] [coordinator]: a_close_drawer,robot1
trials-all-1  | [coordinator-2] [INFO] [1698536120.825605322] [coordinator]: Sending plans
trials-all-1  | [nurse-4] [INFO] [1698536120.821988309] [nurse]: not ready
trials-all-1  | [nurse-4] [INFO] [1698536120.826012323] [nurse]: Action result: False
trials-all-1  | [arm-1] [INFO] [1698536120.823105313] [arm]: Action: a_pick_up_sample
trials-all-1  | [arm-1] [INFO] [1698536120.826841326] [arm]: Doing a_pick_up_sample
trials-all-1  | [robot-6] [INFO] [1698536120.826724326] [robot]: Action: a_open_drawer
trials-all-1  | [robot-6] [INFO] [1698536120.831159342] [robot]: Doing a_open_drawer
trials-all-1  | [coordinator-2] [INFO] [1698536120.838686370] [coordinator]: Plans sent
trials-all-1  | [robot-6] [INFO] [1698536120.840630377] [robot]: Receiving message.
trials-all-1  | [robot-6] [INFO] [1698536120.844881392] [robot]: Robot's actions:
trials-all-1  | [robot-6] [INFO] [1698536120.848309405] [robot]: success
trials-all-1  | [arm-1] [INFO] [1698536120.845170393] [arm]: Receiving message.
trials-all-1  | [nurse-4] [INFO] [1698536120.849158408] [nurse]: Receiving message.
trials-all-1  | [robot-6] [INFO] [1698536120.851809418] [robot]: Action result: True
trials-all-1  | [robot-6] [INFO] [1698536120.854943429] [robot]: a_navto
trials-all-1  | [coordinator-2] [INFO] [1698536120.858752443] [coordinator]: Receiving sync message: action_complete,a_open_drawer
trials-all-1  | [robot-6] [INFO] [1698536120.859187445] [robot]: a_approach_nurse
trials-all-1  | [arm-1] [INFO] [1698536120.862183456] [arm]: Arm's actions:
trials-all-1  | [robot-6] [INFO] [1698536120.862978459] [robot]: a_authenticate_nurse
trials-all-1  | [robot-6] [INFO] [1698536120.867121474] [robot]: a_open_drawer
trials-all-1  | [coordinator-2] [INFO] [1698536120.862978459] [coordinator]: action_complete
trials-all-1  | [coordinator-2] [INFO] [1698536120.867663476] [coordinator]: plans_actions_current 1 of 11
trials-all-1  | [robot-6] [INFO] [1698536120.870761487] [robot]: a_deposit
trials-all-1  | [nurse-4] [INFO] [1698536120.873032495] [nurse]: Action: a_deposit
trials-all-1  | [nurse-4] [INFO] [1698536120.879865520] [nurse]: Nurse's actions:
trials-all-1  | [robot-6] [INFO] [1698536120.875394504] [robot]: a_close_drawer
trials-all-1  | [robot-6] [INFO] [1698536120.879745520] [robot]: a_navto
trials-all-1  | [environment-3] [INFO] [1698536120.876849509] [environment]: Receiving message: monitor
trials-all-1  | [environment-3] [INFO] [1698536120.880689523] [environment]: Action: monitor
trials-all-1  | [robot-6] [INFO] [1698536120.884675538] [robot]: a_approach_arm
trials-all-1  | [arm-1] [INFO] [1698536120.886331544] [arm]: a_approach_arm
trials-all-1  | [robot-6] [INFO] [1698536120.888899554] [robot]: a_open_drawer
trials-all-1  | [robot-6] [INFO] [1698536120.892973568] [robot]: a_pick_up_sample
trials-all-1  | [coordinator-2] [INFO] [1698536120.893997572] [coordinator]: Found a problem
trials-all-1  | [nurse-4] [INFO] [1698536120.895053576] [nurse]: a_authenticate_nurse
trials-all-1  | [robot-6] [INFO] [1698536120.896963583] [robot]: a_close_drawer
trials-all-1  | [environment-3] [INFO] [1698536120.902606604] [environment]: Receiving message: monitor
trials-all-1  | [robot-6] [INFO] [1698536120.903416607] [robot]: Receiving sync message. a_pick_up_sample,arm1,robot1
trials-all-1  | [nurse-4] [INFO] [1698536120.905017613] [nurse]: Doing a_deposit
trials-all-1  | [robot-6] [INFO] [1698536120.908273624] [robot]: not ready
trials-all-1  | [environment-3] [INFO] [1698536120.910168631] [environment]: Action: monitor
trials-all-1  | [arm-1] [INFO] [1698536120.915082649] [arm]: a_pick_up_sample
trials-all-1  | [robot-6] [INFO] [1698536120.918821663] [robot]: Receiving sync message. a_deposit,nurse1,robot1
trials-all-1  | [nurse-4] [INFO] [1698536120.922814678] [nurse]: a_deposit
trials-all-1  | [robot-6] [INFO] [1698536120.923419680] [robot]: not ready
trials-all-1  | [coordinator-2] [INFO] [1698536120.926229690] [coordinator]: Found a problem
trials-all-1  | [robot-6] [INFO] [1698536120.930733707] [robot]: Action: a_navto
trials-all-1  | [robot-6] [INFO] [1698536120.934920722] [robot]: Doing a_navto
trials-all-1  | [arm-1] [INFO] [1698536120.939188738] [arm]: not ready
trials-all-1  | [nurse-4] [INFO] [1698536120.940365742] [nurse]: a_open_door
trials-all-1  | [environment-3] [INFO] [1698536120.945251760] [environment]: Receiving message: monitor
trials-all-1  | [nurse-4] [INFO] [1698536120.952320786] [nurse]: not ready
trials-all-1  | [environment-3] [INFO] [1698536120.952864788] [environment]: Action: monitor
trials-all-1  | [arm-1] [INFO] [1698536120.960998817] [arm]: Action result: False
trials-all-1  | [nurse-4] [INFO] [1698536120.961030818] [nurse]: Action result: False
trials-all-1  | [coordinator-2] [INFO] [1698536120.963339826] [coordinator]: Found a problem
trials-all-1  | [nurse-4] [INFO] [1698536120.968551845] [nurse]: Action: a_authenticate_nurse
trials-all-1  | [arm-1] [INFO] [1698536120.970425852] [arm]: Action: a_approach_arm
trials-all-1  | [nurse-4] [INFO] [1698536120.972984861] [nurse]: Doing a_authenticate_nurse
trials-all-1  | [arm-1] [INFO] [1698536120.977626878] [arm]: Doing a_approach_arm
trials-all-1  | [robot-6] [INFO] [1698536120.980292888] [robot]: Receiving sync message. a_authenticate_nurse,robot1,nurse1
trials-all-1  | [environment-3] [INFO] [1698536120.980875890] [environment]: Receiving message: a_navto,robot1,Room1
trials-all-1  | [environment-3] [INFO] [1698536120.984759904] [environment]: Action: a_navto
trials-all-1  | [robot-6] [INFO] [1698536120.984828905] [robot]: not ready
trials-all-1  | [nurse-4] [INFO] [1698536120.993682937] [nurse]: not ready
trials-all-1  | [nurse-4] [INFO] [1698536120.998502955] [nurse]: Action result: False
trials-all-1  | [nurse-4] [INFO] [1698536121.005164979] [nurse]: Action: a_authenticate_nurse
trials-all-1  | [environment-3] [INFO] [1698536121.007199986] [environment]: Responding
trials-all-1  | [environment-3] [INFO] [1698536121.014263012] [environment]: Receiving message: monitor
trials-all-1  | [robot-6] [INFO] [1698536121.020514035] [robot]: success
trials-all-1  | [environment-3] [INFO] [1698536121.022234041] [environment]: Action: monitor
trials-all-1  | [robot-6] [INFO] [1698536121.030723072] [robot]: Action result: True
trials-all-1  | [coordinator-2] [INFO] [1698536121.032214077] [coordinator]: Found a problem
trials-all-1  | [nurse-4] [INFO] [1698536121.033359081] [nurse]: Doing a_authenticate_nurse
trials-all-1  | [robot-6] [INFO] [1698536121.041390110] [robot]: Receiving sync message. a_authenticate_nurse,robot1,nurse1
trials-all-1  | [robot-6] [INFO] [1698536121.045665126] [robot]: not ready
trials-all-1  | [coordinator-2] [INFO] [1698536121.045640126] [coordinator]: Receiving sync message: action_complete,a_navto
trials-all-1  | [environment-3] [INFO] [1698536121.053951156] [environment]: Receiving message: a_approach_arm,robot1,arm1
trials-all-1  | [nurse-4] [INFO] [1698536121.054349157] [nurse]: not ready
trials-all-1  | [coordinator-2] [INFO] [1698536121.056105164] [coordinator]: action_complete
trials-all-1  | [environment-3] [INFO] [1698536121.058229171] [environment]: Action: a_approach_arm
trials-all-1  | [nurse-4] [INFO] [1698536121.058515172] [nurse]: Action result: False
trials-all-1  | [coordinator-2] [INFO] [1698536121.064813195] [coordinator]: plans_actions_current 2 of 11
trials-all-1  | [nurse-4] [INFO] [1698536121.065441198] [nurse]: Action: a_authenticate_nurse
trials-all-1  | [robot-6] [INFO] [1698536121.075571234] [robot]: Action: a_approach_nurse
trials-all-1  | [robot-6] [INFO] [1698536121.079777249] [robot]: Doing a_approach_nurse
trials-all-1  | [environment-3] [INFO] [1698536121.080238251] [environment]: Responding
trials-all-1  | [nurse-4] [INFO] [1698536121.092226295] [nurse]: Doing a_authenticate_nurse
trials-all-1  | [robot-6] [INFO] [1698536121.098277317] [robot]: Receiving sync message. a_authenticate_nurse,robot1,nurse1
trials-all-1  | [arm-1] [INFO] [1698536121.102514332] [arm]: success
trials-all-1  | [robot-6] [INFO] [1698536121.103137334] [robot]: not ready
trials-all-1  | [environment-3] [INFO] [1698536121.104306338] [environment]: Receiving message: monitor
trials-all-1  | [environment-3] [INFO] [1698536121.110209360] [environment]: Action: monitor
trials-all-1  | [nurse-4] [INFO] [1698536121.120964399] [nurse]: not ready
trials-all-1  | [nurse-4] [INFO] [1698536121.125064414] [nurse]: Action result: False
trials-all-1  | [arm-1] [INFO] [1698536121.126968421] [arm]: Action result: True
trials-all-1  | [nurse-4] [INFO] [1698536121.129250429] [nurse]: Action: a_authenticate_nurse
trials-all-1  | [arm-1] [INFO] [1698536121.136495455] [arm]: Action: a_pick_up_sample
trials-all-1  | [nurse-4] [INFO] [1698536121.137567459] [nurse]: Doing a_authenticate_nurse
trials-all-1  | [coordinator-2] [INFO] [1698536121.140368469] [coordinator]: Found a problem
trials-all-1  | [environment-3] [INFO] [1698536121.141888475] [environment]: Receiving message: a_approach_nurse,robot1
trials-all-1  | [robot-6] [INFO] [1698536121.144046482] [robot]: Receiving sync message. a_authenticate_nurse,robot1,nurse1
trials-all-1  | [environment-3] [INFO] [1698536121.145830489] [environment]: Action: a_approach_nurse
trials-all-1  | [robot-6] [INFO] [1698536121.148838500] [robot]: not ready
trials-all-1  | [environment-3] [INFO] [1698536121.152756514] [environment]: Responding
trials-all-1  | [nurse-4] [INFO] [1698536121.164052555] [nurse]: not ready
trials-all-1  | [arm-1] [INFO] [1698536121.164597557] [arm]: Doing a_pick_up_sample
trials-all-1  | [environment-3] [INFO] [1698536121.171153581] [environment]: Receiving message: monitor
trials-all-1  | [robot-6] [INFO] [1698536121.172642586] [robot]: Receiving sync message. a_pick_up_sample,arm1,robot1
trials-all-1  | [environment-3] [INFO] [1698536121.175008595] [environment]: Action: monitor
trials-all-1  | [coordinator-2] [INFO] [1698536121.185798634] [coordinator]: Found a problem
trials-all-1  | [nurse-4] [INFO] [1698536121.186075635] [nurse]: Action result: False
trials-all-1  | [nurse-4] [INFO] [1698536121.191216653] [nurse]: Action: a_authenticate_nurse
trials-all-1  | [nurse-4] [INFO] [1698536121.195629669] [nurse]: Doing a_authenticate_nurse
trials-all-1  | [robot-6] [INFO] [1698536121.197720677] [robot]: not ready
trials-all-1  | [robot-6] [INFO] [1698536121.205183704] [robot]: success
trials-all-1  | [environment-3] [INFO] [1698536121.205903707] [environment]: Receiving message: monitor
trials-all-1  | [robot-6] [INFO] [1698536121.210067722] [robot]: Action result: True
trials-all-1  | [arm-1] [INFO] [1698536121.212772732] [arm]: not ready
trials-all-1  | [coordinator-2] [INFO] [1698536121.216510745] [coordinator]: Receiving sync message: action_complete,a_approach_nurse
trials-all-1  | [coordinator-2] [INFO] [1698536121.220818761] [coordinator]: action_complete
trials-all-1  | [arm-1] [INFO] [1698536121.221520763] [arm]: Action result: False
trials-all-1  | [coordinator-2] [INFO] [1698536121.224869775] [coordinator]: plans_actions_current 3 of 11
trials-all-1  | [environment-3] [INFO] [1698536121.236379817] [environment]: Action: monitor
trials-all-1  | [robot-6] [INFO] [1698536121.237050820] [robot]: Receiving sync message. a_authenticate_nurse,robot1,nurse1
trials-all-1  | [arm-1] [INFO] [1698536121.243201842] [arm]: Action: a_pick_up_sample
trials-all-1  | [robot-6] [INFO] [1698536121.249903866] [robot]: not ready
trials-all-1  | [coordinator-2] [INFO] [1698536121.253250878] [coordinator]: Found a problem
trials-all-1  | [arm-1] [INFO] [1698536121.260326904] [arm]: Doing a_pick_up_sample
trials-all-1  | [nurse-4] [INFO] [1698536121.260326904] [nurse]: not ready
trials-all-1  | [nurse-4] [INFO] [1698536121.264970921] [nurse]: Action result: False
trials-all-1  | [nurse-4] [INFO] [1698536121.269550937] [nurse]: Action: a_authenticate_nurse
trials-all-1  | [nurse-4] [INFO] [1698536121.273746953] [nurse]: Doing a_authenticate_nurse
trials-all-1  | [environment-3] [INFO] [1698536121.279787974] [environment]: Receiving message: monitor
trials-all-1  | [robot-6] [INFO] [1698536121.281024979] [robot]: Receiving sync message. a_pick_up_sample,arm1,robot1
trials-all-1  | [robot-6] [INFO] [1698536121.285276994] [robot]: not ready
trials-all-1  | [environment-3] [INFO] [1698536121.285524995] [environment]: Action: monitor
trials-all-1  | [coordinator-2] [INFO] [1698536121.295060030] [coordinator]: Found a problem
trials-all-1  | [arm-1] [INFO] [1698536121.300760050] [arm]: not ready
trials-all-1  | [robot-6] [INFO] [1698536121.305304067] [robot]: Action: a_authenticate_nurse
trials-all-1  | [robot-6] [INFO] [1698536121.309424082] [robot]: Doing a_authenticate_nurse
trials-all-1  | [arm-1] [INFO] [1698536121.312468093] [arm]: Action result: False
trials-all-1  | [robot-6] [INFO] [1698536121.313552097] [robot]: Action result: True
trials-all-1  | [robot-6] [INFO] [1698536121.319834120] [robot]: Receiving sync message. a_authenticate_nurse,robot1,nurse1
trials-all-1  | [robot-6] [INFO] [1698536121.323744134] [robot]: Authenticate nurse
trials-all-1  | [arm-1] [INFO] [1698536121.320869123] [arm]: Action: a_pick_up_sample
trials-all-1  | [coordinator-2] [INFO] [1698536121.320988124] [coordinator]: Receiving sync message: action_complete,a_authenticate_nurse
trials-all-1  | [coordinator-2] [INFO] [1698536121.325895142] [coordinator]: action_complete
trials-all-1  | [environment-3] [INFO] [1698536121.330973160] [environment]: Receiving message: monitor
trials-all-1  | [nurse-4] [INFO] [1698536121.333123168] [nurse]: success
trials-all-1  | [arm-1] [INFO] [1698536121.333193168] [arm]: Doing a_pick_up_sample
trials-all-1  | [environment-3] [INFO] [1698536121.335947178] [environment]: Action: monitor
trials-all-1  | [nurse-4] [INFO] [1698536121.337846185] [nurse]: Action result: True
trials-all-1  | [coordinator-2] [INFO] [1698536121.350308230] [coordinator]: plans_actions_current 4 of 11
trials-all-1  | [nurse-4] [INFO] [1698536121.350725231] [nurse]: Action: a_deposit
trials-all-1  | [nurse-4] [INFO] [1698536121.354443245] [nurse]: Doing a_deposit
trials-all-1  | [robot-6] [INFO] [1698536121.356901254] [robot]: Receiving sync message. a_pick_up_sample,arm1,robot1
trials-all-1  | [robot-6] [INFO] [1698536121.360534267] [robot]: not ready
trials-all-1  | [robot-6] [INFO] [1698536121.372335310] [robot]: Receiving sync message. a_deposit,nurse1,robot1
trials-all-1  | [arm-1] [INFO] [1698536121.377463328] [arm]: not ready
trials-all-1  | [coordinator-2] [INFO] [1698536121.378891334] [coordinator]: Found a problem
trials-all-1  | [robot-6] [INFO] [1698536121.383301350] [robot]: not ready
trials-all-1  | [arm-1] [INFO] [1698536121.390191375] [arm]: Action result: False
trials-all-1  | [nurse-4] [INFO] [1698536121.392583383] [nurse]: not ready
trials-all-1  | [environment-3] [INFO] [1698536121.395245393] [environment]: Receiving message: monitor
trials-all-1  | [nurse-4] [INFO] [1698536121.397086400] [nurse]: Action result: False
trials-all-1  | [arm-1] [INFO] [1698536121.398815406] [arm]: Action: a_pick_up_sample
trials-all-1  | [environment-3] [INFO] [1698536121.401389415] [environment]: Action: monitor
trials-all-1  | [robot-6] [INFO] [1698536121.405734431] [robot]: Action: a_open_drawer
trials-all-1  | [arm-1] [INFO] [1698536121.407676438] [arm]: Doing a_pick_up_sample
trials-all-1  | [coordinator-2] [INFO] [1698536121.411355451] [coordinator]: Found a problem
trials-all-1  | [robot-6] [INFO] [1698536121.413774460] [robot]: Doing a_open_drawer
trials-all-1  | [nurse-4] [INFO] [1698536121.417510474] [nurse]: Action: a_deposit
trials-all-1  | [nurse-4] [INFO] [1698536121.421817489] [nurse]: Doing a_deposit
trials-all-1  | [robot-6] [INFO] [1698536121.427547510] [robot]: success
trials-all-1  | [robot-6] [INFO] [1698536121.436633543] [robot]: Action result: True
trials-all-1  | [robot-6] [INFO] [1698536121.442152563] [robot]: Receiving sync message. a_pick_up_sample,arm1,robot1
trials-all-1  | [coordinator-2] [INFO] [1698536121.446155577] [coordinator]: Receiving sync message: action_complete,a_open_drawer
trials-all-1  | [robot-6] [INFO] [1698536121.447189581] [robot]: not ready
trials-all-1  | [coordinator-2] [INFO] [1698536121.453391604] [coordinator]: action_complete
trials-all-1  | [arm-1] [INFO] [1698536121.457874620] [arm]: not ready
trials-all-1  | [coordinator-2] [INFO] [1698536121.458743623] [coordinator]: plans_actions_current 5 of 11
trials-all-1  | [environment-3] [INFO] [1698536121.464733645] [environment]: Receiving message: monitor
trials-all-1  | [arm-1] [INFO] [1698536121.466102650] [arm]: Action result: False
trials-all-1  | [environment-3] [INFO] [1698536121.470326665] [environment]: Action: monitor
trials-all-1  | [arm-1] [INFO] [1698536121.479526698] [arm]: Action: a_pick_up_sample
trials-all-1  | [robot-6] [INFO] [1698536121.486714724] [robot]: Receiving sync message. a_deposit,nurse1,robot1
trials-all-1  | [coordinator-2] [INFO] [1698536121.487893729] [coordinator]: Found a problem
trials-all-1  | [arm-1] [INFO] [1698536121.491801743] [arm]: Doing a_pick_up_sample
trials-all-1  | [robot-6] [INFO] [1698536121.496274759] [robot]: not ready
trials-all-1  | [robot-6] [INFO] [1698536121.508058802] [robot]: Action: a_deposit
trials-all-1  | [nurse-4] [INFO] [1698536121.513837823] [nurse]: not ready
trials-all-1  | [robot-6] [INFO] [1698536121.513837823] [robot]: Doing a_deposit
trials-all-1  | [environment-3] [INFO] [1698536121.516798833] [environment]: Receiving message: monitor
trials-all-1  | [environment-3] [INFO] [1698536121.522214853] [environment]: Action: monitor
trials-all-1  | [nurse-4] [INFO] [1698536121.525199864] [nurse]: Action result: False
trials-all-1  | [robot-6] [INFO] [1698536121.526423868] [robot]: wating for nurse1 to deposit in robot1
trials-all-1  | [robot-6] [INFO] [1698536121.532055889] [robot]: Receiving sync message. a_pick_up_sample,arm1,robot1
trials-all-1  | [robot-6] [INFO] [1698536121.537970910] [robot]: not ready
trials-all-1  | [nurse-4] [INFO] [1698536121.543675931] [nurse]: Action: a_deposit
trials-all-1  | [coordinator-2] [INFO] [1698536121.544670934] [coordinator]: Found a problem
trials-all-1  | [robot-6] [INFO] [1698536121.548982950] [robot]: Action result: False
trials-all-1  | [robot-6] [INFO] [1698536121.555352973] [robot]: Action: a_deposit
trials-all-1  | [arm-1] [INFO] [1698536121.555809975] [arm]: not ready
trials-all-1  | [nurse-4] [INFO] [1698536121.560538992] [nurse]: Doing a_deposit
trials-all-1  | [arm-1] [INFO] [1698536121.561095994] [arm]: Action result: False
trials-all-1  | [robot-6] [INFO] [1698536121.563131001] [robot]: Doing a_deposit
trials-all-1  | [environment-3] [INFO] [1698536121.566902015] [environment]: Receiving message: monitor
trials-all-1  | [arm-1] [INFO] [1698536121.566548014] [arm]: Action: a_pick_up_sample
trials-all-1  | [robot-6] [INFO] [1698536121.568687021] [robot]: wating for nurse1 to deposit in robot1
trials-all-1  | [arm-1] [INFO] [1698536121.573503039] [arm]: Doing a_pick_up_sample
trials-all-1  | [robot-6] [INFO] [1698536121.578144056] [robot]: Receiving sync message. a_deposit,nurse1,robot1
trials-all-1  | [environment-3] [INFO] [1698536121.580616065] [environment]: Action: monitor
trials-all-1  | [robot-6] [INFO] [1698536121.587857091] [robot]: Deposit
trials-all-1  | [robot-6] [INFO] [1698536121.595642119] [robot]: Action result: False
trials-all-1  | [nurse-4] [INFO] [1698536121.598083128] [nurse]: success
trials-all-1  | [coordinator-2] [INFO] [1698536121.598939131] [coordinator]: Found a problem
trials-all-1  | [nurse-4] [INFO] [1698536121.606774160] [nurse]: Action result: True
trials-all-1  | [robot-6] [INFO] [1698536121.608202165] [robot]: Action: a_deposit
trials-all-1  | [robot-6] [INFO] [1698536121.613556184] [robot]: Doing a_deposit
trials-all-1  | [environment-3] [INFO] [1698536121.616168194] [environment]: Receiving message: monitor
trials-all-1  | [robot-6] [INFO] [1698536121.616931196] [robot]: Receiving sync message. a_pick_up_sample,arm1,robot1
trials-all-1  | [robot-6] [INFO] [1698536121.622431216] [robot]: not ready
trials-all-1  | [nurse-4] [INFO] [1698536121.625293227] [nurse]: Action: a_open_door
trials-all-1  | [environment-3] [INFO] [1698536121.634213259] [environment]: Action: monitor
trials-all-1  | [robot-6] [INFO] [1698536121.640995284] [robot]: Action result: True
trials-all-1  | [arm-1] [INFO] [1698536121.648164310] [arm]: not ready
trials-all-1  | [nurse-4] [INFO] [1698536121.649527314] [nurse]: Doing a_open_door
trials-all-1  | [arm-1] [INFO] [1698536121.654772333] [arm]: Action result: False
trials-all-1  | [coordinator-2] [INFO] [1698536121.656331339] [coordinator]: Found a problem
trials-all-1  | [coordinator-2] [INFO] [1698536121.661000356] [coordinator]: Receiving sync message: action_complete,a_deposit
trials-all-1  | [arm-1] [INFO] [1698536121.661676358] [arm]: Action: a_pick_up_sample
trials-all-1  | [coordinator-2] [INFO] [1698536121.666434376] [coordinator]: action_complete
trials-all-1  | [arm-1] [INFO] [1698536121.667359379] [arm]: Doing a_pick_up_sample
trials-all-1  | [environment-3] [INFO] [1698536121.670767391] [environment]: Receiving message: a_open_door,nurse1,Room3
trials-all-1  | [coordinator-2] [INFO] [1698536121.673949403] [coordinator]: plans_actions_current 6 of 11
trials-all-1  | [environment-3] [INFO] [1698536121.675714409] [environment]: Action: a_open_door
trials-all-1  | [robot-6] [INFO] [1698536121.676523412] [robot]: Receiving sync message. a_pick_up_sample,arm1,robot1
trials-all-1  | [robot-6] [INFO] [1698536121.682753435] [robot]: not ready
trials-all-1  | [arm-1] [INFO] [1698536121.696767486] [arm]: not ready
trials-all-1  | [robot-6] [INFO] [1698536121.707048523] [robot]: Action: a_close_drawer
trials-all-1  | [robot-6] [INFO] [1698536121.714254549] [robot]: Doing a_close_drawer
trials-all-1  | [robot-6] [INFO] [1698536121.722141578] [robot]: success
trials-all-1  | [arm-1] [INFO] [1698536121.722574579] [arm]: Action result: False
trials-all-1  | [robot-6] [INFO] [1698536121.727661598] [robot]: Action result: True
trials-all-1  | [arm-1] [INFO] [1698536121.728512601] [arm]: Action: a_pick_up_sample
trials-all-1  | [arm-1] [INFO] [1698536121.735469626] [arm]: Doing a_pick_up_sample
trials-all-1  | [coordinator-2] [INFO] [1698536121.735469626] [coordinator]: Receiving sync message: action_complete,a_close_drawer
trials-all-1  | [coordinator-2] [INFO] [1698536121.742754652] [coordinator]: action_complete
trials-all-1  | [environment-3] [INFO] [1698536121.742924653] [environment]: Responding
trials-all-1  | [robot-6] [INFO] [1698536121.750324680] [robot]: Receiving sync message. a_pick_up_sample,arm1,robot1
trials-all-1  | [nurse-4] [INFO] [1698536121.754186694] [nurse]: success
trials-all-1  | [coordinator-2] [INFO] [1698536121.754918696] [coordinator]: plans_actions_current 7 of 11
trials-all-1  | [robot-6] [INFO] [1698536121.757954707] [robot]: not ready
trials-all-1  | [nurse-4] [INFO] [1698536121.768915747] [nurse]: Action result: True
trials-all-1  | [environment-3] [INFO] [1698536121.779323785] [environment]: Receiving message: monitor
trials-all-1  | [robot-6] [INFO] [1698536121.780551789] [robot]: Action: a_navto
trials-all-1  | [environment-3] [INFO] [1698536121.783603800] [environment]: Action: monitor
trials-all-1  | [arm-1] [INFO] [1698536121.784418803] [arm]: not ready
trials-all-1  | [arm-1] [INFO] [1698536121.804823877] [arm]: Action result: False
trials-all-1  | [robot-6] [INFO] [1698536121.805682880] [robot]: Doing a_navto
trials-all-1  | [arm-1] [INFO] [1698536121.809466894] [arm]: Action: a_pick_up_sample
trials-all-1  | [arm-1] [INFO] [1698536121.817374923] [arm]: Doing a_pick_up_sample
trials-all-1  | [environment-3] [INFO] [1698536121.823860946] [environment]: Receiving message: monitor
trials-all-1  | [robot-6] [INFO] [1698536121.824694949] [robot]: Receiving sync message. a_pick_up_sample,arm1,robot1
trials-all-1  | [environment-3] [INFO] [1698536121.827699960] [environment]: Action: monitor
trials-all-1  | [robot-6] [INFO] [1698536121.832332977] [robot]: not ready
trials-all-1  | [arm-1] [INFO] [1698536121.844887023] [arm]: not ready
trials-all-1  | [arm-1] [INFO] [1698536121.848607036] [arm]: Action result: False
trials-all-1  | [environment-3] [INFO] [1698536121.861847084] [environment]: Receiving message: a_navto,robot1,Room3
trials-all-1  | [arm-1] [INFO] [1698536121.864803095] [arm]: Action: a_pick_up_sample
trials-all-1  | [environment-3] [INFO] [1698536121.866169100] [environment]: Action: a_navto
trials-all-1  | [environment-3] [INFO] [1698536121.870333115] [environment]: Responding
trials-all-1  | [arm-1] [INFO] [1698536121.877109139] [arm]: Doing a_pick_up_sample
trials-all-1  | [robot-6] [INFO] [1698536121.889787185] [robot]: success
trials-all-1  | [robot-6] [INFO] [1698536121.895544206] [robot]: Action result: True
trials-all-1  | [coordinator-2] [INFO] [1698536121.901974229] [coordinator]: Receiving sync message: action_complete,a_navto
trials-all-1  | [environment-3] [INFO] [1698536121.901992229] [environment]: Receiving message: monitor
trials-all-1  | [robot-6] [INFO] [1698536121.903392235] [robot]: Receiving sync message. a_pick_up_sample,arm1,robot1
trials-all-1  | [coordinator-2] [INFO] [1698536121.906543246] [coordinator]: action_complete
trials-all-1  | [environment-3] [INFO] [1698536121.909802258] [environment]: Action: monitor
trials-all-1  | [robot-6] [INFO] [1698536121.909948258] [robot]: not ready
trials-all-1  | [coordinator-2] [INFO] [1698536121.911205263] [coordinator]: plans_actions_current 8 of 11
trials-all-1  | [arm-1] [INFO] [1698536121.922760305] [arm]: not ready
trials-all-1  | [arm-1] [INFO] [1698536121.927136321] [arm]: Action result: False
trials-all-1  | [robot-6] [INFO] [1698536121.932650341] [robot]: Action: a_approach_arm
trials-all-1  | [robot-6] [INFO] [1698536121.937733359] [robot]: Doing a_approach_arm
trials-all-1  | [environment-3] [INFO] [1698536121.945424387] [environment]: Receiving message: a_approach_arm,robot1,arm1
trials-all-1  | [arm-1] [INFO] [1698536121.954377419] [arm]: Action: a_pick_up_sample
trials-all-1  | [arm-1] [INFO] [1698536121.958461434] [arm]: Doing a_pick_up_sample
trials-all-1  | [robot-6] [INFO] [1698536121.977420503] [robot]: Receiving sync message. a_pick_up_sample,arm1,robot1
trials-all-1  | [robot-6] [INFO] [1698536121.984909530] [robot]: not ready
trials-all-1  | [arm-1] [INFO] [1698536121.998844581] [arm]: not ready
trials-all-1  | [environment-3] [INFO] [1698536122.000033585] [environment]: Action: a_approach_arm
trials-all-1  | [arm-1] [INFO] [1698536122.002865595] [arm]: Action result: False
trials-all-1  | [arm-1] [INFO] [1698536122.006762609] [arm]: Action: a_pick_up_sample
trials-all-1  | [arm-1] [INFO] [1698536122.010342622] [arm]: Doing a_pick_up_sample
trials-all-1  | [robot-6] [INFO] [1698536122.017013646] [robot]: Receiving sync message. a_pick_up_sample,arm1,robot1
trials-all-1  | [environment-3] [INFO] [1698536122.017113646] [environment]: Responding
trials-all-1  | [robot-6] [INFO] [1698536122.022628666] [robot]: not ready
trials-all-1  | [environment-3] [INFO] [1698536122.037721720] [environment]: Receiving message: monitor
trials-all-1  | [arm-1] [INFO] [1698536122.039995728] [arm]: not ready
trials-all-1  | [robot-6] [INFO] [1698536122.041225733] [robot]: success
trials-all-1  | [arm-1] [INFO] [1698536122.044844746] [arm]: Action result: False
trials-all-1  | [robot-6] [INFO] [1698536122.046068750] [robot]: Action result: True
trials-all-1  | [coordinator-2] [INFO] [1698536122.053114775] [coordinator]: Receiving sync message: action_complete,a_approach_arm
trials-all-1  | [environment-3] [INFO] [1698536122.053285776] [environment]: Action: monitor
trials-all-1  | [coordinator-2] [INFO] [1698536122.058426794] [coordinator]: action_complete
trials-all-1  | [arm-1] [INFO] [1698536122.065831821] [arm]: Action: a_pick_up_sample
trials-all-1  | [coordinator-2] [INFO] [1698536122.074807853] [coordinator]: plans_actions_current 9 of 11
trials-all-1  | [arm-1] [INFO] [1698536122.077578863] [arm]: Doing a_pick_up_sample
trials-all-1  | [robot-6] [INFO] [1698536122.085309891] [robot]: Receiving sync message. a_pick_up_sample,arm1,robot1
trials-all-1  | [robot-6] [INFO] [1698536122.091373913] [robot]: not ready
trials-all-1  | [arm-1] [INFO] [1698536122.099310941] [arm]: not ready
trials-all-1  | [arm-1] [INFO] [1698536122.103067955] [arm]: Action result: False
trials-all-1  | [arm-1] [INFO] [1698536122.107048969] [arm]: Action: a_pick_up_sample
trials-all-1  | [robot-6] [INFO] [1698536122.105627964] [robot]: Action: a_open_drawer
trials-all-1  | [environment-3] [INFO] [1698536122.108430974] [environment]: Receiving message: monitor
trials-all-1  | [arm-1] [INFO] [1698536122.110556982] [arm]: Doing a_pick_up_sample
trials-all-1  | [robot-6] [INFO] [1698536122.111295984] [robot]: Doing a_open_drawer
trials-all-1  | [environment-3] [INFO] [1698536122.114152994] [environment]: Action: monitor
trials-all-1  | [robot-6] [INFO] [1698536122.122477024] [robot]: Receiving sync message. a_pick_up_sample,arm1,robot1
trials-all-1  | [robot-6] [INFO] [1698536122.125503035] [robot]: success
trials-all-1  | [robot-6] [INFO] [1698536122.135539071] [robot]: not ready
trials-all-1  | [robot-6] [INFO] [1698536122.141567093] [robot]: Action result: True
trials-all-1  | [arm-1] [INFO] [1698536122.145425107] [arm]: not ready
trials-all-1  | [environment-3] [INFO] [1698536122.146387110] [environment]: Receiving message: monitor
trials-all-1  | [coordinator-2] [INFO] [1698536122.153280135] [coordinator]: Receiving sync message: action_complete,a_open_drawer
trials-all-1  | [arm-1] [INFO] [1698536122.158091152] [arm]: Action result: False
trials-all-1  | [arm-1] [INFO] [1698536122.162121167] [arm]: Action: a_pick_up_sample
trials-all-1  | [arm-1] [INFO] [1698536122.165832180] [arm]: Doing a_pick_up_sample
trials-all-1  | [coordinator-2] [INFO] [1698536122.168083188] [coordinator]: action_complete
trials-all-1  | [environment-3] [INFO] [1698536122.170686197] [environment]: Action: monitor
trials-all-1  | [coordinator-2] [INFO] [1698536122.171549200] [coordinator]: plans_actions_current 10 of 11
trials-all-1  | [robot-6] [INFO] [1698536122.179259228] [robot]: Receiving sync message. a_pick_up_sample,arm1,robot1
trials-all-1  | [robot-6] [INFO] [1698536122.185060249] [robot]: not ready
trials-all-1  | [environment-3] [INFO] [1698536122.190624269] [environment]: Receiving message: monitor
trials-all-1  | [environment-3] [INFO] [1698536122.195445286] [environment]: Action: monitor
trials-all-1  | [arm-1] [INFO] [1698536122.205013320] [arm]: not ready
trials-all-1  | [robot-6] [INFO] [1698536122.205378322] [robot]: Action: a_pick_up_sample
trials-all-1  | [arm-1] [INFO] [1698536122.208982335] [arm]: Action result: False
trials-all-1  | [robot-6] [INFO] [1698536122.209926338] [robot]: Doing a_pick_up_sample
trials-all-1  | [arm-1] [INFO] [1698536122.212899349] [arm]: Action: a_pick_up_sample
trials-all-1  | [arm-1] [INFO] [1698536122.218223368] [arm]: Doing a_pick_up_sample
trials-all-1  | [environment-3] [INFO] [1698536122.231851417] [environment]: Receiving message: monitor
trials-all-1  | [robot-6] [INFO] [1698536122.235165429] [robot]: wating for arm1 to pick up from robot1
trials-all-1  | [environment-3] [INFO] [1698536122.237546437] [environment]: Action: monitor
trials-all-1  | [robot-6] [INFO] [1698536122.241124450] [robot]: Receiving sync message. a_pick_up_sample,arm1,robot1
trials-all-1  | [robot-6] [INFO] [1698536122.246580470] [robot]: Action result: False
trials-all-1  | [robot-6] [INFO] [1698536122.254628498] [robot]: Action: a_pick_up_sample
trials-all-1  | [robot-6] [INFO] [1698536122.256392505] [robot]: Pick up
trials-all-1  | [environment-3] [INFO] [1698536122.263970532] [environment]: Receiving message: monitor
trials-all-1  | [arm-1] [INFO] [1698536122.265269537] [arm]: success
trials-all-1  | [robot-6] [INFO] [1698536122.266314540] [robot]: Doing a_pick_up_sample
trials-all-1  | [arm-1] [INFO] [1698536122.270299555] [arm]: Action result: True
trials-all-1  | [robot-6] [INFO] [1698536122.277558581] [robot]: Action result: True
trials-all-1  | [environment-3] [INFO] [1698536122.281095593] [environment]: Action: monitor
trials-all-1  | [coordinator-2] [INFO] [1698536122.287741617] [coordinator]: Receiving sync message: action_complete,a_pick_up_sample
trials-all-1  | [coordinator-2] [INFO] [1698536122.302693671] [coordinator]: action_complete
trials-all-1  | [coordinator-2] [INFO] [1698536122.315803718] [coordinator]: plans_actions_current 11 of 11
trials-all-1  | [coordinator-2] [INFO] [1698536122.321098737] [coordinator]: The time of execution of above program is:2.2707011699676514
trials-all-1  | [coordinator-2] [INFO] [1698536122.326662757] [coordinator]: Achieved
trials-all-1  | [coordinator-2] [INFO] [1698536122.331492774] [coordinator]: ENDSIM
trials-all-1  | [robot-6] [INFO] [1698536122.343101816] [robot]: Action: a_close_drawer
trials-all-1  | [robot-6] [INFO] [1698536122.354410857] [robot]: Doing a_close_drawer
trials-all-1  | [robot-6] [INFO] [1698536122.373730926] [robot]: success
trials-all-1  | [robot-6] [INFO] [1698536122.382444957] [robot]: Action result: True
trials-all-1  | [coordinator-2] [INFO] [1698536122.403510033] [coordinator]: Receiving sync message: action_complete,a_close_drawer
trials-all-1  | [coordinator-2] [INFO] [1698536122.409242053] [coordinator]: action_complete
trials-all-1  | [coordinator-2] [INFO] [1698536122.423834106] [coordinator]: plans_actions_current 12 of 11
trials-all-1  | [coordinator-2] [INFO] [1698536122.438872160] [coordinator]: The time of execution of above program is:2.378744602203369
trials-all-1  | [coordinator-2] [INFO] [1698536122.453337211] [coordinator]: Achieved
trials-all-1  | [coordinator-2] [INFO] [1698536122.458532230] [coordinator]: ENDSIM
trials-all-1 exited with code 0
