 Network trials_ros  Creating
 Network trials_ros  Created
 Container trials-all-1  Creating
 Container trials-all-1  Created
Attaching to trials-all-1
trials-all-1  | [INFO] [launch]: All log files can be found below /root/.ros/log/2023-10-28-23-55-41-948820-3f984bffa94d-1
trials-all-1  | [INFO] [launch]: Default logging verbosity is set to INFO
trials-all-1  | [INFO] [arm-1]: process started with pid [52]
trials-all-1  | [INFO] [coordinator-2]: process started with pid [54]
trials-all-1  | [INFO] [environment-3]: process started with pid [56]
trials-all-1  | [INFO] [nurse-4]: process started with pid [58]
trials-all-1  | [INFO] [planner-5]: process started with pid [60]
trials-all-1  | [INFO] [robot-6]: process started with pid [62]
trials-all-1  | [nurse-4] [INFO] [1698537345.123371995] [nurse]: Starting Nurse server
trials-all-1  | [nurse-4] [INFO] [1698537345.159132154] [nurse]: Nurse server started
trials-all-1  | [nurse-4] [INFO] [1698537345.177642754] [nurse]: Starting Nurse clients
trials-all-1  | [environment-3] [INFO] [1698537345.512139595] [environment]: Starting Environment server
trials-all-1  | [arm-1] [INFO] [1698537345.537623421] [arm]: Starting Arm server
trials-all-1  | [environment-3] [INFO] [1698537345.553467934] [environment]: Environment server started
trials-all-1  | [arm-1] [INFO] [1698537345.565067310] [arm]: Arm server started
trials-all-1  | [arm-1] [INFO] [1698537345.570739494] [arm]: Starting Nurse clients
trials-all-1  | [coordinator-2] [INFO] [1698537345.904425308] [coordinator]: Starting Coordinator server
trials-all-1  | [robot-6] [INFO] [1698537345.932216209] [robot]: Starting Robot server
trials-all-1  | [coordinator-2] [INFO] [1698537345.979772750] [coordinator]: Coordinator server started
trials-all-1  | [coordinator-2] [INFO] [1698537345.994194217] [coordinator]: Starting Coordinator clients
trials-all-1  | [robot-6] [INFO] [1698537346.001955469] [robot]: Robot server started
trials-all-1  | [robot-6] [INFO] [1698537346.005939598] [robot]: Starting Robots clients
trials-all-1  | [robot-6] [INFO] [1698537346.048377969] [robot]: Robots clients started
trials-all-1  | [arm-1] [INFO] [1698537346.113255067] [arm]: Nurse clients started
trials-all-1  | [nurse-4] [INFO] [1698537346.230798866] [nurse]: Nurse clients started
trials-all-1  | [nurse-4] [INFO] [1698537346.255599668] [nurse]: Sent request
trials-all-1  | [coordinator-2] [INFO] [1698537347.038171963] [coordinator]: planner sync service not available, waiting again...
trials-all-1  | [coordinator-2] [INFO] [1698537348.058168847] [coordinator]: planner sync service not available, waiting again...
trials-all-1  | [coordinator-2] [INFO] [1698537349.080181711] [coordinator]: planner sync service not available, waiting again...
trials-all-1  | [coordinator-2] [INFO] [1698537350.094123231] [coordinator]: planner sync service not available, waiting again...
trials-all-1  | [coordinator-2] [INFO] [1698537351.106245609] [coordinator]: planner sync service not available, waiting again...
trials-all-1  | [planner-5] Matplotlib is building the font cache; this may take a moment.
trials-all-1  | [coordinator-2] [INFO] [1698537352.119168929] [coordinator]: planner sync service not available, waiting again...
trials-all-1  | [coordinator-2] [INFO] [1698537353.131800157] [coordinator]: planner sync service not available, waiting again...
trials-all-1  | [coordinator-2] [INFO] [1698537354.145894348] [coordinator]: planner sync service not available, waiting again...
trials-all-1  | [planner-5] [INFO] [1698537355.099831556] [planner]: Starting Planner server
trials-all-1  | [coordinator-2] [INFO] [1698537355.157761386] [coordinator]: planner sync service not available, waiting again...
trials-all-1  | [planner-5] [INFO] [1698537355.177807019] [planner]: Planner server started
trials-all-1  | [coordinator-2] [INFO] [1698537355.491967945] [coordinator]: Coordinator clients started
trials-all-1  | [coordinator-2] [INFO] [1698537355.529113118] [coordinator]: Receiving message of nurse1 in room3.
trials-all-1  | [coordinator-2] [INFO] [1698537355.541529510] [coordinator]: Planing
trials-all-1  | [coordinator-2] [INFO] [1698537355.547002683] [coordinator]: Creating plan for: robot1, nurse1, arm1 
trials-all-1  | [planner-5] [INFO] [1698537355.555133940] [planner]: Receiving sync message. need_plan,robot1,nurse1,arm1
trials-all-1  | [coordinator-2] [INFO] [1698537355.569527395] [coordinator]: Sending response
trials-all-1  | [planner-5] [INFO] [1698537355.576452614] [planner]: Creating plan for: robot1 robot1 nurse1
trials-all-1  | [nurse-4] [INFO] [1698537355.582247797] [nurse]: Request response:Okay!
trials-all-1  | [planner-5] [INFO] [1698537355.591011074] [planner]: a_navto,robot1,Room1
trials-all-1  | [planner-5] [INFO] [1698537355.595677221] [planner]: a_approach_nurse,robot1
trials-all-1  | [planner-5] [INFO] [1698537355.610736697] [planner]: a_authenticate_nurse,robot1,nurse1
trials-all-1  | [planner-5] [INFO] [1698537355.629107277] [planner]: a_open_drawer,robot1
trials-all-1  | [planner-5] [INFO] [1698537355.637564545] [planner]: a_deposit,nurse1,robot1
trials-all-1  | [planner-5] [INFO] [1698537355.656797152] [planner]: a_close_drawer,robot1
trials-all-1  | [planner-5] [INFO] [1698537355.664345391] [planner]: a_navto,robot1,Room3
trials-all-1  | [planner-5] [INFO] [1698537355.671477616] [planner]: a_approach_arm,robot1,arm1
trials-all-1  | [planner-5] [INFO] [1698537355.688099141] [planner]: a_open_drawer,robot1
trials-all-1  | [planner-5] [INFO] [1698537355.695715382] [planner]: a_pick_up_sample,arm1,robot1
trials-all-1  | [planner-5] [INFO] [1698537355.715222998] [planner]: a_close_drawer,robot1
trials-all-1  | [planner-5] [INFO] [1698537355.723734267] [planner]: Sending response
trials-all-1  | [coordinator-2] [INFO] [1698537355.751184134] [coordinator]: Plan received for: robot1, nurse1, arm1 
trials-all-1  | [coordinator-2] [INFO] [1698537355.761782469] [coordinator]: a_navto,robot1,Room1/a_approach_nurse,robot1/a_authenticate_nurse,robot1,nurse1/a_open_drawer,robot1/a_deposit,nurse1,robot1/a_close_drawer,robot1/a_navto,robot1,Room3/a_approach_arm,robot1,arm1/a_open_drawer,robot1/a_pick_up_sample,arm1,robot1/a_close_drawer,robot1
trials-all-1  | [coordinator-2] [INFO] [1698537355.770117732] [coordinator]: a_navto,robot1,Room1
trials-all-1  | [coordinator-2] [INFO] [1698537355.785674224] [coordinator]: a_approach_nurse,robot1
trials-all-1  | [coordinator-2] [INFO] [1698537355.790225368] [coordinator]: a_authenticate_nurse,robot1,nurse1
trials-all-1  | [coordinator-2] [INFO] [1698537355.794247495] [coordinator]: a_open_drawer,robot1
trials-all-1  | [coordinator-2] [INFO] [1698537355.811636044] [coordinator]: a_deposit,nurse1,robot1
trials-all-1  | [coordinator-2] [INFO] [1698537355.816312192] [coordinator]: a_close_drawer,robot1
trials-all-1  | [coordinator-2] [INFO] [1698537355.832714710] [coordinator]: a_navto,robot1,Room3
trials-all-1  | [coordinator-2] [INFO] [1698537355.837314855] [coordinator]: a_approach_arm,robot1,arm1
trials-all-1  | [coordinator-2] [INFO] [1698537355.841272980] [coordinator]: a_open_drawer,robot1
trials-all-1  | [coordinator-2] [INFO] [1698537355.862030636] [coordinator]: a_pick_up_sample,arm1,robot1
trials-all-1  | [coordinator-2] [INFO] [1698537355.865886758] [coordinator]: a_close_drawer,robot1
trials-all-1  | [coordinator-2] [INFO] [1698537355.871209926] [coordinator]: Sending plans
trials-all-1  | [coordinator-2] [INFO] [1698537355.890376532] [coordinator]: Plans sent
trials-all-1  | [nurse-4] [INFO] [1698537355.898096776] [nurse]: Receiving message.
trials-all-1  | [robot-6] [INFO] [1698537355.898346784] [robot]: Receiving message.
trials-all-1  | [robot-6] [INFO] [1698537355.903048932] [robot]: Robot's actions:
trials-all-1  | [arm-1] [INFO] [1698537355.904460977] [arm]: Receiving message.
trials-all-1  | [arm-1] [INFO] [1698537355.910126156] [arm]: Arm's actions:
trials-all-1  | [arm-1] [INFO] [1698537355.913866274] [arm]: a_approach_arm
trials-all-1  | [arm-1] [INFO] [1698537355.919645456] [arm]: Action: a_approach_arm
trials-all-1  | [arm-1] [INFO] [1698537355.923212569] [arm]: Doing a_approach_arm
trials-all-1  | [nurse-4] [INFO] [1698537355.911326194] [nurse]: Nurse's actions:
trials-all-1  | [nurse-4] [INFO] [1698537355.915475325] [nurse]: a_authenticate_nurse
trials-all-1  | [nurse-4] [INFO] [1698537355.919537453] [nurse]: Action: a_authenticate_nurse
trials-all-1  | [nurse-4] [INFO] [1698537355.923599581] [nurse]: Doing a_authenticate_nurse
trials-all-1  | [robot-6] [INFO] [1698537355.915573328] [robot]: Action: a_navto
trials-all-1  | [robot-6] [INFO] [1698537355.919444450] [robot]: Doing a_navto
trials-all-1  | [arm-1] [INFO] [1698537355.928424734] [arm]: a_pick_up_sample
trials-all-1  | [robot-6] [INFO] [1698537355.933095881] [robot]: a_navto
trials-all-1  | [nurse-4] [INFO] [1698537355.934261918] [nurse]: a_deposit
trials-all-1  | [robot-6] [INFO] [1698537355.939777092] [robot]: a_authenticate_nurse
trials-all-1  | [environment-3] [INFO] [1698537355.950590434] [environment]: Receiving message: a_navto,robot1,Room1
trials-all-1  | [robot-6] [INFO] [1698537355.958602687] [robot]: a_open_drawer
trials-all-1  | [robot-6] [INFO] [1698537355.971289088] [robot]: a_deposit
trials-all-1  | [robot-6] [INFO] [1698537355.978040301] [robot]: a_close_drawer
trials-all-1  | [robot-6] [INFO] [1698537355.984715512] [robot]: a_navto
trials-all-1  | [robot-6] [INFO] [1698537355.991052712] [robot]: a_approach_arm
trials-all-1  | [robot-6] [INFO] [1698537355.994863833] [robot]: a_open_drawer
trials-all-1  | [robot-6] [INFO] [1698537356.000244003] [robot]: a_pick_up_sample
trials-all-1  | [robot-6] [INFO] [1698537356.009108282] [robot]: a_close_drawer
trials-all-1  | [robot-6] [INFO] [1698537356.018582581] [robot]: Receiving sync message. a_authenticate_nurse,robot1,nurse1
trials-all-1  | [environment-3] [INFO] [1698537356.023160725] [environment]: Action: a_navto
trials-all-1  | [robot-6] [INFO] [1698537356.025204790] [robot]: not ready
trials-all-1  | [environment-3] [INFO] [1698537356.035292107] [environment]: Responding
trials-all-1  | [nurse-4] [INFO] [1698537356.040115259] [nurse]: not ready
trials-all-1  | [robot-6] [INFO] [1698537356.050201577] [robot]: success
trials-all-1  | [nurse-4] [INFO] [1698537356.058044824] [nurse]: Action result: False
trials-all-1  | [robot-6] [INFO] [1698537356.058631843] [robot]: Action result: True
trials-all-1  | [environment-3] [INFO] [1698537356.063042982] [environment]: Receiving message: a_approach_arm,robot1,arm1
trials-all-1  | [nurse-4] [INFO] [1698537356.064491028] [nurse]: Action: a_authenticate_nurse
trials-all-1  | [nurse-4] [INFO] [1698537356.075749382] [nurse]: Doing a_authenticate_nurse
trials-all-1  | [environment-3] [INFO] [1698537356.082279588] [environment]: Action: a_approach_arm
trials-all-1  | [coordinator-2] [INFO] [1698537356.083372623] [coordinator]: Receiving sync message: action_complete,a_navto
trials-all-1  | [robot-6] [INFO] [1698537356.090448846] [robot]: Receiving sync message. a_authenticate_nurse,robot1,nurse1
trials-all-1  | [environment-3] [INFO] [1698537356.095979020] [environment]: Responding
trials-all-1  | [robot-6] [INFO] [1698537356.097484067] [robot]: not ready
trials-all-1  | [coordinator-2] [INFO] [1698537356.104328283] [coordinator]: action_complete
trials-all-1  | [coordinator-2] [INFO] [1698537356.108818424] [coordinator]: plans_actions_current 1 of 11
trials-all-1  | [arm-1] [INFO] [1698537356.109473445] [arm]: success
trials-all-1  | [nurse-4] [INFO] [1698537356.111110497] [nurse]: not ready
trials-all-1  | [nurse-4] [INFO] [1698537356.115140624] [nurse]: Action result: False
trials-all-1  | [arm-1] [INFO] [1698537356.113427570] [arm]: Action result: True
trials-all-1  | [robot-6] [INFO] [1698537356.118298723] [robot]: Action: a_approach_nurse
trials-all-1  | [arm-1] [INFO] [1698537356.119836772] [arm]: Action: a_pick_up_sample
trials-all-1  | [robot-6] [INFO] [1698537356.122644860] [robot]: Doing a_approach_nurse
trials-all-1  | [arm-1] [INFO] [1698537356.128483044] [arm]: Doing a_pick_up_sample
trials-all-1  | [nurse-4] [INFO] [1698537356.136202287] [nurse]: Action: a_authenticate_nurse
trials-all-1  | [robot-6] [INFO] [1698537356.142854497] [robot]: Receiving sync message. a_pick_up_sample,arm1,robot1
trials-all-1  | [robot-6] [INFO] [1698537356.147092631] [robot]: not ready
trials-all-1  | [environment-3] [INFO] [1698537356.153529833] [environment]: Receiving message: a_approach_nurse,robot1
trials-all-1  | [arm-1] [INFO] [1698537356.156342922] [arm]: not ready
trials-all-1  | [arm-1] [INFO] [1698537356.160724060] [arm]: Action result: False
trials-all-1  | [nurse-4] [INFO] [1698537356.162370112] [nurse]: Doing a_authenticate_nurse
trials-all-1  | [robot-6] [INFO] [1698537356.170831379] [robot]: Receiving sync message. a_authenticate_nurse,robot1,nurse1
trials-all-1  | [environment-3] [INFO] [1698537356.172684437] [environment]: Action: a_approach_nurse
trials-all-1  | [arm-1] [INFO] [1698537356.177381585] [arm]: Action: a_pick_up_sample
trials-all-1  | [arm-1] [INFO] [1698537356.181653720] [arm]: Doing a_pick_up_sample
trials-all-1  | [robot-6] [INFO] [1698537356.184827820] [robot]: not ready
trials-all-1  | [environment-3] [INFO] [1698537356.191721037] [environment]: Responding
trials-all-1  | [nurse-4] [INFO] [1698537356.200474313] [nurse]: not ready
trials-all-1  | [robot-6] [INFO] [1698537356.204985455] [robot]: Receiving sync message. a_pick_up_sample,arm1,robot1
trials-all-1  | [robot-6] [INFO] [1698537356.209324592] [robot]: not ready
trials-all-1  | [nurse-4] [INFO] [1698537356.216332813] [nurse]: Action result: False
trials-all-1  | [arm-1] [INFO] [1698537356.222360002] [arm]: not ready
trials-all-1  | [nurse-4] [INFO] [1698537356.229153217] [nurse]: Action: a_authenticate_nurse
trials-all-1  | [nurse-4] [INFO] [1698537356.233069340] [nurse]: Doing a_authenticate_nurse
trials-all-1  | [arm-1] [INFO] [1698537356.229228219] [arm]: Action result: False
trials-all-1  | [robot-6] [INFO] [1698537356.241422603] [robot]: success
trials-all-1  | [arm-1] [INFO] [1698537356.249275851] [arm]: Action: a_pick_up_sample
trials-all-1  | [arm-1] [INFO] [1698537356.253472983] [arm]: Doing a_pick_up_sample
trials-all-1  | [robot-6] [INFO] [1698537356.249822868] [robot]: Action result: True
trials-all-1  | [robot-6] [INFO] [1698537356.257025095] [robot]: Receiving sync message. a_authenticate_nurse,robot1,nurse1
trials-all-1  | [robot-6] [INFO] [1698537356.265946376] [robot]: not ready
trials-all-1  | [robot-6] [INFO] [1698537356.279773812] [robot]: Receiving sync message. a_pick_up_sample,arm1,robot1
trials-all-1  | [nurse-4] [INFO] [1698537356.279722810] [nurse]: not ready
trials-all-1  | [nurse-4] [INFO] [1698537356.284631965] [nurse]: Action result: False
trials-all-1  | [nurse-4] [INFO] [1698537356.289885130] [nurse]: Action: a_authenticate_nurse
trials-all-1  | [nurse-4] [INFO] [1698537356.296208330] [nurse]: Doing a_authenticate_nurse
trials-all-1  | [coordinator-2] [INFO] [1698537356.301447495] [coordinator]: Receiving sync message: action_complete,a_approach_nurse
trials-all-1  | [coordinator-2] [INFO] [1698537356.313421872] [coordinator]: action_complete
trials-all-1  | [robot-6] [INFO] [1698537356.305124611] [robot]: not ready
trials-all-1  | [arm-1] [INFO] [1698537356.316001953] [arm]: not ready
trials-all-1  | [coordinator-2] [INFO] [1698537356.317938014] [coordinator]: plans_actions_current 2 of 11
trials-all-1  | [arm-1] [INFO] [1698537356.327825326] [arm]: Action result: False
trials-all-1  | [arm-1] [INFO] [1698537356.331893454] [arm]: Action: a_pick_up_sample
trials-all-1  | [robot-6] [INFO] [1698537356.328489347] [robot]: Receiving sync message. a_authenticate_nurse,robot1,nurse1
trials-all-1  | [robot-6] [INFO] [1698537356.332717480] [robot]: not ready
trials-all-1  | [arm-1] [INFO] [1698537356.341054743] [arm]: Doing a_pick_up_sample
trials-all-1  | [nurse-4] [INFO] [1698537356.341228748] [nurse]: not ready
trials-all-1  | [robot-6] [INFO] [1698537356.351054058] [robot]: Action: a_authenticate_nurse
trials-all-1  | [nurse-4] [INFO] [1698537356.354048152] [nurse]: Action result: False
trials-all-1  | [nurse-4] [INFO] [1698537356.359077311] [nurse]: Action: a_authenticate_nurse
trials-all-1  | [robot-6] [INFO] [1698537356.367861588] [robot]: Doing a_authenticate_nurse
trials-all-1  | [robot-6] [INFO] [1698537356.369451638] [robot]: Receiving sync message. a_pick_up_sample,arm1,robot1
trials-all-1  | [nurse-4] [INFO] [1698537356.370975686] [nurse]: Doing a_authenticate_nurse
trials-all-1  | [robot-6] [INFO] [1698537356.373520766] [robot]: not ready
trials-all-1  | [arm-1] [INFO] [1698537356.387261199] [arm]: not ready
trials-all-1  | [arm-1] [INFO] [1698537356.395839469] [arm]: Action result: False
trials-all-1  | [robot-6] [INFO] [1698537356.399968599] [robot]: wating for nurse1 to authenticate to robot1
trials-all-1  | [arm-1] [INFO] [1698537356.402767688] [arm]: Action: a_pick_up_sample
trials-all-1  | [arm-1] [INFO] [1698537356.409891912] [arm]: Doing a_pick_up_sample
trials-all-1  | [robot-6] [INFO] [1698537356.410606935] [robot]: Receiving sync message. a_authenticate_nurse,robot1,nurse1
trials-all-1  | [robot-6] [INFO] [1698537356.421254270] [robot]: Authenticate nurse
trials-all-1  | [nurse-4] [INFO] [1698537356.430895574] [nurse]: success
trials-all-1  | [robot-6] [INFO] [1698537356.433872668] [robot]: Action result: False
trials-all-1  | [nurse-4] [INFO] [1698537356.437060768] [nurse]: Action result: True
trials-all-1  | [nurse-4] [INFO] [1698537356.441719915] [nurse]: Action: a_deposit
trials-all-1  | [robot-6] [INFO] [1698537356.442420937] [robot]: Receiving sync message. a_pick_up_sample,arm1,robot1
trials-all-1  | [robot-6] [INFO] [1698537356.452761263] [robot]: not ready
trials-all-1  | [robot-6] [INFO] [1698537356.458889456] [robot]: Action: a_authenticate_nurse
trials-all-1  | [nurse-4] [INFO] [1698537356.460685513] [nurse]: Doing a_deposit
trials-all-1  | [arm-1] [INFO] [1698537356.462458569] [arm]: not ready
trials-all-1  | [robot-6] [INFO] [1698537356.463226593] [robot]: Doing a_authenticate_nurse
trials-all-1  | [arm-1] [INFO] [1698537356.472485885] [arm]: Action result: False
trials-all-1  | [arm-1] [INFO] [1698537356.476020996] [arm]: Action: a_pick_up_sample
trials-all-1  | [arm-1] [INFO] [1698537356.479508106] [arm]: Doing a_pick_up_sample
trials-all-1  | [robot-6] [INFO] [1698537356.476750019] [robot]: Receiving sync message. a_deposit,nurse1,robot1
trials-all-1  | [robot-6] [INFO] [1698537356.483679237] [robot]: not ready
trials-all-1  | [robot-6] [INFO] [1698537356.489430419] [robot]: Action result: True
trials-all-1  | [nurse-4] [INFO] [1698537356.495832620] [nurse]: not ready
trials-all-1  | [robot-6] [INFO] [1698537356.500040753] [robot]: Receiving sync message. a_pick_up_sample,arm1,robot1
trials-all-1  | [nurse-4] [INFO] [1698537356.501586802] [nurse]: Action result: False
trials-all-1  | [robot-6] [INFO] [1698537356.504675899] [robot]: not ready
trials-all-1  | [coordinator-2] [INFO] [1698537356.513081164] [coordinator]: Receiving sync message: action_complete,a_authenticate_nurse
trials-all-1  | [arm-1] [INFO] [1698537356.513199168] [arm]: not ready
trials-all-1  | [arm-1] [INFO] [1698537356.517123291] [arm]: Action result: False
trials-all-1  | [coordinator-2] [INFO] [1698537356.518525335] [coordinator]: action_complete
trials-all-1  | [arm-1] [INFO] [1698537356.521088416] [arm]: Action: a_pick_up_sample
trials-all-1  | [arm-1] [INFO] [1698537356.524993539] [arm]: Doing a_pick_up_sample
trials-all-1  | [robot-6] [INFO] [1698537356.531702751] [robot]: Receiving sync message. a_pick_up_sample,arm1,robot1
trials-all-1  | [nurse-4] [INFO] [1698537356.534872851] [nurse]: Action: a_deposit
trials-all-1  | [robot-6] [INFO] [1698537356.536319896] [robot]: not ready
trials-all-1  | [arm-1] [INFO] [1698537356.545742193] [arm]: not ready
trials-all-1  | [coordinator-2] [INFO] [1698537356.545795195] [coordinator]: plans_actions_current 3 of 11
trials-all-1  | [arm-1] [INFO] [1698537356.549610315] [arm]: Action result: False
trials-all-1  | [nurse-4] [INFO] [1698537356.563254745] [nurse]: Doing a_deposit
trials-all-1  | [arm-1] [INFO] [1698537356.569740949] [arm]: Action: a_pick_up_sample
trials-all-1  | [arm-1] [INFO] [1698537356.573714075] [arm]: Doing a_pick_up_sample
trials-all-1  | [robot-6] [INFO] [1698537356.571956019] [robot]: Action: a_open_drawer
trials-all-1  | [robot-6] [INFO] [1698537356.576116150] [robot]: Doing a_open_drawer
trials-all-1  | [robot-6] [INFO] [1698537356.585921459] [robot]: Receiving sync message. a_deposit,nurse1,robot1
trials-all-1  | [robot-6] [INFO] [1698537356.593285691] [robot]: success
trials-all-1  | [robot-6] [INFO] [1698537356.597349819] [robot]: Action result: True
trials-all-1  | [robot-6] [INFO] [1698537356.600905931] [robot]: not ready
trials-all-1  | [robot-6] [INFO] [1698537356.607498139] [robot]: Receiving sync message. a_pick_up_sample,arm1,robot1
trials-all-1  | [robot-6] [INFO] [1698537356.611826276] [robot]: not ready
trials-all-1  | [nurse-4] [INFO] [1698537356.617787463] [nurse]: not ready
trials-all-1  | [arm-1] [INFO] [1698537356.620830559] [arm]: not ready
trials-all-1  | [arm-1] [INFO] [1698537356.624320669] [arm]: Action result: False
trials-all-1  | [arm-1] [INFO] [1698537356.627770778] [arm]: Action: a_pick_up_sample
trials-all-1  | [coordinator-2] [INFO] [1698537356.632183917] [coordinator]: Receiving sync message: action_complete,a_open_drawer
trials-all-1  | [arm-1] [INFO] [1698537356.633729966] [arm]: Doing a_pick_up_sample
trials-all-1  | [robot-6] [INFO] [1698537356.640296173] [robot]: Receiving sync message. a_pick_up_sample,arm1,robot1
trials-all-1  | [nurse-4] [INFO] [1698537356.644539306] [nurse]: Action result: False
trials-all-1  | [robot-6] [INFO] [1698537356.644672311] [robot]: not ready
trials-all-1  | [nurse-4] [INFO] [1698537356.653053575] [nurse]: Action: a_deposit
trials-all-1  | [arm-1] [INFO] [1698537356.653497589] [arm]: not ready
trials-all-1  | [arm-1] [INFO] [1698537356.657152704] [arm]: Action result: False
trials-all-1  | [nurse-4] [INFO] [1698537356.657657720] [nurse]: Doing a_deposit
trials-all-1  | [coordinator-2] [INFO] [1698537356.660716816] [coordinator]: action_complete
trials-all-1  | [arm-1] [INFO] [1698537356.663982919] [arm]: Action: a_pick_up_sample
trials-all-1  | [coordinator-2] [INFO] [1698537356.665268960] [coordinator]: plans_actions_current 4 of 11
trials-all-1  | [robot-6] [INFO] [1698537356.671716163] [robot]: Receiving sync message. a_deposit,nurse1,robot1
trials-all-1  | [robot-6] [INFO] [1698537356.676225305] [robot]: not ready
trials-all-1  | [arm-1] [INFO] [1698537356.679106396] [arm]: Doing a_pick_up_sample
trials-all-1  | [nurse-4] [INFO] [1698537356.688425689] [nurse]: not ready
trials-all-1  | [robot-6] [INFO] [1698537356.691429784] [robot]: Action: a_deposit
trials-all-1  | [nurse-4] [INFO] [1698537356.693280842] [nurse]: Action result: False
trials-all-1  | [robot-6] [INFO] [1698537356.696529945] [robot]: Doing a_deposit
trials-all-1  | [robot-6] [INFO] [1698537356.701041087] [robot]: wating for nurse1 to deposit in robot1
trials-all-1  | [robot-6] [INFO] [1698537356.705282221] [robot]: Action result: False
trials-all-1  | [nurse-4] [INFO] [1698537356.712531449] [nurse]: Action: a_deposit
trials-all-1  | [robot-6] [INFO] [1698537356.713401477] [robot]: Receiving sync message. a_pick_up_sample,arm1,robot1
trials-all-1  | [robot-6] [INFO] [1698537356.717536607] [robot]: not ready
trials-all-1  | [nurse-4] [INFO] [1698537356.723337790] [nurse]: Doing a_deposit
trials-all-1  | [arm-1] [INFO] [1698537356.725572860] [arm]: not ready
trials-all-1  | [arm-1] [INFO] [1698537356.731875059] [arm]: Action result: False
trials-all-1  | [robot-6] [INFO] [1698537356.736334199] [robot]: Action: a_deposit
trials-all-1  | [robot-6] [INFO] [1698537356.740552332] [robot]: Doing a_deposit
trials-all-1  | [arm-1] [INFO] [1698537356.743811435] [arm]: Action: a_pick_up_sample
trials-all-1  | [robot-6] [INFO] [1698537356.753560742] [robot]: Receiving sync message. a_deposit,nurse1,robot1
trials-all-1  | [robot-6] [INFO] [1698537356.758193888] [robot]: Deposit
trials-all-1  | [arm-1] [INFO] [1698537356.758870909] [arm]: Doing a_pick_up_sample
trials-all-1  | [robot-6] [INFO] [1698537356.768368209] [robot]: wating for nurse1 to deposit in robot1
trials-all-1  | [robot-6] [INFO] [1698537356.773675376] [robot]: Action result: False
trials-all-1  | [nurse-4] [INFO] [1698537356.776663470] [nurse]: success
trials-all-1  | [robot-6] [INFO] [1698537356.777793506] [robot]: Action: a_deposit
trials-all-1  | [robot-6] [INFO] [1698537356.781972637] [robot]: Doing a_deposit
trials-all-1  | [nurse-4] [INFO] [1698537356.788624847] [nurse]: Action result: True
trials-all-1  | [robot-6] [INFO] [1698537356.789414872] [robot]: Receiving sync message. a_pick_up_sample,arm1,robot1
trials-all-1  | [robot-6] [INFO] [1698537356.793543002] [robot]: not ready
trials-all-1  | [arm-1] [INFO] [1698537356.801705259] [arm]: not ready
trials-all-1  | [arm-1] [INFO] [1698537356.806083397] [arm]: Action result: False
trials-all-1  | [robot-6] [INFO] [1698537356.810537538] [robot]: Action result: True
trials-all-1  | [arm-1] [INFO] [1698537356.814459661] [arm]: Action: a_pick_up_sample
trials-all-1  | [arm-1] [INFO] [1698537356.822128903] [arm]: Doing a_pick_up_sample
trials-all-1  | [robot-6] [INFO] [1698537356.828255096] [robot]: Receiving sync message. a_pick_up_sample,arm1,robot1
trials-all-1  | [robot-6] [INFO] [1698537356.832099217] [robot]: not ready
trials-all-1  | [coordinator-2] [INFO] [1698537356.835323319] [coordinator]: Receiving sync message: action_complete,a_deposit
trials-all-1  | [coordinator-2] [INFO] [1698537356.839708457] [coordinator]: action_complete
trials-all-1  | [arm-1] [INFO] [1698537356.840462481] [arm]: not ready
trials-all-1  | [arm-1] [INFO] [1698537356.844629612] [arm]: Action result: False
trials-all-1  | [arm-1] [INFO] [1698537356.851233820] [arm]: Action: a_pick_up_sample
trials-all-1  | [arm-1] [INFO] [1698537356.855401951] [arm]: Doing a_pick_up_sample
trials-all-1  | [robot-6] [INFO] [1698537356.862190165] [robot]: Receiving sync message. a_pick_up_sample,arm1,robot1
trials-all-1  | [robot-6] [INFO] [1698537356.866242293] [robot]: not ready
trials-all-1  | [arm-1] [INFO] [1698537356.875240576] [arm]: not ready
trials-all-1  | [arm-1] [INFO] [1698537356.878726686] [arm]: Action result: False
trials-all-1  | [arm-1] [INFO] [1698537356.885176890] [arm]: Action: a_pick_up_sample
trials-all-1  | [arm-1] [INFO] [1698537356.888984010] [arm]: Doing a_pick_up_sample
trials-all-1  | [coordinator-2] [INFO] [1698537356.894811193] [coordinator]: plans_actions_current 5 of 11
trials-all-1  | [robot-6] [INFO] [1698537356.895046201] [robot]: Receiving sync message. a_pick_up_sample,arm1,robot1
trials-all-1  | [robot-6] [INFO] [1698537356.900066359] [robot]: not ready
trials-all-1  | [arm-1] [INFO] [1698537356.912073737] [arm]: not ready
trials-all-1  | [robot-6] [INFO] [1698537356.920538004] [robot]: Action: a_close_drawer
trials-all-1  | [robot-6] [INFO] [1698537356.924408126] [robot]: Doing a_close_drawer
trials-all-1  | [robot-6] [INFO] [1698537356.928808265] [robot]: success
trials-all-1  | [robot-6] [INFO] [1698537356.933360408] [robot]: Action result: True
trials-all-1  | [arm-1] [INFO] [1698537356.935208466] [arm]: Action result: False
trials-all-1  | [arm-1] [INFO] [1698537356.939433599] [arm]: Action: a_pick_up_sample
trials-all-1  | [arm-1] [INFO] [1698537356.944468758] [arm]: Doing a_pick_up_sample
trials-all-1  | [robot-6] [INFO] [1698537356.953260035] [robot]: Receiving sync message. a_pick_up_sample,arm1,robot1
trials-all-1  | [robot-6] [INFO] [1698537356.957453167] [robot]: not ready
trials-all-1  | [coordinator-2] [INFO] [1698537356.958625204] [coordinator]: Receiving sync message: action_complete,a_close_drawer
trials-all-1  | [arm-1] [INFO] [1698537356.965636425] [arm]: not ready
trials-all-1  | [coordinator-2] [INFO] [1698537356.966214443] [coordinator]: action_complete
trials-all-1  | [arm-1] [INFO] [1698537356.969475546] [arm]: Action result: False
trials-all-1  | [arm-1] [INFO] [1698537356.975974751] [arm]: Action: a_pick_up_sample
trials-all-1  | [arm-1] [INFO] [1698537356.980338888] [arm]: Doing a_pick_up_sample
trials-all-1  | [robot-6] [INFO] [1698537356.986528083] [robot]: Receiving sync message. a_pick_up_sample,arm1,robot1
trials-all-1  | [coordinator-2] [INFO] [1698537356.985288044] [coordinator]: plans_actions_current 6 of 11
trials-all-1  | [robot-6] [INFO] [1698537356.991488240] [robot]: not ready
trials-all-1  | [arm-1] [INFO] [1698537357.002819597] [arm]: not ready
trials-all-1  | [arm-1] [INFO] [1698537357.006612716] [arm]: Action result: False
trials-all-1  | [robot-6] [INFO] [1698537357.012094889] [robot]: Action: a_navto
trials-all-1  | [robot-6] [INFO] [1698537357.015665001] [robot]: Doing a_navto
trials-all-1  | [arm-1] [INFO] [1698537357.022213207] [arm]: Action: a_pick_up_sample
trials-all-1  | [arm-1] [INFO] [1698537357.026896354] [arm]: Doing a_pick_up_sample
trials-all-1  | [environment-3] [INFO] [1698537357.032730537] [environment]: Receiving message: a_navto,robot1,Room3
trials-all-1  | [robot-6] [INFO] [1698537357.033243553] [robot]: Receiving sync message. a_pick_up_sample,arm1,robot1
trials-all-1  | [robot-6] [INFO] [1698537357.037315681] [robot]: not ready
trials-all-1  | [arm-1] [INFO] [1698537357.048274026] [arm]: not ready
trials-all-1  | [environment-3] [INFO] [1698537357.048528034] [environment]: Action: a_navto
trials-all-1  | [arm-1] [INFO] [1698537357.052266151] [arm]: Action result: False
trials-all-1  | [environment-3] [INFO] [1698537357.052884171] [environment]: Responding
trials-all-1  | [arm-1] [INFO] [1698537357.059938392] [arm]: Action: a_pick_up_sample
trials-all-1  | [arm-1] [INFO] [1698537357.063917517] [arm]: Doing a_pick_up_sample
trials-all-1  | [robot-6] [INFO] [1698537357.062939487] [robot]: success
trials-all-1  | [robot-6] [INFO] [1698537357.067186620] [robot]: Action result: True
trials-all-1  | [coordinator-2] [INFO] [1698537357.082835112] [coordinator]: Receiving sync message: action_complete,a_navto
trials-all-1  | [coordinator-2] [INFO] [1698537357.086765236] [coordinator]: action_complete
trials-all-1  | [robot-6] [INFO] [1698537357.083649138] [robot]: Receiving sync message. a_pick_up_sample,arm1,robot1
trials-all-1  | [robot-6] [INFO] [1698537357.087669264] [robot]: not ready
trials-all-1  | [coordinator-2] [INFO] [1698537357.102516731] [coordinator]: plans_actions_current 7 of 11
trials-all-1  | [arm-1] [INFO] [1698537357.102992746] [arm]: not ready
trials-all-1  | [robot-6] [INFO] [1698537357.112891057] [robot]: Action: a_approach_arm
trials-all-1  | [robot-6] [INFO] [1698537357.116751178] [robot]: Doing a_approach_arm
trials-all-1  | [arm-1] [INFO] [1698537357.120374292] [arm]: Action result: False
trials-all-1  | [arm-1] [INFO] [1698537357.126942498] [arm]: Action: a_pick_up_sample
trials-all-1  | [environment-3] [INFO] [1698537357.130831621] [environment]: Receiving message: a_approach_arm,robot1,arm1
trials-all-1  | [arm-1] [INFO] [1698537357.142269980] [arm]: Doing a_pick_up_sample
trials-all-1  | [environment-3] [INFO] [1698537357.146799123] [environment]: Action: a_approach_arm
trials-all-1  | [environment-3] [INFO] [1698537357.150781248] [environment]: Responding
trials-all-1  | [robot-6] [INFO] [1698537357.149279201] [robot]: Receiving sync message. a_pick_up_sample,arm1,robot1
trials-all-1  | [robot-6] [INFO] [1698537357.154183355] [robot]: not ready
trials-all-1  | [arm-1] [INFO] [1698537357.173807972] [arm]: not ready
trials-all-1  | [robot-6] [INFO] [1698537357.174014978] [robot]: success
trials-all-1  | [robot-6] [INFO] [1698537357.178230111] [robot]: Action result: True
trials-all-1  | [arm-1] [INFO] [1698537357.187757410] [arm]: Action result: False
trials-all-1  | [coordinator-2] [INFO] [1698537357.191191518] [coordinator]: Receiving sync message: action_complete,a_approach_arm
trials-all-1  | [coordinator-2] [INFO] [1698537357.195807663] [coordinator]: action_complete
trials-all-1  | [arm-1] [INFO] [1698537357.200470810] [arm]: Action: a_pick_up_sample
trials-all-1  | [arm-1] [INFO] [1698537357.208980077] [arm]: Doing a_pick_up_sample
trials-all-1  | [coordinator-2] [INFO] [1698537357.210325119] [coordinator]: plans_actions_current 8 of 11
trials-all-1  | [robot-6] [INFO] [1698537357.218683382] [robot]: Action: a_open_drawer
trials-all-1  | [robot-6] [INFO] [1698537357.222371498] [robot]: Doing a_open_drawer
trials-all-1  | [robot-6] [INFO] [1698537357.232953831] [robot]: Receiving sync message. a_pick_up_sample,arm1,robot1
trials-all-1  | [robot-6] [INFO] [1698537357.243582165] [robot]: success
trials-all-1  | [robot-6] [INFO] [1698537357.253133465] [robot]: not ready
trials-all-1  | [robot-6] [INFO] [1698537357.255865551] [robot]: Action result: True
trials-all-1  | [arm-1] [INFO] [1698537357.263051777] [arm]: not ready
trials-all-1  | [arm-1] [INFO] [1698537357.282772397] [arm]: Action result: False
trials-all-1  | [coordinator-2] [INFO] [1698537357.285894495] [coordinator]: Receiving sync message: action_complete,a_open_drawer
trials-all-1  | [coordinator-2] [INFO] [1698537357.298542892] [coordinator]: action_complete
trials-all-1  | [arm-1] [INFO] [1698537357.303695054] [arm]: Action: a_pick_up_sample
trials-all-1  | [arm-1] [INFO] [1698537357.307622178] [arm]: Doing a_pick_up_sample
trials-all-1  | [coordinator-2] [INFO] [1698537357.326451769] [coordinator]: plans_actions_current 9 of 11
trials-all-1  | [robot-6] [INFO] [1698537357.337396113] [robot]: Action: a_pick_up_sample
trials-all-1  | [robot-6] [INFO] [1698537357.346805409] [robot]: Doing a_pick_up_sample
trials-all-1  | [robot-6] [INFO] [1698537357.350813535] [robot]: wating for arm1 to pick up from robot1
trials-all-1  | [robot-6] [INFO] [1698537357.354289644] [robot]: Action result: False
trials-all-1  | [robot-6] [INFO] [1698537357.368551093] [robot]: Action: a_pick_up_sample
trials-all-1  | [robot-6] [INFO] [1698537357.377214365] [robot]: Doing a_pick_up_sample
trials-all-1  | [robot-6] [INFO] [1698537357.386657662] [robot]: wating for arm1 to pick up from robot1
trials-all-1  | [robot-6] [INFO] [1698537357.396051957] [robot]: Action result: False
trials-all-1  | [robot-6] [INFO] [1698537357.404336218] [robot]: Action: a_pick_up_sample
trials-all-1  | [robot-6] [INFO] [1698537357.412904487] [robot]: Doing a_pick_up_sample
trials-all-1  | [robot-6] [INFO] [1698537357.421108745] [robot]: wating for arm1 to pick up from robot1
trials-all-1  | [robot-6] [INFO] [1698537357.429442007] [robot]: Action result: False
trials-all-1  | [robot-6] [INFO] [1698537357.437848271] [robot]: Action: a_pick_up_sample
trials-all-1  | [robot-6] [INFO] [1698537357.446050529] [robot]: Doing a_pick_up_sample
trials-all-1  | [robot-6] [INFO] [1698537357.454004779] [robot]: wating for arm1 to pick up from robot1
trials-all-1  | [robot-6] [INFO] [1698537357.462299039] [robot]: Action result: False
trials-all-1  | [robot-6] [INFO] [1698537357.470669303] [robot]: Action: a_pick_up_sample
trials-all-1  | [robot-6] [INFO] [1698537357.478691555] [robot]: Doing a_pick_up_sample
trials-all-1  | [robot-6] [INFO] [1698537357.487372828] [robot]: wating for arm1 to pick up from robot1
trials-all-1  | [robot-6] [INFO] [1698537357.496634119] [robot]: Action result: False
trials-all-1  | [robot-6] [INFO] [1698537357.505194388] [robot]: Action: a_pick_up_sample
trials-all-1  | [robot-6] [INFO] [1698537357.512834628] [robot]: Doing a_pick_up_sample
trials-all-1  | [robot-6] [INFO] [1698537357.520940883] [robot]: wating for arm1 to pick up from robot1
trials-all-1  | [robot-6] [INFO] [1698537357.528868132] [robot]: Action result: False
trials-all-1  | [robot-6] [INFO] [1698537357.536861383] [robot]: Action: a_pick_up_sample
trials-all-1  | [robot-6] [INFO] [1698537357.544532624] [robot]: Doing a_pick_up_sample
trials-all-1  | [robot-6] [INFO] [1698537357.552451873] [robot]: wating for arm1 to pick up from robot1
trials-all-1  | [robot-6] [INFO] [1698537357.559859106] [robot]: Action result: False
trials-all-1  | [robot-6] [INFO] [1698537357.567303340] [robot]: Action: a_pick_up_sample
trials-all-1  | [robot-6] [INFO] [1698537357.574906579] [robot]: Doing a_pick_up_sample
trials-all-1  | [robot-6] [INFO] [1698537357.582319812] [robot]: wating for arm1 to pick up from robot1
trials-all-1  | [robot-6] [INFO] [1698537357.589752046] [robot]: Action result: False
trials-all-1  | [robot-6] [INFO] [1698537357.597108277] [robot]: Action: a_pick_up_sample
trials-all-1  | [robot-6] [INFO] [1698537357.604854520] [robot]: Doing a_pick_up_sample
trials-all-1  | [robot-6] [INFO] [1698537357.612874772] [robot]: wating for arm1 to pick up from robot1
trials-all-1  | [robot-6] [INFO] [1698537357.620511012] [robot]: Action result: False
trials-all-1  | [robot-6] [INFO] [1698537357.627729239] [robot]: Action: a_pick_up_sample
trials-all-1  | [robot-6] [INFO] [1698537357.635836494] [robot]: Doing a_pick_up_sample
trials-all-1  | [robot-6] [INFO] [1698537357.646871841] [robot]: Receiving sync message. a_pick_up_sample,arm1,robot1
trials-all-1  | [robot-6] [INFO] [1698537357.657167165] [robot]: Pick up
trials-all-1  | [robot-6] [INFO] [1698537357.668016506] [robot]: wating for arm1 to pick up from robot1
trials-all-1  | [arm-1] [INFO] [1698537357.670988599] [arm]: success
trials-all-1  | [arm-1] [INFO] [1698537357.677780813] [arm]: Action result: True
trials-all-1  | [robot-6] [INFO] [1698537357.686143075] [robot]: Action result: False
trials-all-1  | [robot-6] [INFO] [1698537357.690590215] [robot]: Action: a_pick_up_sample
trials-all-1  | [robot-6] [INFO] [1698537357.694226329] [robot]: Doing a_pick_up_sample
trials-all-1  | [robot-6] [INFO] [1698537357.709231801] [robot]: Action result: True
trials-all-1  | [coordinator-2] [INFO] [1698537357.724614285] [coordinator]: Receiving sync message: action_complete,a_pick_up_sample
trials-all-1  | [coordinator-2] [INFO] [1698537357.731569503] [coordinator]: action_complete
trials-all-1  | [coordinator-2] [INFO] [1698537357.783213126] [coordinator]: plans_actions_current 10 of 11
trials-all-1  | [robot-6] [INFO] [1698537357.793777459] [robot]: Action: a_close_drawer
trials-all-1  | [robot-6] [INFO] [1698537357.797543577] [robot]: Doing a_close_drawer
trials-all-1  | [robot-6] [INFO] [1698537357.816432171] [robot]: success
trials-all-1  | [robot-6] [INFO] [1698537357.823725400] [robot]: Action result: True
trials-all-1  | [coordinator-2] [INFO] [1698537357.839505896] [coordinator]: Receiving sync message: action_complete,a_close_drawer
trials-all-1  | [coordinator-2] [INFO] [1698537357.845909097] [coordinator]: action_complete
trials-all-1  | [coordinator-2] [INFO] [1698537357.869277832] [coordinator]: plans_actions_current 11 of 11
trials-all-1  | [coordinator-2] [INFO] [1698537357.875145016] [coordinator]: The time of execution of above program is:2.345064640045166
trials-all-1  | [coordinator-2] [INFO] [1698537357.881213207] [coordinator]: Achieved
trials-all-1  | [coordinator-2] [INFO] [1698537357.903281901] [coordinator]: ENDSIM
trials-all-1 exited with code 0
