 Network trials_ros  Creating
 Network trials_ros  Created
 Container trials-all-1  Creating
 Container trials-all-1  Created
Attaching to trials-all-1
trials-all-1  | [INFO] [launch]: All log files can be found below /root/.ros/log/2023-10-28-21-09-43-119909-07f72ace1259-1
trials-all-1  | [INFO] [launch]: Default logging verbosity is set to INFO
trials-all-1  | [INFO] [arm-1]: process started with pid [51]
trials-all-1  | [INFO] [coordinator-2]: process started with pid [53]
trials-all-1  | [INFO] [environment-3]: process started with pid [55]
trials-all-1  | [INFO] [nurse-4]: process started with pid [57]
trials-all-1  | [INFO] [planner-5]: process started with pid [59]
trials-all-1  | [INFO] [robot-6]: process started with pid [61]
trials-all-1  | [coordinator-2] [INFO] [1698527386.993356316] [coordinator]: Starting Coordinator server
trials-all-1  | [coordinator-2] [INFO] [1698527387.057568038] [coordinator]: Coordinator server started
trials-all-1  | [coordinator-2] [INFO] [1698527387.062710015] [coordinator]: Starting Coordinator clients
trials-all-1  | [arm-1] [INFO] [1698527387.139224681] [arm]: Starting Arm server
trials-all-1  | [arm-1] [INFO] [1698527387.164678570] [arm]: Arm server started
trials-all-1  | [arm-1] [INFO] [1698527387.171497540] [arm]: Starting Nurse clients
trials-all-1  | [robot-6] [INFO] [1698527387.194461440] [robot]: Starting Robot server
trials-all-1  | [nurse-4] [INFO] [1698527387.216134346] [nurse]: Starting Nurse server
trials-all-1  | [nurse-4] [INFO] [1698527387.247288210] [nurse]: Nurse server started
trials-all-1  | [robot-6] [INFO] [1698527387.256724168] [robot]: Robot server started
trials-all-1  | [nurse-4] [INFO] [1698527387.259008158] [nurse]: Starting Nurse clients
trials-all-1  | [robot-6] [INFO] [1698527387.260590152] [robot]: Starting Robots clients
trials-all-1  | [environment-3] [INFO] [1698527387.300270978] [environment]: Starting Environment server
trials-all-1  | [environment-3] [INFO] [1698527387.340168804] [environment]: Environment server started
trials-all-1  | [robot-6] [INFO] [1698527387.346041779] [robot]: Robots clients started
trials-all-1  | [arm-1] [INFO] [1698527387.464730260] [arm]: Nurse clients started
trials-all-1  | [nurse-4] [INFO] [1698527387.602717658] [nurse]: Nurse clients started
trials-all-1  | [nurse-4] [INFO] [1698527387.640869492] [nurse]: Sent request
trials-all-1  | [coordinator-2] [INFO] [1698527388.089850517] [coordinator]: planner sync service not available, waiting again...
trials-all-1  | [coordinator-2] [INFO] [1698527389.104703881] [coordinator]: planner sync service not available, waiting again...
trials-all-1  | [coordinator-2] [INFO] [1698527390.118129064] [coordinator]: planner sync service not available, waiting again...
trials-all-1  | [coordinator-2] [INFO] [1698527391.129635067] [coordinator]: planner sync service not available, waiting again...
trials-all-1  | [coordinator-2] [INFO] [1698527392.140290887] [coordinator]: planner sync service not available, waiting again...
trials-all-1  | [coordinator-2] [INFO] [1698527393.152126514] [coordinator]: planner sync service not available, waiting again...
trials-all-1  | [planner-5] Matplotlib is building the font cache; this may take a moment.
trials-all-1  | [coordinator-2] [INFO] [1698527394.165703945] [coordinator]: planner sync service not available, waiting again...
trials-all-1  | [coordinator-2] [INFO] [1698527395.178030195] [coordinator]: planner sync service not available, waiting again...
trials-all-1  | [coordinator-2] [INFO] [1698527396.190421258] [coordinator]: planner sync service not available, waiting again...
trials-all-1  | [planner-5] [INFO] [1698527396.904423966] [planner]: Starting Planner server
trials-all-1  | [planner-5] [INFO] [1698527396.922807855] [planner]: Planner server started
trials-all-1  | [coordinator-2] [INFO] [1698527397.202137141] [coordinator]: planner sync service not available, waiting again...
trials-all-1  | [coordinator-2] [INFO] [1698527398.212401846] [coordinator]: planner sync service not available, waiting again...
trials-all-1  | [coordinator-2] [INFO] [1698527399.073198347] [coordinator]: Coordinator clients started
trials-all-1  | [coordinator-2] [INFO] [1698527399.272773039] [coordinator]: Receiving message of nurse1 in room3.
trials-all-1  | [coordinator-2] [INFO] [1698527399.278151003] [coordinator]: Sending response
trials-all-1  | [coordinator-2] [INFO] [1698527399.308954802] [coordinator]: Planing
trials-all-1  | [nurse-4] [INFO] [1698527399.321141722] [nurse]: Request response:Okay!
trials-all-1  | [coordinator-2] [INFO] [1698527399.331713652] [coordinator]: Creating plan for: robot1, nurse1, arm1 
trials-all-1  | [planner-5] [INFO] [1698527399.346051558] [planner]: Receiving sync message. need_plan,robot1,nurse1,arm1
trials-all-1  | [planner-5] [INFO] [1698527399.353402510] [planner]: Creating plan for: robot1 robot1 nurse1
trials-all-1  | [planner-5] [INFO] [1698527399.398043218] [planner]: a_navto,robot1,Room1
trials-all-1  | [planner-5] [INFO] [1698527399.408880147] [planner]: a_approach_nurse,robot1
trials-all-1  | [planner-5] [INFO] [1698527399.418387084] [planner]: a_authenticate_nurse,robot1,nurse1
trials-all-1  | [planner-5] [INFO] [1698527399.441501933] [planner]: a_open_drawer,robot1
trials-all-1  | [planner-5] [INFO] [1698527399.450668873] [planner]: a_deposit,nurse1,robot1
trials-all-1  | [planner-5] [INFO] [1698527399.468086758] [planner]: a_close_drawer,robot1
trials-all-1  | [planner-5] [INFO] [1698527399.477693695] [planner]: a_navto,robot1,Room3
trials-all-1  | [planner-5] [INFO] [1698527399.487671630] [planner]: a_approach_arm,robot1,arm1
trials-all-1  | [planner-5] [INFO] [1698527399.508984490] [planner]: a_open_drawer,robot1
trials-all-1  | [planner-5] [INFO] [1698527399.516996438] [planner]: a_pick_up_sample,arm1,robot1
trials-all-1  | [planner-5] [INFO] [1698527399.536377311] [planner]: a_close_drawer,robot1
trials-all-1  | [planner-5] [INFO] [1698527399.545350252] [planner]: Sending response
trials-all-1  | [coordinator-2] [INFO] [1698527399.558985163] [coordinator]: Plan received for: robot1, nurse1, arm1 
trials-all-1  | [coordinator-2] [INFO] [1698527399.564643126] [coordinator]: a_navto,robot1,Room1/a_approach_nurse,robot1/a_authenticate_nurse,robot1,nurse1/a_open_drawer,robot1/a_deposit,nurse1,robot1/a_close_drawer,robot1/a_navto,robot1,Room3/a_approach_arm,robot1,arm1/a_open_drawer,robot1/a_pick_up_sample,arm1,robot1/a_close_drawer,robot1
trials-all-1  | [coordinator-2] [INFO] [1698527399.582884006] [coordinator]: a_navto,robot1,Room1
trials-all-1  | [coordinator-2] [INFO] [1698527399.594448930] [coordinator]: a_approach_nurse,robot1
trials-all-1  | [coordinator-2] [INFO] [1698527399.609845829] [coordinator]: a_authenticate_nurse,robot1,nurse1
trials-all-1  | [coordinator-2] [INFO] [1698527399.624968730] [coordinator]: a_open_drawer,robot1
trials-all-1  | [coordinator-2] [INFO] [1698527399.630527694] [coordinator]: a_deposit,nurse1,robot1
trials-all-1  | [coordinator-2] [INFO] [1698527399.635379662] [coordinator]: a_close_drawer,robot1
trials-all-1  | [coordinator-2] [INFO] [1698527399.651577556] [coordinator]: a_navto,robot1,Room3
trials-all-1  | [coordinator-2] [INFO] [1698527399.656461524] [coordinator]: a_approach_arm,robot1,arm1
trials-all-1  | [coordinator-2] [INFO] [1698527399.673631411] [coordinator]: a_open_drawer,robot1
trials-all-1  | [coordinator-2] [INFO] [1698527399.678062382] [coordinator]: a_pick_up_sample,arm1,robot1
trials-all-1  | [coordinator-2] [INFO] [1698527399.683091349] [coordinator]: a_close_drawer,robot1
trials-all-1  | [coordinator-2] [INFO] [1698527399.701057231] [coordinator]: Sending plans
trials-all-1  | [coordinator-2] [INFO] [1698527399.713580149] [coordinator]: Plans sent
trials-all-1  | [nurse-4] [INFO] [1698527399.721726096] [nurse]: Receiving message.
trials-all-1  | [nurse-4] [INFO] [1698527399.727245060] [nurse]: Nurse's actions:
trials-all-1  | [robot-6] [INFO] [1698527399.728669050] [robot]: Receiving message.
trials-all-1  | [arm-1] [INFO] [1698527399.731396033] [arm]: Receiving message.
trials-all-1  | [nurse-4] [INFO] [1698527399.734608012] [nurse]: Action: a_authenticate_nurse
trials-all-1  | [robot-6] [INFO] [1698527399.736812997] [robot]: Robot's actions:
trials-all-1  | [nurse-4] [INFO] [1698527399.738919983] [nurse]: Doing a_authenticate_nurse
trials-all-1  | [nurse-4] [INFO] [1698527399.741930964] [nurse]: a_authenticate_nurse
trials-all-1  | [robot-6] [INFO] [1698527399.744239948] [robot]: Action: a_navto
trials-all-1  | [robot-6] [INFO] [1698527399.748338922] [robot]: Doing a_navto
trials-all-1  | [environment-3] [INFO] [1698527399.745785938] [environment]: Receiving message: monitor
trials-all-1  | [environment-3] [INFO] [1698527399.750036910] [environment]: Action: monitor
trials-all-1  | [robot-6] [INFO] [1698527399.752786892] [robot]: a_navto
trials-all-1  | [robot-6] [INFO] [1698527399.757343862] [robot]: a_authenticate_nurse
trials-all-1  | [arm-1] [INFO] [1698527399.755702873] [arm]: Arm's actions:
trials-all-1  | [arm-1] [INFO] [1698527399.760190844] [arm]: a_approach_arm
trials-all-1  | [robot-6] [INFO] [1698527399.763119825] [robot]: a_open_drawer
trials-all-1  | [robot-6] [INFO] [1698527399.773181759] [robot]: a_deposit
trials-all-1  | [robot-6] [INFO] [1698527399.782400698] [robot]: a_close_drawer
trials-all-1  | [arm-1] [INFO] [1698527399.784500684] [arm]: Action: a_approach_arm
trials-all-1  | [arm-1] [INFO] [1698527399.787125667] [arm]: a_pick_up_sample
trials-all-1  | [robot-6] [INFO] [1698527399.792767630] [robot]: a_navto
trials-all-1  | [robot-6] [INFO] [1698527399.797298601] [robot]: a_approach_arm
trials-all-1  | [environment-3] [INFO] [1698527399.796434606] [environment]: Receiving message: a_navto,robot1,Room1
trials-all-1  | [arm-1] [INFO] [1698527399.800036583] [arm]: Doing a_approach_arm
trials-all-1  | [robot-6] [INFO] [1698527399.806703539] [robot]: a_open_drawer
trials-all-1  | [robot-6] [INFO] [1698527399.820043452] [robot]: a_pick_up_sample
trials-all-1  | [robot-6] [INFO] [1698527399.826966406] [robot]: a_close_drawer
trials-all-1  | [environment-3] [INFO] [1698527399.835381351] [environment]: Action: a_navto
trials-all-1  | [robot-6] [INFO] [1698527399.836912341] [robot]: Receiving sync message. a_authenticate_nurse,robot1,nurse1
trials-all-1  | [robot-6] [INFO] [1698527399.841365312] [robot]: not ready
trials-all-1  | [nurse-4] [INFO] [1698527399.853839230] [nurse]: not ready
trials-all-1  | [nurse-4] [INFO] [1698527399.858546199] [nurse]: Action result: False
trials-all-1  | [nurse-4] [INFO] [1698527399.862938170] [nurse]: Action: a_authenticate_nurse
trials-all-1  | [nurse-4] [INFO] [1698527399.866709146] [nurse]: Doing a_authenticate_nurse
trials-all-1  | [robot-6] [INFO] [1698527399.874420095] [robot]: Receiving sync message. a_authenticate_nurse,robot1,nurse1
trials-all-1  | [robot-6] [INFO] [1698527399.880650054] [robot]: not ready
trials-all-1  | [nurse-4] [INFO] [1698527399.889765995] [nurse]: not ready
trials-all-1  | [nurse-4] [INFO] [1698527399.894573963] [nurse]: Action result: False
trials-all-1  | [nurse-4] [INFO] [1698527399.898658936] [nurse]: Action: a_authenticate_nurse
trials-all-1  | [nurse-4] [INFO] [1698527399.903805902] [nurse]: Doing a_authenticate_nurse
trials-all-1  | [robot-6] [INFO] [1698527399.912028849] [robot]: Receiving sync message. a_authenticate_nurse,robot1,nurse1
trials-all-1  | [robot-6] [INFO] [1698527399.918105809] [robot]: not ready
trials-all-1  | [nurse-4] [INFO] [1698527399.927308748] [nurse]: not ready
trials-all-1  | [nurse-4] [INFO] [1698527399.932888712] [nurse]: Action result: False
trials-all-1  | [nurse-4] [INFO] [1698527399.938711674] [nurse]: Action: a_authenticate_nurse
trials-all-1  | [nurse-4] [INFO] [1698527399.944593635] [nurse]: Doing a_authenticate_nurse
trials-all-1  | [robot-6] [INFO] [1698527399.952359584] [robot]: Receiving sync message. a_authenticate_nurse,robot1,nurse1
trials-all-1  | [robot-6] [INFO] [1698527399.958482544] [robot]: not ready
trials-all-1  | [nurse-4] [INFO] [1698527399.966819489] [nurse]: not ready
trials-all-1  | [nurse-4] [INFO] [1698527399.971789457] [nurse]: Action result: False
trials-all-1  | [nurse-4] [INFO] [1698527399.976099429] [nurse]: Action: a_authenticate_nurse
trials-all-1  | [nurse-4] [INFO] [1698527399.980685399] [nurse]: Doing a_authenticate_nurse
trials-all-1  | [robot-6] [INFO] [1698527399.987248356] [robot]: Receiving sync message. a_authenticate_nurse,robot1,nurse1
trials-all-1  | [robot-6] [INFO] [1698527399.991407328] [robot]: not ready
trials-all-1  | [nurse-4] [INFO] [1698527399.999873273] [nurse]: not ready
trials-all-1  | [nurse-4] [INFO] [1698527400.003839247] [nurse]: Action result: False
trials-all-1  | [environment-3] [INFO] [1698527400.005229238] [environment]: Responding
trials-all-1  | [nurse-4] [INFO] [1698527400.014329177] [nurse]: Action: a_authenticate_nurse
trials-all-1  | [nurse-4] [INFO] [1698527400.019449142] [nurse]: Doing a_authenticate_nurse
trials-all-1  | [robot-6] [INFO] [1698527400.028881079] [robot]: success
trials-all-1  | [robot-6] [INFO] [1698527400.040662000] [robot]: Receiving sync message. a_authenticate_nurse,robot1,nurse1
trials-all-1  | [robot-6] [INFO] [1698527400.046229962] [robot]: Action result: True
trials-all-1  | [robot-6] [INFO] [1698527400.052163922] [robot]: not ready
trials-all-1  | [coordinator-2] [INFO] [1698527400.053166915] [coordinator]: Receiving sync message: action_complete,a_navto
trials-all-1  | [nurse-4] [INFO] [1698527400.064509839] [nurse]: not ready
trials-all-1  | [coordinator-2] [INFO] [1698527400.072112788] [coordinator]: action_complete
trials-all-1  | [nurse-4] [INFO] [1698527400.077691750] [nurse]: Action result: False
trials-all-1  | [nurse-4] [INFO] [1698527400.084307706] [nurse]: Action: a_authenticate_nurse
trials-all-1  | [coordinator-2] [INFO] [1698527400.088977674] [coordinator]: plans_actions_current 1 of 11
trials-all-1  | [nurse-4] [INFO] [1698527400.094405638] [nurse]: Doing a_authenticate_nurse
trials-all-1  | [robot-6] [INFO] [1698527400.110488529] [robot]: Action: a_approach_nurse
trials-all-1  | [robot-6] [INFO] [1698527400.112198518] [robot]: Receiving sync message. a_authenticate_nurse,robot1,nurse1
trials-all-1  | [robot-6] [INFO] [1698527400.127202417] [robot]: not ready
trials-all-1  | [robot-6] [INFO] [1698527400.135947358] [robot]: Doing a_approach_nurse
trials-all-1  | [nurse-4] [INFO] [1698527400.136820352] [nurse]: not ready
trials-all-1  | [nurse-4] [INFO] [1698527400.142024317] [nurse]: Action result: False
trials-all-1  | [nurse-4] [INFO] [1698527400.146632286] [nurse]: Action: a_authenticate_nurse
trials-all-1  | [nurse-4] [INFO] [1698527400.150768258] [nurse]: Doing a_authenticate_nurse
trials-all-1  | [robot-6] [INFO] [1698527400.159376200] [robot]: Receiving sync message. a_authenticate_nurse,robot1,nurse1
trials-all-1  | [robot-6] [INFO] [1698527400.165996156] [robot]: not ready
trials-all-1  | [nurse-4] [INFO] [1698527400.176724083] [nurse]: not ready
trials-all-1  | [nurse-4] [INFO] [1698527400.182971041] [nurse]: Action result: False
trials-all-1  | [nurse-4] [INFO] [1698527400.189611996] [nurse]: Action: a_authenticate_nurse
trials-all-1  | [nurse-4] [INFO] [1698527400.195534957] [nurse]: Doing a_authenticate_nurse
trials-all-1  | [robot-6] [INFO] [1698527400.204900894] [robot]: Receiving sync message. a_authenticate_nurse,robot1,nurse1
trials-all-1  | [robot-6] [INFO] [1698527400.211570849] [robot]: not ready
trials-all-1  | [nurse-4] [INFO] [1698527400.223627767] [nurse]: not ready
trials-all-1  | [nurse-4] [INFO] [1698527400.229555727] [nurse]: Action result: False
trials-all-1  | [nurse-4] [INFO] [1698527400.235502687] [nurse]: Action: a_authenticate_nurse
trials-all-1  | [nurse-4] [INFO] [1698527400.240914651] [nurse]: Doing a_authenticate_nurse
trials-all-1  | [robot-6] [INFO] [1698527400.249024596] [robot]: Receiving sync message. a_authenticate_nurse,robot1,nurse1
trials-all-1  | [environment-3] [INFO] [1698527400.251232581] [environment]: Receiving message: monitor
trials-all-1  | [robot-6] [INFO] [1698527400.254768558] [robot]: not ready
trials-all-1  | [nurse-4] [INFO] [1698527400.270179454] [nurse]: not ready
trials-all-1  | [environment-3] [INFO] [1698527400.276173413] [environment]: Action: monitor
trials-all-1  | [nurse-4] [INFO] [1698527400.276451412] [nurse]: Action result: False
trials-all-1  | [nurse-4] [INFO] [1698527400.294314291] [nurse]: Action: a_authenticate_nurse
trials-all-1  | [nurse-4] [INFO] [1698527400.298628262] [nurse]: Doing a_authenticate_nurse
trials-all-1  | [robot-6] [INFO] [1698527400.308293197] [robot]: Receiving sync message. a_authenticate_nurse,robot1,nurse1
trials-all-1  | [robot-6] [INFO] [1698527400.315553148] [robot]: not ready
trials-all-1  | [nurse-4] [INFO] [1698527400.327282069] [nurse]: not ready
trials-all-1  | [nurse-4] [INFO] [1698527400.332108037] [nurse]: Action result: False
trials-all-1  | [nurse-4] [INFO] [1698527400.336747006] [nurse]: Action: a_authenticate_nurse
trials-all-1  | [environment-3] [INFO] [1698527400.338541993] [environment]: Receiving message: a_approach_arm,robot1,arm1
trials-all-1  | [nurse-4] [INFO] [1698527400.341371974] [nurse]: Doing a_authenticate_nurse
trials-all-1  | [environment-3] [INFO] [1698527400.342995963] [environment]: Action: a_approach_arm
trials-all-1  | [environment-3] [INFO] [1698527400.347435934] [environment]: Responding
trials-all-1  | [robot-6] [INFO] [1698527400.349434920] [robot]: Receiving sync message. a_authenticate_nurse,robot1,nurse1
trials-all-1  | [robot-6] [INFO] [1698527400.353923890] [robot]: not ready
trials-all-1  | [arm-1] [INFO] [1698527400.357097868] [arm]: success
trials-all-1  | [nurse-4] [INFO] [1698527400.363022829] [nurse]: not ready
trials-all-1  | [arm-1] [INFO] [1698527400.366935802] [arm]: Action result: True
trials-all-1  | [nurse-4] [INFO] [1698527400.367266800] [nurse]: Action result: False
trials-all-1  | [nurse-4] [INFO] [1698527400.375422745] [nurse]: Action: a_authenticate_nurse
trials-all-1  | [arm-1] [INFO] [1698527400.371399772] [arm]: Action: a_pick_up_sample
trials-all-1  | [arm-1] [INFO] [1698527400.376529738] [arm]: Doing a_pick_up_sample
trials-all-1  | [robot-6] [INFO] [1698527400.382759696] [robot]: Receiving sync message. a_pick_up_sample,arm1,robot1
trials-all-1  | [nurse-4] [INFO] [1698527400.384774682] [nurse]: Doing a_authenticate_nurse
trials-all-1  | [robot-6] [INFO] [1698527400.387445664] [robot]: not ready
trials-all-1  | [robot-6] [INFO] [1698527400.393955620] [robot]: Receiving sync message. a_authenticate_nurse,robot1,nurse1
trials-all-1  | [arm-1] [INFO] [1698527400.398163592] [arm]: not ready
trials-all-1  | [robot-6] [INFO] [1698527400.398544589] [robot]: not ready
trials-all-1  | [environment-3] [INFO] [1698527400.403394557] [environment]: Receiving message: a_approach_nurse,robot1
trials-all-1  | [arm-1] [INFO] [1698527400.405632542] [arm]: Action result: False
trials-all-1  | [arm-1] [INFO] [1698527400.409665514] [arm]: Action: a_pick_up_sample
trials-all-1  | [arm-1] [INFO] [1698527400.417477462] [arm]: Doing a_pick_up_sample
trials-all-1  | [nurse-4] [INFO] [1698527400.407672528] [nurse]: not ready
trials-all-1  | [nurse-4] [INFO] [1698527400.411635501] [nurse]: Action result: False
trials-all-1  | [nurse-4] [INFO] [1698527400.420742440] [nurse]: Action: a_authenticate_nurse
trials-all-1  | [robot-6] [INFO] [1698527400.425312409] [robot]: Receiving sync message. a_pick_up_sample,arm1,robot1
trials-all-1  | [nurse-4] [INFO] [1698527400.427141397] [nurse]: Doing a_authenticate_nurse
trials-all-1  | [robot-6] [INFO] [1698527400.430526374] [robot]: not ready
trials-all-1  | [robot-6] [INFO] [1698527400.444517280] [robot]: Receiving sync message. a_authenticate_nurse,robot1,nurse1
trials-all-1  | [arm-1] [INFO] [1698527400.445959270] [arm]: not ready
trials-all-1  | [arm-1] [INFO] [1698527400.450163242] [arm]: Action result: False
trials-all-1  | [robot-6] [INFO] [1698527400.452693225] [robot]: not ready
trials-all-1  | [nurse-4] [INFO] [1698527400.461870163] [nurse]: not ready
trials-all-1  | [nurse-4] [INFO] [1698527400.466572131] [nurse]: Action result: False
trials-all-1  | [arm-1] [INFO] [1698527400.473076087] [arm]: Action: a_pick_up_sample
trials-all-1  | [arm-1] [INFO] [1698527400.477515058] [arm]: Doing a_pick_up_sample
trials-all-1  | [nurse-4] [INFO] [1698527400.477718056] [nurse]: Action: a_authenticate_nurse
trials-all-1  | [robot-6] [INFO] [1698527400.486284998] [robot]: Receiving sync message. a_pick_up_sample,arm1,robot1
trials-all-1  | [nurse-4] [INFO] [1698527400.486817995] [nurse]: Doing a_authenticate_nurse
trials-all-1  | [robot-6] [INFO] [1698527400.492288958] [robot]: not ready
trials-all-1  | [robot-6] [INFO] [1698527400.501541896] [robot]: Receiving sync message. a_authenticate_nurse,robot1,nurse1
trials-all-1  | [arm-1] [INFO] [1698527400.503720881] [arm]: not ready
trials-all-1  | [robot-6] [INFO] [1698527400.507015859] [robot]: not ready
trials-all-1  | [environment-3] [INFO] [1698527400.516503795] [environment]: Action: a_approach_nurse
trials-all-1  | [nurse-4] [INFO] [1698527400.518621781] [nurse]: not ready
trials-all-1  | [nurse-4] [INFO] [1698527400.522953751] [nurse]: Action result: False
trials-all-1  | [arm-1] [INFO] [1698527400.524441741] [arm]: Action result: False
trials-all-1  | [environment-3] [INFO] [1698527400.524616740] [environment]: Responding
trials-all-1  | [arm-1] [INFO] [1698527400.536342661] [arm]: Action: a_pick_up_sample
trials-all-1  | [robot-6] [INFO] [1698527400.537618653] [robot]: success
trials-all-1  | [arm-1] [INFO] [1698527400.540930630] [arm]: Doing a_pick_up_sample
trials-all-1  | [nurse-4] [INFO] [1698527400.548885577] [nurse]: Action: a_authenticate_nurse
trials-all-1  | [nurse-4] [INFO] [1698527400.552931550] [nurse]: Doing a_authenticate_nurse
trials-all-1  | [robot-6] [INFO] [1698527400.555518532] [robot]: Action result: True
trials-all-1  | [coordinator-2] [INFO] [1698527400.569779436] [coordinator]: Receiving sync message: action_complete,a_approach_nurse
trials-all-1  | [environment-3] [INFO] [1698527400.572420418] [environment]: Receiving message: monitor
trials-all-1  | [robot-6] [INFO] [1698527400.574228406] [robot]: Receiving sync message. a_pick_up_sample,arm1,robot1
trials-all-1  | [robot-6] [INFO] [1698527400.588847308] [robot]: not ready
trials-all-1  | [coordinator-2] [INFO] [1698527400.592884281] [coordinator]: action_complete
trials-all-1  | [environment-3] [INFO] [1698527400.598140245] [environment]: Action: monitor
trials-all-1  | [robot-6] [INFO] [1698527400.602695214] [robot]: Receiving sync message. a_authenticate_nurse,robot1,nurse1
trials-all-1  | [robot-6] [INFO] [1698527400.607108185] [robot]: not ready
trials-all-1  | [coordinator-2] [INFO] [1698527400.604212204] [coordinator]: plans_actions_current 2 of 11
trials-all-1  | [nurse-4] [INFO] [1698527400.617422115] [nurse]: not ready
trials-all-1  | [nurse-4] [INFO] [1698527400.623486074] [nurse]: Action result: False
trials-all-1  | [nurse-4] [INFO] [1698527400.629435034] [nurse]: Action: a_authenticate_nurse
trials-all-1  | [nurse-4] [INFO] [1698527400.633420008] [nurse]: Doing a_authenticate_nurse
trials-all-1  | [arm-1] [INFO] [1698527400.626143057] [arm]: not ready
trials-all-1  | [arm-1] [INFO] [1698527400.630415028] [arm]: Action result: False
trials-all-1  | [arm-1] [INFO] [1698527400.634525000] [arm]: Action: a_pick_up_sample
trials-all-1  | [robot-6] [INFO] [1698527400.627970044] [robot]: Action: a_authenticate_nurse
trials-all-1  | [robot-6] [INFO] [1698527400.631987017] [robot]: Doing a_authenticate_nurse
trials-all-1  | [robot-6] [INFO] [1698527400.636503987] [robot]: wating for nurse1 to authenticate to robot1
trials-all-1  | [arm-1] [INFO] [1698527400.639771965] [arm]: Doing a_pick_up_sample
trials-all-1  | [environment-3] [INFO] [1698527400.646655918] [environment]: Receiving message: monitor
trials-all-1  | [environment-3] [INFO] [1698527400.654281867] [environment]: Action: monitor
trials-all-1  | [robot-6] [INFO] [1698527400.666307786] [robot]: Receiving sync message. a_authenticate_nurse,robot1,nurse1
trials-all-1  | [robot-6] [INFO] [1698527400.674046734] [robot]: Action result: False
trials-all-1  | [robot-6] [INFO] [1698527400.682200679] [robot]: Authenticate nurse
trials-all-1  | [robot-6] [INFO] [1698527400.690721622] [robot]: Receiving sync message. a_pick_up_sample,arm1,robot1
trials-all-1  | [robot-6] [INFO] [1698527400.694660595] [robot]: Action: a_authenticate_nurse
trials-all-1  | [environment-3] [INFO] [1698527400.689830628] [environment]: Receiving message: monitor
trials-all-1  | [environment-3] [INFO] [1698527400.694154598] [environment]: Action: monitor
trials-all-1  | [nurse-4] [INFO] [1698527400.690987620] [nurse]: success
trials-all-1  | [nurse-4] [INFO] [1698527400.695062592] [nurse]: Action result: True
trials-all-1  | [robot-6] [INFO] [1698527400.701651548] [robot]: not ready
trials-all-1  | [robot-6] [INFO] [1698527400.706178518] [robot]: Doing a_authenticate_nurse
trials-all-1  | [robot-6] [INFO] [1698527400.710654487] [robot]: Action result: True
trials-all-1  | [nurse-4] [INFO] [1698527400.707422509] [nurse]: Action: a_deposit
trials-all-1  | [nurse-4] [INFO] [1698527400.711253483] [nurse]: Doing a_deposit
trials-all-1  | [arm-1] [INFO] [1698527400.711137484] [arm]: not ready
trials-all-1  | [arm-1] [INFO] [1698527400.717708440] [arm]: Action result: False
trials-all-1  | [coordinator-2] [INFO] [1698527400.724739393] [coordinator]: Receiving sync message: action_complete,a_authenticate_nurse
trials-all-1  | [coordinator-2] [INFO] [1698527400.735312321] [coordinator]: action_complete
trials-all-1  | [robot-6] [INFO] [1698527400.738790298] [robot]: Receiving sync message. a_deposit,nurse1,robot1
trials-all-1  | [arm-1] [INFO] [1698527400.740610286] [arm]: Action: a_pick_up_sample
trials-all-1  | [arm-1] [INFO] [1698527400.749899223] [arm]: Doing a_pick_up_sample
trials-all-1  | [coordinator-2] [INFO] [1698527400.756908176] [coordinator]: plans_actions_current 3 of 11
trials-all-1  | [robot-6] [INFO] [1698527400.757502172] [robot]: not ready
trials-all-1  | [robot-6] [INFO] [1698527400.766189113] [robot]: Receiving sync message. a_pick_up_sample,arm1,robot1
trials-all-1  | [nurse-4] [INFO] [1698527400.766752110] [nurse]: not ready
trials-all-1  | [robot-6] [INFO] [1698527400.770377085] [robot]: not ready
trials-all-1  | [nurse-4] [INFO] [1698527400.771466078] [nurse]: Action result: False
trials-all-1  | [arm-1] [INFO] [1698527400.779430024] [arm]: not ready
trials-all-1  | [nurse-4] [INFO] [1698527400.784592989] [nurse]: Action: a_deposit
trials-all-1  | [nurse-4] [INFO] [1698527400.788458963] [nurse]: Doing a_deposit
trials-all-1  | [robot-6] [INFO] [1698527400.784882987] [robot]: Action: a_open_drawer
trials-all-1  | [robot-6] [INFO] [1698527400.789039959] [robot]: Doing a_open_drawer
trials-all-1  | [arm-1] [INFO] [1698527400.786386977] [arm]: Action result: False
trials-all-1  | [arm-1] [INFO] [1698527400.791253945] [arm]: Action: a_pick_up_sample
trials-all-1  | [robot-6] [INFO] [1698527400.794805921] [robot]: success
trials-all-1  | [environment-3] [INFO] [1698527400.797690901] [environment]: Receiving message: monitor
trials-all-1  | [robot-6] [INFO] [1698527400.804162858] [robot]: Receiving sync message. a_deposit,nurse1,robot1
trials-all-1  | [environment-3] [INFO] [1698527400.804366856] [environment]: Action: monitor
trials-all-1  | [robot-6] [INFO] [1698527400.813011798] [robot]: not ready
trials-all-1  | [robot-6] [INFO] [1698527400.817965765] [robot]: Action result: True
trials-all-1  | [arm-1] [INFO] [1698527400.820683746] [arm]: Doing a_pick_up_sample
trials-all-1  | [nurse-4] [INFO] [1698527400.821618740] [nurse]: not ready
trials-all-1  | [nurse-4] [INFO] [1698527400.825583713] [nurse]: Action result: False
trials-all-1  | [coordinator-2] [INFO] [1698527400.825245716] [coordinator]: Receiving sync message: action_complete,a_open_drawer
trials-all-1  | [coordinator-2] [INFO] [1698527400.829426687] [coordinator]: action_complete
trials-all-1  | [coordinator-2] [INFO] [1698527400.833441660] [coordinator]: plans_actions_current 4 of 11
trials-all-1  | [nurse-4] [INFO] [1698527400.834036656] [nurse]: Action: a_deposit
trials-all-1  | [robot-6] [INFO] [1698527400.838892624] [robot]: Receiving sync message. a_pick_up_sample,arm1,robot1
trials-all-1  | [nurse-4] [INFO] [1698527400.841498606] [nurse]: Doing a_deposit
trials-all-1  | [robot-6] [INFO] [1698527400.842823597] [robot]: not ready
trials-all-1  | [robot-6] [INFO] [1698527400.852760530] [robot]: Receiving sync message. a_deposit,nurse1,robot1
trials-all-1  | [arm-1] [INFO] [1698527400.853155528] [arm]: not ready
trials-all-1  | [environment-3] [INFO] [1698527400.856256507] [environment]: Receiving message: monitor
trials-all-1  | [robot-6] [INFO] [1698527400.857547498] [robot]: not ready
trials-all-1  | [robot-6] [INFO] [1698527400.865753443] [robot]: Action: a_deposit
trials-all-1  | [arm-1] [INFO] [1698527400.864904449] [arm]: Action result: False
trials-all-1  | [robot-6] [INFO] [1698527400.869527417] [robot]: Doing a_deposit
trials-all-1  | [arm-1] [INFO] [1698527400.869613417] [arm]: Action: a_pick_up_sample
trials-all-1  | [robot-6] [INFO] [1698527400.874249386] [robot]: wating for nurse1 to deposit in robot1
trials-all-1  | [environment-3] [INFO] [1698527400.877280365] [environment]: Action: monitor
trials-all-1  | [nurse-4] [INFO] [1698527400.878048360] [nurse]: not ready
trials-all-1  | [arm-1] [INFO] [1698527400.887853294] [arm]: Doing a_pick_up_sample
trials-all-1  | [robot-6] [INFO] [1698527400.888757288] [robot]: Action result: False
trials-all-1  | [robot-6] [INFO] [1698527400.896246237] [robot]: Receiving sync message. a_pick_up_sample,arm1,robot1
trials-all-1  | [nurse-4] [INFO] [1698527400.891723268] [nurse]: Action result: False
trials-all-1  | [nurse-4] [INFO] [1698527400.895914240] [nurse]: Action: a_deposit
trials-all-1  | [robot-6] [INFO] [1698527400.899990212] [robot]: not ready
trials-all-1  | [robot-6] [INFO] [1698527400.905621174] [robot]: Action: a_deposit
trials-all-1  | [nurse-4] [INFO] [1698527400.907500162] [nurse]: Doing a_deposit
trials-all-1  | [robot-6] [INFO] [1698527400.909929145] [robot]: Doing a_deposit
trials-all-1  | [environment-3] [INFO] [1698527400.913963118] [environment]: Receiving message: monitor
trials-all-1  | [robot-6] [INFO] [1698527400.915643107] [robot]: Receiving sync message. a_deposit,nurse1,robot1
trials-all-1  | [environment-3] [INFO] [1698527400.919056084] [environment]: Action: monitor
trials-all-1  | [robot-6] [INFO] [1698527400.919618080] [robot]: Deposit
trials-all-1  | [robot-6] [INFO] [1698527400.926540033] [robot]: wating for nurse1 to deposit in robot1
trials-all-1  | [arm-1] [INFO] [1698527400.920237076] [arm]: not ready
trials-all-1  | [robot-6] [INFO] [1698527400.930581006] [robot]: Action result: False
trials-all-1  | [nurse-4] [INFO] [1698527400.931210002] [nurse]: success
trials-all-1  | [robot-6] [INFO] [1698527400.940612939] [robot]: Action: a_deposit
trials-all-1  | [arm-1] [INFO] [1698527400.940603939] [arm]: Action result: False
trials-all-1  | [nurse-4] [INFO] [1698527400.943066922] [nurse]: Action result: True
trials-all-1  | [robot-6] [INFO] [1698527400.945328907] [robot]: Doing a_deposit
trials-all-1  | [robot-6] [INFO] [1698527400.953285853] [robot]: Action result: True
trials-all-1  | [arm-1] [INFO] [1698527400.958681817] [arm]: Action: a_pick_up_sample
trials-all-1  | [coordinator-2] [INFO] [1698527400.960088807] [coordinator]: Receiving sync message: action_complete,a_deposit
trials-all-1  | [coordinator-2] [INFO] [1698527400.965260773] [coordinator]: action_complete
trials-all-1  | [arm-1] [INFO] [1698527400.968048754] [arm]: Doing a_pick_up_sample
trials-all-1  | [coordinator-2] [INFO] [1698527400.969664743] [coordinator]: plans_actions_current 5 of 11
trials-all-1  | [robot-6] [INFO] [1698527400.975041707] [robot]: Receiving sync message. a_pick_up_sample,arm1,robot1
trials-all-1  | [robot-6] [INFO] [1698527400.978760682] [robot]: not ready
trials-all-1  | [environment-3] [INFO] [1698527400.980888667] [environment]: Receiving message: monitor
trials-all-1  | [environment-3] [INFO] [1698527400.992181591] [environment]: Action: monitor
trials-all-1  | [robot-6] [INFO] [1698527400.994995572] [robot]: Action: a_close_drawer
trials-all-1  | [robot-6] [INFO] [1698527400.998879546] [robot]: Doing a_close_drawer
trials-all-1  | [arm-1] [INFO] [1698527401.009632473] [arm]: not ready
trials-all-1  | [robot-6] [INFO] [1698527401.012959450] [robot]: success
trials-all-1  | [environment-3] [INFO] [1698527401.023450378] [environment]: Receiving message: monitor
trials-all-1  | [robot-6] [INFO] [1698527401.024517370] [robot]: Action result: True
trials-all-1  | [coordinator-2] [INFO] [1698527401.030828327] [coordinator]: Receiving sync message: action_complete,a_close_drawer
trials-all-1  | [coordinator-2] [INFO] [1698527401.034677300] [coordinator]: action_complete
trials-all-1  | [arm-1] [INFO] [1698527401.035555294] [arm]: Action result: False
trials-all-1  | [coordinator-2] [INFO] [1698527401.043394240] [coordinator]: plans_actions_current 6 of 11
trials-all-1  | [environment-3] [INFO] [1698527401.046679217] [environment]: Action: monitor
trials-all-1  | [arm-1] [INFO] [1698527401.059681127] [arm]: Action: a_pick_up_sample
trials-all-1  | [robot-6] [INFO] [1698527401.064714093] [robot]: Action: a_navto
trials-all-1  | [arm-1] [INFO] [1698527401.072834036] [arm]: Doing a_pick_up_sample
trials-all-1  | [robot-6] [INFO] [1698527401.073194034] [robot]: Doing a_navto
trials-all-1  | [robot-6] [INFO] [1698527401.081755975] [robot]: Receiving sync message. a_pick_up_sample,arm1,robot1
trials-all-1  | [environment-3] [INFO] [1698527401.083946960] [environment]: Receiving message: monitor
trials-all-1  | [robot-6] [INFO] [1698527401.087035938] [robot]: not ready
trials-all-1  | [arm-1] [INFO] [1698527401.109520783] [arm]: not ready
trials-all-1  | [environment-3] [INFO] [1698527401.114083751] [environment]: Action: monitor
trials-all-1  | [arm-1] [INFO] [1698527401.118926718] [arm]: Action result: False
trials-all-1  | [arm-1] [INFO] [1698527401.139987572] [arm]: Action: a_pick_up_sample
trials-all-1  | [arm-1] [INFO] [1698527401.145499534] [arm]: Doing a_pick_up_sample
trials-all-1  | [robot-6] [INFO] [1698527401.152636485] [robot]: Receiving sync message. a_pick_up_sample,arm1,robot1
trials-all-1  | [environment-3] [INFO] [1698527401.157437451] [environment]: Receiving message: a_navto,robot1,Room3
trials-all-1  | [environment-3] [INFO] [1698527401.163434410] [environment]: Action: a_navto
trials-all-1  | [robot-6] [INFO] [1698527401.168767373] [robot]: not ready
trials-all-1  | [arm-1] [INFO] [1698527401.180953289] [arm]: not ready
trials-all-1  | [arm-1] [INFO] [1698527401.186215252] [arm]: Action result: False
trials-all-1  | [arm-1] [INFO] [1698527401.192046212] [arm]: Action: a_pick_up_sample
trials-all-1  | [arm-1] [INFO] [1698527401.199266162] [arm]: Doing a_pick_up_sample
trials-all-1  | [robot-6] [INFO] [1698527401.206617111] [robot]: Receiving sync message. a_pick_up_sample,arm1,robot1
trials-all-1  | [robot-6] [INFO] [1698527401.210691083] [robot]: not ready
trials-all-1  | [arm-1] [INFO] [1698527401.238121893] [arm]: not ready
trials-all-1  | [arm-1] [INFO] [1698527401.246837833] [arm]: Action result: False
trials-all-1  | [arm-1] [INFO] [1698527401.257007763] [arm]: Action: a_pick_up_sample
trials-all-1  | [arm-1] [INFO] [1698527401.267199692] [arm]: Doing a_pick_up_sample
trials-all-1  | [environment-3] [INFO] [1698527401.274141644] [environment]: Responding
trials-all-1  | [robot-6] [INFO] [1698527401.274550642] [robot]: Receiving sync message. a_pick_up_sample,arm1,robot1
trials-all-1  | [robot-6] [INFO] [1698527401.286241561] [robot]: not ready
trials-all-1  | [arm-1] [INFO] [1698527401.296240492] [arm]: not ready
trials-all-1  | [arm-1] [INFO] [1698527401.300046465] [arm]: Action result: False
trials-all-1  | [arm-1] [INFO] [1698527401.303448442] [arm]: Action: a_pick_up_sample
trials-all-1  | [arm-1] [INFO] [1698527401.306930418] [arm]: Doing a_pick_up_sample
trials-all-1  | [robot-6] [INFO] [1698527401.299979466] [robot]: success
trials-all-1  | [robot-6] [INFO] [1698527401.306520421] [robot]: Action result: True
trials-all-1  | [robot-6] [INFO] [1698527401.314428366] [robot]: Receiving sync message. a_pick_up_sample,arm1,robot1
trials-all-1  | [robot-6] [INFO] [1698527401.318666337] [robot]: not ready
trials-all-1  | [environment-3] [INFO] [1698527401.308393408] [environment]: Receiving message: monitor
trials-all-1  | [environment-3] [INFO] [1698527401.312502379] [environment]: Action: monitor
trials-all-1  | [coordinator-2] [INFO] [1698527401.312695378] [coordinator]: Receiving sync message: action_complete,a_navto
trials-all-1  | [coordinator-2] [INFO] [1698527401.317726343] [coordinator]: action_complete
trials-all-1  | [coordinator-2] [INFO] [1698527401.330847252] [coordinator]: plans_actions_current 7 of 11
trials-all-1  | [arm-1] [INFO] [1698527401.330758253] [arm]: not ready
trials-all-1  | [arm-1] [INFO] [1698527401.339425193] [arm]: Action result: False
trials-all-1  | [robot-6] [INFO] [1698527401.349324125] [robot]: Action: a_approach_arm
trials-all-1  | [robot-6] [INFO] [1698527401.356286076] [robot]: Doing a_approach_arm
trials-all-1  | [arm-1] [INFO] [1698527401.352481103] [arm]: Action: a_pick_up_sample
trials-all-1  | [arm-1] [INFO] [1698527401.356757073] [arm]: Doing a_pick_up_sample
trials-all-1  | [environment-3] [INFO] [1698527401.366891003] [environment]: Receiving message: monitor
trials-all-1  | [robot-6] [INFO] [1698527401.376166939] [robot]: Receiving sync message. a_pick_up_sample,arm1,robot1
trials-all-1  | [environment-3] [INFO] [1698527401.383185890] [environment]: Action: monitor
trials-all-1  | [robot-6] [INFO] [1698527401.391504833] [robot]: not ready
trials-all-1  | [arm-1] [INFO] [1698527401.407648721] [arm]: not ready
trials-all-1  | [environment-3] [INFO] [1698527401.408019719] [environment]: Receiving message: a_approach_arm,robot1,arm1
trials-all-1  | [environment-3] [INFO] [1698527401.413348682] [environment]: Action: a_approach_arm
trials-all-1  | [arm-1] [INFO] [1698527401.420038636] [arm]: Action result: False
trials-all-1  | [environment-3] [INFO] [1698527401.420179635] [environment]: Responding
trials-all-1  | [robot-6] [INFO] [1698527401.432492549] [robot]: success
trials-all-1  | [arm-1] [INFO] [1698527401.435268530] [arm]: Action: a_pick_up_sample
trials-all-1  | [robot-6] [INFO] [1698527401.439796499] [robot]: Action result: True
trials-all-1  | [arm-1] [INFO] [1698527401.441583487] [arm]: Doing a_pick_up_sample
trials-all-1  | [environment-3] [INFO] [1698527401.442927477] [environment]: Receiving message: monitor
trials-all-1  | [environment-3] [INFO] [1698527401.447335447] [environment]: Action: monitor
trials-all-1  | [coordinator-2] [INFO] [1698527401.448720437] [coordinator]: Receiving sync message: action_complete,a_approach_arm
trials-all-1  | [coordinator-2] [INFO] [1698527401.455444391] [coordinator]: action_complete
trials-all-1  | [robot-6] [INFO] [1698527401.454950394] [robot]: Receiving sync message. a_pick_up_sample,arm1,robot1
trials-all-1  | [coordinator-2] [INFO] [1698527401.459381364] [coordinator]: plans_actions_current 8 of 11
trials-all-1  | [robot-6] [INFO] [1698527401.472637272] [robot]: not ready
trials-all-1  | [environment-3] [INFO] [1698527401.477863236] [environment]: Receiving message: monitor
trials-all-1  | [arm-1] [INFO] [1698527401.488156165] [arm]: not ready
trials-all-1  | [robot-6] [INFO] [1698527401.490537148] [robot]: Action: a_open_drawer
trials-all-1  | [environment-3] [INFO] [1698527401.493344129] [environment]: Action: monitor
trials-all-1  | [robot-6] [INFO] [1698527401.505212047] [robot]: Doing a_open_drawer
trials-all-1  | [environment-3] [INFO] [1698527401.508217026] [environment]: Receiving message: monitor
trials-all-1  | [environment-3] [INFO] [1698527401.514088985] [environment]: Action: monitor
trials-all-1  | [robot-6] [INFO] [1698527401.511132006] [robot]: success
trials-all-1  | [arm-1] [INFO] [1698527401.511587003] [arm]: Action result: False
trials-all-1  | [robot-6] [INFO] [1698527401.526992896] [robot]: Action result: True
trials-all-1  | [coordinator-2] [INFO] [1698527401.538147819] [coordinator]: Receiving sync message: action_complete,a_open_drawer
trials-all-1  | [environment-3] [INFO] [1698527401.539598809] [environment]: Receiving message: monitor
trials-all-1  | [arm-1] [INFO] [1698527401.539912807] [arm]: Action: a_pick_up_sample
trials-all-1  | [coordinator-2] [INFO] [1698527401.543234784] [coordinator]: action_complete
trials-all-1  | [environment-3] [INFO] [1698527401.544745773] [environment]: Action: monitor
trials-all-1  | [coordinator-2] [INFO] [1698527401.553497713] [coordinator]: plans_actions_current 9 of 11
trials-all-1  | [arm-1] [INFO] [1698527401.556500692] [arm]: Doing a_pick_up_sample
trials-all-1  | [robot-6] [INFO] [1698527401.569161604] [robot]: Receiving sync message. a_pick_up_sample,arm1,robot1
trials-all-1  | [robot-6] [INFO] [1698527401.576604553] [robot]: Action: a_pick_up_sample
trials-all-1  | [robot-6] [INFO] [1698527401.582446513] [robot]: Doing a_pick_up_sample
trials-all-1  | [robot-6] [INFO] [1698527401.590693456] [robot]: not ready
trials-all-1  | [robot-6] [INFO] [1698527401.599305396] [robot]: wating for arm1 to pick up from robot1
trials-all-1  | [robot-6] [INFO] [1698527401.605297355] [robot]: Action result: False
trials-all-1  | [environment-3] [INFO] [1698527401.606353347] [environment]: Receiving message: monitor
trials-all-1  | [arm-1] [INFO] [1698527401.605084356] [arm]: not ready
trials-all-1  | [robot-6] [INFO] [1698527401.613238300] [robot]: Action: a_pick_up_sample
trials-all-1  | [robot-6] [INFO] [1698527401.618403264] [robot]: Doing a_pick_up_sample
trials-all-1  | [arm-1] [INFO] [1698527401.618473264] [arm]: Action result: False
trials-all-1  | [environment-3] [INFO] [1698527401.623339230] [environment]: Action: monitor
trials-all-1  | [robot-6] [INFO] [1698527401.624851219] [robot]: wating for arm1 to pick up from robot1
trials-all-1  | [arm-1] [INFO] [1698527401.638642124] [arm]: Action: a_pick_up_sample
trials-all-1  | [robot-6] [INFO] [1698527401.642255099] [robot]: Action result: False
trials-all-1  | [arm-1] [INFO] [1698527401.648535056] [arm]: Doing a_pick_up_sample
trials-all-1  | [robot-6] [INFO] [1698527401.648785054] [robot]: Action: a_pick_up_sample
trials-all-1  | [environment-3] [INFO] [1698527401.649431049] [environment]: Receiving message: monitor
trials-all-1  | [robot-6] [INFO] [1698527401.663109955] [robot]: Receiving sync message. a_pick_up_sample,arm1,robot1
trials-all-1  | [environment-3] [INFO] [1698527401.664330946] [environment]: Action: monitor
trials-all-1  | [robot-6] [INFO] [1698527401.674091879] [robot]: Pick up
trials-all-1  | [robot-6] [INFO] [1698527401.678218850] [robot]: Doing a_pick_up_sample
trials-all-1  | [environment-3] [INFO] [1698527401.685920797] [environment]: Receiving message: monitor
trials-all-1  | [arm-1] [INFO] [1698527401.685896797] [arm]: success
trials-all-1  | [robot-6] [INFO] [1698527401.686767791] [robot]: Action result: True
trials-all-1  | [arm-1] [INFO] [1698527401.692045755] [arm]: Action result: True
trials-all-1  | [environment-3] [INFO] [1698527401.692394752] [environment]: Action: monitor
trials-all-1  | [coordinator-2] [INFO] [1698527401.697342718] [coordinator]: Receiving sync message: action_complete,a_pick_up_sample
trials-all-1  | [coordinator-2] [INFO] [1698527401.712978610] [coordinator]: action_complete
trials-all-1  | [coordinator-2] [INFO] [1698527401.719368566] [coordinator]: plans_actions_current 10 of 11
trials-all-1  | [robot-6] [INFO] [1698527401.734633460] [robot]: Action: a_close_drawer
trials-all-1  | [robot-6] [INFO] [1698527401.740501420] [robot]: Doing a_close_drawer
trials-all-1  | [robot-6] [INFO] [1698527401.745272387] [robot]: success
trials-all-1  | [environment-3] [INFO] [1698527401.745596384] [environment]: Receiving message: monitor
trials-all-1  | [robot-6] [INFO] [1698527401.751096346] [robot]: Action result: True
trials-all-1  | [environment-3] [INFO] [1698527401.752394337] [environment]: Action: monitor
trials-all-1  | [coordinator-2] [INFO] [1698527401.759587288] [coordinator]: Receiving sync message: action_complete,a_close_drawer
trials-all-1  | [coordinator-2] [INFO] [1698527401.771402206] [coordinator]: action_complete
trials-all-1  | [coordinator-2] [INFO] [1698527401.778323158] [coordinator]: plans_actions_current 11 of 11
trials-all-1  | [coordinator-2] [INFO] [1698527401.785627108] [coordinator]: The time of execution of above program is:2.6762850284576416
trials-all-1  | [coordinator-2] [INFO] [1698527401.792904057] [coordinator]: Achieved
trials-all-1  | [coordinator-2] [INFO] [1698527401.800077008] [coordinator]: ENDSIM
trials-all-1 exited with code 0
