 Network trials_ros  Creating
 Network trials_ros  Created
 Container trials-all-1  Creating
 Container trials-all-1  Created
Attaching to trials-all-1
trials-all-1  | [INFO] [launch]: All log files can be found below /root/.ros/log/2023-10-28-21-53-18-962162-b2c4388174ec-1
trials-all-1  | [INFO] [launch]: Default logging verbosity is set to INFO
trials-all-1  | [INFO] [arm-1]: process started with pid [52]
trials-all-1  | [INFO] [coordinator-2]: process started with pid [54]
trials-all-1  | [INFO] [environment-3]: process started with pid [56]
trials-all-1  | [INFO] [nurse-4]: process started with pid [58]
trials-all-1  | [INFO] [planner-5]: process started with pid [60]
trials-all-1  | [INFO] [robot-6]: process started with pid [62]
trials-all-1  | [nurse-4] [INFO] [1698530002.823207495] [nurse]: Starting Nurse server
trials-all-1  | [nurse-4] [INFO] [1698530002.901366487] [nurse]: Nurse server started
trials-all-1  | [nurse-4] [INFO] [1698530002.920707733] [nurse]: Starting Nurse clients
trials-all-1  | [environment-3] [INFO] [1698530003.119592247] [environment]: Starting Environment server
trials-all-1  | [environment-3] [INFO] [1698530003.164421812] [environment]: Environment server started
trials-all-1  | [coordinator-2] [INFO] [1698530003.195994211] [coordinator]: Starting Coordinator server
trials-all-1  | [arm-1] [INFO] [1698530003.239086754] [arm]: Starting Arm server
trials-all-1  | [robot-6] [INFO] [1698530003.260794028] [robot]: Starting Robot server
trials-all-1  | [coordinator-2] [INFO] [1698530003.269876142] [coordinator]: Coordinator server started
trials-all-1  | [coordinator-2] [INFO] [1698530003.282222298] [coordinator]: Starting Coordinator clients
trials-all-1  | [arm-1] [INFO] [1698530003.310745657] [arm]: Arm server started
trials-all-1  | [arm-1] [INFO] [1698530003.326462856] [arm]: Starting Nurse clients
trials-all-1  | [robot-6] [INFO] [1698530003.326844860] [robot]: Robot server started
trials-all-1  | [robot-6] [INFO] [1698530003.333851949] [robot]: Starting Robots clients
trials-all-1  | [arm-1] [INFO] [1698530003.390531663] [arm]: Nurse clients started
trials-all-1  | [robot-6] [INFO] [1698530003.398517764] [robot]: Robots clients started
trials-all-1  | [nurse-4] [INFO] [1698530003.521645316] [nurse]: Nurse clients started
trials-all-1  | [nurse-4] [INFO] [1698530003.540875559] [nurse]: Sent request
trials-all-1  | [coordinator-2] [INFO] [1698530004.359033845] [coordinator]: planner sync service not available, waiting again...
trials-all-1  | [coordinator-2] [INFO] [1698530005.373300517] [coordinator]: planner sync service not available, waiting again...
trials-all-1  | [coordinator-2] [INFO] [1698530006.386071085] [coordinator]: planner sync service not available, waiting again...
trials-all-1  | [coordinator-2] [INFO] [1698530007.405726652] [coordinator]: planner sync service not available, waiting again...
trials-all-1  | [coordinator-2] [INFO] [1698530008.426304143] [coordinator]: planner sync service not available, waiting again...
trials-all-1  | [coordinator-2] [INFO] [1698530009.445759535] [coordinator]: planner sync service not available, waiting again...
trials-all-1  | [planner-5] Matplotlib is building the font cache; this may take a moment.
trials-all-1  | [coordinator-2] [INFO] [1698530010.465161841] [coordinator]: planner sync service not available, waiting again...
trials-all-1  | [coordinator-2] [INFO] [1698530011.482573036] [coordinator]: planner sync service not available, waiting again...
trials-all-1  | [coordinator-2] [INFO] [1698530012.498254126] [coordinator]: planner sync service not available, waiting again...
trials-all-1  | [planner-5] [INFO] [1698530013.263884185] [planner]: Starting Planner server
trials-all-1  | [planner-5] [INFO] [1698530013.280104376] [planner]: Planner server started
trials-all-1  | [coordinator-2] [INFO] [1698530013.516427160] [coordinator]: planner sync service not available, waiting again...
trials-all-1  | [coordinator-2] [INFO] [1698530014.531021067] [coordinator]: planner sync service not available, waiting again...
trials-all-1  | [coordinator-2] [INFO] [1698530014.925023676] [coordinator]: Coordinator clients started
trials-all-1  | [coordinator-2] [INFO] [1698530014.961380101] [coordinator]: Receiving message of nurse1 in room3.
trials-all-1  | [coordinator-2] [INFO] [1698530014.966821164] [coordinator]: Sending response
trials-all-1  | [nurse-4] [INFO] [1698530014.978119297] [nurse]: Request response:Okay!
trials-all-1  | [coordinator-2] [INFO] [1698530014.984796375] [coordinator]: Planing
trials-all-1  | [coordinator-2] [INFO] [1698530014.998542535] [coordinator]: Creating plan for: robot1, nurse1, arm1 
trials-all-1  | [planner-5] [INFO] [1698530015.011504687] [planner]: Receiving sync message. need_plan,robot1,nurse1,arm1
trials-all-1  | [planner-5] [INFO] [1698530015.034690956] [planner]: Creating plan for: robot1 robot1 nurse1
trials-all-1  | [planner-5] [INFO] [1698530015.052729166] [planner]: a_navto,robot1,Room1
trials-all-1  | [planner-5] [INFO] [1698530015.074891423] [planner]: a_approach_nurse,robot1
trials-all-1  | [planner-5] [INFO] [1698530015.083511523] [planner]: a_authenticate_nurse,robot1,nurse1
trials-all-1  | [planner-5] [INFO] [1698530015.092260625] [planner]: a_open_drawer,robot1
trials-all-1  | [planner-5] [INFO] [1698530015.107688804] [planner]: a_deposit,nurse1,robot1
trials-all-1  | [planner-5] [INFO] [1698530015.126387021] [planner]: a_close_drawer,robot1
trials-all-1  | [planner-5] [INFO] [1698530015.134770119] [planner]: a_navto,robot1,Room3
trials-all-1  | [planner-5] [INFO] [1698530015.149988295] [planner]: a_approach_arm,robot1,arm1
trials-all-1  | [planner-5] [INFO] [1698530015.155159355] [planner]: a_open_drawer,robot1
trials-all-1  | [planner-5] [INFO] [1698530015.174721583] [planner]: a_pick_up_sample,arm1,robot1
trials-all-1  | [planner-5] [INFO] [1698530015.180169646] [planner]: a_close_drawer,robot1
trials-all-1  | [planner-5] [INFO] [1698530015.198262856] [planner]: Sending response
trials-all-1  | [coordinator-2] [INFO] [1698530015.210496998] [coordinator]: Plan received for: robot1, nurse1, arm1 
trials-all-1  | [coordinator-2] [INFO] [1698530015.218833095] [coordinator]: a_navto,robot1,Room1/a_approach_nurse,robot1/a_authenticate_nurse,robot1,nurse1/a_open_drawer,robot1/a_deposit,nurse1,robot1/a_close_drawer,robot1/a_navto,robot1,Room3/a_approach_arm,robot1,arm1/a_open_drawer,robot1/a_pick_up_sample,arm1,robot1/a_close_drawer,robot1
trials-all-1  | [coordinator-2] [INFO] [1698530015.222801141] [coordinator]: a_navto,robot1,Room1
trials-all-1  | [coordinator-2] [INFO] [1698530015.242914375] [coordinator]: a_approach_nurse,robot1
trials-all-1  | [coordinator-2] [INFO] [1698530015.251354473] [coordinator]: a_authenticate_nurse,robot1,nurse1
trials-all-1  | [coordinator-2] [INFO] [1698530015.259900572] [coordinator]: a_open_drawer,robot1
trials-all-1  | [coordinator-2] [INFO] [1698530015.268347670] [coordinator]: a_deposit,nurse1,robot1
trials-all-1  | [coordinator-2] [INFO] [1698530015.276691767] [coordinator]: a_close_drawer,robot1
trials-all-1  | [coordinator-2] [INFO] [1698530015.285089864] [coordinator]: a_navto,robot1,Room3
trials-all-1  | [coordinator-2] [INFO] [1698530015.292628952] [coordinator]: a_approach_arm,robot1,arm1
trials-all-1  | [coordinator-2] [INFO] [1698530015.303007073] [coordinator]: a_open_drawer,robot1
trials-all-1  | [coordinator-2] [INFO] [1698530015.312014177] [coordinator]: a_pick_up_sample,arm1,robot1
trials-all-1  | [coordinator-2] [INFO] [1698530015.321393286] [coordinator]: a_close_drawer,robot1
trials-all-1  | [coordinator-2] [INFO] [1698530015.330882396] [coordinator]: Sending plans
trials-all-1  | [coordinator-2] [INFO] [1698530015.343355541] [coordinator]: Plans sent
trials-all-1  | [arm-1] [INFO] [1698530015.351024630] [arm]: Receiving message.
trials-all-1  | [arm-1] [INFO] [1698530015.355936687] [arm]: Arm's actions:
trials-all-1  | [arm-1] [INFO] [1698530015.359524729] [arm]: a_approach_arm
trials-all-1  | [environment-3] [INFO] [1698530015.361611753] [environment]: Receiving message: monitor
trials-all-1  | [arm-1] [INFO] [1698530015.364819790] [arm]: Action: a_approach_arm
trials-all-1  | [robot-6] [INFO] [1698530015.366336808] [robot]: Receiving message.
trials-all-1  | [arm-1] [INFO] [1698530015.369354843] [arm]: Doing a_approach_arm
trials-all-1  | [robot-6] [INFO] [1698530015.373160887] [robot]: Robot's actions:
trials-all-1  | [arm-1] [INFO] [1698530015.375353913] [arm]: a_pick_up_sample
trials-all-1  | [nurse-4] [INFO] [1698530015.377096933] [nurse]: Receiving message.
trials-all-1  | [nurse-4] [INFO] [1698530015.381537985] [nurse]: Nurse's actions:
trials-all-1  | [robot-6] [INFO] [1698530015.381698987] [robot]: Action: a_navto
trials-all-1  | [robot-6] [INFO] [1698530015.386679044] [robot]: Doing a_navto
trials-all-1  | [nurse-4] [INFO] [1698530015.388357064] [nurse]: Action: a_authenticate_nurse
trials-all-1  | [nurse-4] [INFO] [1698530015.392878116] [nurse]: Doing a_authenticate_nurse
trials-all-1  | [environment-3] [INFO] [1698530015.394496135] [environment]: Action: monitor
trials-all-1  | [robot-6] [INFO] [1698530015.395377145] [robot]: a_navto
trials-all-1  | [nurse-4] [INFO] [1698530015.397594171] [nurse]: a_authenticate_nurse
trials-all-1  | [coordinator-2] [INFO] [1698530015.403356238] [coordinator]: Found a problem
trials-all-1  | [robot-6] [INFO] [1698530015.420698439] [robot]: a_authenticate_nurse
trials-all-1  | [environment-3] [INFO] [1698530015.425501495] [environment]: Receiving message: a_approach_arm,robot1,arm1
trials-all-1  | [environment-3] [INFO] [1698530015.430170549] [environment]: Action: a_approach_arm
trials-all-1  | [robot-6] [INFO] [1698530015.430998559] [robot]: a_open_drawer
trials-all-1  | [robot-6] [INFO] [1698530015.442094688] [robot]: a_deposit
trials-all-1  | [coordinator-2] [INFO] [1698530015.445091723] [coordinator]: Updating planner state
trials-all-1  | [robot-6] [INFO] [1698530015.452786812] [robot]: a_close_drawer
trials-all-1  | [robot-6] [INFO] [1698530015.458925883] [robot]: a_navto
trials-all-1  | [environment-3] [INFO] [1698530015.458983884] [environment]: Responding
trials-all-1  | [robot-6] [INFO] [1698530015.463752940] [robot]: a_approach_arm
trials-all-1  | [arm-1] [INFO] [1698530015.468793998] [arm]: success
trials-all-1  | [robot-6] [INFO] [1698530015.468985000] [robot]: a_open_drawer
trials-all-1  | [robot-6] [INFO] [1698530015.477643101] [robot]: a_pick_up_sample
trials-all-1  | [planner-5] [INFO] [1698530015.480464134] [planner]: Receiving sync message. update_state,door_closed,Room3
trials-all-1  | [robot-6] [INFO] [1698530015.482051152] [robot]: a_close_drawer
trials-all-1  | [planner-5] [INFO] [1698530015.485081187] [planner]: door_closed
trials-all-1  | [arm-1] [INFO] [1698530015.489984244] [arm]: Action result: True
trials-all-1  | [environment-3] [INFO] [1698530015.499354353] [environment]: Receiving message: a_navto,robot1,Room1
trials-all-1  | [coordinator-2] [INFO] [1698530015.501061373] [coordinator]: Planner state updated
trials-all-1  | [environment-3] [INFO] [1698530015.502927395] [environment]: Action: a_navto
trials-all-1  | [coordinator-2] [INFO] [1698530015.505319422] [coordinator]: Planing
trials-all-1  | [arm-1] [INFO] [1698530015.510566483] [arm]: Action: a_pick_up_sample
trials-all-1  | [robot-6] [INFO] [1698530015.494331295] [robot]: Receiving sync message. a_authenticate_nurse,robot1,nurse1
trials-all-1  | [arm-1] [INFO] [1698530015.516172548] [arm]: Doing a_pick_up_sample
trials-all-1  | [robot-6] [INFO] [1698530015.519964592] [robot]: not ready
trials-all-1  | [environment-3] [INFO] [1698530015.531119722] [environment]: Responding
trials-all-1  | [coordinator-2] [INFO] [1698530015.521526611] [coordinator]: Creating plan for: robot1, nurse1, arm1 
trials-all-1  | [nurse-4] [INFO] [1698530015.535808776] [nurse]: not ready
trials-all-1  | [robot-6] [INFO] [1698530015.541847847] [robot]: Receiving sync message. a_pick_up_sample,arm1,robot1
trials-all-1  | [planner-5] [INFO] [1698530015.545374888] [planner]: Receiving sync message. need_plan,robot1,nurse1,arm1
trials-all-1  | [nurse-4] [INFO] [1698530015.553210979] [nurse]: Action result: False
trials-all-1  | [robot-6] [INFO] [1698530015.553448981] [robot]: not ready
trials-all-1  | [planner-5] [INFO] [1698530015.559672054] [planner]: Creating plan for: robot1 robot1 nurse1
trials-all-1  | [arm-1] [INFO] [1698530015.570840183] [arm]: not ready
trials-all-1  | [nurse-4] [INFO] [1698530015.577693263] [nurse]: Action: a_authenticate_nurse
trials-all-1  | [robot-6] [INFO] [1698530015.578708275] [robot]: success
trials-all-1  | [robot-6] [INFO] [1698530015.582922324] [robot]: Action result: True
trials-all-1  | [nurse-4] [INFO] [1698530015.583199327] [nurse]: Doing a_authenticate_nurse
trials-all-1  | [planner-5] [INFO] [1698530015.585003348] [planner]: a_navto,robot1,Room1
trials-all-1  | [coordinator-2] [INFO] [1698530015.589923405] [coordinator]: Receiving sync message: action_complete,a_navto
trials-all-1  | [planner-5] [INFO] [1698530015.592494435] [planner]: a_approach_nurse,robot1
trials-all-1  | [arm-1] [INFO] [1698530015.594417457] [arm]: Action result: False
trials-all-1  | [arm-1] [INFO] [1698530015.598789508] [arm]: Action: a_pick_up_sample
trials-all-1  | [planner-5] [INFO] [1698530015.601472539] [planner]: a_authenticate_nurse,robot1,nurse1
trials-all-1  | [coordinator-2] [INFO] [1698530015.602371550] [coordinator]: action_complete
trials-all-1  | [coordinator-2] [INFO] [1698530015.606726600] [coordinator]: plans_actions_current 1 of 11
trials-all-1  | [arm-1] [INFO] [1698530015.614531691] [arm]: Doing a_pick_up_sample
trials-all-1  | [planner-5] [INFO] [1698530015.615003696] [planner]: a_open_drawer,robot1
trials-all-1  | [robot-6] [INFO] [1698530015.615624703] [robot]: Receiving sync message. a_authenticate_nurse,robot1,nurse1
trials-all-1  | [robot-6] [INFO] [1698530015.620554761] [robot]: not ready
trials-all-1  | [planner-5] [INFO] [1698530015.624700809] [planner]: a_deposit,nurse1,robot1
trials-all-1  | [nurse-4] [INFO] [1698530015.632253897] [nurse]: not ready
trials-all-1  | [planner-5] [INFO] [1698530015.631332886] [planner]: a_close_drawer,robot1
trials-all-1  | [planner-5] [INFO] [1698530015.641663006] [planner]: a_open_door,nurse1,Room3
trials-all-1  | [robot-6] [INFO] [1698530015.643643029] [robot]: Receiving sync message. a_pick_up_sample,arm1,robot1
trials-all-1  | [robot-6] [INFO] [1698530015.648037080] [robot]: not ready
trials-all-1  | [planner-5] [INFO] [1698530015.648367084] [planner]: a_navto,robot1,Room3
trials-all-1  | [nurse-4] [INFO] [1698530015.636688948] [nurse]: Action result: False
trials-all-1  | [nurse-4] [INFO] [1698530015.652984137] [nurse]: Action: a_authenticate_nurse
trials-all-1  | [planner-5] [INFO] [1698530015.656843182] [planner]: a_approach_arm,robot1,arm1
trials-all-1  | [nurse-4] [INFO] [1698530015.657084185] [nurse]: Doing a_authenticate_nurse
trials-all-1  | [planner-5] [INFO] [1698530015.663244257] [planner]: a_open_drawer,robot1
trials-all-1  | [arm-1] [INFO] [1698530015.667853310] [arm]: not ready
trials-all-1  | [arm-1] [INFO] [1698530015.672530364] [arm]: Action result: False
trials-all-1  | [robot-6] [INFO] [1698530015.672995370] [robot]: Action: a_approach_nurse
trials-all-1  | [planner-5] [INFO] [1698530015.675702401] [planner]: a_pick_up_sample,arm1,robot1
trials-all-1  | [arm-1] [INFO] [1698530015.676767414] [arm]: Action: a_pick_up_sample
trials-all-1  | [robot-6] [INFO] [1698530015.677326420] [robot]: Doing a_approach_nurse
trials-all-1  | [planner-5] [INFO] [1698530015.684939509] [planner]: a_close_drawer,robot1
trials-all-1  | [robot-6] [INFO] [1698530015.684987509] [robot]: Receiving sync message. a_authenticate_nurse,robot1,nurse1
trials-all-1  | [arm-1] [INFO] [1698530015.685646517] [arm]: Doing a_pick_up_sample
trials-all-1  | [robot-6] [INFO] [1698530015.691725587] [robot]: not ready
trials-all-1  | [planner-5] [INFO] [1698530015.694482619] [planner]: Sending response
trials-all-1  | [coordinator-2] [INFO] [1698530015.703276721] [coordinator]: Plan received for: robot1, nurse1, arm1 
trials-all-1  | [nurse-4] [INFO] [1698530015.704135731] [nurse]: not ready
trials-all-1  | [nurse-4] [INFO] [1698530015.707843775] [nurse]: Action result: False
trials-all-1  | [coordinator-2] [INFO] [1698530015.707933776] [coordinator]: a_navto,robot1,Room1/a_approach_nurse,robot1/a_authenticate_nurse,robot1,nurse1/a_open_drawer,robot1/a_deposit,nurse1,robot1/a_close_drawer,robot1/a_open_door,nurse1,Room3/a_navto,robot1,Room3/a_approach_arm,robot1,arm1/a_open_drawer,robot1/a_pick_up_sample,arm1,robot1/a_close_drawer,robot1
trials-all-1  | [coordinator-2] [INFO] [1698530015.712397827] [coordinator]: a_navto,robot1,Room1
trials-all-1  | [coordinator-2] [INFO] [1698530015.717186883] [coordinator]: a_approach_nurse,robot1
trials-all-1  | [coordinator-2] [INFO] [1698530015.721470933] [coordinator]: a_authenticate_nurse,robot1,nurse1
trials-all-1  | [nurse-4] [INFO] [1698530015.718751901] [nurse]: Action: a_authenticate_nurse
trials-all-1  | [robot-6] [INFO] [1698530015.731658051] [robot]: Receiving sync message. a_pick_up_sample,arm1,robot1
trials-all-1  | [coordinator-2] [INFO] [1698530015.735357094] [coordinator]: a_open_drawer,robot1
trials-all-1  | [robot-6] [INFO] [1698530015.736216104] [robot]: not ready
trials-all-1  | [nurse-4] [INFO] [1698530015.739011137] [nurse]: Doing a_authenticate_nurse
trials-all-1  | [coordinator-2] [INFO] [1698530015.739551143] [coordinator]: a_deposit,nurse1,robot1
trials-all-1  | [coordinator-2] [INFO] [1698530015.744151196] [coordinator]: a_close_drawer,robot1
trials-all-1  | [arm-1] [INFO] [1698530015.750884274] [arm]: not ready
trials-all-1  | [arm-1] [INFO] [1698530015.754847320] [arm]: Action result: False
trials-all-1  | [robot-6] [INFO] [1698530015.755673330] [robot]: Receiving sync message. a_authenticate_nurse,robot1,nurse1
trials-all-1  | [robot-6] [INFO] [1698530015.759650376] [robot]: not ready
trials-all-1  | [coordinator-2] [INFO] [1698530015.766845460] [coordinator]: a_open_door,nurse1,Room3
trials-all-1  | [nurse-4] [INFO] [1698530015.769309488] [nurse]: not ready
trials-all-1  | [arm-1] [INFO] [1698530015.773165533] [arm]: Action: a_pick_up_sample
trials-all-1  | [nurse-4] [INFO] [1698530015.774151545] [nurse]: Action result: False
trials-all-1  | [arm-1] [INFO] [1698530015.778857599] [arm]: Doing a_pick_up_sample
trials-all-1  | [nurse-4] [INFO] [1698530015.780327616] [nurse]: Action: a_authenticate_nurse
trials-all-1  | [coordinator-2] [INFO] [1698530015.780216615] [coordinator]: a_navto,robot1,Room3
trials-all-1  | [environment-3] [INFO] [1698530015.782083637] [environment]: Receiving message: a_approach_nurse,robot1
trials-all-1  | [nurse-4] [INFO] [1698530015.785224673] [nurse]: Doing a_authenticate_nurse
trials-all-1  | [coordinator-2] [INFO] [1698530015.785319674] [coordinator]: a_approach_arm,robot1,arm1
trials-all-1  | [environment-3] [INFO] [1698530015.787963705] [environment]: Action: a_approach_nurse
trials-all-1  | [coordinator-2] [INFO] [1698530015.789805726] [coordinator]: a_open_drawer,robot1
trials-all-1  | [environment-3] [INFO] [1698530015.791859750] [environment]: Responding
trials-all-1  | [coordinator-2] [INFO] [1698530015.796096800] [coordinator]: a_pick_up_sample,arm1,robot1
trials-all-1  | [robot-6] [INFO] [1698530015.799058834] [robot]: Receiving sync message. a_pick_up_sample,arm1,robot1
trials-all-1  | [coordinator-2] [INFO] [1698530015.802091869] [coordinator]: a_close_drawer,robot1
trials-all-1  | [coordinator-2] [INFO] [1698530015.809863959] [coordinator]: Sending plans
trials-all-1  | [robot-6] [INFO] [1698530015.814532014] [robot]: not ready
trials-all-1  | [robot-6] [INFO] [1698530015.823849122] [robot]: Receiving message.
trials-all-1  | [robot-6] [INFO] [1698530015.827901169] [robot]: Robot's actions:
trials-all-1  | [nurse-4] [INFO] [1698530015.818423059] [nurse]: Receiving message.
trials-all-1  | [coordinator-2] [INFO] [1698530015.820897088] [coordinator]: Plans sent
trials-all-1  | [arm-1] [INFO] [1698530015.821401093] [arm]: Receiving message.
trials-all-1  | [arm-1] [INFO] [1698530015.825321139] [arm]: Arm's actions:
trials-all-1  | [arm-1] [INFO] [1698530015.828726179] [arm]: a_approach_arm
trials-all-1  | [nurse-4] [INFO] [1698530015.831820214] [nurse]: Nurse's actions:
trials-all-1  | [robot-6] [INFO] [1698530015.831920216] [robot]: a_navto
trials-all-1  | [nurse-4] [INFO] [1698530015.836190265] [nurse]: a_authenticate_nurse
trials-all-1  | [robot-6] [INFO] [1698530015.839472303] [robot]: a_approach_nurse
trials-all-1  | [robot-6] [INFO] [1698530015.843753353] [robot]: a_authenticate_nurse
trials-all-1  | [robot-6] [INFO] [1698530015.848480408] [robot]: a_open_drawer
trials-all-1  | [nurse-4] [INFO] [1698530015.846817389] [nurse]: a_deposit
trials-all-1  | [arm-1] [INFO] [1698530015.850367430] [arm]: a_pick_up_sample
trials-all-1  | [arm-1] [INFO] [1698530015.871344674] [arm]: not ready
trials-all-1  | [arm-1] [INFO] [1698530015.875598723] [arm]: Action result: False
trials-all-1  | [nurse-4] [INFO] [1698530015.850635433] [nurse]: a_open_door
trials-all-1  | [robot-6] [INFO] [1698530015.853689468] [robot]: a_deposit
trials-all-1  | [robot-6] [INFO] [1698530015.858288522] [robot]: a_close_drawer
trials-all-1  | [robot-6] [INFO] [1698530015.863234579] [robot]: a_navto
trials-all-1  | [robot-6] [INFO] [1698530015.874089705] [robot]: a_approach_arm
trials-all-1  | [robot-6] [INFO] [1698530015.877631747] [robot]: a_open_drawer
trials-all-1  | [environment-3] [INFO] [1698530015.856539502] [environment]: Receiving message: monitor
trials-all-1  | [environment-3] [INFO] [1698530015.860151544] [environment]: Action: monitor
trials-all-1  | [coordinator-2] [INFO] [1698530015.870318662] [coordinator]: Found a problem
trials-all-1  | [robot-6] [INFO] [1698530015.881381790] [robot]: a_pick_up_sample
trials-all-1  | [robot-6] [INFO] [1698530015.886071845] [robot]: a_close_drawer
trials-all-1  | [arm-1] [INFO] [1698530015.882854807] [arm]: Action: a_approach_arm
trials-all-1  | [arm-1] [INFO] [1698530015.898496989] [arm]: Doing a_approach_arm
trials-all-1  | [environment-3] [INFO] [1698530015.882956808] [environment]: Receiving message: monitor
trials-all-1  | [environment-3] [INFO] [1698530015.887813865] [environment]: Action: monitor
trials-all-1  | [coordinator-2] [INFO] [1698530015.895817958] [coordinator]: Found a problem
trials-all-1  | [robot-6] [INFO] [1698530015.900974018] [robot]: Receiving sync message. a_authenticate_nurse,robot1,nurse1
trials-all-1  | [environment-3] [INFO] [1698530015.904809062] [environment]: Receiving message: monitor
trials-all-1  | [robot-6] [INFO] [1698530015.906198078] [robot]: not ready
trials-all-1  | [nurse-4] [INFO] [1698530015.918590222] [nurse]: not ready
trials-all-1  | [robot-6] [INFO] [1698530015.923335277] [robot]: success
trials-all-1  | [nurse-4] [INFO] [1698530015.924185287] [nurse]: Action result: False
trials-all-1  | [robot-6] [INFO] [1698530015.927670328] [robot]: Action result: True
trials-all-1  | [environment-3] [INFO] [1698530015.930936366] [environment]: Action: monitor
trials-all-1  | [coordinator-2] [INFO] [1698530015.935816422] [coordinator]: Receiving sync message: action_complete,a_approach_nurse
trials-all-1  | [environment-3] [INFO] [1698530015.939054460] [environment]: Receiving message: a_approach_arm,robot1,arm1
trials-all-1  | [coordinator-2] [INFO] [1698530015.946034541] [coordinator]: action_complete
trials-all-1  | [nurse-4] [INFO] [1698530015.948008564] [nurse]: Action: a_authenticate_nurse
trials-all-1  | [environment-3] [INFO] [1698530015.950481593] [environment]: Action: a_approach_arm
trials-all-1  | [coordinator-2] [INFO] [1698530015.954254636] [coordinator]: plans_actions_current 1 of 11
trials-all-1  | [coordinator-2] [INFO] [1698530015.970457825] [coordinator]: Found a problem
trials-all-1  | [environment-3] [INFO] [1698530015.954559640] [environment]: Responding
trials-all-1  | [nurse-4] [INFO] [1698530015.960925714] [nurse]: Doing a_authenticate_nurse
trials-all-1  | [arm-1] [INFO] [1698530015.963098739] [arm]: success
trials-all-1  | [arm-1] [INFO] [1698530015.967050785] [arm]: Action result: True
trials-all-1  | [robot-6] [INFO] [1698530015.966841783] [robot]: Receiving sync message. a_authenticate_nurse,robot1,nurse1
trials-all-1  | [robot-6] [INFO] [1698530015.970724828] [robot]: not ready
trials-all-1  | [robot-6] [INFO] [1698530015.979679932] [robot]: Action: a_navto
trials-all-1  | [nurse-4] [INFO] [1698530015.980549942] [nurse]: not ready
trials-all-1  | [arm-1] [INFO] [1698530015.980988947] [arm]: Action: a_pick_up_sample
trials-all-1  | [robot-6] [INFO] [1698530015.984739991] [robot]: Doing a_navto
trials-all-1  | [arm-1] [INFO] [1698530015.989283043] [arm]: Doing a_pick_up_sample
trials-all-1  | [nurse-4] [INFO] [1698530015.990966063] [nurse]: Action result: False
trials-all-1  | [nurse-4] [INFO] [1698530015.996560128] [nurse]: Action: a_authenticate_nurse
trials-all-1  | [environment-3] [INFO] [1698530015.996561128] [environment]: Receiving message: monitor
trials-all-1  | [robot-6] [INFO] [1698530015.999253159] [robot]: Receiving sync message. a_pick_up_sample,arm1,robot1
trials-all-1  | [environment-3] [INFO] [1698530016.000380172] [environment]: Action: monitor
trials-all-1  | [nurse-4] [INFO] [1698530016.001425184] [nurse]: Doing a_authenticate_nurse
trials-all-1  | [robot-6] [INFO] [1698530016.005525232] [robot]: not ready
trials-all-1  | [coordinator-2] [INFO] [1698530016.010905294] [coordinator]: Found a problem
trials-all-1  | [arm-1] [INFO] [1698530016.017270367] [arm]: not ready
trials-all-1  | [environment-3] [INFO] [1698530016.021592417] [environment]: Receiving message: a_navto,robot1,Room1
trials-all-1  | [environment-3] [INFO] [1698530016.025654464] [environment]: Action: a_navto
trials-all-1  | [arm-1] [INFO] [1698530016.029524509] [arm]: Action result: False
trials-all-1  | [environment-3] [INFO] [1698530016.029725511] [environment]: Responding
trials-all-1  | [robot-6] [INFO] [1698530016.034946571] [robot]: Receiving sync message. a_authenticate_nurse,robot1,nurse1
trials-all-1  | [robot-6] [INFO] [1698530016.045464692] [robot]: not ready
trials-all-1  | [arm-1] [INFO] [1698530016.049151735] [arm]: Action: a_pick_up_sample
trials-all-1  | [environment-3] [INFO] [1698530016.054427796] [environment]: Receiving message: monitor
trials-all-1  | [nurse-4] [INFO] [1698530016.057729834] [nurse]: not ready
trials-all-1  | [robot-6] [INFO] [1698530016.060568867] [robot]: success
trials-all-1  | [arm-1] [INFO] [1698530016.062141885] [arm]: Doing a_pick_up_sample
trials-all-1  | [environment-3] [INFO] [1698530016.067251944] [environment]: Action: monitor
trials-all-1  | [nurse-4] [INFO] [1698530016.069546970] [nurse]: Action result: False
trials-all-1  | [robot-6] [INFO] [1698530016.069791973] [robot]: Action result: True
trials-all-1  | [coordinator-2] [INFO] [1698530016.079208082] [coordinator]: Receiving sync message: action_complete,a_navto
trials-all-1  | [robot-6] [INFO] [1698530016.079775088] [robot]: Receiving sync message. a_pick_up_sample,arm1,robot1
trials-all-1  | [robot-6] [INFO] [1698530016.087551178] [robot]: not ready
trials-all-1  | [arm-1] [INFO] [1698530016.098228301] [arm]: not ready
trials-all-1  | [coordinator-2] [INFO] [1698530016.101134334] [coordinator]: action_complete
trials-all-1  | [nurse-4] [INFO] [1698530016.113900482] [nurse]: Action: a_authenticate_nurse
trials-all-1  | [arm-1] [INFO] [1698530016.118772538] [arm]: Action result: False
trials-all-1  | [coordinator-2] [INFO] [1698530016.120736561] [coordinator]: plans_actions_current 2 of 11
trials-all-1  | [nurse-4] [INFO] [1698530016.129165658] [nurse]: Doing a_authenticate_nurse
trials-all-1  | [arm-1] [INFO] [1698530016.136716745] [arm]: Action: a_pick_up_sample
trials-all-1  | [robot-6] [INFO] [1698530016.141832804] [robot]: Action: a_approach_nurse
trials-all-1  | [coordinator-2] [INFO] [1698530016.143279821] [coordinator]: Found a problem
trials-all-1  | [robot-6] [INFO] [1698530016.146428857] [robot]: Doing a_approach_nurse
trials-all-1  | [arm-1] [INFO] [1698530016.151409914] [arm]: Doing a_pick_up_sample
trials-all-1  | [robot-6] [INFO] [1698530016.151556916] [robot]: Receiving sync message. a_authenticate_nurse,robot1,nurse1
trials-all-1  | [robot-6] [INFO] [1698530016.158710998] [robot]: not ready
trials-all-1  | [nurse-4] [INFO] [1698530016.168007106] [nurse]: not ready
trials-all-1  | [robot-6] [INFO] [1698530016.169329121] [robot]: Receiving sync message. a_pick_up_sample,arm1,robot1
trials-all-1  | [nurse-4] [INFO] [1698530016.173247166] [nurse]: Action result: False
trials-all-1  | [robot-6] [INFO] [1698530016.175696194] [robot]: not ready
trials-all-1  | [arm-1] [INFO] [1698530016.185826311] [arm]: not ready
trials-all-1  | [nurse-4] [INFO] [1698530016.190953370] [nurse]: Action: a_authenticate_nurse
trials-all-1  | [arm-1] [INFO] [1698530016.194885416] [arm]: Action result: False
trials-all-1  | [nurse-4] [INFO] [1698530016.201141488] [nurse]: Doing a_authenticate_nurse
trials-all-1  | [arm-1] [INFO] [1698530016.204124522] [arm]: Action: a_pick_up_sample
trials-all-1  | [arm-1] [INFO] [1698530016.210656598] [arm]: Doing a_pick_up_sample
trials-all-1  | [robot-6] [INFO] [1698530016.212418618] [robot]: Receiving sync message. a_authenticate_nurse,robot1,nurse1
trials-all-1  | [robot-6] [INFO] [1698530016.218544689] [robot]: not ready
trials-all-1  | [nurse-4] [INFO] [1698530016.228507803] [nurse]: not ready
trials-all-1  | [nurse-4] [INFO] [1698530016.234742875] [nurse]: Action result: False
trials-all-1  | [robot-6] [INFO] [1698530016.232712852] [robot]: Receiving sync message. a_pick_up_sample,arm1,robot1
trials-all-1  | [robot-6] [INFO] [1698530016.237609908] [robot]: not ready
trials-all-1  | [nurse-4] [INFO] [1698530016.241216950] [nurse]: Action: a_authenticate_nurse
trials-all-1  | [nurse-4] [INFO] [1698530016.251312066] [nurse]: Doing a_authenticate_nurse
trials-all-1  | [arm-1] [INFO] [1698530016.259028155] [arm]: not ready
trials-all-1  | [environment-3] [INFO] [1698530016.260043167] [environment]: Receiving message: monitor
trials-all-1  | [robot-6] [INFO] [1698530016.260519173] [robot]: Receiving sync message. a_authenticate_nurse,robot1,nurse1
trials-all-1  | [robot-6] [INFO] [1698530016.264688221] [robot]: not ready
trials-all-1  | [environment-3] [INFO] [1698530016.265681232] [environment]: Action: monitor
trials-all-1  | [arm-1] [INFO] [1698530016.272656313] [arm]: Action result: False
trials-all-1  | [arm-1] [INFO] [1698530016.276533357] [arm]: Action: a_pick_up_sample
trials-all-1  | [nurse-4] [INFO] [1698530016.274182330] [nurse]: not ready
trials-all-1  | [environment-3] [INFO] [1698530016.275196342] [environment]: Receiving message: a_approach_nurse,robot1
trials-all-1  | [environment-3] [INFO] [1698530016.279042386] [environment]: Action: a_approach_nurse
trials-all-1  | [coordinator-2] [INFO] [1698530016.277985374] [coordinator]: Found a problem
trials-all-1  | [arm-1] [INFO] [1698530016.280398402] [arm]: Doing a_pick_up_sample
trials-all-1  | [robot-6] [INFO] [1698530016.286658474] [robot]: Receiving sync message. a_pick_up_sample,arm1,robot1
trials-all-1  | [robot-6] [INFO] [1698530016.290636520] [robot]: not ready
trials-all-1  | [nurse-4] [INFO] [1698530016.292951547] [nurse]: Action result: False
trials-all-1  | [nurse-4] [INFO] [1698530016.297212596] [nurse]: Action: a_authenticate_nurse
trials-all-1  | [environment-3] [INFO] [1698530016.298682613] [environment]: Responding
trials-all-1  | [nurse-4] [INFO] [1698530016.304599681] [nurse]: Doing a_authenticate_nurse
trials-all-1  | [arm-1] [INFO] [1698530016.314339793] [arm]: not ready
trials-all-1  | [robot-6] [INFO] [1698530016.316454818] [robot]: Receiving sync message. a_authenticate_nurse,robot1,nurse1
trials-all-1  | [robot-6] [INFO] [1698530016.321535876] [robot]: not ready
trials-all-1  | [arm-1] [INFO] [1698530016.324932915] [arm]: Action result: False
trials-all-1  | [nurse-4] [INFO] [1698530016.332372001] [nurse]: not ready
trials-all-1  | [nurse-4] [INFO] [1698530016.340807099] [nurse]: Action result: False
trials-all-1  | [arm-1] [INFO] [1698530016.342400117] [arm]: Action: a_pick_up_sample
trials-all-1  | [arm-1] [INFO] [1698530016.346854168] [arm]: Doing a_pick_up_sample
trials-all-1  | [robot-6] [INFO] [1698530016.349331197] [robot]: success
trials-all-1  | [robot-6] [INFO] [1698530016.353403244] [robot]: Action result: True
trials-all-1  | [environment-3] [INFO] [1698530016.355412267] [environment]: Receiving message: monitor
trials-all-1  | [nurse-4] [INFO] [1698530016.358227299] [nurse]: Action: a_authenticate_nurse
trials-all-1  | [environment-3] [INFO] [1698530016.359804318] [environment]: Action: monitor
trials-all-1  | [coordinator-2] [INFO] [1698530016.363322358] [coordinator]: Receiving sync message: action_complete,a_approach_nurse
trials-all-1  | [robot-6] [INFO] [1698530016.366414394] [robot]: Receiving sync message. a_pick_up_sample,arm1,robot1
trials-all-1  | [coordinator-2] [INFO] [1698530016.372019459] [coordinator]: action_complete
trials-all-1  | [nurse-4] [INFO] [1698530016.373150472] [nurse]: Doing a_authenticate_nurse
trials-all-1  | [robot-6] [INFO] [1698530016.377224519] [robot]: not ready
trials-all-1  | [coordinator-2] [INFO] [1698530016.380282554] [coordinator]: plans_actions_current 3 of 11
trials-all-1  | [arm-1] [INFO] [1698530016.387453637] [arm]: not ready
trials-all-1  | [robot-6] [INFO] [1698530016.388818652] [robot]: Receiving sync message. a_authenticate_nurse,robot1,nurse1
trials-all-1  | [arm-1] [INFO] [1698530016.391594684] [arm]: Action result: False
trials-all-1  | [robot-6] [INFO] [1698530016.393793710] [robot]: not ready
trials-all-1  | [coordinator-2] [INFO] [1698530016.394039712] [coordinator]: Found a problem
trials-all-1  | [nurse-4] [INFO] [1698530016.404418832] [nurse]: not ready
trials-all-1  | [arm-1] [INFO] [1698530016.405966850] [arm]: Action: a_pick_up_sample
trials-all-1  | [nurse-4] [INFO] [1698530016.408952884] [nurse]: Action result: False
trials-all-1  | [robot-6] [INFO] [1698530016.413617938] [robot]: Action: a_authenticate_nurse
trials-all-1  | [environment-3] [INFO] [1698530016.414358947] [environment]: Receiving message: monitor
trials-all-1  | [robot-6] [INFO] [1698530016.417981989] [robot]: Doing a_authenticate_nurse
trials-all-1  | [environment-3] [INFO] [1698530016.418687997] [environment]: Action: monitor
trials-all-1  | [robot-6] [INFO] [1698530016.422226038] [robot]: wating for nurse1 to authenticate to robot1
trials-all-1  | [arm-1] [INFO] [1698530016.422425040] [arm]: Doing a_pick_up_sample
trials-all-1  | [nurse-4] [INFO] [1698530016.426869091] [nurse]: Action: a_authenticate_nurse
trials-all-1  | [coordinator-2] [INFO] [1698530016.435091186] [coordinator]: Found a problem
trials-all-1  | [nurse-4] [INFO] [1698530016.446511318] [nurse]: Doing a_authenticate_nurse
trials-all-1  | [environment-3] [INFO] [1698530016.447642331] [environment]: Receiving message: monitor
trials-all-1  | [robot-6] [INFO] [1698530016.448681343] [robot]: Receiving sync message. a_pick_up_sample,arm1,robot1
trials-all-1  | [environment-3] [INFO] [1698530016.452257384] [environment]: Action: monitor
trials-all-1  | [robot-6] [INFO] [1698530016.456060428] [robot]: Action result: False
trials-all-1  | [coordinator-2] [INFO] [1698530016.465335535] [coordinator]: Found a problem
trials-all-1  | [robot-6] [INFO] [1698530016.467538560] [robot]: not ready
trials-all-1  | [arm-1] [INFO] [1698530016.481135717] [arm]: not ready
trials-all-1  | [arm-1] [INFO] [1698530016.485794771] [arm]: Action result: False
trials-all-1  | [robot-6] [INFO] [1698530016.489358812] [robot]: Receiving sync message. a_authenticate_nurse,robot1,nurse1
trials-all-1  | [arm-1] [INFO] [1698530016.490054820] [arm]: Action: a_pick_up_sample
trials-all-1  | [robot-6] [INFO] [1698530016.497054901] [robot]: Action: a_authenticate_nurse
trials-all-1  | [robot-6] [INFO] [1698530016.501650954] [robot]: Doing a_authenticate_nurse
trials-all-1  | [arm-1] [INFO] [1698530016.506408008] [arm]: Doing a_pick_up_sample
trials-all-1  | [robot-6] [INFO] [1698530016.507567022] [robot]: Authenticate nurse
trials-all-1  | [environment-3] [INFO] [1698530016.517730139] [environment]: Receiving message: monitor
trials-all-1  | [nurse-4] [INFO] [1698530016.518934153] [nurse]: success
trials-all-1  | [environment-3] [INFO] [1698530016.521971188] [environment]: Action: monitor
trials-all-1  | [nurse-4] [INFO] [1698530016.523148201] [nurse]: Action result: True
trials-all-1  | [robot-6] [INFO] [1698530016.531244295] [robot]: Action result: True
trials-all-1  | [coordinator-2] [INFO] [1698530016.533270318] [coordinator]: Found a problem
trials-all-1  | [nurse-4] [INFO] [1698530016.536791359] [nurse]: Action: a_deposit
trials-all-1  | [coordinator-2] [INFO] [1698530016.540055396] [coordinator]: Receiving sync message: action_complete,a_authenticate_nurse
trials-all-1  | [nurse-4] [INFO] [1698530016.540878406] [nurse]: Doing a_deposit
trials-all-1  | [robot-6] [INFO] [1698530016.546567472] [robot]: Receiving sync message. a_pick_up_sample,arm1,robot1
trials-all-1  | [coordinator-2] [INFO] [1698530016.550486517] [coordinator]: action_complete
trials-all-1  | [robot-6] [INFO] [1698530016.551157524] [robot]: not ready
trials-all-1  | [robot-6] [INFO] [1698530016.560400631] [robot]: Receiving sync message. a_deposit,nurse1,robot1
trials-all-1  | [environment-3] [INFO] [1698530016.560931637] [environment]: Receiving message: monitor
trials-all-1  | [arm-1] [INFO] [1698530016.565518690] [arm]: not ready
trials-all-1  | [arm-1] [INFO] [1698530016.569866740] [arm]: Action result: False
trials-all-1  | [coordinator-2] [INFO] [1698530016.575836809] [coordinator]: plans_actions_current 4 of 11
trials-all-1  | [robot-6] [INFO] [1698530016.576289814] [robot]: not ready
trials-all-1  | [nurse-4] [INFO] [1698530016.585323919] [nurse]: not ready
trials-all-1  | [nurse-4] [INFO] [1698530016.589918972] [nurse]: Action result: False
trials-all-1  | [arm-1] [INFO] [1698530016.593509013] [arm]: Action: a_pick_up_sample
trials-all-1  | [arm-1] [INFO] [1698530016.597810063] [arm]: Doing a_pick_up_sample
trials-all-1  | [nurse-4] [INFO] [1698530016.604097135] [nurse]: Action: a_deposit
trials-all-1  | [robot-6] [INFO] [1698530016.612792235] [robot]: Action: a_open_drawer
trials-all-1  | [robot-6] [INFO] [1698530016.617895294] [robot]: Doing a_open_drawer
trials-all-1  | [robot-6] [INFO] [1698530016.622410346] [robot]: success
trials-all-1  | [nurse-4] [INFO] [1698530016.624903375] [nurse]: Doing a_deposit
trials-all-1  | [robot-6] [INFO] [1698530016.631460451] [robot]: Receiving sync message. a_pick_up_sample,arm1,robot1
trials-all-1  | [robot-6] [INFO] [1698530016.636151505] [robot]: not ready
trials-all-1  | [arm-1] [INFO] [1698530016.647042630] [arm]: not ready
trials-all-1  | [arm-1] [INFO] [1698530016.651508682] [arm]: Action result: False
trials-all-1  | [robot-6] [INFO] [1698530016.656136735] [robot]: Action result: True
trials-all-1  | [robot-6] [INFO] [1698530016.662733811] [robot]: Receiving sync message. a_deposit,nurse1,robot1
trials-all-1  | [robot-6] [INFO] [1698530016.666880859] [robot]: not ready
trials-all-1  | [coordinator-2] [INFO] [1698530016.663459820] [coordinator]: Receiving sync message: action_complete,a_open_drawer
trials-all-1  | [arm-1] [INFO] [1698530016.664957837] [arm]: Action: a_pick_up_sample
trials-all-1  | [coordinator-2] [INFO] [1698530016.673190932] [coordinator]: action_complete
trials-all-1  | [nurse-4] [INFO] [1698530016.675053953] [nurse]: not ready
trials-all-1  | [nurse-4] [INFO] [1698530016.679522005] [nurse]: Action result: False
trials-all-1  | [environment-3] [INFO] [1698530016.678693995] [environment]: Action: monitor
trials-all-1  | [arm-1] [INFO] [1698530016.679059000] [arm]: Doing a_pick_up_sample
trials-all-1  | [coordinator-2] [INFO] [1698530016.679642006] [coordinator]: plans_actions_current 5 of 11
trials-all-1  | [nurse-4] [INFO] [1698530016.684310060] [nurse]: Action: a_deposit
trials-all-1  | [robot-6] [INFO] [1698530016.692027149] [robot]: Receiving sync message. a_pick_up_sample,arm1,robot1
trials-all-1  | [robot-6] [INFO] [1698530016.696149197] [robot]: not ready
trials-all-1  | [nurse-4] [INFO] [1698530016.703141277] [nurse]: Doing a_deposit
trials-all-1  | [coordinator-2] [INFO] [1698530016.705455304] [coordinator]: Found a problem
trials-all-1  | [robot-6] [INFO] [1698530016.708944344] [robot]: Action: a_deposit
trials-all-1  | [arm-1] [INFO] [1698530016.709249348] [arm]: not ready
trials-all-1  | [environment-3] [INFO] [1698530016.712999391] [environment]: Receiving message: monitor
trials-all-1  | [robot-6] [INFO] [1698530016.713404396] [robot]: Doing a_deposit
trials-all-1  | [robot-6] [INFO] [1698530016.717836447] [robot]: wating for nurse1 to deposit in robot1
trials-all-1  | [arm-1] [INFO] [1698530016.719078461] [arm]: Action result: False
trials-all-1  | [robot-6] [INFO] [1698530016.722582501] [robot]: Action result: False
trials-all-1  | [robot-6] [INFO] [1698530016.729764584] [robot]: Receiving sync message. a_deposit,nurse1,robot1
trials-all-1  | [arm-1] [INFO] [1698530016.731138600] [arm]: Action: a_pick_up_sample
trials-all-1  | [environment-3] [INFO] [1698530016.731201601] [environment]: Action: monitor
trials-all-1  | [robot-6] [INFO] [1698530016.736632664] [robot]: Deposit
trials-all-1  | [coordinator-2] [INFO] [1698530016.740160704] [coordinator]: Found a problem
trials-all-1  | [arm-1] [INFO] [1698530016.742518731] [arm]: Doing a_pick_up_sample
trials-all-1  | [nurse-4] [INFO] [1698530016.748524801] [nurse]: success
trials-all-1  | [environment-3] [INFO] [1698530016.748515801] [environment]: Receiving message: monitor
trials-all-1  | [environment-3] [INFO] [1698530016.753664860] [environment]: Action: monitor
trials-all-1  | [nurse-4] [INFO] [1698530016.754110865] [nurse]: Action result: True
trials-all-1  | [coordinator-2] [INFO] [1698530016.764427984] [coordinator]: Found a problem
trials-all-1  | [robot-6] [INFO] [1698530016.766864012] [robot]: Action: a_deposit
trials-all-1  | [nurse-4] [INFO] [1698530016.773389087] [nurse]: Action: a_open_door
trials-all-1  | [robot-6] [INFO] [1698530016.782080188] [robot]: Receiving sync message. a_pick_up_sample,arm1,robot1
trials-all-1  | [nurse-4] [INFO] [1698530016.785454227] [nurse]: Doing a_open_door
trials-all-1  | [robot-6] [INFO] [1698530016.788015256] [robot]: Doing a_deposit
trials-all-1  | [robot-6] [INFO] [1698530016.792346306] [robot]: Action result: True
trials-all-1  | [robot-6] [INFO] [1698530016.796407353] [robot]: not ready
trials-all-1  | [coordinator-2] [INFO] [1698530016.799863393] [coordinator]: Receiving sync message: action_complete,a_deposit
trials-all-1  | [coordinator-2] [INFO] [1698530016.803784438] [coordinator]: action_complete
trials-all-1  | [coordinator-2] [INFO] [1698530016.808901497] [coordinator]: plans_actions_current 6 of 11
trials-all-1  | [arm-1] [INFO] [1698530016.808223489] [arm]: not ready
trials-all-1  | [robot-6] [INFO] [1698530016.817196593] [robot]: Action: a_close_drawer
trials-all-1  | [robot-6] [INFO] [1698530016.821810646] [robot]: Doing a_close_drawer
trials-all-1  | [arm-1] [INFO] [1698530016.819249616] [arm]: Action result: False
trials-all-1  | [environment-3] [INFO] [1698530016.820629632] [environment]: Receiving message: monitor
trials-all-1  | [environment-3] [INFO] [1698530016.824822681] [environment]: Action: monitor
trials-all-1  | [arm-1] [INFO] [1698530016.836082810] [arm]: Action: a_pick_up_sample
trials-all-1  | [robot-6] [INFO] [1698530016.836584816] [robot]: success
trials-all-1  | [robot-6] [INFO] [1698530016.841733876] [robot]: Action result: True
trials-all-1  | [coordinator-2] [INFO] [1698530016.841919878] [coordinator]: Found a problem
trials-all-1  | [arm-1] [INFO] [1698530016.848117949] [arm]: Doing a_pick_up_sample
trials-all-1  | [coordinator-2] [INFO] [1698530016.851298986] [coordinator]: Receiving sync message: action_complete,a_close_drawer
trials-all-1  | [robot-6] [INFO] [1698530016.856711048] [robot]: Receiving sync message. a_pick_up_sample,arm1,robot1
trials-all-1  | [environment-3] [INFO] [1698530016.857962063] [environment]: Receiving message: a_open_door,nurse1,Room3
trials-all-1  | [robot-6] [INFO] [1698530016.861085099] [robot]: not ready
trials-all-1  | [coordinator-2] [INFO] [1698530016.865784153] [coordinator]: action_complete
trials-all-1  | [environment-3] [INFO] [1698530016.868221181] [environment]: Action: a_open_door
trials-all-1  | [coordinator-2] [INFO] [1698530016.869962201] [coordinator]: plans_actions_current 7 of 11
trials-all-1  | [arm-1] [INFO] [1698530016.874006248] [arm]: not ready
trials-all-1  | [robot-6] [INFO] [1698530016.879794315] [robot]: Action: a_navto
trials-all-1  | [environment-3] [INFO] [1698530016.881496334] [environment]: Responding
trials-all-1  | [arm-1] [INFO] [1698530016.885147376] [arm]: Action result: False
trials-all-1  | [nurse-4] [INFO] [1698530016.891488449] [nurse]: success
trials-all-1  | [nurse-4] [INFO] [1698530016.895786499] [nurse]: Action result: True
trials-all-1  | [arm-1] [INFO] [1698530016.894587485] [arm]: Action: a_pick_up_sample
trials-all-1  | [robot-6] [INFO] [1698530016.898974536] [robot]: Doing a_navto
trials-all-1  | [arm-1] [INFO] [1698530016.906893627] [arm]: Doing a_pick_up_sample
trials-all-1  | [robot-6] [INFO] [1698530016.921010790] [robot]: Receiving sync message. a_pick_up_sample,arm1,robot1
trials-all-1  | [robot-6] [INFO] [1698530016.926341851] [robot]: not ready
trials-all-1  | [environment-3] [INFO] [1698530016.930649901] [environment]: Receiving message: monitor
trials-all-1  | [environment-3] [INFO] [1698530016.938352990] [environment]: Action: monitor
trials-all-1  | [arm-1] [INFO] [1698530016.951821145] [arm]: not ready
trials-all-1  | [arm-1] [INFO] [1698530016.961673259] [arm]: Action result: False
trials-all-1  | [arm-1] [INFO] [1698530016.972351382] [arm]: Action: a_pick_up_sample
trials-all-1  | [arm-1] [INFO] [1698530016.987043551] [arm]: Doing a_pick_up_sample
trials-all-1  | [robot-6] [INFO] [1698530016.996369659] [robot]: Receiving sync message. a_pick_up_sample,arm1,robot1
trials-all-1  | [environment-3] [INFO] [1698530017.001759721] [environment]: Receiving message: a_navto,robot1,Room3
trials-all-1  | [robot-6] [INFO] [1698530017.001832722] [robot]: not ready
trials-all-1  | [arm-1] [INFO] [1698530017.023431970] [arm]: not ready
trials-all-1  | [arm-1] [INFO] [1698530017.030529051] [arm]: Action result: False
trials-all-1  | [arm-1] [INFO] [1698530017.036605121] [arm]: Action: a_pick_up_sample
trials-all-1  | [arm-1] [INFO] [1698530017.042338186] [arm]: Doing a_pick_up_sample
trials-all-1  | [robot-6] [INFO] [1698530017.050533280] [robot]: Receiving sync message. a_pick_up_sample,arm1,robot1
trials-all-1  | [robot-6] [INFO] [1698530017.057352358] [robot]: not ready
trials-all-1  | [environment-3] [INFO] [1698530017.069928502] [environment]: Action: a_navto
trials-all-1  | [environment-3] [INFO] [1698530017.079998618] [environment]: Responding
trials-all-1  | [arm-1] [INFO] [1698530017.082944651] [arm]: not ready
trials-all-1  | [arm-1] [INFO] [1698530017.090399737] [arm]: Action result: False
trials-all-1  | [arm-1] [INFO] [1698530017.193976923] [arm]: Action: a_pick_up_sample
trials-all-1  | [arm-1] [INFO] [1698530017.219379214] [arm]: Doing a_pick_up_sample
trials-all-1  | [robot-6] [INFO] [1698530017.224435272] [robot]: success
trials-all-1  | [robot-6] [INFO] [1698530017.234082382] [robot]: Action result: True
trials-all-1  | [robot-6] [INFO] [1698530017.244666503] [robot]: Receiving sync message. a_pick_up_sample,arm1,robot1
trials-all-1  | [coordinator-2] [INFO] [1698530017.251747584] [coordinator]: Receiving sync message: action_complete,a_navto
trials-all-1  | [robot-6] [INFO] [1698530017.253968610] [robot]: not ready
trials-all-1  | [coordinator-2] [INFO] [1698530017.262118703] [coordinator]: action_complete
trials-all-1  | [coordinator-2] [INFO] [1698530017.276124863] [coordinator]: plans_actions_current 8 of 11
trials-all-1  | [arm-1] [INFO] [1698530017.283980953] [arm]: not ready
trials-all-1  | [robot-6] [INFO] [1698530017.292440050] [robot]: Action: a_approach_arm
trials-all-1  | [arm-1] [INFO] [1698530017.299641133] [arm]: Action result: False
trials-all-1  | [environment-3] [INFO] [1698530017.308934239] [environment]: Receiving message: monitor
trials-all-1  | [robot-6] [INFO] [1698530017.310213254] [robot]: Doing a_approach_arm
trials-all-1  | [arm-1] [INFO] [1698530017.313915296] [arm]: Action: a_pick_up_sample
trials-all-1  | [arm-1] [INFO] [1698530017.319790363] [arm]: Doing a_pick_up_sample
trials-all-1  | [environment-3] [INFO] [1698530017.325226426] [environment]: Action: monitor
trials-all-1  | [robot-6] [INFO] [1698530017.328309461] [robot]: Receiving sync message. a_pick_up_sample,arm1,robot1
trials-all-1  | [robot-6] [INFO] [1698530017.348697694] [robot]: not ready
trials-all-1  | [arm-1] [INFO] [1698530017.359146814] [arm]: not ready
trials-all-1  | [arm-1] [INFO] [1698530017.365477887] [arm]: Action result: False
trials-all-1  | [environment-3] [INFO] [1698530017.367917915] [environment]: Receiving message: a_approach_arm,robot1,arm1
trials-all-1  | [arm-1] [INFO] [1698530017.369623934] [arm]: Action: a_pick_up_sample
trials-all-1  | [arm-1] [INFO] [1698530017.373886983] [arm]: Doing a_pick_up_sample
trials-all-1  | [robot-6] [INFO] [1698530017.382888086] [robot]: Receiving sync message. a_pick_up_sample,arm1,robot1
trials-all-1  | [environment-3] [INFO] [1698530017.385225113] [environment]: Action: a_approach_arm
trials-all-1  | [robot-6] [INFO] [1698530017.387210135] [robot]: not ready
trials-all-1  | [environment-3] [INFO] [1698530017.392684198] [environment]: Responding
trials-all-1  | [arm-1] [INFO] [1698530017.401628301] [arm]: not ready
trials-all-1  | [arm-1] [INFO] [1698530017.414617449] [arm]: Action result: False
trials-all-1  | [environment-3] [INFO] [1698530017.427406596] [environment]: Receiving message: monitor
trials-all-1  | [environment-3] [INFO] [1698530017.435160685] [environment]: Action: monitor
trials-all-1  | [robot-6] [INFO] [1698530017.429177616] [robot]: success
trials-all-1  | [robot-6] [INFO] [1698530017.435499688] [robot]: Action result: True
trials-all-1  | [coordinator-2] [INFO] [1698530017.445745806] [coordinator]: Receiving sync message: action_complete,a_approach_arm
trials-all-1  | [arm-1] [INFO] [1698530017.462483997] [arm]: Action: a_pick_up_sample
trials-all-1  | [arm-1] [INFO] [1698530017.467413054] [arm]: Doing a_pick_up_sample
trials-all-1  | [coordinator-2] [INFO] [1698530017.469122073] [coordinator]: action_complete
trials-all-1  | [coordinator-2] [INFO] [1698530017.473949129] [coordinator]: plans_actions_current 9 of 11
trials-all-1  | [robot-6] [INFO] [1698530017.484602251] [robot]: Action: a_open_drawer
trials-all-1  | [robot-6] [INFO] [1698530017.489637308] [robot]: Doing a_open_drawer
trials-all-1  | [robot-6] [INFO] [1698530017.494319362] [robot]: success
trials-all-1  | [robot-6] [INFO] [1698530017.509860540] [robot]: Receiving sync message. a_pick_up_sample,arm1,robot1
trials-all-1  | [environment-3] [INFO] [1698530017.514564594] [environment]: Receiving message: monitor
trials-all-1  | [robot-6] [INFO] [1698530017.514629595] [robot]: not ready
trials-all-1  | [environment-3] [INFO] [1698530017.520953667] [environment]: Action: monitor
trials-all-1  | [arm-1] [INFO] [1698530017.524790711] [arm]: not ready
trials-all-1  | [arm-1] [INFO] [1698530017.537939862] [arm]: Action result: False
trials-all-1  | [arm-1] [INFO] [1698530017.542381912] [arm]: Action: a_pick_up_sample
trials-all-1  | [environment-3] [INFO] [1698530017.546292957] [environment]: Receiving message: monitor
trials-all-1  | [robot-6] [INFO] [1698530017.547176967] [robot]: Action result: True
trials-all-1  | [coordinator-2] [INFO] [1698530017.554307049] [coordinator]: Receiving sync message: action_complete,a_open_drawer
trials-all-1  | [environment-3] [INFO] [1698530017.563168150] [environment]: Action: monitor
trials-all-1  | [arm-1] [INFO] [1698530017.563449154] [arm]: Doing a_pick_up_sample
trials-all-1  | [coordinator-2] [INFO] [1698530017.569808226] [coordinator]: action_complete
trials-all-1  | [robot-6] [INFO] [1698530017.578183322] [robot]: Receiving sync message. a_pick_up_sample,arm1,robot1
trials-all-1  | [robot-6] [INFO] [1698530017.582590373] [robot]: not ready
trials-all-1  | [coordinator-2] [INFO] [1698530017.589526452] [coordinator]: plans_actions_current 10 of 11
trials-all-1  | [arm-1] [INFO] [1698530017.602972606] [arm]: not ready
trials-all-1  | [arm-1] [INFO] [1698530017.611401703] [arm]: Action result: False
trials-all-1  | [robot-6] [INFO] [1698530017.621076814] [robot]: Action: a_pick_up_sample
trials-all-1  | [robot-6] [INFO] [1698530017.625554865] [robot]: Doing a_pick_up_sample
trials-all-1  | [arm-1] [INFO] [1698530017.634887972] [arm]: Action: a_pick_up_sample
trials-all-1  | [robot-6] [INFO] [1698530017.640417035] [robot]: wating for arm1 to pick up from robot1
trials-all-1  | [robot-6] [INFO] [1698530017.644922087] [robot]: Action result: False
trials-all-1  | [arm-1] [INFO] [1698530017.651592163] [arm]: Doing a_pick_up_sample
trials-all-1  | [robot-6] [INFO] [1698530017.659216250] [robot]: Receiving sync message. a_pick_up_sample,arm1,robot1
trials-all-1  | [robot-6] [INFO] [1698530017.663757302] [robot]: Pick up
trials-all-1  | [arm-1] [INFO] [1698530017.673869418] [arm]: success
trials-all-1  | [robot-6] [INFO] [1698530017.678475471] [robot]: Action: a_pick_up_sample
trials-all-1  | [robot-6] [INFO] [1698530017.683325526] [robot]: Doing a_pick_up_sample
trials-all-1  | [arm-1] [INFO] [1698530017.687874578] [arm]: Action result: True
trials-all-1  | [robot-6] [INFO] [1698530017.695751669] [robot]: Action result: True
trials-all-1  | [coordinator-2] [INFO] [1698530017.714235880] [coordinator]: Receiving sync message: action_complete,a_pick_up_sample
trials-all-1  | [coordinator-2] [INFO] [1698530017.718643931] [coordinator]: action_complete
trials-all-1  | [environment-3] [INFO] [1698530017.723445986] [environment]: Receiving message: monitor
trials-all-1  | [coordinator-2] [INFO] [1698530017.724265995] [coordinator]: plans_actions_current 11 of 11
trials-all-1  | [coordinator-2] [INFO] [1698530017.728554044] [coordinator]: The time of execution of above program is:2.7812881469726562
trials-all-1  | [environment-3] [INFO] [1698530017.728842048] [environment]: Action: monitor
trials-all-1  | [coordinator-2] [INFO] [1698530017.753555331] [coordinator]: Achieved
trials-all-1  | [coordinator-2] [INFO] [1698530017.757681378] [coordinator]: ENDSIM
trials-all-1  | [robot-6] [INFO] [1698530017.766571480] [robot]: Action: a_close_drawer
trials-all-1  | [robot-6] [INFO] [1698530017.774332569] [robot]: Doing a_close_drawer
trials-all-1  | [robot-6] [INFO] [1698530017.778942621] [robot]: success
trials-all-1  | [robot-6] [INFO] [1698530017.807458948] [robot]: Action result: True
trials-all-1  | [coordinator-2] [INFO] [1698530017.840696328] [coordinator]: Receiving sync message: action_complete,a_close_drawer
trials-all-1  | [coordinator-2] [INFO] [1698530017.845644385] [coordinator]: action_complete
trials-all-1  | [coordinator-2] [INFO] [1698530017.869709661] [coordinator]: plans_actions_current 12 of 11
trials-all-1  | [coordinator-2] [INFO] [1698530017.874495715] [coordinator]: The time of execution of above program is:2.9269325733184814
trials-all-1  | [coordinator-2] [INFO] [1698530017.878803765] [coordinator]: Achieved
trials-all-1  | [coordinator-2] [INFO] [1698530017.882856811] [coordinator]: ENDSIM
trials-all-1 exited with code 0
