 Network trials_ros  Creating
 Network trials_ros  Created
 Container trials-all-1  Creating
 Container trials-all-1  Created
Attaching to trials-all-1
trials-all-1  | [INFO] [launch]: All log files can be found below /root/.ros/log/2023-10-28-22-20-25-157072-eba9383325c9-1
trials-all-1  | [INFO] [launch]: Default logging verbosity is set to INFO
trials-all-1  | [INFO] [arm-1]: process started with pid [52]
trials-all-1  | [INFO] [coordinator-2]: process started with pid [54]
trials-all-1  | [INFO] [environment-3]: process started with pid [56]
trials-all-1  | [INFO] [nurse-4]: process started with pid [58]
trials-all-1  | [INFO] [planner-5]: process started with pid [60]
trials-all-1  | [INFO] [robot-6]: process started with pid [62]
trials-all-1  | [coordinator-2] [INFO] [1698531629.440236069] [coordinator]: Starting Coordinator server
trials-all-1  | [arm-1] [INFO] [1698531629.475179735] [arm]: Starting Arm server
trials-all-1  | [nurse-4] [INFO] [1698531629.502286251] [nurse]: Starting Nurse server
trials-all-1  | [coordinator-2] [INFO] [1698531629.516227517] [coordinator]: Coordinator server started
trials-all-1  | [arm-1] [INFO] [1698531629.516486522] [arm]: Arm server started
trials-all-1  | [coordinator-2] [INFO] [1698531629.523243650] [coordinator]: Starting Coordinator clients
trials-all-1  | [arm-1] [INFO] [1698531629.529356767] [arm]: Starting Nurse clients
trials-all-1  | [robot-6] [INFO] [1698531629.532393825] [robot]: Starting Robot server
trials-all-1  | [nurse-4] [INFO] [1698531629.553341224] [nurse]: Nurse server started
trials-all-1  | [nurse-4] [INFO] [1698531629.563231412] [nurse]: Starting Nurse clients
trials-all-1  | [environment-3] [INFO] [1698531629.587512875] [environment]: Starting Environment server
trials-all-1  | [robot-6] [INFO] [1698531629.588886901] [robot]: Robot server started
trials-all-1  | [robot-6] [INFO] [1698531629.595520027] [robot]: Starting Robots clients
trials-all-1  | [environment-3] [INFO] [1698531629.624782585] [environment]: Environment server started
trials-all-1  | [robot-6] [INFO] [1698531629.641540904] [robot]: Robots clients started
trials-all-1  | [arm-1] [INFO] [1698531629.828301461] [arm]: Nurse clients started
trials-all-1  | [nurse-4] [INFO] [1698531629.882769499] [nurse]: Nurse clients started
trials-all-1  | [nurse-4] [INFO] [1698531629.919517199] [nurse]: Sent request
trials-all-1  | [coordinator-2] [INFO] [1698531630.561904390] [coordinator]: planner sync service not available, waiting again...
trials-all-1  | [coordinator-2] [INFO] [1698531631.575220565] [coordinator]: planner sync service not available, waiting again...
trials-all-1  | [coordinator-2] [INFO] [1698531632.590575694] [coordinator]: planner sync service not available, waiting again...
trials-all-1  | [coordinator-2] [INFO] [1698531633.606593753] [coordinator]: planner sync service not available, waiting again...
trials-all-1  | [coordinator-2] [INFO] [1698531634.622154721] [coordinator]: planner sync service not available, waiting again...
trials-all-1  | [coordinator-2] [INFO] [1698531635.634571547] [coordinator]: planner sync service not available, waiting again...
trials-all-1  | [planner-5] Matplotlib is building the font cache; this may take a moment.
trials-all-1  | [coordinator-2] [INFO] [1698531636.648498320] [coordinator]: planner sync service not available, waiting again...
trials-all-1  | [coordinator-2] [INFO] [1698531637.661848999] [coordinator]: planner sync service not available, waiting again...
trials-all-1  | [coordinator-2] [INFO] [1698531638.674304581] [coordinator]: planner sync service not available, waiting again...
trials-all-1  | [planner-5] [INFO] [1698531639.490306496] [planner]: Starting Planner server
trials-all-1  | [planner-5] [INFO] [1698531639.506321788] [planner]: Planner server started
trials-all-1  | [coordinator-2] [INFO] [1698531639.684964048] [coordinator]: planner sync service not available, waiting again...
trials-all-1  | [coordinator-2] [INFO] [1698531640.702769563] [coordinator]: planner sync service not available, waiting again...
trials-all-1  | [coordinator-2] [INFO] [1698531641.301549418] [coordinator]: Coordinator clients started
trials-all-1  | [coordinator-2] [INFO] [1698531641.341654143] [coordinator]: Receiving message of nurse1 in room3.
trials-all-1  | [coordinator-2] [INFO] [1698531641.353446356] [coordinator]: Sending response
trials-all-1  | [coordinator-2] [INFO] [1698531641.367354608] [coordinator]: Planing
trials-all-1  | [nurse-4] [INFO] [1698531641.372117694] [nurse]: Request response:Okay!
trials-all-1  | [coordinator-2] [INFO] [1698531641.378064802] [coordinator]: Creating plan for: robot1, nurse1, arm1 
trials-all-1  | [planner-5] [INFO] [1698531641.386187949] [planner]: Receiving sync message. need_plan,robot1,nurse1,arm1
trials-all-1  | [planner-5] [INFO] [1698531641.402594245] [planner]: Creating plan for: robot1 robot1 nurse1
trials-all-1  | [planner-5] [INFO] [1698531641.416704501] [planner]: a_navto,robot1,Room1
trials-all-1  | [planner-5] [INFO] [1698531641.436051851] [planner]: a_approach_nurse,robot1
trials-all-1  | [planner-5] [INFO] [1698531641.444190998] [planner]: a_authenticate_nurse,robot1,nurse1
trials-all-1  | [planner-5] [INFO] [1698531641.461632313] [planner]: a_open_drawer,robot1
trials-all-1  | [planner-5] [INFO] [1698531641.470259469] [planner]: a_deposit,nurse1,robot1
trials-all-1  | [planner-5] [INFO] [1698531641.487862788] [planner]: a_close_drawer,robot1
trials-all-1  | [planner-5] [INFO] [1698531641.496364942] [planner]: a_navto,robot1,Room3
trials-all-1  | [planner-5] [INFO] [1698531641.504109082] [planner]: a_approach_arm,robot1,arm1
trials-all-1  | [planner-5] [INFO] [1698531641.524356448] [planner]: a_open_drawer,robot1
trials-all-1  | [planner-5] [INFO] [1698531641.532472595] [planner]: a_pick_up_sample,arm1,robot1
trials-all-1  | [planner-5] [INFO] [1698531641.540787745] [planner]: a_close_drawer,robot1
trials-all-1  | [planner-5] [INFO] [1698531641.560735106] [planner]: Sending response
trials-all-1  | [coordinator-2] [INFO] [1698531641.574235350] [coordinator]: Plan received for: robot1, nurse1, arm1 
trials-all-1  | [coordinator-2] [INFO] [1698531641.578035419] [coordinator]: a_navto,robot1,Room1/a_approach_nurse,robot1/a_authenticate_nurse,robot1,nurse1/a_open_drawer,robot1/a_deposit,nurse1,robot1/a_close_drawer,robot1/a_navto,robot1,Room3/a_approach_arm,robot1,arm1/a_open_drawer,robot1/a_pick_up_sample,arm1,robot1/a_close_drawer,robot1
trials-all-1  | [coordinator-2] [INFO] [1698531641.582829505] [coordinator]: a_navto,robot1,Room1
trials-all-1  | [coordinator-2] [INFO] [1698531641.599324804] [coordinator]: a_approach_nurse,robot1
trials-all-1  | [coordinator-2] [INFO] [1698531641.606976942] [coordinator]: a_authenticate_nurse,robot1,nurse1
trials-all-1  | [coordinator-2] [INFO] [1698531641.624602261] [coordinator]: a_open_drawer,robot1
trials-all-1  | [coordinator-2] [INFO] [1698531641.633202417] [coordinator]: a_deposit,nurse1,robot1
trials-all-1  | [coordinator-2] [INFO] [1698531641.651817753] [coordinator]: a_close_drawer,robot1
trials-all-1  | [coordinator-2] [INFO] [1698531641.660112903] [coordinator]: a_navto,robot1,Room3
trials-all-1  | [coordinator-2] [INFO] [1698531641.676241195] [coordinator]: a_approach_arm,robot1,arm1
trials-all-1  | [coordinator-2] [INFO] [1698531641.684506345] [coordinator]: a_open_drawer,robot1
trials-all-1  | [coordinator-2] [INFO] [1698531641.691951479] [coordinator]: a_pick_up_sample,arm1,robot1
trials-all-1  | [coordinator-2] [INFO] [1698531641.699616618] [coordinator]: a_close_drawer,robot1
trials-all-1  | [coordinator-2] [INFO] [1698531641.707411759] [coordinator]: Sending plans
trials-all-1  | [coordinator-2] [INFO] [1698531641.720531996] [coordinator]: Plans sent
trials-all-1  | [arm-1] [INFO] [1698531641.731543195] [arm]: Receiving message.
trials-all-1  | [nurse-4] [INFO] [1698531641.733961239] [nurse]: Receiving message.
trials-all-1  | [nurse-4] [INFO] [1698531641.739629342] [nurse]: Nurse's actions:
trials-all-1  | [robot-6] [INFO] [1698531641.742332390] [robot]: Receiving message.
trials-all-1  | [robot-6] [INFO] [1698531641.747719488] [robot]: Robot's actions:
trials-all-1  | [arm-1] [INFO] [1698531641.750508538] [arm]: Arm's actions:
trials-all-1  | [nurse-4] [INFO] [1698531641.757351662] [nurse]: Action: a_authenticate_nurse
trials-all-1  | [nurse-4] [INFO] [1698531641.759457700] [nurse]: a_authenticate_nurse
trials-all-1  | [arm-1] [INFO] [1698531641.760833725] [arm]: Action: a_approach_arm
trials-all-1  | [environment-3] [INFO] [1698531641.763058765] [environment]: Receiving message: monitor
trials-all-1  | [robot-6] [INFO] [1698531641.763095766] [robot]: Action: a_navto
trials-all-1  | [arm-1] [INFO] [1698531641.765183804] [arm]: Doing a_approach_arm
trials-all-1  | [arm-1] [INFO] [1698531641.772273932] [arm]: a_approach_arm
trials-all-1  | [robot-6] [INFO] [1698531641.766843834] [robot]: Doing a_navto
trials-all-1  | [nurse-4] [INFO] [1698531641.771373916] [nurse]: Doing a_authenticate_nurse
trials-all-1  | [robot-6] [INFO] [1698531641.773623956] [robot]: a_navto
trials-all-1  | [robot-6] [INFO] [1698531641.778434043] [robot]: a_authenticate_nurse
trials-all-1  | [environment-3] [INFO] [1698531641.779474062] [environment]: Action: monitor
trials-all-1  | [robot-6] [INFO] [1698531641.782656120] [robot]: a_open_drawer
trials-all-1  | [robot-6] [INFO] [1698531641.786593191] [robot]: a_deposit
trials-all-1  | [robot-6] [INFO] [1698531641.790310258] [robot]: a_close_drawer
trials-all-1  | [robot-6] [INFO] [1698531641.794637337] [robot]: a_navto
trials-all-1  | [robot-6] [INFO] [1698531641.798885413] [robot]: a_approach_arm
trials-all-1  | [robot-6] [INFO] [1698531641.803171491] [robot]: a_open_drawer
trials-all-1  | [robot-6] [INFO] [1698531641.807584571] [robot]: a_pick_up_sample
trials-all-1  | [robot-6] [INFO] [1698531641.811613644] [robot]: a_close_drawer
trials-all-1  | [robot-6] [INFO] [1698531641.823388857] [robot]: Receiving sync message. a_authenticate_nurse,robot1,nurse1
trials-all-1  | [robot-6] [INFO] [1698531641.827919939] [robot]: not ready
trials-all-1  | [nurse-4] [INFO] [1698531641.842272198] [nurse]: not ready
trials-all-1  | [nurse-4] [INFO] [1698531641.846851281] [nurse]: Action result: False
trials-all-1  | [environment-3] [INFO] [1698531641.848414309] [environment]: Receiving message: a_approach_arm,robot1,arm1
trials-all-1  | [nurse-4] [INFO] [1698531641.851119358] [nurse]: Action: a_authenticate_nurse
trials-all-1  | [nurse-4] [INFO] [1698531641.855477437] [nurse]: Doing a_authenticate_nurse
trials-all-1  | [robot-6] [INFO] [1698531641.861975555] [robot]: Receiving sync message. a_authenticate_nurse,robot1,nurse1
trials-all-1  | [robot-6] [INFO] [1698531641.866062628] [robot]: not ready
trials-all-1  | [environment-3] [INFO] [1698531641.872899752] [environment]: Action: a_approach_arm
trials-all-1  | [nurse-4] [INFO] [1698531641.880080882] [nurse]: not ready
trials-all-1  | [nurse-4] [INFO] [1698531641.887058008] [nurse]: Action result: False
trials-all-1  | [nurse-4] [INFO] [1698531641.893832131] [nurse]: Action: a_authenticate_nurse
trials-all-1  | [nurse-4] [INFO] [1698531641.900191246] [nurse]: Doing a_authenticate_nurse
trials-all-1  | [robot-6] [INFO] [1698531641.906268356] [robot]: Receiving sync message. a_authenticate_nurse,robot1,nurse1
trials-all-1  | [robot-6] [INFO] [1698531641.910186427] [robot]: not ready
trials-all-1  | [nurse-4] [INFO] [1698531641.919677598] [nurse]: not ready
trials-all-1  | [nurse-4] [INFO] [1698531641.925538704] [nurse]: Action result: False
trials-all-1  | [nurse-4] [INFO] [1698531641.931291808] [nurse]: Action: a_authenticate_nurse
trials-all-1  | [nurse-4] [INFO] [1698531641.937268916] [nurse]: Doing a_authenticate_nurse
trials-all-1  | [robot-6] [INFO] [1698531641.943798034] [robot]: Receiving sync message. a_authenticate_nurse,robot1,nurse1
trials-all-1  | [robot-6] [INFO] [1698531641.948411118] [robot]: not ready
trials-all-1  | [nurse-4] [INFO] [1698531641.959452318] [nurse]: not ready
trials-all-1  | [nurse-4] [INFO] [1698531641.966392443] [nurse]: Action result: False
trials-all-1  | [environment-3] [INFO] [1698531641.968238477] [environment]: Responding
trials-all-1  | [nurse-4] [INFO] [1698531641.973738576] [nurse]: Action: a_authenticate_nurse
trials-all-1  | [environment-3] [INFO] [1698531641.978991671] [environment]: Receiving message: a_navto,robot1,Room1
trials-all-1  | [nurse-4] [INFO] [1698531641.983251748] [nurse]: Doing a_authenticate_nurse
trials-all-1  | [environment-3] [INFO] [1698531641.983514753] [environment]: Action: a_navto
trials-all-1  | [arm-1] [INFO] [1698531641.985191783] [arm]: success
trials-all-1  | [arm-1] [INFO] [1698531641.989583863] [arm]: Action result: True
trials-all-1  | [arm-1] [INFO] [1698531641.993633936] [arm]: Action: a_pick_up_sample
trials-all-1  | [robot-6] [INFO] [1698531641.997117999] [robot]: Receiving sync message. a_authenticate_nurse,robot1,nurse1
trials-all-1  | [arm-1] [INFO] [1698531641.997856012] [arm]: Doing a_pick_up_sample
trials-all-1  | [robot-6] [INFO] [1698531642.004481132] [robot]: not ready
trials-all-1  | [environment-3] [INFO] [1698531642.009005213] [environment]: Responding
trials-all-1  | [nurse-4] [INFO] [1698531642.021539439] [nurse]: not ready
trials-all-1  | [robot-6] [INFO] [1698531642.022961465] [robot]: Receiving sync message. a_pick_up_sample,arm1,robot1
trials-all-1  | [robot-6] [INFO] [1698531642.027069539] [robot]: not ready
trials-all-1  | [nurse-4] [INFO] [1698531642.029548583] [nurse]: Action result: False
trials-all-1  | [environment-3] [INFO] [1698531642.030113594] [environment]: Receiving message: monitor
trials-all-1  | [environment-3] [INFO] [1698531642.034719677] [environment]: Action: monitor
trials-all-1  | [arm-1] [INFO] [1698531642.035299687] [arm]: not ready
trials-all-1  | [nurse-4] [INFO] [1698531642.035415689] [nurse]: Action: a_authenticate_nurse
trials-all-1  | [arm-1] [INFO] [1698531642.046252884] [arm]: Action result: False
trials-all-1  | [nurse-4] [INFO] [1698531642.047742911] [nurse]: Doing a_authenticate_nurse
trials-all-1  | [robot-6] [INFO] [1698531642.055370048] [robot]: success
trials-all-1  | [arm-1] [INFO] [1698531642.061526159] [arm]: Action: a_pick_up_sample
trials-all-1  | [robot-6] [INFO] [1698531642.063344192] [robot]: Action result: True
trials-all-1  | [robot-6] [INFO] [1698531642.070085313] [robot]: Receiving sync message. a_authenticate_nurse,robot1,nurse1
trials-all-1  | [coordinator-2] [INFO] [1698531642.071190333] [coordinator]: Receiving sync message: action_complete,a_navto
trials-all-1  | [arm-1] [INFO] [1698531642.071466338] [arm]: Doing a_pick_up_sample
trials-all-1  | [environment-3] [INFO] [1698531642.072826363] [environment]: Receiving message: monitor
trials-all-1  | [robot-6] [INFO] [1698531642.075233406] [robot]: not ready
trials-all-1  | [coordinator-2] [INFO] [1698531642.081793524] [coordinator]: action_complete
trials-all-1  | [nurse-4] [INFO] [1698531642.084204568] [nurse]: not ready
trials-all-1  | [coordinator-2] [INFO] [1698531642.086174603] [coordinator]: plans_actions_current 1 of 11
trials-all-1  | [nurse-4] [INFO] [1698531642.088410643] [nurse]: Action result: False
trials-all-1  | [environment-3] [INFO] [1698531642.089162657] [environment]: Action: monitor
trials-all-1  | [robot-6] [INFO] [1698531642.101312876] [robot]: Receiving sync message. a_pick_up_sample,arm1,robot1
trials-all-1  | [robot-6] [INFO] [1698531642.105329948] [robot]: not ready
trials-all-1  | [environment-3] [INFO] [1698531642.110779046] [environment]: Receiving message: monitor
trials-all-1  | [nurse-4] [INFO] [1698531642.111973068] [nurse]: Action: a_authenticate_nurse
trials-all-1  | [arm-1] [INFO] [1698531642.113704099] [arm]: not ready
trials-all-1  | [environment-3] [INFO] [1698531642.115173125] [environment]: Action: monitor
trials-all-1  | [arm-1] [INFO] [1698531642.126278325] [arm]: Action result: False
trials-all-1  | [robot-6] [INFO] [1698531642.129973392] [robot]: Action: a_approach_nurse
trials-all-1  | [arm-1] [INFO] [1698531642.130774406] [arm]: Action: a_pick_up_sample
trials-all-1  | [arm-1] [INFO] [1698531642.135255487] [arm]: Doing a_pick_up_sample
trials-all-1  | [nurse-4] [INFO] [1698531642.137690531] [nurse]: Doing a_authenticate_nurse
trials-all-1  | [robot-6] [INFO] [1698531642.138797551] [robot]: Doing a_approach_nurse
trials-all-1  | [robot-6] [INFO] [1698531642.157018879] [robot]: Receiving sync message. a_pick_up_sample,arm1,robot1
trials-all-1  | [environment-3] [INFO] [1698531642.157582889] [environment]: Receiving message: monitor
trials-all-1  | [environment-3] [INFO] [1698531642.164507014] [environment]: Action: monitor
trials-all-1  | [robot-6] [INFO] [1698531642.165052024] [robot]: not ready
trials-all-1  | [robot-6] [INFO] [1698531642.175142205] [robot]: Receiving sync message. a_authenticate_nurse,robot1,nurse1
trials-all-1  | [arm-1] [INFO] [1698531642.182813344] [arm]: not ready
trials-all-1  | [robot-6] [INFO] [1698531642.182805343] [robot]: not ready
trials-all-1  | [nurse-4] [INFO] [1698531642.195188566] [nurse]: not ready
trials-all-1  | [nurse-4] [INFO] [1698531642.201207675] [nurse]: Action result: False
trials-all-1  | [arm-1] [INFO] [1698531642.201531681] [arm]: Action result: False
trials-all-1  | [environment-3] [INFO] [1698531642.201770685] [environment]: Receiving message: a_approach_nurse,robot1
trials-all-1  | [nurse-4] [INFO] [1698531642.209105817] [nurse]: Action: a_authenticate_nurse
trials-all-1  | [arm-1] [INFO] [1698531642.212563879] [arm]: Action: a_pick_up_sample
trials-all-1  | [nurse-4] [INFO] [1698531642.216552951] [nurse]: Doing a_authenticate_nurse
trials-all-1  | [environment-3] [INFO] [1698531642.217066960] [environment]: Action: a_approach_nurse
trials-all-1  | [arm-1] [INFO] [1698531642.220831028] [arm]: Doing a_pick_up_sample
trials-all-1  | [robot-6] [INFO] [1698531642.225539113] [robot]: Receiving sync message. a_authenticate_nurse,robot1,nurse1
trials-all-1  | [robot-6] [INFO] [1698531642.232572240] [robot]: not ready
trials-all-1  | [robot-6] [INFO] [1698531642.240273378] [robot]: Receiving sync message. a_pick_up_sample,arm1,robot1
trials-all-1  | [nurse-4] [INFO] [1698531642.242630421] [nurse]: not ready
trials-all-1  | [robot-6] [INFO] [1698531642.245581474] [robot]: not ready
trials-all-1  | [nurse-4] [INFO] [1698531642.255911660] [nurse]: Action result: False
trials-all-1  | [arm-1] [INFO] [1698531642.258539707] [arm]: not ready
trials-all-1  | [arm-1] [INFO] [1698531642.262709782] [arm]: Action result: False
trials-all-1  | [nurse-4] [INFO] [1698531642.266344848] [nurse]: Action: a_authenticate_nurse
trials-all-1  | [environment-3] [INFO] [1698531642.268072879] [environment]: Responding
trials-all-1  | [arm-1] [INFO] [1698531642.271836947] [arm]: Action: a_pick_up_sample
trials-all-1  | [nurse-4] [INFO] [1698531642.283712161] [nurse]: Doing a_authenticate_nurse
trials-all-1  | [robot-6] [INFO] [1698531642.283706160] [robot]: success
trials-all-1  | [arm-1] [INFO] [1698531642.292553320] [arm]: Doing a_pick_up_sample
trials-all-1  | [robot-6] [INFO] [1698531642.295490373] [robot]: Receiving sync message. a_authenticate_nurse,robot1,nurse1
trials-all-1  | [robot-6] [INFO] [1698531642.298952435] [robot]: Action result: True
trials-all-1  | [environment-3] [INFO] [1698531642.301276477] [environment]: Receiving message: monitor
trials-all-1  | [robot-6] [INFO] [1698531642.302785504] [robot]: not ready
trials-all-1  | [environment-3] [INFO] [1698531642.305990562] [environment]: Action: monitor
trials-all-1  | [robot-6] [INFO] [1698531642.312340676] [robot]: Receiving sync message. a_pick_up_sample,arm1,robot1
trials-all-1  | [robot-6] [INFO] [1698531642.317869776] [robot]: not ready
trials-all-1  | [coordinator-2] [INFO] [1698531642.326430930] [coordinator]: Receiving sync message: action_complete,a_approach_nurse
trials-all-1  | [coordinator-2] [INFO] [1698531642.330439002] [coordinator]: action_complete
trials-all-1  | [arm-1] [INFO] [1698531642.331111014] [arm]: not ready
trials-all-1  | [nurse-4] [INFO] [1698531642.333509057] [nurse]: not ready
trials-all-1  | [arm-1] [INFO] [1698531642.334997084] [arm]: Action result: False
trials-all-1  | [coordinator-2] [INFO] [1698531642.337651132] [coordinator]: plans_actions_current 2 of 11
trials-all-1  | [arm-1] [INFO] [1698531642.339125158] [arm]: Action: a_pick_up_sample
trials-all-1  | [robot-6] [INFO] [1698531642.349386343] [robot]: Action: a_authenticate_nurse
trials-all-1  | [arm-1] [INFO] [1698531642.352363397] [arm]: Doing a_pick_up_sample
trials-all-1  | [robot-6] [INFO] [1698531642.354718439] [robot]: Doing a_authenticate_nurse
trials-all-1  | [nurse-4] [INFO] [1698531642.356043463] [nurse]: Action result: False
trials-all-1  | [environment-3] [INFO] [1698531642.359646528] [environment]: Receiving message: monitor
trials-all-1  | [environment-3] [INFO] [1698531642.365916641] [environment]: Action: monitor
trials-all-1  | [robot-6] [INFO] [1698531642.376392830] [robot]: Receiving sync message. a_pick_up_sample,arm1,robot1
trials-all-1  | [nurse-4] [INFO] [1698531642.383808963] [nurse]: Action: a_authenticate_nurse
trials-all-1  | [environment-3] [INFO] [1698531642.388218043] [environment]: Receiving message: monitor
trials-all-1  | [robot-6] [INFO] [1698531642.391364099] [robot]: wating for nurse1 to authenticate to robot1
trials-all-1  | [environment-3] [INFO] [1698531642.392444119] [environment]: Action: monitor
trials-all-1  | [nurse-4] [INFO] [1698531642.402442299] [nurse]: Doing a_authenticate_nurse
trials-all-1  | [robot-6] [INFO] [1698531642.406148365] [robot]: Action result: False
trials-all-1  | [robot-6] [INFO] [1698531642.408312404] [robot]: not ready
trials-all-1  | [environment-3] [INFO] [1698531642.418467587] [environment]: Receiving message: monitor
trials-all-1  | [robot-6] [INFO] [1698531642.420810629] [robot]: Receiving sync message. a_authenticate_nurse,robot1,nurse1
trials-all-1  | [arm-1] [INFO] [1698531642.423884685] [arm]: not ready
trials-all-1  | [robot-6] [INFO] [1698531642.426882739] [robot]: Action: a_authenticate_nurse
trials-all-1  | [arm-1] [INFO] [1698531642.427919758] [arm]: Action result: False
trials-all-1  | [arm-1] [INFO] [1698531642.431692825] [arm]: Action: a_pick_up_sample
trials-all-1  | [robot-6] [INFO] [1698531642.436021903] [robot]: Authenticate nurse
trials-all-1  | [environment-3] [INFO] [1698531642.443715042] [environment]: Action: monitor
trials-all-1  | [nurse-4] [INFO] [1698531642.448100121] [nurse]: success
trials-all-1  | [arm-1] [INFO] [1698531642.448217123] [arm]: Doing a_pick_up_sample
trials-all-1  | [robot-6] [INFO] [1698531642.459162320] [robot]: Doing a_authenticate_nurse
trials-all-1  | [environment-3] [INFO] [1698531642.465527435] [environment]: Receiving message: monitor
trials-all-1  | [nurse-4] [INFO] [1698531642.468604490] [nurse]: Action result: True
trials-all-1  | [environment-3] [INFO] [1698531642.469766511] [environment]: Action: monitor
trials-all-1  | [robot-6] [INFO] [1698531642.473579580] [robot]: Receiving sync message. a_pick_up_sample,arm1,robot1
trials-all-1  | [robot-6] [INFO] [1698531642.484815782] [robot]: Action result: True
trials-all-1  | [robot-6] [INFO] [1698531642.490229880] [robot]: not ready
trials-all-1  | [coordinator-2] [INFO] [1698531642.496480992] [coordinator]: Receiving sync message: action_complete,a_authenticate_nurse
trials-all-1  | [nurse-4] [INFO] [1698531642.497138004] [nurse]: Action: a_deposit
trials-all-1  | [arm-1] [INFO] [1698531642.499266042] [arm]: not ready
trials-all-1  | [coordinator-2] [INFO] [1698531642.502531101] [coordinator]: action_complete
trials-all-1  | [arm-1] [INFO] [1698531642.504111130] [arm]: Action result: False
trials-all-1  | [nurse-4] [INFO] [1698531642.506397171] [nurse]: Doing a_deposit
trials-all-1  | [environment-3] [INFO] [1698531642.491004894] [environment]: Receiving message: monitor
trials-all-1  | [coordinator-2] [INFO] [1698531642.511288259] [coordinator]: plans_actions_current 3 of 11
trials-all-1  | [environment-3] [INFO] [1698531642.511729267] [environment]: Action: monitor
trials-all-1  | [robot-6] [INFO] [1698531642.514385315] [robot]: Receiving sync message. a_deposit,nurse1,robot1
trials-all-1  | [robot-6] [INFO] [1698531642.523848485] [robot]: not ready
trials-all-1  | [arm-1] [INFO] [1698531642.528907576] [arm]: Action: a_pick_up_sample
trials-all-1  | [arm-1] [INFO] [1698531642.533022650] [arm]: Doing a_pick_up_sample
trials-all-1  | [nurse-4] [INFO] [1698531642.535612697] [nurse]: not ready
trials-all-1  | [environment-3] [INFO] [1698531642.540457784] [environment]: Receiving message: monitor
trials-all-1  | [environment-3] [INFO] [1698531642.543863846] [environment]: Action: monitor
trials-all-1  | [nurse-4] [INFO] [1698531642.546166887] [nurse]: Action result: False
trials-all-1  | [nurse-4] [INFO] [1698531642.559372125] [nurse]: Action: a_deposit
trials-all-1  | [robot-6] [INFO] [1698531642.562026173] [robot]: Receiving sync message. a_pick_up_sample,arm1,robot1
trials-all-1  | [environment-3] [INFO] [1698531642.564850223] [environment]: Receiving message: monitor
trials-all-1  | [nurse-4] [INFO] [1698531642.568563290] [nurse]: Doing a_deposit
trials-all-1  | [environment-3] [INFO] [1698531642.568641292] [environment]: Action: monitor
trials-all-1  | [robot-6] [INFO] [1698531642.571370341] [robot]: not ready
trials-all-1  | [arm-1] [INFO] [1698531642.580763510] [arm]: not ready
trials-all-1  | [robot-6] [INFO] [1698531642.586888620] [robot]: Action: a_open_drawer
trials-all-1  | [arm-1] [INFO] [1698531642.593266735] [arm]: Action result: False
trials-all-1  | [robot-6] [INFO] [1698531642.593434738] [robot]: Doing a_open_drawer
trials-all-1  | [arm-1] [INFO] [1698531642.597360809] [arm]: Action: a_pick_up_sample
trials-all-1  | [robot-6] [INFO] [1698531642.605938963] [robot]: Receiving sync message. a_deposit,nurse1,robot1
trials-all-1  | [environment-3] [INFO] [1698531642.606428972] [environment]: Receiving message: monitor
trials-all-1  | [arm-1] [INFO] [1698531642.609227023] [arm]: Doing a_pick_up_sample
trials-all-1  | [robot-6] [INFO] [1698531642.611968072] [robot]: success
trials-all-1  | [robot-6] [INFO] [1698531642.617493171] [robot]: not ready
trials-all-1  | [environment-3] [INFO] [1698531642.626866340] [environment]: Action: monitor
trials-all-1  | [nurse-4] [INFO] [1698531642.628467369] [nurse]: not ready
trials-all-1  | [nurse-4] [INFO] [1698531642.637673535] [nurse]: Action result: False
trials-all-1  | [robot-6] [INFO] [1698531642.644478657] [robot]: Action result: True
trials-all-1  | [robot-6] [INFO] [1698531642.649427747] [robot]: Receiving sync message. a_pick_up_sample,arm1,robot1
trials-all-1  | [robot-6] [INFO] [1698531642.654872845] [robot]: not ready
trials-all-1  | [nurse-4] [INFO] [1698531642.645163670] [nurse]: Action: a_deposit
trials-all-1  | [nurse-4] [INFO] [1698531642.648728734] [nurse]: Doing a_deposit
trials-all-1  | [environment-3] [INFO] [1698531642.648657733] [environment]: Receiving message: monitor
trials-all-1  | [environment-3] [INFO] [1698531642.653338817] [environment]: Action: monitor
trials-all-1  | [coordinator-2] [INFO] [1698531642.652297798] [coordinator]: Receiving sync message: action_complete,a_open_drawer
trials-all-1  | [coordinator-2] [INFO] [1698531642.656497874] [coordinator]: action_complete
trials-all-1  | [coordinator-2] [INFO] [1698531642.660122939] [coordinator]: plans_actions_current 4 of 11
trials-all-1  | [arm-1] [INFO] [1698531642.663918008] [arm]: not ready
trials-all-1  | [arm-1] [INFO] [1698531642.667622074] [arm]: Action result: False
trials-all-1  | [robot-6] [INFO] [1698531642.665298032] [robot]: Receiving sync message. a_deposit,nurse1,robot1
trials-all-1  | [robot-6] [INFO] [1698531642.675044208] [robot]: not ready
trials-all-1  | [arm-1] [INFO] [1698531642.675935224] [arm]: Action: a_pick_up_sample
trials-all-1  | [nurse-4] [INFO] [1698531642.686224409] [nurse]: not ready
trials-all-1  | [nurse-4] [INFO] [1698531642.693105533] [nurse]: Action result: False
trials-all-1  | [arm-1] [INFO] [1698531642.694885565] [arm]: Doing a_pick_up_sample
trials-all-1  | [robot-6] [INFO] [1698531642.705232752] [robot]: Action: a_deposit
trials-all-1  | [robot-6] [INFO] [1698531642.715211931] [robot]: Doing a_deposit
trials-all-1  | [nurse-4] [INFO] [1698531642.719540009] [nurse]: Action: a_deposit
trials-all-1  | [robot-6] [INFO] [1698531642.727834159] [robot]: Receiving sync message. a_pick_up_sample,arm1,robot1
trials-all-1  | [nurse-4] [INFO] [1698531642.729171183] [nurse]: Doing a_deposit
trials-all-1  | [robot-6] [INFO] [1698531642.733365258] [robot]: wating for nurse1 to deposit in robot1
trials-all-1  | [environment-3] [INFO] [1698531642.736961323] [environment]: Receiving message: monitor
trials-all-1  | [robot-6] [INFO] [1698531642.738177345] [robot]: not ready
trials-all-1  | [environment-3] [INFO] [1698531642.741716409] [environment]: Action: monitor
trials-all-1  | [arm-1] [INFO] [1698531642.750785572] [arm]: not ready
trials-all-1  | [arm-1] [INFO] [1698531642.754631641] [arm]: Action result: False
trials-all-1  | [arm-1] [INFO] [1698531642.758291707] [arm]: Action: a_pick_up_sample
trials-all-1  | [robot-6] [INFO] [1698531642.752944611] [robot]: Action result: False
trials-all-1  | [robot-6] [INFO] [1698531642.756664678] [robot]: Action: a_deposit
trials-all-1  | [robot-6] [INFO] [1698531642.760227742] [robot]: Doing a_deposit
trials-all-1  | [robot-6] [INFO] [1698531642.763632803] [robot]: Receiving sync message. a_deposit,nurse1,robot1
trials-all-1  | [robot-6] [INFO] [1698531642.769899916] [robot]: Deposit
trials-all-1  | [arm-1] [INFO] [1698531642.770170921] [arm]: Doing a_pick_up_sample
trials-all-1  | [environment-3] [INFO] [1698531642.775831023] [environment]: Receiving message: monitor
trials-all-1  | [environment-3] [INFO] [1698531642.783045153] [environment]: Action: monitor
trials-all-1  | [robot-6] [INFO] [1698531642.785682200] [robot]: wating for nurse1 to deposit in robot1
trials-all-1  | [robot-6] [INFO] [1698531642.792785328] [robot]: Receiving sync message. a_pick_up_sample,arm1,robot1
trials-all-1  | [nurse-4] [INFO] [1698531642.795086370] [nurse]: success
trials-all-1  | [robot-6] [INFO] [1698531642.798531432] [robot]: not ready
trials-all-1  | [nurse-4] [INFO] [1698531642.809555630] [nurse]: Action result: True
trials-all-1  | [environment-3] [INFO] [1698531642.809983638] [environment]: Receiving message: monitor
trials-all-1  | [arm-1] [INFO] [1698531642.811300662] [arm]: not ready
trials-all-1  | [robot-6] [INFO] [1698531642.817418772] [robot]: Action result: False
trials-all-1  | [arm-1] [INFO] [1698531642.827923961] [arm]: Action result: False
trials-all-1  | [environment-3] [INFO] [1698531642.829292986] [environment]: Action: monitor
trials-all-1  | [robot-6] [INFO] [1698531642.841180200] [robot]: Action: a_deposit
trials-all-1  | [arm-1] [INFO] [1698531642.846986304] [arm]: Action: a_pick_up_sample
trials-all-1  | [arm-1] [INFO] [1698531642.850712371] [arm]: Doing a_pick_up_sample
trials-all-1  | [robot-6] [INFO] [1698531642.847704317] [robot]: Doing a_deposit
trials-all-1  | [robot-6] [INFO] [1698531642.851616388] [robot]: Action result: True
trials-all-1  | [environment-3] [INFO] [1698531642.850260363] [environment]: Receiving message: monitor
trials-all-1  | [environment-3] [INFO] [1698531642.854348437] [environment]: Action: monitor
trials-all-1  | [coordinator-2] [INFO] [1698531642.859399528] [coordinator]: Receiving sync message: action_complete,a_deposit
trials-all-1  | [robot-6] [INFO] [1698531642.876183830] [robot]: Receiving sync message. a_pick_up_sample,arm1,robot1
trials-all-1  | [coordinator-2] [INFO] [1698531642.876973844] [coordinator]: action_complete
trials-all-1  | [robot-6] [INFO] [1698531642.889535071] [robot]: not ready
trials-all-1  | [coordinator-2] [INFO] [1698531642.889882077] [coordinator]: plans_actions_current 5 of 11
trials-all-1  | [arm-1] [INFO] [1698531642.902439303] [arm]: not ready
trials-all-1  | [arm-1] [INFO] [1698531642.907005385] [arm]: Action result: False
trials-all-1  | [arm-1] [INFO] [1698531642.910877455] [arm]: Action: a_pick_up_sample
trials-all-1  | [arm-1] [INFO] [1698531642.914701524] [arm]: Doing a_pick_up_sample
trials-all-1  | [robot-6] [INFO] [1698531642.911340463] [robot]: Action: a_close_drawer
trials-all-1  | [robot-6] [INFO] [1698531642.916024548] [robot]: Doing a_close_drawer
trials-all-1  | [environment-3] [INFO] [1698531642.917745579] [environment]: Receiving message: monitor
trials-all-1  | [robot-6] [INFO] [1698531642.923965691] [robot]: success
trials-all-1  | [robot-6] [INFO] [1698531642.935315895] [robot]: Receiving sync message. a_pick_up_sample,arm1,robot1
trials-all-1  | [robot-6] [INFO] [1698531642.941607008] [robot]: Action result: True
trials-all-1  | [environment-3] [INFO] [1698531642.942274020] [environment]: Action: monitor
trials-all-1  | [coordinator-2] [INFO] [1698531642.951669189] [coordinator]: Receiving sync message: action_complete,a_close_drawer
trials-all-1  | [coordinator-2] [INFO] [1698531642.956942284] [coordinator]: action_complete
trials-all-1  | [robot-6] [INFO] [1698531642.962024376] [robot]: not ready
trials-all-1  | [arm-1] [INFO] [1698531642.971967555] [arm]: not ready
trials-all-1  | [arm-1] [INFO] [1698531642.978215668] [arm]: Action result: False
trials-all-1  | [arm-1] [INFO] [1698531642.982077737] [arm]: Action: a_pick_up_sample
trials-all-1  | [coordinator-2] [INFO] [1698531642.972696568] [coordinator]: plans_actions_current 6 of 11
trials-all-1  | [robot-6] [INFO] [1698531642.982194739] [robot]: Action: a_navto
trials-all-1  | [robot-6] [INFO] [1698531642.987064827] [robot]: Doing a_navto
trials-all-1  | [arm-1] [INFO] [1698531642.997782020] [arm]: Doing a_pick_up_sample
trials-all-1  | [robot-6] [INFO] [1698531643.006151170] [robot]: Receiving sync message. a_pick_up_sample,arm1,robot1
trials-all-1  | [environment-3] [INFO] [1698531643.006936184] [environment]: Receiving message: a_navto,robot1,Room3
trials-all-1  | [robot-6] [INFO] [1698531643.011233262] [robot]: not ready
trials-all-1  | [environment-3] [INFO] [1698531643.012014276] [environment]: Action: a_navto
trials-all-1  | [environment-3] [INFO] [1698531643.017505374] [environment]: Responding
trials-all-1  | [arm-1] [INFO] [1698531643.020517428] [arm]: not ready
trials-all-1  | [arm-1] [INFO] [1698531643.024237495] [arm]: Action result: False
trials-all-1  | [arm-1] [INFO] [1698531643.030723611] [arm]: Action: a_pick_up_sample
trials-all-1  | [arm-1] [INFO] [1698531643.036872721] [arm]: Doing a_pick_up_sample
trials-all-1  | [robot-6] [INFO] [1698531643.027658556] [robot]: success
trials-all-1  | [robot-6] [INFO] [1698531643.031341622] [robot]: Action result: True
trials-all-1  | [coordinator-2] [INFO] [1698531643.037117726] [coordinator]: Receiving sync message: action_complete,a_navto
trials-all-1  | [coordinator-2] [INFO] [1698531643.045006867] [coordinator]: action_complete
trials-all-1  | [robot-6] [INFO] [1698531643.052591003] [robot]: Receiving sync message. a_pick_up_sample,arm1,robot1
trials-all-1  | [environment-3] [INFO] [1698531643.055783060] [environment]: Receiving message: monitor
trials-all-1  | [coordinator-2] [INFO] [1698531643.056330070] [coordinator]: plans_actions_current 7 of 11
trials-all-1  | [robot-6] [INFO] [1698531643.060998154] [robot]: not ready
trials-all-1  | [arm-1] [INFO] [1698531643.073183372] [arm]: not ready
trials-all-1  | [arm-1] [INFO] [1698531643.077569451] [arm]: Action result: False
trials-all-1  | [robot-6] [INFO] [1698531643.073574379] [robot]: Action: a_approach_arm
trials-all-1  | [robot-6] [INFO] [1698531643.077567451] [robot]: Doing a_approach_arm
trials-all-1  | [environment-3] [INFO] [1698531643.084614577] [environment]: Action: monitor
trials-all-1  | [environment-3] [INFO] [1698531643.091540701] [environment]: Receiving message: a_approach_arm,robot1,arm1
trials-all-1  | [arm-1] [INFO] [1698531643.096275786] [arm]: Action: a_pick_up_sample
trials-all-1  | [environment-3] [INFO] [1698531643.106186964] [environment]: Action: a_approach_arm
trials-all-1  | [arm-1] [INFO] [1698531643.114585115] [arm]: Doing a_pick_up_sample
trials-all-1  | [environment-3] [INFO] [1698531643.121084231] [environment]: Responding
trials-all-1  | [environment-3] [INFO] [1698531643.129139376] [environment]: Receiving message: monitor
trials-all-1  | [robot-6] [INFO] [1698531643.129436381] [robot]: Receiving sync message. a_pick_up_sample,arm1,robot1
trials-all-1  | [robot-6] [INFO] [1698531643.133522454] [robot]: not ready
trials-all-1  | [arm-1] [INFO] [1698531643.143019624] [arm]: not ready
trials-all-1  | [arm-1] [INFO] [1698531643.148122716] [arm]: Action result: False
trials-all-1  | [arm-1] [INFO] [1698531643.152399793] [arm]: Action: a_pick_up_sample
trials-all-1  | [environment-3] [INFO] [1698531643.156509866] [environment]: Action: monitor
trials-all-1  | [arm-1] [INFO] [1698531643.156596868] [arm]: Doing a_pick_up_sample
trials-all-1  | [robot-6] [INFO] [1698531643.169294096] [robot]: success
trials-all-1  | [environment-3] [INFO] [1698531643.173497171] [environment]: Receiving message: monitor
trials-all-1  | [robot-6] [INFO] [1698531643.173788176] [robot]: Action result: True
trials-all-1  | [environment-3] [INFO] [1698531643.178822266] [environment]: Action: monitor
trials-all-1  | [coordinator-2] [INFO] [1698531643.180490296] [coordinator]: Receiving sync message: action_complete,a_approach_arm
trials-all-1  | [coordinator-2] [INFO] [1698531643.185185380] [coordinator]: action_complete
trials-all-1  | [coordinator-2] [INFO] [1698531643.193927537] [coordinator]: plans_actions_current 8 of 11
trials-all-1  | [robot-6] [INFO] [1698531643.202628693] [robot]: Receiving sync message. a_pick_up_sample,arm1,robot1
trials-all-1  | [robot-6] [INFO] [1698531643.209109809] [robot]: not ready
trials-all-1  | [environment-3] [INFO] [1698531643.216468941] [environment]: Receiving message: monitor
trials-all-1  | [arm-1] [INFO] [1698531643.216754946] [arm]: not ready
trials-all-1  | [arm-1] [INFO] [1698531643.221061024] [arm]: Action result: False
trials-all-1  | [environment-3] [INFO] [1698531643.222058042] [environment]: Action: monitor
trials-all-1  | [arm-1] [INFO] [1698531643.233593248] [arm]: Action: a_pick_up_sample
trials-all-1  | [arm-1] [INFO] [1698531643.237631321] [arm]: Doing a_pick_up_sample
trials-all-1  | [environment-3] [INFO] [1698531643.238640339] [environment]: Receiving message: monitor
trials-all-1  | [robot-6] [INFO] [1698531643.242635410] [robot]: Action: a_open_drawer
trials-all-1  | [robot-6] [INFO] [1698531643.247527498] [robot]: Doing a_open_drawer
trials-all-1  | [robot-6] [INFO] [1698531643.251443568] [robot]: success
trials-all-1  | [robot-6] [INFO] [1698531643.256933667] [robot]: Action result: True
trials-all-1  | [environment-3] [INFO] [1698531643.258478695] [environment]: Action: monitor
trials-all-1  | [robot-6] [INFO] [1698531643.263680788] [robot]: Receiving sync message. a_pick_up_sample,arm1,robot1
trials-all-1  | [robot-6] [INFO] [1698531643.270832916] [robot]: not ready
trials-all-1  | [coordinator-2] [INFO] [1698531643.263969793] [coordinator]: Receiving sync message: action_complete,a_open_drawer
trials-all-1  | [coordinator-2] [INFO] [1698531643.269035884] [coordinator]: action_complete
trials-all-1  | [coordinator-2] [INFO] [1698531643.277629038] [coordinator]: plans_actions_current 9 of 11
trials-all-1  | [arm-1] [INFO] [1698531643.280088082] [arm]: not ready
trials-all-1  | [arm-1] [INFO] [1698531643.290282265] [arm]: Action result: False
trials-all-1  | [arm-1] [INFO] [1698531643.294751345] [arm]: Action: a_pick_up_sample
trials-all-1  | [arm-1] [INFO] [1698531643.299311427] [arm]: Doing a_pick_up_sample
trials-all-1  | [environment-3] [INFO] [1698531643.304879526] [environment]: Receiving message: monitor
trials-all-1  | [robot-6] [INFO] [1698531643.304879526] [robot]: Action: a_pick_up_sample
trials-all-1  | [robot-6] [INFO] [1698531643.309502609] [robot]: Doing a_pick_up_sample
trials-all-1  | [environment-3] [INFO] [1698531643.312223658] [environment]: Action: monitor
trials-all-1  | [robot-6] [INFO] [1698531643.313399679] [robot]: wating for arm1 to pick up from robot1
trials-all-1  | [robot-6] [INFO] [1698531643.321586826] [robot]: Action result: False
trials-all-1  | [robot-6] [INFO] [1698531643.331076996] [robot]: Receiving sync message. a_pick_up_sample,arm1,robot1
trials-all-1  | [robot-6] [INFO] [1698531643.335046067] [robot]: Pick up
trials-all-1  | [environment-3] [INFO] [1698531643.342691204] [environment]: Receiving message: monitor
trials-all-1  | [arm-1] [INFO] [1698531643.343979228] [arm]: success
trials-all-1  | [robot-6] [INFO] [1698531643.351223357] [robot]: Action: a_pick_up_sample
trials-all-1  | [robot-6] [INFO] [1698531643.354771421] [robot]: Doing a_pick_up_sample
trials-all-1  | [arm-1] [INFO] [1698531643.357509470] [arm]: Action result: True
trials-all-1  | [environment-3] [INFO] [1698531643.366597633] [environment]: Action: monitor
trials-all-1  | [robot-6] [INFO] [1698531643.374359772] [robot]: Action result: True
trials-all-1  | [environment-3] [INFO] [1698531643.380634885] [environment]: Receiving message: monitor
trials-all-1  | [environment-3] [INFO] [1698531643.384501954] [environment]: Action: monitor
trials-all-1  | [coordinator-2] [INFO] [1698531643.381042892] [coordinator]: Receiving sync message: action_complete,a_pick_up_sample
trials-all-1  | [coordinator-2] [INFO] [1698531643.386331987] [coordinator]: action_complete
trials-all-1  | [coordinator-2] [INFO] [1698531643.390100054] [coordinator]: plans_actions_current 10 of 11
trials-all-1  | [robot-6] [INFO] [1698531643.405987339] [robot]: Action: a_close_drawer
trials-all-1  | [robot-6] [INFO] [1698531643.410499420] [robot]: Doing a_close_drawer
trials-all-1  | [robot-6] [INFO] [1698531643.414340489] [robot]: success
trials-all-1  | [robot-6] [INFO] [1698531643.418380562] [robot]: Action result: True
trials-all-1  | [environment-3] [INFO] [1698531643.425950697] [environment]: Receiving message: monitor
trials-all-1  | [environment-3] [INFO] [1698531643.431571798] [environment]: Action: monitor
trials-all-1  | [coordinator-2] [INFO] [1698531643.439214935] [coordinator]: Receiving sync message: action_complete,a_close_drawer
trials-all-1  | [coordinator-2] [INFO] [1698531643.443469011] [coordinator]: action_complete
trials-all-1  | [coordinator-2] [INFO] [1698531643.447153077] [coordinator]: plans_actions_current 11 of 11
trials-all-1  | [coordinator-2] [INFO] [1698531643.450900145] [coordinator]: The time of execution of above program is:2.1105289459228516
trials-all-1  | [coordinator-2] [INFO] [1698531643.466282420] [coordinator]: Achieved
trials-all-1  | [coordinator-2] [INFO] [1698531643.473819556] [coordinator]: ENDSIM
trials-all-1 exited with code 0
