 Network trials_ros  Creating
 Network trials_ros  Created
 Container trials-all-1  Creating
 Container trials-all-1  Created
Attaching to trials-all-1
trials-all-1  | [INFO] [launch]: All log files can be found below /root/.ros/log/2023-10-29-00-50-15-923664-c76d51914267-1
trials-all-1  | [INFO] [launch]: Default logging verbosity is set to INFO
trials-all-1  | [INFO] [arm-1]: process started with pid [52]
trials-all-1  | [INFO] [coordinator-2]: process started with pid [54]
trials-all-1  | [INFO] [environment-3]: process started with pid [56]
trials-all-1  | [INFO] [nurse-4]: process started with pid [58]
trials-all-1  | [INFO] [planner-5]: process started with pid [60]
trials-all-1  | [INFO] [robot-6]: process started with pid [62]
trials-all-1  | [coordinator-2] [INFO] [1698540619.926116189] [coordinator]: Starting Coordinator server
trials-all-1  | [arm-1] [INFO] [1698540619.969646565] [arm]: Starting Arm server
trials-all-1  | [coordinator-2] [INFO] [1698540619.985421702] [coordinator]: Coordinator server started
trials-all-1  | [nurse-4] [INFO] [1698540619.986759713] [nurse]: Starting Nurse server
trials-all-1  | [coordinator-2] [INFO] [1698540619.990945749] [coordinator]: Starting Coordinator clients
trials-all-1  | [nurse-4] [INFO] [1698540620.032329106] [nurse]: Nurse server started
trials-all-1  | [arm-1] [INFO] [1698540620.034548125] [arm]: Arm server started
trials-all-1  | [nurse-4] [INFO] [1698540620.039346166] [nurse]: Starting Nurse clients
trials-all-1  | [arm-1] [INFO] [1698540620.040944180] [arm]: Starting Nurse clients
trials-all-1  | [environment-3] [INFO] [1698540620.099816687] [environment]: Starting Environment server
trials-all-1  | [robot-6] [INFO] [1698540620.114601814] [robot]: Starting Robot server
trials-all-1  | [environment-3] [INFO] [1698540620.134728988] [environment]: Environment server started
trials-all-1  | [robot-6] [INFO] [1698540620.150356122] [robot]: Robot server started
trials-all-1  | [robot-6] [INFO] [1698540620.160752212] [robot]: Starting Robots clients
trials-all-1  | [robot-6] [INFO] [1698540620.203166577] [robot]: Robots clients started
trials-all-1  | [arm-1] [INFO] [1698540620.346550811] [arm]: Nurse clients started
trials-all-1  | [nurse-4] [INFO] [1698540620.370881021] [nurse]: Nurse clients started
trials-all-1  | [nurse-4] [INFO] [1698540620.391305196] [nurse]: Sent request
trials-all-1  | [coordinator-2] [INFO] [1698540621.090408212] [coordinator]: planner sync service not available, waiting again...
trials-all-1  | [coordinator-2] [INFO] [1698540622.101861887] [coordinator]: planner sync service not available, waiting again...
trials-all-1  | [coordinator-2] [INFO] [1698540623.114780544] [coordinator]: planner sync service not available, waiting again...
trials-all-1  | [coordinator-2] [INFO] [1698540624.128343177] [coordinator]: planner sync service not available, waiting again...
trials-all-1  | [coordinator-2] [INFO] [1698540625.145274807] [coordinator]: planner sync service not available, waiting again...
trials-all-1  | [coordinator-2] [INFO] [1698540626.161595402] [coordinator]: planner sync service not available, waiting again...
trials-all-1  | [planner-5] Matplotlib is building the font cache; this may take a moment.
trials-all-1  | [coordinator-2] [INFO] [1698540627.178166969] [coordinator]: planner sync service not available, waiting again...
trials-all-1  | [coordinator-2] [INFO] [1698540628.189545462] [coordinator]: planner sync service not available, waiting again...
trials-all-1  | [coordinator-2] [INFO] [1698540629.201817933] [coordinator]: planner sync service not available, waiting again...
trials-all-1  | [planner-5] [INFO] [1698540629.782055774] [planner]: Starting Planner server
trials-all-1  | [planner-5] [INFO] [1698540629.799029916] [planner]: Planner server started
trials-all-1  | [coordinator-2] [INFO] [1698540630.213949372] [coordinator]: planner sync service not available, waiting again...
trials-all-1  | [coordinator-2] [INFO] [1698540631.237221874] [coordinator]: planner sync service not available, waiting again...
trials-all-1  | [coordinator-2] [INFO] [1698540631.838474857] [coordinator]: Coordinator clients started
trials-all-1  | [coordinator-2] [INFO] [1698540631.882613222] [coordinator]: Receiving message of nurse1 in room3.
trials-all-1  | [coordinator-2] [INFO] [1698540631.894342319] [coordinator]: Sending response
trials-all-1  | [nurse-4] [INFO] [1698540631.911589462] [nurse]: Request response:Okay!
trials-all-1  | [coordinator-2] [INFO] [1698540631.926190583] [coordinator]: Planing
trials-all-1  | [coordinator-2] [INFO] [1698540631.931956631] [coordinator]: Creating plan for: robot1, nurse1, arm1 
trials-all-1  | [planner-5] [INFO] [1698540631.940861705] [planner]: Receiving sync message. need_plan,robot1,nurse1,arm1
trials-all-1  | [planner-5] [INFO] [1698540631.944875738] [planner]: Creating plan for: robot1 robot1 nurse1
trials-all-1  | [planner-5] [INFO] [1698540631.968691936] [planner]: a_navto,robot1,Room1
trials-all-1  | [planner-5] [INFO] [1698540631.983174056] [planner]: a_approach_nurse,robot1
trials-all-1  | [planner-5] [INFO] [1698540631.988035096] [planner]: a_authenticate_nurse,robot1,nurse1
trials-all-1  | [planner-5] [INFO] [1698540632.006339247] [planner]: a_open_drawer,robot1
trials-all-1  | [planner-5] [INFO] [1698540632.010941285] [planner]: a_deposit,nurse1,robot1
trials-all-1  | [planner-5] [INFO] [1698540632.024932401] [planner]: a_close_drawer,robot1
trials-all-1  | [planner-5] [INFO] [1698540632.028965434] [planner]: a_navto,robot1,Room3
trials-all-1  | [planner-5] [INFO] [1698540632.034315478] [planner]: a_approach_arm,robot1,arm1
trials-all-1  | [planner-5] [INFO] [1698540632.048064592] [planner]: a_open_drawer,robot1
trials-all-1  | [planner-5] [INFO] [1698540632.052207626] [planner]: a_pick_up_sample,arm1,robot1
trials-all-1  | [planner-5] [INFO] [1698540632.069225767] [planner]: a_close_drawer,robot1
trials-all-1  | [planner-5] [INFO] [1698540632.074321809] [planner]: Sending response
trials-all-1  | [coordinator-2] [INFO] [1698540632.084473893] [coordinator]: Plan received for: robot1, nurse1, arm1 
trials-all-1  | [coordinator-2] [INFO] [1698540632.096791994] [coordinator]: a_navto,robot1,Room1/a_approach_nurse,robot1/a_authenticate_nurse,robot1,nurse1/a_open_drawer,robot1/a_deposit,nurse1,robot1/a_close_drawer,robot1/a_navto,robot1,Room3/a_approach_arm,robot1,arm1/a_open_drawer,robot1/a_pick_up_sample,arm1,robot1/a_close_drawer,robot1
trials-all-1  | [coordinator-2] [INFO] [1698540632.101792036] [coordinator]: a_navto,robot1,Room1
trials-all-1  | [coordinator-2] [INFO] [1698540632.120538190] [coordinator]: a_approach_nurse,robot1
trials-all-1  | [coordinator-2] [INFO] [1698540632.125188229] [coordinator]: a_authenticate_nurse,robot1,nurse1
trials-all-1  | [coordinator-2] [INFO] [1698540632.130264271] [coordinator]: a_open_drawer,robot1
trials-all-1  | [coordinator-2] [INFO] [1698540632.146271403] [coordinator]: a_deposit,nurse1,robot1
trials-all-1  | [coordinator-2] [INFO] [1698540632.151287444] [coordinator]: a_close_drawer,robot1
trials-all-1  | [coordinator-2] [INFO] [1698540632.170313601] [coordinator]: a_navto,robot1,Room3
trials-all-1  | [coordinator-2] [INFO] [1698540632.174819639] [coordinator]: a_approach_arm,robot1,arm1
trials-all-1  | [coordinator-2] [INFO] [1698540632.179244675] [coordinator]: a_open_drawer,robot1
trials-all-1  | [coordinator-2] [INFO] [1698540632.182937706] [coordinator]: a_pick_up_sample,arm1,robot1
trials-all-1  | [coordinator-2] [INFO] [1698540632.187619744] [coordinator]: a_close_drawer,robot1
trials-all-1  | [coordinator-2] [INFO] [1698540632.191763779] [coordinator]: Sending plans
trials-all-1  | [coordinator-2] [INFO] [1698540632.200371850] [coordinator]: Plans sent
trials-all-1  | [arm-1] [INFO] [1698540632.213123955] [arm]: Receiving message.
trials-all-1  | [nurse-4] [INFO] [1698540632.215563975] [nurse]: Receiving message.
trials-all-1  | [robot-6] [INFO] [1698540632.215752977] [robot]: Receiving message.
trials-all-1  | [environment-3] [INFO] [1698540632.216008979] [environment]: Receiving message: monitor
trials-all-1  | [environment-3] [INFO] [1698540632.220329014] [environment]: Action: monitor
trials-all-1  | [robot-6] [INFO] [1698540632.220526016] [robot]: Robot's actions:
trials-all-1  | [nurse-4] [INFO] [1698540632.223012037] [nurse]: Nurse's actions:
trials-all-1  | [nurse-4] [INFO] [1698540632.227100070] [nurse]: a_authenticate_nurse
trials-all-1  | [robot-6] [INFO] [1698540632.232742117] [robot]: Action: a_navto
trials-all-1  | [robot-6] [INFO] [1698540632.238331163] [robot]: Doing a_navto
trials-all-1  | [coordinator-2] [INFO] [1698540632.233850126] [coordinator]: Found a problem
trials-all-1  | [arm-1] [INFO] [1698540632.237063153] [arm]: Arm's actions:
trials-all-1  | [nurse-4] [INFO] [1698540632.245301221] [nurse]: Action: a_authenticate_nurse
trials-all-1  | [arm-1] [INFO] [1698540632.245489222] [arm]: a_approach_arm
trials-all-1  | [coordinator-2] [INFO] [1698540632.255517305] [coordinator]: Updating planner state
trials-all-1  | [nurse-4] [INFO] [1698540632.256410312] [nurse]: Doing a_authenticate_nurse
trials-all-1  | [robot-6] [INFO] [1698540632.259965342] [robot]: a_navto
trials-all-1  | [environment-3] [INFO] [1698540632.263894374] [environment]: Receiving message: a_navto,robot1,Room1
trials-all-1  | [nurse-4] [INFO] [1698540632.265715389] [nurse]: a_deposit
trials-all-1  | [arm-1] [INFO] [1698540632.266389395] [arm]: Action: a_approach_arm
trials-all-1  | [arm-1] [INFO] [1698540632.269933424] [arm]: a_pick_up_sample
trials-all-1  | [environment-3] [INFO] [1698540632.268093409] [environment]: Action: a_navto
trials-all-1  | [planner-5] [INFO] [1698540632.274949465] [planner]: Receiving sync message. update_state,door_closed,Room3
trials-all-1  | [planner-5] [INFO] [1698540632.279821506] [planner]: door_closed
trials-all-1  | [robot-6] [INFO] [1698540632.280561512] [robot]: a_authenticate_nurse
trials-all-1  | [arm-1] [INFO] [1698540632.281176517] [arm]: Doing a_approach_arm
trials-all-1  | [coordinator-2] [INFO] [1698540632.302934697] [coordinator]: Planner state updated
trials-all-1  | [robot-6] [INFO] [1698540632.310443759] [robot]: a_open_drawer
trials-all-1  | [coordinator-2] [INFO] [1698540632.312822778] [coordinator]: Planing
trials-all-1  | [coordinator-2] [INFO] [1698540632.321494850] [coordinator]: Creating plan for: robot1, nurse1, arm1 
trials-all-1  | [environment-3] [INFO] [1698540632.325472883] [environment]: Responding
trials-all-1  | [robot-6] [INFO] [1698540632.326331890] [robot]: a_deposit
trials-all-1  | [robot-6] [INFO] [1698540632.333494949] [robot]: a_close_drawer
trials-all-1  | [planner-5] [INFO] [1698540632.338731992] [planner]: Receiving sync message. need_plan,robot1,nurse1,arm1
trials-all-1  | [robot-6] [INFO] [1698540632.343552032] [robot]: a_navto
trials-all-1  | [planner-5] [INFO] [1698540632.345131045] [planner]: Creating plan for: robot1 robot1 nurse1
trials-all-1  | [environment-3] [INFO] [1698540632.354327121] [environment]: Receiving message: a_approach_arm,robot1,arm1
trials-all-1  | [environment-3] [INFO] [1698540632.358824158] [environment]: Action: a_approach_arm
trials-all-1  | [robot-6] [INFO] [1698540632.359839166] [robot]: a_approach_arm
trials-all-1  | [planner-5] [INFO] [1698540632.362513189] [planner]: a_navto,robot1,Room1
trials-all-1  | [environment-3] [INFO] [1698540632.363348195] [environment]: Responding
trials-all-1  | [planner-5] [INFO] [1698540632.368701240] [planner]: a_approach_nurse,robot1
trials-all-1  | [robot-6] [INFO] [1698540632.370110251] [robot]: a_open_drawer
trials-all-1  | [arm-1] [INFO] [1698540632.374172285] [arm]: success
trials-all-1  | [planner-5] [INFO] [1698540632.375408295] [planner]: a_authenticate_nurse,robot1,nurse1
trials-all-1  | [robot-6] [INFO] [1698540632.377661314] [robot]: a_pick_up_sample
trials-all-1  | [arm-1] [INFO] [1698540632.378779323] [arm]: Action result: True
trials-all-1  | [planner-5] [INFO] [1698540632.380862340] [planner]: a_open_drawer,robot1
trials-all-1  | [robot-6] [INFO] [1698540632.383758364] [robot]: a_close_drawer
trials-all-1  | [robot-6] [INFO] [1698540632.395943465] [robot]: Receiving sync message. a_authenticate_nurse,robot1,nurse1
trials-all-1  | [arm-1] [INFO] [1698540632.396567470] [arm]: Action: a_pick_up_sample
trials-all-1  | [planner-5] [INFO] [1698540632.397072474] [planner]: a_deposit,nurse1,robot1
trials-all-1  | [arm-1] [INFO] [1698540632.400604503] [arm]: Doing a_pick_up_sample
trials-all-1  | [robot-6] [INFO] [1698540632.401778513] [robot]: not ready
trials-all-1  | [planner-5] [INFO] [1698540632.401839513] [planner]: a_close_drawer,robot1
trials-all-1  | [nurse-4] [INFO] [1698540632.415430625] [nurse]: not ready
trials-all-1  | [robot-6] [INFO] [1698540632.418102648] [robot]: success
trials-all-1  | [nurse-4] [INFO] [1698540632.426216715] [nurse]: Action result: False
trials-all-1  | [robot-6] [INFO] [1698540632.429514742] [robot]: Action result: True
trials-all-1  | [planner-5] [INFO] [1698540632.429556742] [planner]: a_open_door,nurse1,Room3
trials-all-1  | [coordinator-2] [INFO] [1698540632.441460840] [coordinator]: Receiving sync message: action_complete,a_navto
trials-all-1  | [nurse-4] [INFO] [1698540632.444968869] [nurse]: Action: a_authenticate_nurse
trials-all-1  | [planner-5] [INFO] [1698540632.448297897] [planner]: a_navto,robot1,Room3
trials-all-1  | [robot-6] [INFO] [1698540632.453867943] [robot]: Receiving sync message. a_pick_up_sample,arm1,robot1
trials-all-1  | [nurse-4] [INFO] [1698540632.454692950] [nurse]: Doing a_authenticate_nurse
trials-all-1  | [coordinator-2] [INFO] [1698540632.457465973] [coordinator]: action_complete
trials-all-1  | [planner-5] [INFO] [1698540632.458513981] [planner]: a_approach_arm,robot1,arm1
trials-all-1  | [planner-5] [INFO] [1698540632.468828066] [planner]: a_open_drawer,robot1
trials-all-1  | [robot-6] [INFO] [1698540632.469791074] [robot]: not ready
trials-all-1  | [coordinator-2] [INFO] [1698540632.472876100] [coordinator]: plans_actions_current 1 of 11
trials-all-1  | [planner-5] [INFO] [1698540632.474121110] [planner]: a_pick_up_sample,arm1,robot1
trials-all-1  | [planner-5] [INFO] [1698540632.485352203] [planner]: a_close_drawer,robot1
trials-all-1  | [arm-1] [INFO] [1698540632.485466204] [arm]: not ready
trials-all-1  | [robot-6] [INFO] [1698540632.489521237] [robot]: Receiving sync message. a_authenticate_nurse,robot1,nurse1
trials-all-1  | [planner-5] [INFO] [1698540632.492622263] [planner]: Sending response
trials-all-1  | [arm-1] [INFO] [1698540632.495290285] [arm]: Action result: False
trials-all-1  | [arm-1] [INFO] [1698540632.505258367] [arm]: Action: a_pick_up_sample
trials-all-1  | [coordinator-2] [INFO] [1698540632.505822372] [coordinator]: Plan received for: robot1, nurse1, arm1 
trials-all-1  | [coordinator-2] [INFO] [1698540632.513778438] [coordinator]: a_navto,robot1,Room1/a_approach_nurse,robot1/a_authenticate_nurse,robot1,nurse1/a_open_drawer,robot1/a_deposit,nurse1,robot1/a_close_drawer,robot1/a_open_door,nurse1,Room3/a_navto,robot1,Room3/a_approach_arm,robot1,arm1/a_open_drawer,robot1/a_pick_up_sample,arm1,robot1/a_close_drawer,robot1
trials-all-1  | [arm-1] [INFO] [1698540632.517090465] [arm]: Doing a_pick_up_sample
trials-all-1  | [robot-6] [INFO] [1698540632.520650494] [robot]: not ready
trials-all-1  | [coordinator-2] [INFO] [1698540632.536338624] [coordinator]: a_navto,robot1,Room1
trials-all-1  | [nurse-4] [INFO] [1698540632.537179631] [nurse]: not ready
trials-all-1  | [nurse-4] [INFO] [1698540632.544257689] [nurse]: Action result: False
trials-all-1  | [robot-6] [INFO] [1698540632.545709701] [robot]: Receiving sync message. a_pick_up_sample,arm1,robot1
trials-all-1  | [coordinator-2] [INFO] [1698540632.549709734] [coordinator]: a_approach_nurse,robot1
trials-all-1  | [nurse-4] [INFO] [1698540632.550175738] [nurse]: Action: a_authenticate_nurse
trials-all-1  | [nurse-4] [INFO] [1698540632.555768784] [nurse]: Doing a_authenticate_nurse
trials-all-1  | [robot-6] [INFO] [1698540632.561253830] [robot]: not ready
trials-all-1  | [coordinator-2] [INFO] [1698540632.564932860] [coordinator]: a_authenticate_nurse,robot1,nurse1
trials-all-1  | [robot-6] [INFO] [1698540632.576801958] [robot]: Action: a_approach_nurse
trials-all-1  | [arm-1] [INFO] [1698540632.577365963] [arm]: not ready
trials-all-1  | [coordinator-2] [INFO] [1698540632.576919959] [coordinator]: a_open_drawer,robot1
trials-all-1  | [arm-1] [INFO] [1698540632.582956009] [arm]: Action result: False
trials-all-1  | [robot-6] [INFO] [1698540632.583674015] [robot]: Doing a_approach_nurse
trials-all-1  | [arm-1] [INFO] [1698540632.588144052] [arm]: Action: a_pick_up_sample
trials-all-1  | [arm-1] [INFO] [1698540632.595116109] [arm]: Doing a_pick_up_sample
trials-all-1  | [robot-6] [INFO] [1698540632.591064076] [robot]: Receiving sync message. a_authenticate_nurse,robot1,nurse1
trials-all-1  | [robot-6] [INFO] [1698540632.594896107] [robot]: not ready
trials-all-1  | [robot-6] [INFO] [1698540632.602145167] [robot]: Receiving sync message. a_pick_up_sample,arm1,robot1
trials-all-1  | [coordinator-2] [INFO] [1698540632.593042092] [coordinator]: a_deposit,nurse1,robot1
trials-all-1  | [coordinator-2] [INFO] [1698540632.597089125] [coordinator]: a_close_drawer,robot1
trials-all-1  | [coordinator-2] [INFO] [1698540632.600444153] [coordinator]: a_open_door,nurse1,Room3
trials-all-1  | [nurse-4] [INFO] [1698540632.604074183] [nurse]: not ready
trials-all-1  | [environment-3] [INFO] [1698540632.605956199] [environment]: Receiving message: a_approach_nurse,robot1
trials-all-1  | [robot-6] [INFO] [1698540632.608031216] [robot]: not ready
trials-all-1  | [nurse-4] [INFO] [1698540632.617497294] [nurse]: Action result: False
trials-all-1  | [environment-3] [INFO] [1698540632.621383326] [environment]: Action: a_approach_nurse
trials-all-1  | [nurse-4] [INFO] [1698540632.623942347] [nurse]: Action: a_authenticate_nurse
trials-all-1  | [coordinator-2] [INFO] [1698540632.629414392] [coordinator]: a_navto,robot1,Room3
trials-all-1  | [arm-1] [INFO] [1698540632.635445442] [arm]: not ready
trials-all-1  | [nurse-4] [INFO] [1698540632.641337491] [nurse]: Doing a_authenticate_nurse
trials-all-1  | [environment-3] [INFO] [1698540632.645001521] [environment]: Responding
trials-all-1  | [coordinator-2] [INFO] [1698540632.645145522] [coordinator]: a_approach_arm,robot1,arm1
trials-all-1  | [coordinator-2] [INFO] [1698540632.648672551] [coordinator]: a_open_drawer,robot1
trials-all-1  | [arm-1] [INFO] [1698540632.648507550] [arm]: Action result: False
trials-all-1  | [robot-6] [INFO] [1698540632.648968554] [robot]: Receiving sync message. a_authenticate_nurse,robot1,nurse1
trials-all-1  | [robot-6] [INFO] [1698540632.657668626] [robot]: not ready
trials-all-1  | [coordinator-2] [INFO] [1698540632.664947686] [coordinator]: a_pick_up_sample,arm1,robot1
trials-all-1  | [nurse-4] [INFO] [1698540632.667986711] [nurse]: not ready
trials-all-1  | [coordinator-2] [INFO] [1698540632.672049744] [coordinator]: a_close_drawer,robot1
trials-all-1  | [arm-1] [INFO] [1698540632.673498756] [arm]: Action: a_pick_up_sample
trials-all-1  | [nurse-4] [INFO] [1698540632.677628791] [nurse]: Action result: False
trials-all-1  | [coordinator-2] [INFO] [1698540632.679543806] [coordinator]: Sending plans
trials-all-1  | [arm-1] [INFO] [1698540632.685456855] [arm]: Doing a_pick_up_sample
trials-all-1  | [nurse-4] [INFO] [1698540632.690032893] [nurse]: Receiving message.
trials-all-1  | [coordinator-2] [INFO] [1698540632.693350920] [coordinator]: Plans sent
trials-all-1  | [robot-6] [INFO] [1698540632.696171944] [robot]: success
trials-all-1  | [arm-1] [INFO] [1698540632.697572955] [arm]: Receiving message.
trials-all-1  | [environment-3] [INFO] [1698540632.709436053] [environment]: Receiving message: monitor
trials-all-1  | [robot-6] [INFO] [1698540632.709853057] [robot]: Action result: True
trials-all-1  | [arm-1] [INFO] [1698540632.717083116] [arm]: Arm's actions:
trials-all-1  | [nurse-4] [INFO] [1698540632.719004132] [nurse]: Action: a_authenticate_nurse
trials-all-1  | [coordinator-2] [INFO] [1698540632.722250159] [coordinator]: Receiving sync message: action_complete,a_approach_nurse
trials-all-1  | [nurse-4] [INFO] [1698540632.723502169] [nurse]: Nurse's actions:
trials-all-1  | [robot-6] [INFO] [1698540632.727368201] [robot]: Receiving message.
trials-all-1  | [environment-3] [INFO] [1698540632.728990215] [environment]: Action: monitor
trials-all-1  | [coordinator-2] [INFO] [1698540632.729556219] [coordinator]: action_complete
trials-all-1  | [arm-1] [INFO] [1698540632.732524244] [arm]: a_approach_arm
trials-all-1  | [nurse-4] [INFO] [1698540632.736802279] [nurse]: Doing a_authenticate_nurse
trials-all-1  | [coordinator-2] [INFO] [1698540632.737427284] [coordinator]: plans_actions_current 1 of 11
trials-all-1  | [nurse-4] [INFO] [1698540632.742860329] [nurse]: a_authenticate_nurse
trials-all-1  | [robot-6] [INFO] [1698540632.745386350] [robot]: Robot's actions:
trials-all-1  | [arm-1] [INFO] [1698540632.745944355] [arm]: a_pick_up_sample
trials-all-1  | [nurse-4] [INFO] [1698540632.752257407] [nurse]: a_deposit
trials-all-1  | [coordinator-2] [INFO] [1698540632.752548409] [coordinator]: Found a problem
trials-all-1  | [robot-6] [INFO] [1698540632.755778436] [robot]: a_navto
trials-all-1  | [nurse-4] [INFO] [1698540632.764354507] [nurse]: a_open_door
trials-all-1  | [robot-6] [INFO] [1698540632.769223547] [robot]: a_approach_nurse
trials-all-1  | [environment-3] [INFO] [1698540632.771956569] [environment]: Receiving message: monitor
trials-all-1  | [robot-6] [INFO] [1698540632.777432615] [robot]: a_authenticate_nurse
trials-all-1  | [environment-3] [INFO] [1698540632.777588616] [environment]: Action: monitor
trials-all-1  | [robot-6] [INFO] [1698540632.782376655] [robot]: a_open_drawer
trials-all-1  | [robot-6] [INFO] [1698540632.790524723] [robot]: a_deposit
trials-all-1  | [coordinator-2] [INFO] [1698540632.794341754] [coordinator]: Found a problem
trials-all-1  | [robot-6] [INFO] [1698540632.794901759] [robot]: a_close_drawer
trials-all-1  | [robot-6] [INFO] [1698540632.801051810] [robot]: a_navto
trials-all-1  | [environment-3] [INFO] [1698540632.803690831] [environment]: Receiving message: monitor
trials-all-1  | [robot-6] [INFO] [1698540632.806915858] [robot]: a_approach_arm
trials-all-1  | [robot-6] [INFO] [1698540632.812275902] [robot]: a_open_drawer
trials-all-1  | [robot-6] [INFO] [1698540632.815722931] [robot]: a_pick_up_sample
trials-all-1  | [robot-6] [INFO] [1698540632.819504962] [robot]: a_close_drawer
trials-all-1  | [robot-6] [INFO] [1698540632.825455011] [robot]: Receiving sync message. a_pick_up_sample,arm1,robot1
trials-all-1  | [robot-6] [INFO] [1698540632.830007049] [robot]: not ready
trials-all-1  | [robot-6] [INFO] [1698540632.839813130] [robot]: Receiving sync message. a_authenticate_nurse,robot1,nurse1
trials-all-1  | [robot-6] [INFO] [1698540632.843683162] [robot]: not ready
trials-all-1  | [environment-3] [INFO] [1698540632.844999173] [environment]: Action: monitor
trials-all-1  | [arm-1] [INFO] [1698540632.846452185] [arm]: not ready
trials-all-1  | [nurse-4] [INFO] [1698540632.852390234] [nurse]: not ready
trials-all-1  | [nurse-4] [INFO] [1698540632.859606293] [nurse]: Action result: False
trials-all-1  | [coordinator-2] [INFO] [1698540632.862144314] [coordinator]: Found a problem
trials-all-1  | [nurse-4] [INFO] [1698540632.863745327] [nurse]: Action: a_authenticate_nurse
trials-all-1  | [arm-1] [INFO] [1698540632.863797328] [arm]: Action result: False
trials-all-1  | [nurse-4] [INFO] [1698540632.867799361] [nurse]: Doing a_authenticate_nurse
trials-all-1  | [robot-6] [INFO] [1698540632.874226414] [robot]: Action: a_navto
trials-all-1  | [robot-6] [INFO] [1698540632.878376448] [robot]: Doing a_navto
trials-all-1  | [environment-3] [INFO] [1698540632.879099454] [environment]: Receiving message: monitor
trials-all-1  | [arm-1] [INFO] [1698540632.882309481] [arm]: Action: a_approach_arm
trials-all-1  | [robot-6] [INFO] [1698540632.889256538] [robot]: Receiving sync message. a_authenticate_nurse,robot1,nurse1
trials-all-1  | [robot-6] [INFO] [1698540632.893581574] [robot]: not ready
trials-all-1  | [environment-3] [INFO] [1698540632.902345646] [environment]: Action: monitor
trials-all-1  | [nurse-4] [INFO] [1698540632.902937651] [nurse]: not ready
trials-all-1  | [arm-1] [INFO] [1698540632.903651657] [arm]: Doing a_approach_arm
trials-all-1  | [nurse-4] [INFO] [1698540632.913655739] [nurse]: Action result: False
trials-all-1  | [nurse-4] [INFO] [1698540632.917907775] [nurse]: Action: a_authenticate_nurse
trials-all-1  | [nurse-4] [INFO] [1698540632.921951808] [nurse]: Doing a_authenticate_nurse
trials-all-1  | [coordinator-2] [INFO] [1698540632.922379811] [coordinator]: Found a problem
trials-all-1  | [robot-6] [INFO] [1698540632.927724856] [robot]: Receiving sync message. a_authenticate_nurse,robot1,nurse1
trials-all-1  | [robot-6] [INFO] [1698540632.931733889] [robot]: not ready
trials-all-1  | [environment-3] [INFO] [1698540632.937728938] [environment]: Receiving message: a_navto,robot1,Room1
trials-all-1  | [nurse-4] [INFO] [1698540632.943688987] [nurse]: not ready
trials-all-1  | [environment-3] [INFO] [1698540632.943916989] [environment]: Action: a_navto
trials-all-1  | [nurse-4] [INFO] [1698540632.947593020] [nurse]: Action result: False
trials-all-1  | [nurse-4] [INFO] [1698540632.951594053] [nurse]: Action: a_authenticate_nurse
trials-all-1  | [nurse-4] [INFO] [1698540632.958607111] [nurse]: Doing a_authenticate_nurse
trials-all-1  | [environment-3] [INFO] [1698540632.959498118] [environment]: Responding
trials-all-1  | [robot-6] [INFO] [1698540632.965586168] [robot]: Receiving sync message. a_authenticate_nurse,robot1,nurse1
trials-all-1  | [robot-6] [INFO] [1698540632.973680235] [robot]: not ready
trials-all-1  | [environment-3] [INFO] [1698540632.984823327] [environment]: Receiving message: a_approach_arm,robot1,arm1
trials-all-1  | [robot-6] [INFO] [1698540632.985911336] [robot]: success
trials-all-1  | [environment-3] [INFO] [1698540632.991637383] [environment]: Action: a_approach_arm
trials-all-1  | [nurse-4] [INFO] [1698540632.991992386] [nurse]: not ready
trials-all-1  | [nurse-4] [INFO] [1698540632.996588424] [nurse]: Action result: False
trials-all-1  | [nurse-4] [INFO] [1698540633.000980461] [nurse]: Action: a_authenticate_nurse
trials-all-1  | [robot-6] [INFO] [1698540633.003878484] [robot]: Action result: True
trials-all-1  | [environment-3] [INFO] [1698540633.007963518] [environment]: Responding
trials-all-1  | [nurse-4] [INFO] [1698540633.008405522] [nurse]: Doing a_authenticate_nurse
trials-all-1  | [coordinator-2] [INFO] [1698540633.017530597] [coordinator]: Receiving sync message: action_complete,a_navto
trials-all-1  | [arm-1] [INFO] [1698540633.017652598] [arm]: success
trials-all-1  | [arm-1] [INFO] [1698540633.021627631] [arm]: Action result: True
trials-all-1  | [arm-1] [INFO] [1698540633.029092692] [arm]: Action: a_pick_up_sample
trials-all-1  | [robot-6] [INFO] [1698540633.029124692] [robot]: Receiving sync message. a_authenticate_nurse,robot1,nurse1
trials-all-1  | [arm-1] [INFO] [1698540633.034310735] [arm]: Doing a_pick_up_sample
trials-all-1  | [robot-6] [INFO] [1698540633.037676763] [robot]: not ready
trials-all-1  | [coordinator-2] [INFO] [1698540633.037757763] [coordinator]: action_complete
trials-all-1  | [coordinator-2] [INFO] [1698540633.042059799] [coordinator]: plans_actions_current 2 of 11
trials-all-1  | [environment-3] [INFO] [1698540633.043129808] [environment]: Receiving message: monitor
trials-all-1  | [nurse-4] [INFO] [1698540633.052740887] [nurse]: not ready
trials-all-1  | [nurse-4] [INFO] [1698540633.056791920] [nurse]: Action result: False
trials-all-1  | [robot-6] [INFO] [1698540633.056800920] [robot]: Receiving sync message. a_pick_up_sample,arm1,robot1
trials-all-1  | [environment-3] [INFO] [1698540633.059685944] [environment]: Action: monitor
trials-all-1  | [nurse-4] [INFO] [1698540633.060873954] [nurse]: Action: a_authenticate_nurse
trials-all-1  | [nurse-4] [INFO] [1698540633.072381048] [nurse]: Doing a_authenticate_nurse
trials-all-1  | [coordinator-2] [INFO] [1698540633.073141054] [coordinator]: Found a problem
trials-all-1  | [robot-6] [INFO] [1698540633.077980094] [robot]: not ready
trials-all-1  | [environment-3] [INFO] [1698540633.089944193] [environment]: Receiving message: monitor
trials-all-1  | [environment-3] [INFO] [1698540633.105479321] [environment]: Action: monitor
trials-all-1  | [coordinator-2] [INFO] [1698540633.114796397] [coordinator]: Found a problem
trials-all-1  | [arm-1] [INFO] [1698540633.116802414] [arm]: not ready
trials-all-1  | [robot-6] [INFO] [1698540633.117124416] [robot]: Action: a_approach_nurse
trials-all-1  | [robot-6] [INFO] [1698540633.121533453] [robot]: Doing a_approach_nurse
trials-all-1  | [arm-1] [INFO] [1698540633.124511477] [arm]: Action result: False
trials-all-1  | [robot-6] [INFO] [1698540633.128229508] [robot]: Receiving sync message. a_authenticate_nurse,robot1,nurse1
trials-all-1  | [environment-3] [INFO] [1698540633.129762520] [environment]: Receiving message: monitor
trials-all-1  | [arm-1] [INFO] [1698540633.129869521] [arm]: Action: a_pick_up_sample
trials-all-1  | [robot-6] [INFO] [1698540633.131988539] [robot]: not ready
trials-all-1  | [environment-3] [INFO] [1698540633.134478559] [environment]: Action: monitor
trials-all-1  | [nurse-4] [INFO] [1698540633.139782603] [nurse]: not ready
trials-all-1  | [arm-1] [INFO] [1698540633.147593667] [arm]: Doing a_pick_up_sample
trials-all-1  | [coordinator-2] [INFO] [1698540633.148756677] [coordinator]: Found a problem
trials-all-1  | [nurse-4] [INFO] [1698540633.157168746] [nurse]: Action result: False
trials-all-1  | [environment-3] [INFO] [1698540633.158050753] [environment]: Receiving message: a_approach_nurse,robot1
trials-all-1  | [nurse-4] [INFO] [1698540633.161431781] [nurse]: Action: a_authenticate_nurse
trials-all-1  | [environment-3] [INFO] [1698540633.163548798] [environment]: Action: a_approach_nurse
trials-all-1  | [robot-6] [INFO] [1698540633.170758858] [robot]: Receiving sync message. a_pick_up_sample,arm1,robot1
trials-all-1  | [robot-6] [INFO] [1698540633.174806891] [robot]: not ready
trials-all-1  | [nurse-4] [INFO] [1698540633.177211911] [nurse]: Doing a_authenticate_nurse
trials-all-1  | [environment-3] [INFO] [1698540633.182727956] [environment]: Responding
trials-all-1  | [robot-6] [INFO] [1698540633.189068008] [robot]: Receiving sync message. a_authenticate_nurse,robot1,nurse1
trials-all-1  | [robot-6] [INFO] [1698540633.192830039] [robot]: not ready
trials-all-1  | [environment-3] [INFO] [1698540633.202529119] [environment]: Receiving message: monitor
trials-all-1  | [robot-6] [INFO] [1698540633.204288134] [robot]: success
trials-all-1  | [arm-1] [INFO] [1698540633.207490160] [arm]: not ready
trials-all-1  | [environment-3] [INFO] [1698540633.209242174] [environment]: Action: monitor
trials-all-1  | [coordinator-2] [INFO] [1698540633.218810253] [coordinator]: Found a problem
trials-all-1  | [arm-1] [INFO] [1698540633.220206265] [arm]: Action result: False
trials-all-1  | [nurse-4] [INFO] [1698540633.220424266] [nurse]: not ready
trials-all-1  | [nurse-4] [INFO] [1698540633.228610334] [nurse]: Action result: False
trials-all-1  | [arm-1] [INFO] [1698540633.231619359] [arm]: Action: a_pick_up_sample
trials-all-1  | [nurse-4] [INFO] [1698540633.232756368] [nurse]: Action: a_authenticate_nurse
trials-all-1  | [robot-6] [INFO] [1698540633.235854393] [robot]: Action result: True
trials-all-1  | [arm-1] [INFO] [1698540633.237614408] [arm]: Doing a_pick_up_sample
trials-all-1  | [coordinator-2] [INFO] [1698540633.243920460] [coordinator]: Receiving sync message: action_complete,a_approach_nurse
trials-all-1  | [environment-3] [INFO] [1698540633.245363472] [environment]: Receiving message: monitor
trials-all-1  | [coordinator-2] [INFO] [1698540633.247748491] [coordinator]: action_complete
trials-all-1  | [environment-3] [INFO] [1698540633.250030510] [environment]: Action: monitor
trials-all-1  | [coordinator-2] [INFO] [1698540633.256185561] [coordinator]: plans_actions_current 3 of 11
trials-all-1  | [coordinator-2] [INFO] [1698540633.265005633] [coordinator]: Found a problem
trials-all-1  | [robot-6] [INFO] [1698540633.268517662] [robot]: Receiving sync message. a_pick_up_sample,arm1,robot1
trials-all-1  | [nurse-4] [INFO] [1698540633.269266668] [nurse]: Doing a_authenticate_nurse
trials-all-1  | [environment-3] [INFO] [1698540633.281599770] [environment]: Receiving message: monitor
trials-all-1  | [robot-6] [INFO] [1698540633.286676812] [robot]: not ready
trials-all-1  | [robot-6] [INFO] [1698540633.295975888] [robot]: Receiving sync message. a_authenticate_nurse,robot1,nurse1
trials-all-1  | [arm-1] [INFO] [1698540633.297049897] [arm]: not ready
trials-all-1  | [robot-6] [INFO] [1698540633.302530942] [robot]: not ready
trials-all-1  | [arm-1] [INFO] [1698540633.311123013] [arm]: Action result: False
trials-all-1  | [arm-1] [INFO] [1698540633.315183046] [arm]: Action: a_pick_up_sample
trials-all-1  | [robot-6] [INFO] [1698540633.312485024] [robot]: Action: a_authenticate_nurse
trials-all-1  | [robot-6] [INFO] [1698540633.316323055] [robot]: Doing a_authenticate_nurse
trials-all-1  | [nurse-4] [INFO] [1698540633.314849043] [nurse]: not ready
trials-all-1  | [environment-3] [INFO] [1698540633.316609058] [environment]: Action: monitor
trials-all-1  | [robot-6] [INFO] [1698540633.322115103] [robot]: wating for nurse1 to authenticate to robot1
trials-all-1  | [coordinator-2] [INFO] [1698540633.326586140] [coordinator]: Found a problem
trials-all-1  | [nurse-4] [INFO] [1698540633.331836183] [nurse]: Action result: False
trials-all-1  | [robot-6] [INFO] [1698540633.335710215] [robot]: Action result: False
trials-all-1  | [nurse-4] [INFO] [1698540633.336196219] [nurse]: Action: a_authenticate_nurse
trials-all-1  | [nurse-4] [INFO] [1698540633.339646247] [nurse]: Doing a_authenticate_nurse
trials-all-1  | [arm-1] [INFO] [1698540633.341247261] [arm]: Doing a_pick_up_sample
trials-all-1  | [environment-3] [INFO] [1698540633.342048267] [environment]: Receiving message: monitor
trials-all-1  | [robot-6] [INFO] [1698540633.358300401] [robot]: Receiving sync message. a_authenticate_nurse,robot1,nurse1
trials-all-1  | [robot-6] [INFO] [1698540633.365929464] [robot]: Action: a_authenticate_nurse
trials-all-1  | [robot-6] [INFO] [1698540633.372429517] [robot]: Authenticate nurse
trials-all-1  | [nurse-4] [INFO] [1698540633.381304590] [nurse]: success
trials-all-1  | [nurse-4] [INFO] [1698540633.385560625] [nurse]: Action result: True
trials-all-1  | [robot-6] [INFO] [1698540633.385636626] [robot]: Doing a_authenticate_nurse
trials-all-1  | [nurse-4] [INFO] [1698540633.389479657] [nurse]: Action: a_deposit
trials-all-1  | [robot-6] [INFO] [1698540633.391087671] [robot]: Receiving sync message. a_pick_up_sample,arm1,robot1
trials-all-1  | [nurse-4] [INFO] [1698540633.393580691] [nurse]: Doing a_deposit
trials-all-1  | [robot-6] [INFO] [1698540633.397225721] [robot]: Action result: True
trials-all-1  | [robot-6] [INFO] [1698540633.401888760] [robot]: not ready
trials-all-1  | [coordinator-2] [INFO] [1698540633.408853817] [coordinator]: Receiving sync message: action_complete,a_authenticate_nurse
trials-all-1  | [coordinator-2] [INFO] [1698540633.412973851] [coordinator]: action_complete
trials-all-1  | [arm-1] [INFO] [1698540633.414246861] [arm]: not ready
trials-all-1  | [arm-1] [INFO] [1698540633.421318919] [arm]: Action result: False
trials-all-1  | [coordinator-2] [INFO] [1698540633.425349953] [coordinator]: plans_actions_current 4 of 11
trials-all-1  | [arm-1] [INFO] [1698540633.427200968] [arm]: Action: a_pick_up_sample
trials-all-1  | [robot-6] [INFO] [1698540633.432164009] [robot]: Receiving sync message. a_deposit,nurse1,robot1
trials-all-1  | [arm-1] [INFO] [1698540633.435446036] [arm]: Doing a_pick_up_sample
trials-all-1  | [robot-6] [INFO] [1698540633.438526061] [robot]: not ready
trials-all-1  | [robot-6] [INFO] [1698540633.451395167] [robot]: Receiving sync message. a_pick_up_sample,arm1,robot1
trials-all-1  | [nurse-4] [INFO] [1698540633.454406192] [nurse]: not ready
trials-all-1  | [robot-6] [INFO] [1698540633.458095222] [robot]: not ready
trials-all-1  | [nurse-4] [INFO] [1698540633.458401225] [nurse]: Action result: False
trials-all-1  | [robot-6] [INFO] [1698540633.465600284] [robot]: Action: a_open_drawer
trials-all-1  | [robot-6] [INFO] [1698540633.469472316] [robot]: Doing a_open_drawer
trials-all-1  | [arm-1] [INFO] [1698540633.466216289] [arm]: not ready
trials-all-1  | [nurse-4] [INFO] [1698540633.469241314] [nurse]: Action: a_deposit
trials-all-1  | [nurse-4] [INFO] [1698540633.473012345] [nurse]: Doing a_deposit
trials-all-1  | [arm-1] [INFO] [1698540633.473262347] [arm]: Action result: False
trials-all-1  | [robot-6] [INFO] [1698540633.477368381] [robot]: success
trials-all-1  | [arm-1] [INFO] [1698540633.484280437] [arm]: Action: a_pick_up_sample
trials-all-1  | [robot-6] [INFO] [1698540633.486954460] [robot]: Receiving sync message. a_deposit,nurse1,robot1
trials-all-1  | [arm-1] [INFO] [1698540633.491190494] [arm]: Doing a_pick_up_sample
trials-all-1  | [robot-6] [INFO] [1698540633.494119518] [robot]: Action result: True
trials-all-1  | [robot-6] [INFO] [1698540633.500058567] [robot]: not ready
trials-all-1  | [nurse-4] [INFO] [1698540633.508509637] [nurse]: not ready
trials-all-1  | [robot-6] [INFO] [1698540633.509412644] [robot]: Receiving sync message. a_pick_up_sample,arm1,robot1
trials-all-1  | [coordinator-2] [INFO] [1698540633.512426669] [coordinator]: Receiving sync message: action_complete,a_open_drawer
trials-all-1  | [robot-6] [INFO] [1698540633.515302693] [robot]: not ready
trials-all-1  | [coordinator-2] [INFO] [1698540633.516568703] [coordinator]: action_complete
trials-all-1  | [nurse-4] [INFO] [1698540633.520627737] [nurse]: Action result: False
trials-all-1  | [nurse-4] [INFO] [1698540633.525583777] [nurse]: Action: a_deposit
trials-all-1  | [arm-1] [INFO] [1698540633.530846821] [arm]: not ready
trials-all-1  | [coordinator-2] [INFO] [1698540633.533714844] [coordinator]: plans_actions_current 5 of 11
trials-all-1  | [environment-3] [INFO] [1698540633.535844862] [environment]: Action: monitor
trials-all-1  | [nurse-4] [INFO] [1698540633.536944871] [nurse]: Doing a_deposit
trials-all-1  | [arm-1] [INFO] [1698540633.543670926] [arm]: Action result: False
trials-all-1  | [arm-1] [INFO] [1698540633.562963085] [arm]: Action: a_pick_up_sample
trials-all-1  | [robot-6] [INFO] [1698540633.568343129] [robot]: Receiving sync message. a_deposit,nurse1,robot1
trials-all-1  | [robot-6] [INFO] [1698540633.571912159] [robot]: not ready
trials-all-1  | [arm-1] [INFO] [1698540633.569449138] [arm]: Doing a_pick_up_sample
trials-all-1  | [coordinator-2] [INFO] [1698540633.577610205] [coordinator]: Found a problem
trials-all-1  | [nurse-4] [INFO] [1698540633.579716223] [nurse]: not ready
trials-all-1  | [robot-6] [INFO] [1698540633.581449237] [robot]: Receiving sync message. a_pick_up_sample,arm1,robot1
trials-all-1  | [nurse-4] [INFO] [1698540633.583986258] [nurse]: Action result: False
trials-all-1  | [nurse-4] [INFO] [1698540633.588201293] [nurse]: Action: a_deposit
trials-all-1  | [environment-3] [INFO] [1698540633.591391319] [environment]: Receiving message: monitor
trials-all-1  | [nurse-4] [INFO] [1698540633.593475336] [nurse]: Doing a_deposit
trials-all-1  | [robot-6] [INFO] [1698540633.603552419] [robot]: not ready
trials-all-1  | [environment-3] [INFO] [1698540633.606451443] [environment]: Action: monitor
trials-all-1  | [robot-6] [INFO] [1698540633.618582543] [robot]: Action: a_deposit
trials-all-1  | [coordinator-2] [INFO] [1698540633.620506558] [coordinator]: Found a problem
trials-all-1  | [arm-1] [INFO] [1698540633.621108563] [arm]: not ready
trials-all-1  | [arm-1] [INFO] [1698540633.629997637] [arm]: Action result: False
trials-all-1  | [robot-6] [INFO] [1698540633.631262647] [robot]: Doing a_deposit
trials-all-1  | [arm-1] [INFO] [1698540633.634117670] [arm]: Action: a_pick_up_sample
trials-all-1  | [environment-3] [INFO] [1698540633.635761684] [environment]: Receiving message: monitor
trials-all-1  | [arm-1] [INFO] [1698540633.638094703] [arm]: Doing a_pick_up_sample
trials-all-1  | [robot-6] [INFO] [1698540633.641371730] [robot]: wating for nurse1 to deposit in robot1
trials-all-1  | [robot-6] [INFO] [1698540633.648325787] [robot]: Receiving sync message. a_deposit,nurse1,robot1
trials-all-1  | [robot-6] [INFO] [1698540633.653257828] [robot]: Action result: False
trials-all-1  | [robot-6] [INFO] [1698540633.660456887] [robot]: Deposit
trials-all-1  | [environment-3] [INFO] [1698540633.665029925] [environment]: Action: monitor
trials-all-1  | [robot-6] [INFO] [1698540633.675531011] [robot]: Receiving sync message. a_pick_up_sample,arm1,robot1
trials-all-1  | [robot-6] [INFO] [1698540633.679258042] [robot]: not ready
trials-all-1  | [coordinator-2] [INFO] [1698540633.675784013] [coordinator]: Found a problem
trials-all-1  | [nurse-4] [INFO] [1698540633.684400084] [nurse]: success
trials-all-1  | [nurse-4] [INFO] [1698540633.688658119] [nurse]: Action result: True
trials-all-1  | [nurse-4] [INFO] [1698540633.692023147] [nurse]: Action: a_open_door
trials-all-1  | [nurse-4] [INFO] [1698540633.700569217] [nurse]: Doing a_open_door
trials-all-1  | [arm-1] [INFO] [1698540633.687819112] [arm]: not ready
trials-all-1  | [arm-1] [INFO] [1698540633.691188140] [arm]: Action result: False
trials-all-1  | [environment-3] [INFO] [1698540633.688656119] [environment]: Receiving message: monitor
trials-all-1  | [environment-3] [INFO] [1698540633.692164148] [environment]: Action: monitor
trials-all-1  | [robot-6] [INFO] [1698540633.699751210] [robot]: Action: a_deposit
trials-all-1  | [coordinator-2] [INFO] [1698540633.702187231] [coordinator]: Found a problem
trials-all-1  | [robot-6] [INFO] [1698540633.705725260] [robot]: Doing a_deposit
trials-all-1  | [arm-1] [INFO] [1698540633.728813450] [arm]: Action: a_pick_up_sample
trials-all-1  | [robot-6] [INFO] [1698540633.728913450] [robot]: Action result: True
trials-all-1  | [arm-1] [INFO] [1698540633.736414512] [arm]: Doing a_pick_up_sample
trials-all-1  | [coordinator-2] [INFO] [1698540633.738489529] [coordinator]: Receiving sync message: action_complete,a_deposit
trials-all-1  | [environment-3] [INFO] [1698540633.740212543] [environment]: Receiving message: a_open_door,nurse1,Room3
trials-all-1  | [robot-6] [INFO] [1698540633.745618588] [robot]: Receiving sync message. a_pick_up_sample,arm1,robot1
trials-all-1  | [robot-6] [INFO] [1698540633.753035649] [robot]: not ready
trials-all-1  | [coordinator-2] [INFO] [1698540633.754775663] [coordinator]: action_complete
trials-all-1  | [environment-3] [INFO] [1698540633.758539694] [environment]: Action: a_open_door
trials-all-1  | [environment-3] [INFO] [1698540633.763466735] [environment]: Responding
trials-all-1  | [coordinator-2] [INFO] [1698540633.766476760] [coordinator]: plans_actions_current 6 of 11
trials-all-1  | [arm-1] [INFO] [1698540633.766718762] [arm]: not ready
trials-all-1  | [arm-1] [INFO] [1698540633.775014830] [arm]: Action result: False
trials-all-1  | [arm-1] [INFO] [1698540633.779197864] [arm]: Action: a_pick_up_sample
trials-all-1  | [arm-1] [INFO] [1698540633.783564900] [arm]: Doing a_pick_up_sample
trials-all-1  | [nurse-4] [INFO] [1698540633.775430833] [nurse]: success
trials-all-1  | [nurse-4] [INFO] [1698540633.779415866] [nurse]: Action result: True
trials-all-1  | [robot-6] [INFO] [1698540633.781625884] [robot]: Action: a_close_drawer
trials-all-1  | [robot-6] [INFO] [1698540633.785299914] [robot]: Doing a_close_drawer
trials-all-1  | [robot-6] [INFO] [1698540633.792870977] [robot]: success
trials-all-1  | [environment-3] [INFO] [1698540633.794057986] [environment]: Receiving message: monitor
trials-all-1  | [environment-3] [INFO] [1698540633.798702025] [environment]: Action: monitor
trials-all-1  | [robot-6] [INFO] [1698540633.802901059] [robot]: Receiving sync message. a_pick_up_sample,arm1,robot1
trials-all-1  | [robot-6] [INFO] [1698540633.814680156] [robot]: Action result: True
trials-all-1  | [coordinator-2] [INFO] [1698540633.821140209] [coordinator]: Receiving sync message: action_complete,a_close_drawer
trials-all-1  | [coordinator-2] [INFO] [1698540633.824854240] [coordinator]: action_complete
trials-all-1  | [environment-3] [INFO] [1698540633.824924240] [environment]: Receiving message: monitor
trials-all-1  | [environment-3] [INFO] [1698540633.832560303] [environment]: Action: monitor
trials-all-1  | [robot-6] [INFO] [1698540633.836646337] [robot]: not ready
trials-all-1  | [coordinator-2] [INFO] [1698540633.848479434] [coordinator]: plans_actions_current 7 of 11
trials-all-1  | [arm-1] [INFO] [1698540633.848574435] [arm]: not ready
trials-all-1  | [arm-1] [INFO] [1698540633.853374475] [arm]: Action result: False
trials-all-1  | [robot-6] [INFO] [1698540633.859346524] [robot]: Action: a_navto
trials-all-1  | [environment-3] [INFO] [1698540633.868320598] [environment]: Receiving message: monitor
trials-all-1  | [robot-6] [INFO] [1698540633.870668617] [robot]: Doing a_navto
trials-all-1  | [arm-1] [INFO] [1698540633.874977652] [arm]: Action: a_pick_up_sample
trials-all-1  | [arm-1] [INFO] [1698540633.878801684] [arm]: Doing a_pick_up_sample
trials-all-1  | [environment-3] [INFO] [1698540633.887358754] [environment]: Action: monitor
trials-all-1  | [robot-6] [INFO] [1698540633.887365754] [robot]: Receiving sync message. a_pick_up_sample,arm1,robot1
trials-all-1  | [environment-3] [INFO] [1698540633.898137843] [environment]: Receiving message: a_navto,robot1,Room3
trials-all-1  | [robot-6] [INFO] [1698540633.898381845] [robot]: not ready
trials-all-1  | [arm-1] [INFO] [1698540633.906796914] [arm]: not ready
trials-all-1  | [arm-1] [INFO] [1698540633.913836972] [arm]: Action result: False
trials-all-1  | [environment-3] [INFO] [1698540633.914900981] [environment]: Action: a_navto
trials-all-1  | [environment-3] [INFO] [1698540633.921035031] [environment]: Responding
trials-all-1  | [arm-1] [INFO] [1698540633.921018031] [arm]: Action: a_pick_up_sample
trials-all-1  | [robot-6] [INFO] [1698540633.929778103] [robot]: success
trials-all-1  | [arm-1] [INFO] [1698540633.931674119] [arm]: Doing a_pick_up_sample
trials-all-1  | [robot-6] [INFO] [1698540633.938233173] [robot]: Receiving sync message. a_pick_up_sample,arm1,robot1
trials-all-1  | [environment-3] [INFO] [1698540633.939982187] [environment]: Receiving message: monitor
trials-all-1  | [robot-6] [INFO] [1698540633.943060212] [robot]: Action result: True
trials-all-1  | [robot-6] [INFO] [1698540633.945206230] [robot]: not ready
trials-all-1  | [coordinator-2] [INFO] [1698540633.949110262] [coordinator]: Receiving sync message: action_complete,a_navto
trials-all-1  | [coordinator-2] [INFO] [1698540633.952469290] [coordinator]: action_complete
trials-all-1  | [coordinator-2] [INFO] [1698540633.957013327] [coordinator]: plans_actions_current 8 of 11
trials-all-1  | [arm-1] [INFO] [1698540633.956826326] [arm]: not ready
trials-all-1  | [arm-1] [INFO] [1698540633.961039360] [arm]: Action result: False
trials-all-1  | [environment-3] [INFO] [1698540633.964518389] [environment]: Action: monitor
trials-all-1  | [arm-1] [INFO] [1698540633.964626390] [arm]: Action: a_pick_up_sample
trials-all-1  | [robot-6] [INFO] [1698540633.972920458] [robot]: Action: a_approach_arm
trials-all-1  | [robot-6] [INFO] [1698540633.977064492] [robot]: Doing a_approach_arm
trials-all-1  | [environment-3] [INFO] [1698540633.983305544] [environment]: Receiving message: monitor
trials-all-1  | [arm-1] [INFO] [1698540633.984661555] [arm]: Doing a_pick_up_sample
trials-all-1  | [environment-3] [INFO] [1698540633.988814589] [environment]: Action: monitor
trials-all-1  | [robot-6] [INFO] [1698540633.992384618] [robot]: Receiving sync message. a_pick_up_sample,arm1,robot1
trials-all-1  | [robot-6] [INFO] [1698540633.999474677] [robot]: not ready
trials-all-1  | [environment-3] [INFO] [1698540634.008530751] [environment]: Receiving message: a_approach_arm,robot1,arm1
trials-all-1  | [arm-1] [INFO] [1698540634.009506759] [arm]: not ready
trials-all-1  | [arm-1] [INFO] [1698540634.013680793] [arm]: Action result: False
trials-all-1  | [arm-1] [INFO] [1698540634.020854852] [arm]: Action: a_pick_up_sample
trials-all-1  | [environment-3] [INFO] [1698540634.026795901] [environment]: Action: a_approach_arm
trials-all-1  | [arm-1] [INFO] [1698540634.026786901] [arm]: Doing a_pick_up_sample
trials-all-1  | [environment-3] [INFO] [1698540634.032926951] [environment]: Responding
trials-all-1  | [robot-6] [INFO] [1698540634.034806967] [robot]: Receiving sync message. a_pick_up_sample,arm1,robot1
trials-all-1  | [robot-6] [INFO] [1698540634.039185002] [robot]: not ready
trials-all-1  | [environment-3] [INFO] [1698540634.048591080] [environment]: Receiving message: monitor
trials-all-1  | [robot-6] [INFO] [1698540634.055901139] [robot]: success
trials-all-1  | [robot-6] [INFO] [1698540634.059846172] [robot]: Action result: True
trials-all-1  | [environment-3] [INFO] [1698540634.064737212] [environment]: Action: monitor
trials-all-1  | [arm-1] [INFO] [1698540634.064927214] [arm]: not ready
trials-all-1  | [coordinator-2] [INFO] [1698540634.066854229] [coordinator]: Receiving sync message: action_complete,a_approach_arm
trials-all-1  | [coordinator-2] [INFO] [1698540634.070741261] [coordinator]: action_complete
trials-all-1  | [arm-1] [INFO] [1698540634.075925304] [arm]: Action result: False
trials-all-1  | [arm-1] [INFO] [1698540634.080151338] [arm]: Action: a_pick_up_sample
trials-all-1  | [coordinator-2] [INFO] [1698540634.082499358] [coordinator]: plans_actions_current 9 of 11
trials-all-1  | [robot-6] [INFO] [1698540634.090456423] [robot]: Action: a_open_drawer
trials-all-1  | [robot-6] [INFO] [1698540634.094358455] [robot]: Doing a_open_drawer
trials-all-1  | [robot-6] [INFO] [1698540634.098179486] [robot]: success
trials-all-1  | [robot-6] [INFO] [1698540634.102563522] [robot]: Action result: True
trials-all-1  | [arm-1] [INFO] [1698540634.104233536] [arm]: Doing a_pick_up_sample
trials-all-1  | [environment-3] [INFO] [1698540634.107228560] [environment]: Receiving message: monitor
trials-all-1  | [environment-3] [INFO] [1698540634.111765598] [environment]: Action: monitor
trials-all-1  | [robot-6] [INFO] [1698540634.111236593] [robot]: Receiving sync message. a_pick_up_sample,arm1,robot1
trials-all-1  | [robot-6] [INFO] [1698540634.118073649] [robot]: not ready
trials-all-1  | [coordinator-2] [INFO] [1698540634.111914599] [coordinator]: Receiving sync message: action_complete,a_open_drawer
trials-all-1  | [coordinator-2] [INFO] [1698540634.116646638] [coordinator]: action_complete
trials-all-1  | [arm-1] [INFO] [1698540634.126508718] [arm]: not ready
trials-all-1  | [arm-1] [INFO] [1698540634.130497751] [arm]: Action result: False
trials-all-1  | [coordinator-2] [INFO] [1698540634.132955771] [coordinator]: plans_actions_current 10 of 11
trials-all-1  | [arm-1] [INFO] [1698540634.138448816] [arm]: Action: a_pick_up_sample
trials-all-1  | [robot-6] [INFO] [1698540634.146822885] [robot]: Action: a_pick_up_sample
trials-all-1  | [robot-6] [INFO] [1698540634.150843918] [robot]: Doing a_pick_up_sample
trials-all-1  | [robot-6] [INFO] [1698540634.155000952] [robot]: wating for arm1 to pick up from robot1
trials-all-1  | [environment-3] [INFO] [1698540634.157327971] [environment]: Receiving message: monitor
trials-all-1  | [arm-1] [INFO] [1698540634.158037977] [arm]: Doing a_pick_up_sample
trials-all-1  | [environment-3] [INFO] [1698540634.163419021] [environment]: Action: monitor
trials-all-1  | [robot-6] [INFO] [1698540634.168458062] [robot]: Receiving sync message. a_pick_up_sample,arm1,robot1
trials-all-1  | [robot-6] [INFO] [1698540634.172103092] [robot]: Pick up
trials-all-1  | [arm-1] [INFO] [1698540634.180781163] [arm]: success
trials-all-1  | [robot-6] [INFO] [1698540634.185746204] [robot]: Action result: False
trials-all-1  | [robot-6] [INFO] [1698540634.189647236] [robot]: Action: a_pick_up_sample
trials-all-1  | [environment-3] [INFO] [1698540634.189724237] [environment]: Receiving message: monitor
trials-all-1  | [arm-1] [INFO] [1698540634.196402292] [arm]: Action result: True
trials-all-1  | [environment-3] [INFO] [1698540634.202837344] [environment]: Action: monitor
trials-all-1  | [robot-6] [INFO] [1698540634.214353439] [robot]: Doing a_pick_up_sample
trials-all-1  | [environment-3] [INFO] [1698540634.217520465] [environment]: Receiving message: monitor
trials-all-1  | [robot-6] [INFO] [1698540634.218297471] [robot]: Action result: True
trials-all-1  | [environment-3] [INFO] [1698540634.235725614] [environment]: Action: monitor
trials-all-1  | [coordinator-2] [INFO] [1698540634.238873640] [coordinator]: Receiving sync message: action_complete,a_pick_up_sample
trials-all-1  | [coordinator-2] [INFO] [1698540634.242844672] [coordinator]: action_complete
trials-all-1  | [coordinator-2] [INFO] [1698540634.246935706] [coordinator]: plans_actions_current 11 of 11
trials-all-1  | [coordinator-2] [INFO] [1698540634.266180864] [coordinator]: The time of execution of above program is:2.368983268737793
trials-all-1  | [coordinator-2] [INFO] [1698540634.269928894] [coordinator]: Achieved
trials-all-1  | [coordinator-2] [INFO] [1698540634.273838926] [coordinator]: ENDSIM
trials-all-1  | [robot-6] [INFO] [1698540634.282649999] [robot]: Action: a_close_drawer
trials-all-1  | [robot-6] [INFO] [1698540634.286632031] [robot]: Doing a_close_drawer
trials-all-1  | [robot-6] [INFO] [1698540634.303748172] [robot]: success
trials-all-1  | [robot-6] [INFO] [1698540634.307866205] [robot]: Action result: True
trials-all-1  | [coordinator-2] [INFO] [1698540634.323572334] [coordinator]: Receiving sync message: action_complete,a_close_drawer
trials-all-1  | [coordinator-2] [INFO] [1698540634.373946747] [coordinator]: action_complete
trials-all-1  | [coordinator-2] [INFO] [1698540634.377819779] [coordinator]: plans_actions_current 12 of 11
trials-all-1  | [coordinator-2] [INFO] [1698540634.426039174] [coordinator]: The time of execution of above program is:2.4998233318328857
trials-all-1  | [coordinator-2] [INFO] [1698540634.430058207] [coordinator]: Achieved
trials-all-1  | [coordinator-2] [INFO] [1698540634.448571359] [coordinator]: ENDSIM
trials-all-1 exited with code 0
