 Network trials_ros  Creating
 Network trials_ros  Created
 Container trials-all-1  Creating
 Container trials-all-1  Created
Attaching to trials-all-1
trials-all-1  | [INFO] [launch]: All log files can be found below /root/.ros/log/2023-10-29-00-41-32-222768-1a164db1d9dc-1
trials-all-1  | [INFO] [launch]: Default logging verbosity is set to INFO
trials-all-1  | [INFO] [arm-1]: process started with pid [52]
trials-all-1  | [INFO] [coordinator-2]: process started with pid [54]
trials-all-1  | [INFO] [environment-3]: process started with pid [56]
trials-all-1  | [INFO] [nurse-4]: process started with pid [58]
trials-all-1  | [INFO] [planner-5]: process started with pid [60]
trials-all-1  | [INFO] [robot-6]: process started with pid [62]
trials-all-1  | [environment-3] [INFO] [1698540096.323063062] [environment]: Starting Environment server
trials-all-1  | [environment-3] [INFO] [1698540096.356102527] [environment]: Environment server started
trials-all-1  | [robot-6] [INFO] [1698540096.399684140] [robot]: Starting Robot server
trials-all-1  | [nurse-4] [INFO] [1698540096.401459165] [nurse]: Starting Nurse server
trials-all-1  | [coordinator-2] [INFO] [1698540096.410998299] [coordinator]: Starting Coordinator server
trials-all-1  | [arm-1] [INFO] [1698540096.455978932] [arm]: Starting Arm server
trials-all-1  | [nurse-4] [INFO] [1698540096.462212020] [nurse]: Nurse server started
trials-all-1  | [nurse-4] [INFO] [1698540096.477719238] [nurse]: Starting Nurse clients
trials-all-1  | [robot-6] [INFO] [1698540096.485817352] [robot]: Robot server started
trials-all-1  | [coordinator-2] [INFO] [1698540096.492892452] [coordinator]: Coordinator server started
trials-all-1  | [coordinator-2] [INFO] [1698540096.496477502] [coordinator]: Starting Coordinator clients
trials-all-1  | [arm-1] [INFO] [1698540096.494154470] [arm]: Arm server started
trials-all-1  | [arm-1] [INFO] [1698540096.498118525] [arm]: Starting Nurse clients
trials-all-1  | [robot-6] [INFO] [1698540096.499107539] [robot]: Starting Robots clients
trials-all-1  | [arm-1] [INFO] [1698540096.539333105] [arm]: Nurse clients started
trials-all-1  | [robot-6] [INFO] [1698540096.582650715] [robot]: Robots clients started
trials-all-1  | [nurse-4] [INFO] [1698540096.624236300] [nurse]: Nurse clients started
trials-all-1  | [nurse-4] [INFO] [1698540096.651782688] [nurse]: Sent request
trials-all-1  | [coordinator-2] [INFO] [1698540097.555538383] [coordinator]: planner sync service not available, waiting again...
trials-all-1  | [coordinator-2] [INFO] [1698540098.570665602] [coordinator]: planner sync service not available, waiting again...
trials-all-1  | [coordinator-2] [INFO] [1698540099.585615775] [coordinator]: planner sync service not available, waiting again...
trials-all-1  | [coordinator-2] [INFO] [1698540100.601184914] [coordinator]: planner sync service not available, waiting again...
trials-all-1  | [coordinator-2] [INFO] [1698540101.612943956] [coordinator]: planner sync service not available, waiting again...
trials-all-1  | [coordinator-2] [INFO] [1698540102.625832971] [coordinator]: planner sync service not available, waiting again...
trials-all-1  | [planner-5] Matplotlib is building the font cache; this may take a moment.
trials-all-1  | [coordinator-2] [INFO] [1698540103.644401021] [coordinator]: planner sync service not available, waiting again...
trials-all-1  | [coordinator-2] [INFO] [1698540104.662041016] [coordinator]: planner sync service not available, waiting again...
trials-all-1  | [coordinator-2] [INFO] [1698540105.677684939] [coordinator]: planner sync service not available, waiting again...
trials-all-1  | [planner-5] [INFO] [1698540105.964859872] [planner]: Starting Planner server
trials-all-1  | [planner-5] [INFO] [1698540105.980393085] [planner]: Planner server started
trials-all-1  | [coordinator-2] [INFO] [1698540106.694151831] [coordinator]: planner sync service not available, waiting again...
trials-all-1  | [coordinator-2] [INFO] [1698540107.717407773] [coordinator]: planner sync service not available, waiting again...
trials-all-1  | [coordinator-2] [INFO] [1698540108.309643821] [coordinator]: Coordinator clients started
trials-all-1  | [coordinator-2] [INFO] [1698540108.351093384] [coordinator]: Receiving message of nurse1 in room3.
trials-all-1  | [coordinator-2] [INFO] [1698540108.361816529] [coordinator]: Planing
trials-all-1  | [coordinator-2] [INFO] [1698540108.365528580] [coordinator]: Sending response
trials-all-1  | [nurse-4] [INFO] [1698540108.375610717] [nurse]: Request response:Okay!
trials-all-1  | [coordinator-2] [INFO] [1698540108.379946776] [coordinator]: Creating plan for: robot1, nurse1, arm1 
trials-all-1  | [planner-5] [INFO] [1698540108.387003871] [planner]: Receiving sync message. need_plan,robot1,nurse1,arm1
trials-all-1  | [planner-5] [INFO] [1698540108.390840923] [planner]: Creating plan for: robot1 robot1 nurse1
trials-all-1  | [planner-5] [INFO] [1698540108.417863290] [planner]: a_navto,robot1,Room1
trials-all-1  | [planner-5] [INFO] [1698540108.425859399] [planner]: a_approach_nurse,robot1
trials-all-1  | [planner-5] [INFO] [1698540108.436692546] [planner]: a_authenticate_nurse,robot1,nurse1
trials-all-1  | [planner-5] [INFO] [1698540108.445093660] [planner]: a_open_drawer,robot1
trials-all-1  | [planner-5] [INFO] [1698540108.448909711] [planner]: a_deposit,nurse1,robot1
trials-all-1  | [planner-5] [INFO] [1698540108.452838765] [planner]: a_close_drawer,robot1
trials-all-1  | [planner-5] [INFO] [1698540108.456221811] [planner]: a_navto,robot1,Room3
trials-all-1  | [planner-5] [INFO] [1698540108.469431990] [planner]: a_approach_arm,robot1,arm1
trials-all-1  | [planner-5] [INFO] [1698540108.474231055] [planner]: a_open_drawer,robot1
trials-all-1  | [planner-5] [INFO] [1698540108.481043147] [planner]: a_pick_up_sample,arm1,robot1
trials-all-1  | [planner-5] [INFO] [1698540108.484589196] [planner]: a_close_drawer,robot1
trials-all-1  | [planner-5] [INFO] [1698540108.490763279] [planner]: Sending response
trials-all-1  | [coordinator-2] [INFO] [1698540108.505229476] [coordinator]: Plan received for: robot1, nurse1, arm1 
trials-all-1  | [coordinator-2] [INFO] [1698540108.509445533] [coordinator]: a_navto,robot1,Room1/a_approach_nurse,robot1/a_authenticate_nurse,robot1,nurse1/a_open_drawer,robot1/a_deposit,nurse1,robot1/a_close_drawer,robot1/a_navto,robot1,Room3/a_approach_arm,robot1,arm1/a_open_drawer,robot1/a_pick_up_sample,arm1,robot1/a_close_drawer,robot1
trials-all-1  | [coordinator-2] [INFO] [1698540108.514845606] [coordinator]: a_navto,robot1,Room1
trials-all-1  | [coordinator-2] [INFO] [1698540108.519339667] [coordinator]: a_approach_nurse,robot1
trials-all-1  | [coordinator-2] [INFO] [1698540108.523037717] [coordinator]: a_authenticate_nurse,robot1,nurse1
trials-all-1  | [coordinator-2] [INFO] [1698540108.526666767] [coordinator]: a_open_drawer,robot1
trials-all-1  | [coordinator-2] [INFO] [1698540108.530885824] [coordinator]: a_deposit,nurse1,robot1
trials-all-1  | [coordinator-2] [INFO] [1698540108.534921879] [coordinator]: a_close_drawer,robot1
trials-all-1  | [coordinator-2] [INFO] [1698540108.539566942] [coordinator]: a_navto,robot1,Room3
trials-all-1  | [coordinator-2] [INFO] [1698540108.543568996] [coordinator]: a_approach_arm,robot1,arm1
trials-all-1  | [coordinator-2] [INFO] [1698540108.563705269] [coordinator]: a_open_drawer,robot1
trials-all-1  | [coordinator-2] [INFO] [1698540108.567522321] [coordinator]: a_pick_up_sample,arm1,robot1
trials-all-1  | [coordinator-2] [INFO] [1698540108.585918571] [coordinator]: a_close_drawer,robot1
trials-all-1  | [coordinator-2] [INFO] [1698540108.594410686] [coordinator]: Sending plans
trials-all-1  | [coordinator-2] [INFO] [1698540108.618192009] [coordinator]: Plans sent
trials-all-1  | [nurse-4] [INFO] [1698540108.626479121] [nurse]: Receiving message.
trials-all-1  | [environment-3] [INFO] [1698540108.635365242] [environment]: Receiving message: monitor
trials-all-1  | [robot-6] [INFO] [1698540108.642276335] [robot]: Receiving message.
trials-all-1  | [arm-1] [INFO] [1698540108.646175388] [arm]: Receiving message.
trials-all-1  | [robot-6] [INFO] [1698540108.648329418] [robot]: Robot's actions:
trials-all-1  | [robot-6] [INFO] [1698540108.656782532] [robot]: Action: a_navto
trials-all-1  | [nurse-4] [INFO] [1698540108.661593598] [nurse]: Nurse's actions:
trials-all-1  | [nurse-4] [INFO] [1698540108.668430690] [nurse]: a_authenticate_nurse
trials-all-1  | [robot-6] [INFO] [1698540108.674063767] [robot]: a_navto
trials-all-1  | [environment-3] [INFO] [1698540108.676069794] [environment]: Action: monitor
trials-all-1  | [robot-6] [INFO] [1698540108.678243824] [robot]: Doing a_navto
trials-all-1  | [nurse-4] [INFO] [1698540108.681196864] [nurse]: a_deposit
trials-all-1  | [nurse-4] [INFO] [1698540108.687161945] [nurse]: Action: a_authenticate_nurse
trials-all-1  | [robot-6] [INFO] [1698540108.691124998] [robot]: a_authenticate_nurse
trials-all-1  | [environment-3] [INFO] [1698540108.693613032] [environment]: Receiving message: a_navto,robot1,Room1
trials-all-1  | [arm-1] [INFO] [1698540108.696176067] [arm]: Arm's actions:
trials-all-1  | [robot-6] [INFO] [1698540108.697478085] [robot]: a_open_drawer
trials-all-1  | [environment-3] [INFO] [1698540108.698014092] [environment]: Action: a_navto
trials-all-1  | [arm-1] [INFO] [1698540108.701532140] [arm]: a_approach_arm
trials-all-1  | [robot-6] [INFO] [1698540108.702320150] [robot]: a_deposit
trials-all-1  | [environment-3] [INFO] [1698540108.702545153] [environment]: Responding
trials-all-1  | [robot-6] [INFO] [1698540108.710632263] [robot]: a_close_drawer
trials-all-1  | [nurse-4] [INFO] [1698540108.715197325] [nurse]: Doing a_authenticate_nurse
trials-all-1  | [robot-6] [INFO] [1698540108.715412328] [robot]: a_navto
trials-all-1  | [robot-6] [INFO] [1698540108.720943403] [robot]: a_approach_arm
trials-all-1  | [arm-1] [INFO] [1698540108.721938417] [arm]: Action: a_approach_arm
trials-all-1  | [arm-1] [INFO] [1698540108.725194461] [arm]: a_pick_up_sample
trials-all-1  | [robot-6] [INFO] [1698540108.726529479] [robot]: a_open_drawer
trials-all-1  | [environment-3] [INFO] [1698540108.728447505] [environment]: Receiving message: monitor
trials-all-1  | [arm-1] [INFO] [1698540108.732797564] [arm]: Doing a_approach_arm
trials-all-1  | [environment-3] [INFO] [1698540108.733142569] [environment]: Action: monitor
trials-all-1  | [robot-6] [INFO] [1698540108.737078622] [robot]: a_pick_up_sample
trials-all-1  | [robot-6] [INFO] [1698540108.748191773] [robot]: a_close_drawer
trials-all-1  | [environment-3] [INFO] [1698540108.758158908] [environment]: Receiving message: a_approach_arm,robot1,arm1
trials-all-1  | [environment-3] [INFO] [1698540108.782302236] [environment]: Action: a_approach_arm
trials-all-1  | [robot-6] [INFO] [1698540108.784321263] [robot]: Receiving sync message. a_authenticate_nurse,robot1,nurse1
trials-all-1  | [environment-3] [INFO] [1698540108.787273303] [environment]: Responding
trials-all-1  | [robot-6] [INFO] [1698540108.794420400] [robot]: not ready
trials-all-1  | [nurse-4] [INFO] [1698540108.809749608] [nurse]: not ready
trials-all-1  | [robot-6] [INFO] [1698540108.810876623] [robot]: success
trials-all-1  | [arm-1] [INFO] [1698540108.814920678] [arm]: success
trials-all-1  | [robot-6] [INFO] [1698540108.815509686] [robot]: Action result: True
trials-all-1  | [coordinator-2] [INFO] [1698540108.823883800] [coordinator]: Receiving sync message: action_complete,a_navto
trials-all-1  | [arm-1] [INFO] [1698540108.825901827] [arm]: Action result: True
trials-all-1  | [nurse-4] [INFO] [1698540108.829547877] [nurse]: Action result: False
trials-all-1  | [coordinator-2] [INFO] [1698540108.829859881] [coordinator]: action_complete
trials-all-1  | [coordinator-2] [INFO] [1698540108.833960937] [coordinator]: plans_actions_current 1 of 11
trials-all-1  | [arm-1] [INFO] [1698540108.838224995] [arm]: Action: a_pick_up_sample
trials-all-1  | [nurse-4] [INFO] [1698540108.843184062] [nurse]: Action: a_authenticate_nurse
trials-all-1  | [robot-6] [INFO] [1698540108.845473093] [robot]: Action: a_approach_nurse
trials-all-1  | [arm-1] [INFO] [1698540108.848997141] [arm]: Doing a_pick_up_sample
trials-all-1  | [robot-6] [INFO] [1698540108.849695150] [robot]: Doing a_approach_nurse
trials-all-1  | [environment-3] [INFO] [1698540108.853083196] [environment]: Receiving message: monitor
trials-all-1  | [nurse-4] [INFO] [1698540108.855447228] [nurse]: Doing a_authenticate_nurse
trials-all-1  | [environment-3] [INFO] [1698540108.858247266] [environment]: Action: monitor
trials-all-1  | [robot-6] [INFO] [1698540108.865105359] [robot]: Receiving sync message. a_pick_up_sample,arm1,robot1
trials-all-1  | [robot-6] [INFO] [1698540108.874023480] [robot]: not ready
trials-all-1  | [arm-1] [INFO] [1698540108.886753653] [arm]: not ready
trials-all-1  | [environment-3] [INFO] [1698540108.889275687] [environment]: Receiving message: a_approach_nurse,robot1
trials-all-1  | [arm-1] [INFO] [1698540108.893278742] [arm]: Action result: False
trials-all-1  | [environment-3] [INFO] [1698540108.893656747] [environment]: Action: a_approach_nurse
trials-all-1  | [robot-6] [INFO] [1698540108.896784789] [robot]: Receiving sync message. a_authenticate_nurse,robot1,nurse1
trials-all-1  | [arm-1] [INFO] [1698540108.898757816] [arm]: Action: a_pick_up_sample
trials-all-1  | [robot-6] [INFO] [1698540108.902001860] [robot]: not ready
trials-all-1  | [arm-1] [INFO] [1698540108.910742979] [arm]: Doing a_pick_up_sample
trials-all-1  | [nurse-4] [INFO] [1698540108.911199985] [nurse]: not ready
trials-all-1  | [environment-3] [INFO] [1698540108.915782047] [environment]: Responding
trials-all-1  | [nurse-4] [INFO] [1698540108.916221053] [nurse]: Action result: False
trials-all-1  | [robot-6] [INFO] [1698540108.923637154] [robot]: Receiving sync message. a_pick_up_sample,arm1,robot1
trials-all-1  | [environment-3] [INFO] [1698540108.923799156] [environment]: Receiving message: monitor
trials-all-1  | [robot-6] [INFO] [1698540108.928903225] [robot]: not ready
trials-all-1  | [nurse-4] [INFO] [1698540108.929068227] [nurse]: Action: a_authenticate_nurse
trials-all-1  | [nurse-4] [INFO] [1698540108.933948294] [nurse]: Doing a_authenticate_nurse
trials-all-1  | [arm-1] [INFO] [1698540108.942446409] [arm]: not ready
trials-all-1  | [environment-3] [INFO] [1698540108.946692467] [environment]: Action: monitor
trials-all-1  | [arm-1] [INFO] [1698540108.953453558] [arm]: Action result: False
trials-all-1  | [arm-1] [INFO] [1698540108.961502668] [arm]: Action: a_pick_up_sample
trials-all-1  | [robot-6] [INFO] [1698540108.962676683] [robot]: Receiving sync message. a_authenticate_nurse,robot1,nurse1
trials-all-1  | [arm-1] [INFO] [1698540108.967038743] [arm]: Doing a_pick_up_sample
trials-all-1  | [robot-6] [INFO] [1698540108.967209745] [robot]: not ready
trials-all-1  | [environment-3] [INFO] [1698540108.968271759] [environment]: Receiving message: monitor
trials-all-1  | [nurse-4] [INFO] [1698540108.976898876] [nurse]: not ready
trials-all-1  | [nurse-4] [INFO] [1698540108.981318936] [nurse]: Action result: False
trials-all-1  | [environment-3] [INFO] [1698540108.984582981] [environment]: Action: monitor
trials-all-1  | [nurse-4] [INFO] [1698540108.997283153] [nurse]: Action: a_authenticate_nurse
trials-all-1  | [robot-6] [INFO] [1698540109.000929203] [robot]: success
trials-all-1  | [nurse-4] [INFO] [1698540109.001690213] [nurse]: Doing a_authenticate_nurse
trials-all-1  | [robot-6] [INFO] [1698540109.008457305] [robot]: Receiving sync message. a_pick_up_sample,arm1,robot1
trials-all-1  | [environment-3] [INFO] [1698540109.009589320] [environment]: Receiving message: monitor
trials-all-1  | [robot-6] [INFO] [1698540109.012747363] [robot]: not ready
trials-all-1  | [environment-3] [INFO] [1698540109.015836404] [environment]: Action: monitor
trials-all-1  | [arm-1] [INFO] [1698540109.029747593] [arm]: not ready
trials-all-1  | [arm-1] [INFO] [1698540109.035486670] [arm]: Action result: False
trials-all-1  | [robot-6] [INFO] [1698540109.037616699] [robot]: Action result: True
trials-all-1  | [environment-3] [INFO] [1698540109.040568739] [environment]: Receiving message: monitor
trials-all-1  | [arm-1] [INFO] [1698540109.041347750] [arm]: Action: a_pick_up_sample
trials-all-1  | [coordinator-2] [INFO] [1698540109.046002813] [coordinator]: Receiving sync message: action_complete,a_approach_nurse
trials-all-1  | [arm-1] [INFO] [1698540109.048305844] [arm]: Doing a_pick_up_sample
trials-all-1  | [coordinator-2] [INFO] [1698540109.052608902] [coordinator]: action_complete
trials-all-1  | [robot-6] [INFO] [1698540109.053296911] [robot]: Receiving sync message. a_authenticate_nurse,robot1,nurse1
trials-all-1  | [coordinator-2] [INFO] [1698540109.057831973] [coordinator]: plans_actions_current 2 of 11
trials-all-1  | [environment-3] [INFO] [1698540109.058958988] [environment]: Action: monitor
trials-all-1  | [robot-6] [INFO] [1698540109.062032029] [robot]: not ready
trials-all-1  | [nurse-4] [INFO] [1698540109.074583199] [nurse]: not ready
trials-all-1  | [nurse-4] [INFO] [1698540109.079443265] [nurse]: Action result: False
trials-all-1  | [environment-3] [INFO] [1698540109.080979286] [environment]: Receiving message: monitor
trials-all-1  | [environment-3] [INFO] [1698540109.088127382] [environment]: Action: monitor
trials-all-1  | [robot-6] [INFO] [1698540109.093559456] [robot]: Receiving sync message. a_pick_up_sample,arm1,robot1
trials-all-1  | [nurse-4] [INFO] [1698540109.096874501] [nurse]: Action: a_authenticate_nurse
trials-all-1  | [robot-6] [INFO] [1698540109.102515577] [robot]: not ready
trials-all-1  | [nurse-4] [INFO] [1698540109.105351615] [nurse]: Doing a_authenticate_nurse
trials-all-1  | [robot-6] [INFO] [1698540109.112773716] [robot]: Action: a_authenticate_nurse
trials-all-1  | [arm-1] [INFO] [1698540109.117825784] [arm]: not ready
trials-all-1  | [robot-6] [INFO] [1698540109.118144789] [robot]: Doing a_authenticate_nurse
trials-all-1  | [arm-1] [INFO] [1698540109.122731851] [arm]: Action result: False
trials-all-1  | [robot-6] [INFO] [1698540109.123398860] [robot]: wating for nurse1 to authenticate to robot1
trials-all-1  | [environment-3] [INFO] [1698540109.123292858] [environment]: Receiving message: monitor
trials-all-1  | [environment-3] [INFO] [1698540109.128839933] [environment]: Action: monitor
trials-all-1  | [arm-1] [INFO] [1698540109.128895934] [arm]: Action: a_pick_up_sample
trials-all-1  | [arm-1] [INFO] [1698540109.141274101] [arm]: Doing a_pick_up_sample
trials-all-1  | [robot-6] [INFO] [1698540109.149747216] [robot]: Receiving sync message. a_authenticate_nurse,robot1,nurse1
trials-all-1  | [robot-6] [INFO] [1698540109.154538281] [robot]: Action result: False
trials-all-1  | [robot-6] [INFO] [1698540109.158947341] [robot]: Action: a_authenticate_nurse
trials-all-1  | [environment-3] [INFO] [1698540109.158988341] [environment]: Receiving message: monitor
trials-all-1  | [robot-6] [INFO] [1698540109.181562647] [robot]: Doing a_authenticate_nurse
trials-all-1  | [robot-6] [INFO] [1698540109.186878718] [robot]: Action result: True
trials-all-1  | [robot-6] [INFO] [1698540109.193099803] [robot]: Authenticate nurse
trials-all-1  | [coordinator-2] [INFO] [1698540109.196733852] [coordinator]: Receiving sync message: action_complete,a_authenticate_nurse
trials-all-1  | [coordinator-2] [INFO] [1698540109.203044937] [coordinator]: action_complete
trials-all-1  | [robot-6] [INFO] [1698540109.205549971] [robot]: Receiving sync message. a_pick_up_sample,arm1,robot1
trials-all-1  | [coordinator-2] [INFO] [1698540109.209083019] [coordinator]: plans_actions_current 3 of 11
trials-all-1  | [robot-6] [INFO] [1698540109.210205034] [robot]: not ready
trials-all-1  | [nurse-4] [INFO] [1698540109.221591188] [nurse]: success
trials-all-1  | [nurse-4] [INFO] [1698540109.225685243] [nurse]: Action result: True
trials-all-1  | [nurse-4] [INFO] [1698540109.229943301] [nurse]: Action: a_deposit
trials-all-1  | [arm-1] [INFO] [1698540109.224305225] [arm]: not ready
trials-all-1  | [arm-1] [INFO] [1698540109.228980288] [arm]: Action result: False
trials-all-1  | [arm-1] [INFO] [1698540109.232509336] [arm]: Action: a_pick_up_sample
trials-all-1  | [robot-6] [INFO] [1698540109.231539323] [robot]: Action: a_open_drawer
trials-all-1  | [robot-6] [INFO] [1698540109.240190440] [robot]: Doing a_open_drawer
trials-all-1  | [nurse-4] [INFO] [1698540109.244959504] [nurse]: Doing a_deposit
trials-all-1  | [arm-1] [INFO] [1698540109.245388510] [arm]: Doing a_pick_up_sample
trials-all-1  | [robot-6] [INFO] [1698540109.253960626] [robot]: Receiving sync message. a_deposit,nurse1,robot1
trials-all-1  | [robot-6] [INFO] [1698540109.258641689] [robot]: not ready
trials-all-1  | [robot-6] [INFO] [1698540109.262327739] [robot]: success
trials-all-1  | [robot-6] [INFO] [1698540109.266002789] [robot]: Action result: True
trials-all-1  | [robot-6] [INFO] [1698540109.271140858] [robot]: Receiving sync message. a_pick_up_sample,arm1,robot1
trials-all-1  | [nurse-4] [INFO] [1698540109.267024803] [nurse]: not ready
trials-all-1  | [nurse-4] [INFO] [1698540109.270732853] [nurse]: Action result: False
trials-all-1  | [coordinator-2] [INFO] [1698540109.272214873] [coordinator]: Receiving sync message: action_complete,a_open_drawer
trials-all-1  | [robot-6] [INFO] [1698540109.275062912] [robot]: not ready
trials-all-1  | [coordinator-2] [INFO] [1698540109.278549959] [coordinator]: action_complete
trials-all-1  | [nurse-4] [INFO] [1698540109.285118048] [nurse]: Action: a_deposit
trials-all-1  | [arm-1] [INFO] [1698540109.287198076] [arm]: not ready
trials-all-1  | [environment-3] [INFO] [1698540109.294478174] [environment]: Action: monitor
trials-all-1  | [nurse-4] [INFO] [1698540109.295931194] [nurse]: Doing a_deposit
trials-all-1  | [coordinator-2] [INFO] [1698540109.299350240] [coordinator]: plans_actions_current 4 of 11
trials-all-1  | [arm-1] [INFO] [1698540109.303143291] [arm]: Action result: False
trials-all-1  | [arm-1] [INFO] [1698540109.307248347] [arm]: Action: a_pick_up_sample
trials-all-1  | [arm-1] [INFO] [1698540109.310896396] [arm]: Doing a_pick_up_sample
trials-all-1  | [robot-6] [INFO] [1698540109.307702353] [robot]: Action: a_deposit
trials-all-1  | [robot-6] [INFO] [1698540109.311549405] [robot]: Doing a_deposit
trials-all-1  | [environment-3] [INFO] [1698540109.316106467] [environment]: Receiving message: monitor
trials-all-1  | [environment-3] [INFO] [1698540109.335204725] [environment]: Action: monitor
trials-all-1  | [robot-6] [INFO] [1698540109.336544743] [robot]: Receiving sync message. a_deposit,nurse1,robot1
trials-all-1  | [robot-6] [INFO] [1698540109.340900802] [robot]: Deposit
trials-all-1  | [robot-6] [INFO] [1698540109.351218942] [robot]: Receiving sync message. a_pick_up_sample,arm1,robot1
trials-all-1  | [robot-6] [INFO] [1698540109.354573987] [robot]: wating for nurse1 to deposit in robot1
trials-all-1  | [nurse-4] [INFO] [1698540109.349781922] [nurse]: success
trials-all-1  | [nurse-4] [INFO] [1698540109.353819977] [nurse]: Action result: True
trials-all-1  | [robot-6] [INFO] [1698540109.366749152] [robot]: Action result: False
trials-all-1  | [robot-6] [INFO] [1698540109.367900168] [robot]: not ready
trials-all-1  | [robot-6] [INFO] [1698540109.378125306] [robot]: Action: a_deposit
trials-all-1  | [robot-6] [INFO] [1698540109.382218361] [robot]: Doing a_deposit
trials-all-1  | [arm-1] [INFO] [1698540109.378749314] [arm]: not ready
trials-all-1  | [arm-1] [INFO] [1698540109.382824369] [arm]: Action result: False
trials-all-1  | [robot-6] [INFO] [1698540109.392844505] [robot]: Action result: True
trials-all-1  | [environment-3] [INFO] [1698540109.393673516] [environment]: Receiving message: monitor
trials-all-1  | [environment-3] [INFO] [1698540109.404573664] [environment]: Action: monitor
trials-all-1  | [coordinator-2] [INFO] [1698540109.405214672] [coordinator]: Receiving sync message: action_complete,a_deposit
trials-all-1  | [coordinator-2] [INFO] [1698540109.417335836] [coordinator]: action_complete
trials-all-1  | [arm-1] [INFO] [1698540109.422269903] [arm]: Action: a_pick_up_sample
trials-all-1  | [arm-1] [INFO] [1698540109.434301066] [arm]: Doing a_pick_up_sample
trials-all-1  | [coordinator-2] [INFO] [1698540109.436473095] [coordinator]: plans_actions_current 5 of 11
trials-all-1  | [robot-6] [INFO] [1698540109.441327161] [robot]: Receiving sync message. a_pick_up_sample,arm1,robot1
trials-all-1  | [robot-6] [INFO] [1698540109.445208213] [robot]: not ready
trials-all-1  | [environment-3] [INFO] [1698540109.453729329] [environment]: Receiving message: monitor
trials-all-1  | [environment-3] [INFO] [1698540109.457727383] [environment]: Action: monitor
trials-all-1  | [arm-1] [INFO] [1698540109.455379351] [arm]: not ready
trials-all-1  | [robot-6] [INFO] [1698540109.456172362] [robot]: Action: a_close_drawer
trials-all-1  | [robot-6] [INFO] [1698540109.459628409] [robot]: Doing a_close_drawer
trials-all-1  | [robot-6] [INFO] [1698540109.469454541] [robot]: success
trials-all-1  | [arm-1] [INFO] [1698540109.472209579] [arm]: Action result: False
trials-all-1  | [robot-6] [INFO] [1698540109.477690653] [robot]: Action result: True
trials-all-1  | [environment-3] [INFO] [1698540109.480635693] [environment]: Receiving message: monitor
trials-all-1  | [environment-3] [INFO] [1698540109.484319743] [environment]: Action: monitor
trials-all-1  | [arm-1] [INFO] [1698540109.481853709] [arm]: Action: a_pick_up_sample
trials-all-1  | [coordinator-2] [INFO] [1698540109.483473731] [coordinator]: Receiving sync message: action_complete,a_close_drawer
trials-all-1  | [coordinator-2] [INFO] [1698540109.488029793] [coordinator]: action_complete
trials-all-1  | [coordinator-2] [INFO] [1698540109.497117916] [coordinator]: plans_actions_current 6 of 11
trials-all-1  | [arm-1] [INFO] [1698540109.500380960] [arm]: Doing a_pick_up_sample
trials-all-1  | [robot-6] [INFO] [1698540109.511795114] [robot]: Receiving sync message. a_pick_up_sample,arm1,robot1
trials-all-1  | [robot-6] [INFO] [1698540109.519664221] [robot]: Action: a_navto
trials-all-1  | [environment-3] [INFO] [1698540109.531414380] [environment]: Receiving message: monitor
trials-all-1  | [robot-6] [INFO] [1698540109.536511449] [robot]: not ready
trials-all-1  | [robot-6] [INFO] [1698540109.545144565] [robot]: Doing a_navto
trials-all-1  | [arm-1] [INFO] [1698540109.554119687] [arm]: not ready
trials-all-1  | [arm-1] [INFO] [1698540109.560872778] [arm]: Action result: False
trials-all-1  | [arm-1] [INFO] [1698540109.568611883] [arm]: Action: a_pick_up_sample
trials-all-1  | [arm-1] [INFO] [1698540109.575954982] [arm]: Doing a_pick_up_sample
trials-all-1  | [robot-6] [INFO] [1698540109.584775102] [robot]: Receiving sync message. a_pick_up_sample,arm1,robot1
trials-all-1  | [robot-6] [INFO] [1698540109.588992159] [robot]: not ready
trials-all-1  | [arm-1] [INFO] [1698540109.602457341] [arm]: not ready
trials-all-1  | [arm-1] [INFO] [1698540109.609154431] [arm]: Action result: False
trials-all-1  | [arm-1] [INFO] [1698540109.615520518] [arm]: Action: a_pick_up_sample
trials-all-1  | [environment-3] [INFO] [1698540109.619738575] [environment]: Action: monitor
trials-all-1  | [arm-1] [INFO] [1698540109.630831725] [arm]: Doing a_pick_up_sample
trials-all-1  | [robot-6] [INFO] [1698540109.640688858] [robot]: Receiving sync message. a_pick_up_sample,arm1,robot1
trials-all-1  | [robot-6] [INFO] [1698540109.646185933] [robot]: not ready
trials-all-1  | [arm-1] [INFO] [1698540109.657149081] [arm]: not ready
trials-all-1  | [arm-1] [INFO] [1698540109.660948132] [arm]: Action result: False
trials-all-1  | [arm-1] [INFO] [1698540109.673405301] [arm]: Action: a_pick_up_sample
trials-all-1  | [arm-1] [INFO] [1698540109.677097351] [arm]: Doing a_pick_up_sample
trials-all-1  | [robot-6] [INFO] [1698540109.683220434] [robot]: Receiving sync message. a_pick_up_sample,arm1,robot1
trials-all-1  | [robot-6] [INFO] [1698540109.687241488] [robot]: not ready
trials-all-1  | [arm-1] [INFO] [1698540109.704284719] [arm]: not ready
trials-all-1  | [arm-1] [INFO] [1698540109.715470870] [arm]: Action result: False
trials-all-1  | [arm-1] [INFO] [1698540109.725098000] [arm]: Action: a_pick_up_sample
trials-all-1  | [arm-1] [INFO] [1698540109.734649129] [arm]: Doing a_pick_up_sample
trials-all-1  | [robot-6] [INFO] [1698540109.746394288] [robot]: Receiving sync message. a_pick_up_sample,arm1,robot1
trials-all-1  | [robot-6] [INFO] [1698540109.750028337] [robot]: not ready
trials-all-1  | [arm-1] [INFO] [1698540109.765434546] [arm]: not ready
trials-all-1  | [environment-3] [INFO] [1698540109.772260638] [environment]: Receiving message: a_navto,robot1,Room3
trials-all-1  | [arm-1] [INFO] [1698540109.777737712] [arm]: Action result: False
trials-all-1  | [arm-1] [INFO] [1698540109.783818795] [arm]: Action: a_pick_up_sample
trials-all-1  | [environment-3] [INFO] [1698540109.785292815] [environment]: Action: a_navto
trials-all-1  | [arm-1] [INFO] [1698540109.789510872] [arm]: Doing a_pick_up_sample
trials-all-1  | [robot-6] [INFO] [1698540109.798318991] [robot]: Receiving sync message. a_pick_up_sample,arm1,robot1
trials-all-1  | [robot-6] [INFO] [1698540109.803043055] [robot]: not ready
trials-all-1  | [environment-3] [INFO] [1698540109.806147097] [environment]: Responding
trials-all-1  | [environment-3] [INFO] [1698540109.818411263] [environment]: Receiving message: monitor
trials-all-1  | [arm-1] [INFO] [1698540109.818789268] [arm]: not ready
trials-all-1  | [arm-1] [INFO] [1698540109.822418317] [arm]: Action result: False
trials-all-1  | [arm-1] [INFO] [1698540109.826261369] [arm]: Action: a_pick_up_sample
trials-all-1  | [robot-6] [INFO] [1698540109.823225328] [robot]: success
trials-all-1  | [robot-6] [INFO] [1698540109.827258382] [robot]: Action result: True
trials-all-1  | [coordinator-2] [INFO] [1698540109.837072515] [coordinator]: Receiving sync message: action_complete,a_navto
trials-all-1  | [environment-3] [INFO] [1698540109.842756592] [environment]: Action: monitor
trials-all-1  | [arm-1] [INFO] [1698540109.853721740] [arm]: Doing a_pick_up_sample
trials-all-1  | [coordinator-2] [INFO] [1698540109.857702794] [coordinator]: action_complete
trials-all-1  | [robot-6] [INFO] [1698540109.866723916] [robot]: Receiving sync message. a_pick_up_sample,arm1,robot1
trials-all-1  | [coordinator-2] [INFO] [1698540109.866850918] [coordinator]: plans_actions_current 7 of 11
trials-all-1  | [robot-6] [INFO] [1698540109.871869986] [robot]: not ready
trials-all-1  | [arm-1] [INFO] [1698540109.880251099] [arm]: not ready
trials-all-1  | [robot-6] [INFO] [1698540109.881892121] [robot]: Action: a_approach_arm
trials-all-1  | [robot-6] [INFO] [1698540109.886234180] [robot]: Doing a_approach_arm
trials-all-1  | [arm-1] [INFO] [1698540109.889401223] [arm]: Action result: False
trials-all-1  | [arm-1] [INFO] [1698540109.901561388] [arm]: Action: a_pick_up_sample
trials-all-1  | [environment-3] [INFO] [1698540109.903188410] [environment]: Receiving message: a_approach_arm,robot1,arm1
trials-all-1  | [environment-3] [INFO] [1698540109.909490495] [environment]: Action: a_approach_arm
trials-all-1  | [arm-1] [INFO] [1698540109.910298506] [arm]: Doing a_pick_up_sample
trials-all-1  | [robot-6] [INFO] [1698540109.918764620] [robot]: Receiving sync message. a_pick_up_sample,arm1,robot1
trials-all-1  | [robot-6] [INFO] [1698540109.923311682] [robot]: not ready
trials-all-1  | [environment-3] [INFO] [1698540109.927110733] [environment]: Responding
trials-all-1  | [robot-6] [INFO] [1698540109.938934893] [robot]: success
trials-all-1  | [arm-1] [INFO] [1698540109.940186910] [arm]: not ready
trials-all-1  | [robot-6] [INFO] [1698540109.943558956] [robot]: Action result: True
trials-all-1  | [arm-1] [INFO] [1698540109.949190032] [arm]: Action result: False
trials-all-1  | [environment-3] [INFO] [1698540109.950406048] [environment]: Receiving message: monitor
trials-all-1  | [arm-1] [INFO] [1698540109.953588091] [arm]: Action: a_pick_up_sample
trials-all-1  | [coordinator-2] [INFO] [1698540109.953749094] [coordinator]: Receiving sync message: action_complete,a_approach_arm
trials-all-1  | [environment-3] [INFO] [1698540109.955442116] [environment]: Action: monitor
trials-all-1  | [coordinator-2] [INFO] [1698540109.959295169] [coordinator]: action_complete
trials-all-1  | [arm-1] [INFO] [1698540109.963213222] [arm]: Doing a_pick_up_sample
trials-all-1  | [coordinator-2] [INFO] [1698540109.965221249] [coordinator]: plans_actions_current 8 of 11
trials-all-1  | [robot-6] [INFO] [1698540109.970605322] [robot]: Receiving sync message. a_pick_up_sample,arm1,robot1
trials-all-1  | [robot-6] [INFO] [1698540109.982898488] [robot]: not ready
trials-all-1  | [environment-3] [INFO] [1698540109.987113545] [environment]: Receiving message: monitor
trials-all-1  | [arm-1] [INFO] [1698540110.001031733] [arm]: not ready
trials-all-1  | [environment-3] [INFO] [1698540110.005781797] [environment]: Action: monitor
trials-all-1  | [robot-6] [INFO] [1698540110.008665836] [robot]: Action: a_open_drawer
trials-all-1  | [robot-6] [INFO] [1698540110.014004908] [robot]: Doing a_open_drawer
trials-all-1  | [robot-6] [INFO] [1698540110.022558024] [robot]: success
trials-all-1  | [arm-1] [INFO] [1698540110.029094112] [arm]: Action result: False
trials-all-1  | [arm-1] [INFO] [1698540110.032628160] [arm]: Action: a_pick_up_sample
trials-all-1  | [arm-1] [INFO] [1698540110.036300209] [arm]: Doing a_pick_up_sample
trials-all-1  | [environment-3] [INFO] [1698540110.037872230] [environment]: Receiving message: monitor
trials-all-1  | [robot-6] [INFO] [1698540110.039780256] [robot]: Action result: True
trials-all-1  | [environment-3] [INFO] [1698540110.044811324] [environment]: Action: monitor
trials-all-1  | [coordinator-2] [INFO] [1698540110.050774404] [coordinator]: Receiving sync message: action_complete,a_open_drawer
trials-all-1  | [robot-6] [INFO] [1698540110.052351426] [robot]: Receiving sync message. a_pick_up_sample,arm1,robot1
trials-all-1  | [coordinator-2] [INFO] [1698540110.058085503] [coordinator]: action_complete
trials-all-1  | [robot-6] [INFO] [1698540110.062063557] [robot]: not ready
trials-all-1  | [arm-1] [INFO] [1698540110.072734700] [arm]: not ready
trials-all-1  | [coordinator-2] [INFO] [1698540110.074100719] [coordinator]: plans_actions_current 9 of 11
trials-all-1  | [arm-1] [INFO] [1698540110.085341871] [arm]: Action result: False
trials-all-1  | [robot-6] [INFO] [1698540110.091478953] [robot]: Action: a_pick_up_sample
trials-all-1  | [robot-6] [INFO] [1698540110.095214004] [robot]: Doing a_pick_up_sample
trials-all-1  | [robot-6] [INFO] [1698540110.099256058] [robot]: wating for arm1 to pick up from robot1
trials-all-1  | [environment-3] [INFO] [1698540110.102899107] [environment]: Receiving message: monitor
trials-all-1  | [arm-1] [INFO] [1698540110.107652171] [arm]: Action: a_pick_up_sample
trials-all-1  | [environment-3] [INFO] [1698540110.109133191] [environment]: Action: monitor
trials-all-1  | [robot-6] [INFO] [1698540110.121195354] [robot]: Action result: False
trials-all-1  | [arm-1] [INFO] [1698540110.123574386] [arm]: Doing a_pick_up_sample
trials-all-1  | [environment-3] [INFO] [1698540110.134455533] [environment]: Receiving message: monitor
trials-all-1  | [robot-6] [INFO] [1698540110.134779537] [robot]: Receiving sync message. a_pick_up_sample,arm1,robot1
trials-all-1  | [robot-6] [INFO] [1698540110.138602589] [robot]: Pick up
trials-all-1  | [arm-1] [INFO] [1698540110.147629711] [arm]: success
trials-all-1  | [environment-3] [INFO] [1698540110.152368775] [environment]: Action: monitor
trials-all-1  | [robot-6] [INFO] [1698540110.155440816] [robot]: Action: a_pick_up_sample
trials-all-1  | [robot-6] [INFO] [1698540110.159573872] [robot]: Doing a_pick_up_sample
trials-all-1  | [arm-1] [INFO] [1698540110.170475019] [arm]: Action result: True
trials-all-1  | [environment-3] [INFO] [1698540110.174973079] [environment]: Receiving message: monitor
trials-all-1  | [robot-6] [INFO] [1698540110.180513154] [robot]: Action result: True
trials-all-1  | [environment-3] [INFO] [1698540110.180767158] [environment]: Action: monitor
trials-all-1  | [coordinator-2] [INFO] [1698540110.189533276] [coordinator]: Receiving sync message: action_complete,a_pick_up_sample
trials-all-1  | [coordinator-2] [INFO] [1698540110.194930349] [coordinator]: action_complete
trials-all-1  | [coordinator-2] [INFO] [1698540110.208056526] [coordinator]: plans_actions_current 10 of 11
trials-all-1  | [robot-6] [INFO] [1698540110.223146729] [robot]: Action: a_close_drawer
trials-all-1  | [robot-6] [INFO] [1698540110.228600803] [robot]: Doing a_close_drawer
trials-all-1  | [robot-6] [INFO] [1698540110.233297866] [robot]: success
trials-all-1  | [environment-3] [INFO] [1698540110.235057890] [environment]: Receiving message: monitor
trials-all-1  | [environment-3] [INFO] [1698540110.241715980] [environment]: Action: monitor
trials-all-1  | [robot-6] [INFO] [1698540110.253775142] [robot]: Action result: True
trials-all-1  | [environment-3] [INFO] [1698540110.256261176] [environment]: Receiving message: monitor
trials-all-1  | [environment-3] [INFO] [1698540110.260413232] [environment]: Action: monitor
trials-all-1  | [coordinator-2] [INFO] [1698540110.260119228] [coordinator]: Receiving sync message: action_complete,a_close_drawer
trials-all-1  | [coordinator-2] [INFO] [1698540110.264157282] [coordinator]: action_complete
trials-all-1  | [coordinator-2] [INFO] [1698540110.268296338] [coordinator]: plans_actions_current 11 of 11
trials-all-1  | [coordinator-2] [INFO] [1698540110.271615383] [coordinator]: The time of execution of above program is:1.9225249290466309
trials-all-1  | [coordinator-2] [INFO] [1698540110.295883710] [coordinator]: Achieved
trials-all-1  | [coordinator-2] [INFO] [1698540110.300233769] [coordinator]: ENDSIM
trials-all-1 exited with code 0
