 Network trials_ros  Creating
 Network trials_ros  Created
 Container trials-all-1  Creating
 Container trials-all-1  Created
Attaching to trials-all-1
trials-all-1  | [INFO] [launch]: All log files can be found below /root/.ros/log/2023-10-29-00-39-18-279717-574ad52d5da6-1
trials-all-1  | [INFO] [launch]: Default logging verbosity is set to INFO
trials-all-1  | [INFO] [arm-1]: process started with pid [52]
trials-all-1  | [INFO] [coordinator-2]: process started with pid [54]
trials-all-1  | [INFO] [environment-3]: process started with pid [56]
trials-all-1  | [INFO] [nurse-4]: process started with pid [58]
trials-all-1  | [INFO] [planner-5]: process started with pid [60]
trials-all-1  | [INFO] [robot-6]: process started with pid [62]
trials-all-1  | [arm-1] [INFO] [1698539961.851639658] [arm]: Starting Arm server
trials-all-1  | [arm-1] [INFO] [1698539961.884926320] [arm]: Arm server started
trials-all-1  | [arm-1] [INFO] [1698539961.894384508] [arm]: Starting Nurse clients
trials-all-1  | [environment-3] [INFO] [1698539961.908865797] [environment]: Starting Environment server
trials-all-1  | [coordinator-2] [INFO] [1698539961.931315244] [coordinator]: Starting Coordinator server
trials-all-1  | [environment-3] [INFO] [1698539961.950075617] [environment]: Environment server started
trials-all-1  | [coordinator-2] [INFO] [1698539961.977071155] [coordinator]: Coordinator server started
trials-all-1  | [coordinator-2] [INFO] [1698539961.984437301] [coordinator]: Starting Coordinator clients
trials-all-1  | [nurse-4] [INFO] [1698539962.006484740] [nurse]: Starting Nurse server
trials-all-1  | [nurse-4] [INFO] [1698539962.041174429] [nurse]: Nurse server started
trials-all-1  | [nurse-4] [INFO] [1698539962.045132507] [nurse]: Starting Nurse clients
trials-all-1  | [robot-6] [INFO] [1698539962.262554824] [robot]: Starting Robot server
trials-all-1  | [robot-6] [INFO] [1698539962.295745483] [robot]: Robot server started
trials-all-1  | [robot-6] [INFO] [1698539962.303357634] [robot]: Starting Robots clients
trials-all-1  | [robot-6] [INFO] [1698539962.339422350] [robot]: Robots clients started
trials-all-1  | [nurse-4] [INFO] [1698539962.357317705] [nurse]: Nurse clients started
trials-all-1  | [nurse-4] [INFO] [1698539962.365614870] [nurse]: Sent request
trials-all-1  | [arm-1] [INFO] [1698539962.437419296] [arm]: Nurse clients started
trials-all-1  | [coordinator-2] [INFO] [1698539963.014618755] [coordinator]: planner sync service not available, waiting again...
trials-all-1  | [coordinator-2] [INFO] [1698539964.034565947] [coordinator]: planner sync service not available, waiting again...
trials-all-1  | [coordinator-2] [INFO] [1698539965.056171116] [coordinator]: planner sync service not available, waiting again...
trials-all-1  | [coordinator-2] [INFO] [1698539966.073014134] [coordinator]: planner sync service not available, waiting again...
trials-all-1  | [coordinator-2] [INFO] [1698539967.091145122] [coordinator]: planner sync service not available, waiting again...
trials-all-1  | [coordinator-2] [INFO] [1698539968.108993049] [coordinator]: planner sync service not available, waiting again...
trials-all-1  | [planner-5] Matplotlib is building the font cache; this may take a moment.
trials-all-1  | [coordinator-2] [INFO] [1698539969.127239927] [coordinator]: planner sync service not available, waiting again...
trials-all-1  | [coordinator-2] [INFO] [1698539970.145722754] [coordinator]: planner sync service not available, waiting again...
trials-all-1  | [coordinator-2] [INFO] [1698539971.166957579] [coordinator]: planner sync service not available, waiting again...
trials-all-1  | [planner-5] [INFO] [1698539971.559094174] [planner]: Starting Planner server
trials-all-1  | [planner-5] [INFO] [1698539971.579779574] [planner]: Planner server started
trials-all-1  | [coordinator-2] [INFO] [1698539972.186642318] [coordinator]: planner sync service not available, waiting again...
trials-all-1  | [coordinator-2] [INFO] [1698539973.210024073] [coordinator]: planner sync service not available, waiting again...
trials-all-1  | [coordinator-2] [INFO] [1698539974.071617664] [coordinator]: Coordinator clients started
trials-all-1  | [coordinator-2] [INFO] [1698539974.112955458] [coordinator]: Receiving message of nurse1 in room3.
trials-all-1  | [coordinator-2] [INFO] [1698539974.124404678] [coordinator]: Sending response
trials-all-1  | [nurse-4] [INFO] [1698539974.141088998] [nurse]: Request response:Okay!
trials-all-1  | [coordinator-2] [INFO] [1698539974.159602354] [coordinator]: Planing
trials-all-1  | [coordinator-2] [INFO] [1698539974.166577488] [coordinator]: Creating plan for: robot1, nurse1, arm1 
trials-all-1  | [planner-5] [INFO] [1698539974.175421658] [planner]: Receiving sync message. need_plan,robot1,nurse1,arm1
trials-all-1  | [planner-5] [INFO] [1698539974.180706759] [planner]: Creating plan for: robot1 robot1 nurse1
trials-all-1  | [planner-5] [INFO] [1698539974.194150018] [planner]: a_navto,robot1,Room1
trials-all-1  | [planner-5] [INFO] [1698539974.204710220] [planner]: a_approach_nurse,robot1
trials-all-1  | [planner-5] [INFO] [1698539974.213957398] [planner]: a_authenticate_nurse,robot1,nurse1
trials-all-1  | [planner-5] [INFO] [1698539974.224151594] [planner]: a_open_drawer,robot1
trials-all-1  | [planner-5] [INFO] [1698539974.234689796] [planner]: a_deposit,nurse1,robot1
trials-all-1  | [planner-5] [INFO] [1698539974.244318981] [planner]: a_close_drawer,robot1
trials-all-1  | [planner-5] [INFO] [1698539974.254389175] [planner]: a_navto,robot1,Room3
trials-all-1  | [planner-5] [INFO] [1698539974.264197363] [planner]: a_approach_arm,robot1,arm1
trials-all-1  | [planner-5] [INFO] [1698539974.273576543] [planner]: a_open_drawer,robot1
trials-all-1  | [planner-5] [INFO] [1698539974.283704738] [planner]: a_pick_up_sample,arm1,robot1
trials-all-1  | [planner-5] [INFO] [1698539974.293988935] [planner]: a_close_drawer,robot1
trials-all-1  | [planner-5] [INFO] [1698539974.303392116] [planner]: Sending response
trials-all-1  | [coordinator-2] [INFO] [1698539974.321076455] [coordinator]: Plan received for: robot1, nurse1, arm1 
trials-all-1  | [coordinator-2] [INFO] [1698539974.331421654] [coordinator]: a_navto,robot1,Room1/a_approach_nurse,robot1/a_authenticate_nurse,robot1,nurse1/a_open_drawer,robot1/a_deposit,nurse1,robot1/a_close_drawer,robot1/a_navto,robot1,Room3/a_approach_arm,robot1,arm1/a_open_drawer,robot1/a_pick_up_sample,arm1,robot1/a_close_drawer,robot1
trials-all-1  | [coordinator-2] [INFO] [1698539974.354385095] [coordinator]: a_navto,robot1,Room1
trials-all-1  | [coordinator-2] [INFO] [1698539974.363190264] [coordinator]: a_approach_nurse,robot1
trials-all-1  | [coordinator-2] [INFO] [1698539974.372149436] [coordinator]: a_authenticate_nurse,robot1,nurse1
trials-all-1  | [coordinator-2] [INFO] [1698539974.392280823] [coordinator]: a_open_drawer,robot1
trials-all-1  | [coordinator-2] [INFO] [1698539974.401989010] [coordinator]: a_deposit,nurse1,robot1
trials-all-1  | [coordinator-2] [INFO] [1698539974.410799179] [coordinator]: a_close_drawer,robot1
trials-all-1  | [coordinator-2] [INFO] [1698539974.419353343] [coordinator]: a_navto,robot1,Room3
trials-all-1  | [coordinator-2] [INFO] [1698539974.428213513] [coordinator]: a_approach_arm,robot1,arm1
trials-all-1  | [coordinator-2] [INFO] [1698539974.437034683] [coordinator]: a_open_drawer,robot1
trials-all-1  | [coordinator-2] [INFO] [1698539974.446569866] [coordinator]: a_pick_up_sample,arm1,robot1
trials-all-1  | [coordinator-2] [INFO] [1698539974.456207051] [coordinator]: a_close_drawer,robot1
trials-all-1  | [coordinator-2] [INFO] [1698539974.465675233] [coordinator]: Sending plans
trials-all-1  | [coordinator-2] [INFO] [1698539974.477774465] [coordinator]: Plans sent
trials-all-1  | [robot-6] [INFO] [1698539974.494043778] [robot]: Receiving message.
trials-all-1  | [arm-1] [INFO] [1698539974.500524902] [arm]: Receiving message.
trials-all-1  | [nurse-4] [INFO] [1698539974.502399938] [nurse]: Receiving message.
trials-all-1  | [nurse-4] [INFO] [1698539974.506824023] [nurse]: Nurse's actions:
trials-all-1  | [environment-3] [INFO] [1698539974.507348033] [environment]: Receiving message: monitor
trials-all-1  | [environment-3] [INFO] [1698539974.511394111] [environment]: Action: monitor
trials-all-1  | [arm-1] [INFO] [1698539974.508067047] [arm]: Arm's actions:
trials-all-1  | [arm-1] [INFO] [1698539974.512343129] [arm]: a_approach_arm
trials-all-1  | [nurse-4] [INFO] [1698539974.516883216] [nurse]: a_authenticate_nurse
trials-all-1  | [nurse-4] [INFO] [1698539974.522598326] [nurse]: Action: a_authenticate_nurse
trials-all-1  | [nurse-4] [INFO] [1698539974.527900428] [nurse]: Doing a_authenticate_nurse
trials-all-1  | [coordinator-2] [INFO] [1698539974.531240492] [coordinator]: Found a problem
trials-all-1  | [coordinator-2] [INFO] [1698539974.535377572] [coordinator]: Updating planner state
trials-all-1  | [arm-1] [INFO] [1698539974.534662558] [arm]: Action: a_approach_arm
trials-all-1  | [robot-6] [INFO] [1698539974.537447611] [robot]: Robot's actions:
trials-all-1  | [arm-1] [INFO] [1698539974.547632807] [arm]: Doing a_approach_arm
trials-all-1  | [arm-1] [INFO] [1698539974.550819868] [arm]: a_pick_up_sample
trials-all-1  | [robot-6] [INFO] [1698539974.548315820] [robot]: a_navto
trials-all-1  | [planner-5] [INFO] [1698539974.553657923] [planner]: Receiving sync message. update_state,door_closed,Room3
trials-all-1  | [planner-5] [INFO] [1698539974.557555998] [planner]: door_closed
trials-all-1  | [robot-6] [INFO] [1698539974.560555055] [robot]: a_approach_nurse
trials-all-1  | [coordinator-2] [INFO] [1698539974.570914254] [coordinator]: Planner state updated
trials-all-1  | [robot-6] [INFO] [1698539974.571811271] [robot]: a_open_drawer
trials-all-1  | [robot-6] [INFO] [1698539974.575209337] [robot]: Action: a_navto
trials-all-1  | [robot-6] [INFO] [1698539974.581547458] [robot]: a_deposit
trials-all-1  | [coordinator-2] [INFO] [1698539974.581978467] [coordinator]: Planing
trials-all-1  | [coordinator-2] [INFO] [1698539974.588625594] [coordinator]: Creating plan for: robot1, nurse1, arm1 
trials-all-1  | [robot-6] [INFO] [1698539974.590670634] [robot]: Doing a_navto
trials-all-1  | [robot-6] [INFO] [1698539974.601730846] [robot]: a_close_drawer
trials-all-1  | [environment-3] [INFO] [1698539974.610345012] [environment]: Receiving message: a_approach_arm,robot1,arm1
trials-all-1  | [environment-3] [INFO] [1698539974.614370089] [environment]: Action: a_approach_arm
trials-all-1  | [environment-3] [INFO] [1698539974.617628151] [environment]: Responding
trials-all-1  | [robot-6] [INFO] [1698539974.610878022] [robot]: a_navto
trials-all-1  | [robot-6] [INFO] [1698539974.614852098] [robot]: a_approach_arm
trials-all-1  | [planner-5] [INFO] [1698539974.611214028] [planner]: Receiving sync message. need_plan,robot1,nurse1,arm1
trials-all-1  | [planner-5] [INFO] [1698539974.615022101] [planner]: Creating plan for: robot1 robot1 nurse1
trials-all-1  | [robot-6] [INFO] [1698539974.618667171] [robot]: a_open_drawer
trials-all-1  | [robot-6] [INFO] [1698539974.628770365] [robot]: a_pick_up_sample
trials-all-1  | [robot-6] [INFO] [1698539974.632839444] [robot]: a_close_drawer
trials-all-1  | [robot-6] [INFO] [1698539974.643177642] [robot]: Receiving sync message. a_authenticate_nurse,robot1,nurse1
trials-all-1  | [planner-5] [INFO] [1698539974.624575285] [planner]: a_navto,robot1,Room1
trials-all-1  | [planner-5] [INFO] [1698539974.628538361] [planner]: a_approach_nurse,robot1
trials-all-1  | [planner-5] [INFO] [1698539974.631855425] [planner]: a_authenticate_nurse,robot1,nurse1
trials-all-1  | [planner-5] [INFO] [1698539974.638294548] [planner]: a_open_drawer,robot1
trials-all-1  | [planner-5] [INFO] [1698539974.642928637] [planner]: a_deposit,nurse1,robot1
trials-all-1  | [arm-1] [INFO] [1698539974.625710307] [arm]: success
trials-all-1  | [arm-1] [INFO] [1698539974.629744384] [arm]: Action result: True
trials-all-1  | [arm-1] [INFO] [1698539974.638346549] [arm]: Action: a_pick_up_sample
trials-all-1  | [arm-1] [INFO] [1698539974.642324626] [arm]: Doing a_pick_up_sample
trials-all-1  | [environment-3] [INFO] [1698539974.639734576] [environment]: Receiving message: a_navto,robot1,Room1
trials-all-1  | [environment-3] [INFO] [1698539974.644127660] [environment]: Action: a_navto
trials-all-1  | [robot-6] [INFO] [1698539974.647361723] [robot]: not ready
trials-all-1  | [nurse-4] [INFO] [1698539974.655622881] [nurse]: not ready
trials-all-1  | [planner-5] [INFO] [1698539974.656191892] [planner]: a_close_drawer,robot1
trials-all-1  | [nurse-4] [INFO] [1698539974.659645958] [nurse]: Action result: False
trials-all-1  | [environment-3] [INFO] [1698539974.665970080] [environment]: Responding
trials-all-1  | [planner-5] [INFO] [1698539974.665269066] [planner]: a_open_door,nurse1,Room3
trials-all-1  | [nurse-4] [INFO] [1698539974.668990138] [nurse]: Action: a_authenticate_nurse
trials-all-1  | [robot-6] [INFO] [1698539974.674788249] [robot]: Receiving sync message. a_pick_up_sample,arm1,robot1
trials-all-1  | [nurse-4] [INFO] [1698539974.680517359] [nurse]: Doing a_authenticate_nurse
trials-all-1  | [planner-5] [INFO] [1698539974.683340414] [planner]: a_navto,robot1,Room3
trials-all-1  | [planner-5] [INFO] [1698539974.687503494] [planner]: a_approach_arm,robot1,arm1
trials-all-1  | [planner-5] [INFO] [1698539974.694556629] [planner]: a_open_drawer,robot1
trials-all-1  | [robot-6] [INFO] [1698539974.694556629] [robot]: not ready
trials-all-1  | [planner-5] [INFO] [1698539974.699873731] [planner]: a_pick_up_sample,arm1,robot1
trials-all-1  | [planner-5] [INFO] [1698539974.708458896] [planner]: a_close_drawer,robot1
trials-all-1  | [planner-5] [INFO] [1698539974.712105966] [planner]: Sending response
trials-all-1  | [arm-1] [INFO] [1698539974.710355932] [arm]: not ready
trials-all-1  | [arm-1] [INFO] [1698539974.714261007] [arm]: Action result: False
trials-all-1  | [robot-6] [INFO] [1698539974.713453992] [robot]: Receiving sync message. a_authenticate_nurse,robot1,nurse1
trials-all-1  | [robot-6] [INFO] [1698539974.717825076] [robot]: not ready
trials-all-1  | [coordinator-2] [INFO] [1698539974.721136140] [coordinator]: Plan received for: robot1, nurse1, arm1 
trials-all-1  | [arm-1] [INFO] [1698539974.726070234] [arm]: Action: a_pick_up_sample
trials-all-1  | [arm-1] [INFO] [1698539974.730131312] [arm]: Doing a_pick_up_sample
trials-all-1  | [robot-6] [INFO] [1698539974.729052292] [robot]: success
trials-all-1  | [nurse-4] [INFO] [1698539974.731338336] [nurse]: not ready
trials-all-1  | [robot-6] [INFO] [1698539974.732487358] [robot]: Action result: True
trials-all-1  | [coordinator-2] [INFO] [1698539974.741325527] [coordinator]: Receiving sync message: action_complete,a_navto
trials-all-1  | [coordinator-2] [INFO] [1698539974.745224602] [coordinator]: action_complete
trials-all-1  | [nurse-4] [INFO] [1698539974.749130677] [nurse]: Action result: False
trials-all-1  | [nurse-4] [INFO] [1698539974.753675765] [nurse]: Action: a_authenticate_nurse
trials-all-1  | [nurse-4] [INFO] [1698539974.758167851] [nurse]: Doing a_authenticate_nurse
trials-all-1  | [coordinator-2] [INFO] [1698539974.760569897] [coordinator]: a_navto,robot1,Room1/a_approach_nurse,robot1/a_authenticate_nurse,robot1,nurse1/a_open_drawer,robot1/a_deposit,nurse1,robot1/a_close_drawer,robot1/a_open_door,nurse1,Room3/a_navto,robot1,Room3/a_approach_arm,robot1,arm1/a_open_drawer,robot1/a_pick_up_sample,arm1,robot1/a_close_drawer,robot1
trials-all-1  | [robot-6] [INFO] [1698539974.764530973] [robot]: Receiving sync message. a_pick_up_sample,arm1,robot1
trials-all-1  | [coordinator-2] [INFO] [1698539974.764792978] [coordinator]: a_navto,robot1,Room1
trials-all-1  | [coordinator-2] [INFO] [1698539974.769767074] [coordinator]: plans_actions_current 1 of 11
trials-all-1  | [coordinator-2] [INFO] [1698539974.776259198] [coordinator]: a_approach_nurse,robot1
trials-all-1  | [coordinator-2] [INFO] [1698539974.780422278] [coordinator]: a_authenticate_nurse,robot1,nurse1
trials-all-1  | [robot-6] [INFO] [1698539974.779823267] [robot]: not ready
trials-all-1  | [coordinator-2] [INFO] [1698539974.787884422] [coordinator]: a_open_drawer,robot1
trials-all-1  | [coordinator-2] [INFO] [1698539974.791997501] [coordinator]: a_deposit,nurse1,robot1
trials-all-1  | [coordinator-2] [INFO] [1698539974.795972577] [coordinator]: a_close_drawer,robot1
trials-all-1  | [coordinator-2] [INFO] [1698539974.799951653] [coordinator]: a_open_door,nurse1,Room3
trials-all-1  | [arm-1] [INFO] [1698539974.791862498] [arm]: not ready
trials-all-1  | [arm-1] [INFO] [1698539974.795749573] [arm]: Action result: False
trials-all-1  | [arm-1] [INFO] [1698539974.799392643] [arm]: Action: a_pick_up_sample
trials-all-1  | [robot-6] [INFO] [1698539974.792970519] [robot]: Receiving sync message. a_authenticate_nurse,robot1,nurse1
trials-all-1  | [robot-6] [INFO] [1698539974.796907595] [robot]: not ready
trials-all-1  | [coordinator-2] [INFO] [1698539974.803501722] [coordinator]: a_navto,robot1,Room3
trials-all-1  | [coordinator-2] [INFO] [1698539974.807614801] [coordinator]: a_approach_arm,robot1,arm1
trials-all-1  | [arm-1] [INFO] [1698539974.809172831] [arm]: Doing a_pick_up_sample
trials-all-1  | [nurse-4] [INFO] [1698539974.816745976] [nurse]: not ready
trials-all-1  | [nurse-4] [INFO] [1698539974.821229062] [nurse]: Action result: False
trials-all-1  | [robot-6] [INFO] [1698539974.825454143] [robot]: Action: a_approach_nurse
trials-all-1  | [nurse-4] [INFO] [1698539974.825584146] [nurse]: Action: a_authenticate_nurse
trials-all-1  | [coordinator-2] [INFO] [1698539974.830959249] [coordinator]: a_open_drawer,robot1
trials-all-1  | [coordinator-2] [INFO] [1698539974.835263332] [coordinator]: a_pick_up_sample,arm1,robot1
trials-all-1  | [coordinator-2] [INFO] [1698539974.839688417] [coordinator]: a_close_drawer,robot1
trials-all-1  | [nurse-4] [INFO] [1698539974.842085463] [nurse]: Doing a_authenticate_nurse
trials-all-1  | [robot-6] [INFO] [1698539974.842503471] [robot]: Doing a_approach_nurse
trials-all-1  | [coordinator-2] [INFO] [1698539974.848699590] [coordinator]: Sending plans
trials-all-1  | [nurse-4] [INFO] [1698539974.856747744] [nurse]: Receiving message.
trials-all-1  | [environment-3] [INFO] [1698539974.857976768] [environment]: Receiving message: a_approach_nurse,robot1
trials-all-1  | [nurse-4] [INFO] [1698539974.861090828] [nurse]: Nurse's actions:
trials-all-1  | [environment-3] [INFO] [1698539974.862865862] [environment]: Action: a_approach_nurse
trials-all-1  | [robot-6] [INFO] [1698539974.864872900] [robot]: Receiving sync message. a_pick_up_sample,arm1,robot1
trials-all-1  | [robot-6] [INFO] [1698539974.869093981] [robot]: not ready
trials-all-1  | [coordinator-2] [INFO] [1698539974.876304120] [coordinator]: Plans sent
trials-all-1  | [nurse-4] [INFO] [1698539974.878347159] [nurse]: a_authenticate_nurse
trials-all-1  | [arm-1] [INFO] [1698539974.881348217] [arm]: Receiving message.
trials-all-1  | [nurse-4] [INFO] [1698539974.882574240] [nurse]: a_deposit
trials-all-1  | [robot-6] [INFO] [1698539974.890431391] [robot]: Receiving message.
trials-all-1  | [robot-6] [INFO] [1698539974.895983498] [robot]: Robot's actions:
trials-all-1  | [arm-1] [INFO] [1698539974.896367505] [arm]: Arm's actions:
trials-all-1  | [nurse-4] [INFO] [1698539974.898592548] [nurse]: a_open_door
trials-all-1  | [robot-6] [INFO] [1698539974.904836668] [robot]: a_navto
trials-all-1  | [environment-3] [INFO] [1698539974.907036710] [environment]: Responding
trials-all-1  | [robot-6] [INFO] [1698539974.913137827] [robot]: a_approach_nurse
trials-all-1  | [robot-6] [INFO] [1698539974.918293926] [robot]: a_authenticate_nurse
trials-all-1  | [arm-1] [INFO] [1698539974.920357966] [arm]: a_approach_arm
trials-all-1  | [arm-1] [INFO] [1698539974.923820033] [arm]: a_pick_up_sample
trials-all-1  | [robot-6] [INFO] [1698539974.922850014] [robot]: a_open_drawer
trials-all-1  | [robot-6] [INFO] [1698539974.927061095] [robot]: a_deposit
trials-all-1  | [environment-3] [INFO] [1698539974.927543104] [environment]: Receiving message: monitor
trials-all-1  | [environment-3] [INFO] [1698539974.932745204] [environment]: Action: monitor
trials-all-1  | [coordinator-2] [INFO] [1698539974.945353446] [coordinator]: Found a problem
trials-all-1  | [arm-1] [INFO] [1698539974.948353504] [arm]: not ready
trials-all-1  | [arm-1] [INFO] [1698539974.953014593] [arm]: Action result: False
trials-all-1  | [arm-1] [INFO] [1698539974.956729665] [arm]: Action: a_approach_arm
trials-all-1  | [robot-6] [INFO] [1698539974.950158538] [robot]: a_close_drawer
trials-all-1  | [robot-6] [INFO] [1698539974.953997612] [robot]: a_navto
trials-all-1  | [robot-6] [INFO] [1698539974.957515680] [robot]: a_approach_arm
trials-all-1  | [environment-3] [INFO] [1698539974.956719665] [environment]: Receiving message: monitor
trials-all-1  | [environment-3] [INFO] [1698539974.961771762] [environment]: Action: monitor
trials-all-1  | [robot-6] [INFO] [1698539974.962082768] [robot]: a_open_drawer
trials-all-1  | [arm-1] [INFO] [1698539974.974871013] [arm]: Doing a_approach_arm
trials-all-1  | [coordinator-2] [INFO] [1698539974.976192039] [coordinator]: Found a problem
trials-all-1  | [robot-6] [INFO] [1698539974.982513160] [robot]: a_pick_up_sample
trials-all-1  | [robot-6] [INFO] [1698539974.987226250] [robot]: a_close_drawer
trials-all-1  | [robot-6] [INFO] [1698539974.997878455] [robot]: Receiving sync message. a_authenticate_nurse,robot1,nurse1
trials-all-1  | [robot-6] [INFO] [1698539975.003739568] [robot]: not ready
trials-all-1  | [environment-3] [INFO] [1698539975.008774664] [environment]: Receiving message: a_approach_arm,robot1,arm1
trials-all-1  | [nurse-4] [INFO] [1698539975.014517774] [nurse]: not ready
trials-all-1  | [nurse-4] [INFO] [1698539975.018205845] [nurse]: Action result: False
trials-all-1  | [nurse-4] [INFO] [1698539975.022339924] [nurse]: Action: a_authenticate_nurse
trials-all-1  | [nurse-4] [INFO] [1698539975.030638083] [nurse]: Doing a_authenticate_nurse
trials-all-1  | [robot-6] [INFO] [1698539975.031976109] [robot]: success
trials-all-1  | [robot-6] [INFO] [1698539975.039499253] [robot]: Receiving sync message. a_authenticate_nurse,robot1,nurse1
trials-all-1  | [environment-3] [INFO] [1698539975.041571292] [environment]: Action: a_approach_arm
trials-all-1  | [robot-6] [INFO] [1698539975.043879337] [robot]: not ready
trials-all-1  | [robot-6] [INFO] [1698539975.050734468] [robot]: Action result: True
trials-all-1  | [coordinator-2] [INFO] [1698539975.057529598] [coordinator]: Receiving sync message: action_complete,a_approach_nurse
trials-all-1  | [coordinator-2] [INFO] [1698539975.061482674] [coordinator]: action_complete
trials-all-1  | [nurse-4] [INFO] [1698539975.059116629] [nurse]: not ready
trials-all-1  | [coordinator-2] [INFO] [1698539975.067538790] [coordinator]: plans_actions_current 1 of 11
trials-all-1  | [nurse-4] [INFO] [1698539975.068255804] [nurse]: Action result: False
trials-all-1  | [nurse-4] [INFO] [1698539975.074861930] [nurse]: Action: a_authenticate_nurse
trials-all-1  | [robot-6] [INFO] [1698539975.077175974] [robot]: Action: a_navto
trials-all-1  | [nurse-4] [INFO] [1698539975.085741139] [nurse]: Doing a_authenticate_nurse
trials-all-1  | [environment-3] [INFO] [1698539975.090008220] [environment]: Responding
trials-all-1  | [robot-6] [INFO] [1698539975.094243301] [robot]: Receiving sync message. a_authenticate_nurse,robot1,nurse1
trials-all-1  | [environment-3] [INFO] [1698539975.101164434] [environment]: Receiving message: monitor
trials-all-1  | [robot-6] [INFO] [1698539975.102040451] [robot]: not ready
trials-all-1  | [arm-1] [INFO] [1698539975.103750483] [arm]: success
trials-all-1  | [robot-6] [INFO] [1698539975.109671597] [robot]: Doing a_navto
trials-all-1  | [nurse-4] [INFO] [1698539975.112778656] [nurse]: not ready
trials-all-1  | [nurse-4] [INFO] [1698539975.124482881] [nurse]: Action result: False
trials-all-1  | [environment-3] [INFO] [1698539975.134226067] [environment]: Action: monitor
trials-all-1  | [environment-3] [INFO] [1698539975.142806232] [environment]: Receiving message: a_navto,robot1,Room1
trials-all-1  | [environment-3] [INFO] [1698539975.146416301] [environment]: Action: a_navto
trials-all-1  | [nurse-4] [INFO] [1698539975.135427090] [nurse]: Action: a_authenticate_nurse
trials-all-1  | [nurse-4] [INFO] [1698539975.143041236] [nurse]: Doing a_authenticate_nurse
trials-all-1  | [arm-1] [INFO] [1698539975.136244106] [arm]: Action result: True
trials-all-1  | [arm-1] [INFO] [1698539975.140072179] [arm]: Action: a_pick_up_sample
trials-all-1  | [arm-1] [INFO] [1698539975.144339261] [arm]: Doing a_pick_up_sample
trials-all-1  | [coordinator-2] [INFO] [1698539975.147263317] [coordinator]: Found a problem
trials-all-1  | [robot-6] [INFO] [1698539975.152949426] [robot]: Receiving sync message. a_authenticate_nurse,robot1,nurse1
trials-all-1  | [robot-6] [INFO] [1698539975.162191603] [robot]: not ready
trials-all-1  | [robot-6] [INFO] [1698539975.171393779] [robot]: Receiving sync message. a_pick_up_sample,arm1,robot1
trials-all-1  | [nurse-4] [INFO] [1698539975.171927789] [nurse]: not ready
trials-all-1  | [nurse-4] [INFO] [1698539975.177850903] [nurse]: Action result: False
trials-all-1  | [robot-6] [INFO] [1698539975.180842960] [robot]: not ready
trials-all-1  | [environment-3] [INFO] [1698539975.185472049] [environment]: Responding
trials-all-1  | [arm-1] [INFO] [1698539975.189683129] [arm]: not ready
trials-all-1  | [nurse-4] [INFO] [1698539975.190792151] [nurse]: Action: a_authenticate_nurse
trials-all-1  | [arm-1] [INFO] [1698539975.193410201] [arm]: Action result: False
trials-all-1  | [nurse-4] [INFO] [1698539975.194899229] [nurse]: Doing a_authenticate_nurse
trials-all-1  | [robot-6] [INFO] [1698539975.197487279] [robot]: success
trials-all-1  | [arm-1] [INFO] [1698539975.201173350] [arm]: Action: a_pick_up_sample
trials-all-1  | [environment-3] [INFO] [1698539975.203157388] [environment]: Receiving message: monitor
trials-all-1  | [robot-6] [INFO] [1698539975.204666416] [robot]: Action result: True
trials-all-1  | [arm-1] [INFO] [1698539975.206199446] [arm]: Doing a_pick_up_sample
trials-all-1  | [coordinator-2] [INFO] [1698539975.211491547] [coordinator]: Receiving sync message: action_complete,a_navto
trials-all-1  | [environment-3] [INFO] [1698539975.214640608] [environment]: Action: monitor
trials-all-1  | [coordinator-2] [INFO] [1698539975.218100674] [coordinator]: action_complete
trials-all-1  | [robot-6] [INFO] [1698539975.223567778] [robot]: Receiving sync message. a_authenticate_nurse,robot1,nurse1
trials-all-1  | [coordinator-2] [INFO] [1698539975.228880880] [coordinator]: plans_actions_current 2 of 11
trials-all-1  | [robot-6] [INFO] [1698539975.231153924] [robot]: not ready
trials-all-1  | [coordinator-2] [INFO] [1698539975.248676259] [coordinator]: Found a problem
trials-all-1  | [nurse-4] [INFO] [1698539975.249487275] [nurse]: not ready
trials-all-1  | [robot-6] [INFO] [1698539975.262103517] [robot]: Receiving sync message. a_pick_up_sample,arm1,robot1
trials-all-1  | [environment-3] [INFO] [1698539975.263186537] [environment]: Receiving message: monitor
trials-all-1  | [nurse-4] [INFO] [1698539975.264218557] [nurse]: Action result: False
trials-all-1  | [robot-6] [INFO] [1698539975.266607603] [robot]: not ready
trials-all-1  | [nurse-4] [INFO] [1698539975.273490735] [nurse]: Action: a_authenticate_nurse
trials-all-1  | [robot-6] [INFO] [1698539975.274561755] [robot]: Action: a_approach_nurse
trials-all-1  | [nurse-4] [INFO] [1698539975.283716931] [nurse]: Doing a_authenticate_nurse
trials-all-1  | [robot-6] [INFO] [1698539975.289035032] [robot]: Doing a_approach_nurse
trials-all-1  | [arm-1] [INFO] [1698539975.298847220] [arm]: not ready
trials-all-1  | [environment-3] [INFO] [1698539975.299200227] [environment]: Action: monitor
trials-all-1  | [robot-6] [INFO] [1698539975.307525387] [robot]: Receiving sync message. a_authenticate_nurse,robot1,nurse1
trials-all-1  | [robot-6] [INFO] [1698539975.311769468] [robot]: not ready
trials-all-1  | [arm-1] [INFO] [1698539975.308051397] [arm]: Action result: False
trials-all-1  | [coordinator-2] [INFO] [1698539975.308934414] [coordinator]: Found a problem
trials-all-1  | [arm-1] [INFO] [1698539975.315170533] [arm]: Action: a_pick_up_sample
trials-all-1  | [environment-3] [INFO] [1698539975.321468654] [environment]: Receiving message: a_approach_nurse,robot1
trials-all-1  | [nurse-4] [INFO] [1698539975.325400729] [nurse]: not ready
trials-all-1  | [arm-1] [INFO] [1698539975.335039914] [arm]: Doing a_pick_up_sample
trials-all-1  | [nurse-4] [INFO] [1698539975.337348958] [nurse]: Action result: False
trials-all-1  | [environment-3] [INFO] [1698539975.342233051] [environment]: Action: a_approach_nurse
trials-all-1  | [nurse-4] [INFO] [1698539975.346160127] [nurse]: Action: a_authenticate_nurse
trials-all-1  | [nurse-4] [INFO] [1698539975.353826274] [nurse]: Doing a_authenticate_nurse
trials-all-1  | [robot-6] [INFO] [1698539975.364953487] [robot]: Receiving sync message. a_pick_up_sample,arm1,robot1
trials-all-1  | [environment-3] [INFO] [1698539975.370569594] [environment]: Responding
trials-all-1  | [robot-6] [INFO] [1698539975.375362686] [robot]: not ready
trials-all-1  | [robot-6] [INFO] [1698539975.385317877] [robot]: Receiving sync message. a_authenticate_nurse,robot1,nurse1
trials-all-1  | [arm-1] [INFO] [1698539975.388543938] [arm]: not ready
trials-all-1  | [robot-6] [INFO] [1698539975.390766981] [robot]: not ready
trials-all-1  | [arm-1] [INFO] [1698539975.394535053] [arm]: Action result: False
trials-all-1  | [environment-3] [INFO] [1698539975.396082083] [environment]: Receiving message: monitor
trials-all-1  | [environment-3] [INFO] [1698539975.401016177] [environment]: Action: monitor
trials-all-1  | [arm-1] [INFO] [1698539975.401693190] [arm]: Action: a_pick_up_sample
trials-all-1  | [arm-1] [INFO] [1698539975.409672343] [arm]: Doing a_pick_up_sample
trials-all-1  | [nurse-4] [INFO] [1698539975.404797250] [nurse]: not ready
trials-all-1  | [nurse-4] [INFO] [1698539975.411336375] [nurse]: Action result: False
trials-all-1  | [coordinator-2] [INFO] [1698539975.410846366] [coordinator]: Found a problem
trials-all-1  | [environment-3] [INFO] [1698539975.424956636] [environment]: Receiving message: monitor
trials-all-1  | [robot-6] [INFO] [1698539975.426763671] [robot]: success
trials-all-1  | [environment-3] [INFO] [1698539975.429762728] [environment]: Action: monitor
trials-all-1  | [nurse-4] [INFO] [1698539975.435254833] [nurse]: Action: a_authenticate_nurse
trials-all-1  | [nurse-4] [INFO] [1698539975.441416951] [nurse]: Doing a_authenticate_nurse
trials-all-1  | [coordinator-2] [INFO] [1698539975.439350912] [coordinator]: Found a problem
trials-all-1  | [coordinator-2] [INFO] [1698539975.446673052] [coordinator]: Receiving sync message: action_complete,a_approach_nurse
trials-all-1  | [coordinator-2] [INFO] [1698539975.450447124] [coordinator]: action_complete
trials-all-1  | [robot-6] [INFO] [1698539975.440129927] [robot]: Action result: True
trials-all-1  | [robot-6] [INFO] [1698539975.445490029] [robot]: Receiving sync message. a_pick_up_sample,arm1,robot1
trials-all-1  | [robot-6] [INFO] [1698539975.449321103] [robot]: not ready
trials-all-1  | [environment-3] [INFO] [1698539975.455811227] [environment]: Receiving message: monitor
trials-all-1  | [environment-3] [INFO] [1698539975.461843342] [environment]: Action: monitor
trials-all-1  | [coordinator-2] [INFO] [1698539975.462053347] [coordinator]: plans_actions_current 3 of 11
trials-all-1  | [robot-6] [INFO] [1698539975.468058462] [robot]: Receiving sync message. a_authenticate_nurse,robot1,nurse1
trials-all-1  | [arm-1] [INFO] [1698539975.471008518] [arm]: not ready
trials-all-1  | [robot-6] [INFO] [1698539975.473113558] [robot]: not ready
trials-all-1  | [arm-1] [INFO] [1698539975.479201675] [arm]: Action result: False
trials-all-1  | [arm-1] [INFO] [1698539975.482923746] [arm]: Action: a_pick_up_sample
trials-all-1  | [coordinator-2] [INFO] [1698539975.481972728] [coordinator]: Found a problem
trials-all-1  | [nurse-4] [INFO] [1698539975.483780763] [nurse]: not ready
trials-all-1  | [arm-1] [INFO] [1698539975.486646818] [arm]: Doing a_pick_up_sample
trials-all-1  | [nurse-4] [INFO] [1698539975.487525834] [nurse]: Action result: False
trials-all-1  | [nurse-4] [INFO] [1698539975.496117999] [nurse]: Action: a_authenticate_nurse
trials-all-1  | [environment-3] [INFO] [1698539975.497242021] [environment]: Receiving message: monitor
trials-all-1  | [robot-6] [INFO] [1698539975.501446101] [robot]: Receiving sync message. a_pick_up_sample,arm1,robot1
trials-all-1  | [nurse-4] [INFO] [1698539975.501481102] [nurse]: Doing a_authenticate_nurse
trials-all-1  | [environment-3] [INFO] [1698539975.502297117] [environment]: Action: monitor
trials-all-1  | [robot-6] [INFO] [1698539975.510429273] [robot]: not ready
trials-all-1  | [coordinator-2] [INFO] [1698539975.514621353] [coordinator]: Found a problem
trials-all-1  | [arm-1] [INFO] [1698539975.520144459] [arm]: not ready
trials-all-1  | [environment-3] [INFO] [1698539975.531280673] [environment]: Receiving message: monitor
trials-all-1  | [robot-6] [INFO] [1698539975.533179709] [robot]: Action: a_authenticate_nurse
trials-all-1  | [robot-6] [INFO] [1698539975.535571755] [robot]: Receiving sync message. a_authenticate_nurse,robot1,nurse1
trials-all-1  | [arm-1] [INFO] [1698539975.536155766] [arm]: Action result: False
trials-all-1  | [environment-3] [INFO] [1698539975.536670776] [environment]: Action: monitor
trials-all-1  | [arm-1] [INFO] [1698539975.550429039] [arm]: Action: a_pick_up_sample
trials-all-1  | [coordinator-2] [INFO] [1698539975.551989069] [coordinator]: Found a problem
trials-all-1  | [environment-3] [INFO] [1698539975.561363249] [environment]: Receiving message: monitor
trials-all-1  | [robot-6] [INFO] [1698539975.564658312] [robot]: Doing a_authenticate_nurse
trials-all-1  | [arm-1] [INFO] [1698539975.565581330] [arm]: Doing a_pick_up_sample
trials-all-1  | [robot-6] [INFO] [1698539975.571370440] [robot]: Action result: True
trials-all-1  | [coordinator-2] [INFO] [1698539975.579009587] [coordinator]: Receiving sync message: action_complete,a_authenticate_nurse
trials-all-1  | [environment-3] [INFO] [1698539975.582504654] [environment]: Action: monitor
trials-all-1  | [coordinator-2] [INFO] [1698539975.583131666] [coordinator]: action_complete
trials-all-1  | [robot-6] [INFO] [1698539975.585508711] [robot]: Authenticate nurse
trials-all-1  | [robot-6] [INFO] [1698539975.591673829] [robot]: Receiving sync message. a_pick_up_sample,arm1,robot1
trials-all-1  | [coordinator-2] [INFO] [1698539975.597374938] [coordinator]: plans_actions_current 4 of 11
trials-all-1  | [nurse-4] [INFO] [1698539975.598695964] [nurse]: success
trials-all-1  | [robot-6] [INFO] [1698539975.601205012] [robot]: not ready
trials-all-1  | [arm-1] [INFO] [1698539975.610610192] [arm]: not ready
trials-all-1  | [arm-1] [INFO] [1698539975.614467266] [arm]: Action result: False
trials-all-1  | [nurse-4] [INFO] [1698539975.611209203] [nurse]: Action result: True
trials-all-1  | [nurse-4] [INFO] [1698539975.615115278] [nurse]: Action: a_deposit
trials-all-1  | [coordinator-2] [INFO] [1698539975.612771233] [coordinator]: Found a problem
trials-all-1  | [robot-6] [INFO] [1698539975.621940409] [robot]: Action: a_open_drawer
trials-all-1  | [nurse-4] [INFO] [1698539975.623698443] [nurse]: Doing a_deposit
trials-all-1  | [robot-6] [INFO] [1698539975.626078488] [robot]: Doing a_open_drawer
trials-all-1  | [robot-6] [INFO] [1698539975.629966563] [robot]: success
trials-all-1  | [environment-3] [INFO] [1698539975.626528497] [environment]: Receiving message: monitor
trials-all-1  | [environment-3] [INFO] [1698539975.631192586] [environment]: Action: monitor
trials-all-1  | [arm-1] [INFO] [1698539975.626613499] [arm]: Action: a_pick_up_sample
trials-all-1  | [arm-1] [INFO] [1698539975.630817579] [arm]: Doing a_pick_up_sample
trials-all-1  | [robot-6] [INFO] [1698539975.634126642] [robot]: Action result: True
trials-all-1  | [robot-6] [INFO] [1698539975.640609767] [robot]: Receiving sync message. a_deposit,nurse1,robot1
trials-all-1  | [coordinator-2] [INFO] [1698539975.642826809] [coordinator]: Receiving sync message: action_complete,a_open_drawer
trials-all-1  | [robot-6] [INFO] [1698539975.645613862] [robot]: not ready
trials-all-1  | [robot-6] [INFO] [1698539975.653023004] [robot]: Receiving sync message. a_pick_up_sample,arm1,robot1
trials-all-1  | [coordinator-2] [INFO] [1698539975.653274009] [coordinator]: action_complete
trials-all-1  | [nurse-4] [INFO] [1698539975.655286048] [nurse]: not ready
trials-all-1  | [robot-6] [INFO] [1698539975.656918079] [robot]: not ready
trials-all-1  | [coordinator-2] [INFO] [1698539975.657842097] [coordinator]: plans_actions_current 5 of 11
trials-all-1  | [arm-1] [INFO] [1698539975.668236296] [arm]: not ready
trials-all-1  | [nurse-4] [INFO] [1698539975.669848327] [nurse]: Action result: False
trials-all-1  | [arm-1] [INFO] [1698539975.673480396] [arm]: Action result: False
trials-all-1  | [arm-1] [INFO] [1698539975.682590571] [arm]: Action: a_pick_up_sample
trials-all-1  | [nurse-4] [INFO] [1698539975.683443587] [nurse]: Action: a_deposit
trials-all-1  | [arm-1] [INFO] [1698539975.690392720] [arm]: Doing a_pick_up_sample
trials-all-1  | [robot-6] [INFO] [1698539975.693166773] [robot]: Action: a_deposit
trials-all-1  | [nurse-4] [INFO] [1698539975.695362815] [nurse]: Doing a_deposit
trials-all-1  | [coordinator-2] [INFO] [1698539975.695437817] [coordinator]: Found a problem
trials-all-1  | [robot-6] [INFO] [1698539975.700188908] [robot]: Doing a_deposit
trials-all-1  | [environment-3] [INFO] [1698539975.712382141] [environment]: Receiving message: monitor
trials-all-1  | [robot-6] [INFO] [1698539975.712447143] [robot]: Receiving sync message. a_pick_up_sample,arm1,robot1
trials-all-1  | [robot-6] [INFO] [1698539975.717519240] [robot]: wating for nurse1 to deposit in robot1
trials-all-1  | [robot-6] [INFO] [1698539975.723895362] [robot]: Action result: False
trials-all-1  | [environment-3] [INFO] [1698539975.727694435] [environment]: Action: monitor
trials-all-1  | [robot-6] [INFO] [1698539975.732156520] [robot]: not ready
trials-all-1  | [robot-6] [INFO] [1698539975.741483699] [robot]: Receiving sync message. a_deposit,nurse1,robot1
trials-all-1  | [robot-6] [INFO] [1698539975.745873783] [robot]: Deposit
trials-all-1  | [robot-6] [INFO] [1698539975.747686818] [robot]: Action: a_deposit
trials-all-1  | [robot-6] [INFO] [1698539975.752638912] [robot]: Doing a_deposit
trials-all-1  | [robot-6] [INFO] [1698539975.755961976] [robot]: Action result: True
trials-all-1  | [arm-1] [INFO] [1698539975.741974708] [arm]: not ready
trials-all-1  | [arm-1] [INFO] [1698539975.745807782] [arm]: Action result: False
trials-all-1  | [arm-1] [INFO] [1698539975.752122903] [arm]: Action: a_pick_up_sample
trials-all-1  | [arm-1] [INFO] [1698539975.755519968] [arm]: Doing a_pick_up_sample
trials-all-1  | [coordinator-2] [INFO] [1698539975.743158731] [coordinator]: Found a problem
trials-all-1  | [nurse-4] [INFO] [1698539975.753544930] [nurse]: success
trials-all-1  | [nurse-4] [INFO] [1698539975.757704009] [nurse]: Action result: True
trials-all-1  | [coordinator-2] [INFO] [1698539975.762931110] [coordinator]: Receiving sync message: action_complete,a_deposit
trials-all-1  | [environment-3] [INFO] [1698539975.767843204] [environment]: Receiving message: monitor
trials-all-1  | [coordinator-2] [INFO] [1698539975.770163248] [coordinator]: action_complete
trials-all-1  | [robot-6] [INFO] [1698539975.774006322] [robot]: Receiving sync message. a_pick_up_sample,arm1,robot1
trials-all-1  | [coordinator-2] [INFO] [1698539975.776904377] [coordinator]: plans_actions_current 6 of 11
trials-all-1  | [nurse-4] [INFO] [1698539975.777878396] [nurse]: Action: a_open_door
trials-all-1  | [robot-6] [INFO] [1698539975.782928493] [robot]: not ready
trials-all-1  | [robot-6] [INFO] [1698539975.793129688] [robot]: Action: a_close_drawer
trials-all-1  | [environment-3] [INFO] [1698539975.788810605] [environment]: Action: monitor
trials-all-1  | [arm-1] [INFO] [1698539975.792124669] [arm]: not ready
trials-all-1  | [robot-6] [INFO] [1698539975.798509791] [robot]: Doing a_close_drawer
trials-all-1  | [arm-1] [INFO] [1698539975.803049878] [arm]: Action result: False
trials-all-1  | [nurse-4] [INFO] [1698539975.803831893] [nurse]: Doing a_open_door
trials-all-1  | [robot-6] [INFO] [1698539975.809156995] [robot]: success
trials-all-1  | [robot-6] [INFO] [1698539975.813283074] [robot]: Action result: True
trials-all-1  | [arm-1] [INFO] [1698539975.817351152] [arm]: Action: a_pick_up_sample
trials-all-1  | [coordinator-2] [INFO] [1698539975.818357171] [coordinator]: Found a problem
trials-all-1  | [coordinator-2] [INFO] [1698539975.827572348] [coordinator]: Receiving sync message: action_complete,a_close_drawer
trials-all-1  | [coordinator-2] [INFO] [1698539975.831483423] [coordinator]: action_complete
trials-all-1  | [environment-3] [INFO] [1698539975.835229494] [environment]: Receiving message: a_open_door,nurse1,Room3
trials-all-1  | [coordinator-2] [INFO] [1698539975.836361516] [coordinator]: plans_actions_current 7 of 11
trials-all-1  | [environment-3] [INFO] [1698539975.840295591] [environment]: Action: a_open_door
trials-all-1  | [robot-6] [INFO] [1698539975.846019701] [robot]: Action: a_navto
trials-all-1  | [arm-1] [INFO] [1698539975.846185704] [arm]: Doing a_pick_up_sample
trials-all-1  | [environment-3] [INFO] [1698539975.856280898] [environment]: Responding
trials-all-1  | [robot-6] [INFO] [1698539975.857593923] [robot]: Doing a_navto
trials-all-1  | [robot-6] [INFO] [1698539975.861856004] [robot]: Receiving sync message. a_pick_up_sample,arm1,robot1
trials-all-1  | [robot-6] [INFO] [1698539975.865442073] [robot]: not ready
trials-all-1  | [nurse-4] [INFO] [1698539975.866312090] [nurse]: success
trials-all-1  | [nurse-4] [INFO] [1698539975.873092220] [nurse]: Action result: True
trials-all-1  | [arm-1] [INFO] [1698539975.874380244] [arm]: not ready
trials-all-1  | [arm-1] [INFO] [1698539975.889566535] [arm]: Action result: False
trials-all-1  | [environment-3] [INFO] [1698539975.897392685] [environment]: Receiving message: monitor
trials-all-1  | [environment-3] [INFO] [1698539975.906506860] [environment]: Action: monitor
trials-all-1  | [arm-1] [INFO] [1698539975.906149853] [arm]: Action: a_pick_up_sample
trials-all-1  | [arm-1] [INFO] [1698539975.938649475] [arm]: Doing a_pick_up_sample
trials-all-1  | [environment-3] [INFO] [1698539975.943920576] [environment]: Receiving message: a_navto,robot1,Room3
trials-all-1  | [environment-3] [INFO] [1698539975.947742650] [environment]: Action: a_navto
trials-all-1  | [robot-6] [INFO] [1698539975.946781631] [robot]: Receiving sync message. a_pick_up_sample,arm1,robot1
trials-all-1  | [robot-6] [INFO] [1698539975.954597781] [robot]: not ready
trials-all-1  | [environment-3] [INFO] [1698539975.961172907] [environment]: Responding
trials-all-1  | [arm-1] [INFO] [1698539975.966335006] [arm]: not ready
trials-all-1  | [environment-3] [INFO] [1698539975.968989056] [environment]: Receiving message: monitor
trials-all-1  | [robot-6] [INFO] [1698539975.972809130] [robot]: success
trials-all-1  | [arm-1] [INFO] [1698539975.973851150] [arm]: Action result: False
trials-all-1  | [robot-6] [INFO] [1698539975.976479200] [robot]: Action result: True
trials-all-1  | [arm-1] [INFO] [1698539975.978900246] [arm]: Action: a_pick_up_sample
trials-all-1  | [coordinator-2] [INFO] [1698539975.982695319] [coordinator]: Receiving sync message: action_complete,a_navto
trials-all-1  | [environment-3] [INFO] [1698539975.985060364] [environment]: Action: monitor
trials-all-1  | [arm-1] [INFO] [1698539975.985157366] [arm]: Doing a_pick_up_sample
trials-all-1  | [coordinator-2] [INFO] [1698539975.989981459] [coordinator]: action_complete
trials-all-1  | [robot-6] [INFO] [1698539975.991109480] [robot]: Receiving sync message. a_pick_up_sample,arm1,robot1
trials-all-1  | [robot-6] [INFO] [1698539976.003744722] [robot]: not ready
trials-all-1  | [coordinator-2] [INFO] [1698539976.005222751] [coordinator]: plans_actions_current 8 of 11
trials-all-1  | [arm-1] [INFO] [1698539976.014267923] [arm]: not ready
trials-all-1  | [arm-1] [INFO] [1698539976.018057996] [arm]: Action result: False
trials-all-1  | [robot-6] [INFO] [1698539976.014722932] [robot]: Action: a_approach_arm
trials-all-1  | [robot-6] [INFO] [1698539976.022392079] [robot]: Doing a_approach_arm
trials-all-1  | [arm-1] [INFO] [1698539976.028595197] [arm]: Action: a_pick_up_sample
trials-all-1  | [arm-1] [INFO] [1698539976.031854259] [arm]: Doing a_pick_up_sample
trials-all-1  | [environment-3] [INFO] [1698539976.032324268] [environment]: Receiving message: monitor
trials-all-1  | [robot-6] [INFO] [1698539976.044732505] [robot]: Receiving sync message. a_pick_up_sample,arm1,robot1
trials-all-1  | [environment-3] [INFO] [1698539976.048074569] [environment]: Action: monitor
trials-all-1  | [environment-3] [INFO] [1698539976.055966720] [environment]: Receiving message: a_approach_arm,robot1,arm1
trials-all-1  | [robot-6] [INFO] [1698539976.058964777] [robot]: not ready
trials-all-1  | [environment-3] [INFO] [1698539976.060138800] [environment]: Action: a_approach_arm
trials-all-1  | [arm-1] [INFO] [1698539976.068496959] [arm]: not ready
trials-all-1  | [arm-1] [INFO] [1698539976.072854042] [arm]: Action result: False
trials-all-1  | [arm-1] [INFO] [1698539976.076196106] [arm]: Action: a_pick_up_sample
trials-all-1  | [environment-3] [INFO] [1698539976.079985179] [environment]: Responding
trials-all-1  | [arm-1] [INFO] [1698539976.094175450] [arm]: Doing a_pick_up_sample
trials-all-1  | [robot-6] [INFO] [1698539976.095860482] [robot]: success
trials-all-1  | [environment-3] [INFO] [1698539976.097326510] [environment]: Receiving message: monitor
trials-all-1  | [environment-3] [INFO] [1698539976.101927598] [environment]: Action: monitor
trials-all-1  | [environment-3] [INFO] [1698539976.123096002] [environment]: Receiving message: monitor
trials-all-1  | [environment-3] [INFO] [1698539976.127220081] [environment]: Action: monitor
trials-all-1  | [robot-6] [INFO] [1698539976.128996115] [robot]: Receiving sync message. a_pick_up_sample,arm1,robot1
trials-all-1  | [robot-6] [INFO] [1698539976.137441276] [robot]: Action result: True
trials-all-1  | [environment-3] [INFO] [1698539976.144967420] [environment]: Receiving message: monitor
trials-all-1  | [environment-3] [INFO] [1698539976.149604509] [environment]: Action: monitor
trials-all-1  | [coordinator-2] [INFO] [1698539976.153542584] [coordinator]: Receiving sync message: action_complete,a_approach_arm
trials-all-1  | [robot-6] [INFO] [1698539976.155671624] [robot]: not ready
trials-all-1  | [coordinator-2] [INFO] [1698539976.161339733] [coordinator]: action_complete
trials-all-1  | [coordinator-2] [INFO] [1698539976.171646930] [coordinator]: plans_actions_current 9 of 11
trials-all-1  | [arm-1] [INFO] [1698539976.172621948] [arm]: not ready
trials-all-1  | [arm-1] [INFO] [1698539976.178071052] [arm]: Action result: False
trials-all-1  | [environment-3] [INFO] [1698539976.196192398] [environment]: Receiving message: monitor
trials-all-1  | [arm-1] [INFO] [1698539976.199155455] [arm]: Action: a_pick_up_sample
trials-all-1  | [robot-6] [INFO] [1698539976.202437518] [robot]: Action: a_open_drawer
trials-all-1  | [robot-6] [INFO] [1698539976.207722619] [robot]: Doing a_open_drawer
trials-all-1  | [robot-6] [INFO] [1698539976.211534691] [robot]: success
trials-all-1  | [environment-3] [INFO] [1698539976.212567711] [environment]: Action: monitor
trials-all-1  | [arm-1] [INFO] [1698539976.212880717] [arm]: Doing a_pick_up_sample
trials-all-1  | [environment-3] [INFO] [1698539976.228395014] [environment]: Receiving message: monitor
trials-all-1  | [robot-6] [INFO] [1698539976.232799098] [robot]: Receiving sync message. a_pick_up_sample,arm1,robot1
trials-all-1  | [robot-6] [INFO] [1698539976.238411205] [robot]: not ready
trials-all-1  | [robot-6] [INFO] [1698539976.250112428] [robot]: Action result: True
trials-all-1  | [arm-1] [INFO] [1698539976.253547494] [arm]: not ready
trials-all-1  | [arm-1] [INFO] [1698539976.257444568] [arm]: Action result: False
trials-all-1  | [arm-1] [INFO] [1698539976.261495646] [arm]: Action: a_pick_up_sample
trials-all-1  | [arm-1] [INFO] [1698539976.265393720] [arm]: Doing a_pick_up_sample
trials-all-1  | [coordinator-2] [INFO] [1698539976.256850557] [coordinator]: Receiving sync message: action_complete,a_open_drawer
trials-all-1  | [coordinator-2] [INFO] [1698539976.261087638] [coordinator]: action_complete
trials-all-1  | [coordinator-2] [INFO] [1698539976.264835710] [coordinator]: plans_actions_current 10 of 11
trials-all-1  | [robot-6] [INFO] [1698539976.281070020] [robot]: Receiving sync message. a_pick_up_sample,arm1,robot1
trials-all-1  | [robot-6] [INFO] [1698539976.285842111] [robot]: not ready
trials-all-1  | [environment-3] [INFO] [1698539976.296904322] [environment]: Action: monitor
trials-all-1  | [robot-6] [INFO] [1698539976.308648546] [robot]: Action: a_pick_up_sample
trials-all-1  | [arm-1] [INFO] [1698539976.312609622] [arm]: not ready
trials-all-1  | [robot-6] [INFO] [1698539976.313277635] [robot]: Doing a_pick_up_sample
trials-all-1  | [robot-6] [INFO] [1698539976.318523735] [robot]: wating for arm1 to pick up from robot1
trials-all-1  | [arm-1] [INFO] [1698539976.329252940] [arm]: Action result: False
trials-all-1  | [robot-6] [INFO] [1698539976.334210035] [robot]: Action result: False
trials-all-1  | [arm-1] [INFO] [1698539976.335010050] [arm]: Action: a_pick_up_sample
trials-all-1  | [arm-1] [INFO] [1698539976.340960164] [arm]: Doing a_pick_up_sample
trials-all-1  | [robot-6] [INFO] [1698539976.354257418] [robot]: Receiving sync message. a_pick_up_sample,arm1,robot1
trials-all-1  | [robot-6] [INFO] [1698539976.364001604] [robot]: Pick up
trials-all-1  | [robot-6] [INFO] [1698539976.368191684] [robot]: Action: a_pick_up_sample
trials-all-1  | [robot-6] [INFO] [1698539976.377125854] [robot]: Doing a_pick_up_sample
trials-all-1  | [arm-1] [INFO] [1698539976.383848983] [arm]: success
trials-all-1  | [arm-1] [INFO] [1698539976.389769096] [arm]: Action result: True
trials-all-1  | [robot-6] [INFO] [1698539976.393313164] [robot]: Action result: True
trials-all-1  | [coordinator-2] [INFO] [1698539976.405888404] [coordinator]: Receiving sync message: action_complete,a_pick_up_sample
trials-all-1  | [environment-3] [INFO] [1698539976.411684515] [environment]: Receiving message: monitor
trials-all-1  | [coordinator-2] [INFO] [1698539976.415025578] [coordinator]: action_complete
trials-all-1  | [environment-3] [INFO] [1698539976.418667648] [environment]: Action: monitor
trials-all-1  | [coordinator-2] [INFO] [1698539976.430357871] [coordinator]: plans_actions_current 11 of 11
trials-all-1  | [coordinator-2] [INFO] [1698539976.444156135] [coordinator]: The time of execution of above program is:2.3265974521636963
trials-all-1  | [coordinator-2] [INFO] [1698539976.453238308] [coordinator]: Achieved
trials-all-1  | [coordinator-2] [INFO] [1698539976.470381636] [coordinator]: ENDSIM
trials-all-1  | [robot-6] [INFO] [1698539976.487571964] [robot]: Action: a_close_drawer
trials-all-1  | [robot-6] [INFO] [1698539976.494773102] [robot]: Doing a_close_drawer
trials-all-1  | [robot-6] [INFO] [1698539976.509609385] [robot]: success
trials-all-1  | [robot-6] [INFO] [1698539976.525872696] [robot]: Action result: True
trials-all-1  | [coordinator-2] [INFO] [1698539976.587023864] [coordinator]: Receiving sync message: action_complete,a_close_drawer
trials-all-1  | [coordinator-2] [INFO] [1698539976.598327080] [coordinator]: action_complete
trials-all-1  | [coordinator-2] [INFO] [1698539976.610968321] [coordinator]: plans_actions_current 12 of 11
trials-all-1  | [coordinator-2] [INFO] [1698539976.637561829] [coordinator]: The time of execution of above program is:2.5081658363342285
trials-all-1  | [coordinator-2] [INFO] [1698539976.647235014] [coordinator]: Achieved
trials-all-1  | [coordinator-2] [INFO] [1698539976.656484191] [coordinator]: ENDSIM
trials-all-1 exited with code 0
