 Network trials_ros  Creating
 Network trials_ros  Created
 Container trials-all-1  Creating
 Container trials-all-1  Created
Attaching to trials-all-1
trials-all-1  | [INFO] [launch]: All log files can be found below /root/.ros/log/2023-10-29-00-37-10-729738-eeb826884939-1
trials-all-1  | [INFO] [launch]: Default logging verbosity is set to INFO
trials-all-1  | [INFO] [arm-1]: process started with pid [52]
trials-all-1  | [INFO] [coordinator-2]: process started with pid [54]
trials-all-1  | [INFO] [environment-3]: process started with pid [56]
trials-all-1  | [INFO] [nurse-4]: process started with pid [58]
trials-all-1  | [INFO] [planner-5]: process started with pid [60]
trials-all-1  | [INFO] [robot-6]: process started with pid [62]
trials-all-1  | [environment-3] [INFO] [1698539834.333818039] [environment]: Starting Environment server
trials-all-1  | [environment-3] [INFO] [1698539834.360602684] [environment]: Environment server started
trials-all-1  | [robot-6] [INFO] [1698539834.371424945] [robot]: Starting Robot server
trials-all-1  | [robot-6] [INFO] [1698539834.412370932] [robot]: Robot server started
trials-all-1  | [robot-6] [INFO] [1698539834.421318147] [robot]: Starting Robots clients
trials-all-1  | [nurse-4] [INFO] [1698539834.503732134] [nurse]: Starting Nurse server
trials-all-1  | [coordinator-2] [INFO] [1698539834.523221603] [coordinator]: Starting Coordinator server
trials-all-1  | [nurse-4] [INFO] [1698539834.548640216] [nurse]: Nurse server started
trials-all-1  | [nurse-4] [INFO] [1698539834.572120782] [nurse]: Starting Nurse clients
trials-all-1  | [coordinator-2] [INFO] [1698539834.590627228] [coordinator]: Coordinator server started
trials-all-1  | [coordinator-2] [INFO] [1698539834.608973670] [coordinator]: Starting Coordinator clients
trials-all-1  | [nurse-4] [INFO] [1698539834.636466333] [nurse]: Nurse clients started
trials-all-1  | [nurse-4] [INFO] [1698539834.653817751] [nurse]: Sent request
trials-all-1  | [arm-1] [INFO] [1698539834.666255051] [arm]: Starting Arm server
trials-all-1  | [arm-1] [INFO] [1698539834.685459514] [arm]: Arm server started
trials-all-1  | [arm-1] [INFO] [1698539834.689735617] [arm]: Starting Nurse clients
trials-all-1  | [robot-6] [INFO] [1698539834.715354234] [robot]: Robots clients started
trials-all-1  | [arm-1] [INFO] [1698539834.729102566] [arm]: Nurse clients started
trials-all-1  | [coordinator-2] [INFO] [1698539835.634931357] [coordinator]: planner sync service not available, waiting again...
trials-all-1  | [coordinator-2] [INFO] [1698539836.651744758] [coordinator]: planner sync service not available, waiting again...
trials-all-1  | [coordinator-2] [INFO] [1698539837.665797028] [coordinator]: planner sync service not available, waiting again...
trials-all-1  | [coordinator-2] [INFO] [1698539838.677442175] [coordinator]: planner sync service not available, waiting again...
trials-all-1  | [coordinator-2] [INFO] [1698539839.690053280] [coordinator]: planner sync service not available, waiting again...
trials-all-1  | [coordinator-2] [INFO] [1698539840.703797348] [coordinator]: planner sync service not available, waiting again...
trials-all-1  | [planner-5] Matplotlib is building the font cache; this may take a moment.
trials-all-1  | [coordinator-2] [INFO] [1698539841.716629328] [coordinator]: planner sync service not available, waiting again...
trials-all-1  | [coordinator-2] [INFO] [1698539842.729080236] [coordinator]: planner sync service not available, waiting again...
trials-all-1  | [coordinator-2] [INFO] [1698539843.742041091] [coordinator]: planner sync service not available, waiting again...
trials-all-1  | [planner-5] [INFO] [1698539843.936325664] [planner]: Starting Planner server
trials-all-1  | [planner-5] [INFO] [1698539843.952660048] [planner]: Planner server started
trials-all-1  | [coordinator-2] [INFO] [1698539844.754407868] [coordinator]: planner sync service not available, waiting again...
trials-all-1  | [coordinator-2] [INFO] [1698539845.776253804] [coordinator]: planner sync service not available, waiting again...
trials-all-1  | [coordinator-2] [INFO] [1698539846.377822862] [coordinator]: Coordinator clients started
trials-all-1  | [coordinator-2] [INFO] [1698539846.414014707] [coordinator]: Receiving message of nurse1 in room3.
trials-all-1  | [coordinator-2] [INFO] [1698539846.425067965] [coordinator]: Sending response
trials-all-1  | [coordinator-2] [INFO] [1698539846.440663329] [coordinator]: Planing
trials-all-1  | [nurse-4] [INFO] [1698539846.441666352] [nurse]: Request response:Okay!
trials-all-1  | [coordinator-2] [INFO] [1698539846.456899708] [coordinator]: Creating plan for: robot1, nurse1, arm1 
trials-all-1  | [planner-5] [INFO] [1698539846.465368906] [planner]: Receiving sync message. need_plan,robot1,nurse1,arm1
trials-all-1  | [planner-5] [INFO] [1698539846.475639146] [planner]: Creating plan for: robot1 robot1 nurse1
trials-all-1  | [planner-5] [INFO] [1698539846.493262557] [planner]: a_navto,robot1,Room1
trials-all-1  | [planner-5] [INFO] [1698539846.503036785] [planner]: a_approach_nurse,robot1
trials-all-1  | [planner-5] [INFO] [1698539846.512833014] [planner]: a_authenticate_nurse,robot1,nurse1
trials-all-1  | [planner-5] [INFO] [1698539846.522186232] [planner]: a_open_drawer,robot1
trials-all-1  | [planner-5] [INFO] [1698539846.531125441] [planner]: a_deposit,nurse1,robot1
trials-all-1  | [planner-5] [INFO] [1698539846.539532637] [planner]: a_close_drawer,robot1
trials-all-1  | [planner-5] [INFO] [1698539846.548178839] [planner]: a_navto,robot1,Room3
trials-all-1  | [planner-5] [INFO] [1698539846.557058046] [planner]: a_approach_arm,robot1,arm1
trials-all-1  | [planner-5] [INFO] [1698539846.564721225] [planner]: a_open_drawer,robot1
trials-all-1  | [planner-5] [INFO] [1698539846.572023396] [planner]: a_pick_up_sample,arm1,robot1
trials-all-1  | [planner-5] [INFO] [1698539846.580018582] [planner]: a_close_drawer,robot1
trials-all-1  | [planner-5] [INFO] [1698539846.588296776] [planner]: Sending response
trials-all-1  | [coordinator-2] [INFO] [1698539846.601175076] [coordinator]: Plan received for: robot1, nurse1, arm1 
trials-all-1  | [coordinator-2] [INFO] [1698539846.606906210] [coordinator]: a_navto,robot1,Room1/a_approach_nurse,robot1/a_authenticate_nurse,robot1,nurse1/a_open_drawer,robot1/a_deposit,nurse1,robot1/a_close_drawer,robot1/a_navto,robot1,Room3/a_approach_arm,robot1,arm1/a_open_drawer,robot1/a_pick_up_sample,arm1,robot1/a_close_drawer,robot1
trials-all-1  | [coordinator-2] [INFO] [1698539846.614066377] [coordinator]: a_navto,robot1,Room1
trials-all-1  | [coordinator-2] [INFO] [1698539846.620130519] [coordinator]: a_approach_nurse,robot1
trials-all-1  | [coordinator-2] [INFO] [1698539846.626304663] [coordinator]: a_authenticate_nurse,robot1,nurse1
trials-all-1  | [coordinator-2] [INFO] [1698539846.632506808] [coordinator]: a_open_drawer,robot1
trials-all-1  | [coordinator-2] [INFO] [1698539846.638286943] [coordinator]: a_deposit,nurse1,robot1
trials-all-1  | [coordinator-2] [INFO] [1698539846.644964099] [coordinator]: a_close_drawer,robot1
trials-all-1  | [coordinator-2] [INFO] [1698539846.651121242] [coordinator]: a_navto,robot1,Room3
trials-all-1  | [coordinator-2] [INFO] [1698539846.657626394] [coordinator]: a_approach_arm,robot1,arm1
trials-all-1  | [coordinator-2] [INFO] [1698539846.663733537] [coordinator]: a_open_drawer,robot1
trials-all-1  | [coordinator-2] [INFO] [1698539846.669242665] [coordinator]: a_pick_up_sample,arm1,robot1
trials-all-1  | [coordinator-2] [INFO] [1698539846.674865797] [coordinator]: a_close_drawer,robot1
trials-all-1  | [coordinator-2] [INFO] [1698539846.678724887] [coordinator]: Sending plans
trials-all-1  | [coordinator-2] [INFO] [1698539846.685780052] [coordinator]: Plans sent
trials-all-1  | [arm-1] [INFO] [1698539846.696993313] [arm]: Receiving message.
trials-all-1  | [robot-6] [INFO] [1698539846.698533349] [robot]: Receiving message.
trials-all-1  | [nurse-4] [INFO] [1698539846.701634422] [nurse]: Receiving message.
trials-all-1  | [arm-1] [INFO] [1698539846.702382439] [arm]: Arm's actions:
trials-all-1  | [arm-1] [INFO] [1698539846.706403533] [arm]: a_approach_arm
trials-all-1  | [arm-1] [INFO] [1698539846.714333718] [arm]: Action: a_approach_arm
trials-all-1  | [nurse-4] [INFO] [1698539846.714846730] [nurse]: Nurse's actions:
trials-all-1  | [arm-1] [INFO] [1698539846.723997944] [arm]: Doing a_approach_arm
trials-all-1  | [environment-3] [INFO] [1698539846.725181971] [environment]: Receiving message: monitor
trials-all-1  | [robot-6] [INFO] [1698539846.726091993] [robot]: Robot's actions:
trials-all-1  | [environment-3] [INFO] [1698539846.730106086] [environment]: Action: monitor
trials-all-1  | [nurse-4] [INFO] [1698539846.732904152] [nurse]: Action: a_authenticate_nurse
trials-all-1  | [arm-1] [INFO] [1698539846.733744171] [arm]: a_pick_up_sample
trials-all-1  | [coordinator-2] [INFO] [1698539846.741178345] [coordinator]: Found a problem
trials-all-1  | [robot-6] [INFO] [1698539846.747439491] [robot]: a_navto
trials-all-1  | [coordinator-2] [INFO] [1698539846.749402537] [coordinator]: Updating planner state
trials-all-1  | [nurse-4] [INFO] [1698539846.753295628] [nurse]: Doing a_authenticate_nurse
trials-all-1  | [robot-6] [INFO] [1698539846.756149694] [robot]: Action: a_navto
trials-all-1  | [environment-3] [INFO] [1698539846.759935783] [environment]: Receiving message: a_approach_arm,robot1,arm1
trials-all-1  | [nurse-4] [INFO] [1698539846.764049879] [nurse]: a_authenticate_nurse
trials-all-1  | [environment-3] [INFO] [1698539846.764485889] [environment]: Action: a_approach_arm
trials-all-1  | [planner-5] [INFO] [1698539846.770278024] [planner]: Receiving sync message. update_state,door_closed,Room3
trials-all-1  | [robot-6] [INFO] [1698539846.772378073] [robot]: a_authenticate_nurse
trials-all-1  | [environment-3] [INFO] [1698539846.772884085] [environment]: Responding
trials-all-1  | [planner-5] [INFO] [1698539846.776554171] [planner]: door_closed
trials-all-1  | [robot-6] [INFO] [1698539846.779078230] [robot]: Doing a_navto
trials-all-1  | [arm-1] [INFO] [1698539846.782578311] [arm]: success
trials-all-1  | [robot-6] [INFO] [1698539846.783487333] [robot]: a_open_drawer
trials-all-1  | [robot-6] [INFO] [1698539846.789111464] [robot]: a_deposit
trials-all-1  | [arm-1] [INFO] [1698539846.792058533] [arm]: Action result: True
trials-all-1  | [robot-6] [INFO] [1698539846.795631616] [robot]: a_close_drawer
trials-all-1  | [coordinator-2] [INFO] [1698539846.795755619] [coordinator]: Planner state updated
trials-all-1  | [arm-1] [INFO] [1698539846.800780736] [arm]: Action: a_pick_up_sample
trials-all-1  | [robot-6] [INFO] [1698539846.800936740] [robot]: a_navto
trials-all-1  | [robot-6] [INFO] [1698539846.805681851] [robot]: a_approach_arm
trials-all-1  | [coordinator-2] [INFO] [1698539846.800108721] [coordinator]: Planing
trials-all-1  | [arm-1] [INFO] [1698539846.808702921] [arm]: Doing a_pick_up_sample
trials-all-1  | [robot-6] [INFO] [1698539846.810752969] [robot]: a_open_drawer
trials-all-1  | [coordinator-2] [INFO] [1698539846.813240027] [coordinator]: Creating plan for: robot1, nurse1, arm1 
trials-all-1  | [robot-6] [INFO] [1698539846.815177072] [robot]: a_pick_up_sample
trials-all-1  | [robot-6] [INFO] [1698539846.820582199] [robot]: a_close_drawer
trials-all-1  | [planner-5] [INFO] [1698539846.825852322] [planner]: Receiving sync message. need_plan,robot1,nurse1,arm1
trials-all-1  | [robot-6] [INFO] [1698539846.835005535] [robot]: Receiving sync message. a_authenticate_nurse,robot1,nurse1
trials-all-1  | [robot-6] [INFO] [1698539846.841979698] [robot]: not ready
trials-all-1  | [planner-5] [INFO] [1698539846.844082747] [planner]: Creating plan for: robot1 robot1 nurse1
trials-all-1  | [nurse-4] [INFO] [1698539846.854260985] [nurse]: not ready
trials-all-1  | [nurse-4] [INFO] [1698539846.859772114] [nurse]: Action result: False
trials-all-1  | [planner-5] [INFO] [1698539846.865137239] [planner]: a_navto,robot1,Room1
trials-all-1  | [planner-5] [INFO] [1698539846.870941374] [planner]: a_approach_nurse,robot1
trials-all-1  | [nurse-4] [INFO] [1698539846.871013376] [nurse]: Action: a_authenticate_nurse
trials-all-1  | [robot-6] [INFO] [1698539846.873824442] [robot]: Receiving sync message. a_pick_up_sample,arm1,robot1
trials-all-1  | [planner-5] [INFO] [1698539846.877415525] [planner]: a_authenticate_nurse,robot1,nurse1
trials-all-1  | [nurse-4] [INFO] [1698539846.880970608] [nurse]: Doing a_authenticate_nurse
trials-all-1  | [robot-6] [INFO] [1698539846.883019656] [robot]: not ready
trials-all-1  | [planner-5] [INFO] [1698539846.885160706] [planner]: a_open_drawer,robot1
trials-all-1  | [planner-5] [INFO] [1698539846.892914887] [planner]: a_deposit,nurse1,robot1
trials-all-1  | [planner-5] [INFO] [1698539846.898377015] [planner]: a_close_drawer,robot1
trials-all-1  | [robot-6] [INFO] [1698539846.902351108] [robot]: Receiving sync message. a_authenticate_nurse,robot1,nurse1
trials-all-1  | [arm-1] [INFO] [1698539846.904699162] [arm]: not ready
trials-all-1  | [robot-6] [INFO] [1698539846.909667278] [robot]: not ready
trials-all-1  | [planner-5] [INFO] [1698539846.911173314] [planner]: a_open_door,nurse1,Room3
trials-all-1  | [planner-5] [INFO] [1698539846.918285480] [planner]: a_navto,robot1,Room3
trials-all-1  | [nurse-4] [INFO] [1698539846.919168500] [nurse]: not ready
trials-all-1  | [arm-1] [INFO] [1698539846.920456530] [arm]: Action result: False
trials-all-1  | [arm-1] [INFO] [1698539846.926012660] [arm]: Action: a_pick_up_sample
trials-all-1  | [arm-1] [INFO] [1698539846.930020754] [arm]: Doing a_pick_up_sample
trials-all-1  | [nurse-4] [INFO] [1698539846.924932635] [nurse]: Action result: False
trials-all-1  | [nurse-4] [INFO] [1698539846.928729723] [nurse]: Action: a_authenticate_nurse
trials-all-1  | [environment-3] [INFO] [1698539846.925054638] [environment]: Receiving message: a_navto,robot1,Room1
trials-all-1  | [environment-3] [INFO] [1698539846.929392739] [environment]: Action: a_navto
trials-all-1  | [planner-5] [INFO] [1698539846.926379669] [planner]: a_approach_arm,robot1,arm1
trials-all-1  | [planner-5] [INFO] [1698539846.929923751] [planner]: a_open_drawer,robot1
trials-all-1  | [planner-5] [INFO] [1698539846.933795842] [planner]: a_pick_up_sample,arm1,robot1
trials-all-1  | [nurse-4] [INFO] [1698539846.936058895] [nurse]: Doing a_authenticate_nurse
trials-all-1  | [planner-5] [INFO] [1698539846.942183037] [planner]: a_close_drawer,robot1
trials-all-1  | [robot-6] [INFO] [1698539846.947239156] [robot]: Receiving sync message. a_authenticate_nurse,robot1,nurse1
trials-all-1  | [planner-5] [INFO] [1698539846.949981220] [planner]: Sending response
trials-all-1  | [robot-6] [INFO] [1698539846.957122386] [robot]: not ready
trials-all-1  | [coordinator-2] [INFO] [1698539846.966269600] [coordinator]: Plan received for: robot1, nurse1, arm1 
trials-all-1  | [nurse-4] [INFO] [1698539846.967167621] [nurse]: not ready
trials-all-1  | [environment-3] [INFO] [1698539846.972413743] [environment]: Responding
trials-all-1  | [coordinator-2] [INFO] [1698539846.973305764] [coordinator]: a_navto,robot1,Room1/a_approach_nurse,robot1/a_authenticate_nurse,robot1,nurse1/a_open_drawer,robot1/a_deposit,nurse1,robot1/a_close_drawer,robot1/a_open_door,nurse1,Room3/a_navto,robot1,Room3/a_approach_arm,robot1,arm1/a_open_drawer,robot1/a_pick_up_sample,arm1,robot1/a_close_drawer,robot1
trials-all-1  | [nurse-4] [INFO] [1698539846.985994060] [nurse]: Action result: False
trials-all-1  | [robot-6] [INFO] [1698539846.990672170] [robot]: Receiving sync message. a_pick_up_sample,arm1,robot1
trials-all-1  | [coordinator-2] [INFO] [1698539846.998618355] [coordinator]: a_navto,robot1,Room1
trials-all-1  | [nurse-4] [INFO] [1698539847.000765405] [nurse]: Action: a_authenticate_nurse
trials-all-1  | [coordinator-2] [INFO] [1698539847.002822453] [coordinator]: a_approach_nurse,robot1
trials-all-1  | [robot-6] [INFO] [1698539847.003369466] [robot]: not ready
trials-all-1  | [coordinator-2] [INFO] [1698539847.006949549] [coordinator]: a_authenticate_nurse,robot1,nurse1
trials-all-1  | [arm-1] [INFO] [1698539847.017303790] [arm]: not ready
trials-all-1  | [coordinator-2] [INFO] [1698539847.020472864] [coordinator]: a_open_drawer,robot1
trials-all-1  | [arm-1] [INFO] [1698539847.022388909] [arm]: Action result: False
trials-all-1  | [coordinator-2] [INFO] [1698539847.024632961] [coordinator]: a_deposit,nurse1,robot1
trials-all-1  | [coordinator-2] [INFO] [1698539847.028801058] [coordinator]: a_close_drawer,robot1
trials-all-1  | [nurse-4] [INFO] [1698539847.029345071] [nurse]: Doing a_authenticate_nurse
trials-all-1  | [robot-6] [INFO] [1698539847.039333303] [robot]: success
trials-all-1  | [coordinator-2] [INFO] [1698539847.043497400] [coordinator]: a_open_door,nurse1,Room3
trials-all-1  | [robot-6] [INFO] [1698539847.045095438] [robot]: Action result: True
trials-all-1  | [arm-1] [INFO] [1698539847.047212487] [arm]: Action: a_pick_up_sample
trials-all-1  | [coordinator-2] [INFO] [1698539847.047656497] [coordinator]: a_navto,robot1,Room3
trials-all-1  | [coordinator-2] [INFO] [1698539847.055901689] [coordinator]: Receiving sync message: action_complete,a_navto
trials-all-1  | [robot-6] [INFO] [1698539847.059579775] [robot]: Receiving sync message. a_authenticate_nurse,robot1,nurse1
trials-all-1  | [coordinator-2] [INFO] [1698539847.059719778] [coordinator]: action_complete
trials-all-1  | [arm-1] [INFO] [1698539847.062611845] [arm]: Doing a_pick_up_sample
trials-all-1  | [coordinator-2] [INFO] [1698539847.070246023] [coordinator]: plans_actions_current 1 of 11
trials-all-1  | [robot-6] [INFO] [1698539847.072512076] [robot]: not ready
trials-all-1  | [coordinator-2] [INFO] [1698539847.073854107] [coordinator]: a_approach_arm,robot1,arm1
trials-all-1  | [coordinator-2] [INFO] [1698539847.078261210] [coordinator]: a_open_drawer,robot1
trials-all-1  | [coordinator-2] [INFO] [1698539847.083075322] [coordinator]: a_pick_up_sample,arm1,robot1
trials-all-1  | [coordinator-2] [INFO] [1698539847.099929714] [coordinator]: a_close_drawer,robot1
trials-all-1  | [robot-6] [INFO] [1698539847.103728803] [robot]: Receiving sync message. a_pick_up_sample,arm1,robot1
trials-all-1  | [nurse-4] [INFO] [1698539847.104036810] [nurse]: not ready
trials-all-1  | [coordinator-2] [INFO] [1698539847.104480820] [coordinator]: Sending plans
trials-all-1  | [robot-6] [INFO] [1698539847.110125952] [robot]: not ready
trials-all-1  | [coordinator-2] [INFO] [1698539847.122277235] [coordinator]: Plans sent
trials-all-1  | [nurse-4] [INFO] [1698539847.125757316] [nurse]: Action result: False
trials-all-1  | [arm-1] [INFO] [1698539847.129672407] [arm]: not ready
trials-all-1  | [nurse-4] [INFO] [1698539847.134478519] [nurse]: Action: a_authenticate_nurse
trials-all-1  | [arm-1] [INFO] [1698539847.141401680] [arm]: Receiving message.
trials-all-1  | [environment-3] [INFO] [1698539847.145296771] [environment]: Receiving message: monitor
trials-all-1  | [nurse-4] [INFO] [1698539847.149249863] [nurse]: Doing a_authenticate_nurse
trials-all-1  | [environment-3] [INFO] [1698539847.149439867] [environment]: Action: monitor
trials-all-1  | [robot-6] [INFO] [1698539847.157346051] [robot]: Action: a_approach_nurse
trials-all-1  | [coordinator-2] [INFO] [1698539847.165761247] [coordinator]: Found a problem
trials-all-1  | [nurse-4] [INFO] [1698539847.166058254] [nurse]: Receiving message.
trials-all-1  | [arm-1] [INFO] [1698539847.169288329] [arm]: Action result: False
trials-all-1  | [environment-3] [INFO] [1698539847.174675455] [environment]: Receiving message: monitor
trials-all-1  | [environment-3] [INFO] [1698539847.178681548] [environment]: Action: monitor
trials-all-1  | [arm-1] [INFO] [1698539847.183792667] [arm]: Arm's actions:
trials-all-1  | [nurse-4] [INFO] [1698539847.188616779] [nurse]: Nurse's actions:
trials-all-1  | [coordinator-2] [INFO] [1698539847.190055813] [coordinator]: Found a problem
trials-all-1  | [robot-6] [INFO] [1698539847.191922856] [robot]: Doing a_approach_nurse
trials-all-1  | [robot-6] [INFO] [1698539847.196389960] [robot]: Receiving message.
trials-all-1  | [nurse-4] [INFO] [1698539847.197458985] [nurse]: a_authenticate_nurse
trials-all-1  | [arm-1] [INFO] [1698539847.199068023] [arm]: Action: a_pick_up_sample
trials-all-1  | [arm-1] [INFO] [1698539847.205990184] [arm]: a_approach_arm
trials-all-1  | [nurse-4] [INFO] [1698539847.206077186] [nurse]: a_deposit
trials-all-1  | [robot-6] [INFO] [1698539847.209453264] [robot]: Robot's actions:
trials-all-1  | [environment-3] [INFO] [1698539847.211888321] [environment]: Receiving message: monitor
trials-all-1  | [nurse-4] [INFO] [1698539847.213983370] [nurse]: a_open_door
trials-all-1  | [arm-1] [INFO] [1698539847.217444450] [arm]: Doing a_pick_up_sample
trials-all-1  | [environment-3] [INFO] [1698539847.219675502] [environment]: Action: monitor
trials-all-1  | [arm-1] [INFO] [1698539847.227663688] [arm]: a_pick_up_sample
trials-all-1  | [robot-6] [INFO] [1698539847.229243725] [robot]: a_navto
trials-all-1  | [coordinator-2] [INFO] [1698539847.230269749] [coordinator]: Found a problem
trials-all-1  | [robot-6] [INFO] [1698539847.245569105] [robot]: a_approach_nurse
trials-all-1  | [robot-6] [INFO] [1698539847.250012209] [robot]: a_authenticate_nurse
trials-all-1  | [robot-6] [INFO] [1698539847.254136305] [robot]: a_open_drawer
trials-all-1  | [robot-6] [INFO] [1698539847.258267401] [robot]: a_deposit
trials-all-1  | [robot-6] [INFO] [1698539847.262606502] [robot]: a_close_drawer
trials-all-1  | [robot-6] [INFO] [1698539847.267284611] [robot]: a_navto
trials-all-1  | [environment-3] [INFO] [1698539847.270974697] [environment]: Receiving message: a_approach_nurse,robot1
trials-all-1  | [robot-6] [INFO] [1698539847.271253703] [robot]: a_approach_arm
trials-all-1  | [robot-6] [INFO] [1698539847.275290797] [robot]: a_open_drawer
trials-all-1  | [robot-6] [INFO] [1698539847.279032884] [robot]: a_pick_up_sample
trials-all-1  | [robot-6] [INFO] [1698539847.282685970] [robot]: a_close_drawer
trials-all-1  | [robot-6] [INFO] [1698539847.292922208] [robot]: Receiving sync message. a_authenticate_nurse,robot1,nurse1
trials-all-1  | [robot-6] [INFO] [1698539847.296899300] [robot]: not ready
trials-all-1  | [robot-6] [INFO] [1698539847.305227494] [robot]: Receiving sync message. a_pick_up_sample,arm1,robot1
trials-all-1  | [nurse-4] [INFO] [1698539847.309865602] [nurse]: not ready
trials-all-1  | [nurse-4] [INFO] [1698539847.318507804] [nurse]: Action result: False
trials-all-1  | [robot-6] [INFO] [1698539847.310891626] [robot]: not ready
trials-all-1  | [arm-1] [INFO] [1698539847.320204843] [arm]: not ready
trials-all-1  | [environment-3] [INFO] [1698539847.323565921] [environment]: Action: a_approach_nurse
trials-all-1  | [arm-1] [INFO] [1698539847.327478012] [arm]: Action result: False
trials-all-1  | [nurse-4] [INFO] [1698539847.330007071] [nurse]: Action: a_authenticate_nurse
trials-all-1  | [arm-1] [INFO] [1698539847.337240240] [arm]: Action: a_approach_arm
trials-all-1  | [arm-1] [INFO] [1698539847.346547456] [arm]: Doing a_approach_arm
trials-all-1  | [environment-3] [INFO] [1698539847.350043538] [environment]: Responding
trials-all-1  | [nurse-4] [INFO] [1698539847.356173681] [nurse]: Doing a_authenticate_nurse
trials-all-1  | [robot-6] [INFO] [1698539847.364135866] [robot]: success
trials-all-1  | [robot-6] [INFO] [1698539847.370030003] [robot]: Action result: True
trials-all-1  | [coordinator-2] [INFO] [1698539847.377207170] [coordinator]: Receiving sync message: action_complete,a_approach_nurse
trials-all-1  | [robot-6] [INFO] [1698539847.383617320] [robot]: Receiving sync message. a_authenticate_nurse,robot1,nurse1
trials-all-1  | [coordinator-2] [INFO] [1698539847.388732439] [coordinator]: action_complete
trials-all-1  | [robot-6] [INFO] [1698539847.394557574] [robot]: not ready
trials-all-1  | [coordinator-2] [INFO] [1698539847.397844651] [coordinator]: plans_actions_current 1 of 11
trials-all-1  | [nurse-4] [INFO] [1698539847.408582901] [nurse]: not ready
trials-all-1  | [nurse-4] [INFO] [1698539847.412351989] [nurse]: Action result: False
trials-all-1  | [robot-6] [INFO] [1698539847.411760975] [robot]: Action: a_navto
trials-all-1  | [robot-6] [INFO] [1698539847.415641065] [robot]: Doing a_navto
trials-all-1  | [nurse-4] [INFO] [1698539847.416282080] [nurse]: Action: a_authenticate_nurse
trials-all-1  | [nurse-4] [INFO] [1698539847.420297174] [nurse]: Doing a_authenticate_nurse
trials-all-1  | [robot-6] [INFO] [1698539847.427820349] [robot]: Receiving sync message. a_authenticate_nurse,robot1,nurse1
trials-all-1  | [environment-3] [INFO] [1698539847.430006400] [environment]: Receiving message: monitor
trials-all-1  | [robot-6] [INFO] [1698539847.431745440] [robot]: not ready
trials-all-1  | [environment-3] [INFO] [1698539847.438291593] [environment]: Action: monitor
trials-all-1  | [nurse-4] [INFO] [1698539847.446495784] [nurse]: not ready
trials-all-1  | [coordinator-2] [INFO] [1698539847.448271825] [coordinator]: Found a problem
trials-all-1  | [nurse-4] [INFO] [1698539847.453619950] [nurse]: Action result: False
trials-all-1  | [nurse-4] [INFO] [1698539847.461407131] [nurse]: Action: a_authenticate_nurse
trials-all-1  | [nurse-4] [INFO] [1698539847.465473225] [nurse]: Doing a_authenticate_nurse
trials-all-1  | [robot-6] [INFO] [1698539847.473558414] [robot]: Receiving sync message. a_authenticate_nurse,robot1,nurse1
trials-all-1  | [robot-6] [INFO] [1698539847.478938539] [robot]: not ready
trials-all-1  | [nurse-4] [INFO] [1698539847.489385782] [nurse]: not ready
trials-all-1  | [nurse-4] [INFO] [1698539847.495348921] [nurse]: Action result: False
trials-all-1  | [nurse-4] [INFO] [1698539847.501736070] [nurse]: Action: a_authenticate_nurse
trials-all-1  | [nurse-4] [INFO] [1698539847.506793188] [nurse]: Doing a_authenticate_nurse
trials-all-1  | [robot-6] [INFO] [1698539847.512542321] [robot]: Receiving sync message. a_authenticate_nurse,robot1,nurse1
trials-all-1  | [robot-6] [INFO] [1698539847.516347410] [robot]: not ready
trials-all-1  | [nurse-4] [INFO] [1698539847.527594672] [nurse]: not ready
trials-all-1  | [nurse-4] [INFO] [1698539847.532947797] [nurse]: Action result: False
trials-all-1  | [nurse-4] [INFO] [1698539847.538295921] [nurse]: Action: a_authenticate_nurse
trials-all-1  | [nurse-4] [INFO] [1698539847.544114057] [nurse]: Doing a_authenticate_nurse
trials-all-1  | [robot-6] [INFO] [1698539847.551538229] [robot]: Receiving sync message. a_authenticate_nurse,robot1,nurse1
trials-all-1  | [robot-6] [INFO] [1698539847.557428367] [robot]: not ready
trials-all-1  | [nurse-4] [INFO] [1698539847.569074638] [nurse]: not ready
trials-all-1  | [nurse-4] [INFO] [1698539847.573736746] [nurse]: Action result: False
trials-all-1  | [nurse-4] [INFO] [1698539847.578858866] [nurse]: Action: a_authenticate_nurse
trials-all-1  | [nurse-4] [INFO] [1698539847.583710979] [nurse]: Doing a_authenticate_nurse
trials-all-1  | [robot-6] [INFO] [1698539847.591267154] [robot]: Receiving sync message. a_authenticate_nurse,robot1,nurse1
trials-all-1  | [robot-6] [INFO] [1698539847.596728282] [robot]: not ready
trials-all-1  | [nurse-4] [INFO] [1698539847.605803493] [nurse]: not ready
trials-all-1  | [nurse-4] [INFO] [1698539847.611419624] [nurse]: Action result: False
trials-all-1  | [nurse-4] [INFO] [1698539847.616788749] [nurse]: Action: a_authenticate_nurse
trials-all-1  | [nurse-4] [INFO] [1698539847.621987870] [nurse]: Doing a_authenticate_nurse
trials-all-1  | [environment-3] [INFO] [1698539847.622864890] [environment]: Receiving message: a_approach_arm,robot1,arm1
trials-all-1  | [environment-3] [INFO] [1698539847.626955985] [environment]: Action: a_approach_arm
trials-all-1  | [robot-6] [INFO] [1698539847.635103175] [robot]: Receiving sync message. a_authenticate_nurse,robot1,nurse1
trials-all-1  | [robot-6] [INFO] [1698539847.640281296] [robot]: not ready
trials-all-1  | [nurse-4] [INFO] [1698539847.650330530] [nurse]: not ready
trials-all-1  | [nurse-4] [INFO] [1698539847.655428648] [nurse]: Action result: False
trials-all-1  | [nurse-4] [INFO] [1698539847.660958777] [nurse]: Action: a_authenticate_nurse
trials-all-1  | [nurse-4] [INFO] [1698539847.665821890] [nurse]: Doing a_authenticate_nurse
trials-all-1  | [robot-6] [INFO] [1698539847.674403090] [robot]: Receiving sync message. a_authenticate_nurse,robot1,nurse1
trials-all-1  | [robot-6] [INFO] [1698539847.681273250] [robot]: not ready
trials-all-1  | [nurse-4] [INFO] [1698539847.692022500] [nurse]: not ready
trials-all-1  | [nurse-4] [INFO] [1698539847.697607630] [nurse]: Action result: False
trials-all-1  | [nurse-4] [INFO] [1698539847.702847752] [nurse]: Action: a_authenticate_nurse
trials-all-1  | [nurse-4] [INFO] [1698539847.708385881] [nurse]: Doing a_authenticate_nurse
trials-all-1  | [robot-6] [INFO] [1698539847.716037060] [robot]: Receiving sync message. a_authenticate_nurse,robot1,nurse1
trials-all-1  | [robot-6] [INFO] [1698539847.721137178] [robot]: not ready
trials-all-1  | [nurse-4] [INFO] [1698539847.730268391] [nurse]: not ready
trials-all-1  | [nurse-4] [INFO] [1698539847.736772542] [nurse]: Action result: False
trials-all-1  | [nurse-4] [INFO] [1698539847.742222669] [nurse]: Action: a_authenticate_nurse
trials-all-1  | [nurse-4] [INFO] [1698539847.747181785] [nurse]: Doing a_authenticate_nurse
trials-all-1  | [robot-6] [INFO] [1698539847.755032968] [robot]: Receiving sync message. a_authenticate_nurse,robot1,nurse1
trials-all-1  | [robot-6] [INFO] [1698539847.760515095] [robot]: not ready
trials-all-1  | [environment-3] [INFO] [1698539847.764923198] [environment]: Responding
trials-all-1  | [environment-3] [INFO] [1698539847.771851359] [environment]: Receiving message: a_navto,robot1,Room1
trials-all-1  | [nurse-4] [INFO] [1698539847.771100342] [nurse]: not ready
trials-all-1  | [nurse-4] [INFO] [1698539847.775087434] [nurse]: Action result: False
trials-all-1  | [environment-3] [INFO] [1698539847.775843452] [environment]: Action: a_navto
trials-all-1  | [nurse-4] [INFO] [1698539847.779135529] [nurse]: Action: a_authenticate_nurse
trials-all-1  | [nurse-4] [INFO] [1698539847.783131622] [nurse]: Doing a_authenticate_nurse
trials-all-1  | [arm-1] [INFO] [1698539847.784699658] [arm]: success
trials-all-1  | [robot-6] [INFO] [1698539847.790132785] [robot]: Receiving sync message. a_authenticate_nurse,robot1,nurse1
trials-all-1  | [robot-6] [INFO] [1698539847.794171879] [robot]: not ready
trials-all-1  | [environment-3] [INFO] [1698539847.796054923] [environment]: Responding
trials-all-1  | [environment-3] [INFO] [1698539847.803802103] [environment]: Receiving message: monitor
trials-all-1  | [arm-1] [INFO] [1698539847.796249927] [arm]: Action result: True
trials-all-1  | [arm-1] [INFO] [1698539847.806496166] [arm]: Action: a_pick_up_sample
trials-all-1  | [nurse-4] [INFO] [1698539847.802849081] [nurse]: not ready
trials-all-1  | [nurse-4] [INFO] [1698539847.809762242] [nurse]: Action result: False
trials-all-1  | [arm-1] [INFO] [1698539847.815339372] [arm]: Doing a_pick_up_sample
trials-all-1  | [robot-6] [INFO] [1698539847.818825453] [robot]: success
trials-all-1  | [robot-6] [INFO] [1698539847.825138600] [robot]: Action result: True
trials-all-1  | [nurse-4] [INFO] [1698539847.820122483] [nurse]: Action: a_authenticate_nurse
trials-all-1  | [nurse-4] [INFO] [1698539847.830244719] [nurse]: Doing a_authenticate_nurse
trials-all-1  | [environment-3] [INFO] [1698539847.824323581] [environment]: Action: monitor
trials-all-1  | [coordinator-2] [INFO] [1698539847.832896780] [coordinator]: Receiving sync message: action_complete,a_navto
trials-all-1  | [coordinator-2] [INFO] [1698539847.838153903] [coordinator]: action_complete
trials-all-1  | [robot-6] [INFO] [1698539847.840124949] [robot]: Receiving sync message. a_pick_up_sample,arm1,robot1
trials-all-1  | [coordinator-2] [INFO] [1698539847.842603006] [coordinator]: plans_actions_current 2 of 11
trials-all-1  | [robot-6] [INFO] [1698539847.844558052] [robot]: not ready
trials-all-1  | [coordinator-2] [INFO] [1698539847.851169206] [coordinator]: Found a problem
trials-all-1  | [robot-6] [INFO] [1698539847.854604286] [robot]: Receiving sync message. a_authenticate_nurse,robot1,nurse1
trials-all-1  | [robot-6] [INFO] [1698539847.858543378] [robot]: not ready
trials-all-1  | [arm-1] [INFO] [1698539847.857231347] [arm]: not ready
trials-all-1  | [nurse-4] [INFO] [1698539847.866517563] [nurse]: not ready
trials-all-1  | [nurse-4] [INFO] [1698539847.870447655] [nurse]: Action result: False
trials-all-1  | [arm-1] [INFO] [1698539847.866530564] [arm]: Action result: False
trials-all-1  | [nurse-4] [INFO] [1698539847.876357792] [nurse]: Action: a_authenticate_nurse
trials-all-1  | [arm-1] [INFO] [1698539847.876360793] [arm]: Action: a_pick_up_sample
trials-all-1  | [robot-6] [INFO] [1698539847.878160834] [robot]: Action: a_approach_nurse
trials-all-1  | [arm-1] [INFO] [1698539847.882286930] [arm]: Doing a_pick_up_sample
trials-all-1  | [nurse-4] [INFO] [1698539847.882403933] [nurse]: Doing a_authenticate_nurse
trials-all-1  | [robot-6] [INFO] [1698539847.890887131] [robot]: Doing a_approach_nurse
trials-all-1  | [robot-6] [INFO] [1698539847.893348188] [robot]: Receiving sync message. a_pick_up_sample,arm1,robot1
trials-all-1  | [robot-6] [INFO] [1698539847.897142276] [robot]: not ready
trials-all-1  | [environment-3] [INFO] [1698539847.905573473] [environment]: Receiving message: monitor
trials-all-1  | [environment-3] [INFO] [1698539847.910238581] [environment]: Action: monitor
trials-all-1  | [robot-6] [INFO] [1698539847.907507518] [robot]: Receiving sync message. a_authenticate_nurse,robot1,nurse1
trials-all-1  | [robot-6] [INFO] [1698539847.914693685] [robot]: not ready
trials-all-1  | [coordinator-2] [INFO] [1698539847.919653801] [coordinator]: Found a problem
trials-all-1  | [arm-1] [INFO] [1698539847.920486820] [arm]: not ready
trials-all-1  | [nurse-4] [INFO] [1698539847.922478866] [nurse]: not ready
trials-all-1  | [nurse-4] [INFO] [1698539847.926596962] [nurse]: Action result: False
trials-all-1  | [arm-1] [INFO] [1698539847.927563985] [arm]: Action result: False
trials-all-1  | [nurse-4] [INFO] [1698539847.935806177] [nurse]: Action: a_authenticate_nurse
trials-all-1  | [arm-1] [INFO] [1698539847.939717268] [arm]: Action: a_pick_up_sample
trials-all-1  | [nurse-4] [INFO] [1698539847.940229280] [nurse]: Doing a_authenticate_nurse
trials-all-1  | [environment-3] [INFO] [1698539847.942630336] [environment]: Receiving message: a_approach_nurse,robot1
trials-all-1  | [robot-6] [INFO] [1698539847.946766432] [robot]: Receiving sync message. a_authenticate_nurse,robot1,nurse1
trials-all-1  | [robot-6] [INFO] [1698539847.950532520] [robot]: not ready
trials-all-1  | [environment-3] [INFO] [1698539847.947099440] [environment]: Action: a_approach_nurse
trials-all-1  | [environment-3] [INFO] [1698539847.951365539] [environment]: Responding
trials-all-1  | [arm-1] [INFO] [1698539847.947257443] [arm]: Doing a_pick_up_sample
trials-all-1  | [nurse-4] [INFO] [1698539847.959847736] [nurse]: not ready
trials-all-1  | [nurse-4] [INFO] [1698539847.963614824] [nurse]: Action result: False
trials-all-1  | [robot-6] [INFO] [1698539847.962393796] [robot]: Receiving sync message. a_pick_up_sample,arm1,robot1
trials-all-1  | [nurse-4] [INFO] [1698539847.968028927] [nurse]: Action: a_authenticate_nurse
trials-all-1  | [nurse-4] [INFO] [1698539847.972189024] [nurse]: Doing a_authenticate_nurse
trials-all-1  | [environment-3] [INFO] [1698539847.972544032] [environment]: Receiving message: monitor
trials-all-1  | [robot-6] [INFO] [1698539847.970851993] [robot]: not ready
trials-all-1  | [arm-1] [INFO] [1698539847.985090324] [arm]: not ready
trials-all-1  | [arm-1] [INFO] [1698539847.989306422] [arm]: Action result: False
trials-all-1  | [environment-3] [INFO] [1698539847.992322493] [environment]: Action: monitor
trials-all-1  | [robot-6] [INFO] [1698539847.996947600] [robot]: success
trials-all-1  | [arm-1] [INFO] [1698539848.000376680] [arm]: Action: a_pick_up_sample
trials-all-1  | [coordinator-2] [INFO] [1698539848.003733758] [coordinator]: Found a problem
trials-all-1  | [robot-6] [INFO] [1698539848.005031788] [robot]: Action result: True
trials-all-1  | [arm-1] [INFO] [1698539848.007894855] [arm]: Doing a_pick_up_sample
trials-all-1  | [robot-6] [INFO] [1698539848.011791945] [robot]: Receiving sync message. a_authenticate_nurse,robot1,nurse1
trials-all-1  | [coordinator-2] [INFO] [1698539848.013603987] [coordinator]: Receiving sync message: action_complete,a_approach_nurse
trials-all-1  | [robot-6] [INFO] [1698539848.019853133] [robot]: not ready
trials-all-1  | [coordinator-2] [INFO] [1698539848.025502264] [coordinator]: action_complete
trials-all-1  | [coordinator-2] [INFO] [1698539848.029280351] [coordinator]: plans_actions_current 3 of 11
trials-all-1  | [environment-3] [INFO] [1698539848.028027322] [environment]: Receiving message: monitor
trials-all-1  | [environment-3] [INFO] [1698539848.031727408] [environment]: Action: monitor
trials-all-1  | [robot-6] [INFO] [1698539848.028801340] [robot]: Receiving sync message. a_pick_up_sample,arm1,robot1
trials-all-1  | [robot-6] [INFO] [1698539848.032165418] [robot]: not ready
trials-all-1  | [robot-6] [INFO] [1698539848.041201628] [robot]: Action: a_authenticate_nurse
trials-all-1  | [robot-6] [INFO] [1698539848.044942715] [robot]: Doing a_authenticate_nurse
trials-all-1  | [nurse-4] [INFO] [1698539848.029259351] [nurse]: not ready
trials-all-1  | [nurse-4] [INFO] [1698539848.037363539] [nurse]: Action result: False
trials-all-1  | [nurse-4] [INFO] [1698539848.041154627] [nurse]: Action: a_authenticate_nurse
trials-all-1  | [nurse-4] [INFO] [1698539848.044863713] [nurse]: Doing a_authenticate_nurse
trials-all-1  | [arm-1] [INFO] [1698539848.040219605] [arm]: not ready
trials-all-1  | [arm-1] [INFO] [1698539848.044573707] [arm]: Action result: False
trials-all-1  | [robot-6] [INFO] [1698539848.050794851] [robot]: wating for nurse1 to authenticate to robot1
trials-all-1  | [arm-1] [INFO] [1698539848.053820921] [arm]: Action: a_pick_up_sample
trials-all-1  | [coordinator-2] [INFO] [1698539848.054852945] [coordinator]: Found a problem
trials-all-1  | [arm-1] [INFO] [1698539848.065577194] [arm]: Doing a_pick_up_sample
trials-all-1  | [environment-3] [INFO] [1698539848.070100299] [environment]: Receiving message: monitor
trials-all-1  | [robot-6] [INFO] [1698539848.073632381] [robot]: Receiving sync message. a_authenticate_nurse,robot1,nurse1
trials-all-1  | [robot-6] [INFO] [1698539848.078515495] [robot]: Action result: False
trials-all-1  | [environment-3] [INFO] [1698539848.074537402] [environment]: Action: monitor
trials-all-1  | [robot-6] [INFO] [1698539848.088231720] [robot]: Authenticate nurse
trials-all-1  | [coordinator-2] [INFO] [1698539848.094290861] [coordinator]: Found a problem
trials-all-1  | [robot-6] [INFO] [1698539848.096135904] [robot]: Action: a_authenticate_nurse
trials-all-1  | [robot-6] [INFO] [1698539848.102105043] [robot]: Doing a_authenticate_nurse
trials-all-1  | [robot-6] [INFO] [1698539848.106923154] [robot]: Receiving sync message. a_pick_up_sample,arm1,robot1
trials-all-1  | [environment-3] [INFO] [1698539848.112503284] [environment]: Receiving message: monitor
trials-all-1  | [nurse-4] [INFO] [1698539848.115813361] [nurse]: success
trials-all-1  | [nurse-4] [INFO] [1698539848.124443561] [nurse]: Action result: True
trials-all-1  | [nurse-4] [INFO] [1698539848.128129647] [nurse]: Action: a_deposit
trials-all-1  | [nurse-4] [INFO] [1698539848.132282743] [nurse]: Doing a_deposit
trials-all-1  | [robot-6] [INFO] [1698539848.116050366] [robot]: Action result: True
trials-all-1  | [robot-6] [INFO] [1698539848.120462469] [robot]: not ready
trials-all-1  | [coordinator-2] [INFO] [1698539848.122552517] [coordinator]: Receiving sync message: action_complete,a_authenticate_nurse
trials-all-1  | [arm-1] [INFO] [1698539848.128161648] [arm]: not ready
trials-all-1  | [coordinator-2] [INFO] [1698539848.134520795] [coordinator]: action_complete
trials-all-1  | [coordinator-2] [INFO] [1698539848.138342884] [coordinator]: plans_actions_current 4 of 11
trials-all-1  | [robot-6] [INFO] [1698539848.137859873] [robot]: Receiving sync message. a_deposit,nurse1,robot1
trials-all-1  | [robot-6] [INFO] [1698539848.141698962] [robot]: not ready
trials-all-1  | [arm-1] [INFO] [1698539848.139652914] [arm]: Action result: False
trials-all-1  | [arm-1] [INFO] [1698539848.148445119] [arm]: Action: a_pick_up_sample
trials-all-1  | [environment-3] [INFO] [1698539848.148671124] [environment]: Action: monitor
trials-all-1  | [robot-6] [INFO] [1698539848.151117181] [robot]: Action: a_open_drawer
trials-all-1  | [robot-6] [INFO] [1698539848.156355302] [robot]: Doing a_open_drawer
trials-all-1  | [robot-6] [INFO] [1698539848.165578516] [robot]: Receiving sync message. a_pick_up_sample,arm1,robot1
trials-all-1  | [robot-6] [INFO] [1698539848.169042597] [robot]: not ready
trials-all-1  | [arm-1] [INFO] [1698539848.157494329] [arm]: Doing a_pick_up_sample
trials-all-1  | [nurse-4] [INFO] [1698539848.159488375] [nurse]: not ready
trials-all-1  | [nurse-4] [INFO] [1698539848.163263463] [nurse]: Action result: False
trials-all-1  | [nurse-4] [INFO] [1698539848.166838546] [nurse]: Action: a_deposit
trials-all-1  | [coordinator-2] [INFO] [1698539848.165771521] [coordinator]: Found a problem
trials-all-1  | [robot-6] [INFO] [1698539848.174472723] [robot]: success
trials-all-1  | [robot-6] [INFO] [1698539848.180597865] [robot]: Action result: True
trials-all-1  | [environment-3] [INFO] [1698539848.180913873] [environment]: Receiving message: monitor
trials-all-1  | [nurse-4] [INFO] [1698539848.191899128] [nurse]: Doing a_deposit
trials-all-1  | [coordinator-2] [INFO] [1698539848.193336161] [coordinator]: Receiving sync message: action_complete,a_open_drawer
trials-all-1  | [environment-3] [INFO] [1698539848.197852266] [environment]: Action: monitor
trials-all-1  | [arm-1] [INFO] [1698539848.198534282] [arm]: not ready
trials-all-1  | [robot-6] [INFO] [1698539848.202222367] [robot]: Receiving sync message. a_deposit,nurse1,robot1
trials-all-1  | [robot-6] [INFO] [1698539848.208346510] [robot]: not ready
trials-all-1  | [coordinator-2] [INFO] [1698539848.209817544] [coordinator]: action_complete
trials-all-1  | [coordinator-2] [INFO] [1698539848.213655633] [coordinator]: plans_actions_current 5 of 11
trials-all-1  | [nurse-4] [INFO] [1698539848.215782682] [nurse]: not ready
trials-all-1  | [nurse-4] [INFO] [1698539848.219664772] [nurse]: Action result: False
trials-all-1  | [nurse-4] [INFO] [1698539848.223279856] [nurse]: Action: a_deposit
trials-all-1  | [arm-1] [INFO] [1698539848.218033735] [arm]: Action result: False
trials-all-1  | [arm-1] [INFO] [1698539848.221896824] [arm]: Action: a_pick_up_sample
trials-all-1  | [robot-6] [INFO] [1698539848.220389789] [robot]: Action: a_deposit
trials-all-1  | [robot-6] [INFO] [1698539848.224366882] [robot]: Doing a_deposit
trials-all-1  | [robot-6] [INFO] [1698539848.229515001] [robot]: wating for nurse1 to deposit in robot1
trials-all-1  | [arm-1] [INFO] [1698539848.231727053] [arm]: Doing a_pick_up_sample
trials-all-1  | [coordinator-2] [INFO] [1698539848.238258204] [coordinator]: Found a problem
trials-all-1  | [robot-6] [INFO] [1698539848.238934220] [robot]: Receiving sync message. a_pick_up_sample,arm1,robot1
trials-all-1  | [nurse-4] [INFO] [1698539848.239410231] [nurse]: Doing a_deposit
trials-all-1  | [robot-6] [INFO] [1698539848.244333345] [robot]: not ready
trials-all-1  | [robot-6] [INFO] [1698539848.249570467] [robot]: Action result: False
trials-all-1  | [arm-1] [INFO] [1698539848.251849520] [arm]: not ready
trials-all-1  | [arm-1] [INFO] [1698539848.256387625] [arm]: Action result: False
trials-all-1  | [robot-6] [INFO] [1698539848.254787588] [robot]: Action: a_deposit
trials-all-1  | [environment-3] [INFO] [1698539848.254999593] [environment]: Receiving message: monitor
trials-all-1  | [arm-1] [INFO] [1698539848.262011756] [arm]: Action: a_pick_up_sample
trials-all-1  | [environment-3] [INFO] [1698539848.262339763] [environment]: Action: monitor
trials-all-1  | [robot-6] [INFO] [1698539848.265586839] [robot]: Doing a_deposit
trials-all-1  | [robot-6] [INFO] [1698539848.270121944] [robot]: wating for nurse1 to deposit in robot1
trials-all-1  | [robot-6] [INFO] [1698539848.272541000] [robot]: Receiving sync message. a_deposit,nurse1,robot1
trials-all-1  | [coordinator-2] [INFO] [1698539848.273739028] [coordinator]: Found a problem
trials-all-1  | [robot-6] [INFO] [1698539848.276912102] [robot]: Deposit
trials-all-1  | [arm-1] [INFO] [1698539848.277177108] [arm]: Doing a_pick_up_sample
trials-all-1  | [nurse-4] [INFO] [1698539848.283774261] [nurse]: success
trials-all-1  | [robot-6] [INFO] [1698539848.286595327] [robot]: Action result: False
trials-all-1  | [nurse-4] [INFO] [1698539848.287894357] [nurse]: Action result: True
trials-all-1  | [nurse-4] [INFO] [1698539848.291531441] [nurse]: Action: a_open_door
trials-all-1  | [robot-6] [INFO] [1698539848.291607443] [robot]: Action: a_deposit
trials-all-1  | [environment-3] [INFO] [1698539848.294865519] [environment]: Receiving message: monitor
trials-all-1  | [robot-6] [INFO] [1698539848.295465533] [robot]: Receiving sync message. a_pick_up_sample,arm1,robot1
trials-all-1  | [nurse-4] [INFO] [1698539848.297599582] [nurse]: Doing a_open_door
trials-all-1  | [robot-6] [INFO] [1698539848.300392647] [robot]: not ready
trials-all-1  | [robot-6] [INFO] [1698539848.308224829] [robot]: Doing a_deposit
trials-all-1  | [environment-3] [INFO] [1698539848.301022662] [environment]: Action: monitor
trials-all-1  | [robot-6] [INFO] [1698539848.321373134] [robot]: Action result: True
trials-all-1  | [arm-1] [INFO] [1698539848.332153385] [arm]: not ready
trials-all-1  | [environment-3] [INFO] [1698539848.339205548] [environment]: Receiving message: a_open_door,nurse1,Room3
trials-all-1  | [arm-1] [INFO] [1698539848.339462554] [arm]: Action result: False
trials-all-1  | [environment-3] [INFO] [1698539848.345496695] [environment]: Action: a_open_door
trials-all-1  | [arm-1] [INFO] [1698539848.345808702] [arm]: Action: a_pick_up_sample
trials-all-1  | [coordinator-2] [INFO] [1698539848.345951705] [coordinator]: Receiving sync message: action_complete,a_deposit
trials-all-1  | [coordinator-2] [INFO] [1698539848.349456786] [coordinator]: Found a problem
trials-all-1  | [environment-3] [INFO] [1698539848.350815818] [environment]: Responding
trials-all-1  | [arm-1] [INFO] [1698539848.351623837] [arm]: Doing a_pick_up_sample
trials-all-1  | [robot-6] [INFO] [1698539848.364187129] [robot]: Receiving sync message. a_pick_up_sample,arm1,robot1
trials-all-1  | [robot-6] [INFO] [1698539848.371218292] [robot]: not ready
trials-all-1  | [coordinator-2] [INFO] [1698539848.364447135] [coordinator]: action_complete
trials-all-1  | [nurse-4] [INFO] [1698539848.371549299] [nurse]: success
trials-all-1  | [arm-1] [INFO] [1698539848.380819515] [arm]: not ready
trials-all-1  | [coordinator-2] [INFO] [1698539848.384555602] [coordinator]: plans_actions_current 6 of 11
trials-all-1  | [nurse-4] [INFO] [1698539848.386288642] [nurse]: Action result: True
trials-all-1  | [arm-1] [INFO] [1698539848.386525647] [arm]: Action result: False
trials-all-1  | [environment-3] [INFO] [1698539848.388440692] [environment]: Receiving message: monitor
trials-all-1  | [environment-3] [INFO] [1698539848.393935819] [environment]: Action: monitor
trials-all-1  | [robot-6] [INFO] [1698539848.395509856] [robot]: Action: a_close_drawer
trials-all-1  | [robot-6] [INFO] [1698539848.405973099] [robot]: Doing a_close_drawer
trials-all-1  | [arm-1] [INFO] [1698539848.419209406] [arm]: Action: a_pick_up_sample
trials-all-1  | [robot-6] [INFO] [1698539848.422612485] [robot]: success
trials-all-1  | [environment-3] [INFO] [1698539848.423625509] [environment]: Receiving message: monitor
trials-all-1  | [arm-1] [INFO] [1698539848.429926655] [arm]: Doing a_pick_up_sample
trials-all-1  | [environment-3] [INFO] [1698539848.430001657] [environment]: Action: monitor
trials-all-1  | [robot-6] [INFO] [1698539848.445039006] [robot]: Action result: True
trials-all-1  | [environment-3] [INFO] [1698539848.452863188] [environment]: Receiving message: monitor
trials-all-1  | [robot-6] [INFO] [1698539848.453654206] [robot]: Receiving sync message. a_pick_up_sample,arm1,robot1
trials-all-1  | [coordinator-2] [INFO] [1698539848.453956213] [coordinator]: Receiving sync message: action_complete,a_close_drawer
trials-all-1  | [environment-3] [INFO] [1698539848.458382316] [environment]: Action: monitor
trials-all-1  | [robot-6] [INFO] [1698539848.458412317] [robot]: not ready
trials-all-1  | [coordinator-2] [INFO] [1698539848.459041331] [coordinator]: action_complete
trials-all-1  | [arm-1] [INFO] [1698539848.474997702] [arm]: not ready
trials-all-1  | [coordinator-2] [INFO] [1698539848.482509876] [coordinator]: plans_actions_current 7 of 11
trials-all-1  | [arm-1] [INFO] [1698539848.483774906] [arm]: Action result: False
trials-all-1  | [robot-6] [INFO] [1698539848.494412153] [robot]: Action: a_navto
trials-all-1  | [robot-6] [INFO] [1698539848.500495294] [robot]: Doing a_navto
trials-all-1  | [arm-1] [INFO] [1698539848.506803440] [arm]: Action: a_pick_up_sample
trials-all-1  | [environment-3] [INFO] [1698539848.506972444] [environment]: Receiving message: monitor
trials-all-1  | [environment-3] [INFO] [1698539848.513218589] [environment]: Action: monitor
trials-all-1  | [arm-1] [INFO] [1698539848.515222636] [arm]: Doing a_pick_up_sample
trials-all-1  | [robot-6] [INFO] [1698539848.529931977] [robot]: Receiving sync message. a_pick_up_sample,arm1,robot1
trials-all-1  | [robot-6] [INFO] [1698539848.536230124] [robot]: not ready
trials-all-1  | [environment-3] [INFO] [1698539848.538231170] [environment]: Receiving message: a_navto,robot1,Room3
trials-all-1  | [arm-1] [INFO] [1698539848.546367359] [arm]: not ready
trials-all-1  | [arm-1] [INFO] [1698539848.555362568] [arm]: Action result: False
trials-all-1  | [environment-3] [INFO] [1698539848.556741600] [environment]: Action: a_navto
trials-all-1  | [arm-1] [INFO] [1698539848.560888696] [arm]: Action: a_pick_up_sample
trials-all-1  | [environment-3] [INFO] [1698539848.562736739] [environment]: Responding
trials-all-1  | [arm-1] [INFO] [1698539848.575872044] [arm]: Doing a_pick_up_sample
trials-all-1  | [robot-6] [INFO] [1698539848.575956046] [robot]: success
trials-all-1  | [robot-6] [INFO] [1698539848.587660318] [robot]: Receiving sync message. a_pick_up_sample,arm1,robot1
trials-all-1  | [robot-6] [INFO] [1698539848.594178469] [robot]: not ready
trials-all-1  | [environment-3] [INFO] [1698539848.594464476] [environment]: Receiving message: monitor
trials-all-1  | [arm-1] [INFO] [1698539848.605407730] [arm]: not ready
trials-all-1  | [robot-6] [INFO] [1698539848.609561827] [robot]: Action result: True
trials-all-1  | [environment-3] [INFO] [1698539848.613839926] [environment]: Action: monitor
trials-all-1  | [arm-1] [INFO] [1698539848.613891927] [arm]: Action result: False
trials-all-1  | [coordinator-2] [INFO] [1698539848.618067024] [coordinator]: Receiving sync message: action_complete,a_navto
trials-all-1  | [arm-1] [INFO] [1698539848.626304215] [arm]: Action: a_pick_up_sample
trials-all-1  | [arm-1] [INFO] [1698539848.632467358] [arm]: Doing a_pick_up_sample
trials-all-1  | [coordinator-2] [INFO] [1698539848.635483428] [coordinator]: action_complete
trials-all-1  | [robot-6] [INFO] [1698539848.641714573] [robot]: Receiving sync message. a_pick_up_sample,arm1,robot1
trials-all-1  | [coordinator-2] [INFO] [1698539848.645412659] [coordinator]: plans_actions_current 8 of 11
trials-all-1  | [robot-6] [INFO] [1698539848.651494800] [robot]: not ready
trials-all-1  | [arm-1] [INFO] [1698539848.672494288] [arm]: not ready
trials-all-1  | [arm-1] [INFO] [1698539848.687780643] [arm]: Action result: False
trials-all-1  | [robot-6] [INFO] [1698539848.690104697] [robot]: Action: a_approach_arm
trials-all-1  | [arm-1] [INFO] [1698539848.694807806] [arm]: Action: a_pick_up_sample
trials-all-1  | [robot-6] [INFO] [1698539848.695252816] [robot]: Doing a_approach_arm
trials-all-1  | [environment-3] [INFO] [1698539848.696701850] [environment]: Receiving message: monitor
trials-all-1  | [arm-1] [INFO] [1698539848.700673942] [arm]: Doing a_pick_up_sample
trials-all-1  | [environment-3] [INFO] [1698539848.713854248] [environment]: Action: monitor
trials-all-1  | [robot-6] [INFO] [1698539848.725571520] [robot]: Receiving sync message. a_pick_up_sample,arm1,robot1
trials-all-1  | [robot-6] [INFO] [1698539848.731296653] [robot]: not ready
trials-all-1  | [environment-3] [INFO] [1698539848.737680802] [environment]: Receiving message: a_approach_arm,robot1,arm1
trials-all-1  | [environment-3] [INFO] [1698539848.745214977] [environment]: Action: a_approach_arm
trials-all-1  | [arm-1] [INFO] [1698539848.748885062] [arm]: not ready
trials-all-1  | [arm-1] [INFO] [1698539848.761988366] [arm]: Action result: False
trials-all-1  | [arm-1] [INFO] [1698539848.768627520] [arm]: Action: a_pick_up_sample
trials-all-1  | [environment-3] [INFO] [1698539848.768784524] [environment]: Responding
trials-all-1  | [robot-6] [INFO] [1698539848.781186812] [robot]: success
trials-all-1  | [robot-6] [INFO] [1698539848.789933015] [robot]: Action result: True
trials-all-1  | [coordinator-2] [INFO] [1698539848.797900200] [coordinator]: Receiving sync message: action_complete,a_approach_arm
trials-all-1  | [coordinator-2] [INFO] [1698539848.801971295] [coordinator]: action_complete
trials-all-1  | [environment-3] [INFO] [1698539848.802270302] [environment]: Receiving message: monitor
trials-all-1  | [arm-1] [INFO] [1698539848.806634403] [arm]: Doing a_pick_up_sample
trials-all-1  | [environment-3] [INFO] [1698539848.809247464] [environment]: Action: monitor
trials-all-1  | [coordinator-2] [INFO] [1698539848.810823500] [coordinator]: plans_actions_current 9 of 11
trials-all-1  | [robot-6] [INFO] [1698539848.819130693] [robot]: Receiving sync message. a_pick_up_sample,arm1,robot1
trials-all-1  | [robot-6] [INFO] [1698539848.829321930] [robot]: not ready
trials-all-1  | [arm-1] [INFO] [1698539848.838540144] [arm]: not ready
trials-all-1  | [robot-6] [INFO] [1698539848.841459212] [robot]: Action: a_open_drawer
trials-all-1  | [environment-3] [INFO] [1698539848.841693217] [environment]: Receiving message: monitor
trials-all-1  | [arm-1] [INFO] [1698539848.844443281] [arm]: Action result: False
trials-all-1  | [robot-6] [INFO] [1698539848.847033341] [robot]: Doing a_open_drawer
trials-all-1  | [robot-6] [INFO] [1698539848.857467583] [robot]: success
trials-all-1  | [arm-1] [INFO] [1698539848.860551655] [arm]: Action: a_pick_up_sample
trials-all-1  | [environment-3] [INFO] [1698539848.860608656] [environment]: Action: monitor
trials-all-1  | [robot-6] [INFO] [1698539848.870047875] [robot]: Action result: True
trials-all-1  | [arm-1] [INFO] [1698539848.872671936] [arm]: Doing a_pick_up_sample
trials-all-1  | [coordinator-2] [INFO] [1698539848.884120202] [coordinator]: Receiving sync message: action_complete,a_open_drawer
trials-all-1  | [environment-3] [INFO] [1698539848.892773403] [environment]: Receiving message: monitor
trials-all-1  | [robot-6] [INFO] [1698539848.893473419] [robot]: Receiving sync message. a_pick_up_sample,arm1,robot1
trials-all-1  | [robot-6] [INFO] [1698539848.902690633] [robot]: not ready
trials-all-1  | [coordinator-2] [INFO] [1698539848.913282879] [coordinator]: action_complete
trials-all-1  | [arm-1] [INFO] [1698539848.915026920] [arm]: not ready
trials-all-1  | [environment-3] [INFO] [1698539848.919015013] [environment]: Action: monitor
trials-all-1  | [arm-1] [INFO] [1698539848.920088037] [arm]: Action result: False
trials-all-1  | [coordinator-2] [INFO] [1698539848.920954058] [coordinator]: plans_actions_current 10 of 11
trials-all-1  | [robot-6] [INFO] [1698539848.939536489] [robot]: Action: a_pick_up_sample
trials-all-1  | [arm-1] [INFO] [1698539848.943015570] [arm]: Action: a_pick_up_sample
trials-all-1  | [arm-1] [INFO] [1698539848.947216667] [arm]: Doing a_pick_up_sample
trials-all-1  | [robot-6] [INFO] [1698539848.967096129] [robot]: Doing a_pick_up_sample
trials-all-1  | [robot-6] [INFO] [1698539848.971996243] [robot]: Receiving sync message. a_pick_up_sample,arm1,robot1
trials-all-1  | [robot-6] [INFO] [1698539848.978691398] [robot]: wating for arm1 to pick up from robot1
trials-all-1  | [environment-3] [INFO] [1698539848.979239411] [environment]: Receiving message: monitor
trials-all-1  | [robot-6] [INFO] [1698539848.989917659] [robot]: Action result: False
trials-all-1  | [environment-3] [INFO] [1698539848.995473788] [environment]: Action: monitor
trials-all-1  | [robot-6] [INFO] [1698539849.004496998] [robot]: Pick up
trials-all-1  | [arm-1] [INFO] [1698539849.014070219] [arm]: success
trials-all-1  | [robot-6] [INFO] [1698539849.014515230] [robot]: Action: a_pick_up_sample
trials-all-1  | [arm-1] [INFO] [1698539849.018072312] [arm]: Action result: True
trials-all-1  | [environment-3] [INFO] [1698539849.019718350] [environment]: Receiving message: monitor
trials-all-1  | [robot-6] [INFO] [1698539849.020649372] [robot]: Doing a_pick_up_sample
trials-all-1  | [robot-6] [INFO] [1698539849.026195500] [robot]: Action result: True
trials-all-1  | [environment-3] [INFO] [1698539849.038341781] [environment]: Action: monitor
trials-all-1  | [coordinator-2] [INFO] [1698539849.039182801] [coordinator]: Receiving sync message: action_complete,a_pick_up_sample
trials-all-1  | [coordinator-2] [INFO] [1698539849.049958050] [coordinator]: action_complete
trials-all-1  | [coordinator-2] [INFO] [1698539849.056250196] [coordinator]: plans_actions_current 11 of 11
trials-all-1  | [coordinator-2] [INFO] [1698539849.060697299] [coordinator]: The time of execution of above program is:2.6480956077575684
trials-all-1  | [coordinator-2] [INFO] [1698539849.064687392] [coordinator]: Achieved
trials-all-1  | [coordinator-2] [INFO] [1698539849.068192473] [coordinator]: ENDSIM
trials-all-1  | [robot-6] [INFO] [1698539849.081862789] [robot]: Action: a_close_drawer
trials-all-1  | [robot-6] [INFO] [1698539849.089686971] [robot]: Doing a_close_drawer
trials-all-1  | [robot-6] [INFO] [1698539849.099338194] [robot]: success
trials-all-1  | [robot-6] [INFO] [1698539849.123663757] [robot]: Action result: True
trials-all-1  | [coordinator-2] [INFO] [1698539849.151746408] [coordinator]: Receiving sync message: action_complete,a_close_drawer
trials-all-1  | [coordinator-2] [INFO] [1698539849.155649498] [coordinator]: action_complete
trials-all-1  | [coordinator-2] [INFO] [1698539849.168329792] [coordinator]: plans_actions_current 12 of 11
trials-all-1  | [coordinator-2] [INFO] [1698539849.173513912] [coordinator]: The time of execution of above program is:2.759838104248047
trials-all-1  | [coordinator-2] [INFO] [1698539849.196572446] [coordinator]: Achieved
trials-all-1  | [coordinator-2] [INFO] [1698539849.203431605] [coordinator]: ENDSIM
trials-all-1 exited with code 0
