 Network trials_ros  Creating
 Network trials_ros  Created
 Container trials-all-1  Creating
 Container trials-all-1  Created
Attaching to trials-all-1
trials-all-1  | [INFO] [launch]: All log files can be found below /root/.ros/log/2023-10-29-00-45-55-307007-96d2d5db6aea-1
trials-all-1  | [INFO] [launch]: Default logging verbosity is set to INFO
trials-all-1  | [INFO] [arm-1]: process started with pid [52]
trials-all-1  | [INFO] [coordinator-2]: process started with pid [54]
trials-all-1  | [INFO] [environment-3]: process started with pid [56]
trials-all-1  | [INFO] [nurse-4]: process started with pid [58]
trials-all-1  | [INFO] [planner-5]: process started with pid [60]
trials-all-1  | [INFO] [robot-6]: process started with pid [62]
trials-all-1  | [coordinator-2] [INFO] [1698540358.678938858] [coordinator]: Starting Coordinator server
trials-all-1  | [coordinator-2] [INFO] [1698540358.721379256] [coordinator]: Coordinator server started
trials-all-1  | [coordinator-2] [INFO] [1698540358.735602389] [coordinator]: Starting Coordinator clients
trials-all-1  | [nurse-4] [INFO] [1698540358.926506178] [nurse]: Starting Nurse server
trials-all-1  | [nurse-4] [INFO] [1698540358.958376477] [nurse]: Nurse server started
trials-all-1  | [nurse-4] [INFO] [1698540358.968575572] [nurse]: Starting Nurse clients
trials-all-1  | [environment-3] [INFO] [1698540359.077761593] [environment]: Starting Environment server
trials-all-1  | [arm-1] [INFO] [1698540359.080338617] [arm]: Starting Arm server
trials-all-1  | [environment-3] [INFO] [1698540359.113490927] [environment]: Environment server started
trials-all-1  | [arm-1] [INFO] [1698540359.119874986] [arm]: Arm server started
trials-all-1  | [arm-1] [INFO] [1698540359.125776042] [arm]: Starting Nurse clients
trials-all-1  | [robot-6] [INFO] [1698540359.287420551] [robot]: Starting Robot server
trials-all-1  | [robot-6] [INFO] [1698540359.339434037] [robot]: Robot server started
trials-all-1  | [robot-6] [INFO] [1698540359.348955126] [robot]: Starting Robots clients
trials-all-1  | [robot-6] [INFO] [1698540359.399048593] [robot]: Robots clients started
trials-all-1  | [arm-1] [INFO] [1698540359.421398802] [arm]: Nurse clients started
trials-all-1  | [nurse-4] [INFO] [1698540359.530301819] [nurse]: Nurse clients started
trials-all-1  | [nurse-4] [INFO] [1698540359.556049060] [nurse]: Sent request
trials-all-1  | [coordinator-2] [INFO] [1698540359.776467118] [coordinator]: planner sync service not available, waiting again...
trials-all-1  | [coordinator-2] [INFO] [1698540360.789226550] [coordinator]: planner sync service not available, waiting again...
trials-all-1  | [coordinator-2] [INFO] [1698540361.803037960] [coordinator]: planner sync service not available, waiting again...
trials-all-1  | [coordinator-2] [INFO] [1698540362.818000347] [coordinator]: planner sync service not available, waiting again...
trials-all-1  | [coordinator-2] [INFO] [1698540363.829865673] [coordinator]: planner sync service not available, waiting again...
trials-all-1  | [coordinator-2] [INFO] [1698540364.840887960] [coordinator]: planner sync service not available, waiting again...
trials-all-1  | [planner-5] Matplotlib is building the font cache; this may take a moment.
trials-all-1  | [coordinator-2] [INFO] [1698540365.852737221] [coordinator]: planner sync service not available, waiting again...
trials-all-1  | [coordinator-2] [INFO] [1698540366.866878471] [coordinator]: planner sync service not available, waiting again...
trials-all-1  | [coordinator-2] [INFO] [1698540367.881637694] [coordinator]: planner sync service not available, waiting again...
trials-all-1  | [planner-5] [INFO] [1698540368.527721547] [planner]: Starting Planner server
trials-all-1  | [planner-5] [INFO] [1698540368.547383726] [planner]: Planner server started
trials-all-1  | [coordinator-2] [INFO] [1698540368.892765852] [coordinator]: planner sync service not available, waiting again...
trials-all-1  | [coordinator-2] [INFO] [1698540369.907713013] [coordinator]: planner sync service not available, waiting again...
trials-all-1  | [coordinator-2] [INFO] [1698540370.800704045] [coordinator]: Coordinator clients started
trials-all-1  | [coordinator-2] [INFO] [1698540370.945003342] [coordinator]: Receiving message of nurse1 in room3.
trials-all-1  | [coordinator-2] [INFO] [1698540370.949543383] [coordinator]: Sending response
trials-all-1  | [nurse-4] [INFO] [1698540370.965497526] [nurse]: Request response:Okay!
trials-all-1  | [coordinator-2] [INFO] [1698540370.970536572] [coordinator]: Planing
trials-all-1  | [coordinator-2] [INFO] [1698540370.975873620] [coordinator]: Creating plan for: robot1, nurse1, arm1 
trials-all-1  | [planner-5] [INFO] [1698540370.986853718] [planner]: Receiving sync message. need_plan,robot1,nurse1,arm1
trials-all-1  | [planner-5] [INFO] [1698540370.992726771] [planner]: Creating plan for: robot1 robot1 nurse1
trials-all-1  | [planner-5] [INFO] [1698540371.013582958] [planner]: a_navto,robot1,Room1
trials-all-1  | [planner-5] [INFO] [1698540371.033313135] [planner]: a_approach_nurse,robot1
trials-all-1  | [planner-5] [INFO] [1698540371.040234197] [planner]: a_authenticate_nurse,robot1,nurse1
trials-all-1  | [planner-5] [INFO] [1698540371.057777354] [planner]: a_open_drawer,robot1
trials-all-1  | [planner-5] [INFO] [1698540371.066525433] [planner]: a_deposit,nurse1,robot1
trials-all-1  | [planner-5] [INFO] [1698540371.084193591] [planner]: a_close_drawer,robot1
trials-all-1  | [planner-5] [INFO] [1698540371.092389664] [planner]: a_navto,robot1,Room3
trials-all-1  | [planner-5] [INFO] [1698540371.109136815] [planner]: a_approach_arm,robot1,arm1
trials-all-1  | [planner-5] [INFO] [1698540371.116225878] [planner]: a_open_drawer,robot1
trials-all-1  | [planner-5] [INFO] [1698540371.124627953] [planner]: a_pick_up_sample,arm1,robot1
trials-all-1  | [planner-5] [INFO] [1698540371.132442023] [planner]: a_close_drawer,robot1
trials-all-1  | [planner-5] [INFO] [1698540371.141374103] [planner]: Sending response
trials-all-1  | [coordinator-2] [INFO] [1698540371.155888233] [coordinator]: Plan received for: robot1, nurse1, arm1 
trials-all-1  | [coordinator-2] [INFO] [1698540371.161161281] [coordinator]: a_navto,robot1,Room1/a_approach_nurse,robot1/a_authenticate_nurse,robot1,nurse1/a_open_drawer,robot1/a_deposit,nurse1,robot1/a_close_drawer,robot1/a_navto,robot1,Room3/a_approach_arm,robot1,arm1/a_open_drawer,robot1/a_pick_up_sample,arm1,robot1/a_close_drawer,robot1
trials-all-1  | [coordinator-2] [INFO] [1698540371.177256425] [coordinator]: a_navto,robot1,Room1
trials-all-1  | [coordinator-2] [INFO] [1698540371.181508463] [coordinator]: a_approach_nurse,robot1
trials-all-1  | [coordinator-2] [INFO] [1698540371.185393498] [coordinator]: a_authenticate_nurse,robot1,nurse1
trials-all-1  | [coordinator-2] [INFO] [1698540371.196863601] [coordinator]: a_open_drawer,robot1
trials-all-1  | [coordinator-2] [INFO] [1698540371.200843636] [coordinator]: a_deposit,nurse1,robot1
trials-all-1  | [coordinator-2] [INFO] [1698540371.205337676] [coordinator]: a_close_drawer,robot1
trials-all-1  | [coordinator-2] [INFO] [1698540371.223647841] [coordinator]: a_navto,robot1,Room3
trials-all-1  | [coordinator-2] [INFO] [1698540371.227873878] [coordinator]: a_approach_arm,robot1,arm1
trials-all-1  | [coordinator-2] [INFO] [1698540371.241506001] [coordinator]: a_open_drawer,robot1
trials-all-1  | [coordinator-2] [INFO] [1698540371.248957067] [coordinator]: a_pick_up_sample,arm1,robot1
trials-all-1  | [coordinator-2] [INFO] [1698540371.267435233] [coordinator]: a_close_drawer,robot1
trials-all-1  | [coordinator-2] [INFO] [1698540371.272405277] [coordinator]: Sending plans
trials-all-1  | [nurse-4] [INFO] [1698540371.288995426] [nurse]: Receiving message.
trials-all-1  | [coordinator-2] [INFO] [1698540371.290577440] [coordinator]: Plans sent
trials-all-1  | [nurse-4] [INFO] [1698540371.294990480] [nurse]: Nurse's actions:
trials-all-1  | [nurse-4] [INFO] [1698540371.305167571] [nurse]: Action: a_authenticate_nurse
trials-all-1  | [robot-6] [INFO] [1698540371.309551610] [robot]: Receiving message.
trials-all-1  | [nurse-4] [INFO] [1698540371.312823640] [nurse]: a_authenticate_nurse
trials-all-1  | [robot-6] [INFO] [1698540371.324939748] [robot]: Robot's actions:
trials-all-1  | [arm-1] [INFO] [1698540371.328398779] [arm]: Receiving message.
trials-all-1  | [robot-6] [INFO] [1698540371.331784809] [robot]: a_navto
trials-all-1  | [nurse-4] [INFO] [1698540371.335344841] [nurse]: Doing a_authenticate_nurse
trials-all-1  | [robot-6] [INFO] [1698540371.345538933] [robot]: a_approach_nurse
trials-all-1  | [robot-6] [INFO] [1698540371.354532013] [robot]: a_open_drawer
trials-all-1  | [arm-1] [INFO] [1698540371.345539933] [arm]: Arm's actions:
trials-all-1  | [robot-6] [INFO] [1698540371.356253029] [robot]: Action: a_navto
trials-all-1  | [arm-1] [INFO] [1698540371.356394030] [arm]: a_approach_arm
trials-all-1  | [arm-1] [INFO] [1698540371.361482075] [arm]: Action: a_approach_arm
trials-all-1  | [robot-6] [INFO] [1698540371.363640095] [robot]: a_deposit
trials-all-1  | [arm-1] [INFO] [1698540371.369556148] [arm]: Doing a_approach_arm
trials-all-1  | [robot-6] [INFO] [1698540371.378829231] [robot]: a_close_drawer
trials-all-1  | [robot-6] [INFO] [1698540371.382161261] [robot]: Doing a_navto
trials-all-1  | [robot-6] [INFO] [1698540371.389001322] [robot]: a_navto
trials-all-1  | [robot-6] [INFO] [1698540371.394939375] [robot]: a_approach_arm
trials-all-1  | [robot-6] [INFO] [1698540371.401808437] [robot]: a_open_drawer
trials-all-1  | [robot-6] [INFO] [1698540371.408643498] [robot]: a_pick_up_sample
trials-all-1  | [robot-6] [INFO] [1698540371.415709561] [robot]: a_close_drawer
trials-all-1  | [robot-6] [INFO] [1698540371.423945635] [robot]: Receiving sync message. a_authenticate_nurse,robot1,nurse1
trials-all-1  | [robot-6] [INFO] [1698540371.429145682] [robot]: not ready
trials-all-1  | [nurse-4] [INFO] [1698540371.441146789] [nurse]: not ready
trials-all-1  | [nurse-4] [INFO] [1698540371.446277835] [nurse]: Action result: False
trials-all-1  | [nurse-4] [INFO] [1698540371.451535882] [nurse]: Action: a_authenticate_nurse
trials-all-1  | [nurse-4] [INFO] [1698540371.457091932] [nurse]: Doing a_authenticate_nurse
trials-all-1  | [robot-6] [INFO] [1698540371.465091004] [robot]: Receiving sync message. a_authenticate_nurse,robot1,nurse1
trials-all-1  | [robot-6] [INFO] [1698540371.470929056] [robot]: not ready
trials-all-1  | [nurse-4] [INFO] [1698540371.482491160] [nurse]: not ready
trials-all-1  | [nurse-4] [INFO] [1698540371.488450213] [nurse]: Action result: False
trials-all-1  | [nurse-4] [INFO] [1698540371.495594277] [nurse]: Action: a_authenticate_nurse
trials-all-1  | [nurse-4] [INFO] [1698540371.501222327] [nurse]: Doing a_authenticate_nurse
trials-all-1  | [robot-6] [INFO] [1698540371.509176399] [robot]: Receiving sync message. a_authenticate_nurse,robot1,nurse1
trials-all-1  | [robot-6] [INFO] [1698540371.515248453] [robot]: not ready
trials-all-1  | [nurse-4] [INFO] [1698540371.526660555] [nurse]: not ready
trials-all-1  | [nurse-4] [INFO] [1698540371.532681609] [nurse]: Action result: False
trials-all-1  | [nurse-4] [INFO] [1698540371.537962657] [nurse]: Action: a_authenticate_nurse
trials-all-1  | [nurse-4] [INFO] [1698540371.544366714] [nurse]: Doing a_authenticate_nurse
trials-all-1  | [robot-6] [INFO] [1698540371.552852790] [robot]: Receiving sync message. a_authenticate_nurse,robot1,nurse1
trials-all-1  | [environment-3] [INFO] [1698540371.556990827] [environment]: Receiving message: monitor
trials-all-1  | [robot-6] [INFO] [1698540371.559462849] [robot]: not ready
trials-all-1  | [nurse-4] [INFO] [1698540371.572065962] [nurse]: not ready
trials-all-1  | [nurse-4] [INFO] [1698540371.577945015] [nurse]: Action result: False
trials-all-1  | [nurse-4] [INFO] [1698540371.584290072] [nurse]: Action: a_authenticate_nurse
trials-all-1  | [nurse-4] [INFO] [1698540371.590613128] [nurse]: Doing a_authenticate_nurse
trials-all-1  | [robot-6] [INFO] [1698540371.598534199] [robot]: Receiving sync message. a_authenticate_nurse,robot1,nurse1
trials-all-1  | [robot-6] [INFO] [1698540371.603668245] [robot]: not ready
trials-all-1  | [nurse-4] [INFO] [1698540371.615056347] [nurse]: not ready
trials-all-1  | [nurse-4] [INFO] [1698540371.621333404] [nurse]: Action result: False
trials-all-1  | [nurse-4] [INFO] [1698540371.627795462] [nurse]: Action: a_authenticate_nurse
trials-all-1  | [nurse-4] [INFO] [1698540371.634572522] [nurse]: Doing a_authenticate_nurse
trials-all-1  | [robot-6] [INFO] [1698540371.641817587] [robot]: Receiving sync message. a_authenticate_nurse,robot1,nurse1
trials-all-1  | [robot-6] [INFO] [1698540371.646768632] [robot]: not ready
trials-all-1  | [nurse-4] [INFO] [1698540371.659158743] [nurse]: not ready
trials-all-1  | [nurse-4] [INFO] [1698540371.665577800] [nurse]: Action result: False
trials-all-1  | [nurse-4] [INFO] [1698540371.671795856] [nurse]: Action: a_authenticate_nurse
trials-all-1  | [nurse-4] [INFO] [1698540371.678202913] [nurse]: Doing a_authenticate_nurse
trials-all-1  | [robot-6] [INFO] [1698540371.685157975] [robot]: Receiving sync message. a_authenticate_nurse,robot1,nurse1
trials-all-1  | [robot-6] [INFO] [1698540371.690267021] [robot]: not ready
trials-all-1  | [nurse-4] [INFO] [1698540371.703163137] [nurse]: not ready
trials-all-1  | [nurse-4] [INFO] [1698540371.709261191] [nurse]: Action result: False
trials-all-1  | [nurse-4] [INFO] [1698540371.714904242] [nurse]: Action: a_authenticate_nurse
trials-all-1  | [nurse-4] [INFO] [1698540371.719383282] [nurse]: Doing a_authenticate_nurse
trials-all-1  | [robot-6] [INFO] [1698540371.726115342] [robot]: Receiving sync message. a_authenticate_nurse,robot1,nurse1
trials-all-1  | [robot-6] [INFO] [1698540371.731368390] [robot]: not ready
trials-all-1  | [nurse-4] [INFO] [1698540371.741257478] [nurse]: not ready
trials-all-1  | [nurse-4] [INFO] [1698540371.745625517] [nurse]: Action result: False
trials-all-1  | [nurse-4] [INFO] [1698540371.749665553] [nurse]: Action: a_authenticate_nurse
trials-all-1  | [nurse-4] [INFO] [1698540371.754637598] [nurse]: Doing a_authenticate_nurse
trials-all-1  | [robot-6] [INFO] [1698540371.761475659] [robot]: Receiving sync message. a_authenticate_nurse,robot1,nurse1
trials-all-1  | [robot-6] [INFO] [1698540371.765348694] [robot]: not ready
trials-all-1  | [nurse-4] [INFO] [1698540371.774830779] [nurse]: not ready
trials-all-1  | [nurse-4] [INFO] [1698540371.779817824] [nurse]: Action result: False
trials-all-1  | [nurse-4] [INFO] [1698540371.785829877] [nurse]: Action: a_authenticate_nurse
trials-all-1  | [nurse-4] [INFO] [1698540371.791420928] [nurse]: Doing a_authenticate_nurse
trials-all-1  | [robot-6] [INFO] [1698540371.798159988] [robot]: Receiving sync message. a_authenticate_nurse,robot1,nurse1
trials-all-1  | [robot-6] [INFO] [1698540371.802178024] [robot]: not ready
trials-all-1  | [environment-3] [INFO] [1698540371.806754065] [environment]: Action: monitor
trials-all-1  | [coordinator-2] [INFO] [1698540371.818824173] [coordinator]: Found a problem
trials-all-1  | [nurse-4] [INFO] [1698540371.818890174] [nurse]: not ready
trials-all-1  | [coordinator-2] [INFO] [1698540371.822554207] [coordinator]: Updating planner state
trials-all-1  | [planner-5] [INFO] [1698540371.830333276] [planner]: Receiving sync message. update_state,door_closed,Room3
trials-all-1  | [nurse-4] [INFO] [1698540371.835675324] [nurse]: Action result: False
trials-all-1  | [planner-5] [INFO] [1698540371.838039345] [planner]: door_closed
trials-all-1  | [coordinator-2] [INFO] [1698540371.849852451] [coordinator]: Planner state updated
trials-all-1  | [nurse-4] [INFO] [1698540371.850679459] [nurse]: Action: a_authenticate_nurse
trials-all-1  | [coordinator-2] [INFO] [1698540371.855559502] [coordinator]: Planing
trials-all-1  | [nurse-4] [INFO] [1698540371.856729513] [nurse]: Doing a_authenticate_nurse
trials-all-1  | [robot-6] [INFO] [1698540371.866384599] [robot]: Receiving sync message. a_authenticate_nurse,robot1,nurse1
trials-all-1  | [coordinator-2] [INFO] [1698540371.872762656] [coordinator]: Creating plan for: robot1, nurse1, arm1 
trials-all-1  | [robot-6] [INFO] [1698540371.874566673] [robot]: not ready
trials-all-1  | [planner-5] [INFO] [1698540371.885416770] [planner]: Receiving sync message. need_plan,robot1,nurse1,arm1
trials-all-1  | [nurse-4] [INFO] [1698540371.889832809] [nurse]: not ready
trials-all-1  | [planner-5] [INFO] [1698540371.890660817] [planner]: Creating plan for: robot1 robot1 nurse1
trials-all-1  | [nurse-4] [INFO] [1698540371.895386859] [nurse]: Action result: False
trials-all-1  | [nurse-4] [INFO] [1698540371.901201911] [nurse]: Action: a_authenticate_nurse
trials-all-1  | [environment-3] [INFO] [1698540371.901805917] [environment]: Receiving message: a_approach_arm,robot1,arm1
trials-all-1  | [planner-5] [INFO] [1698540371.906573959] [planner]: a_navto,robot1,Room1
trials-all-1  | [nurse-4] [INFO] [1698540371.907539968] [nurse]: Doing a_authenticate_nurse
trials-all-1  | [environment-3] [INFO] [1698540371.907652969] [environment]: Action: a_approach_arm
trials-all-1  | [planner-5] [INFO] [1698540371.912987017] [planner]: a_approach_nurse,robot1
trials-all-1  | [robot-6] [INFO] [1698540371.917131054] [robot]: Receiving sync message. a_authenticate_nurse,robot1,nurse1
trials-all-1  | [planner-5] [INFO] [1698540371.918453066] [planner]: a_authenticate_nurse,robot1,nurse1
trials-all-1  | [robot-6] [INFO] [1698540371.922151099] [robot]: not ready
trials-all-1  | [planner-5] [INFO] [1698540371.925938133] [planner]: a_open_drawer,robot1
trials-all-1  | [environment-3] [INFO] [1698540371.926597139] [environment]: Responding
trials-all-1  | [planner-5] [INFO] [1698540371.930971178] [planner]: a_deposit,nurse1,robot1
trials-all-1  | [nurse-4] [INFO] [1698540371.934748212] [nurse]: not ready
trials-all-1  | [arm-1] [INFO] [1698540371.934927213] [arm]: success
trials-all-1  | [planner-5] [INFO] [1698540371.936150224] [planner]: a_close_drawer,robot1
trials-all-1  | [nurse-4] [INFO] [1698540371.942568282] [nurse]: Action result: False
trials-all-1  | [planner-5] [INFO] [1698540371.946039313] [planner]: a_open_door,nurse1,Room3
trials-all-1  | [arm-1] [INFO] [1698540371.946113314] [arm]: Action result: True
trials-all-1  | [nurse-4] [INFO] [1698540371.949038340] [nurse]: Action: a_authenticate_nurse
trials-all-1  | [planner-5] [INFO] [1698540371.953045376] [planner]: a_navto,robot1,Room3
trials-all-1  | [nurse-4] [INFO] [1698540371.953675381] [nurse]: Doing a_authenticate_nurse
trials-all-1  | [planner-5] [INFO] [1698540371.959394433] [planner]: a_approach_arm,robot1,arm1
trials-all-1  | [robot-6] [INFO] [1698540371.961117448] [robot]: Receiving sync message. a_authenticate_nurse,robot1,nurse1
trials-all-1  | [arm-1] [INFO] [1698540371.956932411] [arm]: Action: a_pick_up_sample
trials-all-1  | [planner-5] [INFO] [1698540371.966616497] [planner]: a_open_drawer,robot1
trials-all-1  | [robot-6] [INFO] [1698540371.967095502] [robot]: not ready
trials-all-1  | [environment-3] [INFO] [1698540371.972246548] [environment]: Receiving message: a_navto,robot1,Room1
trials-all-1  | [planner-5] [INFO] [1698540371.972729552] [planner]: a_pick_up_sample,arm1,robot1
trials-all-1  | [planner-5] [INFO] [1698540371.977763597] [planner]: a_close_drawer,robot1
trials-all-1  | [nurse-4] [INFO] [1698540371.979382612] [nurse]: not ready
trials-all-1  | [environment-3] [INFO] [1698540371.980640623] [environment]: Action: a_navto
trials-all-1  | [planner-5] [INFO] [1698540371.983031644] [planner]: Sending response
trials-all-1  | [arm-1] [INFO] [1698540371.983564649] [arm]: Doing a_pick_up_sample
trials-all-1  | [nurse-4] [INFO] [1698540371.986198673] [nurse]: Action result: False
trials-all-1  | [robot-6] [INFO] [1698540371.999057788] [robot]: Receiving sync message. a_pick_up_sample,arm1,robot1
trials-all-1  | [environment-3] [INFO] [1698540371.999686794] [environment]: Responding
trials-all-1  | [coordinator-2] [INFO] [1698540371.999910796] [coordinator]: Plan received for: robot1, nurse1, arm1 
trials-all-1  | [nurse-4] [INFO] [1698540372.006951859] [nurse]: Action: a_authenticate_nurse
trials-all-1  | [robot-6] [INFO] [1698540372.013495917] [robot]: not ready
trials-all-1  | [coordinator-2] [INFO] [1698540372.018558962] [coordinator]: a_navto,robot1,Room1/a_approach_nurse,robot1/a_authenticate_nurse,robot1,nurse1/a_open_drawer,robot1/a_deposit,nurse1,robot1/a_close_drawer,robot1/a_open_door,nurse1,Room3/a_navto,robot1,Room3/a_approach_arm,robot1,arm1/a_open_drawer,robot1/a_pick_up_sample,arm1,robot1/a_close_drawer,robot1
trials-all-1  | [arm-1] [INFO] [1698540372.024369014] [arm]: not ready
trials-all-1  | [nurse-4] [INFO] [1698540372.024569016] [nurse]: Doing a_authenticate_nurse
trials-all-1  | [coordinator-2] [INFO] [1698540372.028088047] [coordinator]: a_navto,robot1,Room1
trials-all-1  | [coordinator-2] [INFO] [1698540372.031836081] [coordinator]: a_approach_nurse,robot1
trials-all-1  | [coordinator-2] [INFO] [1698540372.035878117] [coordinator]: a_authenticate_nurse,robot1,nurse1
trials-all-1  | [coordinator-2] [INFO] [1698540372.041936171] [coordinator]: a_open_drawer,robot1
trials-all-1  | [arm-1] [INFO] [1698540372.030140066] [arm]: Action result: False
trials-all-1  | [arm-1] [INFO] [1698540372.034549105] [arm]: Action: a_pick_up_sample
trials-all-1  | [arm-1] [INFO] [1698540372.038342139] [arm]: Doing a_pick_up_sample
trials-all-1  | [robot-6] [INFO] [1698540372.039359148] [robot]: Receiving sync message. a_authenticate_nurse,robot1,nurse1
trials-all-1  | [robot-6] [INFO] [1698540372.043466185] [robot]: success
trials-all-1  | [coordinator-2] [INFO] [1698540372.046308210] [coordinator]: a_deposit,nurse1,robot1
trials-all-1  | [robot-6] [INFO] [1698540372.047053217] [robot]: not ready
trials-all-1  | [coordinator-2] [INFO] [1698540372.053770277] [coordinator]: a_close_drawer,robot1
trials-all-1  | [nurse-4] [INFO] [1698540372.059499328] [nurse]: not ready
trials-all-1  | [coordinator-2] [INFO] [1698540372.060736339] [coordinator]: a_open_door,nurse1,Room3
trials-all-1  | [nurse-4] [INFO] [1698540372.066020386] [nurse]: Action result: False
trials-all-1  | [nurse-4] [INFO] [1698540372.070412425] [nurse]: Action: a_authenticate_nurse
trials-all-1  | [coordinator-2] [INFO] [1698540372.066679392] [coordinator]: a_navto,robot1,Room3
trials-all-1  | [robot-6] [INFO] [1698540372.069362416] [robot]: Action result: True
trials-all-1  | [coordinator-2] [INFO] [1698540372.077817491] [coordinator]: Receiving sync message: action_complete,a_navto
trials-all-1  | [robot-6] [INFO] [1698540372.081919528] [robot]: Receiving sync message. a_pick_up_sample,arm1,robot1
trials-all-1  | [coordinator-2] [INFO] [1698540372.082626534] [coordinator]: action_complete
trials-all-1  | [robot-6] [INFO] [1698540372.086768571] [robot]: not ready
trials-all-1  | [nurse-4] [INFO] [1698540372.088353585] [nurse]: Doing a_authenticate_nurse
trials-all-1  | [coordinator-2] [INFO] [1698540372.090656606] [coordinator]: a_approach_arm,robot1,arm1
trials-all-1  | [coordinator-2] [INFO] [1698540372.096854661] [coordinator]: plans_actions_current 1 of 11
trials-all-1  | [arm-1] [INFO] [1698540372.098483676] [arm]: not ready
trials-all-1  | [robot-6] [INFO] [1698540372.100452693] [robot]: Receiving sync message. a_authenticate_nurse,robot1,nurse1
trials-all-1  | [coordinator-2] [INFO] [1698540372.102330710] [coordinator]: a_open_drawer,robot1
trials-all-1  | [arm-1] [INFO] [1698540372.103593721] [arm]: Action result: False
trials-all-1  | [robot-6] [INFO] [1698540372.106537748] [robot]: not ready
trials-all-1  | [coordinator-2] [INFO] [1698540372.111706794] [coordinator]: a_pick_up_sample,arm1,robot1
trials-all-1  | [coordinator-2] [INFO] [1698540372.117673847] [coordinator]: a_close_drawer,robot1
trials-all-1  | [coordinator-2] [INFO] [1698540372.124457908] [coordinator]: Sending plans
trials-all-1  | [nurse-4] [INFO] [1698540372.116414836] [nurse]: not ready
trials-all-1  | [arm-1] [INFO] [1698540372.118488854] [arm]: Action: a_pick_up_sample
trials-all-1  | [nurse-4] [INFO] [1698540372.128075940] [nurse]: Action result: False
trials-all-1  | [arm-1] [INFO] [1698540372.128332942] [arm]: Doing a_pick_up_sample
trials-all-1  | [arm-1] [INFO] [1698540372.141587061] [arm]: Receiving message.
trials-all-1  | [arm-1] [INFO] [1698540372.149749134] [arm]: Arm's actions:
trials-all-1  | [coordinator-2] [INFO] [1698540372.142208066] [coordinator]: Plans sent
trials-all-1  | [nurse-4] [INFO] [1698540372.147349112] [nurse]: Receiving message.
trials-all-1  | [nurse-4] [INFO] [1698540372.150864144] [nurse]: Action: a_authenticate_nurse
trials-all-1  | [robot-6] [INFO] [1698540372.154694178] [robot]: Action: a_approach_nurse
trials-all-1  | [robot-6] [INFO] [1698540372.156479194] [robot]: Receiving message.
trials-all-1  | [nurse-4] [INFO] [1698540372.156867197] [nurse]: Nurse's actions:
trials-all-1  | [environment-3] [INFO] [1698540372.158131208] [environment]: Receiving message: monitor
trials-all-1  | [environment-3] [INFO] [1698540372.161927242] [environment]: Action: monitor
trials-all-1  | [nurse-4] [INFO] [1698540372.166583284] [nurse]: Doing a_authenticate_nurse
trials-all-1  | [robot-6] [INFO] [1698540372.170413318] [robot]: Robot's actions:
trials-all-1  | [robot-6] [INFO] [1698540372.175494363] [robot]: Doing a_approach_nurse
trials-all-1  | [coordinator-2] [INFO] [1698540372.173958350] [coordinator]: Found a problem
trials-all-1  | [nurse-4] [INFO] [1698540372.176854376] [nurse]: a_authenticate_nurse
trials-all-1  | [arm-1] [INFO] [1698540372.180103405] [arm]: a_approach_arm
trials-all-1  | [arm-1] [INFO] [1698540372.184909447] [arm]: a_pick_up_sample
trials-all-1  | [nurse-4] [INFO] [1698540372.182046422] [nurse]: a_deposit
trials-all-1  | [nurse-4] [INFO] [1698540372.185779455] [nurse]: a_open_door
trials-all-1  | [robot-6] [INFO] [1698540372.182538426] [robot]: a_navto
trials-all-1  | [robot-6] [INFO] [1698540372.186160459] [robot]: a_approach_nurse
trials-all-1  | [robot-6] [INFO] [1698540372.191379505] [robot]: a_authenticate_nurse
trials-all-1  | [environment-3] [INFO] [1698540372.193093521] [environment]: Receiving message: monitor
trials-all-1  | [robot-6] [INFO] [1698540372.196992555] [robot]: a_open_drawer
trials-all-1  | [robot-6] [INFO] [1698540372.204286620] [robot]: a_deposit
trials-all-1  | [environment-3] [INFO] [1698540372.208449658] [environment]: Action: monitor
trials-all-1  | [robot-6] [INFO] [1698540372.209104664] [robot]: a_close_drawer
trials-all-1  | [robot-6] [INFO] [1698540372.216157726] [robot]: a_navto
trials-all-1  | [robot-6] [INFO] [1698540372.221996779] [robot]: a_approach_arm
trials-all-1  | [coordinator-2] [INFO] [1698540372.222679785] [coordinator]: Found a problem
trials-all-1  | [robot-6] [INFO] [1698540372.226967823] [robot]: a_open_drawer
trials-all-1  | [robot-6] [INFO] [1698540372.232516873] [robot]: a_pick_up_sample
trials-all-1  | [environment-3] [INFO] [1698540372.235015895] [environment]: Receiving message: a_approach_nurse,robot1
trials-all-1  | [robot-6] [INFO] [1698540372.237227915] [robot]: a_close_drawer
trials-all-1  | [environment-3] [INFO] [1698540372.240539944] [environment]: Action: a_approach_nurse
trials-all-1  | [robot-6] [INFO] [1698540372.246036993] [robot]: Receiving sync message. a_pick_up_sample,arm1,robot1
trials-all-1  | [robot-6] [INFO] [1698540372.252050047] [robot]: not ready
trials-all-1  | [robot-6] [INFO] [1698540372.261516131] [robot]: Receiving sync message. a_authenticate_nurse,robot1,nurse1
trials-all-1  | [environment-3] [INFO] [1698540372.265631168] [environment]: Responding
trials-all-1  | [robot-6] [INFO] [1698540372.266544176] [robot]: not ready
trials-all-1  | [arm-1] [INFO] [1698540372.267548185] [arm]: not ready
trials-all-1  | [robot-6] [INFO] [1698540372.282519319] [robot]: success
trials-all-1  | [arm-1] [INFO] [1698540372.282888322] [arm]: Action result: False
trials-all-1  | [nurse-4] [INFO] [1698540372.283703330] [nurse]: not ready
trials-all-1  | [robot-6] [INFO] [1698540372.286546355] [robot]: Action result: True
trials-all-1  | [arm-1] [INFO] [1698540372.286903358] [arm]: Action: a_approach_arm
trials-all-1  | [nurse-4] [INFO] [1698540372.287466363] [nurse]: Action result: False
trials-all-1  | [environment-3] [INFO] [1698540372.289584382] [environment]: Receiving message: monitor
trials-all-1  | [coordinator-2] [INFO] [1698540372.300458479] [coordinator]: Receiving sync message: action_complete,a_approach_nurse
trials-all-1  | [arm-1] [INFO] [1698540372.311405577] [arm]: Doing a_approach_arm
trials-all-1  | [environment-3] [INFO] [1698540372.315821616] [environment]: Action: monitor
trials-all-1  | [nurse-4] [INFO] [1698540372.322475676] [nurse]: Action: a_authenticate_nurse
trials-all-1  | [coordinator-2] [INFO] [1698540372.325039699] [coordinator]: action_complete
trials-all-1  | [nurse-4] [INFO] [1698540372.332151762] [nurse]: Doing a_authenticate_nurse
trials-all-1  | [coordinator-2] [INFO] [1698540372.335768794] [coordinator]: plans_actions_current 1 of 11
trials-all-1  | [robot-6] [INFO] [1698540372.347536899] [robot]: Receiving sync message. a_authenticate_nurse,robot1,nurse1
trials-all-1  | [coordinator-2] [INFO] [1698540372.349886920] [coordinator]: Found a problem
trials-all-1  | [environment-3] [INFO] [1698540372.357022984] [environment]: Receiving message: a_approach_arm,robot1,arm1
trials-all-1  | [robot-6] [INFO] [1698540372.360716017] [robot]: not ready
trials-all-1  | [environment-3] [INFO] [1698540372.364832054] [environment]: Action: a_approach_arm
trials-all-1  | [robot-6] [INFO] [1698540372.372494122] [robot]: Action: a_navto
trials-all-1  | [nurse-4] [INFO] [1698540372.376306156] [nurse]: not ready
trials-all-1  | [robot-6] [INFO] [1698540372.383531221] [robot]: Doing a_navto
trials-all-1  | [nurse-4] [INFO] [1698540372.384328228] [nurse]: Action result: False
trials-all-1  | [environment-3] [INFO] [1698540372.393582311] [environment]: Responding
trials-all-1  | [nurse-4] [INFO] [1698540372.401712383] [nurse]: Action: a_authenticate_nurse
trials-all-1  | [nurse-4] [INFO] [1698540372.405412416] [nurse]: Doing a_authenticate_nurse
trials-all-1  | [environment-3] [INFO] [1698540372.402119387] [environment]: Receiving message: monitor
trials-all-1  | [environment-3] [INFO] [1698540372.406434425] [environment]: Action: monitor
trials-all-1  | [arm-1] [INFO] [1698540372.402927394] [arm]: success
trials-all-1  | [arm-1] [INFO] [1698540372.407025431] [arm]: Action result: True
trials-all-1  | [arm-1] [INFO] [1698540372.413569489] [arm]: Action: a_pick_up_sample
trials-all-1  | [robot-6] [INFO] [1698540372.411470470] [robot]: Receiving sync message. a_authenticate_nurse,robot1,nurse1
trials-all-1  | [robot-6] [INFO] [1698540372.415417506] [robot]: not ready
trials-all-1  | [coordinator-2] [INFO] [1698540372.416949519] [coordinator]: Found a problem
trials-all-1  | [arm-1] [INFO] [1698540372.428010618] [arm]: Doing a_pick_up_sample
trials-all-1  | [nurse-4] [INFO] [1698540372.432583659] [nurse]: not ready
trials-all-1  | [environment-3] [INFO] [1698540372.433612668] [environment]: Receiving message: a_navto,robot1,Room1
trials-all-1  | [environment-3] [INFO] [1698540372.438414711] [environment]: Action: a_navto
trials-all-1  | [environment-3] [INFO] [1698540372.443285754] [environment]: Responding
trials-all-1  | [nurse-4] [INFO] [1698540372.443860760] [nurse]: Action result: False
trials-all-1  | [robot-6] [INFO] [1698540372.447188789] [robot]: Receiving sync message. a_pick_up_sample,arm1,robot1
trials-all-1  | [nurse-4] [INFO] [1698540372.459770902] [nurse]: Action: a_authenticate_nurse
trials-all-1  | [robot-6] [INFO] [1698540372.468047975] [robot]: not ready
trials-all-1  | [nurse-4] [INFO] [1698540372.479449077] [nurse]: Doing a_authenticate_nurse
trials-all-1  | [arm-1] [INFO] [1698540372.481252093] [arm]: not ready
trials-all-1  | [environment-3] [INFO] [1698540372.495234218] [environment]: Receiving message: monitor
trials-all-1  | [robot-6] [INFO] [1698540372.496291228] [robot]: success
trials-all-1  | [arm-1] [INFO] [1698540372.499689258] [arm]: Action result: False
trials-all-1  | [robot-6] [INFO] [1698540372.503112289] [robot]: Action result: True
trials-all-1  | [arm-1] [INFO] [1698540372.508571337] [arm]: Action: a_pick_up_sample
trials-all-1  | [robot-6] [INFO] [1698540372.509432345] [robot]: Receiving sync message. a_authenticate_nurse,robot1,nurse1
trials-all-1  | [robot-6] [INFO] [1698540372.513192379] [robot]: not ready
trials-all-1  | [coordinator-2] [INFO] [1698540372.510538355] [coordinator]: Receiving sync message: action_complete,a_navto
trials-all-1  | [coordinator-2] [INFO] [1698540372.514256388] [coordinator]: action_complete
trials-all-1  | [coordinator-2] [INFO] [1698540372.520983448] [coordinator]: plans_actions_current 2 of 11
trials-all-1  | [arm-1] [INFO] [1698540372.522207459] [arm]: Doing a_pick_up_sample
trials-all-1  | [nurse-4] [INFO] [1698540372.522265460] [nurse]: not ready
trials-all-1  | [environment-3] [INFO] [1698540372.522952466] [environment]: Action: monitor
trials-all-1  | [nurse-4] [INFO] [1698540372.532535551] [nurse]: Action result: False
trials-all-1  | [nurse-4] [INFO] [1698540372.536150584] [nurse]: Action: a_authenticate_nurse
trials-all-1  | [coordinator-2] [INFO] [1698540372.535757580] [coordinator]: Found a problem
trials-all-1  | [nurse-4] [INFO] [1698540372.540509622] [nurse]: Doing a_authenticate_nurse
trials-all-1  | [environment-3] [INFO] [1698540372.549975707] [environment]: Receiving message: monitor
trials-all-1  | [robot-6] [INFO] [1698540372.550517712] [robot]: Action: a_approach_nurse
trials-all-1  | [robot-6] [INFO] [1698540372.557088770] [robot]: Doing a_approach_nurse
trials-all-1  | [robot-6] [INFO] [1698540372.568539873] [robot]: Receiving sync message. a_pick_up_sample,arm1,robot1
trials-all-1  | [robot-6] [INFO] [1698540372.575398934] [robot]: not ready
trials-all-1  | [robot-6] [INFO] [1698540372.585098021] [robot]: Receiving sync message. a_authenticate_nurse,robot1,nurse1
trials-all-1  | [arm-1] [INFO] [1698540372.589286058] [arm]: not ready
trials-all-1  | [robot-6] [INFO] [1698540372.590267067] [robot]: not ready
trials-all-1  | [arm-1] [INFO] [1698540372.601987171] [arm]: Action result: False
trials-all-1  | [nurse-4] [INFO] [1698540372.606921215] [nurse]: not ready
trials-all-1  | [arm-1] [INFO] [1698540372.608596230] [arm]: Action: a_pick_up_sample
trials-all-1  | [arm-1] [INFO] [1698540372.614887287] [arm]: Doing a_pick_up_sample
trials-all-1  | [nurse-4] [INFO] [1698540372.614915287] [nurse]: Action result: False
trials-all-1  | [robot-6] [INFO] [1698540372.629694419] [robot]: Receiving sync message. a_pick_up_sample,arm1,robot1
trials-all-1  | [nurse-4] [INFO] [1698540372.637012484] [nurse]: Action: a_authenticate_nurse
trials-all-1  | [nurse-4] [INFO] [1698540372.643578543] [nurse]: Doing a_authenticate_nurse
trials-all-1  | [robot-6] [INFO] [1698540372.643693544] [robot]: not ready
trials-all-1  | [environment-3] [INFO] [1698540372.652677624] [environment]: Action: monitor
trials-all-1  | [robot-6] [INFO] [1698540372.658860679] [robot]: Receiving sync message. a_authenticate_nurse,robot1,nurse1
trials-all-1  | [robot-6] [INFO] [1698540372.663007716] [robot]: not ready
trials-all-1  | [arm-1] [INFO] [1698540372.661262701] [arm]: not ready
trials-all-1  | [coordinator-2] [INFO] [1698540372.664842733] [coordinator]: Found a problem
trials-all-1  | [arm-1] [INFO] [1698540372.668840768] [arm]: Action result: False
trials-all-1  | [arm-1] [INFO] [1698540372.682377889] [arm]: Action: a_pick_up_sample
trials-all-1  | [nurse-4] [INFO] [1698540372.683952903] [nurse]: not ready
trials-all-1  | [nurse-4] [INFO] [1698540372.688789946] [nurse]: Action result: False
trials-all-1  | [arm-1] [INFO] [1698540372.694387996] [arm]: Doing a_pick_up_sample
trials-all-1  | [nurse-4] [INFO] [1698540372.699124039] [nurse]: Action: a_authenticate_nurse
trials-all-1  | [nurse-4] [INFO] [1698540372.705705097] [nurse]: Doing a_authenticate_nurse
trials-all-1  | [robot-6] [INFO] [1698540372.712267156] [robot]: Receiving sync message. a_pick_up_sample,arm1,robot1
trials-all-1  | [robot-6] [INFO] [1698540372.720629231] [robot]: not ready
trials-all-1  | [arm-1] [INFO] [1698540372.738683392] [arm]: not ready
trials-all-1  | [robot-6] [INFO] [1698540372.756525551] [robot]: Receiving sync message. a_authenticate_nurse,robot1,nurse1
trials-all-1  | [arm-1] [INFO] [1698540372.758857572] [arm]: Action result: False
trials-all-1  | [arm-1] [INFO] [1698540372.771860688] [arm]: Action: a_pick_up_sample
trials-all-1  | [robot-6] [INFO] [1698540372.772989698] [robot]: not ready
trials-all-1  | [environment-3] [INFO] [1698540372.781183771] [environment]: Receiving message: a_approach_nurse,robot1
trials-all-1  | [arm-1] [INFO] [1698540372.791277861] [arm]: Doing a_pick_up_sample
trials-all-1  | [nurse-4] [INFO] [1698540372.791711865] [nurse]: not ready
trials-all-1  | [robot-6] [INFO] [1698540372.799908939] [robot]: Receiving sync message. a_pick_up_sample,arm1,robot1
trials-all-1  | [nurse-4] [INFO] [1698540372.800070940] [nurse]: Action result: False
trials-all-1  | [environment-3] [INFO] [1698540372.802875965] [environment]: Action: a_approach_nurse
trials-all-1  | [robot-6] [INFO] [1698540372.804682981] [robot]: not ready
trials-all-1  | [environment-3] [INFO] [1698540372.808633016] [environment]: Responding
trials-all-1  | [environment-3] [INFO] [1698540372.820274120] [environment]: Receiving message: monitor
trials-all-1  | [nurse-4] [INFO] [1698540372.822486140] [nurse]: Action: a_authenticate_nurse
trials-all-1  | [arm-1] [INFO] [1698540372.823173146] [arm]: not ready
trials-all-1  | [robot-6] [INFO] [1698540372.825458167] [robot]: success
trials-all-1  | [nurse-4] [INFO] [1698540372.827448184] [nurse]: Doing a_authenticate_nurse
trials-all-1  | [robot-6] [INFO] [1698540372.835512256] [robot]: Action result: True
trials-all-1  | [arm-1] [INFO] [1698540372.838472283] [arm]: Action result: False
trials-all-1  | [coordinator-2] [INFO] [1698540372.846863358] [coordinator]: Receiving sync message: action_complete,a_approach_nurse
trials-all-1  | [coordinator-2] [INFO] [1698540372.850531390] [coordinator]: action_complete
trials-all-1  | [robot-6] [INFO] [1698540372.846979359] [robot]: Receiving sync message. a_authenticate_nurse,robot1,nurse1
trials-all-1  | [robot-6] [INFO] [1698540372.850541391] [robot]: not ready
trials-all-1  | [arm-1] [INFO] [1698540372.857586453] [arm]: Action: a_pick_up_sample
trials-all-1  | [arm-1] [INFO] [1698540372.864091512] [arm]: Doing a_pick_up_sample
trials-all-1  | [coordinator-2] [INFO] [1698540372.860235477] [coordinator]: plans_actions_current 3 of 11
trials-all-1  | [nurse-4] [INFO] [1698540372.861965493] [nurse]: not ready
trials-all-1  | [nurse-4] [INFO] [1698540372.865684526] [nurse]: Action result: False
trials-all-1  | [nurse-4] [INFO] [1698540372.870040565] [nurse]: Action: a_authenticate_nurse
trials-all-1  | [robot-6] [INFO] [1698540372.870761571] [robot]: Action: a_authenticate_nurse
trials-all-1  | [environment-3] [INFO] [1698540372.873009591] [environment]: Action: monitor
trials-all-1  | [coordinator-2] [INFO] [1698540372.881089663] [coordinator]: Found a problem
trials-all-1  | [robot-6] [INFO] [1698540372.891567757] [robot]: Receiving sync message. a_pick_up_sample,arm1,robot1
trials-all-1  | [environment-3] [INFO] [1698540372.893237772] [environment]: Receiving message: monitor
trials-all-1  | [nurse-4] [INFO] [1698540372.893829777] [nurse]: Doing a_authenticate_nurse
trials-all-1  | [environment-3] [INFO] [1698540372.899005823] [environment]: Action: monitor
trials-all-1  | [robot-6] [INFO] [1698540372.905508881] [robot]: Doing a_authenticate_nurse
trials-all-1  | [robot-6] [INFO] [1698540372.908247906] [robot]: not ready
trials-all-1  | [coordinator-2] [INFO] [1698540372.910734928] [coordinator]: Found a problem
trials-all-1  | [robot-6] [INFO] [1698540372.919965010] [robot]: Receiving sync message. a_authenticate_nurse,robot1,nurse1
trials-all-1  | [arm-1] [INFO] [1698540372.920713017] [arm]: not ready
trials-all-1  | [environment-3] [INFO] [1698540372.923108038] [environment]: Receiving message: monitor
trials-all-1  | [robot-6] [INFO] [1698540372.925961064] [robot]: wating for nurse1 to authenticate to robot1
trials-all-1  | [arm-1] [INFO] [1698540372.926259067] [arm]: Action result: False
trials-all-1  | [environment-3] [INFO] [1698540372.927444077] [environment]: Action: monitor
trials-all-1  | [robot-6] [INFO] [1698540372.932489122] [robot]: Action result: False
trials-all-1  | [robot-6] [INFO] [1698540372.936116155] [robot]: Action: a_authenticate_nurse
trials-all-1  | [arm-1] [INFO] [1698540372.935780152] [arm]: Action: a_pick_up_sample
trials-all-1  | [coordinator-2] [INFO] [1698540372.937186164] [coordinator]: Found a problem
trials-all-1  | [arm-1] [INFO] [1698540372.939492185] [arm]: Doing a_pick_up_sample
trials-all-1  | [robot-6] [INFO] [1698540372.945001234] [robot]: Authenticate nurse
trials-all-1  | [robot-6] [INFO] [1698540372.959758366] [robot]: Doing a_authenticate_nurse
trials-all-1  | [robot-6] [INFO] [1698540372.961928385] [robot]: Receiving sync message. a_pick_up_sample,arm1,robot1
trials-all-1  | [robot-6] [INFO] [1698540372.965413416] [robot]: not ready
trials-all-1  | [robot-6] [INFO] [1698540372.973313487] [robot]: Action result: True
trials-all-1  | [environment-3] [INFO] [1698540372.955679329] [environment]: Receiving message: monitor
trials-all-1  | [environment-3] [INFO] [1698540372.959497363] [environment]: Action: monitor
trials-all-1  | [nurse-4] [INFO] [1698540372.957575346] [nurse]: success
trials-all-1  | [nurse-4] [INFO] [1698540372.965751419] [nurse]: Action result: True
trials-all-1  | [nurse-4] [INFO] [1698540372.975610507] [nurse]: Action: a_deposit
trials-all-1  | [coordinator-2] [INFO] [1698540372.968657445] [coordinator]: Found a problem
trials-all-1  | [arm-1] [INFO] [1698540372.972481479] [arm]: not ready
trials-all-1  | [coordinator-2] [INFO] [1698540372.979317540] [coordinator]: Receiving sync message: action_complete,a_authenticate_nurse
trials-all-1  | [arm-1] [INFO] [1698540372.981627561] [arm]: Action result: False
trials-all-1  | [environment-3] [INFO] [1698540372.986858608] [environment]: Receiving message: monitor
trials-all-1  | [arm-1] [INFO] [1698540372.989894635] [arm]: Action: a_pick_up_sample
trials-all-1  | [coordinator-2] [INFO] [1698540372.989992636] [coordinator]: action_complete
trials-all-1  | [environment-3] [INFO] [1698540372.991292647] [environment]: Action: monitor
trials-all-1  | [nurse-4] [INFO] [1698540372.993247665] [nurse]: Doing a_deposit
trials-all-1  | [coordinator-2] [INFO] [1698540372.996065690] [coordinator]: plans_actions_current 4 of 11
trials-all-1  | [coordinator-2] [INFO] [1698540373.003218754] [coordinator]: Found a problem
trials-all-1  | [arm-1] [INFO] [1698540373.001217736] [arm]: Doing a_pick_up_sample
trials-all-1  | [robot-6] [INFO] [1698540373.003200754] [robot]: Receiving sync message. a_deposit,nurse1,robot1
trials-all-1  | [robot-6] [INFO] [1698540373.007050788] [robot]: not ready
trials-all-1  | [nurse-4] [INFO] [1698540373.018492890] [nurse]: not ready
trials-all-1  | [nurse-4] [INFO] [1698540373.023310933] [nurse]: Action result: False
trials-all-1  | [robot-6] [INFO] [1698540373.024545944] [robot]: Action: a_open_drawer
trials-all-1  | [robot-6] [INFO] [1698540373.029458987] [robot]: Doing a_open_drawer
trials-all-1  | [nurse-4] [INFO] [1698540373.029556988] [nurse]: Action: a_deposit
trials-all-1  | [robot-6] [INFO] [1698540373.033382022] [robot]: success
trials-all-1  | [nurse-4] [INFO] [1698540373.034185029] [nurse]: Doing a_deposit
trials-all-1  | [robot-6] [INFO] [1698540373.042717105] [robot]: Receiving sync message. a_pick_up_sample,arm1,robot1
trials-all-1  | [robot-6] [INFO] [1698540373.050045170] [robot]: not ready
trials-all-1  | [robot-6] [INFO] [1698540373.055674221] [robot]: Action result: True
trials-all-1  | [arm-1] [INFO] [1698540373.060880267] [arm]: not ready
trials-all-1  | [robot-6] [INFO] [1698540373.063170287] [robot]: Receiving sync message. a_deposit,nurse1,robot1
trials-all-1  | [robot-6] [INFO] [1698540373.069126340] [robot]: not ready
trials-all-1  | [arm-1] [INFO] [1698540373.070812355] [arm]: Action result: False
trials-all-1  | [environment-3] [INFO] [1698540373.076188403] [environment]: Receiving message: monitor
trials-all-1  | [coordinator-2] [INFO] [1698540373.079847436] [coordinator]: Receiving sync message: action_complete,a_open_drawer
trials-all-1  | [nurse-4] [INFO] [1698540373.084491477] [nurse]: not ready
trials-all-1  | [arm-1] [INFO] [1698540373.086188492] [arm]: Action: a_pick_up_sample
trials-all-1  | [coordinator-2] [INFO] [1698540373.087834507] [coordinator]: action_complete
trials-all-1  | [nurse-4] [INFO] [1698540373.088916516] [nurse]: Action result: False
trials-all-1  | [environment-3] [INFO] [1698540373.092761551] [environment]: Action: monitor
trials-all-1  | [coordinator-2] [INFO] [1698540373.098356600] [coordinator]: plans_actions_current 5 of 11
trials-all-1  | [nurse-4] [INFO] [1698540373.101561629] [nurse]: Action: a_deposit
trials-all-1  | [arm-1] [INFO] [1698540373.111917721] [arm]: Doing a_pick_up_sample
trials-all-1  | [robot-6] [INFO] [1698540373.113012731] [robot]: Action: a_deposit
trials-all-1  | [coordinator-2] [INFO] [1698540373.114256742] [coordinator]: Found a problem
trials-all-1  | [nurse-4] [INFO] [1698540373.114620745] [nurse]: Doing a_deposit
trials-all-1  | [robot-6] [INFO] [1698540373.119027784] [robot]: Doing a_deposit
trials-all-1  | [robot-6] [INFO] [1698540373.125931846] [robot]: wating for nurse1 to deposit in robot1
trials-all-1  | [robot-6] [INFO] [1698540373.132189901] [robot]: Receiving sync message. a_pick_up_sample,arm1,robot1
trials-all-1  | [robot-6] [INFO] [1698540373.137884952] [robot]: not ready
trials-all-1  | [arm-1] [INFO] [1698540373.148401046] [arm]: not ready
trials-all-1  | [arm-1] [INFO] [1698540373.154213097] [arm]: Action result: False
trials-all-1  | [robot-6] [INFO] [1698540373.148597047] [robot]: Action result: False
trials-all-1  | [environment-3] [INFO] [1698540373.158007131] [environment]: Receiving message: monitor
trials-all-1  | [robot-6] [INFO] [1698540373.161351161] [robot]: Action: a_deposit
trials-all-1  | [arm-1] [INFO] [1698540373.167853219] [arm]: Action: a_pick_up_sample
trials-all-1  | [robot-6] [INFO] [1698540373.168881228] [robot]: Doing a_deposit
trials-all-1  | [robot-6] [INFO] [1698540373.173532269] [robot]: Receiving sync message. a_deposit,nurse1,robot1
trials-all-1  | [robot-6] [INFO] [1698540373.178569314] [robot]: Deposit
trials-all-1  | [arm-1] [INFO] [1698540373.179187319] [arm]: Doing a_pick_up_sample
trials-all-1  | [robot-6] [INFO] [1698540373.190153417] [robot]: wating for nurse1 to deposit in robot1
trials-all-1  | [nurse-4] [INFO] [1698540373.191714431] [nurse]: success
trials-all-1  | [nurse-4] [INFO] [1698540373.196961478] [nurse]: Action result: True
trials-all-1  | [environment-3] [INFO] [1698540373.200051505] [environment]: Action: monitor
trials-all-1  | [nurse-4] [INFO] [1698540373.207737574] [nurse]: Action: a_open_door
trials-all-1  | [robot-6] [INFO] [1698540373.211276605] [robot]: Action result: False
trials-all-1  | [robot-6] [INFO] [1698540373.215197640] [robot]: Receiving sync message. a_pick_up_sample,arm1,robot1
trials-all-1  | [coordinator-2] [INFO] [1698540373.217988665] [coordinator]: Found a problem
trials-all-1  | [robot-6] [INFO] [1698540373.222755707] [robot]: not ready
trials-all-1  | [robot-6] [INFO] [1698540373.230833779] [robot]: Action: a_deposit
trials-all-1  | [arm-1] [INFO] [1698540373.232952798] [arm]: not ready
trials-all-1  | [robot-6] [INFO] [1698540373.237983843] [robot]: Doing a_deposit
trials-all-1  | [arm-1] [INFO] [1698540373.239937860] [arm]: Action result: False
trials-all-1  | [nurse-4] [INFO] [1698540373.240049861] [nurse]: Doing a_open_door
trials-all-1  | [arm-1] [INFO] [1698540373.245443909] [arm]: Action: a_pick_up_sample
trials-all-1  | [robot-6] [INFO] [1698540373.246528919] [robot]: Action result: True
trials-all-1  | [arm-1] [INFO] [1698540373.252998976] [arm]: Doing a_pick_up_sample
trials-all-1  | [coordinator-2] [INFO] [1698540373.257416016] [coordinator]: Receiving sync message: action_complete,a_deposit
trials-all-1  | [robot-6] [INFO] [1698540373.259966038] [robot]: Receiving sync message. a_pick_up_sample,arm1,robot1
trials-all-1  | [coordinator-2] [INFO] [1698540373.262722063] [coordinator]: action_complete
trials-all-1  | [robot-6] [INFO] [1698540373.267755108] [robot]: not ready
trials-all-1  | [coordinator-2] [INFO] [1698540373.274573168] [coordinator]: plans_actions_current 6 of 11
trials-all-1  | [arm-1] [INFO] [1698540373.276740187] [arm]: not ready
trials-all-1  | [arm-1] [INFO] [1698540373.280213218] [arm]: Action result: False
trials-all-1  | [arm-1] [INFO] [1698540373.284176254] [arm]: Action: a_pick_up_sample
trials-all-1  | [robot-6] [INFO] [1698540373.281748232] [robot]: Action: a_close_drawer
trials-all-1  | [robot-6] [INFO] [1698540373.286314273] [robot]: Doing a_close_drawer
trials-all-1  | [arm-1] [INFO] [1698540373.290945314] [arm]: Doing a_pick_up_sample
trials-all-1  | [environment-3] [INFO] [1698540373.297644373] [environment]: Receiving message: monitor
trials-all-1  | [robot-6] [INFO] [1698540373.300631400] [robot]: success
trials-all-1  | [robot-6] [INFO] [1698540373.306950456] [robot]: Receiving sync message. a_pick_up_sample,arm1,robot1
trials-all-1  | [robot-6] [INFO] [1698540373.320043573] [robot]: not ready
trials-all-1  | [robot-6] [INFO] [1698540373.324925616] [robot]: Action result: True
trials-all-1  | [arm-1] [INFO] [1698540373.331274673] [arm]: not ready
trials-all-1  | [arm-1] [INFO] [1698540373.335212708] [arm]: Action result: False
trials-all-1  | [coordinator-2] [INFO] [1698540373.331896678] [coordinator]: Receiving sync message: action_complete,a_close_drawer
trials-all-1  | [coordinator-2] [INFO] [1698540373.335693712] [coordinator]: action_complete
trials-all-1  | [coordinator-2] [INFO] [1698540373.339637747] [coordinator]: plans_actions_current 7 of 11
trials-all-1  | [arm-1] [INFO] [1698540373.342275771] [arm]: Action: a_pick_up_sample
trials-all-1  | [environment-3] [INFO] [1698540373.345031795] [environment]: Action: monitor
trials-all-1  | [arm-1] [INFO] [1698540373.349097831] [arm]: Doing a_pick_up_sample
trials-all-1  | [environment-3] [INFO] [1698540373.351426852] [environment]: Receiving message: a_open_door,nurse1,Room3
trials-all-1  | [robot-6] [INFO] [1698540373.357132903] [robot]: Receiving sync message. a_pick_up_sample,arm1,robot1
trials-all-1  | [robot-6] [INFO] [1698540373.360063929] [robot]: Action: a_navto
trials-all-1  | [robot-6] [INFO] [1698540373.364055964] [robot]: Doing a_navto
trials-all-1  | [coordinator-2] [INFO] [1698540373.361266940] [coordinator]: Found a problem
trials-all-1  | [robot-6] [INFO] [1698540373.366799989] [robot]: not ready
trials-all-1  | [environment-3] [INFO] [1698540373.369323011] [environment]: Action: a_open_door
trials-all-1  | [arm-1] [INFO] [1698540373.382966133] [arm]: not ready
trials-all-1  | [arm-1] [INFO] [1698540373.398178268] [arm]: Action result: False
trials-all-1  | [arm-1] [INFO] [1698540373.405542333] [arm]: Action: a_pick_up_sample
trials-all-1  | [arm-1] [INFO] [1698540373.413717406] [arm]: Doing a_pick_up_sample
trials-all-1  | [robot-6] [INFO] [1698540373.421332474] [robot]: Receiving sync message. a_pick_up_sample,arm1,robot1
trials-all-1  | [robot-6] [INFO] [1698540373.425865514] [robot]: not ready
trials-all-1  | [arm-1] [INFO] [1698540373.435674602] [arm]: not ready
trials-all-1  | [arm-1] [INFO] [1698540373.440937648] [arm]: Action result: False
trials-all-1  | [arm-1] [INFO] [1698540373.447663708] [arm]: Action: a_pick_up_sample
trials-all-1  | [arm-1] [INFO] [1698540373.452225749] [arm]: Doing a_pick_up_sample
trials-all-1  | [robot-6] [INFO] [1698540373.459075810] [robot]: Receiving sync message. a_pick_up_sample,arm1,robot1
trials-all-1  | [robot-6] [INFO] [1698540373.463486849] [robot]: not ready
trials-all-1  | [arm-1] [INFO] [1698540373.471707922] [arm]: not ready
trials-all-1  | [arm-1] [INFO] [1698540373.475851959] [arm]: Action result: False
trials-all-1  | [arm-1] [INFO] [1698540373.480794003] [arm]: Action: a_pick_up_sample
trials-all-1  | [arm-1] [INFO] [1698540373.485000040] [arm]: Doing a_pick_up_sample
trials-all-1  | [robot-6] [INFO] [1698540373.492345106] [robot]: Receiving sync message. a_pick_up_sample,arm1,robot1
trials-all-1  | [robot-6] [INFO] [1698540373.496708145] [robot]: not ready
trials-all-1  | [arm-1] [INFO] [1698540373.511028272] [arm]: not ready
trials-all-1  | [arm-1] [INFO] [1698540373.518445338] [arm]: Action result: False
trials-all-1  | [arm-1] [INFO] [1698540373.524863395] [arm]: Action: a_pick_up_sample
trials-all-1  | [arm-1] [INFO] [1698540373.529901440] [arm]: Doing a_pick_up_sample
trials-all-1  | [robot-6] [INFO] [1698540373.537287506] [robot]: Receiving sync message. a_pick_up_sample,arm1,robot1
trials-all-1  | [robot-6] [INFO] [1698540373.542179549] [robot]: not ready
trials-all-1  | [arm-1] [INFO] [1698540373.550367622] [arm]: not ready
trials-all-1  | [arm-1] [INFO] [1698540373.554315657] [arm]: Action result: False
trials-all-1  | [environment-3] [INFO] [1698540373.558004690] [environment]: Responding
trials-all-1  | [arm-1] [INFO] [1698540373.563536739] [arm]: Action: a_pick_up_sample
trials-all-1  | [arm-1] [INFO] [1698540373.568112780] [arm]: Doing a_pick_up_sample
trials-all-1  | [robot-6] [INFO] [1698540373.574419836] [robot]: Receiving sync message. a_pick_up_sample,arm1,robot1
trials-all-1  | [nurse-4] [INFO] [1698540373.574360836] [nurse]: success
trials-all-1  | [environment-3] [INFO] [1698540373.574954841] [environment]: Receiving message: monitor
trials-all-1  | [robot-6] [INFO] [1698540373.579061877] [robot]: not ready
trials-all-1  | [arm-1] [INFO] [1698540373.587992957] [arm]: not ready
trials-all-1  | [nurse-4] [INFO] [1698540373.589796973] [nurse]: Action result: True
trials-all-1  | [environment-3] [INFO] [1698540373.592175994] [environment]: Action: monitor
trials-all-1  | [arm-1] [INFO] [1698540373.592398996] [arm]: Action result: False
trials-all-1  | [arm-1] [INFO] [1698540373.605174110] [arm]: Action: a_pick_up_sample
trials-all-1  | [arm-1] [INFO] [1698540373.609967152] [arm]: Doing a_pick_up_sample
trials-all-1  | [environment-3] [INFO] [1698540373.610685159] [environment]: Receiving message: a_navto,robot1,Room3
trials-all-1  | [robot-6] [INFO] [1698540373.616574211] [robot]: Receiving sync message. a_pick_up_sample,arm1,robot1
trials-all-1  | [robot-6] [INFO] [1698540373.620964250] [robot]: not ready
trials-all-1  | [environment-3] [INFO] [1698540373.624277280] [environment]: Action: a_navto
trials-all-1  | [environment-3] [INFO] [1698540373.631469344] [environment]: Responding
trials-all-1  | [arm-1] [INFO] [1698540373.631511344] [arm]: not ready
trials-all-1  | [robot-6] [INFO] [1698540373.643706452] [robot]: success
trials-all-1  | [robot-6] [INFO] [1698540373.648479495] [robot]: Action result: True
trials-all-1  | [environment-3] [INFO] [1698540373.652917534] [environment]: Receiving message: monitor
trials-all-1  | [arm-1] [INFO] [1698540373.654194546] [arm]: Action result: False
trials-all-1  | [arm-1] [INFO] [1698540373.661836614] [arm]: Action: a_pick_up_sample
trials-all-1  | [coordinator-2] [INFO] [1698540373.664952642] [coordinator]: Receiving sync message: action_complete,a_navto
trials-all-1  | [arm-1] [INFO] [1698540373.666388654] [arm]: Doing a_pick_up_sample
trials-all-1  | [robot-6] [INFO] [1698540373.673758720] [robot]: Receiving sync message. a_pick_up_sample,arm1,robot1
trials-all-1  | [coordinator-2] [INFO] [1698540373.675141732] [coordinator]: action_complete
trials-all-1  | [environment-3] [INFO] [1698540373.676036740] [environment]: Action: monitor
trials-all-1  | [robot-6] [INFO] [1698540373.683162804] [robot]: not ready
trials-all-1  | [arm-1] [INFO] [1698540373.694354903] [arm]: not ready
trials-all-1  | [coordinator-2] [INFO] [1698540373.695010909] [coordinator]: plans_actions_current 8 of 11
trials-all-1  | [arm-1] [INFO] [1698540373.701878970] [arm]: Action result: False
trials-all-1  | [robot-6] [INFO] [1698540373.711133052] [robot]: Action: a_approach_arm
trials-all-1  | [robot-6] [INFO] [1698540373.716916104] [robot]: Doing a_approach_arm
trials-all-1  | [environment-3] [INFO] [1698540373.721834148] [environment]: Receiving message: monitor
trials-all-1  | [arm-1] [INFO] [1698540373.722652155] [arm]: Action: a_pick_up_sample
trials-all-1  | [arm-1] [INFO] [1698540373.726946193] [arm]: Doing a_pick_up_sample
trials-all-1  | [environment-3] [INFO] [1698540373.727642199] [environment]: Action: monitor
trials-all-1  | [robot-6] [INFO] [1698540373.740210311] [robot]: Receiving sync message. a_pick_up_sample,arm1,robot1
trials-all-1  | [robot-6] [INFO] [1698540373.744240347] [robot]: not ready
trials-all-1  | [arm-1] [INFO] [1698540373.751804414] [arm]: not ready
trials-all-1  | [environment-3] [INFO] [1698540373.755166444] [environment]: Receiving message: a_approach_arm,robot1,arm1
trials-all-1  | [arm-1] [INFO] [1698540373.756511456] [arm]: Action result: False
trials-all-1  | [arm-1] [INFO] [1698540373.765973540] [arm]: Action: a_pick_up_sample
trials-all-1  | [environment-3] [INFO] [1698540373.771291588] [environment]: Action: a_approach_arm
trials-all-1  | [arm-1] [INFO] [1698540373.773351606] [arm]: Doing a_pick_up_sample
trials-all-1  | [environment-3] [INFO] [1698540373.777291641] [environment]: Responding
trials-all-1  | [robot-6] [INFO] [1698540373.781641680] [robot]: Receiving sync message. a_pick_up_sample,arm1,robot1
trials-all-1  | [robot-6] [INFO] [1698540373.786766725] [robot]: not ready
trials-all-1  | [environment-3] [INFO] [1698540373.798447829] [environment]: Receiving message: monitor
trials-all-1  | [arm-1] [INFO] [1698540373.799212836] [arm]: not ready
trials-all-1  | [robot-6] [INFO] [1698540373.808476919] [robot]: success
trials-all-1  | [robot-6] [INFO] [1698540373.812022950] [robot]: Action result: True
trials-all-1  | [arm-1] [INFO] [1698540373.810058933] [arm]: Action result: False
trials-all-1  | [arm-1] [INFO] [1698540373.814200969] [arm]: Action: a_pick_up_sample
trials-all-1  | [arm-1] [INFO] [1698540373.817806002] [arm]: Doing a_pick_up_sample
trials-all-1  | [environment-3] [INFO] [1698540373.814858975] [environment]: Action: monitor
trials-all-1  | [coordinator-2] [INFO] [1698540373.823075048] [coordinator]: Receiving sync message: action_complete,a_approach_arm
trials-all-1  | [coordinator-2] [INFO] [1698540373.828199094] [coordinator]: action_complete
trials-all-1  | [robot-6] [INFO] [1698540373.829347104] [robot]: Receiving sync message. a_pick_up_sample,arm1,robot1
trials-all-1  | [robot-6] [INFO] [1698540373.834616151] [robot]: not ready
trials-all-1  | [arm-1] [INFO] [1698540373.843484230] [arm]: not ready
trials-all-1  | [coordinator-2] [INFO] [1698540373.845627249] [coordinator]: plans_actions_current 9 of 11
trials-all-1  | [arm-1] [INFO] [1698540373.847534266] [arm]: Action result: False
trials-all-1  | [robot-6] [INFO] [1698540373.856756348] [robot]: Action: a_open_drawer
trials-all-1  | [arm-1] [INFO] [1698540373.858953368] [arm]: Action: a_pick_up_sample
trials-all-1  | [arm-1] [INFO] [1698540373.864763419] [arm]: Doing a_pick_up_sample
trials-all-1  | [robot-6] [INFO] [1698540373.868786455] [robot]: Doing a_open_drawer
trials-all-1  | [robot-6] [INFO] [1698540373.873148494] [robot]: success
trials-all-1  | [environment-3] [INFO] [1698540373.876468523] [environment]: Receiving message: monitor
trials-all-1  | [robot-6] [INFO] [1698540373.882506577] [robot]: Receiving sync message. a_pick_up_sample,arm1,robot1
trials-all-1  | [environment-3] [INFO] [1698540373.882957581] [environment]: Action: monitor
trials-all-1  | [robot-6] [INFO] [1698540373.896450701] [robot]: not ready
trials-all-1  | [robot-6] [INFO] [1698540373.904004768] [robot]: Action result: True
trials-all-1  | [arm-1] [INFO] [1698540373.906520791] [arm]: not ready
trials-all-1  | [arm-1] [INFO] [1698540373.910369825] [arm]: Action result: False
trials-all-1  | [environment-3] [INFO] [1698540373.908747811] [environment]: Receiving message: monitor
trials-all-1  | [environment-3] [INFO] [1698540373.912336843] [environment]: Action: monitor
trials-all-1  | [coordinator-2] [INFO] [1698540373.909946821] [coordinator]: Receiving sync message: action_complete,a_open_drawer
trials-all-1  | [coordinator-2] [INFO] [1698540373.915553871] [coordinator]: action_complete
trials-all-1  | [arm-1] [INFO] [1698540373.922849936] [arm]: Action: a_pick_up_sample
trials-all-1  | [arm-1] [INFO] [1698540373.926917972] [arm]: Doing a_pick_up_sample
trials-all-1  | [coordinator-2] [INFO] [1698540373.924930955] [coordinator]: plans_actions_current 10 of 11
trials-all-1  | [robot-6] [INFO] [1698540373.933734033] [robot]: Receiving sync message. a_pick_up_sample,arm1,robot1
trials-all-1  | [robot-6] [INFO] [1698540373.937963071] [robot]: not ready
trials-all-1  | [arm-1] [INFO] [1698540373.953993213] [arm]: not ready
trials-all-1  | [arm-1] [INFO] [1698540373.958125250] [arm]: Action result: False
trials-all-1  | [environment-3] [INFO] [1698540373.955268225] [environment]: Receiving message: monitor
trials-all-1  | [environment-3] [INFO] [1698540373.959090259] [environment]: Action: monitor
trials-all-1  | [robot-6] [INFO] [1698540373.956383235] [robot]: Action: a_pick_up_sample
trials-all-1  | [robot-6] [INFO] [1698540373.966148321] [robot]: Doing a_pick_up_sample
trials-all-1  | [robot-6] [INFO] [1698540373.971169366] [robot]: wating for arm1 to pick up from robot1
trials-all-1  | [arm-1] [INFO] [1698540373.968936346] [arm]: Action: a_pick_up_sample
trials-all-1  | [arm-1] [INFO] [1698540373.972811381] [arm]: Doing a_pick_up_sample
trials-all-1  | [environment-3] [INFO] [1698540373.970880364] [environment]: Receiving message: monitor
trials-all-1  | [environment-3] [INFO] [1698540373.974747398] [environment]: Action: monitor
trials-all-1  | [robot-6] [INFO] [1698540373.987172508] [robot]: Receiving sync message. a_pick_up_sample,arm1,robot1
trials-all-1  | [robot-6] [INFO] [1698540373.992232553] [robot]: Pick up
trials-all-1  | [robot-6] [INFO] [1698540373.996757594] [robot]: Action result: False
trials-all-1  | [robot-6] [INFO] [1698540374.000351626] [robot]: Action: a_pick_up_sample
trials-all-1  | [robot-6] [INFO] [1698540374.010066712] [robot]: Doing a_pick_up_sample
trials-all-1  | [robot-6] [INFO] [1698540374.013679744] [robot]: Action result: True
trials-all-1  | [environment-3] [INFO] [1698540373.996420591] [environment]: Receiving message: monitor
trials-all-1  | [environment-3] [INFO] [1698540374.000431626] [environment]: Action: monitor
trials-all-1  | [environment-3] [INFO] [1698540374.021803816] [environment]: Receiving message: monitor
trials-all-1  | [arm-1] [INFO] [1698540374.000039623] [arm]: success
trials-all-1  | [arm-1] [INFO] [1698540374.010036712] [arm]: Action result: True
trials-all-1  | [coordinator-2] [INFO] [1698540374.019476795] [coordinator]: Receiving sync message: action_complete,a_pick_up_sample
trials-all-1  | [coordinator-2] [INFO] [1698540374.023199828] [coordinator]: action_complete
trials-all-1  | [coordinator-2] [INFO] [1698540374.032729913] [coordinator]: plans_actions_current 11 of 11
trials-all-1  | [coordinator-2] [INFO] [1698540374.037331954] [coordinator]: The time of execution of above program is:3.208685874938965
trials-all-1  | [coordinator-2] [INFO] [1698540374.041417990] [coordinator]: Achieved
trials-all-1  | [environment-3] [INFO] [1698540374.042389999] [environment]: Action: monitor
trials-all-1  | [coordinator-2] [INFO] [1698540374.049243059] [coordinator]: ENDSIM
trials-all-1  | [robot-6] [INFO] [1698540374.058214139] [robot]: Action: a_close_drawer
trials-all-1  | [robot-6] [INFO] [1698540374.062844180] [robot]: Doing a_close_drawer
trials-all-1  | [robot-6] [INFO] [1698540374.085794383] [robot]: success
trials-all-1  | [robot-6] [INFO] [1698540374.090681427] [robot]: Action result: True
trials-all-1  | [coordinator-2] [INFO] [1698540374.117169662] [coordinator]: Receiving sync message: action_complete,a_close_drawer
trials-all-1  | [coordinator-2] [INFO] [1698540374.122316707] [coordinator]: action_complete
trials-all-1  | [coordinator-2] [INFO] [1698540374.144567905] [coordinator]: plans_actions_current 12 of 11
trials-all-1  | [coordinator-2] [INFO] [1698540374.148152936] [coordinator]: The time of execution of above program is:3.320525884628296
trials-all-1  | [coordinator-2] [INFO] [1698540374.152867978] [coordinator]: Achieved
trials-all-1  | [coordinator-2] [INFO] [1698540374.177710198] [coordinator]: ENDSIM
trials-all-1 exited with code 0
