 Network trials_ros  Creating
 Network trials_ros  Created
 Container trials-all-1  Creating
 Container trials-all-1  Created
Attaching to trials-all-1
trials-all-1  | [INFO] [launch]: All log files can be found below /root/.ros/log/2023-10-29-00-54-43-127474-4d33e19114e7-1
trials-all-1  | [INFO] [launch]: Default logging verbosity is set to INFO
trials-all-1  | [INFO] [arm-1]: process started with pid [52]
trials-all-1  | [INFO] [coordinator-2]: process started with pid [54]
trials-all-1  | [INFO] [environment-3]: process started with pid [56]
trials-all-1  | [INFO] [nurse-4]: process started with pid [58]
trials-all-1  | [INFO] [planner-5]: process started with pid [60]
trials-all-1  | [INFO] [robot-6]: process started with pid [62]
trials-all-1  | [arm-1] [INFO] [1698540886.853167691] [arm]: Starting Arm server
trials-all-1  | [arm-1] [INFO] [1698540886.898357788] [arm]: Arm server started
trials-all-1  | [arm-1] [INFO] [1698540886.902403707] [arm]: Starting Nurse clients
trials-all-1  | [coordinator-2] [INFO] [1698540886.906727620] [coordinator]: Starting Coordinator server
trials-all-1  | [coordinator-2] [INFO] [1698540886.962802499] [coordinator]: Coordinator server started
trials-all-1  | [coordinator-2] [INFO] [1698540886.969665362] [coordinator]: Starting Coordinator clients
trials-all-1  | [environment-3] [INFO] [1698540887.002100714] [environment]: Starting Environment server
trials-all-1  | [nurse-4] [INFO] [1698540887.014423468] [nurse]: Starting Nurse server
trials-all-1  | [nurse-4] [INFO] [1698540887.044403869] [nurse]: Nurse server started
trials-all-1  | [nurse-4] [INFO] [1698540887.049265772] [nurse]: Starting Nurse clients
trials-all-1  | [environment-3] [INFO] [1698540887.051809721] [environment]: Environment server started
trials-all-1  | [robot-6] [INFO] [1698540887.134256075] [robot]: Starting Robot server
trials-all-1  | [robot-6] [INFO] [1698540887.176110239] [robot]: Robot server started
trials-all-1  | [robot-6] [INFO] [1698540887.182967103] [robot]: Starting Robots clients
trials-all-1  | [arm-1] [INFO] [1698540887.210298557] [arm]: Nurse clients started
trials-all-1  | [robot-6] [INFO] [1698540887.239856967] [robot]: Robots clients started
trials-all-1  | [nurse-4] [INFO] [1698540887.355336661] [nurse]: Nurse clients started
trials-all-1  | [nurse-4] [INFO] [1698540887.381609137] [nurse]: Sent request
trials-all-1  | [coordinator-2] [INFO] [1698540887.996112868] [coordinator]: planner sync service not available, waiting again...
trials-all-1  | [coordinator-2] [INFO] [1698540889.011839614] [coordinator]: planner sync service not available, waiting again...
trials-all-1  | [coordinator-2] [INFO] [1698540890.026655406] [coordinator]: planner sync service not available, waiting again...
trials-all-1  | [coordinator-2] [INFO] [1698540891.041114231] [coordinator]: planner sync service not available, waiting again...
trials-all-1  | [coordinator-2] [INFO] [1698540892.053188129] [coordinator]: planner sync service not available, waiting again...
trials-all-1  | [coordinator-2] [INFO] [1698540893.063970080] [coordinator]: planner sync service not available, waiting again...
trials-all-1  | [planner-5] Matplotlib is building the font cache; this may take a moment.
trials-all-1  | [coordinator-2] [INFO] [1698540894.077294005] [coordinator]: planner sync service not available, waiting again...
trials-all-1  | [coordinator-2] [INFO] [1698540895.090347963] [coordinator]: planner sync service not available, waiting again...
trials-all-1  | [coordinator-2] [INFO] [1698540896.103007954] [coordinator]: planner sync service not available, waiting again...
trials-all-1  | [planner-5] [INFO] [1698540896.656601028] [planner]: Starting Planner server
trials-all-1  | [planner-5] [INFO] [1698540896.672992704] [planner]: Planner server started
trials-all-1  | [coordinator-2] [INFO] [1698540897.118487915] [coordinator]: planner sync service not available, waiting again...
trials-all-1  | [coordinator-2] [INFO] [1698540898.129421991] [coordinator]: planner sync service not available, waiting again...
trials-all-1  | [coordinator-2] [INFO] [1698540898.987809094] [coordinator]: Coordinator clients started
trials-all-1  | [coordinator-2] [INFO] [1698540899.022120418] [coordinator]: Receiving message of nurse1 in room3.
trials-all-1  | [coordinator-2] [INFO] [1698540899.028527292] [coordinator]: Sending response
trials-all-1  | [coordinator-2] [INFO] [1698540899.036193142] [coordinator]: Planing
trials-all-1  | [nurse-4] [INFO] [1698540899.038660093] [nurse]: Request response:Okay!
trials-all-1  | [coordinator-2] [INFO] [1698540899.042771012] [coordinator]: Creating plan for: robot1, nurse1, arm1 
trials-all-1  | [planner-5] [INFO] [1698540899.051038850] [planner]: Receiving sync message. need_plan,robot1,nurse1,arm1
trials-all-1  | [planner-5] [INFO] [1698540899.055144769] [planner]: Creating plan for: robot1 robot1 nurse1
trials-all-1  | [planner-5] [INFO] [1698540899.066413548] [planner]: a_navto,robot1,Room1
trials-all-1  | [planner-5] [INFO] [1698540899.070634465] [planner]: a_approach_nurse,robot1
trials-all-1  | [planner-5] [INFO] [1698540899.074633386] [planner]: a_authenticate_nurse,robot1,nurse1
trials-all-1  | [planner-5] [INFO] [1698540899.078718306] [planner]: a_open_drawer,robot1
trials-all-1  | [planner-5] [INFO] [1698540899.082757226] [planner]: a_deposit,nurse1,robot1
trials-all-1  | [planner-5] [INFO] [1698540899.086707149] [planner]: a_close_drawer,robot1
trials-all-1  | [planner-5] [INFO] [1698540899.090787068] [planner]: a_navto,robot1,Room3
trials-all-1  | [planner-5] [INFO] [1698540899.094672992] [planner]: a_approach_arm,robot1,arm1
trials-all-1  | [planner-5] [INFO] [1698540899.098197923] [planner]: a_open_drawer,robot1
trials-all-1  | [planner-5] [INFO] [1698540899.102025847] [planner]: a_pick_up_sample,arm1,robot1
trials-all-1  | [planner-5] [INFO] [1698540899.106785754] [planner]: a_close_drawer,robot1
trials-all-1  | [planner-5] [INFO] [1698540899.110676677] [planner]: Sending response
trials-all-1  | [coordinator-2] [INFO] [1698540899.120409486] [coordinator]: Plan received for: robot1, nurse1, arm1 
trials-all-1  | [coordinator-2] [INFO] [1698540899.124095414] [coordinator]: a_navto,robot1,Room1/a_approach_nurse,robot1/a_authenticate_nurse,robot1,nurse1/a_open_drawer,robot1/a_deposit,nurse1,robot1/a_close_drawer,robot1/a_navto,robot1,Room3/a_approach_arm,robot1,arm1/a_open_drawer,robot1/a_pick_up_sample,arm1,robot1/a_close_drawer,robot1
trials-all-1  | [coordinator-2] [INFO] [1698540899.143340035] [coordinator]: a_navto,robot1,Room1
trials-all-1  | [coordinator-2] [INFO] [1698540899.147717949] [coordinator]: a_approach_nurse,robot1
trials-all-1  | [coordinator-2] [INFO] [1698540899.151649872] [coordinator]: a_authenticate_nurse,robot1,nurse1
trials-all-1  | [coordinator-2] [INFO] [1698540899.155869789] [coordinator]: a_open_drawer,robot1
trials-all-1  | [coordinator-2] [INFO] [1698540899.160156705] [coordinator]: a_deposit,nurse1,robot1
trials-all-1  | [coordinator-2] [INFO] [1698540899.163798633] [coordinator]: a_close_drawer,robot1
trials-all-1  | [coordinator-2] [INFO] [1698540899.167966551] [coordinator]: a_navto,robot1,Room3
trials-all-1  | [coordinator-2] [INFO] [1698540899.171405483] [coordinator]: a_approach_arm,robot1,arm1
trials-all-1  | [coordinator-2] [INFO] [1698540899.174783417] [coordinator]: a_open_drawer,robot1
trials-all-1  | [coordinator-2] [INFO] [1698540899.179060333] [coordinator]: a_pick_up_sample,arm1,robot1
trials-all-1  | [coordinator-2] [INFO] [1698540899.183345249] [coordinator]: a_close_drawer,robot1
trials-all-1  | [coordinator-2] [INFO] [1698540899.190546107] [coordinator]: Sending plans
trials-all-1  | [coordinator-2] [INFO] [1698540899.200447912] [coordinator]: Plans sent
trials-all-1  | [arm-1] [INFO] [1698540899.215042625] [arm]: Receiving message.
trials-all-1  | [arm-1] [INFO] [1698540899.219085546] [arm]: Arm's actions:
trials-all-1  | [environment-3] [INFO] [1698540899.218234563] [environment]: Receiving message: monitor
trials-all-1  | [arm-1] [INFO] [1698540899.230457322] [arm]: Action: a_approach_arm
trials-all-1  | [environment-3] [INFO] [1698540899.233081271] [environment]: Action: monitor
trials-all-1  | [robot-6] [INFO] [1698540899.235343226] [robot]: Receiving message.
trials-all-1  | [arm-1] [INFO] [1698540899.240210131] [arm]: a_approach_arm
trials-all-1  | [arm-1] [INFO] [1698540899.246774002] [arm]: Doing a_approach_arm
trials-all-1  | [robot-6] [INFO] [1698540899.249023957] [robot]: Robot's actions:
trials-all-1  | [coordinator-2] [INFO] [1698540899.250949920] [coordinator]: Found a problem
trials-all-1  | [coordinator-2] [INFO] [1698540899.258990761] [coordinator]: Updating planner state
trials-all-1  | [nurse-4] [INFO] [1698540899.260635729] [nurse]: Receiving message.
trials-all-1  | [nurse-4] [INFO] [1698540899.266823607] [nurse]: Nurse's actions:
trials-all-1  | [environment-3] [INFO] [1698540899.272587494] [environment]: Receiving message: a_approach_arm,robot1,arm1
trials-all-1  | [robot-6] [INFO] [1698540899.278842371] [robot]: a_navto
trials-all-1  | [planner-5] [INFO] [1698540899.280185345] [planner]: Receiving sync message. update_state,door_closed,Room3
trials-all-1  | [robot-6] [INFO] [1698540899.283479280] [robot]: Action: a_navto
trials-all-1  | [planner-5] [INFO] [1698540899.285577239] [planner]: door_closed
trials-all-1  | [nurse-4] [INFO] [1698540899.290364145] [nurse]: a_authenticate_nurse
trials-all-1  | [environment-3] [INFO] [1698540899.291671119] [environment]: Action: a_approach_arm
trials-all-1  | [robot-6] [INFO] [1698540899.293879076] [robot]: Doing a_navto
trials-all-1  | [nurse-4] [INFO] [1698540899.303098894] [nurse]: Action: a_authenticate_nurse
trials-all-1  | [robot-6] [INFO] [1698540899.304668863] [robot]: a_authenticate_nurse
trials-all-1  | [robot-6] [INFO] [1698540899.308349791] [robot]: a_open_drawer
trials-all-1  | [coordinator-2] [INFO] [1698540899.310955740] [coordinator]: Planner state updated
trials-all-1  | [robot-6] [INFO] [1698540899.312538709] [robot]: a_deposit
trials-all-1  | [coordinator-2] [INFO] [1698540899.317038620] [coordinator]: Planing
trials-all-1  | [nurse-4] [INFO] [1698540899.321351535] [nurse]: Doing a_authenticate_nurse
trials-all-1  | [coordinator-2] [INFO] [1698540899.325353457] [coordinator]: Creating plan for: robot1, nurse1, arm1 
trials-all-1  | [environment-3] [INFO] [1698540899.332859309] [environment]: Responding
trials-all-1  | [robot-6] [INFO] [1698540899.334938268] [robot]: a_close_drawer
trials-all-1  | [arm-1] [INFO] [1698540899.341544138] [arm]: success
trials-all-1  | [arm-1] [INFO] [1698540899.344986071] [arm]: Action result: True
trials-all-1  | [arm-1] [INFO] [1698540899.349848975] [arm]: Action: a_pick_up_sample
trials-all-1  | [arm-1] [INFO] [1698540899.353430905] [arm]: Doing a_pick_up_sample
trials-all-1  | [robot-6] [INFO] [1698540899.343081108] [robot]: a_navto
trials-all-1  | [robot-6] [INFO] [1698540899.347419023] [robot]: a_approach_arm
trials-all-1  | [robot-6] [INFO] [1698540899.351125950] [robot]: a_open_drawer
trials-all-1  | [environment-3] [INFO] [1698540899.343158107] [environment]: Receiving message: a_navto,robot1,Room1
trials-all-1  | [planner-5] [INFO] [1698540899.345659057] [planner]: Receiving sync message. need_plan,robot1,nurse1,arm1
trials-all-1  | [planner-5] [INFO] [1698540899.349854975] [planner]: Creating plan for: robot1 robot1 nurse1
trials-all-1  | [environment-3] [INFO] [1698540899.363723702] [environment]: Action: a_navto
trials-all-1  | [planner-5] [INFO] [1698540899.363939698] [planner]: a_navto,robot1,Room1
trials-all-1  | [environment-3] [INFO] [1698540899.368215614] [environment]: Responding
trials-all-1  | [planner-5] [INFO] [1698540899.373874503] [planner]: a_approach_nurse,robot1
trials-all-1  | [planner-5] [INFO] [1698540899.380320376] [planner]: a_authenticate_nurse,robot1,nurse1
trials-all-1  | [planner-5] [INFO] [1698540899.390099184] [planner]: a_open_drawer,robot1
trials-all-1  | [robot-6] [INFO] [1698540899.377113439] [robot]: a_pick_up_sample
trials-all-1  | [robot-6] [INFO] [1698540899.380630370] [robot]: a_close_drawer
trials-all-1  | [planner-5] [INFO] [1698540899.393924109] [planner]: a_deposit,nurse1,robot1
trials-all-1  | [robot-6] [INFO] [1698540899.401693956] [robot]: Receiving sync message. a_authenticate_nurse,robot1,nurse1
trials-all-1  | [planner-5] [INFO] [1698540899.402919932] [planner]: a_close_drawer,robot1
trials-all-1  | [robot-6] [INFO] [1698540899.407429843] [robot]: not ready
trials-all-1  | [planner-5] [INFO] [1698540899.409165809] [planner]: a_open_door,nurse1,Room3
trials-all-1  | [nurse-4] [INFO] [1698540899.417885637] [nurse]: not ready
trials-all-1  | [nurse-4] [INFO] [1698540899.423084535] [nurse]: Action result: False
trials-all-1  | [robot-6] [INFO] [1698540899.430100397] [robot]: Receiving sync message. a_pick_up_sample,arm1,robot1
trials-all-1  | [planner-5] [INFO] [1698540899.438765227] [planner]: a_navto,robot1,Room3
trials-all-1  | [robot-6] [INFO] [1698540899.442054162] [robot]: not ready
trials-all-1  | [planner-5] [INFO] [1698540899.445428096] [planner]: a_approach_arm,robot1,arm1
trials-all-1  | [nurse-4] [INFO] [1698540899.449255021] [nurse]: Action: a_authenticate_nurse
trials-all-1  | [planner-5] [INFO] [1698540899.449811010] [planner]: a_open_drawer,robot1
trials-all-1  | [planner-5] [INFO] [1698540899.453849930] [planner]: a_pick_up_sample,arm1,robot1
trials-all-1  | [arm-1] [INFO] [1698540899.459992810] [arm]: not ready
trials-all-1  | [arm-1] [INFO] [1698540899.464192727] [arm]: Action result: False
trials-all-1  | [nurse-4] [INFO] [1698540899.461404782] [nurse]: Doing a_authenticate_nurse
trials-all-1  | [planner-5] [INFO] [1698540899.464672718] [planner]: a_close_drawer,robot1
trials-all-1  | [robot-6] [INFO] [1698540899.464794715] [robot]: success
trials-all-1  | [robot-6] [INFO] [1698540899.468675639] [robot]: Action result: True
trials-all-1  | [robot-6] [INFO] [1698540899.476565484] [robot]: Receiving sync message. a_authenticate_nurse,robot1,nurse1
trials-all-1  | [coordinator-2] [INFO] [1698540899.478597444] [coordinator]: Receiving sync message: action_complete,a_navto
trials-all-1  | [planner-5] [INFO] [1698540899.479000436] [planner]: Sending response
trials-all-1  | [robot-6] [INFO] [1698540899.481192393] [robot]: not ready
trials-all-1  | [arm-1] [INFO] [1698540899.483763342] [arm]: Action: a_pick_up_sample
trials-all-1  | [coordinator-2] [INFO] [1698540899.495024121] [coordinator]: action_complete
trials-all-1  | [coordinator-2] [INFO] [1698540899.499119040] [coordinator]: plans_actions_current 1 of 11
trials-all-1  | [coordinator-2] [INFO] [1698540899.508767851] [coordinator]: Plan received for: robot1, nurse1, arm1 
trials-all-1  | [coordinator-2] [INFO] [1698540899.512185783] [coordinator]: a_navto,robot1,Room1/a_approach_nurse,robot1/a_authenticate_nurse,robot1,nurse1/a_open_drawer,robot1/a_deposit,nurse1,robot1/a_close_drawer,robot1/a_open_door,nurse1,Room3/a_navto,robot1,Room3/a_approach_arm,robot1,arm1/a_open_drawer,robot1/a_pick_up_sample,arm1,robot1/a_close_drawer,robot1
trials-all-1  | [coordinator-2] [INFO] [1698540899.516248704] [coordinator]: a_navto,robot1,Room1
trials-all-1  | [coordinator-2] [INFO] [1698540899.519929631] [coordinator]: a_approach_nurse,robot1
trials-all-1  | [arm-1] [INFO] [1698540899.502255979] [arm]: Doing a_pick_up_sample
trials-all-1  | [nurse-4] [INFO] [1698540899.504382937] [nurse]: not ready
trials-all-1  | [nurse-4] [INFO] [1698540899.511049806] [nurse]: Action result: False
trials-all-1  | [nurse-4] [INFO] [1698540899.515007728] [nurse]: Action: a_authenticate_nurse
trials-all-1  | [nurse-4] [INFO] [1698540899.519226645] [nurse]: Doing a_authenticate_nurse
trials-all-1  | [robot-6] [INFO] [1698540899.507230881] [robot]: Action: a_approach_nurse
trials-all-1  | [robot-6] [INFO] [1698540899.511130804] [robot]: Doing a_approach_nurse
trials-all-1  | [robot-6] [INFO] [1698540899.517468680] [robot]: Receiving sync message. a_pick_up_sample,arm1,robot1
trials-all-1  | [environment-3] [INFO] [1698540899.525189528] [environment]: Receiving message: a_approach_nurse,robot1
trials-all-1  | [coordinator-2] [INFO] [1698540899.525255527] [coordinator]: a_authenticate_nurse,robot1,nurse1
trials-all-1  | [environment-3] [INFO] [1698540899.529644440] [environment]: Action: a_approach_nurse
trials-all-1  | [robot-6] [INFO] [1698540899.533417366] [robot]: not ready
trials-all-1  | [coordinator-2] [INFO] [1698540899.535472326] [coordinator]: a_open_drawer,robot1
trials-all-1  | [environment-3] [INFO] [1698540899.537787280] [environment]: Responding
trials-all-1  | [coordinator-2] [INFO] [1698540899.541531207] [coordinator]: a_deposit,nurse1,robot1
trials-all-1  | [arm-1] [INFO] [1698540899.551061019] [arm]: not ready
trials-all-1  | [robot-6] [INFO] [1698540899.552827984] [robot]: Receiving sync message. a_authenticate_nurse,robot1,nurse1
trials-all-1  | [robot-6] [INFO] [1698540899.557702889] [robot]: not ready
trials-all-1  | [coordinator-2] [INFO] [1698540899.559456854] [coordinator]: a_close_drawer,robot1
trials-all-1  | [coordinator-2] [INFO] [1698540899.563156781] [coordinator]: a_open_door,nurse1,Room3
trials-all-1  | [arm-1] [INFO] [1698540899.566942707] [arm]: Action result: False
trials-all-1  | [coordinator-2] [INFO] [1698540899.569463657] [coordinator]: a_navto,robot1,Room3
trials-all-1  | [nurse-4] [INFO] [1698540899.578966471] [nurse]: not ready
trials-all-1  | [arm-1] [INFO] [1698540899.582069410] [arm]: Action: a_pick_up_sample
trials-all-1  | [nurse-4] [INFO] [1698540899.587197309] [nurse]: Action result: False
trials-all-1  | [robot-6] [INFO] [1698540899.593731180] [robot]: success
trials-all-1  | [robot-6] [INFO] [1698540899.598417088] [robot]: Action result: True
trials-all-1  | [arm-1] [INFO] [1698540899.594630163] [arm]: Doing a_pick_up_sample
trials-all-1  | [nurse-4] [INFO] [1698540899.595451146] [nurse]: Action: a_authenticate_nurse
trials-all-1  | [nurse-4] [INFO] [1698540899.602526007] [nurse]: Doing a_authenticate_nurse
trials-all-1  | [robot-6] [INFO] [1698540899.604663965] [robot]: Receiving sync message. a_pick_up_sample,arm1,robot1
trials-all-1  | [robot-6] [INFO] [1698540899.609950861] [robot]: not ready
trials-all-1  | [coordinator-2] [INFO] [1698540899.610061859] [coordinator]: Receiving sync message: action_complete,a_approach_nurse
trials-all-1  | [coordinator-2] [INFO] [1698540899.615406754] [coordinator]: action_complete
trials-all-1  | [coordinator-2] [INFO] [1698540899.618043702] [coordinator]: a_approach_arm,robot1,arm1
trials-all-1  | [arm-1] [INFO] [1698540899.626467537] [arm]: not ready
trials-all-1  | [robot-6] [INFO] [1698540899.626998526] [robot]: Receiving sync message. a_authenticate_nurse,robot1,nurse1
trials-all-1  | [coordinator-2] [INFO] [1698540899.630341460] [coordinator]: a_open_drawer,robot1
trials-all-1  | [robot-6] [INFO] [1698540899.631353441] [robot]: not ready
trials-all-1  | [arm-1] [INFO] [1698540899.634587377] [arm]: Action result: False
trials-all-1  | [coordinator-2] [INFO] [1698540899.644071191] [coordinator]: plans_actions_current 2 of 11
trials-all-1  | [coordinator-2] [INFO] [1698540899.656600944] [coordinator]: a_pick_up_sample,arm1,robot1
trials-all-1  | [coordinator-2] [INFO] [1698540899.660119875] [coordinator]: a_close_drawer,robot1
trials-all-1  | [coordinator-2] [INFO] [1698540899.671418653] [coordinator]: Sending plans
trials-all-1  | [nurse-4] [INFO] [1698540899.659167894] [nurse]: not ready
trials-all-1  | [nurse-4] [INFO] [1698540899.664944780] [nurse]: Action result: False
trials-all-1  | [nurse-4] [INFO] [1698540899.668728706] [nurse]: Action: a_authenticate_nurse
trials-all-1  | [nurse-4] [INFO] [1698540899.672370634] [nurse]: Doing a_authenticate_nurse
trials-all-1  | [arm-1] [INFO] [1698540899.662794822] [arm]: Action: a_pick_up_sample
trials-all-1  | [arm-1] [INFO] [1698540899.666697746] [arm]: Doing a_pick_up_sample
trials-all-1  | [robot-6] [INFO] [1698540899.664498789] [robot]: Action: a_authenticate_nurse
trials-all-1  | [robot-6] [INFO] [1698540899.667914722] [robot]: Doing a_authenticate_nurse
trials-all-1  | [robot-6] [INFO] [1698540899.671638649] [robot]: wating for nurse1 to authenticate to robot1
trials-all-1  | [coordinator-2] [INFO] [1698540899.679545493] [coordinator]: Plans sent
trials-all-1  | [arm-1] [INFO] [1698540899.680246479] [arm]: Receiving message.
trials-all-1  | [arm-1] [INFO] [1698540899.685863369] [arm]: Arm's actions:
trials-all-1  | [robot-6] [INFO] [1698540899.692165245] [robot]: Receiving sync message. a_pick_up_sample,arm1,robot1
trials-all-1  | [robot-6] [INFO] [1698540899.695548178] [robot]: not ready
trials-all-1  | [robot-6] [INFO] [1698540899.700901073] [robot]: Action result: False
trials-all-1  | [robot-6] [INFO] [1698540899.705110990] [robot]: Action: a_authenticate_nurse
trials-all-1  | [arm-1] [INFO] [1698540899.693007228] [arm]: a_approach_arm
trials-all-1  | [arm-1] [INFO] [1698540899.697704136] [arm]: a_pick_up_sample
trials-all-1  | [arm-1] [INFO] [1698540899.708190930] [arm]: not ready
trials-all-1  | [nurse-4] [INFO] [1698540899.695413181] [nurse]: Receiving message.
trials-all-1  | [nurse-4] [INFO] [1698540899.698997111] [nurse]: Nurse's actions:
trials-all-1  | [nurse-4] [INFO] [1698540899.703137029] [nurse]: a_authenticate_nurse
trials-all-1  | [robot-6] [INFO] [1698540899.708907916] [robot]: Doing a_authenticate_nurse
trials-all-1  | [arm-1] [INFO] [1698540899.713469826] [arm]: Action result: False
trials-all-1  | [robot-6] [INFO] [1698540899.717118754] [robot]: Receiving message.
trials-all-1  | [robot-6] [INFO] [1698540899.721115676] [robot]: Robot's actions:
trials-all-1  | [robot-6] [INFO] [1698540899.724698605] [robot]: a_navto
trials-all-1  | [arm-1] [INFO] [1698540899.718075736] [arm]: Action: a_approach_arm
trials-all-1  | [arm-1] [INFO] [1698540899.723866622] [arm]: Doing a_approach_arm
trials-all-1  | [nurse-4] [INFO] [1698540899.719770702] [nurse]: a_deposit
trials-all-1  | [nurse-4] [INFO] [1698540899.723244634] [nurse]: a_open_door
trials-all-1  | [robot-6] [INFO] [1698540899.732052461] [robot]: wating for nurse1 to authenticate to robot1
trials-all-1  | [robot-6] [INFO] [1698540899.742784250] [robot]: a_approach_nurse
trials-all-1  | [robot-6] [INFO] [1698540899.746263181] [robot]: Action result: False
trials-all-1  | [robot-6] [INFO] [1698540899.769907717] [robot]: Action: a_navto
trials-all-1  | [environment-3] [INFO] [1698540899.781476489] [environment]: Receiving message: monitor
trials-all-1  | [robot-6] [INFO] [1698540899.782445470] [robot]: a_authenticate_nurse
trials-all-1  | [environment-3] [INFO] [1698540899.787274375] [environment]: Action: monitor
trials-all-1  | [environment-3] [INFO] [1698540899.795056222] [environment]: Receiving message: a_approach_arm,robot1,arm1
trials-all-1  | [coordinator-2] [INFO] [1698540899.800990105] [coordinator]: Found a problem
trials-all-1  | [robot-6] [INFO] [1698540899.812912871] [robot]: Doing a_navto
trials-all-1  | [environment-3] [INFO] [1698540899.819718737] [environment]: Action: a_approach_arm
trials-all-1  | [environment-3] [INFO] [1698540899.824653640] [environment]: Responding
trials-all-1  | [robot-6] [INFO] [1698540899.821907694] [robot]: a_deposit
trials-all-1  | [robot-6] [INFO] [1698540899.829091553] [robot]: a_close_drawer
trials-all-1  | [arm-1] [INFO] [1698540899.834845440] [arm]: success
trials-all-1  | [robot-6] [INFO] [1698540899.837537387] [robot]: a_navto
trials-all-1  | [environment-3] [INFO] [1698540899.840801323] [environment]: Receiving message: monitor
trials-all-1  | [environment-3] [INFO] [1698540899.845007240] [environment]: Action: monitor
trials-all-1  | [robot-6] [INFO] [1698540899.846189217] [robot]: a_approach_arm
trials-all-1  | [robot-6] [INFO] [1698540899.855492034] [robot]: a_open_drawer
trials-all-1  | [arm-1] [INFO] [1698540899.852037102] [arm]: Action result: True
trials-all-1  | [arm-1] [INFO] [1698540899.855776028] [arm]: Action: a_pick_up_sample
trials-all-1  | [coordinator-2] [INFO] [1698540899.855395036] [coordinator]: Found a problem
trials-all-1  | [robot-6] [INFO] [1698540899.861747911] [robot]: a_pick_up_sample
trials-all-1  | [arm-1] [INFO] [1698540899.862271901] [arm]: Doing a_pick_up_sample
trials-all-1  | [environment-3] [INFO] [1698540899.862785891] [environment]: Receiving message: a_navto,robot1,Room1
trials-all-1  | [environment-3] [INFO] [1698540899.866512817] [environment]: Action: a_navto
trials-all-1  | [robot-6] [INFO] [1698540899.871700715] [robot]: a_close_drawer
trials-all-1  | [robot-6] [INFO] [1698540899.877913593] [robot]: Receiving sync message. a_authenticate_nurse,robot1,nurse1
trials-all-1  | [robot-6] [INFO] [1698540899.882139510] [robot]: not ready
trials-all-1  | [environment-3] [INFO] [1698540899.890007355] [environment]: Responding
trials-all-1  | [environment-3] [INFO] [1698540899.897555207] [environment]: Receiving message: monitor
trials-all-1  | [environment-3] [INFO] [1698540899.901013139] [environment]: Action: monitor
trials-all-1  | [robot-6] [INFO] [1698540899.896730223] [robot]: Receiving sync message. a_pick_up_sample,arm1,robot1
trials-all-1  | [robot-6] [INFO] [1698540899.900147156] [robot]: not ready
trials-all-1  | [nurse-4] [INFO] [1698540899.898070197] [nurse]: not ready
trials-all-1  | [arm-1] [INFO] [1698540899.911582931] [arm]: not ready
trials-all-1  | [coordinator-2] [INFO] [1698540899.914021883] [coordinator]: Found a problem
trials-all-1  | [arm-1] [INFO] [1698540899.917226820] [arm]: Action result: False
trials-all-1  | [nurse-4] [INFO] [1698540899.925374660] [nurse]: Action result: False
trials-all-1  | [arm-1] [INFO] [1698540899.929669576] [arm]: Action: a_pick_up_sample
trials-all-1  | [nurse-4] [INFO] [1698540899.931698536] [nurse]: Action: a_authenticate_nurse
trials-all-1  | [arm-1] [INFO] [1698540899.933409502] [arm]: Doing a_pick_up_sample
trials-all-1  | [robot-6] [INFO] [1698540899.938921394] [robot]: success
trials-all-1  | [environment-3] [INFO] [1698540899.939325386] [environment]: Receiving message: monitor
trials-all-1  | [nurse-4] [INFO] [1698540899.941477343] [nurse]: Doing a_authenticate_nurse
trials-all-1  | [environment-3] [INFO] [1698540899.942930315] [environment]: Action: monitor
trials-all-1  | [robot-6] [INFO] [1698540899.956927040] [robot]: Receiving sync message. a_authenticate_nurse,robot1,nurse1
trials-all-1  | [robot-6] [INFO] [1698540899.964947882] [robot]: Action result: True
trials-all-1  | [coordinator-2] [INFO] [1698540899.968074820] [coordinator]: Found a problem
trials-all-1  | [robot-6] [INFO] [1698540899.972419735] [robot]: not ready
trials-all-1  | [nurse-4] [INFO] [1698540899.986547457] [nurse]: not ready
trials-all-1  | [coordinator-2] [INFO] [1698540899.991836353] [coordinator]: Receiving sync message: action_complete,a_navto
trials-all-1  | [coordinator-2] [INFO] [1698540899.996382264] [coordinator]: action_complete
trials-all-1  | [nurse-4] [INFO] [1698540900.001148170] [nurse]: Action result: False
trials-all-1  | [nurse-4] [INFO] [1698540900.006394067] [nurse]: Action: a_authenticate_nurse
trials-all-1  | [robot-6] [INFO] [1698540900.003206130] [robot]: Receiving sync message. a_pick_up_sample,arm1,robot1
trials-all-1  | [robot-6] [INFO] [1698540900.009844999] [robot]: not ready
trials-all-1  | [coordinator-2] [INFO] [1698540900.010486987] [coordinator]: plans_actions_current 1 of 11
trials-all-1  | [environment-3] [INFO] [1698540900.015113896] [environment]: Receiving message: monitor
trials-all-1  | [nurse-4] [INFO] [1698540900.020838783] [nurse]: Doing a_authenticate_nurse
trials-all-1  | [arm-1] [INFO] [1698540900.024507711] [arm]: not ready
trials-all-1  | [arm-1] [INFO] [1698540900.030112601] [arm]: Action result: False
trials-all-1  | [robot-6] [INFO] [1698540900.035538495] [robot]: Receiving sync message. a_authenticate_nurse,robot1,nurse1
trials-all-1  | [arm-1] [INFO] [1698540900.036349479] [arm]: Action: a_pick_up_sample
trials-all-1  | [robot-6] [INFO] [1698540900.039733412] [robot]: not ready
trials-all-1  | [arm-1] [INFO] [1698540900.043806332] [arm]: Doing a_pick_up_sample
trials-all-1  | [environment-3] [INFO] [1698540900.046485280] [environment]: Action: monitor
trials-all-1  | [robot-6] [INFO] [1698540900.054600120] [robot]: Action: a_approach_nurse
trials-all-1  | [coordinator-2] [INFO] [1698540900.058482044] [coordinator]: Found a problem
trials-all-1  | [nurse-4] [INFO] [1698540900.061422987] [nurse]: not ready
trials-all-1  | [robot-6] [INFO] [1698540900.065282911] [robot]: Receiving sync message. a_pick_up_sample,arm1,robot1
trials-all-1  | [nurse-4] [INFO] [1698540900.070156815] [nurse]: Action result: False
trials-all-1  | [robot-6] [INFO] [1698540900.075376713] [robot]: Doing a_approach_nurse
trials-all-1  | [robot-6] [INFO] [1698540900.078349654] [robot]: not ready
trials-all-1  | [nurse-4] [INFO] [1698540900.089255440] [nurse]: Action: a_authenticate_nurse
trials-all-1  | [arm-1] [INFO] [1698540900.089980426] [arm]: not ready
trials-all-1  | [arm-1] [INFO] [1698540900.094077345] [arm]: Action result: False
trials-all-1  | [nurse-4] [INFO] [1698540900.094337340] [nurse]: Doing a_authenticate_nurse
trials-all-1  | [environment-3] [INFO] [1698540900.098208264] [environment]: Receiving message: monitor
trials-all-1  | [arm-1] [INFO] [1698540900.098587257] [arm]: Action: a_pick_up_sample
trials-all-1  | [robot-6] [INFO] [1698540900.104036150] [robot]: Receiving sync message. a_authenticate_nurse,robot1,nurse1
trials-all-1  | [environment-3] [INFO] [1698540900.109578041] [environment]: Action: monitor
trials-all-1  | [robot-6] [INFO] [1698540900.113325967] [robot]: not ready
trials-all-1  | [coordinator-2] [INFO] [1698540900.124337751] [coordinator]: Found a problem
trials-all-1  | [arm-1] [INFO] [1698540900.131922602] [arm]: Doing a_pick_up_sample
trials-all-1  | [nurse-4] [INFO] [1698540900.133095579] [nurse]: not ready
trials-all-1  | [nurse-4] [INFO] [1698540900.141637411] [nurse]: Action result: False
trials-all-1  | [nurse-4] [INFO] [1698540900.148320280] [nurse]: Action: a_authenticate_nurse
trials-all-1  | [robot-6] [INFO] [1698540900.154228164] [robot]: Receiving sync message. a_pick_up_sample,arm1,robot1
trials-all-1  | [nurse-4] [INFO] [1698540900.154666156] [nurse]: Doing a_authenticate_nurse
trials-all-1  | [robot-6] [INFO] [1698540900.165530942] [robot]: not ready
trials-all-1  | [environment-3] [INFO] [1698540900.174589764] [environment]: Receiving message: a_approach_nurse,robot1
trials-all-1  | [robot-6] [INFO] [1698540900.177488708] [robot]: Receiving sync message. a_authenticate_nurse,robot1,nurse1
trials-all-1  | [arm-1] [INFO] [1698540900.179803662] [arm]: not ready
trials-all-1  | [arm-1] [INFO] [1698540900.185465551] [arm]: Action result: False
trials-all-1  | [robot-6] [INFO] [1698540900.189066480] [robot]: not ready
trials-all-1  | [arm-1] [INFO] [1698540900.204401179] [arm]: Action: a_pick_up_sample
trials-all-1  | [nurse-4] [INFO] [1698540900.208217104] [nurse]: not ready
trials-all-1  | [arm-1] [INFO] [1698540900.217192928] [arm]: Doing a_pick_up_sample
trials-all-1  | [nurse-4] [INFO] [1698540900.218743897] [nurse]: Action result: False
trials-all-1  | [environment-3] [INFO] [1698540900.220493863] [environment]: Action: a_approach_nurse
trials-all-1  | [environment-3] [INFO] [1698540900.223877797] [environment]: Responding
trials-all-1  | [nurse-4] [INFO] [1698540900.225674761] [nurse]: Action: a_authenticate_nurse
trials-all-1  | [robot-6] [INFO] [1698540900.229389688] [robot]: Receiving sync message. a_pick_up_sample,arm1,robot1
trials-all-1  | [nurse-4] [INFO] [1698540900.230845660] [nurse]: Doing a_authenticate_nurse
trials-all-1  | [environment-3] [INFO] [1698540900.239205496] [environment]: Receiving message: monitor
trials-all-1  | [environment-3] [INFO] [1698540900.242890423] [environment]: Action: monitor
trials-all-1  | [robot-6] [INFO] [1698540900.245103380] [robot]: not ready
trials-all-1  | [robot-6] [INFO] [1698540900.254891188] [robot]: Receiving sync message. a_authenticate_nurse,robot1,nurse1
trials-all-1  | [robot-6] [INFO] [1698540900.258903109] [robot]: not ready
trials-all-1  | [arm-1] [INFO] [1698540900.256920148] [arm]: not ready
trials-all-1  | [coordinator-2] [INFO] [1698540900.261101066] [coordinator]: Found a problem
trials-all-1  | [arm-1] [INFO] [1698540900.269870894] [arm]: Action result: False
trials-all-1  | [nurse-4] [INFO] [1698540900.281429667] [nurse]: not ready
trials-all-1  | [arm-1] [INFO] [1698540900.280476685] [arm]: Action: a_pick_up_sample
trials-all-1  | [robot-6] [INFO] [1698540900.285980577] [robot]: success
trials-all-1  | [environment-3] [INFO] [1698540900.286704563] [environment]: Receiving message: monitor
trials-all-1  | [arm-1] [INFO] [1698540900.292384451] [arm]: Doing a_pick_up_sample
trials-all-1  | [nurse-4] [INFO] [1698540900.295624388] [nurse]: Action result: False
trials-all-1  | [nurse-4] [INFO] [1698540900.302300257] [nurse]: Action: a_authenticate_nurse
trials-all-1  | [robot-6] [INFO] [1698540900.302618251] [robot]: Action result: True
trials-all-1  | [robot-6] [INFO] [1698540900.312012066] [robot]: Receiving sync message. a_pick_up_sample,arm1,robot1
trials-all-1  | [robot-6] [INFO] [1698540900.315578996] [robot]: not ready
trials-all-1  | [nurse-4] [INFO] [1698540900.309693112] [nurse]: Doing a_authenticate_nurse
trials-all-1  | [coordinator-2] [INFO] [1698540900.314030026] [coordinator]: Receiving sync message: action_complete,a_approach_nurse
trials-all-1  | [coordinator-2] [INFO] [1698540900.318351942] [coordinator]: action_complete
trials-all-1  | [coordinator-2] [INFO] [1698540900.323134848] [coordinator]: plans_actions_current 2 of 11
trials-all-1  | [robot-6] [INFO] [1698540900.328968733] [robot]: Receiving sync message. a_authenticate_nurse,robot1,nurse1
trials-all-1  | [robot-6] [INFO] [1698540900.334264629] [robot]: not ready
trials-all-1  | [arm-1] [INFO] [1698540900.329574721] [arm]: not ready
trials-all-1  | [arm-1] [INFO] [1698540900.334244630] [arm]: Action result: False
trials-all-1  | [arm-1] [INFO] [1698540900.341218493] [arm]: Action: a_pick_up_sample
trials-all-1  | [robot-6] [INFO] [1698540900.354964223] [robot]: Action: a_authenticate_nurse
trials-all-1  | [nurse-4] [INFO] [1698540900.359262138] [nurse]: not ready
trials-all-1  | [robot-6] [INFO] [1698540900.359559132] [robot]: Doing a_authenticate_nurse
trials-all-1  | [arm-1] [INFO] [1698540900.362445076] [arm]: Doing a_pick_up_sample
trials-all-1  | [robot-6] [INFO] [1698540900.364900028] [robot]: wating for nurse1 to authenticate to robot1
trials-all-1  | [nurse-4] [INFO] [1698540900.370079926] [nurse]: Action result: False
trials-all-1  | [robot-6] [INFO] [1698540900.372978869] [robot]: Receiving sync message. a_pick_up_sample,arm1,robot1
trials-all-1  | [nurse-4] [INFO] [1698540900.376880792] [nurse]: Action: a_authenticate_nurse
trials-all-1  | [nurse-4] [INFO] [1698540900.382243687] [nurse]: Doing a_authenticate_nurse
trials-all-1  | [robot-6] [INFO] [1698540900.378847754] [robot]: Action result: False
trials-all-1  | [robot-6] [INFO] [1698540900.387455585] [robot]: not ready
trials-all-1  | [robot-6] [INFO] [1698540900.393700462] [robot]: Action: a_authenticate_nurse
trials-all-1  | [robot-6] [INFO] [1698540900.397723383] [robot]: Doing a_authenticate_nurse
trials-all-1  | [robot-6] [INFO] [1698540900.401634306] [robot]: wating for nurse1 to authenticate to robot1
trials-all-1  | [arm-1] [INFO] [1698540900.402158296] [arm]: not ready
trials-all-1  | [robot-6] [INFO] [1698540900.405740226] [robot]: Receiving sync message. a_authenticate_nurse,robot1,nurse1
trials-all-1  | [arm-1] [INFO] [1698540900.407382193] [arm]: Action result: False
trials-all-1  | [robot-6] [INFO] [1698540900.409609150] [robot]: Authenticate nurse
trials-all-1  | [robot-6] [INFO] [1698540900.416510014] [robot]: Action result: False
trials-all-1  | [robot-6] [INFO] [1698540900.421691912] [robot]: Action: a_authenticate_nurse
trials-all-1  | [environment-3] [INFO] [1698540900.425191844] [environment]: Action: monitor
trials-all-1  | [nurse-4] [INFO] [1698540900.430755735] [nurse]: success
trials-all-1  | [arm-1] [INFO] [1698540900.436275626] [arm]: Action: a_pick_up_sample
trials-all-1  | [coordinator-2] [INFO] [1698540900.439810557] [coordinator]: Found a problem
trials-all-1  | [robot-6] [INFO] [1698540900.443655481] [robot]: Doing a_authenticate_nurse
trials-all-1  | [nurse-4] [INFO] [1698540900.444860458] [nurse]: Action result: True
trials-all-1  | [arm-1] [INFO] [1698540900.447747401] [arm]: Doing a_pick_up_sample
trials-all-1  | [robot-6] [INFO] [1698540900.449327370] [robot]: Action result: True
trials-all-1  | [nurse-4] [INFO] [1698540900.455433250] [nurse]: Action: a_deposit
trials-all-1  | [environment-3] [INFO] [1698540900.456289233] [environment]: Receiving message: monitor
trials-all-1  | [coordinator-2] [INFO] [1698540900.458714186] [coordinator]: Receiving sync message: action_complete,a_authenticate_nurse
trials-all-1  | [nurse-4] [INFO] [1698540900.461052140] [nurse]: Doing a_deposit
trials-all-1  | [coordinator-2] [INFO] [1698540900.464776067] [coordinator]: action_complete
trials-all-1  | [robot-6] [INFO] [1698540900.470620952] [robot]: Receiving sync message. a_pick_up_sample,arm1,robot1
trials-all-1  | [environment-3] [INFO] [1698540900.471966925] [environment]: Action: monitor
trials-all-1  | [robot-6] [INFO] [1698540900.476322840] [robot]: not ready
trials-all-1  | [coordinator-2] [INFO] [1698540900.481607736] [coordinator]: plans_actions_current 3 of 11
trials-all-1  | [robot-6] [INFO] [1698540900.491420543] [robot]: Receiving sync message. a_deposit,nurse1,robot1
trials-all-1  | [arm-1] [INFO] [1698540900.493857495] [arm]: not ready
trials-all-1  | [robot-6] [INFO] [1698540900.495539462] [robot]: not ready
trials-all-1  | [coordinator-2] [INFO] [1698540900.501017355] [coordinator]: Found a problem
trials-all-1  | [arm-1] [INFO] [1698540900.501649342] [arm]: Action result: False
trials-all-1  | [robot-6] [INFO] [1698540900.512238135] [robot]: Action: a_open_drawer
trials-all-1  | [robot-6] [INFO] [1698540900.515942062] [robot]: Doing a_open_drawer
trials-all-1  | [arm-1] [INFO] [1698540900.518668008] [arm]: Action: a_pick_up_sample
trials-all-1  | [robot-6] [INFO] [1698540900.519378994] [robot]: success
trials-all-1  | [nurse-4] [INFO] [1698540900.519989982] [nurse]: not ready
trials-all-1  | [robot-6] [INFO] [1698540900.523746909] [robot]: Action result: True
trials-all-1  | [nurse-4] [INFO] [1698540900.524425895] [nurse]: Action result: False
trials-all-1  | [arm-1] [INFO] [1698540900.528838809] [arm]: Doing a_pick_up_sample
trials-all-1  | [coordinator-2] [INFO] [1698540900.530532775] [coordinator]: Receiving sync message: action_complete,a_open_drawer
trials-all-1  | [coordinator-2] [INFO] [1698540900.534849691] [coordinator]: action_complete
trials-all-1  | [nurse-4] [INFO] [1698540900.536071667] [nurse]: Action: a_deposit
trials-all-1  | [nurse-4] [INFO] [1698540900.541248565] [nurse]: Doing a_deposit
trials-all-1  | [environment-3] [INFO] [1698540900.542205546] [environment]: Receiving message: monitor
trials-all-1  | [robot-6] [INFO] [1698540900.543747516] [robot]: Receiving sync message. a_pick_up_sample,arm1,robot1
trials-all-1  | [coordinator-2] [INFO] [1698540900.551651361] [coordinator]: plans_actions_current 4 of 11
trials-all-1  | [robot-6] [INFO] [1698540900.553456325] [robot]: not ready
trials-all-1  | [environment-3] [INFO] [1698540900.559287211] [environment]: Action: monitor
trials-all-1  | [coordinator-2] [INFO] [1698540900.569120018] [coordinator]: Found a problem
trials-all-1  | [arm-1] [INFO] [1698540900.572816945] [arm]: not ready
trials-all-1  | [arm-1] [INFO] [1698540900.579380816] [arm]: Action result: False
trials-all-1  | [arm-1] [INFO] [1698540900.591770573] [arm]: Action: a_pick_up_sample
trials-all-1  | [robot-6] [INFO] [1698540900.593917531] [robot]: Receiving sync message. a_deposit,nurse1,robot1
trials-all-1  | [arm-1] [INFO] [1698540900.602868355] [arm]: Doing a_pick_up_sample
trials-all-1  | [robot-6] [INFO] [1698540900.604882315] [robot]: not ready
trials-all-1  | [nurse-4] [INFO] [1698540900.613936138] [nurse]: not ready
trials-all-1  | [nurse-4] [INFO] [1698540900.620346012] [nurse]: Action result: False
trials-all-1  | [environment-3] [INFO] [1698540900.626475891] [environment]: Receiving message: monitor
trials-all-1  | [nurse-4] [INFO] [1698540900.626477891] [nurse]: Action: a_deposit
trials-all-1  | [nurse-4] [INFO] [1698540900.631216798] [nurse]: Doing a_deposit
trials-all-1  | [robot-6] [INFO] [1698540900.642970568] [robot]: Action: a_deposit
trials-all-1  | [robot-6] [INFO] [1698540900.650558419] [robot]: Receiving sync message. a_pick_up_sample,arm1,robot1
trials-all-1  | [environment-3] [INFO] [1698540900.656961293] [environment]: Action: monitor
trials-all-1  | [robot-6] [INFO] [1698540900.658383265] [robot]: Doing a_deposit
trials-all-1  | [coordinator-2] [INFO] [1698540900.666795100] [coordinator]: Found a problem
trials-all-1  | [robot-6] [INFO] [1698540900.666879098] [robot]: not ready
trials-all-1  | [environment-3] [INFO] [1698540900.675017938] [environment]: Receiving message: monitor
trials-all-1  | [robot-6] [INFO] [1698540900.677473890] [robot]: wating for nurse1 to deposit in robot1
trials-all-1  | [environment-3] [INFO] [1698540900.678621868] [environment]: Action: monitor
trials-all-1  | [robot-6] [INFO] [1698540900.682488792] [robot]: Action result: False
trials-all-1  | [robot-6] [INFO] [1698540900.687611691] [robot]: Receiving sync message. a_deposit,nurse1,robot1
trials-all-1  | [arm-1] [INFO] [1698540900.687653690] [arm]: not ready
trials-all-1  | [coordinator-2] [INFO] [1698540900.690281639] [coordinator]: Found a problem
trials-all-1  | [robot-6] [INFO] [1698540900.693117583] [robot]: Deposit
trials-all-1  | [arm-1] [INFO] [1698540900.701025428] [arm]: Action result: False
trials-all-1  | [nurse-4] [INFO] [1698540900.702313402] [nurse]: success
trials-all-1  | [arm-1] [INFO] [1698540900.709642258] [arm]: Action: a_pick_up_sample
trials-all-1  | [robot-6] [INFO] [1698540900.709721257] [robot]: Action: a_deposit
trials-all-1  | [nurse-4] [INFO] [1698540900.713948174] [nurse]: Action result: True
trials-all-1  | [arm-1] [INFO] [1698540900.717946095] [arm]: Doing a_pick_up_sample
trials-all-1  | [environment-3] [INFO] [1698540900.720359048] [environment]: Receiving message: monitor
trials-all-1  | [nurse-4] [INFO] [1698540900.724058975] [nurse]: Action: a_open_door
trials-all-1  | [environment-3] [INFO] [1698540900.726077936] [environment]: Action: monitor
trials-all-1  | [coordinator-2] [INFO] [1698540900.738415693] [coordinator]: Found a problem
trials-all-1  | [robot-6] [INFO] [1698540900.738491692] [robot]: Doing a_deposit
trials-all-1  | [robot-6] [INFO] [1698540900.743616591] [robot]: Action result: True
trials-all-1  | [robot-6] [INFO] [1698540900.744913566] [robot]: Receiving sync message. a_pick_up_sample,arm1,robot1
trials-all-1  | [coordinator-2] [INFO] [1698540900.749678472] [coordinator]: Receiving sync message: action_complete,a_deposit
trials-all-1  | [robot-6] [INFO] [1698540900.750085464] [robot]: not ready
trials-all-1  | [nurse-4] [INFO] [1698540900.752046426] [nurse]: Doing a_open_door
trials-all-1  | [arm-1] [INFO] [1698540900.761889233] [arm]: not ready
trials-all-1  | [environment-3] [INFO] [1698540900.763281205] [environment]: Receiving message: monitor
trials-all-1  | [arm-1] [INFO] [1698540900.769768078] [arm]: Action result: False
trials-all-1  | [arm-1] [INFO] [1698540900.773856998] [arm]: Action: a_pick_up_sample
trials-all-1  | [arm-1] [INFO] [1698540900.778154913] [arm]: Doing a_pick_up_sample
trials-all-1  | [coordinator-2] [INFO] [1698540900.780369870] [coordinator]: action_complete
trials-all-1  | [coordinator-2] [INFO] [1698540900.784391791] [coordinator]: plans_actions_current 5 of 11
trials-all-1  | [environment-3] [INFO] [1698540900.787622727] [environment]: Action: monitor
trials-all-1  | [environment-3] [INFO] [1698540900.794720588] [environment]: Receiving message: a_open_door,nurse1,Room3
trials-all-1  | [robot-6] [INFO] [1698540900.797395535] [robot]: Action: a_close_drawer
trials-all-1  | [coordinator-2] [INFO] [1698540900.799318498] [coordinator]: Found a problem
trials-all-1  | [robot-6] [INFO] [1698540900.802060444] [robot]: Doing a_close_drawer
trials-all-1  | [robot-6] [INFO] [1698540900.805692372] [robot]: Receiving sync message. a_pick_up_sample,arm1,robot1
trials-all-1  | [robot-6] [INFO] [1698540900.810600276] [robot]: not ready
trials-all-1  | [robot-6] [INFO] [1698540900.815887172] [robot]: success
trials-all-1  | [arm-1] [INFO] [1698540900.819034110] [arm]: not ready
trials-all-1  | [robot-6] [INFO] [1698540900.821513062] [robot]: Action result: True
trials-all-1  | [coordinator-2] [INFO] [1698540900.834351810] [coordinator]: Receiving sync message: action_complete,a_close_drawer
trials-all-1  | [coordinator-2] [INFO] [1698540900.838837722] [coordinator]: action_complete
trials-all-1  | [arm-1] [INFO] [1698540900.840005699] [arm]: Action result: False
trials-all-1  | [arm-1] [INFO] [1698540900.844390613] [arm]: Action: a_pick_up_sample
trials-all-1  | [arm-1] [INFO] [1698540900.848215538] [arm]: Doing a_pick_up_sample
trials-all-1  | [coordinator-2] [INFO] [1698540900.848645529] [coordinator]: plans_actions_current 6 of 11
trials-all-1  | [environment-3] [INFO] [1698540900.852461454] [environment]: Action: a_open_door
trials-all-1  | [robot-6] [INFO] [1698540900.856326378] [robot]: Receiving sync message. a_pick_up_sample,arm1,robot1
trials-all-1  | [robot-6] [INFO] [1698540900.863791232] [robot]: not ready
trials-all-1  | [robot-6] [INFO] [1698540900.871467081] [robot]: Action: a_navto
trials-all-1  | [arm-1] [INFO] [1698540900.872045070] [arm]: not ready
trials-all-1  | [arm-1] [INFO] [1698540900.875944993] [arm]: Action result: False
trials-all-1  | [robot-6] [INFO] [1698540900.876222988] [robot]: Doing a_navto
trials-all-1  | [arm-1] [INFO] [1698540900.888173753] [arm]: Action: a_pick_up_sample
trials-all-1  | [arm-1] [INFO] [1698540900.892550667] [arm]: Doing a_pick_up_sample
trials-all-1  | [robot-6] [INFO] [1698540900.899992521] [robot]: Receiving sync message. a_pick_up_sample,arm1,robot1
trials-all-1  | [robot-6] [INFO] [1698540900.904833426] [robot]: not ready
trials-all-1  | [arm-1] [INFO] [1698540900.913247261] [arm]: not ready
trials-all-1  | [arm-1] [INFO] [1698540900.917087185] [arm]: Action result: False
trials-all-1  | [arm-1] [INFO] [1698540900.927134988] [arm]: Action: a_pick_up_sample
trials-all-1  | [arm-1] [INFO] [1698540900.930933913] [arm]: Doing a_pick_up_sample
trials-all-1  | [environment-3] [INFO] [1698540900.934826837] [environment]: Responding
trials-all-1  | [robot-6] [INFO] [1698540900.937857777] [robot]: Receiving sync message. a_pick_up_sample,arm1,robot1
trials-all-1  | [nurse-4] [INFO] [1698540900.942981677] [nurse]: success
trials-all-1  | [robot-6] [INFO] [1698540900.944879639] [robot]: not ready
trials-all-1  | [arm-1] [INFO] [1698540900.954384453] [arm]: not ready
trials-all-1  | [nurse-4] [INFO] [1698540900.954614448] [nurse]: Action result: True
trials-all-1  | [arm-1] [INFO] [1698540900.960633330] [arm]: Action result: False
trials-all-1  | [arm-1] [INFO] [1698540900.968888168] [arm]: Action: a_pick_up_sample
trials-all-1  | [arm-1] [INFO] [1698540900.974063066] [arm]: Doing a_pick_up_sample
trials-all-1  | [robot-6] [INFO] [1698540900.986965813] [robot]: Receiving sync message. a_pick_up_sample,arm1,robot1
trials-all-1  | [robot-6] [INFO] [1698540900.996520625] [robot]: not ready
trials-all-1  | [arm-1] [INFO] [1698540901.014843266] [arm]: not ready
trials-all-1  | [arm-1] [INFO] [1698540901.022116123] [arm]: Action result: False
trials-all-1  | [environment-3] [INFO] [1698540901.023613094] [environment]: Receiving message: monitor
trials-all-1  | [arm-1] [INFO] [1698540901.026061046] [arm]: Action: a_pick_up_sample
trials-all-1  | [arm-1] [INFO] [1698540901.036450842] [arm]: Doing a_pick_up_sample
trials-all-1  | [robot-6] [INFO] [1698540901.044365687] [robot]: Receiving sync message. a_pick_up_sample,arm1,robot1
trials-all-1  | [robot-6] [INFO] [1698540901.054931480] [robot]: not ready
trials-all-1  | [environment-3] [INFO] [1698540901.063979302] [environment]: Action: monitor
trials-all-1  | [arm-1] [INFO] [1698540901.064707288] [arm]: not ready
trials-all-1  | [arm-1] [INFO] [1698540901.075789071] [arm]: Action result: False
trials-all-1  | [arm-1] [INFO] [1698540901.079296002] [arm]: Action: a_pick_up_sample
trials-all-1  | [arm-1] [INFO] [1698540901.084359903] [arm]: Doing a_pick_up_sample
trials-all-1  | [robot-6] [INFO] [1698540901.091554762] [robot]: Receiving sync message. a_pick_up_sample,arm1,robot1
trials-all-1  | [robot-6] [INFO] [1698540901.095825678] [robot]: not ready
trials-all-1  | [arm-1] [INFO] [1698540901.111279375] [arm]: not ready
trials-all-1  | [arm-1] [INFO] [1698540901.117314256] [arm]: Action result: False
trials-all-1  | [arm-1] [INFO] [1698540901.125938087] [arm]: Action: a_pick_up_sample
trials-all-1  | [arm-1] [INFO] [1698540901.129797012] [arm]: Doing a_pick_up_sample
trials-all-1  | [environment-3] [INFO] [1698540901.135115907] [environment]: Receiving message: a_navto,robot1,Room3
trials-all-1  | [robot-6] [INFO] [1698540901.136680877] [robot]: Receiving sync message. a_pick_up_sample,arm1,robot1
trials-all-1  | [robot-6] [INFO] [1698540901.140562800] [robot]: not ready
trials-all-1  | [arm-1] [INFO] [1698540901.157177475] [arm]: not ready
trials-all-1  | [arm-1] [INFO] [1698540901.164020340] [arm]: Action result: False
trials-all-1  | [arm-1] [INFO] [1698540901.170462214] [arm]: Action: a_pick_up_sample
trials-all-1  | [arm-1] [INFO] [1698540901.176686092] [arm]: Doing a_pick_up_sample
trials-all-1  | [robot-6] [INFO] [1698540901.184215944] [robot]: Receiving sync message. a_pick_up_sample,arm1,robot1
trials-all-1  | [robot-6] [INFO] [1698540901.189712837] [robot]: not ready
trials-all-1  | [arm-1] [INFO] [1698540901.199635642] [arm]: not ready
trials-all-1  | [arm-1] [INFO] [1698540901.205842520] [arm]: Action result: False
trials-all-1  | [arm-1] [INFO] [1698540901.212272394] [arm]: Action: a_pick_up_sample
trials-all-1  | [arm-1] [INFO] [1698540901.218781267] [arm]: Doing a_pick_up_sample
trials-all-1  | [robot-6] [INFO] [1698540901.225701131] [robot]: Receiving sync message. a_pick_up_sample,arm1,robot1
trials-all-1  | [robot-6] [INFO] [1698540901.229931048] [robot]: not ready
trials-all-1  | [environment-3] [INFO] [1698540901.233153985] [environment]: Action: a_navto
trials-all-1  | [environment-3] [INFO] [1698540901.238182886] [environment]: Responding
trials-all-1  | [environment-3] [INFO] [1698540901.245174749] [environment]: Receiving message: monitor
trials-all-1  | [environment-3] [INFO] [1698540901.248796678] [environment]: Action: monitor
trials-all-1  | [arm-1] [INFO] [1698540901.246120730] [arm]: not ready
trials-all-1  | [robot-6] [INFO] [1698540901.247808697] [robot]: success
trials-all-1  | [arm-1] [INFO] [1698540901.258347491] [arm]: Action result: False
trials-all-1  | [robot-6] [INFO] [1698540901.263307393] [robot]: Action result: True
trials-all-1  | [arm-1] [INFO] [1698540901.272873206] [arm]: Action: a_pick_up_sample
trials-all-1  | [arm-1] [INFO] [1698540901.276317138] [arm]: Doing a_pick_up_sample
trials-all-1  | [coordinator-2] [INFO] [1698540901.273715189] [coordinator]: Receiving sync message: action_complete,a_navto
trials-all-1  | [coordinator-2] [INFO] [1698540901.277098123] [coordinator]: action_complete
trials-all-1  | [environment-3] [INFO] [1698540901.275781149] [environment]: Receiving message: monitor
trials-all-1  | [environment-3] [INFO] [1698540901.279834069] [environment]: Action: monitor
trials-all-1  | [robot-6] [INFO] [1698540901.289556879] [robot]: Receiving sync message. a_pick_up_sample,arm1,robot1
trials-all-1  | [coordinator-2] [INFO] [1698540901.293243806] [coordinator]: plans_actions_current 7 of 11
trials-all-1  | [robot-6] [INFO] [1698540901.308300511] [robot]: not ready
trials-all-1  | [arm-1] [INFO] [1698540901.316308354] [arm]: not ready
trials-all-1  | [arm-1] [INFO] [1698540901.320800266] [arm]: Action result: False
trials-all-1  | [robot-6] [INFO] [1698540901.316484351] [robot]: Action: a_approach_arm
trials-all-1  | [robot-6] [INFO] [1698540901.320559271] [robot]: Doing a_approach_arm
trials-all-1  | [environment-3] [INFO] [1698540901.317605329] [environment]: Receiving message: monitor
trials-all-1  | [environment-3] [INFO] [1698540901.321859245] [environment]: Action: monitor
trials-all-1  | [arm-1] [INFO] [1698540901.333531016] [arm]: Action: a_pick_up_sample
trials-all-1  | [arm-1] [INFO] [1698540901.337691935] [arm]: Doing a_pick_up_sample
trials-all-1  | [robot-6] [INFO] [1698540901.343347824] [robot]: Receiving sync message. a_pick_up_sample,arm1,robot1
trials-all-1  | [robot-6] [INFO] [1698540901.347088750] [robot]: not ready
trials-all-1  | [environment-3] [INFO] [1698540901.356744561] [environment]: Receiving message: a_approach_arm,robot1,arm1
trials-all-1  | [arm-1] [INFO] [1698540901.360693484] [arm]: not ready
trials-all-1  | [arm-1] [INFO] [1698540901.370398293] [arm]: Action result: False
trials-all-1  | [environment-3] [INFO] [1698540901.371651269] [environment]: Action: a_approach_arm
trials-all-1  | [arm-1] [INFO] [1698540901.377208160] [arm]: Action: a_pick_up_sample
trials-all-1  | [arm-1] [INFO] [1698540901.384694013] [arm]: Doing a_pick_up_sample
trials-all-1  | [environment-3] [INFO] [1698540901.392376862] [environment]: Responding
trials-all-1  | [robot-6] [INFO] [1698540901.393242845] [robot]: Receiving sync message. a_pick_up_sample,arm1,robot1
trials-all-1  | [environment-3] [INFO] [1698540901.400372705] [environment]: Receiving message: monitor
trials-all-1  | [robot-6] [INFO] [1698540901.401262688] [robot]: not ready
trials-all-1  | [arm-1] [INFO] [1698540901.415636406] [arm]: not ready
trials-all-1  | [arm-1] [INFO] [1698540901.419845324] [arm]: Action result: False
trials-all-1  | [arm-1] [INFO] [1698540901.426463194] [arm]: Action: a_pick_up_sample
trials-all-1  | [robot-6] [INFO] [1698540901.418843343] [robot]: success
trials-all-1  | [environment-3] [INFO] [1698540901.421419293] [environment]: Action: monitor
trials-all-1  | [robot-6] [INFO] [1698540901.432433077] [robot]: Action result: True
trials-all-1  | [robot-6] [INFO] [1698540901.441774894] [robot]: Receiving sync message. a_pick_up_sample,arm1,robot1
trials-all-1  | [robot-6] [INFO] [1698540901.445566819] [robot]: not ready
trials-all-1  | [arm-1] [INFO] [1698540901.434149043] [arm]: Doing a_pick_up_sample
trials-all-1  | [arm-1] [INFO] [1698540901.454838637] [arm]: not ready
trials-all-1  | [arm-1] [INFO] [1698540901.458640563] [arm]: Action result: False
trials-all-1  | [environment-3] [INFO] [1698540901.438203964] [environment]: Receiving message: monitor
trials-all-1  | [environment-3] [INFO] [1698540901.441816893] [environment]: Action: monitor
trials-all-1  | [coordinator-2] [INFO] [1698540901.438864951] [coordinator]: Receiving sync message: action_complete,a_approach_arm
trials-all-1  | [coordinator-2] [INFO] [1698540901.443598858] [coordinator]: action_complete
trials-all-1  | [coordinator-2] [INFO] [1698540901.454409646] [coordinator]: plans_actions_current 8 of 11
trials-all-1  | [environment-3] [INFO] [1698540901.470634328] [environment]: Receiving message: monitor
trials-all-1  | [environment-3] [INFO] [1698540901.474279256] [environment]: Action: monitor
trials-all-1  | [robot-6] [INFO] [1698540901.477229198] [robot]: Action: a_open_drawer
trials-all-1  | [arm-1] [INFO] [1698540901.481346118] [arm]: Action: a_pick_up_sample
trials-all-1  | [arm-1] [INFO] [1698540901.485117044] [arm]: Doing a_pick_up_sample
trials-all-1  | [environment-3] [INFO] [1698540901.499127769] [environment]: Receiving message: monitor
trials-all-1  | [robot-6] [INFO] [1698540901.501605720] [robot]: Receiving sync message. a_pick_up_sample,arm1,robot1
trials-all-1  | [robot-6] [INFO] [1698540901.505649641] [robot]: Doing a_open_drawer
trials-all-1  | [robot-6] [INFO] [1698540901.520603348] [robot]: success
trials-all-1  | [environment-3] [INFO] [1698540901.521227335] [environment]: Action: monitor
trials-all-1  | [robot-6] [INFO] [1698540901.532299118] [robot]: not ready
trials-all-1  | [robot-6] [INFO] [1698540901.541852931] [robot]: Action result: True
trials-all-1  | [arm-1] [INFO] [1698540901.542395920] [arm]: not ready
trials-all-1  | [arm-1] [INFO] [1698540901.546335843] [arm]: Action result: False
trials-all-1  | [environment-3] [INFO] [1698540901.544431880] [environment]: Receiving message: monitor
trials-all-1  | [coordinator-2] [INFO] [1698540901.547482821] [coordinator]: Receiving sync message: action_complete,a_open_drawer
trials-all-1  | [environment-3] [INFO] [1698540901.548666797] [environment]: Action: monitor
trials-all-1  | [coordinator-2] [INFO] [1698540901.556473644] [coordinator]: action_complete
trials-all-1  | [arm-1] [INFO] [1698540901.557389626] [arm]: Action: a_pick_up_sample
trials-all-1  | [arm-1] [INFO] [1698540901.560918557] [arm]: Doing a_pick_up_sample
trials-all-1  | [coordinator-2] [INFO] [1698540901.568983399] [coordinator]: plans_actions_current 9 of 11
trials-all-1  | [robot-6] [INFO] [1698540901.571121357] [robot]: Receiving sync message. a_pick_up_sample,arm1,robot1
trials-all-1  | [robot-6] [INFO] [1698540901.583166121] [robot]: not ready
trials-all-1  | [environment-3] [INFO] [1698540901.593846911] [environment]: Receiving message: monitor
trials-all-1  | [environment-3] [INFO] [1698540901.597349843] [environment]: Action: monitor
trials-all-1  | [arm-1] [INFO] [1698540901.594097906] [arm]: not ready
trials-all-1  | [arm-1] [INFO] [1698540901.597834833] [arm]: Action result: False
trials-all-1  | [robot-6] [INFO] [1698540901.596425861] [robot]: Action: a_pick_up_sample
trials-all-1  | [arm-1] [INFO] [1698540901.608839617] [arm]: Action: a_pick_up_sample
trials-all-1  | [arm-1] [INFO] [1698540901.612623543] [arm]: Doing a_pick_up_sample
trials-all-1  | [robot-6] [INFO] [1698540901.609061613] [robot]: Doing a_pick_up_sample
trials-all-1  | [robot-6] [INFO] [1698540901.619077417] [robot]: wating for arm1 to pick up from robot1
trials-all-1  | [environment-3] [INFO] [1698540901.619496408] [environment]: Receiving message: monitor
trials-all-1  | [robot-6] [INFO] [1698540901.626364274] [robot]: Receiving sync message. a_pick_up_sample,arm1,robot1
trials-all-1  | [robot-6] [INFO] [1698540901.632840147] [robot]: Action result: False
trials-all-1  | [robot-6] [INFO] [1698540901.639780011] [robot]: Pick up
trials-all-1  | [robot-6] [INFO] [1698540901.650904792] [robot]: Action: a_pick_up_sample
trials-all-1  | [robot-6] [INFO] [1698540901.654461723] [robot]: Doing a_pick_up_sample
trials-all-1  | [environment-3] [INFO] [1698540901.643644935] [environment]: Action: monitor
trials-all-1  | [arm-1] [INFO] [1698540901.651326784] [arm]: success
trials-all-1  | [arm-1] [INFO] [1698540901.654830715] [arm]: Action result: True
trials-all-1  | [robot-6] [INFO] [1698540901.658116651] [robot]: Action result: True
trials-all-1  | [environment-3] [INFO] [1698540901.664197532] [environment]: Receiving message: monitor
trials-all-1  | [environment-3] [INFO] [1698540901.667694463] [environment]: Action: monitor
trials-all-1  | [coordinator-2] [INFO] [1698540901.664798520] [coordinator]: Receiving sync message: action_complete,a_pick_up_sample
trials-all-1  | [coordinator-2] [INFO] [1698540901.668224453] [coordinator]: action_complete
trials-all-1  | [coordinator-2] [INFO] [1698540901.680557211] [coordinator]: plans_actions_current 10 of 11
trials-all-1  | [robot-6] [INFO] [1698540901.689179042] [robot]: Action: a_close_drawer
trials-all-1  | [robot-6] [INFO] [1698540901.692886969] [robot]: Doing a_close_drawer
trials-all-1  | [robot-6] [INFO] [1698540901.696302902] [robot]: success
trials-all-1  | [robot-6] [INFO] [1698540901.709861636] [robot]: Action result: True
trials-all-1  | [environment-3] [INFO] [1698540901.716521506] [environment]: Receiving message: monitor
trials-all-1  | [environment-3] [INFO] [1698540901.719936439] [environment]: Action: monitor
trials-all-1  | [coordinator-2] [INFO] [1698540901.718022476] [coordinator]: Receiving sync message: action_complete,a_close_drawer
trials-all-1  | [coordinator-2] [INFO] [1698540901.723110376] [coordinator]: action_complete
trials-all-1  | [coordinator-2] [INFO] [1698540901.733559172] [coordinator]: plans_actions_current 11 of 11
trials-all-1  | [coordinator-2] [INFO] [1698540901.737694090] [coordinator]: The time of execution of above program is:2.7171566486358643
trials-all-1  | [coordinator-2] [INFO] [1698540901.741986006] [coordinator]: Achieved
trials-all-1  | [coordinator-2] [INFO] [1698540901.746045927] [coordinator]: ENDSIM
trials-all-1 exited with code 0
