 Network trials_ros  Creating
 Network trials_ros  Created
 Container trials-all-1  Creating
 Container trials-all-1  Created
Attaching to trials-all-1
trials-all-1  | [INFO] [launch]: All log files can be found below /root/.ros/log/2023-10-28-21-12-03-701629-92139255cb72-1
trials-all-1  | [INFO] [launch]: Default logging verbosity is set to INFO
trials-all-1  | [INFO] [arm-1]: process started with pid [52]
trials-all-1  | [INFO] [coordinator-2]: process started with pid [54]
trials-all-1  | [INFO] [environment-3]: process started with pid [56]
trials-all-1  | [INFO] [nurse-4]: process started with pid [58]
trials-all-1  | [INFO] [planner-5]: process started with pid [60]
trials-all-1  | [INFO] [robot-6]: process started with pid [62]
trials-all-1  | [robot-6] [INFO] [1698527528.034193029] [robot]: Starting Robot server
trials-all-1  | [robot-6] [INFO] [1698527528.099228422] [robot]: Robot server started
trials-all-1  | [robot-6] [INFO] [1698527528.110387318] [robot]: Starting Robots clients
trials-all-1  | [arm-1] [INFO] [1698527528.130364132] [arm]: Starting Arm server
trials-all-1  | [environment-3] [INFO] [1698527528.165312806] [environment]: Starting Environment server
trials-all-1  | [arm-1] [INFO] [1698527528.170659757] [arm]: Arm server started
trials-all-1  | [arm-1] [INFO] [1698527528.178509683] [arm]: Starting Nurse clients
trials-all-1  | [environment-3] [INFO] [1698527528.219993297] [environment]: Environment server started
trials-all-1  | [arm-1] [INFO] [1698527528.332920244] [arm]: Nurse clients started
trials-all-1  | [coordinator-2] [INFO] [1698527528.379428811] [coordinator]: Starting Coordinator server
trials-all-1  | [nurse-4] [INFO] [1698527528.434810294] [nurse]: Starting Nurse server
trials-all-1  | [coordinator-2] [INFO] [1698527528.462548036] [coordinator]: Coordinator server started
trials-all-1  | [coordinator-2] [INFO] [1698527528.467694988] [coordinator]: Starting Coordinator clients
trials-all-1  | [nurse-4] [INFO] [1698527528.513289563] [nurse]: Nurse server started
trials-all-1  | [nurse-4] [INFO] [1698527528.522960473] [nurse]: Starting Nurse clients
trials-all-1  | [nurse-4] [INFO] [1698527528.610191660] [nurse]: Nurse clients started
trials-all-1  | [nurse-4] [INFO] [1698527528.635083428] [nurse]: Sent request
trials-all-1  | [robot-6] [INFO] [1698527528.713263699] [robot]: Robots clients started
trials-all-1  | [coordinator-2] [INFO] [1698527529.511900168] [coordinator]: planner sync service not available, waiting again...
trials-all-1  | [coordinator-2] [INFO] [1698527530.534181372] [coordinator]: planner sync service not available, waiting again...
trials-all-1  | [coordinator-2] [INFO] [1698527531.566533300] [coordinator]: planner sync service not available, waiting again...
trials-all-1  | [coordinator-2] [INFO] [1698527532.586044174] [coordinator]: planner sync service not available, waiting again...
trials-all-1  | [coordinator-2] [INFO] [1698527533.602772900] [coordinator]: planner sync service not available, waiting again...
trials-all-1  | [coordinator-2] [INFO] [1698527534.621633428] [coordinator]: planner sync service not available, waiting again...
trials-all-1  | [planner-5] Matplotlib is building the font cache; this may take a moment.
trials-all-1  | [coordinator-2] [INFO] [1698527535.638223804] [coordinator]: planner sync service not available, waiting again...
trials-all-1  | [coordinator-2] [INFO] [1698527536.659526955] [coordinator]: planner sync service not available, waiting again...
trials-all-1  | [coordinator-2] [INFO] [1698527537.682352913] [coordinator]: planner sync service not available, waiting again...
trials-all-1  | [coordinator-2] [INFO] [1698527538.703853710] [coordinator]: planner sync service not available, waiting again...
trials-all-1  | [planner-5] [INFO] [1698527539.527060549] [planner]: Starting Planner server
trials-all-1  | [planner-5] [INFO] [1698527539.557776206] [planner]: Planner server started
trials-all-1  | [coordinator-2] [INFO] [1698527539.819490277] [coordinator]: Coordinator clients started
trials-all-1  | [coordinator-2] [INFO] [1698527539.864670772] [coordinator]: Receiving message of nurse1 in room3.
trials-all-1  | [coordinator-2] [INFO] [1698527539.869733715] [coordinator]: Sending response
trials-all-1  | [nurse-4] [INFO] [1698527539.883292563] [nurse]: Request response:Okay!
trials-all-1  | [coordinator-2] [INFO] [1698527539.892795457] [coordinator]: Planing
trials-all-1  | [coordinator-2] [INFO] [1698527539.897558404] [coordinator]: Creating plan for: robot1, nurse1, arm1 
trials-all-1  | [planner-5] [INFO] [1698527539.914292217] [planner]: Receiving sync message. need_plan,robot1,nurse1,arm1
trials-all-1  | [planner-5] [INFO] [1698527539.921524136] [planner]: Creating plan for: robot1 robot1 nurse1
trials-all-1  | [planner-5] [INFO] [1698527539.943967884] [planner]: a_navto,robot1,Room1
trials-all-1  | [planner-5] [INFO] [1698527539.968891606] [planner]: a_approach_nurse,robot1
trials-all-1  | [planner-5] [INFO] [1698527539.986088413] [planner]: a_authenticate_nurse,robot1,nurse1
trials-all-1  | [planner-5] [INFO] [1698527539.990299366] [planner]: a_open_drawer,robot1
trials-all-1  | [planner-5] [INFO] [1698527540.010758136] [planner]: a_deposit,nurse1,robot1
trials-all-1  | [planner-5] [INFO] [1698527540.015942077] [planner]: a_close_drawer,robot1
trials-all-1  | [planner-5] [INFO] [1698527540.020475026] [planner]: a_navto,robot1,Room3
trials-all-1  | [planner-5] [INFO] [1698527540.037704830] [planner]: a_approach_arm,robot1,arm1
trials-all-1  | [planner-5] [INFO] [1698527540.042670774] [planner]: a_open_drawer,robot1
trials-all-1  | [planner-5] [INFO] [1698527540.056637615] [planner]: a_pick_up_sample,arm1,robot1
trials-all-1  | [planner-5] [INFO] [1698527540.061883556] [planner]: a_close_drawer,robot1
trials-all-1  | [planner-5] [INFO] [1698527540.066480503] [planner]: Sending response
trials-all-1  | [coordinator-2] [INFO] [1698527540.089327244] [coordinator]: Plan received for: robot1, nurse1, arm1 
trials-all-1  | [coordinator-2] [INFO] [1698527540.094098190] [coordinator]: a_navto,robot1,Room1/a_approach_nurse,robot1/a_authenticate_nurse,robot1,nurse1/a_open_drawer,robot1/a_deposit,nurse1,robot1/a_close_drawer,robot1/a_navto,robot1,Room3/a_approach_arm,robot1,arm1/a_open_drawer,robot1/a_pick_up_sample,arm1,robot1/a_close_drawer,robot1
trials-all-1  | [coordinator-2] [INFO] [1698527540.112159985] [coordinator]: a_navto,robot1,Room1
trials-all-1  | [coordinator-2] [INFO] [1698527540.117257927] [coordinator]: a_approach_nurse,robot1
trials-all-1  | [coordinator-2] [INFO] [1698527540.133613741] [coordinator]: a_authenticate_nurse,robot1,nurse1
trials-all-1  | [coordinator-2] [INFO] [1698527540.137958692] [coordinator]: a_open_drawer,robot1
trials-all-1  | [coordinator-2] [INFO] [1698527540.157149474] [coordinator]: a_deposit,nurse1,robot1
trials-all-1  | [coordinator-2] [INFO] [1698527540.163559401] [coordinator]: a_close_drawer,robot1
trials-all-1  | [coordinator-2] [INFO] [1698527540.167700354] [coordinator]: a_navto,robot1,Room3
trials-all-1  | [coordinator-2] [INFO] [1698527540.183267177] [coordinator]: a_approach_arm,robot1,arm1
trials-all-1  | [coordinator-2] [INFO] [1698527540.189879102] [coordinator]: a_open_drawer,robot1
trials-all-1  | [coordinator-2] [INFO] [1698527540.209433880] [coordinator]: a_pick_up_sample,arm1,robot1
trials-all-1  | [coordinator-2] [INFO] [1698527540.213570833] [coordinator]: a_close_drawer,robot1
trials-all-1  | [coordinator-2] [INFO] [1698527540.231341631] [coordinator]: Sending plans
trials-all-1  | [coordinator-2] [INFO] [1698527540.241514515] [coordinator]: Plans sent
trials-all-1  | [nurse-4] [INFO] [1698527540.249739422] [nurse]: Receiving message.
trials-all-1  | [robot-6] [INFO] [1698527540.252806387] [robot]: Receiving message.
trials-all-1  | [arm-1] [INFO] [1698527540.255193360] [arm]: Receiving message.
trials-all-1  | [robot-6] [INFO] [1698527540.258643321] [robot]: Robot's actions:
trials-all-1  | [robot-6] [INFO] [1698527540.262493277] [robot]: a_navto
trials-all-1  | [robot-6] [INFO] [1698527540.266444232] [robot]: a_approach_nurse
trials-all-1  | [environment-3] [INFO] [1698527540.265063248] [environment]: Receiving message: monitor
trials-all-1  | [environment-3] [INFO] [1698527540.273426153] [environment]: Action: monitor
trials-all-1  | [robot-6] [INFO] [1698527540.273468153] [robot]: Action: a_navto
trials-all-1  | [robot-6] [INFO] [1698527540.279826080] [robot]: Doing a_navto
trials-all-1  | [robot-6] [INFO] [1698527540.285527016] [robot]: a_authenticate_nurse
trials-all-1  | [robot-6] [INFO] [1698527540.292464937] [robot]: a_deposit
trials-all-1  | [robot-6] [INFO] [1698527540.298431869] [robot]: a_close_drawer
trials-all-1  | [robot-6] [INFO] [1698527540.303068816] [robot]: a_navto
trials-all-1  | [nurse-4] [INFO] [1698527540.295908898] [nurse]: Nurse's actions:
trials-all-1  | [nurse-4] [INFO] [1698527540.299816853] [nurse]: a_authenticate_nurse
trials-all-1  | [nurse-4] [INFO] [1698527540.306503777] [nurse]: a_deposit
trials-all-1  | [robot-6] [INFO] [1698527540.307025771] [robot]: a_approach_arm
trials-all-1  | [robot-6] [INFO] [1698527540.313064703] [robot]: a_open_drawer
trials-all-1  | [robot-6] [INFO] [1698527540.318002647] [robot]: a_pick_up_sample
trials-all-1  | [robot-6] [INFO] [1698527540.325090566] [robot]: a_close_drawer
trials-all-1  | [arm-1] [INFO] [1698527540.318137645] [arm]: Arm's actions:
trials-all-1  | [arm-1] [INFO] [1698527540.328315530] [arm]: a_approach_arm
trials-all-1  | [nurse-4] [INFO] [1698527540.328940523] [nurse]: Action: a_authenticate_nurse
trials-all-1  | [arm-1] [INFO] [1698527540.334294462] [arm]: Action: a_approach_arm
trials-all-1  | [arm-1] [INFO] [1698527540.342946364] [arm]: Doing a_approach_arm
trials-all-1  | [nurse-4] [INFO] [1698527540.352107259] [nurse]: Doing a_authenticate_nurse
trials-all-1  | [robot-6] [INFO] [1698527540.361762150] [robot]: Receiving sync message. a_authenticate_nurse,robot1,nurse1
trials-all-1  | [robot-6] [INFO] [1698527540.367451085] [robot]: not ready
trials-all-1  | [nurse-4] [INFO] [1698527540.384386893] [nurse]: not ready
trials-all-1  | [nurse-4] [INFO] [1698527540.392716798] [nurse]: Action result: False
trials-all-1  | [nurse-4] [INFO] [1698527540.397462744] [nurse]: Action: a_authenticate_nurse
trials-all-1  | [nurse-4] [INFO] [1698527540.401583698] [nurse]: Doing a_authenticate_nurse
trials-all-1  | [robot-6] [INFO] [1698527540.413775559] [robot]: Receiving sync message. a_authenticate_nurse,robot1,nurse1
trials-all-1  | [robot-6] [INFO] [1698527540.419431495] [robot]: not ready
trials-all-1  | [nurse-4] [INFO] [1698527540.431891353] [nurse]: not ready
trials-all-1  | [nurse-4] [INFO] [1698527540.436305303] [nurse]: Action result: False
trials-all-1  | [nurse-4] [INFO] [1698527540.441905240] [nurse]: Action: a_authenticate_nurse
trials-all-1  | [environment-3] [INFO] [1698527540.443976216] [environment]: Receiving message: a_navto,robot1,Room1
trials-all-1  | [nurse-4] [INFO] [1698527540.446179191] [nurse]: Doing a_authenticate_nurse
trials-all-1  | [environment-3] [INFO] [1698527540.448964160] [environment]: Action: a_navto
trials-all-1  | [robot-6] [INFO] [1698527540.452865115] [robot]: Receiving sync message. a_authenticate_nurse,robot1,nurse1
trials-all-1  | [robot-6] [INFO] [1698527540.456993068] [robot]: not ready
trials-all-1  | [nurse-4] [INFO] [1698527540.471269906] [nurse]: not ready
trials-all-1  | [environment-3] [INFO] [1698527540.471756901] [environment]: Responding
trials-all-1  | [nurse-4] [INFO] [1698527540.475697856] [nurse]: Action result: False
trials-all-1  | [nurse-4] [INFO] [1698527540.483611766] [nurse]: Action: a_authenticate_nurse
trials-all-1  | [nurse-4] [INFO] [1698527540.488297713] [nurse]: Doing a_authenticate_nurse
trials-all-1  | [robot-6] [INFO] [1698527540.499317588] [robot]: success
trials-all-1  | [robot-6] [INFO] [1698527540.512504438] [robot]: Receiving sync message. a_authenticate_nurse,robot1,nurse1
trials-all-1  | [robot-6] [INFO] [1698527540.514165419] [robot]: Action result: True
trials-all-1  | [coordinator-2] [INFO] [1698527540.526148283] [coordinator]: Receiving sync message: action_complete,a_navto
trials-all-1  | [coordinator-2] [INFO] [1698527540.532853207] [coordinator]: action_complete
trials-all-1  | [robot-6] [INFO] [1698527540.538563142] [robot]: not ready
trials-all-1  | [coordinator-2] [INFO] [1698527540.539399132] [coordinator]: plans_actions_current 1 of 11
trials-all-1  | [environment-3] [INFO] [1698527540.551817991] [environment]: Receiving message: monitor
trials-all-1  | [nurse-4] [INFO] [1698527540.554060966] [nurse]: not ready
trials-all-1  | [environment-3] [INFO] [1698527540.558294918] [environment]: Action: monitor
trials-all-1  | [nurse-4] [INFO] [1698527540.558504915] [nurse]: Action result: False
trials-all-1  | [nurse-4] [INFO] [1698527540.563512859] [nurse]: Action: a_authenticate_nurse
trials-all-1  | [nurse-4] [INFO] [1698527540.578131693] [nurse]: Doing a_authenticate_nurse
trials-all-1  | [robot-6] [INFO] [1698527540.579014683] [robot]: Action: a_approach_nurse
trials-all-1  | [robot-6] [INFO] [1698527540.590831548] [robot]: Doing a_approach_nurse
trials-all-1  | [environment-3] [INFO] [1698527540.592115534] [environment]: Receiving message: a_approach_arm,robot1,arm1
trials-all-1  | [robot-6] [INFO] [1698527540.598092466] [robot]: Receiving sync message. a_authenticate_nurse,robot1,nurse1
trials-all-1  | [robot-6] [INFO] [1698527540.610139329] [robot]: not ready
trials-all-1  | [environment-3] [INFO] [1698527540.615837264] [environment]: Action: a_approach_arm
trials-all-1  | [nurse-4] [INFO] [1698527540.619145227] [nurse]: not ready
trials-all-1  | [nurse-4] [INFO] [1698527540.624906161] [nurse]: Action result: False
trials-all-1  | [environment-3] [INFO] [1698527540.627110136] [environment]: Responding
trials-all-1  | [nurse-4] [INFO] [1698527540.631497087] [nurse]: Action: a_authenticate_nurse
trials-all-1  | [nurse-4] [INFO] [1698527540.637171022] [nurse]: Doing a_authenticate_nurse
trials-all-1  | [arm-1] [INFO] [1698527540.638006013] [arm]: success
trials-all-1  | [robot-6] [INFO] [1698527540.644530938] [robot]: Receiving sync message. a_authenticate_nurse,robot1,nurse1
trials-all-1  | [robot-6] [INFO] [1698527540.649266885] [robot]: not ready
trials-all-1  | [arm-1] [INFO] [1698527540.654729823] [arm]: Action result: True
trials-all-1  | [nurse-4] [INFO] [1698527540.660787754] [nurse]: not ready
trials-all-1  | [nurse-4] [INFO] [1698527540.665386702] [nurse]: Action result: False
trials-all-1  | [environment-3] [INFO] [1698527540.666993683] [environment]: Receiving message: monitor
trials-all-1  | [arm-1] [INFO] [1698527540.670737641] [arm]: Action: a_pick_up_sample
trials-all-1  | [nurse-4] [INFO] [1698527540.672064626] [nurse]: Action: a_authenticate_nurse
trials-all-1  | [nurse-4] [INFO] [1698527540.677455565] [nurse]: Doing a_authenticate_nurse
trials-all-1  | [robot-6] [INFO] [1698527540.684217488] [robot]: Receiving sync message. a_authenticate_nurse,robot1,nurse1
trials-all-1  | [robot-6] [INFO] [1698527540.688609438] [robot]: not ready
trials-all-1  | [nurse-4] [INFO] [1698527540.697840333] [nurse]: not ready
trials-all-1  | [arm-1] [INFO] [1698527540.702243283] [arm]: Doing a_pick_up_sample
trials-all-1  | [nurse-4] [INFO] [1698527540.702496280] [nurse]: Action result: False
trials-all-1  | [environment-3] [INFO] [1698527540.706665233] [environment]: Action: monitor
trials-all-1  | [robot-6] [INFO] [1698527540.712157170] [robot]: Receiving sync message. a_pick_up_sample,arm1,robot1
trials-all-1  | [robot-6] [INFO] [1698527540.720808072] [robot]: not ready
trials-all-1  | [nurse-4] [INFO] [1698527540.728297987] [nurse]: Action: a_authenticate_nurse
trials-all-1  | [environment-3] [INFO] [1698527540.729663972] [environment]: Receiving message: a_approach_nurse,robot1
trials-all-1  | [arm-1] [INFO] [1698527540.729865969] [arm]: not ready
trials-all-1  | [arm-1] [INFO] [1698527540.734612915] [arm]: Action result: False
trials-all-1  | [arm-1] [INFO] [1698527540.740223852] [arm]: Action: a_pick_up_sample
trials-all-1  | [nurse-4] [INFO] [1698527540.740362850] [nurse]: Doing a_authenticate_nurse
trials-all-1  | [arm-1] [INFO] [1698527540.746661779] [arm]: Doing a_pick_up_sample
trials-all-1  | [robot-6] [INFO] [1698527540.747340771] [robot]: Receiving sync message. a_authenticate_nurse,robot1,nurse1
trials-all-1  | [robot-6] [INFO] [1698527540.758789641] [robot]: not ready
trials-all-1  | [robot-6] [INFO] [1698527540.771351498] [robot]: Receiving sync message. a_pick_up_sample,arm1,robot1
trials-all-1  | [nurse-4] [INFO] [1698527540.772969480] [nurse]: not ready
trials-all-1  | [environment-3] [INFO] [1698527540.776292442] [environment]: Action: a_approach_nurse
trials-all-1  | [robot-6] [INFO] [1698527540.776229443] [robot]: not ready
trials-all-1  | [nurse-4] [INFO] [1698527540.777910424] [nurse]: Action result: False
trials-all-1  | [environment-3] [INFO] [1698527540.781429384] [environment]: Responding
trials-all-1  | [nurse-4] [INFO] [1698527540.782042377] [nurse]: Action: a_authenticate_nurse
trials-all-1  | [arm-1] [INFO] [1698527540.791787266] [arm]: not ready
trials-all-1  | [nurse-4] [INFO] [1698527540.793130251] [nurse]: Doing a_authenticate_nurse
trials-all-1  | [environment-3] [INFO] [1698527540.795202227] [environment]: Receiving message: monitor
trials-all-1  | [arm-1] [INFO] [1698527540.800592166] [arm]: Action result: False
trials-all-1  | [arm-1] [INFO] [1698527540.813247022] [arm]: Action: a_pick_up_sample
trials-all-1  | [environment-3] [INFO] [1698527540.814769005] [environment]: Action: monitor
trials-all-1  | [robot-6] [INFO] [1698527540.818713960] [robot]: Receiving sync message. a_authenticate_nurse,robot1,nurse1
trials-all-1  | [robot-6] [INFO] [1698527540.830854822] [robot]: not ready
trials-all-1  | [arm-1] [INFO] [1698527540.833388794] [arm]: Doing a_pick_up_sample
trials-all-1  | [environment-3] [INFO] [1698527540.836997753] [environment]: Receiving message: monitor
trials-all-1  | [environment-3] [INFO] [1698527540.842350692] [environment]: Action: monitor
trials-all-1  | [nurse-4] [INFO] [1698527540.857314522] [nurse]: not ready
trials-all-1  | [nurse-4] [INFO] [1698527540.862197466] [nurse]: Action result: False
trials-all-1  | [robot-6] [INFO] [1698527540.866549417] [robot]: Receiving sync message. a_pick_up_sample,arm1,robot1
trials-all-1  | [nurse-4] [INFO] [1698527540.870784369] [nurse]: Action: a_authenticate_nurse
trials-all-1  | [nurse-4] [INFO] [1698527540.875035321] [nurse]: Doing a_authenticate_nurse
trials-all-1  | [robot-6] [INFO] [1698527540.871282363] [robot]: success
trials-all-1  | [robot-6] [INFO] [1698527540.875959310] [robot]: not ready
trials-all-1  | [environment-3] [INFO] [1698527540.872322352] [environment]: Receiving message: monitor
trials-all-1  | [environment-3] [INFO] [1698527540.876960299] [environment]: Action: monitor
trials-all-1  | [arm-1] [INFO] [1698527540.894628098] [arm]: not ready
trials-all-1  | [arm-1] [INFO] [1698527540.904451987] [arm]: Action result: False
trials-all-1  | [robot-6] [INFO] [1698527540.907257955] [robot]: Action result: True
trials-all-1  | [arm-1] [INFO] [1698527540.909894925] [arm]: Action: a_pick_up_sample
trials-all-1  | [environment-3] [INFO] [1698527540.913827880] [environment]: Receiving message: monitor
trials-all-1  | [coordinator-2] [INFO] [1698527540.914238875] [coordinator]: Receiving sync message: action_complete,a_approach_nurse
trials-all-1  | [arm-1] [INFO] [1698527540.917081843] [arm]: Doing a_pick_up_sample
trials-all-1  | [environment-3] [INFO] [1698527540.918285830] [environment]: Action: monitor
trials-all-1  | [coordinator-2] [INFO] [1698527540.918398828] [coordinator]: action_complete
trials-all-1  | [robot-6] [INFO] [1698527540.925288750] [robot]: Receiving sync message. a_authenticate_nurse,robot1,nurse1
trials-all-1  | [coordinator-2] [INFO] [1698527540.931125684] [coordinator]: plans_actions_current 2 of 11
trials-all-1  | [robot-6] [INFO] [1698527540.938974595] [robot]: not ready
trials-all-1  | [environment-3] [INFO] [1698527540.949916470] [environment]: Receiving message: monitor
trials-all-1  | [nurse-4] [INFO] [1698527540.951918448] [nurse]: not ready
trials-all-1  | [environment-3] [INFO] [1698527540.954504418] [environment]: Action: monitor
trials-all-1  | [nurse-4] [INFO] [1698527540.966380283] [nurse]: Action result: False
trials-all-1  | [nurse-4] [INFO] [1698527540.976880164] [nurse]: Action: a_authenticate_nurse
trials-all-1  | [robot-6] [INFO] [1698527540.977131161] [robot]: Receiving sync message. a_pick_up_sample,arm1,robot1
trials-all-1  | [nurse-4] [INFO] [1698527540.982529100] [nurse]: Doing a_authenticate_nurse
trials-all-1  | [robot-6] [INFO] [1698527540.982516100] [robot]: not ready
trials-all-1  | [robot-6] [INFO] [1698527540.990647008] [robot]: Action: a_authenticate_nurse
trials-all-1  | [robot-6] [INFO] [1698527540.994552963] [robot]: Doing a_authenticate_nurse
trials-all-1  | [environment-3] [INFO] [1698527540.982838096] [environment]: Receiving message: monitor
trials-all-1  | [environment-3] [INFO] [1698527540.990149013] [environment]: Action: monitor
trials-all-1  | [arm-1] [INFO] [1698527540.990568009] [arm]: not ready
trials-all-1  | [arm-1] [INFO] [1698527541.003070867] [arm]: Action result: False
trials-all-1  | [robot-6] [INFO] [1698527541.004029856] [robot]: wating for nurse1 to authenticate to robot1
trials-all-1  | [arm-1] [INFO] [1698527541.007615814] [arm]: Action: a_pick_up_sample
trials-all-1  | [environment-3] [INFO] [1698527541.014300737] [environment]: Receiving message: monitor
trials-all-1  | [robot-6] [INFO] [1698527541.018715686] [robot]: Receiving sync message. a_authenticate_nurse,robot1,nurse1
trials-all-1  | [robot-6] [INFO] [1698527541.022540642] [robot]: Action result: False
trials-all-1  | [environment-3] [INFO] [1698527541.019214681] [environment]: Action: monitor
trials-all-1  | [arm-1] [INFO] [1698527541.035151497] [arm]: Doing a_pick_up_sample
trials-all-1  | [robot-6] [INFO] [1698527541.043878396] [robot]: Authenticate nurse
trials-all-1  | [robot-6] [INFO] [1698527541.050093325] [robot]: Action: a_authenticate_nurse
trials-all-1  | [environment-3] [INFO] [1698527541.047241358] [environment]: Receiving message: monitor
trials-all-1  | [environment-3] [INFO] [1698527541.051507309] [environment]: Action: monitor
trials-all-1  | [nurse-4] [INFO] [1698527541.057401241] [nurse]: success
trials-all-1  | [nurse-4] [INFO] [1698527541.065509147] [nurse]: Action result: True
trials-all-1  | [robot-6] [INFO] [1698527541.070074095] [robot]: Receiving sync message. a_pick_up_sample,arm1,robot1
trials-all-1  | [robot-6] [INFO] [1698527541.075620031] [robot]: Doing a_authenticate_nurse
trials-all-1  | [robot-6] [INFO] [1698527541.079498986] [robot]: Action result: True
trials-all-1  | [environment-3] [INFO] [1698527541.070221093] [environment]: Receiving message: monitor
trials-all-1  | [environment-3] [INFO] [1698527541.074801040] [environment]: Action: monitor
trials-all-1  | [nurse-4] [INFO] [1698527541.073206058] [nurse]: Action: a_deposit
trials-all-1  | [nurse-4] [INFO] [1698527541.083940935] [nurse]: Doing a_deposit
trials-all-1  | [coordinator-2] [INFO] [1698527541.095791798] [coordinator]: Receiving sync message: action_complete,a_authenticate_nurse
trials-all-1  | [robot-6] [INFO] [1698527541.095828798] [robot]: not ready
trials-all-1  | [environment-3] [INFO] [1698527541.102068726] [environment]: Receiving message: monitor
trials-all-1  | [environment-3] [INFO] [1698527541.107258666] [environment]: Action: monitor
trials-all-1  | [arm-1] [INFO] [1698527541.113954589] [arm]: not ready
trials-all-1  | [coordinator-2] [INFO] [1698527541.121433503] [coordinator]: action_complete
trials-all-1  | [arm-1] [INFO] [1698527541.128449422] [arm]: Action result: False
trials-all-1  | [coordinator-2] [INFO] [1698527541.130379400] [coordinator]: plans_actions_current 3 of 11
trials-all-1  | [robot-6] [INFO] [1698527541.133864359] [robot]: Receiving sync message. a_deposit,nurse1,robot1
trials-all-1  | [arm-1] [INFO] [1698527541.142568259] [arm]: Action: a_pick_up_sample
trials-all-1  | [robot-6] [INFO] [1698527541.145513225] [robot]: not ready
trials-all-1  | [environment-3] [INFO] [1698527541.151812153] [environment]: Receiving message: monitor
trials-all-1  | [arm-1] [INFO] [1698527541.155224113] [arm]: Doing a_pick_up_sample
trials-all-1  | [environment-3] [INFO] [1698527541.156712096] [environment]: Action: monitor
trials-all-1  | [nurse-4] [INFO] [1698527541.164084011] [nurse]: not ready
trials-all-1  | [nurse-4] [INFO] [1698527541.173661901] [nurse]: Action result: False
trials-all-1  | [nurse-4] [INFO] [1698527541.177904852] [nurse]: Action: a_deposit
trials-all-1  | [robot-6] [INFO] [1698527541.177032862] [robot]: Action: a_open_drawer
trials-all-1  | [robot-6] [INFO] [1698527541.182400800] [robot]: Receiving sync message. a_pick_up_sample,arm1,robot1
trials-all-1  | [nurse-4] [INFO] [1698527541.183781784] [nurse]: Doing a_deposit
trials-all-1  | [environment-3] [INFO] [1698527541.187799738] [environment]: Receiving message: monitor
trials-all-1  | [robot-6] [INFO] [1698527541.191351697] [robot]: not ready
trials-all-1  | [environment-3] [INFO] [1698527541.192655682] [environment]: Action: monitor
trials-all-1  | [arm-1] [INFO] [1698527541.206990517] [arm]: not ready
trials-all-1  | [environment-3] [INFO] [1698527541.210173480] [environment]: Receiving message: monitor
trials-all-1  | [environment-3] [INFO] [1698527541.214289433] [environment]: Action: monitor
trials-all-1  | [arm-1] [INFO] [1698527541.215033424] [arm]: Action result: False
trials-all-1  | [robot-6] [INFO] [1698527541.224938310] [robot]: Doing a_open_drawer
trials-all-1  | [arm-1] [INFO] [1698527541.236644175] [arm]: Action: a_pick_up_sample
trials-all-1  | [environment-3] [INFO] [1698527541.237644163] [environment]: Receiving message: monitor
trials-all-1  | [robot-6] [INFO] [1698527541.238521153] [robot]: success
trials-all-1  | [environment-3] [INFO] [1698527541.242091112] [environment]: Action: monitor
trials-all-1  | [robot-6] [INFO] [1698527541.256927941] [robot]: Receiving sync message. a_deposit,nurse1,robot1
trials-all-1  | [environment-3] [INFO] [1698527541.260003906] [environment]: Receiving message: monitor
trials-all-1  | [robot-6] [INFO] [1698527541.262046882] [robot]: Action result: True
trials-all-1  | [arm-1] [INFO] [1698527541.262673875] [arm]: Doing a_pick_up_sample
trials-all-1  | [coordinator-2] [INFO] [1698527541.272864758] [coordinator]: Receiving sync message: action_complete,a_open_drawer
trials-all-1  | [robot-6] [INFO] [1698527541.282251649] [robot]: not ready
trials-all-1  | [environment-3] [INFO] [1698527541.283462635] [environment]: Action: monitor
trials-all-1  | [coordinator-2] [INFO] [1698527541.284716621] [coordinator]: action_complete
trials-all-1  | [coordinator-2] [INFO] [1698527541.303350406] [coordinator]: plans_actions_current 4 of 11
trials-all-1  | [robot-6] [INFO] [1698527541.307153362] [robot]: Receiving sync message. a_pick_up_sample,arm1,robot1
trials-all-1  | [nurse-4] [INFO] [1698527541.309824332] [nurse]: not ready
trials-all-1  | [nurse-4] [INFO] [1698527541.322124190] [nurse]: Action result: False
trials-all-1  | [robot-6] [INFO] [1698527541.322595184] [robot]: not ready
trials-all-1  | [environment-3] [INFO] [1698527541.332948065] [environment]: Receiving message: monitor
trials-all-1  | [arm-1] [INFO] [1698527541.333019064] [arm]: not ready
trials-all-1  | [environment-3] [INFO] [1698527541.337279015] [environment]: Action: monitor
trials-all-1  | [nurse-4] [INFO] [1698527541.342624954] [nurse]: Action: a_deposit
trials-all-1  | [arm-1] [INFO] [1698527541.343510943] [arm]: Action result: False
trials-all-1  | [nurse-4] [INFO] [1698527541.358857767] [nurse]: Doing a_deposit
trials-all-1  | [arm-1] [INFO] [1698527541.364484702] [arm]: Action: a_pick_up_sample
trials-all-1  | [robot-6] [INFO] [1698527541.365325692] [robot]: Action: a_deposit
trials-all-1  | [environment-3] [INFO] [1698527541.366601677] [environment]: Receiving message: monitor
trials-all-1  | [arm-1] [INFO] [1698527541.369674642] [arm]: Doing a_pick_up_sample
trials-all-1  | [environment-3] [INFO] [1698527541.370737630] [environment]: Action: monitor
trials-all-1  | [robot-6] [INFO] [1698527541.382307496] [robot]: Doing a_deposit
trials-all-1  | [environment-3] [INFO] [1698527541.387349438] [environment]: Receiving message: monitor
trials-all-1  | [robot-6] [INFO] [1698527541.391538390] [robot]: wating for nurse1 to deposit in robot1
trials-all-1  | [robot-6] [INFO] [1698527541.401047280] [robot]: Receiving sync message. a_deposit,nurse1,robot1
trials-all-1  | [robot-6] [INFO] [1698527541.409554182] [robot]: Action result: False
trials-all-1  | [environment-3] [INFO] [1698527541.410517171] [environment]: Action: monitor
trials-all-1  | [robot-6] [INFO] [1698527541.418060084] [robot]: Deposit
trials-all-1  | [nurse-4] [INFO] [1698527541.428982958] [nurse]: success
trials-all-1  | [nurse-4] [INFO] [1698527541.434736892] [nurse]: Action result: True
trials-all-1  | [robot-6] [INFO] [1698527541.441381815] [robot]: Action: a_deposit
trials-all-1  | [robot-6] [INFO] [1698527541.445051773] [robot]: Receiving sync message. a_pick_up_sample,arm1,robot1
trials-all-1  | [environment-3] [INFO] [1698527541.449967717] [environment]: Receiving message: monitor
trials-all-1  | [environment-3] [INFO] [1698527541.455011658] [environment]: Action: monitor
trials-all-1  | [robot-6] [INFO] [1698527541.469864487] [robot]: not ready
trials-all-1  | [environment-3] [INFO] [1698527541.477693397] [environment]: Receiving message: monitor
trials-all-1  | [arm-1] [INFO] [1698527541.479352378] [arm]: not ready
trials-all-1  | [environment-3] [INFO] [1698527541.481692351] [environment]: Action: monitor
trials-all-1  | [arm-1] [INFO] [1698527541.496025186] [arm]: Action result: False
trials-all-1  | [arm-1] [INFO] [1698527541.500164138] [arm]: Action: a_pick_up_sample
trials-all-1  | [arm-1] [INFO] [1698527541.503737097] [arm]: Doing a_pick_up_sample
trials-all-1  | [robot-6] [INFO] [1698527541.504697086] [robot]: Doing a_deposit
trials-all-1  | [robot-6] [INFO] [1698527541.510428020] [robot]: Action result: True
trials-all-1  | [environment-3] [INFO] [1698527541.505810073] [environment]: Receiving message: monitor
trials-all-1  | [environment-3] [INFO] [1698527541.510251022] [environment]: Action: monitor
trials-all-1  | [environment-3] [INFO] [1698527541.525979841] [environment]: Receiving message: monitor
trials-all-1  | [environment-3] [INFO] [1698527541.531090782] [environment]: Action: monitor
trials-all-1  | [coordinator-2] [INFO] [1698527541.534469743] [coordinator]: Receiving sync message: action_complete,a_deposit
trials-all-1  | [coordinator-2] [INFO] [1698527541.545103620] [coordinator]: action_complete
trials-all-1  | [coordinator-2] [INFO] [1698527541.553466524] [coordinator]: plans_actions_current 5 of 11
trials-all-1  | [robot-6] [INFO] [1698527541.553638522] [robot]: Receiving sync message. a_pick_up_sample,arm1,robot1
trials-all-1  | [robot-6] [INFO] [1698527541.561003437] [robot]: not ready
trials-all-1  | [environment-3] [INFO] [1698527541.564615395] [environment]: Receiving message: monitor
trials-all-1  | [environment-3] [INFO] [1698527541.569216342] [environment]: Action: monitor
trials-all-1  | [arm-1] [INFO] [1698527541.573482293] [arm]: not ready
trials-all-1  | [arm-1] [INFO] [1698527541.581773198] [arm]: Action result: False
trials-all-1  | [environment-3] [INFO] [1698527541.585823151] [environment]: Receiving message: monitor
trials-all-1  | [environment-3] [INFO] [1698527541.590033102] [environment]: Action: monitor
trials-all-1  | [robot-6] [INFO] [1698527541.601579969] [robot]: Action: a_close_drawer
trials-all-1  | [environment-3] [INFO] [1698527541.609007884] [environment]: Receiving message: monitor
trials-all-1  | [arm-1] [INFO] [1698527541.612779840] [arm]: Action: a_pick_up_sample
trials-all-1  | [environment-3] [INFO] [1698527541.613209835] [environment]: Action: monitor
trials-all-1  | [robot-6] [INFO] [1698527541.620726749] [robot]: Doing a_close_drawer
trials-all-1  | [robot-6] [INFO] [1698527541.630441637] [robot]: success
trials-all-1  | [arm-1] [INFO] [1698527541.636899562] [arm]: Doing a_pick_up_sample
trials-all-1  | [robot-6] [INFO] [1698527541.649657415] [robot]: Receiving sync message. a_pick_up_sample,arm1,robot1
trials-all-1  | [robot-6] [INFO] [1698527541.653002377] [robot]: Action result: True
trials-all-1  | [environment-3] [INFO] [1698527541.657139329] [environment]: Receiving message: monitor
trials-all-1  | [robot-6] [INFO] [1698527541.657819321] [robot]: not ready
trials-all-1  | [coordinator-2] [INFO] [1698527541.659774299] [coordinator]: Receiving sync message: action_complete,a_close_drawer
trials-all-1  | [coordinator-2] [INFO] [1698527541.664418245] [coordinator]: action_complete
trials-all-1  | [arm-1] [INFO] [1698527541.666300223] [arm]: not ready
trials-all-1  | [environment-3] [INFO] [1698527541.671600162] [environment]: Action: monitor
trials-all-1  | [coordinator-2] [INFO] [1698527541.673483141] [coordinator]: plans_actions_current 6 of 11
trials-all-1  | [arm-1] [INFO] [1698527541.678769080] [arm]: Action result: False
trials-all-1  | [robot-6] [INFO] [1698527541.690957939] [robot]: Action: a_navto
trials-all-1  | [arm-1] [INFO] [1698527541.706230763] [arm]: Action: a_pick_up_sample
trials-all-1  | [robot-6] [INFO] [1698527541.707156753] [robot]: Doing a_navto
trials-all-1  | [arm-1] [INFO] [1698527541.716136649] [arm]: Doing a_pick_up_sample
trials-all-1  | [robot-6] [INFO] [1698527541.725208545] [robot]: Receiving sync message. a_pick_up_sample,arm1,robot1
trials-all-1  | [robot-6] [INFO] [1698527541.730636482] [robot]: not ready
trials-all-1  | [environment-3] [INFO] [1698527541.733657447] [environment]: Receiving message: monitor
trials-all-1  | [environment-3] [INFO] [1698527541.738026397] [environment]: Action: monitor
trials-all-1  | [arm-1] [INFO] [1698527541.746593298] [arm]: not ready
trials-all-1  | [arm-1] [INFO] [1698527541.752709228] [arm]: Action result: False
trials-all-1  | [arm-1] [INFO] [1698527541.756811180] [arm]: Action: a_pick_up_sample
trials-all-1  | [environment-3] [INFO] [1698527541.751619240] [environment]: Receiving message: a_navto,robot1,Room3
trials-all-1  | [environment-3] [INFO] [1698527541.755411197] [environment]: Action: a_navto
trials-all-1  | [arm-1] [INFO] [1698527541.763824100] [arm]: Doing a_pick_up_sample
trials-all-1  | [robot-6] [INFO] [1698527541.773043993] [robot]: Receiving sync message. a_pick_up_sample,arm1,robot1
trials-all-1  | [robot-6] [INFO] [1698527541.779479919] [robot]: not ready
trials-all-1  | [arm-1] [INFO] [1698527541.790056797] [arm]: not ready
trials-all-1  | [arm-1] [INFO] [1698527541.794744743] [arm]: Action result: False
trials-all-1  | [arm-1] [INFO] [1698527541.801197669] [arm]: Action: a_pick_up_sample
trials-all-1  | [arm-1] [INFO] [1698527541.806678606] [arm]: Doing a_pick_up_sample
trials-all-1  | [robot-6] [INFO] [1698527541.814136520] [robot]: Receiving sync message. a_pick_up_sample,arm1,robot1
trials-all-1  | [robot-6] [INFO] [1698527541.819279460] [robot]: not ready
trials-all-1  | [environment-3] [INFO] [1698527541.822429424] [environment]: Responding
trials-all-1  | [arm-1] [INFO] [1698527541.840588215] [arm]: not ready
trials-all-1  | [robot-6] [INFO] [1698527541.843166185] [robot]: success
trials-all-1  | [arm-1] [INFO] [1698527541.850889096] [arm]: Action result: False
trials-all-1  | [robot-6] [INFO] [1698527541.857182024] [robot]: Action result: True
trials-all-1  | [arm-1] [INFO] [1698527541.861920969] [arm]: Action: a_pick_up_sample
trials-all-1  | [arm-1] [INFO] [1698527541.865642926] [arm]: Doing a_pick_up_sample
trials-all-1  | [coordinator-2] [INFO] [1698527541.864114944] [coordinator]: Receiving sync message: action_complete,a_navto
trials-all-1  | [coordinator-2] [INFO] [1698527541.868688891] [coordinator]: action_complete
trials-all-1  | [coordinator-2] [INFO] [1698527541.873214839] [coordinator]: plans_actions_current 7 of 11
trials-all-1  | [robot-6] [INFO] [1698527541.872692845] [robot]: Receiving sync message. a_pick_up_sample,arm1,robot1
trials-all-1  | [robot-6] [INFO] [1698527541.876979796] [robot]: not ready
trials-all-1  | [robot-6] [INFO] [1698527541.896386572] [robot]: Action: a_approach_arm
trials-all-1  | [robot-6] [INFO] [1698527541.900406526] [robot]: Doing a_approach_arm
trials-all-1  | [arm-1] [INFO] [1698527541.897310561] [arm]: not ready
trials-all-1  | [arm-1] [INFO] [1698527541.901263516] [arm]: Action result: False
trials-all-1  | [arm-1] [INFO] [1698527541.906247458] [arm]: Action: a_pick_up_sample
trials-all-1  | [arm-1] [INFO] [1698527541.911311400] [arm]: Doing a_pick_up_sample
trials-all-1  | [robot-6] [INFO] [1698527541.922138275] [robot]: Receiving sync message. a_pick_up_sample,arm1,robot1
trials-all-1  | [robot-6] [INFO] [1698527541.927177217] [robot]: not ready
trials-all-1  | [environment-3] [INFO] [1698527541.924110252] [environment]: Receiving message: monitor
trials-all-1  | [arm-1] [INFO] [1698527541.940803060] [arm]: not ready
trials-all-1  | [arm-1] [INFO] [1698527541.952517925] [arm]: Action result: False
trials-all-1  | [arm-1] [INFO] [1698527541.956478879] [arm]: Action: a_pick_up_sample
trials-all-1  | [arm-1] [INFO] [1698527541.961028827] [arm]: Doing a_pick_up_sample
trials-all-1  | [robot-6] [INFO] [1698527541.972755692] [robot]: Receiving sync message. a_pick_up_sample,arm1,robot1
trials-all-1  | [robot-6] [INFO] [1698527541.978732623] [robot]: not ready
trials-all-1  | [arm-1] [INFO] [1698527541.989196502] [arm]: not ready
trials-all-1  | [arm-1] [INFO] [1698527541.993304455] [arm]: Action result: False
trials-all-1  | [arm-1] [INFO] [1698527541.997388408] [arm]: Action: a_pick_up_sample
trials-all-1  | [arm-1] [INFO] [1698527542.003994332] [arm]: Doing a_pick_up_sample
trials-all-1  | [robot-6] [INFO] [1698527542.015571196] [robot]: Receiving sync message. a_pick_up_sample,arm1,robot1
trials-all-1  | [robot-6] [INFO] [1698527542.022975110] [robot]: not ready
trials-all-1  | [arm-1] [INFO] [1698527542.031543010] [arm]: not ready
trials-all-1  | [arm-1] [INFO] [1698527542.035948958] [arm]: Action result: False
trials-all-1  | [arm-1] [INFO] [1698527542.040464905] [arm]: Action: a_pick_up_sample
trials-all-1  | [arm-1] [INFO] [1698527542.044364860] [arm]: Doing a_pick_up_sample
trials-all-1  | [robot-6] [INFO] [1698527542.054200745] [robot]: Receiving sync message. a_pick_up_sample,arm1,robot1
trials-all-1  | [robot-6] [INFO] [1698527542.061392661] [robot]: not ready
trials-all-1  | [arm-1] [INFO] [1698527542.072168535] [arm]: not ready
trials-all-1  | [arm-1] [INFO] [1698527542.078598459] [arm]: Action result: False
trials-all-1  | [arm-1] [INFO] [1698527542.085610377] [arm]: Action: a_pick_up_sample
trials-all-1  | [arm-1] [INFO] [1698527542.092750294] [arm]: Doing a_pick_up_sample
trials-all-1  | [robot-6] [INFO] [1698527542.099162219] [robot]: Receiving sync message. a_pick_up_sample,arm1,robot1
trials-all-1  | [robot-6] [INFO] [1698527542.109864094] [robot]: not ready
trials-all-1  | [arm-1] [INFO] [1698527542.121773955] [arm]: not ready
trials-all-1  | [arm-1] [INFO] [1698527542.129020870] [arm]: Action result: False
trials-all-1  | [arm-1] [INFO] [1698527542.135515794] [arm]: Action: a_pick_up_sample
trials-all-1  | [arm-1] [INFO] [1698527542.142743709] [arm]: Doing a_pick_up_sample
trials-all-1  | [robot-6] [INFO] [1698527542.151719605] [robot]: Receiving sync message. a_pick_up_sample,arm1,robot1
trials-all-1  | [robot-6] [INFO] [1698527542.158394526] [robot]: not ready
trials-all-1  | [arm-1] [INFO] [1698527542.170579384] [arm]: not ready
trials-all-1  | [environment-3] [INFO] [1698527542.176469315] [environment]: Action: monitor
trials-all-1  | [arm-1] [INFO] [1698527542.178057297] [arm]: Action result: False
trials-all-1  | [arm-1] [INFO] [1698527542.185244213] [arm]: Action: a_pick_up_sample
trials-all-1  | [arm-1] [INFO] [1698527542.196291083] [arm]: Doing a_pick_up_sample
trials-all-1  | [robot-6] [INFO] [1698527542.202553010] [robot]: Receiving sync message. a_pick_up_sample,arm1,robot1
trials-all-1  | [robot-6] [INFO] [1698527542.213572881] [robot]: not ready
trials-all-1  | [arm-1] [INFO] [1698527542.223789762] [arm]: not ready
trials-all-1  | [arm-1] [INFO] [1698527542.230622682] [arm]: Action result: False
trials-all-1  | [arm-1] [INFO] [1698527542.237513601] [arm]: Action: a_pick_up_sample
trials-all-1  | [arm-1] [INFO] [1698527542.244058525] [arm]: Doing a_pick_up_sample
trials-all-1  | [robot-6] [INFO] [1698527542.250560449] [robot]: Receiving sync message. a_pick_up_sample,arm1,robot1
trials-all-1  | [robot-6] [INFO] [1698527542.260894328] [robot]: not ready
trials-all-1  | [arm-1] [INFO] [1698527542.269547227] [arm]: not ready
trials-all-1  | [arm-1] [INFO] [1698527542.273462181] [arm]: Action result: False
trials-all-1  | [arm-1] [INFO] [1698527542.286640027] [arm]: Action: a_pick_up_sample
trials-all-1  | [environment-3] [INFO] [1698527542.291878966] [environment]: Receiving message: a_approach_arm,robot1,arm1
trials-all-1  | [arm-1] [INFO] [1698527542.292207962] [arm]: Doing a_pick_up_sample
trials-all-1  | [environment-3] [INFO] [1698527542.298122893] [environment]: Action: a_approach_arm
trials-all-1  | [robot-6] [INFO] [1698527542.300687863] [robot]: Receiving sync message. a_pick_up_sample,arm1,robot1
trials-all-1  | [robot-6] [INFO] [1698527542.306925790] [robot]: not ready
trials-all-1  | [arm-1] [INFO] [1698527542.318828651] [arm]: not ready
trials-all-1  | [environment-3] [INFO] [1698527542.324203588] [environment]: Responding
trials-all-1  | [arm-1] [INFO] [1698527542.324860580] [arm]: Action result: False
trials-all-1  | [robot-6] [INFO] [1698527542.335183460] [robot]: success
trials-all-1  | [environment-3] [INFO] [1698527542.335426457] [environment]: Receiving message: monitor
trials-all-1  | [environment-3] [INFO] [1698527542.341548385] [environment]: Action: monitor
trials-all-1  | [arm-1] [INFO] [1698527542.357544198] [arm]: Action: a_pick_up_sample
trials-all-1  | [arm-1] [INFO] [1698527542.365058110] [arm]: Doing a_pick_up_sample
trials-all-1  | [robot-6] [INFO] [1698527542.370316049] [robot]: Action result: True
trials-all-1  | [robot-6] [INFO] [1698527542.376683974] [robot]: Receiving sync message. a_pick_up_sample,arm1,robot1
trials-all-1  | [coordinator-2] [INFO] [1698527542.384280886] [coordinator]: Receiving sync message: action_complete,a_approach_arm
trials-all-1  | [coordinator-2] [INFO] [1698527542.388407837] [coordinator]: action_complete
trials-all-1  | [coordinator-2] [INFO] [1698527542.391806798] [coordinator]: plans_actions_current 8 of 11
trials-all-1  | [robot-6] [INFO] [1698527542.401870680] [robot]: not ready
trials-all-1  | [arm-1] [INFO] [1698527542.412674554] [arm]: not ready
trials-all-1  | [robot-6] [INFO] [1698527542.416712506] [robot]: Action: a_open_drawer
trials-all-1  | [arm-1] [INFO] [1698527542.418101490] [arm]: Action result: False
trials-all-1  | [robot-6] [INFO] [1698527542.420768459] [robot]: Doing a_open_drawer
trials-all-1  | [arm-1] [INFO] [1698527542.430236348] [arm]: Action: a_pick_up_sample
trials-all-1  | [arm-1] [INFO] [1698527542.434548298] [arm]: Doing a_pick_up_sample
trials-all-1  | [environment-3] [INFO] [1698527542.430346347] [environment]: Receiving message: monitor
trials-all-1  | [environment-3] [INFO] [1698527542.434569298] [environment]: Action: monitor
trials-all-1  | [robot-6] [INFO] [1698527542.439211243] [robot]: success
trials-all-1  | [robot-6] [INFO] [1698527542.449285126] [robot]: Action result: True
trials-all-1  | [coordinator-2] [INFO] [1698527542.462328973] [coordinator]: Receiving sync message: action_complete,a_open_drawer
trials-all-1  | [coordinator-2] [INFO] [1698527542.466118929] [coordinator]: action_complete
trials-all-1  | [environment-3] [INFO] [1698527542.469666887] [environment]: Receiving message: monitor
trials-all-1  | [coordinator-2] [INFO] [1698527542.469930884] [coordinator]: plans_actions_current 9 of 11
trials-all-1  | [robot-6] [INFO] [1698527542.473106847] [robot]: Receiving sync message. a_pick_up_sample,arm1,robot1
trials-all-1  | [environment-3] [INFO] [1698527542.475806815] [environment]: Action: monitor
trials-all-1  | [robot-6] [INFO] [1698527542.477499796] [robot]: not ready
trials-all-1  | [arm-1] [INFO] [1698527542.488977661] [arm]: not ready
trials-all-1  | [robot-6] [INFO] [1698527542.491441633] [robot]: Action: a_pick_up_sample
trials-all-1  | [robot-6] [INFO] [1698527542.495746582] [robot]: Doing a_pick_up_sample
trials-all-1  | [arm-1] [INFO] [1698527542.499005544] [arm]: Action result: False
trials-all-1  | [arm-1] [INFO] [1698527542.505526468] [arm]: Action: a_pick_up_sample
trials-all-1  | [robot-6] [INFO] [1698527542.511498398] [robot]: wating for arm1 to pick up from robot1
trials-all-1  | [arm-1] [INFO] [1698527542.514016369] [arm]: Doing a_pick_up_sample
trials-all-1  | [robot-6] [INFO] [1698527542.529056193] [robot]: Receiving sync message. a_pick_up_sample,arm1,robot1
trials-all-1  | [robot-6] [INFO] [1698527542.536208109] [robot]: Action result: False
trials-all-1  | [robot-6] [INFO] [1698527542.540729056] [robot]: Action: a_pick_up_sample
trials-all-1  | [robot-6] [INFO] [1698527542.545036006] [robot]: Pick up
trials-all-1  | [robot-6] [INFO] [1698527542.548435966] [robot]: Doing a_pick_up_sample
trials-all-1  | [environment-3] [INFO] [1698527542.550513942] [environment]: Receiving message: monitor
trials-all-1  | [robot-6] [INFO] [1698527542.552804915] [robot]: Action result: True
trials-all-1  | [coordinator-2] [INFO] [1698527542.559415838] [coordinator]: Receiving sync message: action_complete,a_pick_up_sample
trials-all-1  | [coordinator-2] [INFO] [1698527542.563307792] [coordinator]: action_complete
trials-all-1  | [coordinator-2] [INFO] [1698527542.568244735] [coordinator]: plans_actions_current 10 of 11
trials-all-1  | [arm-1] [INFO] [1698527542.570327710] [arm]: success
trials-all-1  | [environment-3] [INFO] [1698527542.575562649] [environment]: Action: monitor
trials-all-1  | [robot-6] [INFO] [1698527542.582827564] [robot]: Action: a_close_drawer
trials-all-1  | [robot-6] [INFO] [1698527542.591261466] [robot]: Doing a_close_drawer
trials-all-1  | [arm-1] [INFO] [1698527542.593312442] [arm]: Action result: True
trials-all-1  | [robot-6] [INFO] [1698527542.600081363] [robot]: success
trials-all-1  | [robot-6] [INFO] [1698527542.604366312] [robot]: Action result: True
trials-all-1  | [coordinator-2] [INFO] [1698527542.611144233] [coordinator]: Receiving sync message: action_complete,a_close_drawer
trials-all-1  | [coordinator-2] [INFO] [1698527542.615393183] [coordinator]: action_complete
trials-all-1  | [coordinator-2] [INFO] [1698527542.620756121] [coordinator]: plans_actions_current 11 of 11
trials-all-1  | [coordinator-2] [INFO] [1698527542.625423066] [coordinator]: The time of execution of above program is:2.7640490531921387
trials-all-1  | [coordinator-2] [INFO] [1698527542.628994024] [coordinator]: Achieved
trials-all-1  | [environment-3] [INFO] [1698527542.630261010] [environment]: Receiving message: monitor
trials-all-1  | [coordinator-2] [INFO] [1698527542.633021977] [coordinator]: ENDSIM
trials-all-1  | [environment-3] [INFO] [1698527542.649837781] [environment]: Action: monitor
trials-all-1 exited with code 0
