 Network trials_ros  Creating
 Network trials_ros  Created
 Container trials-all-1  Creating
 Container trials-all-1  Created
Attaching to trials-all-1
trials-all-1  | [INFO] [launch]: All log files can be found below /root/.ros/log/2023-10-29-00-30-33-612206-2dc5ab29e2ac-1
trials-all-1  | [INFO] [launch]: Default logging verbosity is set to INFO
trials-all-1  | [INFO] [arm-1]: process started with pid [52]
trials-all-1  | [INFO] [coordinator-2]: process started with pid [54]
trials-all-1  | [INFO] [environment-3]: process started with pid [56]
trials-all-1  | [INFO] [nurse-4]: process started with pid [58]
trials-all-1  | [INFO] [planner-5]: process started with pid [60]
trials-all-1  | [INFO] [robot-6]: process started with pid [62]
trials-all-1  | [arm-1] [INFO] [1698539437.609017458] [arm]: Starting Arm server
trials-all-1  | [arm-1] [INFO] [1698539437.642300996] [arm]: Arm server started
trials-all-1  | [arm-1] [INFO] [1698539437.656172804] [arm]: Starting Nurse clients
trials-all-1  | [coordinator-2] [INFO] [1698539437.660723741] [coordinator]: Starting Coordinator server
trials-all-1  | [nurse-4] [INFO] [1698539437.693695284] [nurse]: Starting Nurse server
trials-all-1  | [coordinator-2] [INFO] [1698539437.718937934] [coordinator]: Coordinator server started
trials-all-1  | [coordinator-2] [INFO] [1698539437.726291832] [coordinator]: Starting Coordinator clients
trials-all-1  | [nurse-4] [INFO] [1698539437.727740812] [nurse]: Nurse server started
trials-all-1  | [nurse-4] [INFO] [1698539437.748642522] [nurse]: Starting Nurse clients
trials-all-1  | [environment-3] [INFO] [1698539437.777832118] [environment]: Starting Environment server
trials-all-1  | [environment-3] [INFO] [1698539437.808892687] [environment]: Environment server started
trials-all-1  | [robot-6] [INFO] [1698539437.984103258] [robot]: Starting Robot server
trials-all-1  | [robot-6] [INFO] [1698539438.021525740] [robot]: Robot server started
trials-all-1  | [robot-6] [INFO] [1698539438.042074455] [robot]: Starting Robots clients
trials-all-1  | [nurse-4] [INFO] [1698539438.049717349] [nurse]: Nurse clients started
trials-all-1  | [nurse-4] [INFO] [1698539438.067231107] [nurse]: Sent request
trials-all-1  | [robot-6] [INFO] [1698539438.098701671] [robot]: Robots clients started
trials-all-1  | [arm-1] [INFO] [1698539438.204035212] [arm]: Nurse clients started
trials-all-1  | [coordinator-2] [INFO] [1698539438.755213577] [coordinator]: planner sync service not available, waiting again...
trials-all-1  | [coordinator-2] [INFO] [1698539439.773890475] [coordinator]: planner sync service not available, waiting again...
trials-all-1  | [coordinator-2] [INFO] [1698539440.791083404] [coordinator]: planner sync service not available, waiting again...
trials-all-1  | [coordinator-2] [INFO] [1698539441.810250316] [coordinator]: planner sync service not available, waiting again...
trials-all-1  | [coordinator-2] [INFO] [1698539442.826503280] [coordinator]: planner sync service not available, waiting again...
trials-all-1  | [coordinator-2] [INFO] [1698539443.843695240] [coordinator]: planner sync service not available, waiting again...
trials-all-1  | [planner-5] Matplotlib is building the font cache; this may take a moment.
trials-all-1  | [coordinator-2] [INFO] [1698539444.860913211] [coordinator]: planner sync service not available, waiting again...
trials-all-1  | [coordinator-2] [INFO] [1698539445.878043193] [coordinator]: planner sync service not available, waiting again...
trials-all-1  | [coordinator-2] [INFO] [1698539446.895010189] [coordinator]: planner sync service not available, waiting again...
trials-all-1  | [planner-5] [INFO] [1698539447.382042486] [planner]: Starting Planner server
trials-all-1  | [planner-5] [INFO] [1698539447.397523273] [planner]: Planner server started
trials-all-1  | [coordinator-2] [INFO] [1698539447.911243204] [coordinator]: planner sync service not available, waiting again...
trials-all-1  | [coordinator-2] [INFO] [1698539448.933978141] [coordinator]: planner sync service not available, waiting again...
trials-all-1  | [coordinator-2] [INFO] [1698539449.510948213] [coordinator]: Coordinator clients started
trials-all-1  | [coordinator-2] [INFO] [1698539449.643794388] [coordinator]: Receiving message of nurse1 in room3.
trials-all-1  | [coordinator-2] [INFO] [1698539449.648264326] [coordinator]: Sending response
trials-all-1  | [coordinator-2] [INFO] [1698539449.662274134] [coordinator]: Planing
trials-all-1  | [nurse-4] [INFO] [1698539449.662361133] [nurse]: Request response:Okay!
trials-all-1  | [coordinator-2] [INFO] [1698539449.669952028] [coordinator]: Creating plan for: robot1, nurse1, arm1 
trials-all-1  | [planner-5] [INFO] [1698539449.677818920] [planner]: Receiving sync message. need_plan,robot1,nurse1,arm1
trials-all-1  | [planner-5] [INFO] [1698539449.688965767] [planner]: Creating plan for: robot1 robot1 nurse1
trials-all-1  | [planner-5] [INFO] [1698539449.721537319] [planner]: a_navto,robot1,Room1
trials-all-1  | [planner-5] [INFO] [1698539449.730580195] [planner]: a_approach_nurse,robot1
trials-all-1  | [planner-5] [INFO] [1698539449.743285021] [planner]: a_authenticate_nurse,robot1,nurse1
trials-all-1  | [planner-5] [INFO] [1698539449.757349827] [planner]: a_open_drawer,robot1
trials-all-1  | [planner-5] [INFO] [1698539449.762009763] [planner]: a_deposit,nurse1,robot1
trials-all-1  | [planner-5] [INFO] [1698539449.777805546] [planner]: a_close_drawer,robot1
trials-all-1  | [planner-5] [INFO] [1698539449.783998461] [planner]: a_navto,robot1,Room3
trials-all-1  | [planner-5] [INFO] [1698539449.787861408] [planner]: a_approach_arm,robot1,arm1
trials-all-1  | [planner-5] [INFO] [1698539449.809247114] [planner]: a_open_drawer,robot1
trials-all-1  | [planner-5] [INFO] [1698539449.822681930] [planner]: a_pick_up_sample,arm1,robot1
trials-all-1  | [planner-5] [INFO] [1698539449.835052760] [planner]: a_close_drawer,robot1
trials-all-1  | [planner-5] [INFO] [1698539449.851278537] [planner]: Sending response
trials-all-1  | [coordinator-2] [INFO] [1698539449.862475383] [coordinator]: Plan received for: robot1, nurse1, arm1 
trials-all-1  | [coordinator-2] [INFO] [1698539449.866759324] [coordinator]: a_navto,robot1,Room1/a_approach_nurse,robot1/a_authenticate_nurse,robot1,nurse1/a_open_drawer,robot1/a_deposit,nurse1,robot1/a_close_drawer,robot1/a_navto,robot1,Room3/a_approach_arm,robot1,arm1/a_open_drawer,robot1/a_pick_up_sample,arm1,robot1/a_close_drawer,robot1
trials-all-1  | [coordinator-2] [INFO] [1698539449.883376096] [coordinator]: a_navto,robot1,Room1
trials-all-1  | [coordinator-2] [INFO] [1698539449.888248029] [coordinator]: a_approach_nurse,robot1
trials-all-1  | [coordinator-2] [INFO] [1698539449.897670899] [coordinator]: a_authenticate_nurse,robot1,nurse1
trials-all-1  | [coordinator-2] [INFO] [1698539449.902105839] [coordinator]: a_open_drawer,robot1
trials-all-1  | [coordinator-2] [INFO] [1698539449.906068784] [coordinator]: a_deposit,nurse1,robot1
trials-all-1  | [coordinator-2] [INFO] [1698539449.917659625] [coordinator]: a_close_drawer,robot1
trials-all-1  | [coordinator-2] [INFO] [1698539449.933634405] [coordinator]: a_navto,robot1,Room3
trials-all-1  | [coordinator-2] [INFO] [1698539449.937523352] [coordinator]: a_approach_arm,robot1,arm1
trials-all-1  | [coordinator-2] [INFO] [1698539449.941586296] [coordinator]: a_open_drawer,robot1
trials-all-1  | [coordinator-2] [INFO] [1698539449.956566090] [coordinator]: a_pick_up_sample,arm1,robot1
trials-all-1  | [coordinator-2] [INFO] [1698539449.960295039] [coordinator]: a_close_drawer,robot1
trials-all-1  | [coordinator-2] [INFO] [1698539449.964981975] [coordinator]: Sending plans
trials-all-1  | [coordinator-2] [INFO] [1698539449.987441666] [coordinator]: Plans sent
trials-all-1  | [robot-6] [INFO] [1698539449.998482514] [robot]: Receiving message.
trials-all-1  | [environment-3] [INFO] [1698539450.006261407] [environment]: Receiving message: monitor
trials-all-1  | [environment-3] [INFO] [1698539450.010673347] [environment]: Action: monitor
trials-all-1  | [arm-1] [INFO] [1698539450.007031397] [arm]: Receiving message.
trials-all-1  | [arm-1] [INFO] [1698539450.012507322] [arm]: Arm's actions:
trials-all-1  | [nurse-4] [INFO] [1698539450.022324187] [nurse]: Receiving message.
trials-all-1  | [nurse-4] [INFO] [1698539450.026134135] [nurse]: Nurse's actions:
trials-all-1  | [robot-6] [INFO] [1698539450.023067177] [robot]: Robot's actions:
trials-all-1  | [robot-6] [INFO] [1698539450.026797126] [robot]: a_navto
trials-all-1  | [arm-1] [INFO] [1698539450.023494171] [arm]: Action: a_approach_arm
trials-all-1  | [arm-1] [INFO] [1698539450.027839111] [arm]: Doing a_approach_arm
trials-all-1  | [arm-1] [INFO] [1698539450.031659059] [arm]: a_approach_arm
trials-all-1  | [robot-6] [INFO] [1698539450.034510020] [robot]: Action: a_navto
trials-all-1  | [environment-3] [INFO] [1698539450.042513910] [environment]: Receiving message: monitor
trials-all-1  | [environment-3] [INFO] [1698539450.046455856] [environment]: Action: monitor
trials-all-1  | [nurse-4] [INFO] [1698539450.043125901] [nurse]: Action: a_authenticate_nurse
trials-all-1  | [nurse-4] [INFO] [1698539450.046949849] [nurse]: a_authenticate_nurse
trials-all-1  | [robot-6] [INFO] [1698539450.046571854] [robot]: a_approach_nurse
trials-all-1  | [robot-6] [INFO] [1698539450.050945794] [robot]: a_open_drawer
trials-all-1  | [robot-6] [INFO] [1698539450.056728715] [robot]: Doing a_navto
trials-all-1  | [robot-6] [INFO] [1698539450.070768522] [robot]: a_deposit
trials-all-1  | [environment-3] [INFO] [1698539450.073577483] [environment]: Receiving message: a_approach_arm,robot1,arm1
trials-all-1  | [nurse-4] [INFO] [1698539450.073682482] [nurse]: Doing a_authenticate_nurse
trials-all-1  | [environment-3] [INFO] [1698539450.077634428] [environment]: Action: a_approach_arm
trials-all-1  | [robot-6] [INFO] [1698539450.080450389] [robot]: a_close_drawer
trials-all-1  | [environment-3] [INFO] [1698539450.082453361] [environment]: Responding
trials-all-1  | [robot-6] [INFO] [1698539450.087105298] [robot]: a_navto
trials-all-1  | [robot-6] [INFO] [1698539450.096618167] [robot]: a_approach_arm
trials-all-1  | [robot-6] [INFO] [1698539450.103040079] [robot]: a_open_drawer
trials-all-1  | [arm-1] [INFO] [1698539450.098062147] [arm]: success
trials-all-1  | [environment-3] [INFO] [1698539450.105288048] [environment]: Receiving message: monitor
trials-all-1  | [arm-1] [INFO] [1698539450.108403005] [arm]: Action result: True
trials-all-1  | [robot-6] [INFO] [1698539450.110286979] [robot]: a_pick_up_sample
trials-all-1  | [robot-6] [INFO] [1698539450.115553907] [robot]: a_close_drawer
trials-all-1  | [arm-1] [INFO] [1698539450.117148885] [arm]: Action: a_pick_up_sample
trials-all-1  | [arm-1] [INFO] [1698539450.122840807] [arm]: Doing a_pick_up_sample
trials-all-1  | [environment-3] [INFO] [1698539450.125318773] [environment]: Action: monitor
trials-all-1  | [robot-6] [INFO] [1698539450.136609618] [robot]: Receiving sync message. a_authenticate_nurse,robot1,nurse1
trials-all-1  | [robot-6] [INFO] [1698539450.143929517] [robot]: not ready
trials-all-1  | [environment-3] [INFO] [1698539450.151780410] [environment]: Receiving message: a_navto,robot1,Room1
trials-all-1  | [environment-3] [INFO] [1698539450.156027351] [environment]: Action: a_navto
trials-all-1  | [nurse-4] [INFO] [1698539450.159206308] [nurse]: not ready
trials-all-1  | [robot-6] [INFO] [1698539450.159630302] [robot]: Receiving sync message. a_pick_up_sample,arm1,robot1
trials-all-1  | [environment-3] [INFO] [1698539450.160539289] [environment]: Responding
trials-all-1  | [robot-6] [INFO] [1698539450.169288169] [robot]: not ready
trials-all-1  | [nurse-4] [INFO] [1698539450.173823107] [nurse]: Action result: False
trials-all-1  | [arm-1] [INFO] [1698539450.182094993] [arm]: not ready
trials-all-1  | [robot-6] [INFO] [1698539450.186696930] [robot]: success
trials-all-1  | [arm-1] [INFO] [1698539450.191263867] [arm]: Action result: False
trials-all-1  | [environment-3] [INFO] [1698539450.193094842] [environment]: Receiving message: monitor
trials-all-1  | [nurse-4] [INFO] [1698539450.194542822] [nurse]: Action: a_authenticate_nurse
trials-all-1  | [environment-3] [INFO] [1698539450.196681793] [environment]: Action: monitor
trials-all-1  | [robot-6] [INFO] [1698539450.197003789] [robot]: Action result: True
trials-all-1  | [arm-1] [INFO] [1698539450.205423673] [arm]: Action: a_pick_up_sample
trials-all-1  | [coordinator-2] [INFO] [1698539450.207101650] [coordinator]: Receiving sync message: action_complete,a_navto
trials-all-1  | [arm-1] [INFO] [1698539450.218223497] [arm]: Doing a_pick_up_sample
trials-all-1  | [nurse-4] [INFO] [1698539450.221448453] [nurse]: Doing a_authenticate_nurse
trials-all-1  | [coordinator-2] [INFO] [1698539450.223013432] [coordinator]: action_complete
trials-all-1  | [coordinator-2] [INFO] [1698539450.231400316] [coordinator]: plans_actions_current 1 of 11
trials-all-1  | [robot-6] [INFO] [1698539450.238929213] [robot]: Receiving sync message. a_pick_up_sample,arm1,robot1
trials-all-1  | [robot-6] [INFO] [1698539450.243558149] [robot]: not ready
trials-all-1  | [arm-1] [INFO] [1698539450.254382001] [arm]: not ready
trials-all-1  | [arm-1] [INFO] [1698539450.262945883] [arm]: Action result: False
trials-all-1  | [arm-1] [INFO] [1698539450.267034827] [arm]: Action: a_pick_up_sample
trials-all-1  | [robot-6] [INFO] [1698539450.267926815] [robot]: Receiving sync message. a_authenticate_nurse,robot1,nurse1
trials-all-1  | [arm-1] [INFO] [1698539450.272442753] [arm]: Doing a_pick_up_sample
trials-all-1  | [robot-6] [INFO] [1698539450.280744639] [robot]: not ready
trials-all-1  | [environment-3] [INFO] [1698539450.288773529] [environment]: Receiving message: monitor
trials-all-1  | [environment-3] [INFO] [1698539450.292464478] [environment]: Action: monitor
trials-all-1  | [robot-6] [INFO] [1698539450.298803391] [robot]: Action: a_approach_nurse
trials-all-1  | [robot-6] [INFO] [1698539450.304509313] [robot]: Doing a_approach_nurse
trials-all-1  | [robot-6] [INFO] [1698539450.311664214] [robot]: Receiving sync message. a_pick_up_sample,arm1,robot1
trials-all-1  | [nurse-4] [INFO] [1698539450.308229262] [nurse]: not ready
trials-all-1  | [nurse-4] [INFO] [1698539450.314886170] [nurse]: Action result: False
trials-all-1  | [environment-3] [INFO] [1698539450.318966114] [environment]: Receiving message: monitor
trials-all-1  | [robot-6] [INFO] [1698539450.318990114] [robot]: not ready
trials-all-1  | [nurse-4] [INFO] [1698539450.321770076] [nurse]: Action: a_authenticate_nurse
trials-all-1  | [environment-3] [INFO] [1698539450.323165056] [environment]: Action: monitor
trials-all-1  | [arm-1] [INFO] [1698539450.343280780] [arm]: not ready
trials-all-1  | [nurse-4] [INFO] [1698539450.345368752] [nurse]: Doing a_authenticate_nurse
trials-all-1  | [arm-1] [INFO] [1698539450.349639693] [arm]: Action result: False
trials-all-1  | [robot-6] [INFO] [1698539450.354119632] [robot]: Receiving sync message. a_authenticate_nurse,robot1,nurse1
trials-all-1  | [environment-3] [INFO] [1698539450.355050619] [environment]: Receiving message: a_approach_nurse,robot1
trials-all-1  | [environment-3] [INFO] [1698539450.358911566] [environment]: Action: a_approach_nurse
trials-all-1  | [robot-6] [INFO] [1698539450.359160562] [robot]: not ready
trials-all-1  | [nurse-4] [INFO] [1698539450.367806444] [nurse]: not ready
trials-all-1  | [arm-1] [INFO] [1698539450.368453435] [arm]: Action: a_pick_up_sample
trials-all-1  | [nurse-4] [INFO] [1698539450.372908374] [nurse]: Action result: False
trials-all-1  | [arm-1] [INFO] [1698539450.376913319] [arm]: Doing a_pick_up_sample
trials-all-1  | [environment-3] [INFO] [1698539450.381629254] [environment]: Responding
trials-all-1  | [nurse-4] [INFO] [1698539450.391181123] [nurse]: Action: a_authenticate_nurse
trials-all-1  | [environment-3] [INFO] [1698539450.393172095] [environment]: Receiving message: monitor
trials-all-1  | [nurse-4] [INFO] [1698539450.396528049] [nurse]: Doing a_authenticate_nurse
trials-all-1  | [robot-6] [INFO] [1698539450.399586007] [robot]: Receiving sync message. a_pick_up_sample,arm1,robot1
trials-all-1  | [robot-6] [INFO] [1698539450.403858949] [robot]: not ready
trials-all-1  | [robot-6] [INFO] [1698539450.411875839] [robot]: Receiving sync message. a_authenticate_nurse,robot1,nurse1
trials-all-1  | [robot-6] [INFO] [1698539450.415348791] [robot]: not ready
trials-all-1  | [environment-3] [INFO] [1698539450.416504775] [environment]: Action: monitor
trials-all-1  | [arm-1] [INFO] [1698539450.422428694] [arm]: not ready
trials-all-1  | [robot-6] [INFO] [1698539450.427920618] [robot]: success
trials-all-1  | [arm-1] [INFO] [1698539450.431120574] [arm]: Action result: False
trials-all-1  | [nurse-4] [INFO] [1698539450.432637553] [nurse]: not ready
trials-all-1  | [arm-1] [INFO] [1698539450.437358489] [arm]: Action: a_pick_up_sample
trials-all-1  | [robot-6] [INFO] [1698539450.440010452] [robot]: Action result: True
trials-all-1  | [nurse-4] [INFO] [1698539450.445671375] [nurse]: Action result: False
trials-all-1  | [arm-1] [INFO] [1698539450.446842358] [arm]: Doing a_pick_up_sample
trials-all-1  | [environment-3] [INFO] [1698539450.449890317] [environment]: Receiving message: monitor
trials-all-1  | [nurse-4] [INFO] [1698539450.450441309] [nurse]: Action: a_authenticate_nurse
trials-all-1  | [coordinator-2] [INFO] [1698539450.458807194] [coordinator]: Receiving sync message: action_complete,a_approach_nurse
trials-all-1  | [robot-6] [INFO] [1698539450.459758181] [robot]: Receiving sync message. a_pick_up_sample,arm1,robot1
trials-all-1  | [coordinator-2] [INFO] [1698539450.462514143] [coordinator]: action_complete
trials-all-1  | [nurse-4] [INFO] [1698539450.465118108] [nurse]: Doing a_authenticate_nurse
trials-all-1  | [environment-3] [INFO] [1698539450.466304091] [environment]: Action: monitor
trials-all-1  | [robot-6] [INFO] [1698539450.467045081] [robot]: not ready
trials-all-1  | [robot-6] [INFO] [1698539450.481489883] [robot]: Receiving sync message. a_authenticate_nurse,robot1,nurse1
trials-all-1  | [coordinator-2] [INFO] [1698539450.482418870] [coordinator]: plans_actions_current 2 of 11
trials-all-1  | [arm-1] [INFO] [1698539450.487927794] [arm]: not ready
trials-all-1  | [robot-6] [INFO] [1698539450.492320734] [robot]: not ready
trials-all-1  | [arm-1] [INFO] [1698539450.494072710] [arm]: Action result: False
trials-all-1  | [robot-6] [INFO] [1698539450.506559539] [robot]: Action: a_authenticate_nurse
trials-all-1  | [environment-3] [INFO] [1698539450.509837494] [environment]: Receiving message: monitor
trials-all-1  | [nurse-4] [INFO] [1698539450.510016491] [nurse]: not ready
trials-all-1  | [environment-3] [INFO] [1698539450.514115435] [environment]: Action: monitor
trials-all-1  | [robot-6] [INFO] [1698539450.523255309] [robot]: Doing a_authenticate_nurse
trials-all-1  | [robot-6] [INFO] [1698539450.527679249] [robot]: wating for nurse1 to authenticate to robot1
trials-all-1  | [nurse-4] [INFO] [1698539450.530096215] [nurse]: Action result: False
trials-all-1  | [nurse-4] [INFO] [1698539450.534513155] [nurse]: Action: a_authenticate_nurse
trials-all-1  | [arm-1] [INFO] [1698539450.540244076] [arm]: Action: a_pick_up_sample
trials-all-1  | [environment-3] [INFO] [1698539450.541839054] [environment]: Receiving message: monitor
trials-all-1  | [environment-3] [INFO] [1698539450.546229994] [environment]: Action: monitor
trials-all-1  | [arm-1] [INFO] [1698539450.559148817] [arm]: Doing a_pick_up_sample
trials-all-1  | [nurse-4] [INFO] [1698539450.562398772] [nurse]: Doing a_authenticate_nurse
trials-all-1  | [robot-6] [INFO] [1698539450.567683699] [robot]: Action result: False
trials-all-1  | [environment-3] [INFO] [1698539450.581678507] [environment]: Receiving message: monitor
trials-all-1  | [robot-6] [INFO] [1698539450.584032475] [robot]: Action: a_authenticate_nurse
trials-all-1  | [robot-6] [INFO] [1698539450.588304416] [robot]: Receiving sync message. a_pick_up_sample,arm1,robot1
trials-all-1  | [environment-3] [INFO] [1698539450.591828368] [environment]: Action: monitor
trials-all-1  | [robot-6] [INFO] [1698539450.599827258] [robot]: not ready
trials-all-1  | [robot-6] [INFO] [1698539450.606845162] [robot]: Receiving sync message. a_authenticate_nurse,robot1,nurse1
trials-all-1  | [arm-1] [INFO] [1698539450.609443126] [arm]: not ready
trials-all-1  | [robot-6] [INFO] [1698539450.615938037] [robot]: Doing a_authenticate_nurse
trials-all-1  | [robot-6] [INFO] [1698539450.622986940] [robot]: Action result: True
trials-all-1  | [arm-1] [INFO] [1698539450.623695930] [arm]: Action result: False
trials-all-1  | [environment-3] [INFO] [1698539450.623995926] [environment]: Receiving message: monitor
trials-all-1  | [robot-6] [INFO] [1698539450.628818860] [robot]: Authenticate nurse
trials-all-1  | [arm-1] [INFO] [1698539450.629542850] [arm]: Action: a_pick_up_sample
trials-all-1  | [coordinator-2] [INFO] [1698539450.631151828] [coordinator]: Receiving sync message: action_complete,a_authenticate_nurse
trials-all-1  | [coordinator-2] [INFO] [1698539450.637435742] [coordinator]: action_complete
trials-all-1  | [nurse-4] [INFO] [1698539450.639009720] [nurse]: success
trials-all-1  | [nurse-4] [INFO] [1698539450.644446645] [nurse]: Action result: True
trials-all-1  | [arm-1] [INFO] [1698539450.659341441] [arm]: Doing a_pick_up_sample
trials-all-1  | [environment-3] [INFO] [1698539450.659391440] [environment]: Action: monitor
trials-all-1  | [coordinator-2] [INFO] [1698539450.661429412] [coordinator]: plans_actions_current 3 of 11
trials-all-1  | [nurse-4] [INFO] [1698539450.672111266] [nurse]: Action: a_deposit
trials-all-1  | [nurse-4] [INFO] [1698539450.678730175] [nurse]: Doing a_deposit
trials-all-1  | [robot-6] [INFO] [1698539450.678060184] [robot]: Action: a_open_drawer
trials-all-1  | [robot-6] [INFO] [1698539450.690306016] [robot]: Receiving sync message. a_pick_up_sample,arm1,robot1
trials-all-1  | [environment-3] [INFO] [1698539450.695262948] [environment]: Receiving message: monitor
trials-all-1  | [robot-6] [INFO] [1698539450.695439945] [robot]: Doing a_open_drawer
trials-all-1  | [environment-3] [INFO] [1698539450.699680887] [environment]: Action: monitor
trials-all-1  | [robot-6] [INFO] [1698539450.700269879] [robot]: success
trials-all-1  | [robot-6] [INFO] [1698539450.708048772] [robot]: not ready
trials-all-1  | [arm-1] [INFO] [1698539450.716334658] [arm]: not ready
trials-all-1  | [arm-1] [INFO] [1698539450.722317576] [arm]: Action result: False
trials-all-1  | [robot-6] [INFO] [1698539450.730082470] [robot]: Action result: True
trials-all-1  | [arm-1] [INFO] [1698539450.735277398] [arm]: Action: a_pick_up_sample
trials-all-1  | [coordinator-2] [INFO] [1698539450.736901376] [coordinator]: Receiving sync message: action_complete,a_open_drawer
trials-all-1  | [robot-6] [INFO] [1698539450.737073374] [robot]: Receiving sync message. a_deposit,nurse1,robot1
trials-all-1  | [robot-6] [INFO] [1698539450.741214317] [robot]: not ready
trials-all-1  | [arm-1] [INFO] [1698539450.745155263] [arm]: Doing a_pick_up_sample
trials-all-1  | [environment-3] [INFO] [1698539450.749701200] [environment]: Receiving message: monitor
trials-all-1  | [environment-3] [INFO] [1698539450.753889143] [environment]: Action: monitor
trials-all-1  | [nurse-4] [INFO] [1698539450.753910142] [nurse]: not ready
trials-all-1  | [coordinator-2] [INFO] [1698539450.762612023] [coordinator]: action_complete
trials-all-1  | [nurse-4] [INFO] [1698539450.764783993] [nurse]: Action result: False
trials-all-1  | [nurse-4] [INFO] [1698539450.769772925] [nurse]: Action: a_deposit
trials-all-1  | [robot-6] [INFO] [1698539450.775234850] [robot]: Receiving sync message. a_pick_up_sample,arm1,robot1
trials-all-1  | [robot-6] [INFO] [1698539450.780581776] [robot]: not ready
trials-all-1  | [coordinator-2] [INFO] [1698539450.782211754] [coordinator]: plans_actions_current 4 of 11
trials-all-1  | [nurse-4] [INFO] [1698539450.783084742] [nurse]: Doing a_deposit
trials-all-1  | [arm-1] [INFO] [1698539450.797996537] [arm]: not ready
trials-all-1  | [robot-6] [INFO] [1698539450.801036495] [robot]: Action: a_deposit
trials-all-1  | [arm-1] [INFO] [1698539450.803747458] [arm]: Action result: False
trials-all-1  | [robot-6] [INFO] [1698539450.806988414] [robot]: Doing a_deposit
trials-all-1  | [environment-3] [INFO] [1698539450.810404367] [environment]: Receiving message: monitor
trials-all-1  | [arm-1] [INFO] [1698539450.811866347] [arm]: Action: a_pick_up_sample
trials-all-1  | [environment-3] [INFO] [1698539450.814625309] [environment]: Action: monitor
trials-all-1  | [robot-6] [INFO] [1698539450.814924305] [robot]: Receiving sync message. a_deposit,nurse1,robot1
trials-all-1  | [arm-1] [INFO] [1698539450.827396134] [arm]: Doing a_pick_up_sample
trials-all-1  | [robot-6] [INFO] [1698539450.827894127] [robot]: wating for nurse1 to deposit in robot1
trials-all-1  | [environment-3] [INFO] [1698539450.833639048] [environment]: Receiving message: monitor
trials-all-1  | [environment-3] [INFO] [1698539450.838038987] [environment]: Action: monitor
trials-all-1  | [robot-6] [INFO] [1698539450.848590843] [robot]: Action result: False
trials-all-1  | [robot-6] [INFO] [1698539450.850809812] [robot]: Deposit
trials-all-1  | [environment-3] [INFO] [1698539450.858813702] [environment]: Receiving message: monitor
trials-all-1  | [robot-6] [INFO] [1698539450.861243669] [robot]: Receiving sync message. a_pick_up_sample,arm1,robot1
trials-all-1  | [environment-3] [INFO] [1698539450.863199642] [environment]: Action: monitor
trials-all-1  | [nurse-4] [INFO] [1698539450.869311558] [nurse]: success
trials-all-1  | [robot-6] [INFO] [1698539450.870061548] [robot]: not ready
trials-all-1  | [arm-1] [INFO] [1698539450.886684320] [arm]: not ready
trials-all-1  | [arm-1] [INFO] [1698539450.892766236] [arm]: Action result: False
trials-all-1  | [environment-3] [INFO] [1698539450.894901207] [environment]: Receiving message: monitor
trials-all-1  | [nurse-4] [INFO] [1698539450.897953165] [nurse]: Action result: True
trials-all-1  | [environment-3] [INFO] [1698539450.899099149] [environment]: Action: monitor
trials-all-1  | [robot-6] [INFO] [1698539450.916087916] [robot]: Action: a_deposit
trials-all-1  | [robot-6] [INFO] [1698539450.919945863] [robot]: Doing a_deposit
trials-all-1  | [robot-6] [INFO] [1698539450.923565813] [robot]: Action result: True
trials-all-1  | [arm-1] [INFO] [1698539450.918602881] [arm]: Action: a_pick_up_sample
trials-all-1  | [arm-1] [INFO] [1698539450.922839823] [arm]: Doing a_pick_up_sample
trials-all-1  | [environment-3] [INFO] [1698539450.920606854] [environment]: Receiving message: monitor
trials-all-1  | [environment-3] [INFO] [1698539450.924053806] [environment]: Action: monitor
trials-all-1  | [coordinator-2] [INFO] [1698539450.942407554] [coordinator]: Receiving sync message: action_complete,a_deposit
trials-all-1  | [coordinator-2] [INFO] [1698539450.946560497] [coordinator]: action_complete
trials-all-1  | [robot-6] [INFO] [1698539450.943203544] [robot]: Receiving sync message. a_pick_up_sample,arm1,robot1
trials-all-1  | [robot-6] [INFO] [1698539450.946873493] [robot]: not ready
trials-all-1  | [environment-3] [INFO] [1698539450.954724385] [environment]: Receiving message: monitor
trials-all-1  | [arm-1] [INFO] [1698539450.955899369] [arm]: not ready
trials-all-1  | [environment-3] [INFO] [1698539450.959368322] [environment]: Action: monitor
trials-all-1  | [coordinator-2] [INFO] [1698539450.962149283] [coordinator]: plans_actions_current 5 of 11
trials-all-1  | [robot-6] [INFO] [1698539450.976083092] [robot]: Action: a_close_drawer
trials-all-1  | [arm-1] [INFO] [1698539450.977963066] [arm]: Action result: False
trials-all-1  | [robot-6] [INFO] [1698539450.981550017] [robot]: Doing a_close_drawer
trials-all-1  | [arm-1] [INFO] [1698539450.989751904] [arm]: Action: a_pick_up_sample
trials-all-1  | [environment-3] [INFO] [1698539450.990993887] [environment]: Receiving message: monitor
trials-all-1  | [robot-6] [INFO] [1698539450.991873875] [robot]: success
trials-all-1  | [environment-3] [INFO] [1698539450.995081831] [environment]: Action: monitor
trials-all-1  | [robot-6] [INFO] [1698539451.001581742] [robot]: Action result: True
trials-all-1  | [arm-1] [INFO] [1698539451.002117735] [arm]: Doing a_pick_up_sample
trials-all-1  | [coordinator-2] [INFO] [1698539451.014312567] [coordinator]: Receiving sync message: action_complete,a_close_drawer
trials-all-1  | [robot-6] [INFO] [1698539451.019047502] [robot]: Receiving sync message. a_pick_up_sample,arm1,robot1
trials-all-1  | [robot-6] [INFO] [1698539451.026702397] [robot]: not ready
trials-all-1  | [coordinator-2] [INFO] [1698539451.026993393] [coordinator]: action_complete
trials-all-1  | [environment-3] [INFO] [1698539451.029534359] [environment]: Receiving message: monitor
trials-all-1  | [arm-1] [INFO] [1698539451.038314238] [arm]: not ready
trials-all-1  | [coordinator-2] [INFO] [1698539451.045790135] [coordinator]: plans_actions_current 6 of 11
trials-all-1  | [arm-1] [INFO] [1698539451.051309060] [arm]: Action result: False
trials-all-1  | [environment-3] [INFO] [1698539451.052789039] [environment]: Action: monitor
trials-all-1  | [robot-6] [INFO] [1698539451.066583850] [robot]: Action: a_navto
trials-all-1  | [arm-1] [INFO] [1698539451.068893819] [arm]: Action: a_pick_up_sample
trials-all-1  | [robot-6] [INFO] [1698539451.074791738] [robot]: Doing a_navto
trials-all-1  | [arm-1] [INFO] [1698539451.079443674] [arm]: Doing a_pick_up_sample
trials-all-1  | [robot-6] [INFO] [1698539451.089315538] [robot]: Receiving sync message. a_pick_up_sample,arm1,robot1
trials-all-1  | [robot-6] [INFO] [1698539451.093087487] [robot]: not ready
trials-all-1  | [arm-1] [INFO] [1698539451.104129335] [arm]: not ready
trials-all-1  | [arm-1] [INFO] [1698539451.110142253] [arm]: Action result: False
trials-all-1  | [arm-1] [INFO] [1698539451.115844174] [arm]: Action: a_pick_up_sample
trials-all-1  | [arm-1] [INFO] [1698539451.121438098] [arm]: Doing a_pick_up_sample
trials-all-1  | [robot-6] [INFO] [1698539451.129768983] [robot]: Receiving sync message. a_pick_up_sample,arm1,robot1
trials-all-1  | [robot-6] [INFO] [1698539451.136080897] [robot]: not ready
trials-all-1  | [arm-1] [INFO] [1698539451.143818791] [arm]: not ready
trials-all-1  | [arm-1] [INFO] [1698539451.147834735] [arm]: Action result: False
trials-all-1  | [arm-1] [INFO] [1698539451.151491685] [arm]: Action: a_pick_up_sample
trials-all-1  | [arm-1] [INFO] [1698539451.157045609] [arm]: Doing a_pick_up_sample
trials-all-1  | [robot-6] [INFO] [1698539451.166003486] [robot]: Receiving sync message. a_pick_up_sample,arm1,robot1
trials-all-1  | [robot-6] [INFO] [1698539451.169169443] [robot]: not ready
trials-all-1  | [arm-1] [INFO] [1698539451.183624244] [arm]: not ready
trials-all-1  | [arm-1] [INFO] [1698539451.190033157] [arm]: Action result: False
trials-all-1  | [environment-3] [INFO] [1698539451.190567149] [environment]: Receiving message: monitor
trials-all-1  | [arm-1] [INFO] [1698539451.195509081] [arm]: Action: a_pick_up_sample
trials-all-1  | [arm-1] [INFO] [1698539451.201501999] [arm]: Doing a_pick_up_sample
trials-all-1  | [robot-6] [INFO] [1698539451.208903898] [robot]: Receiving sync message. a_pick_up_sample,arm1,robot1
trials-all-1  | [robot-6] [INFO] [1698539451.212768845] [robot]: not ready
trials-all-1  | [arm-1] [INFO] [1698539451.227609641] [arm]: not ready
trials-all-1  | [arm-1] [INFO] [1698539451.231698585] [arm]: Action result: False
trials-all-1  | [arm-1] [INFO] [1698539451.239956472] [arm]: Action: a_pick_up_sample
trials-all-1  | [arm-1] [INFO] [1698539451.246525381] [arm]: Doing a_pick_up_sample
trials-all-1  | [robot-6] [INFO] [1698539451.254523272] [robot]: Receiving sync message. a_pick_up_sample,arm1,robot1
trials-all-1  | [robot-6] [INFO] [1698539451.261255179] [robot]: not ready
trials-all-1  | [arm-1] [INFO] [1698539451.271475039] [arm]: not ready
trials-all-1  | [arm-1] [INFO] [1698539451.278173947] [arm]: Action result: False
trials-all-1  | [arm-1] [INFO] [1698539451.284571859] [arm]: Action: a_pick_up_sample
trials-all-1  | [arm-1] [INFO] [1698539451.290362780] [arm]: Doing a_pick_up_sample
trials-all-1  | [robot-6] [INFO] [1698539451.295705707] [robot]: Receiving sync message. a_pick_up_sample,arm1,robot1
trials-all-1  | [robot-6] [INFO] [1698539451.300346643] [robot]: not ready
trials-all-1  | [arm-1] [INFO] [1698539451.309624516] [arm]: not ready
trials-all-1  | [arm-1] [INFO] [1698539451.313840458] [arm]: Action result: False
trials-all-1  | [arm-1] [INFO] [1698539451.317696405] [arm]: Action: a_pick_up_sample
trials-all-1  | [arm-1] [INFO] [1698539451.325243301] [arm]: Doing a_pick_up_sample
trials-all-1  | [robot-6] [INFO] [1698539451.334521174] [robot]: Receiving sync message. a_pick_up_sample,arm1,robot1
trials-all-1  | [robot-6] [INFO] [1698539451.341588077] [robot]: not ready
trials-all-1  | [arm-1] [INFO] [1698539451.352568927] [arm]: not ready
trials-all-1  | [arm-1] [INFO] [1698539451.357195863] [arm]: Action result: False
trials-all-1  | [environment-3] [INFO] [1698539451.356814868] [environment]: Action: monitor
trials-all-1  | [environment-3] [INFO] [1698539451.367531721] [environment]: Receiving message: a_navto,robot1,Room3
trials-all-1  | [arm-1] [INFO] [1698539451.372407654] [arm]: Action: a_pick_up_sample
trials-all-1  | [arm-1] [INFO] [1698539451.379571556] [arm]: Doing a_pick_up_sample
trials-all-1  | [robot-6] [INFO] [1698539451.389884415] [robot]: Receiving sync message. a_pick_up_sample,arm1,robot1
trials-all-1  | [environment-3] [INFO] [1698539451.389952414] [environment]: Action: a_navto
trials-all-1  | [robot-6] [INFO] [1698539451.398937290] [robot]: not ready
trials-all-1  | [environment-3] [INFO] [1698539451.403523228] [environment]: Responding
trials-all-1  | [arm-1] [INFO] [1698539451.409926140] [arm]: not ready
trials-all-1  | [robot-6] [INFO] [1698539451.412511104] [robot]: success
trials-all-1  | [arm-1] [INFO] [1698539451.419050014] [arm]: Action result: False
trials-all-1  | [arm-1] [INFO] [1698539451.423169958] [arm]: Action: a_pick_up_sample
trials-all-1  | [arm-1] [INFO] [1698539451.426669910] [arm]: Doing a_pick_up_sample
trials-all-1  | [robot-6] [INFO] [1698539451.419050014] [robot]: Action result: True
trials-all-1  | [coordinator-2] [INFO] [1698539451.425838921] [coordinator]: Receiving sync message: action_complete,a_navto
trials-all-1  | [coordinator-2] [INFO] [1698539451.430063863] [coordinator]: action_complete
trials-all-1  | [coordinator-2] [INFO] [1698539451.447993617] [coordinator]: plans_actions_current 7 of 11
trials-all-1  | [robot-6] [INFO] [1698539451.454823524] [robot]: Receiving sync message. a_pick_up_sample,arm1,robot1
trials-all-1  | [environment-3] [INFO] [1698539451.461632430] [environment]: Receiving message: monitor
trials-all-1  | [robot-6] [INFO] [1698539451.461632430] [robot]: not ready
trials-all-1  | [arm-1] [INFO] [1698539451.469886317] [arm]: not ready
trials-all-1  | [arm-1] [INFO] [1698539451.473653265] [arm]: Action result: False
trials-all-1  | [robot-6] [INFO] [1698539451.473142272] [robot]: Action: a_approach_arm
trials-all-1  | [robot-6] [INFO] [1698539451.476715223] [robot]: Doing a_approach_arm
trials-all-1  | [environment-3] [INFO] [1698539451.473569266] [environment]: Action: monitor
trials-all-1  | [arm-1] [INFO] [1698539451.485185107] [arm]: Action: a_pick_up_sample
trials-all-1  | [arm-1] [INFO] [1698539451.489058054] [arm]: Doing a_pick_up_sample
trials-all-1  | [environment-3] [INFO] [1698539451.489401049] [environment]: Receiving message: a_approach_arm,robot1,arm1
trials-all-1  | [environment-3] [INFO] [1698539451.493168998] [environment]: Action: a_approach_arm
trials-all-1  | [robot-6] [INFO] [1698539451.509805769] [robot]: Receiving sync message. a_pick_up_sample,arm1,robot1
trials-all-1  | [robot-6] [INFO] [1698539451.515350693] [robot]: not ready
trials-all-1  | [arm-1] [INFO] [1698539451.523458582] [arm]: not ready
trials-all-1  | [arm-1] [INFO] [1698539451.530485486] [arm]: Action result: False
trials-all-1  | [environment-3] [INFO] [1698539451.524996561] [environment]: Responding
trials-all-1  | [environment-3] [INFO] [1698539451.531627470] [environment]: Receiving message: monitor
trials-all-1  | [arm-1] [INFO] [1698539451.534446431] [arm]: Action: a_pick_up_sample
trials-all-1  | [arm-1] [INFO] [1698539451.543242311] [arm]: Doing a_pick_up_sample
trials-all-1  | [environment-3] [INFO] [1698539451.535431418] [environment]: Action: monitor
trials-all-1  | [robot-6] [INFO] [1698539451.541483335] [robot]: success
trials-all-1  | [robot-6] [INFO] [1698539451.546900260] [robot]: Action result: True
trials-all-1  | [robot-6] [INFO] [1698539451.553201174] [robot]: Receiving sync message. a_pick_up_sample,arm1,robot1
trials-all-1  | [robot-6] [INFO] [1698539451.556757125] [robot]: not ready
trials-all-1  | [coordinator-2] [INFO] [1698539451.553035176] [coordinator]: Receiving sync message: action_complete,a_approach_arm
trials-all-1  | [coordinator-2] [INFO] [1698539451.556502129] [coordinator]: action_complete
trials-all-1  | [coordinator-2] [INFO] [1698539451.568612963] [coordinator]: plans_actions_current 8 of 11
trials-all-1  | [arm-1] [INFO] [1698539451.572113914] [arm]: not ready
trials-all-1  | [environment-3] [INFO] [1698539451.572355911] [environment]: Receiving message: monitor
trials-all-1  | [environment-3] [INFO] [1698539451.586725714] [environment]: Action: monitor
trials-all-1  | [arm-1] [INFO] [1698539451.580781796] [arm]: Action result: False
trials-all-1  | [arm-1] [INFO] [1698539451.584509744] [arm]: Action: a_pick_up_sample
trials-all-1  | [arm-1] [INFO] [1698539451.588035696] [arm]: Doing a_pick_up_sample
trials-all-1  | [robot-6] [INFO] [1698539451.581992779] [robot]: Action: a_open_drawer
trials-all-1  | [robot-6] [INFO] [1698539451.585699728] [robot]: Doing a_open_drawer
trials-all-1  | [robot-6] [INFO] [1698539451.602399499] [robot]: Receiving sync message. a_pick_up_sample,arm1,robot1
trials-all-1  | [robot-6] [INFO] [1698539451.605038463] [robot]: success
trials-all-1  | [robot-6] [INFO] [1698539451.612651358] [robot]: Action result: True
trials-all-1  | [robot-6] [INFO] [1698539451.615947313] [robot]: not ready
trials-all-1  | [environment-3] [INFO] [1698539451.615057325] [environment]: Receiving message: monitor
trials-all-1  | [environment-3] [INFO] [1698539451.619631263] [environment]: Action: monitor
trials-all-1  | [coordinator-2] [INFO] [1698539451.622956217] [coordinator]: Receiving sync message: action_complete,a_open_drawer
trials-all-1  | [coordinator-2] [INFO] [1698539451.626997162] [coordinator]: action_complete
trials-all-1  | [coordinator-2] [INFO] [1698539451.630304116] [coordinator]: plans_actions_current 9 of 11
trials-all-1  | [arm-1] [INFO] [1698539451.622978217] [arm]: not ready
trials-all-1  | [arm-1] [INFO] [1698539451.627050161] [arm]: Action result: False
trials-all-1  | [arm-1] [INFO] [1698539451.630758110] [arm]: Action: a_pick_up_sample
trials-all-1  | [arm-1] [INFO] [1698539451.647414881] [arm]: Doing a_pick_up_sample
trials-all-1  | [robot-6] [INFO] [1698539451.658026736] [robot]: Action: a_pick_up_sample
trials-all-1  | [robot-6] [INFO] [1698539451.663660658] [robot]: Doing a_pick_up_sample
trials-all-1  | [robot-6] [INFO] [1698539451.671219555] [robot]: Receiving sync message. a_pick_up_sample,arm1,robot1
trials-all-1  | [environment-3] [INFO] [1698539451.675697493] [environment]: Receiving message: monitor
trials-all-1  | [robot-6] [INFO] [1698539451.685923353] [robot]: wating for arm1 to pick up from robot1
trials-all-1  | [environment-3] [INFO] [1698539451.692529262] [environment]: Action: monitor
trials-all-1  | [robot-6] [INFO] [1698539451.699581166] [robot]: Action result: False
trials-all-1  | [robot-6] [INFO] [1698539451.701717136] [robot]: Pick up
trials-all-1  | [robot-6] [INFO] [1698539451.710056022] [robot]: Action: a_pick_up_sample
trials-all-1  | [robot-6] [INFO] [1698539451.714153966] [robot]: Doing a_pick_up_sample
trials-all-1  | [arm-1] [INFO] [1698539451.710499016] [arm]: success
trials-all-1  | [arm-1] [INFO] [1698539451.714361963] [arm]: Action result: True
trials-all-1  | [robot-6] [INFO] [1698539451.724153829] [robot]: Action result: True
trials-all-1  | [environment-3] [INFO] [1698539451.728788765] [environment]: Receiving message: monitor
trials-all-1  | [environment-3] [INFO] [1698539451.732671712] [environment]: Action: monitor
trials-all-1  | [coordinator-2] [INFO] [1698539451.730241745] [coordinator]: Receiving sync message: action_complete,a_pick_up_sample
trials-all-1  | [coordinator-2] [INFO] [1698539451.735238676] [coordinator]: action_complete
trials-all-1  | [coordinator-2] [INFO] [1698539451.739709615] [coordinator]: plans_actions_current 10 of 11
trials-all-1  | [robot-6] [INFO] [1698539451.752317442] [robot]: Action: a_close_drawer
trials-all-1  | [robot-6] [INFO] [1698539451.756004392] [robot]: Doing a_close_drawer
trials-all-1  | [robot-6] [INFO] [1698539451.768813216] [robot]: success
trials-all-1  | [robot-6] [INFO] [1698539451.781837037] [robot]: Action result: True
trials-all-1  | [coordinator-2] [INFO] [1698539451.797577821] [coordinator]: Receiving sync message: action_complete,a_close_drawer
trials-all-1  | [coordinator-2] [INFO] [1698539451.813330605] [coordinator]: action_complete
trials-all-1  | [environment-3] [INFO] [1698539451.824696449] [environment]: Receiving message: monitor
trials-all-1  | [environment-3] [INFO] [1698539451.828314399] [environment]: Action: monitor
trials-all-1  | [coordinator-2] [INFO] [1698539451.825456439] [coordinator]: plans_actions_current 11 of 11
trials-all-1  | [coordinator-2] [INFO] [1698539451.829546383] [coordinator]: The time of execution of above program is:2.2909395694732666
trials-all-1  | [coordinator-2] [INFO] [1698539451.851906076] [coordinator]: Achieved
trials-all-1  | [coordinator-2] [INFO] [1698539451.855781023] [coordinator]: ENDSIM
trials-all-1 exited with code 0
