 Network trials_ros  Creating
 Network trials_ros  Created
 Container trials-all-1  Creating
 Container trials-all-1  Created
Attaching to trials-all-1
trials-all-1  | [INFO] [launch]: All log files can be found below /root/.ros/log/2023-10-29-00-18-05-756710-d883e41b612a-1
trials-all-1  | [INFO] [launch]: Default logging verbosity is set to INFO
trials-all-1  | [INFO] [arm-1]: process started with pid [52]
trials-all-1  | [INFO] [coordinator-2]: process started with pid [54]
trials-all-1  | [INFO] [environment-3]: process started with pid [56]
trials-all-1  | [INFO] [nurse-4]: process started with pid [58]
trials-all-1  | [INFO] [planner-5]: process started with pid [60]
trials-all-1  | [INFO] [robot-6]: process started with pid [62]
trials-all-1  | [robot-6] [INFO] [1698538689.414640563] [robot]: Starting Robot server
trials-all-1  | [robot-6] [INFO] [1698538689.478657449] [robot]: Robot server started
trials-all-1  | [robot-6] [INFO] [1698538689.483494440] [robot]: Starting Robots clients
trials-all-1  | [nurse-4] [INFO] [1698538689.586878255] [nurse]: Starting Nurse server
trials-all-1  | [nurse-4] [INFO] [1698538689.616187203] [nurse]: Nurse server started
trials-all-1  | [nurse-4] [INFO] [1698538689.626693184] [nurse]: Starting Nurse clients
trials-all-1  | [coordinator-2] [INFO] [1698538689.695092062] [coordinator]: Starting Coordinator server
trials-all-1  | [arm-1] [INFO] [1698538689.701973049] [arm]: Starting Arm server
trials-all-1  | [environment-3] [INFO] [1698538689.714017028] [environment]: Starting Environment server
trials-all-1  | [arm-1] [INFO] [1698538689.741734978] [arm]: Arm server started
trials-all-1  | [coordinator-2] [INFO] [1698538689.748282967] [coordinator]: Coordinator server started
trials-all-1  | [arm-1] [INFO] [1698538689.749937964] [arm]: Starting Nurse clients
trials-all-1  | [coordinator-2] [INFO] [1698538689.753232958] [coordinator]: Starting Coordinator clients
trials-all-1  | [environment-3] [INFO] [1698538689.756424952] [environment]: Environment server started
trials-all-1  | [arm-1] [INFO] [1698538689.797107879] [arm]: Nurse clients started
trials-all-1  | [robot-6] [INFO] [1698538689.813239850] [robot]: Robots clients started
trials-all-1  | [nurse-4] [INFO] [1698538689.929172643] [nurse]: Nurse clients started
trials-all-1  | [nurse-4] [INFO] [1698538689.959524589] [nurse]: Sent request
trials-all-1  | [coordinator-2] [INFO] [1698538690.779939112] [coordinator]: planner sync service not available, waiting again...
trials-all-1  | [coordinator-2] [INFO] [1698538691.794143277] [coordinator]: planner sync service not available, waiting again...
trials-all-1  | [coordinator-2] [INFO] [1698538692.807702432] [coordinator]: planner sync service not available, waiting again...
trials-all-1  | [coordinator-2] [INFO] [1698538693.821950573] [coordinator]: planner sync service not available, waiting again...
trials-all-1  | [coordinator-2] [INFO] [1698538694.833093708] [coordinator]: planner sync service not available, waiting again...
trials-all-1  | [coordinator-2] [INFO] [1698538695.846698827] [coordinator]: planner sync service not available, waiting again...
trials-all-1  | [planner-5] Matplotlib is building the font cache; this may take a moment.
trials-all-1  | [coordinator-2] [INFO] [1698538696.860503934] [coordinator]: planner sync service not available, waiting again...
trials-all-1  | [coordinator-2] [INFO] [1698538697.871696034] [coordinator]: planner sync service not available, waiting again...
trials-all-1  | [coordinator-2] [INFO] [1698538698.886827115] [coordinator]: planner sync service not available, waiting again...
trials-all-1  | [planner-5] [INFO] [1698538699.467323012] [planner]: Starting Planner server
trials-all-1  | [planner-5] [INFO] [1698538699.482725982] [planner]: Planner server started
trials-all-1  | [coordinator-2] [INFO] [1698538699.900848186] [coordinator]: planner sync service not available, waiting again...
trials-all-1  | [coordinator-2] [INFO] [1698538700.920215236] [coordinator]: planner sync service not available, waiting again...
trials-all-1  | [coordinator-2] [INFO] [1698538701.760139619] [coordinator]: Coordinator clients started
trials-all-1  | [coordinator-2] [INFO] [1698538701.798477545] [coordinator]: Receiving message of nurse1 in room3.
trials-all-1  | [coordinator-2] [INFO] [1698538701.810681522] [coordinator]: Sending response
trials-all-1  | [coordinator-2] [INFO] [1698538701.827511489] [coordinator]: Planing
trials-all-1  | [nurse-4] [INFO] [1698538701.828405488] [nurse]: Request response:Okay!
trials-all-1  | [coordinator-2] [INFO] [1698538701.839952465] [coordinator]: Creating plan for: robot1, nurse1, arm1 
trials-all-1  | [planner-5] [INFO] [1698538701.854117438] [planner]: Receiving sync message. need_plan,robot1,nurse1,arm1
trials-all-1  | [planner-5] [INFO] [1698538701.866175415] [planner]: Creating plan for: robot1 robot1 nurse1
trials-all-1  | [planner-5] [INFO] [1698538701.884496380] [planner]: a_navto,robot1,Room1
trials-all-1  | [planner-5] [INFO] [1698538701.897110355] [planner]: a_approach_nurse,robot1
trials-all-1  | [planner-5] [INFO] [1698538701.907521335] [planner]: a_authenticate_nurse,robot1,nurse1
trials-all-1  | [planner-5] [INFO] [1698538701.918438314] [planner]: a_open_drawer,robot1
trials-all-1  | [planner-5] [INFO] [1698538701.929125294] [planner]: a_deposit,nurse1,robot1
trials-all-1  | [planner-5] [INFO] [1698538701.940166272] [planner]: a_close_drawer,robot1
trials-all-1  | [planner-5] [INFO] [1698538701.958576237] [planner]: a_navto,robot1,Room3
trials-all-1  | [planner-5] [INFO] [1698538701.970069215] [planner]: a_approach_arm,robot1,arm1
trials-all-1  | [planner-5] [INFO] [1698538701.979098197] [planner]: a_open_drawer,robot1
trials-all-1  | [planner-5] [INFO] [1698538701.985908184] [planner]: a_pick_up_sample,arm1,robot1
trials-all-1  | [planner-5] [INFO] [1698538701.993893169] [planner]: a_close_drawer,robot1
trials-all-1  | [planner-5] [INFO] [1698538702.000487156] [planner]: Sending response
trials-all-1  | [coordinator-2] [INFO] [1698538702.011300135] [coordinator]: Plan received for: robot1, nurse1, arm1 
trials-all-1  | [coordinator-2] [INFO] [1698538702.017090124] [coordinator]: a_navto,robot1,Room1/a_approach_nurse,robot1/a_authenticate_nurse,robot1,nurse1/a_open_drawer,robot1/a_deposit,nurse1,robot1/a_close_drawer,robot1/a_navto,robot1,Room3/a_approach_arm,robot1,arm1/a_open_drawer,robot1/a_pick_up_sample,arm1,robot1/a_close_drawer,robot1
trials-all-1  | [coordinator-2] [INFO] [1698538702.034439090] [coordinator]: a_navto,robot1,Room1
trials-all-1  | [coordinator-2] [INFO] [1698538702.041416077] [coordinator]: a_approach_nurse,robot1
trials-all-1  | [coordinator-2] [INFO] [1698538702.047796064] [coordinator]: a_authenticate_nurse,robot1,nurse1
trials-all-1  | [coordinator-2] [INFO] [1698538702.065977029] [coordinator]: a_open_drawer,robot1
trials-all-1  | [coordinator-2] [INFO] [1698538702.072680016] [coordinator]: a_deposit,nurse1,robot1
trials-all-1  | [coordinator-2] [INFO] [1698538702.091221980] [coordinator]: a_close_drawer,robot1
trials-all-1  | [coordinator-2] [INFO] [1698538702.097270969] [coordinator]: a_navto,robot1,Room3
trials-all-1  | [coordinator-2] [INFO] [1698538702.102680958] [coordinator]: a_approach_arm,robot1,arm1
trials-all-1  | [coordinator-2] [INFO] [1698538702.117918929] [coordinator]: a_open_drawer,robot1
trials-all-1  | [coordinator-2] [INFO] [1698538702.123960917] [coordinator]: a_pick_up_sample,arm1,robot1
trials-all-1  | [coordinator-2] [INFO] [1698538702.142633881] [coordinator]: a_close_drawer,robot1
trials-all-1  | [coordinator-2] [INFO] [1698538702.149373868] [coordinator]: Sending plans
trials-all-1  | [coordinator-2] [INFO] [1698538702.173120822] [coordinator]: Plans sent
trials-all-1  | [nurse-4] [INFO] [1698538702.180039808] [nurse]: Receiving message.
trials-all-1  | [arm-1] [INFO] [1698538702.182520803] [arm]: Receiving message.
trials-all-1  | [robot-6] [INFO] [1698538702.182851803] [robot]: Receiving message.
trials-all-1  | [arm-1] [INFO] [1698538702.193818782] [arm]: Arm's actions:
trials-all-1  | [arm-1] [INFO] [1698538702.201937766] [arm]: Action: a_approach_arm
trials-all-1  | [nurse-4] [INFO] [1698538702.193882781] [nurse]: Nurse's actions:
trials-all-1  | [nurse-4] [INFO] [1698538702.201919766] [nurse]: a_authenticate_nurse
trials-all-1  | [environment-3] [INFO] [1698538702.209509751] [environment]: Receiving message: monitor
trials-all-1  | [environment-3] [INFO] [1698538702.214142742] [environment]: Action: monitor
trials-all-1  | [arm-1] [INFO] [1698538702.214621741] [arm]: Doing a_approach_arm
trials-all-1  | [nurse-4] [INFO] [1698538702.214915741] [nurse]: Action: a_authenticate_nurse
trials-all-1  | [arm-1] [INFO] [1698538702.220284730] [arm]: a_approach_arm
trials-all-1  | [nurse-4] [INFO] [1698538702.227382717] [nurse]: Doing a_authenticate_nurse
trials-all-1  | [robot-6] [INFO] [1698538702.232307707] [robot]: Robot's actions:
trials-all-1  | [environment-3] [INFO] [1698538702.232953706] [environment]: Receiving message: a_approach_arm,robot1,arm1
trials-all-1  | [robot-6] [INFO] [1698538702.238491695] [robot]: Action: a_navto
trials-all-1  | [coordinator-2] [INFO] [1698538702.241563689] [coordinator]: Found a problem
trials-all-1  | [robot-6] [INFO] [1698538702.242973686] [robot]: Doing a_navto
trials-all-1  | [coordinator-2] [INFO] [1698538702.249864673] [coordinator]: Updating planner state
trials-all-1  | [robot-6] [INFO] [1698538702.251377670] [robot]: a_navto
trials-all-1  | [planner-5] [INFO] [1698538702.256592660] [planner]: Receiving sync message. update_state,door_closed,Room3
trials-all-1  | [environment-3] [INFO] [1698538702.256654660] [environment]: Action: a_approach_arm
trials-all-1  | [robot-6] [INFO] [1698538702.258364657] [robot]: a_authenticate_nurse
trials-all-1  | [environment-3] [INFO] [1698538702.260535652] [environment]: Responding
trials-all-1  | [planner-5] [INFO] [1698538702.261083651] [planner]: door_closed
trials-all-1  | [robot-6] [INFO] [1698538702.288616598] [robot]: a_open_drawer
trials-all-1  | [robot-6] [INFO] [1698538702.292685590] [robot]: a_deposit
trials-all-1  | [robot-6] [INFO] [1698538702.296426583] [robot]: a_close_drawer
trials-all-1  | [arm-1] [INFO] [1698538702.289439596] [arm]: success
trials-all-1  | [arm-1] [INFO] [1698538702.293552588] [arm]: Action result: True
trials-all-1  | [arm-1] [INFO] [1698538702.297615581] [arm]: Action: a_pick_up_sample
trials-all-1  | [coordinator-2] [INFO] [1698538702.291108593] [coordinator]: Planner state updated
trials-all-1  | [coordinator-2] [INFO] [1698538702.295274585] [coordinator]: Planing
trials-all-1  | [coordinator-2] [INFO] [1698538702.299816576] [coordinator]: Creating plan for: robot1, nurse1, arm1 
trials-all-1  | [environment-3] [INFO] [1698538702.295110585] [environment]: Receiving message: a_navto,robot1,Room1
trials-all-1  | [environment-3] [INFO] [1698538702.298783578] [environment]: Action: a_navto
trials-all-1  | [robot-6] [INFO] [1698538702.301279573] [robot]: a_navto
trials-all-1  | [robot-6] [INFO] [1698538702.305190566] [robot]: a_approach_arm
trials-all-1  | [arm-1] [INFO] [1698538702.302797570] [arm]: Doing a_pick_up_sample
trials-all-1  | [environment-3] [INFO] [1698538702.303328569] [environment]: Responding
trials-all-1  | [planner-5] [INFO] [1698538702.305897564] [planner]: Receiving sync message. need_plan,robot1,nurse1,arm1
trials-all-1  | [planner-5] [INFO] [1698538702.310260556] [planner]: Creating plan for: robot1 robot1 nurse1
trials-all-1  | [robot-6] [INFO] [1698538702.315704545] [robot]: a_open_drawer
trials-all-1  | [planner-5] [INFO] [1698538702.321414534] [planner]: a_navto,robot1,Room1
trials-all-1  | [robot-6] [INFO] [1698538702.325657526] [robot]: a_pick_up_sample
trials-all-1  | [planner-5] [INFO] [1698538702.326088525] [planner]: a_approach_nurse,robot1
trials-all-1  | [planner-5] [INFO] [1698538702.330500517] [planner]: a_authenticate_nurse,robot1,nurse1
trials-all-1  | [planner-5] [INFO] [1698538702.334995508] [planner]: a_open_drawer,robot1
trials-all-1  | [robot-6] [INFO] [1698538702.336847505] [robot]: a_close_drawer
trials-all-1  | [planner-5] [INFO] [1698538702.339732499] [planner]: a_deposit,nurse1,robot1
trials-all-1  | [planner-5] [INFO] [1698538702.344738489] [planner]: a_close_drawer,robot1
trials-all-1  | [planner-5] [INFO] [1698538702.349294480] [planner]: a_open_door,nurse1,Room3
trials-all-1  | [robot-6] [INFO] [1698538702.351320476] [robot]: Receiving sync message. a_authenticate_nurse,robot1,nurse1
trials-all-1  | [planner-5] [INFO] [1698538702.353749472] [planner]: a_navto,robot1,Room3
trials-all-1  | [planner-5] [INFO] [1698538702.358464463] [planner]: a_approach_arm,robot1,arm1
trials-all-1  | [robot-6] [INFO] [1698538702.360490459] [robot]: not ready
trials-all-1  | [planner-5] [INFO] [1698538702.363136454] [planner]: a_open_drawer,robot1
trials-all-1  | [nurse-4] [INFO] [1698538702.371673437] [nurse]: not ready
trials-all-1  | [nurse-4] [INFO] [1698538702.375728429] [nurse]: Action result: False
trials-all-1  | [planner-5] [INFO] [1698538702.377232426] [planner]: a_pick_up_sample,arm1,robot1
trials-all-1  | [robot-6] [INFO] [1698538702.378406424] [robot]: Receiving sync message. a_pick_up_sample,arm1,robot1
trials-all-1  | [planner-5] [INFO] [1698538702.381729418] [planner]: a_close_drawer,robot1
trials-all-1  | [planner-5] [INFO] [1698538702.385769410] [planner]: Sending response
trials-all-1  | [robot-6] [INFO] [1698538702.388211405] [robot]: not ready
trials-all-1  | [nurse-4] [INFO] [1698538702.391055399] [nurse]: Action: a_authenticate_nurse
trials-all-1  | [nurse-4] [INFO] [1698538702.401495379] [nurse]: Doing a_authenticate_nurse
trials-all-1  | [arm-1] [INFO] [1698538702.401516379] [arm]: not ready
trials-all-1  | [coordinator-2] [INFO] [1698538702.403989374] [coordinator]: Plan received for: robot1, nurse1, arm1 
trials-all-1  | [arm-1] [INFO] [1698538702.406011371] [arm]: Action result: False
trials-all-1  | [coordinator-2] [INFO] [1698538702.410006363] [coordinator]: a_navto,robot1,Room1/a_approach_nurse,robot1/a_authenticate_nurse,robot1,nurse1/a_open_drawer,robot1/a_deposit,nurse1,robot1/a_close_drawer,robot1/a_open_door,nurse1,Room3/a_navto,robot1,Room3/a_approach_arm,robot1,arm1/a_open_drawer,robot1/a_pick_up_sample,arm1,robot1/a_close_drawer,robot1
trials-all-1  | [arm-1] [INFO] [1698538702.424049336] [arm]: Action: a_pick_up_sample
trials-all-1  | [arm-1] [INFO] [1698538702.427555329] [arm]: Doing a_pick_up_sample
trials-all-1  | [coordinator-2] [INFO] [1698538702.425193333] [coordinator]: a_navto,robot1,Room1
trials-all-1  | [coordinator-2] [INFO] [1698538702.428820326] [coordinator]: a_approach_nurse,robot1
trials-all-1  | [robot-6] [INFO] [1698538702.426950330] [robot]: success
trials-all-1  | [robot-6] [INFO] [1698538702.430776323] [robot]: Action result: True
trials-all-1  | [robot-6] [INFO] [1698538702.440897303] [robot]: Receiving sync message. a_authenticate_nurse,robot1,nurse1
trials-all-1  | [coordinator-2] [INFO] [1698538702.441669301] [coordinator]: a_authenticate_nurse,robot1,nurse1
trials-all-1  | [robot-6] [INFO] [1698538702.445366294] [robot]: not ready
trials-all-1  | [coordinator-2] [INFO] [1698538702.451273283] [coordinator]: Receiving sync message: action_complete,a_navto
trials-all-1  | [nurse-4] [INFO] [1698538702.465184256] [nurse]: not ready
trials-all-1  | [robot-6] [INFO] [1698538702.470394246] [robot]: Receiving sync message. a_pick_up_sample,arm1,robot1
trials-all-1  | [nurse-4] [INFO] [1698538702.471590243] [nurse]: Action result: False
trials-all-1  | [coordinator-2] [INFO] [1698538702.477726232] [coordinator]: a_open_drawer,robot1
trials-all-1  | [coordinator-2] [INFO] [1698538702.482673222] [coordinator]: a_deposit,nurse1,robot1
trials-all-1  | [robot-6] [INFO] [1698538702.484246219] [robot]: not ready
trials-all-1  | [nurse-4] [INFO] [1698538702.486583214] [nurse]: Action: a_authenticate_nurse
trials-all-1  | [coordinator-2] [INFO] [1698538702.490566207] [coordinator]: action_complete
trials-all-1  | [coordinator-2] [INFO] [1698538702.495975196] [coordinator]: plans_actions_current 1 of 11
trials-all-1  | [arm-1] [INFO] [1698538702.498168192] [arm]: not ready
trials-all-1  | [arm-1] [INFO] [1698538702.502405184] [arm]: Action result: False
trials-all-1  | [robot-6] [INFO] [1698538702.509145171] [robot]: Action: a_approach_nurse
trials-all-1  | [robot-6] [INFO] [1698538702.513786162] [robot]: Doing a_approach_nurse
trials-all-1  | [arm-1] [INFO] [1698538702.515917158] [arm]: Action: a_pick_up_sample
trials-all-1  | [nurse-4] [INFO] [1698538702.517258155] [nurse]: Doing a_authenticate_nurse
trials-all-1  | [coordinator-2] [INFO] [1698538702.522679144] [coordinator]: a_close_drawer,robot1
trials-all-1  | [coordinator-2] [INFO] [1698538702.527111136] [coordinator]: a_open_door,nurse1,Room3
trials-all-1  | [arm-1] [INFO] [1698538702.531772127] [arm]: Doing a_pick_up_sample
trials-all-1  | [robot-6] [INFO] [1698538702.534293122] [robot]: Receiving sync message. a_authenticate_nurse,robot1,nurse1
trials-all-1  | [coordinator-2] [INFO] [1698538702.534723121] [coordinator]: a_navto,robot1,Room3
trials-all-1  | [robot-6] [INFO] [1698538702.539376112] [robot]: not ready
trials-all-1  | [coordinator-2] [INFO] [1698538702.540187111] [coordinator]: a_approach_arm,robot1,arm1
trials-all-1  | [coordinator-2] [INFO] [1698538702.545440100] [coordinator]: a_open_drawer,robot1
trials-all-1  | [environment-3] [INFO] [1698538702.543528104] [environment]: Receiving message: a_approach_nurse,robot1
trials-all-1  | [robot-6] [INFO] [1698538702.553831084] [robot]: Receiving sync message. a_pick_up_sample,arm1,robot1
trials-all-1  | [nurse-4] [INFO] [1698538702.554160083] [nurse]: not ready
trials-all-1  | [environment-3] [INFO] [1698538702.554132084] [environment]: Action: a_approach_nurse
trials-all-1  | [nurse-4] [INFO] [1698538702.558215076] [nurse]: Action result: False
trials-all-1  | [robot-6] [INFO] [1698538702.559104074] [robot]: not ready
trials-all-1  | [coordinator-2] [INFO] [1698538702.564356064] [coordinator]: a_pick_up_sample,arm1,robot1
trials-all-1  | [coordinator-2] [INFO] [1698538702.568815055] [coordinator]: a_close_drawer,robot1
trials-all-1  | [arm-1] [INFO] [1698538702.569567054] [arm]: not ready
trials-all-1  | [environment-3] [INFO] [1698538702.573806045] [environment]: Responding
trials-all-1  | [nurse-4] [INFO] [1698538702.573920045] [nurse]: Action: a_authenticate_nurse
trials-all-1  | [arm-1] [INFO] [1698538702.574436044] [arm]: Action result: False
trials-all-1  | [nurse-4] [INFO] [1698538702.584128025] [nurse]: Doing a_authenticate_nurse
trials-all-1  | [arm-1] [INFO] [1698538702.587215019] [arm]: Action: a_pick_up_sample
trials-all-1  | [coordinator-2] [INFO] [1698538702.589044016] [coordinator]: Sending plans
trials-all-1  | [nurse-4] [INFO] [1698538702.596618001] [nurse]: Receiving message.
trials-all-1  | [arm-1] [INFO] [1698538702.599826995] [arm]: Doing a_pick_up_sample
trials-all-1  | [robot-6] [INFO] [1698538702.601769991] [robot]: Receiving sync message. a_authenticate_nurse,robot1,nurse1
trials-all-1  | [nurse-4] [INFO] [1698538702.602300990] [nurse]: Nurse's actions:
trials-all-1  | [nurse-4] [INFO] [1698538702.607083981] [nurse]: a_authenticate_nurse
trials-all-1  | [robot-6] [INFO] [1698538702.608751978] [robot]: not ready
trials-all-1  | [coordinator-2] [INFO] [1698538702.614575966] [coordinator]: Plans sent
trials-all-1  | [arm-1] [INFO] [1698538702.616232963] [arm]: Receiving message.
trials-all-1  | [nurse-4] [INFO] [1698538702.618433959] [nurse]: a_deposit
trials-all-1  | [arm-1] [INFO] [1698538702.624879946] [arm]: Arm's actions:
trials-all-1  | [nurse-4] [INFO] [1698538702.626470943] [nurse]: a_open_door
trials-all-1  | [environment-3] [INFO] [1698538702.630107936] [environment]: Receiving message: monitor
trials-all-1  | [robot-6] [INFO] [1698538702.630785935] [robot]: success
trials-all-1  | [arm-1] [INFO] [1698538702.632379932] [arm]: a_approach_arm
trials-all-1  | [robot-6] [INFO] [1698538702.637138923] [robot]: Action result: True
trials-all-1  | [environment-3] [INFO] [1698538702.637850921] [environment]: Action: monitor
trials-all-1  | [robot-6] [INFO] [1698538702.650329897] [robot]: Receiving message.
trials-all-1  | [nurse-4] [INFO] [1698538702.650860896] [nurse]: not ready
trials-all-1  | [nurse-4] [INFO] [1698538702.657222884] [nurse]: Action result: False
trials-all-1  | [coordinator-2] [INFO] [1698538702.655617887] [coordinator]: Found a problem
trials-all-1  | [arm-1] [INFO] [1698538702.662805873] [arm]: a_pick_up_sample
trials-all-1  | [coordinator-2] [INFO] [1698538702.664227870] [coordinator]: Receiving sync message: action_complete,a_approach_nurse
trials-all-1  | [nurse-4] [INFO] [1698538702.666377866] [nurse]: Action: a_authenticate_nurse
trials-all-1  | [robot-6] [INFO] [1698538702.669300860] [robot]: Robot's actions:
trials-all-1  | [environment-3] [INFO] [1698538702.670536858] [environment]: Receiving message: monitor
trials-all-1  | [nurse-4] [INFO] [1698538702.672262855] [nurse]: Doing a_authenticate_nurse
trials-all-1  | [environment-3] [INFO] [1698538702.675801848] [environment]: Action: monitor
trials-all-1  | [coordinator-2] [INFO] [1698538702.676144847] [coordinator]: action_complete
trials-all-1  | [robot-6] [INFO] [1698538702.676144847] [robot]: a_navto
trials-all-1  | [robot-6] [INFO] [1698538702.687524825] [robot]: a_approach_nurse
trials-all-1  | [coordinator-2] [INFO] [1698538702.688360823] [coordinator]: plans_actions_current 1 of 11
trials-all-1  | [robot-6] [INFO] [1698538702.693071814] [robot]: a_authenticate_nurse
trials-all-1  | [robot-6] [INFO] [1698538702.699043803] [robot]: a_open_drawer
trials-all-1  | [coordinator-2] [INFO] [1698538702.700908799] [coordinator]: Found a problem
trials-all-1  | [robot-6] [INFO] [1698538702.704772792] [robot]: a_deposit
trials-all-1  | [robot-6] [INFO] [1698538702.710142781] [robot]: a_close_drawer
trials-all-1  | [environment-3] [INFO] [1698538702.715009772] [environment]: Receiving message: monitor
trials-all-1  | [robot-6] [INFO] [1698538702.716830768] [robot]: a_navto
trials-all-1  | [environment-3] [INFO] [1698538702.720211762] [environment]: Action: monitor
trials-all-1  | [robot-6] [INFO] [1698538702.722687757] [robot]: a_approach_arm
trials-all-1  | [robot-6] [INFO] [1698538702.732875737] [robot]: a_open_drawer
trials-all-1  | [coordinator-2] [INFO] [1698538702.734487734] [coordinator]: Found a problem
trials-all-1  | [robot-6] [INFO] [1698538702.738331727] [robot]: a_pick_up_sample
trials-all-1  | [robot-6] [INFO] [1698538702.745801712] [robot]: a_close_drawer
trials-all-1  | [environment-3] [INFO] [1698538702.748859706] [environment]: Receiving message: monitor
trials-all-1  | [robot-6] [INFO] [1698538702.752946698] [robot]: Receiving sync message. a_pick_up_sample,arm1,robot1
trials-all-1  | [robot-6] [INFO] [1698538702.760229684] [robot]: not ready
trials-all-1  | [robot-6] [INFO] [1698538702.776001654] [robot]: Receiving sync message. a_authenticate_nurse,robot1,nurse1
trials-all-1  | [arm-1] [INFO] [1698538702.776185653] [arm]: not ready
trials-all-1  | [environment-3] [INFO] [1698538702.777961650] [environment]: Action: monitor
trials-all-1  | [robot-6] [INFO] [1698538702.788791629] [robot]: not ready
trials-all-1  | [coordinator-2] [INFO] [1698538702.793298620] [coordinator]: Found a problem
trials-all-1  | [nurse-4] [INFO] [1698538702.801578604] [nurse]: not ready
trials-all-1  | [environment-3] [INFO] [1698538702.806724594] [environment]: Receiving message: monitor
trials-all-1  | [environment-3] [INFO] [1698538702.810435587] [environment]: Action: monitor
trials-all-1  | [nurse-4] [INFO] [1698538702.808448591] [nurse]: Action result: False
trials-all-1  | [robot-6] [INFO] [1698538702.818633571] [robot]: Action: a_navto
trials-all-1  | [robot-6] [INFO] [1698538702.823020563] [robot]: Doing a_navto
trials-all-1  | [coordinator-2] [INFO] [1698538702.818719571] [coordinator]: Found a problem
trials-all-1  | [nurse-4] [INFO] [1698538702.820199568] [nurse]: Action: a_authenticate_nurse
trials-all-1  | [nurse-4] [INFO] [1698538702.824289560] [nurse]: Doing a_authenticate_nurse
trials-all-1  | [arm-1] [INFO] [1698538702.820519567] [arm]: Action result: False
trials-all-1  | [arm-1] [INFO] [1698538702.829131551] [arm]: Action: a_approach_arm
trials-all-1  | [environment-3] [INFO] [1698538702.831690546] [environment]: Receiving message: monitor
trials-all-1  | [environment-3] [INFO] [1698538702.835993537] [environment]: Action: monitor
trials-all-1  | [robot-6] [INFO] [1698538702.842133526] [robot]: Receiving sync message. a_authenticate_nurse,robot1,nurse1
trials-all-1  | [robot-6] [INFO] [1698538702.848724513] [robot]: not ready
trials-all-1  | [coordinator-2] [INFO] [1698538702.848909512] [coordinator]: Found a problem
trials-all-1  | [arm-1] [INFO] [1698538702.855579500] [arm]: Doing a_approach_arm
trials-all-1  | [environment-3] [INFO] [1698538702.861039489] [environment]: Receiving message: a_navto,robot1,Room1
trials-all-1  | [environment-3] [INFO] [1698538702.865052481] [environment]: Action: a_navto
trials-all-1  | [nurse-4] [INFO] [1698538702.862600486] [nurse]: not ready
trials-all-1  | [environment-3] [INFO] [1698538702.869272473] [environment]: Responding
trials-all-1  | [nurse-4] [INFO] [1698538702.870577470] [nurse]: Action result: False
trials-all-1  | [nurse-4] [INFO] [1698538702.880775451] [nurse]: Action: a_authenticate_nurse
trials-all-1  | [nurse-4] [INFO] [1698538702.885334442] [nurse]: Doing a_authenticate_nurse
trials-all-1  | [robot-6] [INFO] [1698538702.886138440] [robot]: success
trials-all-1  | [robot-6] [INFO] [1698538702.908478397] [robot]: Receiving sync message. a_authenticate_nurse,robot1,nurse1
trials-all-1  | [robot-6] [INFO] [1698538702.929319357] [robot]: Action result: True
trials-all-1  | [robot-6] [INFO] [1698538702.930568354] [robot]: not ready
trials-all-1  | [nurse-4] [INFO] [1698538702.945061326] [nurse]: not ready
trials-all-1  | [coordinator-2] [INFO] [1698538702.951290314] [coordinator]: Receiving sync message: action_complete,a_navto
trials-all-1  | [nurse-4] [INFO] [1698538702.956722304] [nurse]: Action result: False
trials-all-1  | [coordinator-2] [INFO] [1698538702.962823292] [coordinator]: action_complete
trials-all-1  | [nurse-4] [INFO] [1698538702.968529281] [nurse]: Action: a_authenticate_nurse
trials-all-1  | [nurse-4] [INFO] [1698538702.972455273] [nurse]: Doing a_authenticate_nurse
trials-all-1  | [environment-3] [INFO] [1698538702.968793280] [environment]: Receiving message: monitor
trials-all-1  | [environment-3] [INFO] [1698538702.973096272] [environment]: Action: monitor
trials-all-1  | [coordinator-2] [INFO] [1698538702.970326277] [coordinator]: plans_actions_current 2 of 11
trials-all-1  | [robot-6] [INFO] [1698538702.991267237] [robot]: Action: a_approach_nurse
trials-all-1  | [coordinator-2] [INFO] [1698538702.996881226] [coordinator]: Found a problem
trials-all-1  | [robot-6] [INFO] [1698538703.000524219] [robot]: Receiving sync message. a_authenticate_nurse,robot1,nurse1
trials-all-1  | [environment-3] [INFO] [1698538703.006634207] [environment]: Receiving message: a_approach_arm,robot1,arm1
trials-all-1  | [robot-6] [INFO] [1698538703.009742201] [robot]: Doing a_approach_nurse
trials-all-1  | [environment-3] [INFO] [1698538703.012414196] [environment]: Action: a_approach_arm
trials-all-1  | [robot-6] [INFO] [1698538703.020106181] [robot]: not ready
trials-all-1  | [nurse-4] [INFO] [1698538703.033468155] [nurse]: not ready
trials-all-1  | [nurse-4] [INFO] [1698538703.039716142] [nurse]: Action result: False
trials-all-1  | [nurse-4] [INFO] [1698538703.045759131] [nurse]: Action: a_authenticate_nurse
trials-all-1  | [environment-3] [INFO] [1698538703.047788127] [environment]: Responding
trials-all-1  | [nurse-4] [INFO] [1698538703.055077112] [nurse]: Doing a_authenticate_nurse
trials-all-1  | [arm-1] [INFO] [1698538703.061723100] [arm]: success
trials-all-1  | [robot-6] [INFO] [1698538703.063597096] [robot]: Receiving sync message. a_authenticate_nurse,robot1,nurse1
trials-all-1  | [robot-6] [INFO] [1698538703.070325083] [robot]: not ready
trials-all-1  | [arm-1] [INFO] [1698538703.080194064] [arm]: Action result: True
trials-all-1  | [nurse-4] [INFO] [1698538703.081104062] [nurse]: not ready
trials-all-1  | [arm-1] [INFO] [1698538703.085392053] [arm]: Action: a_pick_up_sample
trials-all-1  | [nurse-4] [INFO] [1698538703.089815045] [nurse]: Action result: False
trials-all-1  | [nurse-4] [INFO] [1698538703.094703035] [nurse]: Action: a_authenticate_nurse
trials-all-1  | [arm-1] [INFO] [1698538703.098031029] [arm]: Doing a_pick_up_sample
trials-all-1  | [nurse-4] [INFO] [1698538703.105236015] [nurse]: Doing a_authenticate_nurse
trials-all-1  | [robot-6] [INFO] [1698538703.106595012] [robot]: Receiving sync message. a_pick_up_sample,arm1,robot1
trials-all-1  | [robot-6] [INFO] [1698538703.113065999] [robot]: not ready
trials-all-1  | [robot-6] [INFO] [1698538703.121837982] [robot]: Receiving sync message. a_authenticate_nurse,robot1,nurse1
trials-all-1  | [robot-6] [INFO] [1698538703.127362972] [robot]: not ready
trials-all-1  | [arm-1] [INFO] [1698538703.129451968] [arm]: not ready
trials-all-1  | [arm-1] [INFO] [1698538703.142891941] [arm]: Action result: False
trials-all-1  | [nurse-4] [INFO] [1698538703.147693932] [nurse]: not ready
trials-all-1  | [arm-1] [INFO] [1698538703.152288923] [arm]: Action: a_pick_up_sample
trials-all-1  | [nurse-4] [INFO] [1698538703.159898908] [nurse]: Action result: False
trials-all-1  | [environment-3] [INFO] [1698538703.160803906] [environment]: Receiving message: monitor
trials-all-1  | [arm-1] [INFO] [1698538703.160789906] [arm]: Doing a_pick_up_sample
trials-all-1  | [nurse-4] [INFO] [1698538703.167595893] [nurse]: Action: a_authenticate_nurse
trials-all-1  | [robot-6] [INFO] [1698538703.174280880] [robot]: Receiving sync message. a_pick_up_sample,arm1,robot1
trials-all-1  | [nurse-4] [INFO] [1698538703.174928879] [nurse]: Doing a_authenticate_nurse
trials-all-1  | [robot-6] [INFO] [1698538703.182004865] [robot]: not ready
trials-all-1  | [robot-6] [INFO] [1698538703.196369837] [robot]: Receiving sync message. a_authenticate_nurse,robot1,nurse1
trials-all-1  | [arm-1] [INFO] [1698538703.198179834] [arm]: not ready
trials-all-1  | [environment-3] [INFO] [1698538703.198684833] [environment]: Action: monitor
trials-all-1  | [environment-3] [INFO] [1698538703.207475815] [environment]: Receiving message: a_approach_nurse,robot1
trials-all-1  | [robot-6] [INFO] [1698538703.209679811] [robot]: not ready
trials-all-1  | [coordinator-2] [INFO] [1698538703.217807795] [coordinator]: Found a problem
trials-all-1  | [nurse-4] [INFO] [1698538703.224100783] [nurse]: not ready
trials-all-1  | [arm-1] [INFO] [1698538703.225031781] [arm]: Action result: False
trials-all-1  | [nurse-4] [INFO] [1698538703.230024772] [nurse]: Action result: False
trials-all-1  | [environment-3] [INFO] [1698538703.230610770] [environment]: Action: a_approach_nurse
trials-all-1  | [arm-1] [INFO] [1698538703.232763766] [arm]: Action: a_pick_up_sample
trials-all-1  | [environment-3] [INFO] [1698538703.235258761] [environment]: Responding
trials-all-1  | [nurse-4] [INFO] [1698538703.239851752] [nurse]: Action: a_authenticate_nurse
trials-all-1  | [robot-6] [INFO] [1698538703.245192742] [robot]: success
trials-all-1  | [arm-1] [INFO] [1698538703.247511737] [arm]: Doing a_pick_up_sample
trials-all-1  | [nurse-4] [INFO] [1698538703.248507736] [nurse]: Doing a_authenticate_nurse
trials-all-1  | [environment-3] [INFO] [1698538703.253561726] [environment]: Receiving message: monitor
trials-all-1  | [robot-6] [INFO] [1698538703.254562724] [robot]: Receiving sync message. a_pick_up_sample,arm1,robot1
trials-all-1  | [robot-6] [INFO] [1698538703.255956721] [robot]: Action result: True
trials-all-1  | [environment-3] [INFO] [1698538703.259540714] [environment]: Action: monitor
trials-all-1  | [robot-6] [INFO] [1698538703.265219703] [robot]: not ready
trials-all-1  | [coordinator-2] [INFO] [1698538703.266358701] [coordinator]: Receiving sync message: action_complete,a_approach_nurse
trials-all-1  | [coordinator-2] [INFO] [1698538703.272009690] [coordinator]: action_complete
trials-all-1  | [robot-6] [INFO] [1698538703.273765686] [robot]: Receiving sync message. a_authenticate_nurse,robot1,nurse1
trials-all-1  | [robot-6] [INFO] [1698538703.279711675] [robot]: not ready
trials-all-1  | [coordinator-2] [INFO] [1698538703.283041668] [coordinator]: plans_actions_current 3 of 11
trials-all-1  | [coordinator-2] [INFO] [1698538703.298856637] [coordinator]: Found a problem
trials-all-1  | [arm-1] [INFO] [1698538703.287613659] [arm]: not ready
trials-all-1  | [arm-1] [INFO] [1698538703.291524652] [arm]: Action result: False
trials-all-1  | [arm-1] [INFO] [1698538703.308626618] [arm]: Action: a_pick_up_sample
trials-all-1  | [arm-1] [INFO] [1698538703.312236611] [arm]: Doing a_pick_up_sample
trials-all-1  | [robot-6] [INFO] [1698538703.290240654] [robot]: Action: a_authenticate_nurse
trials-all-1  | [robot-6] [INFO] [1698538703.294364646] [robot]: Doing a_authenticate_nurse
trials-all-1  | [robot-6] [INFO] [1698538703.298819637] [robot]: wating for nurse1 to authenticate to robot1
trials-all-1  | [robot-6] [INFO] [1698538703.308120619] [robot]: Action result: False
trials-all-1  | [robot-6] [INFO] [1698538703.311921612] [robot]: Action: a_authenticate_nurse
trials-all-1  | [nurse-4] [INFO] [1698538703.294628646] [nurse]: not ready
trials-all-1  | [nurse-4] [INFO] [1698538703.298935637] [nurse]: Action result: False
trials-all-1  | [nurse-4] [INFO] [1698538703.309600616] [nurse]: Action: a_authenticate_nurse
trials-all-1  | [nurse-4] [INFO] [1698538703.322341592] [nurse]: Doing a_authenticate_nurse
trials-all-1  | [robot-6] [INFO] [1698538703.326359584] [robot]: Receiving sync message. a_pick_up_sample,arm1,robot1
trials-all-1  | [robot-6] [INFO] [1698538703.338506560] [robot]: Doing a_authenticate_nurse
trials-all-1  | [robot-6] [INFO] [1698538703.343237551] [robot]: not ready
trials-all-1  | [arm-1] [INFO] [1698538703.359128520] [arm]: not ready
trials-all-1  | [arm-1] [INFO] [1698538703.365854507] [arm]: Action result: False
trials-all-1  | [environment-3] [INFO] [1698538703.370431498] [environment]: Receiving message: monitor
trials-all-1  | [arm-1] [INFO] [1698538703.370841497] [arm]: Action: a_pick_up_sample
trials-all-1  | [robot-6] [INFO] [1698538703.370956497] [robot]: Receiving sync message. a_authenticate_nurse,robot1,nurse1
trials-all-1  | [robot-6] [INFO] [1698538703.379161481] [robot]: wating for nurse1 to authenticate to robot1
trials-all-1  | [arm-1] [INFO] [1698538703.381429477] [arm]: Doing a_pick_up_sample
trials-all-1  | [robot-6] [INFO] [1698538703.396050448] [robot]: Action result: False
trials-all-1  | [robot-6] [INFO] [1698538703.398544443] [robot]: Authenticate nurse
trials-all-1  | [robot-6] [INFO] [1698538703.411699418] [robot]: Action: a_authenticate_nurse
trials-all-1  | [robot-6] [INFO] [1698538703.415984409] [robot]: Receiving sync message. a_pick_up_sample,arm1,robot1
trials-all-1  | [environment-3] [INFO] [1698538703.417673406] [environment]: Action: monitor
trials-all-1  | [robot-6] [INFO] [1698538703.422016397] [robot]: Doing a_authenticate_nurse
trials-all-1  | [robot-6] [INFO] [1698538703.426188389] [robot]: not ready
trials-all-1  | [coordinator-2] [INFO] [1698538703.431527379] [coordinator]: Found a problem
trials-all-1  | [arm-1] [INFO] [1698538703.434419373] [arm]: not ready
trials-all-1  | [nurse-4] [INFO] [1698538703.438312366] [nurse]: success
trials-all-1  | [arm-1] [INFO] [1698538703.438560365] [arm]: Action result: False
trials-all-1  | [robot-6] [INFO] [1698538703.448206346] [robot]: Action result: True
trials-all-1  | [arm-1] [INFO] [1698538703.450216342] [arm]: Action: a_pick_up_sample
trials-all-1  | [coordinator-2] [INFO] [1698538703.454806334] [coordinator]: Receiving sync message: action_complete,a_authenticate_nurse
trials-all-1  | [arm-1] [INFO] [1698538703.457548328] [arm]: Doing a_pick_up_sample
trials-all-1  | [nurse-4] [INFO] [1698538703.454803334] [nurse]: Action result: True
trials-all-1  | [coordinator-2] [INFO] [1698538703.467239309] [coordinator]: action_complete
trials-all-1  | [environment-3] [INFO] [1698538703.469316305] [environment]: Receiving message: monitor
trials-all-1  | [robot-6] [INFO] [1698538703.470624303] [robot]: Receiving sync message. a_pick_up_sample,arm1,robot1
trials-all-1  | [robot-6] [INFO] [1698538703.475037294] [robot]: not ready
trials-all-1  | [nurse-4] [INFO] [1698538703.474077296] [nurse]: Action: a_deposit
trials-all-1  | [environment-3] [INFO] [1698538703.481329282] [environment]: Action: monitor
trials-all-1  | [coordinator-2] [INFO] [1698538703.482089280] [coordinator]: plans_actions_current 4 of 11
trials-all-1  | [arm-1] [INFO] [1698538703.488289268] [arm]: not ready
trials-all-1  | [coordinator-2] [INFO] [1698538703.498937248] [coordinator]: Found a problem
trials-all-1  | [arm-1] [INFO] [1698538703.502547240] [arm]: Action result: False
trials-all-1  | [arm-1] [INFO] [1698538703.508215229] [arm]: Action: a_pick_up_sample
trials-all-1  | [robot-6] [INFO] [1698538703.508425229] [robot]: Action: a_open_drawer
trials-all-1  | [nurse-4] [INFO] [1698538703.510530225] [nurse]: Doing a_deposit
trials-all-1  | [robot-6] [INFO] [1698538703.513417219] [robot]: Doing a_open_drawer
trials-all-1  | [arm-1] [INFO] [1698538703.514860216] [arm]: Doing a_pick_up_sample
trials-all-1  | [robot-6] [INFO] [1698538703.517607211] [robot]: success
trials-all-1  | [robot-6] [INFO] [1698538703.522086202] [robot]: Action result: True
trials-all-1  | [coordinator-2] [INFO] [1698538703.528857189] [coordinator]: Receiving sync message: action_complete,a_open_drawer
trials-all-1  | [coordinator-2] [INFO] [1698538703.533625180] [coordinator]: action_complete
trials-all-1  | [robot-6] [INFO] [1698538703.540864166] [robot]: Receiving sync message. a_deposit,nurse1,robot1
trials-all-1  | [robot-6] [INFO] [1698538703.545173157] [robot]: not ready
trials-all-1  | [coordinator-2] [INFO] [1698538703.549802148] [coordinator]: plans_actions_current 5 of 11
trials-all-1  | [robot-6] [INFO] [1698538703.560476128] [robot]: Receiving sync message. a_pick_up_sample,arm1,robot1
trials-all-1  | [nurse-4] [INFO] [1698538703.561037127] [nurse]: not ready
trials-all-1  | [robot-6] [INFO] [1698538703.564597120] [robot]: not ready
trials-all-1  | [nurse-4] [INFO] [1698538703.570907107] [nurse]: Action result: False
trials-all-1  | [robot-6] [INFO] [1698538703.573133103] [robot]: Action: a_deposit
trials-all-1  | [robot-6] [INFO] [1698538703.577219095] [robot]: Doing a_deposit
trials-all-1  | [arm-1] [INFO] [1698538703.574467100] [arm]: not ready
trials-all-1  | [nurse-4] [INFO] [1698538703.577490094] [nurse]: Action: a_deposit
trials-all-1  | [arm-1] [INFO] [1698538703.580017090] [arm]: Action result: False
trials-all-1  | [robot-6] [INFO] [1698538703.582576085] [robot]: wating for nurse1 to deposit in robot1
trials-all-1  | [nurse-4] [INFO] [1698538703.583199083] [nurse]: Doing a_deposit
trials-all-1  | [environment-3] [INFO] [1698538703.588475073] [environment]: Receiving message: monitor
trials-all-1  | [robot-6] [INFO] [1698538703.590323069] [robot]: Receiving sync message. a_deposit,nurse1,robot1
trials-all-1  | [environment-3] [INFO] [1698538703.593155064] [environment]: Action: monitor
trials-all-1  | [robot-6] [INFO] [1698538703.594518061] [robot]: Deposit
trials-all-1  | [coordinator-2] [INFO] [1698538703.607955035] [coordinator]: Found a problem
trials-all-1  | [arm-1] [INFO] [1698538703.608481034] [arm]: Action: a_pick_up_sample
trials-all-1  | [nurse-4] [INFO] [1698538703.608514034] [nurse]: success
trials-all-1  | [arm-1] [INFO] [1698538703.612740026] [arm]: Doing a_pick_up_sample
trials-all-1  | [robot-6] [INFO] [1698538703.609476032] [robot]: Action result: False
trials-all-1  | [robot-6] [INFO] [1698538703.613743024] [robot]: Action: a_deposit
trials-all-1  | [nurse-4] [INFO] [1698538703.614092023] [nurse]: Action result: True
trials-all-1  | [nurse-4] [INFO] [1698538703.620586010] [nurse]: Action: a_open_door
trials-all-1  | [robot-6] [INFO] [1698538703.621551009] [robot]: Doing a_deposit
trials-all-1  | [robot-6] [INFO] [1698538703.625783000] [robot]: Action result: True
trials-all-1  | [nurse-4] [INFO] [1698538703.627963996] [nurse]: Doing a_open_door
trials-all-1  | [environment-3] [INFO] [1698538703.631468989] [environment]: Receiving message: monitor
trials-all-1  | [coordinator-2] [INFO] [1698538703.633236986] [coordinator]: Receiving sync message: action_complete,a_deposit
trials-all-1  | [coordinator-2] [INFO] [1698538703.637780977] [coordinator]: action_complete
trials-all-1  | [robot-6] [INFO] [1698538703.644849963] [robot]: Receiving sync message. a_pick_up_sample,arm1,robot1
trials-all-1  | [robot-6] [INFO] [1698538703.649577954] [robot]: not ready
trials-all-1  | [coordinator-2] [INFO] [1698538703.653458946] [coordinator]: plans_actions_current 6 of 11
trials-all-1  | [arm-1] [INFO] [1698538703.658157937] [arm]: not ready
trials-all-1  | [robot-6] [INFO] [1698538703.660228933] [robot]: Action: a_close_drawer
trials-all-1  | [robot-6] [INFO] [1698538703.664847924] [robot]: Doing a_close_drawer
trials-all-1  | [arm-1] [INFO] [1698538703.665964922] [arm]: Action result: False
trials-all-1  | [robot-6] [INFO] [1698538703.670194914] [robot]: success
trials-all-1  | [arm-1] [INFO] [1698538703.673594907] [arm]: Action: a_pick_up_sample
trials-all-1  | [robot-6] [INFO] [1698538703.674284906] [robot]: Action result: True
trials-all-1  | [environment-3] [INFO] [1698538703.676344902] [environment]: Action: monitor
trials-all-1  | [coordinator-2] [INFO] [1698538703.680375894] [coordinator]: Receiving sync message: action_complete,a_close_drawer
trials-all-1  | [arm-1] [INFO] [1698538703.684674886] [arm]: Doing a_pick_up_sample
trials-all-1  | [environment-3] [INFO] [1698538703.686720882] [environment]: Receiving message: a_open_door,nurse1,Room3
trials-all-1  | [environment-3] [INFO] [1698538703.690868874] [environment]: Action: a_open_door
trials-all-1  | [environment-3] [INFO] [1698538703.694701866] [environment]: Responding
trials-all-1  | [coordinator-2] [INFO] [1698538703.687684880] [coordinator]: action_complete
trials-all-1  | [coordinator-2] [INFO] [1698538703.691809872] [coordinator]: plans_actions_current 7 of 11
trials-all-1  | [coordinator-2] [INFO] [1698538703.700169855] [coordinator]: Found a problem
trials-all-1  | [robot-6] [INFO] [1698538703.690868874] [robot]: Receiving sync message. a_pick_up_sample,arm1,robot1
trials-all-1  | [robot-6] [INFO] [1698538703.695489865] [robot]: not ready
trials-all-1  | [robot-6] [INFO] [1698538703.704429847] [robot]: Action: a_navto
trials-all-1  | [robot-6] [INFO] [1698538703.709543837] [robot]: Doing a_navto
trials-all-1  | [nurse-4] [INFO] [1698538703.703844848] [nurse]: success
trials-all-1  | [arm-1] [INFO] [1698538703.707903840] [arm]: not ready
trials-all-1  | [nurse-4] [INFO] [1698538703.713925829] [nurse]: Action result: True
trials-all-1  | [arm-1] [INFO] [1698538703.714397828] [arm]: Action result: False
trials-all-1  | [arm-1] [INFO] [1698538703.720326816] [arm]: Action: a_pick_up_sample
trials-all-1  | [environment-3] [INFO] [1698538703.721014815] [environment]: Receiving message: monitor
trials-all-1  | [arm-1] [INFO] [1698538703.724951807] [arm]: Doing a_pick_up_sample
trials-all-1  | [robot-6] [INFO] [1698538703.733915790] [robot]: Receiving sync message. a_pick_up_sample,arm1,robot1
trials-all-1  | [robot-6] [INFO] [1698538703.741023776] [robot]: not ready
trials-all-1  | [environment-3] [INFO] [1698538703.741692774] [environment]: Action: monitor
trials-all-1  | [arm-1] [INFO] [1698538703.752632753] [arm]: not ready
trials-all-1  | [arm-1] [INFO] [1698538703.758708741] [arm]: Action result: False
trials-all-1  | [environment-3] [INFO] [1698538703.762103735] [environment]: Receiving message: a_navto,robot1,Room3
trials-all-1  | [arm-1] [INFO] [1698538703.763119733] [arm]: Action: a_pick_up_sample
trials-all-1  | [arm-1] [INFO] [1698538703.767108725] [arm]: Doing a_pick_up_sample
trials-all-1  | [environment-3] [INFO] [1698538703.770556718] [environment]: Action: a_navto
trials-all-1  | [environment-3] [INFO] [1698538703.774329711] [environment]: Responding
trials-all-1  | [robot-6] [INFO] [1698538703.774624710] [robot]: Receiving sync message. a_pick_up_sample,arm1,robot1
trials-all-1  | [robot-6] [INFO] [1698538703.782782694] [robot]: not ready
trials-all-1  | [arm-1] [INFO] [1698538703.791447678] [arm]: not ready
trials-all-1  | [arm-1] [INFO] [1698538703.795078670] [arm]: Action result: False
trials-all-1  | [robot-6] [INFO] [1698538703.793796673] [robot]: success
trials-all-1  | [arm-1] [INFO] [1698538703.799578662] [arm]: Action: a_pick_up_sample
trials-all-1  | [arm-1] [INFO] [1698538703.803918653] [arm]: Doing a_pick_up_sample
trials-all-1  | [robot-6] [INFO] [1698538703.801449658] [robot]: Action result: True
trials-all-1  | [environment-3] [INFO] [1698538703.805541650] [environment]: Receiving message: monitor
trials-all-1  | [coordinator-2] [INFO] [1698538703.810967639] [coordinator]: Receiving sync message: action_complete,a_navto
trials-all-1  | [coordinator-2] [INFO] [1698538703.816381629] [coordinator]: action_complete
trials-all-1  | [environment-3] [INFO] [1698538703.812175637] [environment]: Action: monitor
trials-all-1  | [robot-6] [INFO] [1698538703.818724624] [robot]: Receiving sync message. a_pick_up_sample,arm1,robot1
trials-all-1  | [coordinator-2] [INFO] [1698538703.820029622] [coordinator]: plans_actions_current 8 of 11
trials-all-1  | [robot-6] [INFO] [1698538703.824549613] [robot]: not ready
trials-all-1  | [arm-1] [INFO] [1698538703.832941597] [arm]: not ready
trials-all-1  | [arm-1] [INFO] [1698538703.840057583] [arm]: Action result: False
trials-all-1  | [arm-1] [INFO] [1698538703.844508574] [arm]: Action: a_pick_up_sample
trials-all-1  | [environment-3] [INFO] [1698538703.847793568] [environment]: Receiving message: monitor
trials-all-1  | [robot-6] [INFO] [1698538703.851622560] [robot]: Action: a_approach_arm
trials-all-1  | [environment-3] [INFO] [1698538703.852770558] [environment]: Action: monitor
trials-all-1  | [robot-6] [INFO] [1698538703.857174549] [robot]: Doing a_approach_arm
trials-all-1  | [arm-1] [INFO] [1698538703.864958534] [arm]: Doing a_pick_up_sample
trials-all-1  | [robot-6] [INFO] [1698538703.871078522] [robot]: Receiving sync message. a_pick_up_sample,arm1,robot1
trials-all-1  | [environment-3] [INFO] [1698538703.873541518] [environment]: Receiving message: a_approach_arm,robot1,arm1
trials-all-1  | [robot-6] [INFO] [1698538703.874699515] [robot]: not ready
trials-all-1  | [environment-3] [INFO] [1698538703.878984507] [environment]: Action: a_approach_arm
trials-all-1  | [arm-1] [INFO] [1698538703.883103499] [arm]: not ready
trials-all-1  | [arm-1] [INFO] [1698538703.890606484] [arm]: Action result: False
trials-all-1  | [arm-1] [INFO] [1698538703.894432477] [arm]: Action: a_pick_up_sample
trials-all-1  | [environment-3] [INFO] [1698538703.896898472] [environment]: Responding
trials-all-1  | [robot-6] [INFO] [1698538703.908876449] [robot]: success
trials-all-1  | [environment-3] [INFO] [1698538703.909078448] [environment]: Receiving message: monitor
trials-all-1  | [robot-6] [INFO] [1698538703.913470440] [robot]: Action result: True
trials-all-1  | [arm-1] [INFO] [1698538703.915745435] [arm]: Doing a_pick_up_sample
trials-all-1  | [robot-6] [INFO] [1698538703.924136419] [robot]: Receiving sync message. a_pick_up_sample,arm1,robot1
trials-all-1  | [robot-6] [INFO] [1698538703.928619410] [robot]: not ready
trials-all-1  | [coordinator-2] [INFO] [1698538703.929821408] [coordinator]: Receiving sync message: action_complete,a_approach_arm
trials-all-1  | [environment-3] [INFO] [1698538703.931307405] [environment]: Action: monitor
trials-all-1  | [arm-1] [INFO] [1698538703.940055388] [arm]: not ready
trials-all-1  | [coordinator-2] [INFO] [1698538703.943020382] [coordinator]: action_complete
trials-all-1  | [coordinator-2] [INFO] [1698538703.954146360] [coordinator]: plans_actions_current 9 of 11
trials-all-1  | [arm-1] [INFO] [1698538703.960960347] [arm]: Action result: False
trials-all-1  | [robot-6] [INFO] [1698538703.966535336] [robot]: Action: a_open_drawer
trials-all-1  | [robot-6] [INFO] [1698538703.970951328] [robot]: Doing a_open_drawer
trials-all-1  | [arm-1] [INFO] [1698538703.977840314] [arm]: Action: a_pick_up_sample
trials-all-1  | [robot-6] [INFO] [1698538703.983199304] [robot]: success
trials-all-1  | [environment-3] [INFO] [1698538703.986842297] [environment]: Receiving message: monitor
trials-all-1  | [robot-6] [INFO] [1698538703.987546295] [robot]: Action result: True
trials-all-1  | [arm-1] [INFO] [1698538703.990870289] [arm]: Doing a_pick_up_sample
trials-all-1  | [environment-3] [INFO] [1698538703.993909283] [environment]: Action: monitor
trials-all-1  | [robot-6] [INFO] [1698538703.998905273] [robot]: Receiving sync message. a_pick_up_sample,arm1,robot1
trials-all-1  | [coordinator-2] [INFO] [1698538704.000264271] [coordinator]: Receiving sync message: action_complete,a_open_drawer
trials-all-1  | [coordinator-2] [INFO] [1698538704.005494260] [coordinator]: action_complete
trials-all-1  | [robot-6] [INFO] [1698538704.006951258] [robot]: not ready
trials-all-1  | [arm-1] [INFO] [1698538704.015635241] [arm]: not ready
trials-all-1  | [arm-1] [INFO] [1698538704.019571233] [arm]: Action result: False
trials-all-1  | [arm-1] [INFO] [1698538704.023565225] [arm]: Action: a_pick_up_sample
trials-all-1  | [coordinator-2] [INFO] [1698538704.025098222] [coordinator]: plans_actions_current 10 of 11
trials-all-1  | [robot-6] [INFO] [1698538704.036225200] [robot]: Action: a_pick_up_sample
trials-all-1  | [robot-6] [INFO] [1698538704.042696187] [robot]: Doing a_pick_up_sample
trials-all-1  | [arm-1] [INFO] [1698538704.051820170] [arm]: Doing a_pick_up_sample
trials-all-1  | [robot-6] [INFO] [1698538704.047097179] [robot]: wating for arm1 to pick up from robot1
trials-all-1  | [environment-3] [INFO] [1698538704.054935164] [environment]: Receiving message: monitor
trials-all-1  | [robot-6] [INFO] [1698538704.058775156] [robot]: Receiving sync message. a_pick_up_sample,arm1,robot1
trials-all-1  | [environment-3] [INFO] [1698538704.061793150] [environment]: Action: monitor
trials-all-1  | [robot-6] [INFO] [1698538704.062746148] [robot]: Pick up
trials-all-1  | [robot-6] [INFO] [1698538704.073851126] [robot]: Action result: False
trials-all-1  | [arm-1] [INFO] [1698538704.081222112] [arm]: success
trials-all-1  | [environment-3] [INFO] [1698538704.086385102] [environment]: Receiving message: monitor
trials-all-1  | [robot-6] [INFO] [1698538704.090834093] [robot]: Action: a_pick_up_sample
trials-all-1  | [arm-1] [INFO] [1698538704.092390090] [arm]: Action result: True
trials-all-1  | [robot-6] [INFO] [1698538704.103374069] [robot]: Doing a_pick_up_sample
trials-all-1  | [environment-3] [INFO] [1698538704.104349067] [environment]: Action: monitor
trials-all-1  | [robot-6] [INFO] [1698538704.124519027] [robot]: Action result: True
trials-all-1  | [environment-3] [INFO] [1698538704.125061026] [environment]: Receiving message: monitor
trials-all-1  | [environment-3] [INFO] [1698538704.130212016] [environment]: Action: monitor
trials-all-1  | [coordinator-2] [INFO] [1698538704.139568998] [coordinator]: Receiving sync message: action_complete,a_pick_up_sample
trials-all-1  | [coordinator-2] [INFO] [1698538704.155268967] [coordinator]: action_complete
trials-all-1  | [coordinator-2] [INFO] [1698538704.167780942] [coordinator]: plans_actions_current 11 of 11
trials-all-1  | [coordinator-2] [INFO] [1698538704.176712925] [coordinator]: The time of execution of above program is:2.37467622756958
trials-all-1  | [coordinator-2] [INFO] [1698538704.195761887] [coordinator]: Achieved
trials-all-1  | [coordinator-2] [INFO] [1698538704.201191877] [coordinator]: ENDSIM
trials-all-1  | [robot-6] [INFO] [1698538704.213776852] [robot]: Action: a_close_drawer
trials-all-1  | [robot-6] [INFO] [1698538704.226217828] [robot]: Doing a_close_drawer
trials-all-1  | [robot-6] [INFO] [1698538704.239079803] [robot]: success
trials-all-1  | [robot-6] [INFO] [1698538704.249165783] [robot]: Action result: True
trials-all-1  | [coordinator-2] [INFO] [1698538704.262094757] [coordinator]: Receiving sync message: action_complete,a_close_drawer
trials-all-1  | [coordinator-2] [INFO] [1698538704.268035746] [coordinator]: action_complete
trials-all-1  | [coordinator-2] [INFO] [1698538704.289901703] [coordinator]: plans_actions_current 12 of 11
trials-all-1  | [coordinator-2] [INFO] [1698538704.294216695] [coordinator]: The time of execution of above program is:2.4966671466827393
trials-all-1  | [coordinator-2] [INFO] [1698538704.331212622] [coordinator]: Achieved
trials-all-1  | [coordinator-2] [INFO] [1698538704.362140561] [coordinator]: ENDSIM
trials-all-1 exited with code 0
