 Network trials_ros  Creating
 Network trials_ros  Created
 Container trials-all-1  Creating
 Container trials-all-1  Created
Attaching to trials-all-1
trials-all-1  | [INFO] [launch]: All log files can be found below /root/.ros/log/2023-10-29-00-57-31-418827-85470fc260c5-1
trials-all-1  | [INFO] [launch]: Default logging verbosity is set to INFO
trials-all-1  | [INFO] [arm-1]: process started with pid [52]
trials-all-1  | [INFO] [coordinator-2]: process started with pid [54]
trials-all-1  | [INFO] [environment-3]: process started with pid [56]
trials-all-1  | [INFO] [nurse-4]: process started with pid [58]
trials-all-1  | [INFO] [planner-5]: process started with pid [60]
trials-all-1  | [INFO] [robot-6]: process started with pid [62]
trials-all-1  | [environment-3] [INFO] [1698541055.004458016] [environment]: Starting Environment server
trials-all-1  | [environment-3] [INFO] [1698541055.046510537] [environment]: Environment server started
trials-all-1  | [nurse-4] [INFO] [1698541055.347309109] [nurse]: Starting Nurse server
trials-all-1  | [arm-1] [INFO] [1698541055.380229734] [arm]: Starting Arm server
trials-all-1  | [coordinator-2] [INFO] [1698541055.389604627] [coordinator]: Starting Coordinator server
trials-all-1  | [nurse-4] [INFO] [1698541055.403127473] [nurse]: Nurse server started
trials-all-1  | [nurse-4] [INFO] [1698541055.407035429] [nurse]: Starting Nurse clients
trials-all-1  | [coordinator-2] [INFO] [1698541055.452016916] [coordinator]: Coordinator server started
trials-all-1  | [arm-1] [INFO] [1698541055.461885804] [arm]: Arm server started
trials-all-1  | [arm-1] [INFO] [1698541055.471069699] [arm]: Starting Nurse clients
trials-all-1  | [coordinator-2] [INFO] [1698541055.475547648] [coordinator]: Starting Coordinator clients
trials-all-1  | [robot-6] [INFO] [1698541055.604185182] [robot]: Starting Robot server
trials-all-1  | [robot-6] [INFO] [1698541055.638638789] [robot]: Robot server started
trials-all-1  | [robot-6] [INFO] [1698541055.646894695] [robot]: Starting Robots clients
trials-all-1  | [robot-6] [INFO] [1698541055.686010249] [robot]: Robots clients started
trials-all-1  | [nurse-4] [INFO] [1698541055.772959258] [nurse]: Nurse clients started
trials-all-1  | [nurse-4] [INFO] [1698541055.782789146] [nurse]: Sent request
trials-all-1  | [arm-1] [INFO] [1698541055.791777044] [arm]: Nurse clients started
trials-all-1  | [coordinator-2] [INFO] [1698541056.518437767] [coordinator]: planner sync service not available, waiting again...
trials-all-1  | [coordinator-2] [INFO] [1698541057.530321249] [coordinator]: planner sync service not available, waiting again...
trials-all-1  | [coordinator-2] [INFO] [1698541058.542098740] [coordinator]: planner sync service not available, waiting again...
trials-all-1  | [coordinator-2] [INFO] [1698541059.554507233] [coordinator]: planner sync service not available, waiting again...
trials-all-1  | [coordinator-2] [INFO] [1698541060.569218709] [coordinator]: planner sync service not available, waiting again...
trials-all-1  | [coordinator-2] [INFO] [1698541061.583049203] [coordinator]: planner sync service not available, waiting again...
trials-all-1  | [planner-5] Matplotlib is building the font cache; this may take a moment.
trials-all-1  | [coordinator-2] [INFO] [1698541062.598282690] [coordinator]: planner sync service not available, waiting again...
trials-all-1  | [coordinator-2] [INFO] [1698541063.614392175] [coordinator]: planner sync service not available, waiting again...
trials-all-1  | [planner-5] [INFO] [1698541064.585652177] [planner]: Starting Planner server
trials-all-1  | [planner-5] [INFO] [1698541064.641936540] [planner]: Planner server started
trials-all-1  | [coordinator-2] [INFO] [1698541064.679965110] [coordinator]: Coordinator clients started
trials-all-1  | [coordinator-2] [INFO] [1698541064.714075724] [coordinator]: Receiving message of nurse1 in room3.
trials-all-1  | [coordinator-2] [INFO] [1698541064.720083656] [coordinator]: Sending response
trials-all-1  | [nurse-4] [INFO] [1698541064.730019543] [nurse]: Request response:Okay!
trials-all-1  | [coordinator-2] [INFO] [1698541064.744225382] [coordinator]: Planing
trials-all-1  | [coordinator-2] [INFO] [1698541064.756835240] [coordinator]: Creating plan for: robot1, nurse1, arm1 
trials-all-1  | [planner-5] [INFO] [1698541064.766507130] [planner]: Receiving sync message. need_plan,robot1,nurse1,arm1
trials-all-1  | [planner-5] [INFO] [1698541064.774307042] [planner]: Creating plan for: robot1 robot1 nurse1
trials-all-1  | [planner-5] [INFO] [1698541064.786452904] [planner]: a_navto,robot1,Room1
trials-all-1  | [planner-5] [INFO] [1698541064.793786821] [planner]: a_approach_nurse,robot1
trials-all-1  | [planner-5] [INFO] [1698541064.800995740] [planner]: a_authenticate_nurse,robot1,nurse1
trials-all-1  | [planner-5] [INFO] [1698541064.807527666] [planner]: a_open_drawer,robot1
trials-all-1  | [planner-5] [INFO] [1698541064.816921560] [planner]: a_deposit,nurse1,robot1
trials-all-1  | [planner-5] [INFO] [1698541064.825227466] [planner]: a_close_drawer,robot1
trials-all-1  | [planner-5] [INFO] [1698541064.832100388] [planner]: a_navto,robot1,Room3
trials-all-1  | [planner-5] [INFO] [1698541064.838827312] [planner]: a_approach_arm,robot1,arm1
trials-all-1  | [planner-5] [INFO] [1698541064.846253227] [planner]: a_open_drawer,robot1
trials-all-1  | [planner-5] [INFO] [1698541064.853738143] [planner]: a_pick_up_sample,arm1,robot1
trials-all-1  | [planner-5] [INFO] [1698541064.861328057] [planner]: a_close_drawer,robot1
trials-all-1  | [planner-5] [INFO] [1698541064.868496976] [planner]: Sending response
trials-all-1  | [coordinator-2] [INFO] [1698541064.881155832] [coordinator]: Plan received for: robot1, nurse1, arm1 
trials-all-1  | [coordinator-2] [INFO] [1698541064.888820746] [coordinator]: a_navto,robot1,Room1/a_approach_nurse,robot1/a_authenticate_nurse,robot1,nurse1/a_open_drawer,robot1/a_deposit,nurse1,robot1/a_close_drawer,robot1/a_navto,robot1,Room3/a_approach_arm,robot1,arm1/a_open_drawer,robot1/a_pick_up_sample,arm1,robot1/a_close_drawer,robot1
trials-all-1  | [coordinator-2] [INFO] [1698541064.898222639] [coordinator]: a_navto,robot1,Room1
trials-all-1  | [coordinator-2] [INFO] [1698541064.905385558] [coordinator]: a_approach_nurse,robot1
trials-all-1  | [coordinator-2] [INFO] [1698541064.912513477] [coordinator]: a_authenticate_nurse,robot1,nurse1
trials-all-1  | [coordinator-2] [INFO] [1698541064.919321400] [coordinator]: a_open_drawer,robot1
trials-all-1  | [coordinator-2] [INFO] [1698541064.926213322] [coordinator]: a_deposit,nurse1,robot1
trials-all-1  | [coordinator-2] [INFO] [1698541064.933768237] [coordinator]: a_close_drawer,robot1
trials-all-1  | [coordinator-2] [INFO] [1698541064.940906156] [coordinator]: a_navto,robot1,Room3
trials-all-1  | [coordinator-2] [INFO] [1698541064.947816078] [coordinator]: a_approach_arm,robot1,arm1
trials-all-1  | [coordinator-2] [INFO] [1698541064.955397992] [coordinator]: a_open_drawer,robot1
trials-all-1  | [coordinator-2] [INFO] [1698541064.962628910] [coordinator]: a_pick_up_sample,arm1,robot1
trials-all-1  | [coordinator-2] [INFO] [1698541064.969965827] [coordinator]: a_close_drawer,robot1
trials-all-1  | [coordinator-2] [INFO] [1698541064.977413743] [coordinator]: Sending plans
trials-all-1  | [coordinator-2] [INFO] [1698541064.988635616] [coordinator]: Plans sent
trials-all-1  | [robot-6] [INFO] [1698541064.995577537] [robot]: Receiving message.
trials-all-1  | [nurse-4] [INFO] [1698541065.003132452] [nurse]: Receiving message.
trials-all-1  | [arm-1] [INFO] [1698541065.008405392] [arm]: Receiving message.
trials-all-1  | [arm-1] [INFO] [1698541065.012559345] [arm]: Arm's actions:
trials-all-1  | [robot-6] [INFO] [1698541065.015620310] [robot]: Robot's actions:
trials-all-1  | [robot-6] [INFO] [1698541065.021449244] [robot]: Action: a_navto
trials-all-1  | [robot-6] [INFO] [1698541065.030773139] [robot]: a_navto
trials-all-1  | [nurse-4] [INFO] [1698541065.027946171] [nurse]: Nurse's actions:
trials-all-1  | [nurse-4] [INFO] [1698541065.032014125] [nurse]: a_authenticate_nurse
trials-all-1  | [arm-1] [INFO] [1698541065.029633152] [arm]: Action: a_approach_arm
trials-all-1  | [robot-6] [INFO] [1698541065.034800093] [robot]: a_authenticate_nurse
trials-all-1  | [robot-6] [INFO] [1698541065.039585039] [robot]: Doing a_navto
trials-all-1  | [robot-6] [INFO] [1698541065.041558017] [robot]: a_open_drawer
trials-all-1  | [robot-6] [INFO] [1698541065.046576960] [robot]: a_deposit
trials-all-1  | [robot-6] [INFO] [1698541065.050681914] [robot]: a_close_drawer
trials-all-1  | [nurse-4] [INFO] [1698541065.042937001] [nurse]: a_deposit
trials-all-1  | [nurse-4] [INFO] [1698541065.049845923] [nurse]: Action: a_authenticate_nurse
trials-all-1  | [nurse-4] [INFO] [1698541065.054579870] [nurse]: Doing a_authenticate_nurse
trials-all-1  | [arm-1] [INFO] [1698541065.043097000] [arm]: a_approach_arm
trials-all-1  | [arm-1] [INFO] [1698541065.053360883] [arm]: Doing a_approach_arm
trials-all-1  | [environment-3] [INFO] [1698541065.054634869] [environment]: Receiving message: a_navto,robot1,Room1
trials-all-1  | [robot-6] [INFO] [1698541065.058773822] [robot]: a_navto
trials-all-1  | [robot-6] [INFO] [1698541065.062903776] [robot]: a_approach_arm
trials-all-1  | [robot-6] [INFO] [1698541065.067728721] [robot]: a_open_drawer
trials-all-1  | [robot-6] [INFO] [1698541065.072328669] [robot]: a_pick_up_sample
trials-all-1  | [robot-6] [INFO] [1698541065.077037616] [robot]: a_close_drawer
trials-all-1  | [robot-6] [INFO] [1698541065.085089525] [robot]: Receiving sync message. a_authenticate_nurse,robot1,nurse1
trials-all-1  | [robot-6] [INFO] [1698541065.088923481] [robot]: not ready
trials-all-1  | [environment-3] [INFO] [1698541065.096078400] [environment]: Action: a_navto
trials-all-1  | [nurse-4] [INFO] [1698541065.098036378] [nurse]: not ready
trials-all-1  | [environment-3] [INFO] [1698541065.101815335] [environment]: Responding
trials-all-1  | [nurse-4] [INFO] [1698541065.102350329] [nurse]: Action result: False
trials-all-1  | [nurse-4] [INFO] [1698541065.113593202] [nurse]: Action: a_authenticate_nurse
trials-all-1  | [robot-6] [INFO] [1698541065.122142105] [robot]: success
trials-all-1  | [nurse-4] [INFO] [1698541065.123463090] [nurse]: Doing a_authenticate_nurse
trials-all-1  | [environment-3] [INFO] [1698541065.124121083] [environment]: Receiving message: a_approach_arm,robot1,arm1
trials-all-1  | [robot-6] [INFO] [1698541065.138671918] [robot]: Action result: True
trials-all-1  | [robot-6] [INFO] [1698541065.143324866] [robot]: Receiving sync message. a_authenticate_nurse,robot1,nurse1
trials-all-1  | [robot-6] [INFO] [1698541065.148579806] [robot]: not ready
trials-all-1  | [coordinator-2] [INFO] [1698541065.151442774] [coordinator]: Receiving sync message: action_complete,a_navto
trials-all-1  | [coordinator-2] [INFO] [1698541065.155777725] [coordinator]: action_complete
trials-all-1  | [nurse-4] [INFO] [1698541065.158112699] [nurse]: not ready
trials-all-1  | [nurse-4] [INFO] [1698541065.162310651] [nurse]: Action result: False
trials-all-1  | [coordinator-2] [INFO] [1698541065.164279629] [coordinator]: plans_actions_current 1 of 11
trials-all-1  | [nurse-4] [INFO] [1698541065.169977564] [nurse]: Action: a_authenticate_nurse
trials-all-1  | [robot-6] [INFO] [1698541065.177181483] [robot]: Action: a_approach_nurse
trials-all-1  | [environment-3] [INFO] [1698541065.180048450] [environment]: Action: a_approach_arm
trials-all-1  | [robot-6] [INFO] [1698541065.184368402] [robot]: Doing a_approach_nurse
trials-all-1  | [nurse-4] [INFO] [1698541065.191150325] [nurse]: Doing a_authenticate_nurse
trials-all-1  | [robot-6] [INFO] [1698541065.198875237] [robot]: Receiving sync message. a_authenticate_nurse,robot1,nurse1
trials-all-1  | [robot-6] [INFO] [1698541065.204100178] [robot]: not ready
trials-all-1  | [nurse-4] [INFO] [1698541065.214042066] [nurse]: not ready
trials-all-1  | [nurse-4] [INFO] [1698541065.217854023] [nurse]: Action result: False
trials-all-1  | [nurse-4] [INFO] [1698541065.225706934] [nurse]: Action: a_authenticate_nurse
trials-all-1  | [nurse-4] [INFO] [1698541065.232702855] [nurse]: Doing a_authenticate_nurse
trials-all-1  | [robot-6] [INFO] [1698541065.239418779] [robot]: Receiving sync message. a_authenticate_nurse,robot1,nurse1
trials-all-1  | [robot-6] [INFO] [1698541065.243766730] [robot]: not ready
trials-all-1  | [nurse-4] [INFO] [1698541065.252447631] [nurse]: not ready
trials-all-1  | [nurse-4] [INFO] [1698541065.259058557] [nurse]: Action result: False
trials-all-1  | [nurse-4] [INFO] [1698541065.264265498] [nurse]: Action: a_authenticate_nurse
trials-all-1  | [nurse-4] [INFO] [1698541065.269934434] [nurse]: Doing a_authenticate_nurse
trials-all-1  | [robot-6] [INFO] [1698541065.278047342] [robot]: Receiving sync message. a_authenticate_nurse,robot1,nurse1
trials-all-1  | [robot-6] [INFO] [1698541065.282657290] [robot]: not ready
trials-all-1  | [nurse-4] [INFO] [1698541065.291134194] [nurse]: not ready
trials-all-1  | [nurse-4] [INFO] [1698541065.296958128] [nurse]: Action result: False
trials-all-1  | [nurse-4] [INFO] [1698541065.302166069] [nurse]: Action: a_authenticate_nurse
trials-all-1  | [nurse-4] [INFO] [1698541065.306379021] [nurse]: Doing a_authenticate_nurse
trials-all-1  | [robot-6] [INFO] [1698541065.313261944] [robot]: Receiving sync message. a_authenticate_nurse,robot1,nurse1
trials-all-1  | [robot-6] [INFO] [1698541065.318533884] [robot]: not ready
trials-all-1  | [environment-3] [INFO] [1698541065.324878812] [environment]: Responding
trials-all-1  | [nurse-4] [INFO] [1698541065.331701735] [nurse]: not ready
trials-all-1  | [nurse-4] [INFO] [1698541065.335382693] [nurse]: Action result: False
trials-all-1  | [arm-1] [INFO] [1698541065.335425693] [arm]: success
trials-all-1  | [nurse-4] [INFO] [1698541065.339452647] [nurse]: Action: a_authenticate_nurse
trials-all-1  | [nurse-4] [INFO] [1698541065.347468557] [nurse]: Doing a_authenticate_nurse
trials-all-1  | [arm-1] [INFO] [1698541065.351184515] [arm]: Action result: True
trials-all-1  | [robot-6] [INFO] [1698541065.354734474] [robot]: Receiving sync message. a_authenticate_nurse,robot1,nurse1
trials-all-1  | [environment-3] [INFO] [1698541065.357910439] [environment]: Receiving message: a_approach_nurse,robot1
trials-all-1  | [robot-6] [INFO] [1698541065.358482432] [robot]: not ready
trials-all-1  | [environment-3] [INFO] [1698541065.366356343] [environment]: Action: a_approach_nurse
trials-all-1  | [nurse-4] [INFO] [1698541065.368452319] [nurse]: not ready
trials-all-1  | [arm-1] [INFO] [1698541065.370091301] [arm]: Action: a_pick_up_sample
trials-all-1  | [nurse-4] [INFO] [1698541065.372712271] [nurse]: Action result: False
trials-all-1  | [nurse-4] [INFO] [1698541065.378450206] [nurse]: Action: a_authenticate_nurse
trials-all-1  | [arm-1] [INFO] [1698541065.379489194] [arm]: Doing a_pick_up_sample
trials-all-1  | [environment-3] [INFO] [1698541065.381281174] [environment]: Responding
trials-all-1  | [robot-6] [INFO] [1698541065.386784112] [robot]: Receiving sync message. a_pick_up_sample,arm1,robot1
trials-all-1  | [robot-6] [INFO] [1698541065.392233050] [robot]: not ready
trials-all-1  | [robot-6] [INFO] [1698541065.399301970] [robot]: success
trials-all-1  | [nurse-4] [INFO] [1698541065.397096995] [nurse]: Doing a_authenticate_nurse
trials-all-1  | [arm-1] [INFO] [1698541065.401488946] [arm]: not ready
trials-all-1  | [robot-6] [INFO] [1698541065.404404913] [robot]: Action result: True
trials-all-1  | [robot-6] [INFO] [1698541065.411534832] [robot]: Receiving sync message. a_authenticate_nurse,robot1,nurse1
trials-all-1  | [coordinator-2] [INFO] [1698541065.413608808] [coordinator]: Receiving sync message: action_complete,a_approach_nurse
trials-all-1  | [robot-6] [INFO] [1698541065.416534775] [robot]: not ready
trials-all-1  | [arm-1] [INFO] [1698541065.422331710] [arm]: Action result: False
trials-all-1  | [coordinator-2] [INFO] [1698541065.427284654] [coordinator]: action_complete
trials-all-1  | [nurse-4] [INFO] [1698541065.428852636] [nurse]: not ready
trials-all-1  | [nurse-4] [INFO] [1698541065.432808591] [nurse]: Action result: False
trials-all-1  | [nurse-4] [INFO] [1698541065.439187519] [nurse]: Action: a_authenticate_nurse
trials-all-1  | [arm-1] [INFO] [1698541065.441251496] [arm]: Action: a_pick_up_sample
trials-all-1  | [nurse-4] [INFO] [1698541065.444774456] [nurse]: Doing a_authenticate_nurse
trials-all-1  | [coordinator-2] [INFO] [1698541065.450860387] [coordinator]: plans_actions_current 2 of 11
trials-all-1  | [robot-6] [INFO] [1698541065.453025363] [robot]: Receiving sync message. a_authenticate_nurse,robot1,nurse1
trials-all-1  | [robot-6] [INFO] [1698541065.457940307] [robot]: not ready
trials-all-1  | [arm-1] [INFO] [1698541065.463732241] [arm]: Doing a_pick_up_sample
trials-all-1  | [nurse-4] [INFO] [1698541065.471083158] [nurse]: not ready
trials-all-1  | [nurse-4] [INFO] [1698541065.483610017] [nurse]: Action result: False
trials-all-1  | [robot-6] [INFO] [1698541065.487756970] [robot]: Receiving sync message. a_pick_up_sample,arm1,robot1
trials-all-1  | [nurse-4] [INFO] [1698541065.494592892] [nurse]: Action: a_authenticate_nurse
trials-all-1  | [robot-6] [INFO] [1698541065.496665869] [robot]: not ready
trials-all-1  | [arm-1] [INFO] [1698541065.508576734] [arm]: not ready
trials-all-1  | [nurse-4] [INFO] [1698541065.508791732] [nurse]: Doing a_authenticate_nurse
trials-all-1  | [arm-1] [INFO] [1698541065.512993684] [arm]: Action result: False
trials-all-1  | [robot-6] [INFO] [1698541065.514046672] [robot]: Action: a_authenticate_nurse
trials-all-1  | [robot-6] [INFO] [1698541065.518851618] [robot]: Doing a_authenticate_nurse
trials-all-1  | [robot-6] [INFO] [1698541065.523517565] [robot]: wating for nurse1 to authenticate to robot1
trials-all-1  | [arm-1] [INFO] [1698541065.519301613] [arm]: Action: a_pick_up_sample
trials-all-1  | [arm-1] [INFO] [1698541065.522804573] [arm]: Doing a_pick_up_sample
trials-all-1  | [robot-6] [INFO] [1698541065.535601429] [robot]: Receiving sync message. a_authenticate_nurse,robot1,nurse1
trials-all-1  | [robot-6] [INFO] [1698541065.542027356] [robot]: Action result: False
trials-all-1  | [robot-6] [INFO] [1698541065.546062310] [robot]: Action: a_authenticate_nurse
trials-all-1  | [robot-6] [INFO] [1698541065.553846222] [robot]: Authenticate nurse
trials-all-1  | [nurse-4] [INFO] [1698541065.565971085] [nurse]: success
trials-all-1  | [robot-6] [INFO] [1698541065.576232969] [robot]: Receiving sync message. a_pick_up_sample,arm1,robot1
trials-all-1  | [nurse-4] [INFO] [1698541065.579369933] [nurse]: Action result: True
trials-all-1  | [nurse-4] [INFO] [1698541065.584396877] [nurse]: Action: a_deposit
trials-all-1  | [robot-6] [INFO] [1698541065.589875815] [robot]: Doing a_authenticate_nurse
trials-all-1  | [nurse-4] [INFO] [1698541065.590937803] [nurse]: Doing a_deposit
trials-all-1  | [robot-6] [INFO] [1698541065.597666726] [robot]: not ready
trials-all-1  | [arm-1] [INFO] [1698541065.609705590] [arm]: not ready
trials-all-1  | [arm-1] [INFO] [1698541065.613879543] [arm]: Action result: False
trials-all-1  | [robot-6] [INFO] [1698541065.613077552] [robot]: Action result: True
trials-all-1  | [robot-6] [INFO] [1698541065.616465514] [robot]: Receiving sync message. a_deposit,nurse1,robot1
trials-all-1  | [robot-6] [INFO] [1698541065.623151438] [robot]: not ready
trials-all-1  | [nurse-4] [INFO] [1698541065.633182325] [nurse]: not ready
trials-all-1  | [arm-1] [INFO] [1698541065.634370311] [arm]: Action: a_pick_up_sample
trials-all-1  | [nurse-4] [INFO] [1698541065.637367277] [nurse]: Action result: False
trials-all-1  | [nurse-4] [INFO] [1698541065.642244222] [nurse]: Action: a_deposit
trials-all-1  | [coordinator-2] [INFO] [1698541065.641273233] [coordinator]: Receiving sync message: action_complete,a_authenticate_nurse
trials-all-1  | [coordinator-2] [INFO] [1698541065.645352187] [coordinator]: action_complete
trials-all-1  | [arm-1] [INFO] [1698541065.643692206] [arm]: Doing a_pick_up_sample
trials-all-1  | [coordinator-2] [INFO] [1698541065.649486140] [coordinator]: plans_actions_current 3 of 11
trials-all-1  | [robot-6] [INFO] [1698541065.652872102] [robot]: Receiving sync message. a_pick_up_sample,arm1,robot1
trials-all-1  | [nurse-4] [INFO] [1698541065.656638059] [nurse]: Doing a_deposit
trials-all-1  | [robot-6] [INFO] [1698541065.661731002] [robot]: not ready
trials-all-1  | [robot-6] [INFO] [1698541065.673774866] [robot]: Receiving sync message. a_deposit,nurse1,robot1
trials-all-1  | [robot-6] [INFO] [1698541065.679050806] [robot]: not ready
trials-all-1  | [arm-1] [INFO] [1698541065.674114862] [arm]: not ready
trials-all-1  | [arm-1] [INFO] [1698541065.678113816] [arm]: Action result: False
trials-all-1  | [arm-1] [INFO] [1698541065.685568732] [arm]: Action: a_pick_up_sample
trials-all-1  | [arm-1] [INFO] [1698541065.689301690] [arm]: Doing a_pick_up_sample
trials-all-1  | [nurse-4] [INFO] [1698541065.688136703] [nurse]: not ready
trials-all-1  | [nurse-4] [INFO] [1698541065.692669652] [nurse]: Action result: False
trials-all-1  | [nurse-4] [INFO] [1698541065.700951558] [nurse]: Action: a_deposit
trials-all-1  | [robot-6] [INFO] [1698541065.702751538] [robot]: Action: a_open_drawer
trials-all-1  | [nurse-4] [INFO] [1698541065.705596506] [nurse]: Doing a_deposit
trials-all-1  | [robot-6] [INFO] [1698541065.719570348] [robot]: Receiving sync message. a_pick_up_sample,arm1,robot1
trials-all-1  | [robot-6] [INFO] [1698541065.728264249] [robot]: not ready
trials-all-1  | [robot-6] [INFO] [1698541065.737318147] [robot]: Doing a_open_drawer
trials-all-1  | [robot-6] [INFO] [1698541065.746137047] [robot]: Receiving sync message. a_deposit,nurse1,robot1
trials-all-1  | [robot-6] [INFO] [1698541065.749921004] [robot]: not ready
trials-all-1  | [arm-1] [INFO] [1698541065.739222125] [arm]: not ready
trials-all-1  | [arm-1] [INFO] [1698541065.743266080] [arm]: Action result: False
trials-all-1  | [arm-1] [INFO] [1698541065.747896027] [arm]: Action: a_pick_up_sample
trials-all-1  | [arm-1] [INFO] [1698541065.751609985] [arm]: Doing a_pick_up_sample
trials-all-1  | [nurse-4] [INFO] [1698541065.759973891] [nurse]: not ready
trials-all-1  | [nurse-4] [INFO] [1698541065.766417818] [nurse]: Action result: False
trials-all-1  | [robot-6] [INFO] [1698541065.770115776] [robot]: success
trials-all-1  | [nurse-4] [INFO] [1698541065.780450659] [nurse]: Action: a_deposit
trials-all-1  | [robot-6] [INFO] [1698541065.792488523] [robot]: Receiving sync message. a_pick_up_sample,arm1,robot1
trials-all-1  | [robot-6] [INFO] [1698541065.796142481] [robot]: Action result: True
trials-all-1  | [nurse-4] [INFO] [1698541065.796733475] [nurse]: Doing a_deposit
trials-all-1  | [robot-6] [INFO] [1698541065.802614408] [robot]: not ready
trials-all-1  | [coordinator-2] [INFO] [1698541065.812590295] [coordinator]: Receiving sync message: action_complete,a_open_drawer
trials-all-1  | [coordinator-2] [INFO] [1698541065.817079245] [coordinator]: action_complete
trials-all-1  | [robot-6] [INFO] [1698541065.815248265] [robot]: Receiving sync message. a_deposit,nurse1,robot1
trials-all-1  | [robot-6] [INFO] [1698541065.819176221] [robot]: not ready
trials-all-1  | [arm-1] [INFO] [1698541065.816699249] [arm]: not ready
trials-all-1  | [arm-1] [INFO] [1698541065.820638204] [arm]: Action result: False
trials-all-1  | [arm-1] [INFO] [1698541065.824112165] [arm]: Action: a_pick_up_sample
trials-all-1  | [nurse-4] [INFO] [1698541065.827160131] [nurse]: not ready
trials-all-1  | [nurse-4] [INFO] [1698541065.836145029] [nurse]: Action result: False
trials-all-1  | [nurse-4] [INFO] [1698541065.847852896] [nurse]: Action: a_deposit
trials-all-1  | [coordinator-2] [INFO] [1698541065.837105018] [coordinator]: plans_actions_current 4 of 11
trials-all-1  | [arm-1] [INFO] [1698541065.843654944] [arm]: Doing a_pick_up_sample
trials-all-1  | [robot-6] [INFO] [1698541065.849468878] [robot]: Action: a_deposit
trials-all-1  | [robot-6] [INFO] [1698541065.861080747] [robot]: Receiving sync message. a_pick_up_sample,arm1,robot1
trials-all-1  | [nurse-4] [INFO] [1698541065.862810727] [nurse]: Doing a_deposit
trials-all-1  | [robot-6] [INFO] [1698541065.867089679] [robot]: Doing a_deposit
trials-all-1  | [robot-6] [INFO] [1698541065.883410494] [robot]: not ready
trials-all-1  | [arm-1] [INFO] [1698541065.895500357] [arm]: not ready
trials-all-1  | [arm-1] [INFO] [1698541065.899125316] [arm]: Action result: False
trials-all-1  | [robot-6] [INFO] [1698541065.896945341] [robot]: wating for nurse1 to deposit in robot1
trials-all-1  | [robot-6] [INFO] [1698541065.902666276] [robot]: Receiving sync message. a_deposit,nurse1,robot1
trials-all-1  | [arm-1] [INFO] [1698541065.908969205] [arm]: Action: a_pick_up_sample
trials-all-1  | [arm-1] [INFO] [1698541065.912729163] [arm]: Doing a_pick_up_sample
trials-all-1  | [robot-6] [INFO] [1698541065.910699186] [robot]: Deposit
trials-all-1  | [nurse-4] [INFO] [1698541065.923057046] [nurse]: success
trials-all-1  | [nurse-4] [INFO] [1698541065.934887912] [nurse]: Action result: True
trials-all-1  | [robot-6] [INFO] [1698541065.937251885] [robot]: Action result: False
trials-all-1  | [robot-6] [INFO] [1698541065.948250761] [robot]: Action: a_deposit
trials-all-1  | [robot-6] [INFO] [1698541065.951789721] [robot]: Doing a_deposit
trials-all-1  | [robot-6] [INFO] [1698541065.955359680] [robot]: Action result: True
trials-all-1  | [robot-6] [INFO] [1698541065.960027628] [robot]: Receiving sync message. a_pick_up_sample,arm1,robot1
trials-all-1  | [robot-6] [INFO] [1698541065.966314556] [robot]: not ready
trials-all-1  | [coordinator-2] [INFO] [1698541065.974309466] [coordinator]: Receiving sync message: action_complete,a_deposit
trials-all-1  | [arm-1] [INFO] [1698541065.978683417] [arm]: not ready
trials-all-1  | [coordinator-2] [INFO] [1698541065.979778404] [coordinator]: action_complete
trials-all-1  | [arm-1] [INFO] [1698541065.982915369] [arm]: Action result: False
trials-all-1  | [arm-1] [INFO] [1698541066.007639089] [arm]: Action: a_pick_up_sample
trials-all-1  | [arm-1] [INFO] [1698541066.012382035] [arm]: Doing a_pick_up_sample
trials-all-1  | [robot-6] [INFO] [1698541066.018695964] [robot]: Receiving sync message. a_pick_up_sample,arm1,robot1
trials-all-1  | [coordinator-2] [INFO] [1698541066.024299901] [coordinator]: plans_actions_current 5 of 11
trials-all-1  | [robot-6] [INFO] [1698541066.033830793] [robot]: not ready
trials-all-1  | [arm-1] [INFO] [1698541066.042349697] [arm]: not ready
trials-all-1  | [robot-6] [INFO] [1698541066.045230664] [robot]: Action: a_close_drawer
trials-all-1  | [arm-1] [INFO] [1698541066.046330652] [arm]: Action result: False
trials-all-1  | [arm-1] [INFO] [1698541066.050415606] [arm]: Action: a_pick_up_sample
trials-all-1  | [robot-6] [INFO] [1698541066.057548525] [robot]: Doing a_close_drawer
trials-all-1  | [robot-6] [INFO] [1698541066.065085440] [robot]: success
trials-all-1  | [arm-1] [INFO] [1698541066.066918419] [arm]: Doing a_pick_up_sample
trials-all-1  | [robot-6] [INFO] [1698541066.074501333] [robot]: Receiving sync message. a_pick_up_sample,arm1,robot1
trials-all-1  | [robot-6] [INFO] [1698541066.078529288] [robot]: not ready
trials-all-1  | [robot-6] [INFO] [1698541066.088229178] [robot]: Action result: True
trials-all-1  | [arm-1] [INFO] [1698541066.091861137] [arm]: not ready
trials-all-1  | [arm-1] [INFO] [1698541066.096073089] [arm]: Action result: False
trials-all-1  | [arm-1] [INFO] [1698541066.100825036] [arm]: Action: a_pick_up_sample
trials-all-1  | [coordinator-2] [INFO] [1698541066.101329030] [coordinator]: Receiving sync message: action_complete,a_close_drawer
trials-all-1  | [arm-1] [INFO] [1698541066.104913990] [arm]: Doing a_pick_up_sample
trials-all-1  | [coordinator-2] [INFO] [1698541066.105526983] [coordinator]: action_complete
trials-all-1  | [coordinator-2] [INFO] [1698541066.109385939] [coordinator]: plans_actions_current 6 of 11
trials-all-1  | [robot-6] [INFO] [1698541066.120370815] [robot]: Action: a_navto
trials-all-1  | [robot-6] [INFO] [1698541066.143139557] [robot]: Receiving sync message. a_pick_up_sample,arm1,robot1
trials-all-1  | [robot-6] [INFO] [1698541066.148699495] [robot]: not ready
trials-all-1  | [robot-6] [INFO] [1698541066.151746460] [robot]: Doing a_navto
trials-all-1  | [arm-1] [INFO] [1698541066.156920402] [arm]: not ready
trials-all-1  | [arm-1] [INFO] [1698541066.161628348] [arm]: Action result: False
trials-all-1  | [arm-1] [INFO] [1698541066.165887300] [arm]: Action: a_pick_up_sample
trials-all-1  | [environment-3] [INFO] [1698541066.182166116] [environment]: Receiving message: a_navto,robot1,Room3
trials-all-1  | [environment-3] [INFO] [1698541066.186953062] [environment]: Action: a_navto
trials-all-1  | [environment-3] [INFO] [1698541066.190642021] [environment]: Responding
trials-all-1  | [arm-1] [INFO] [1698541066.182341114] [arm]: Doing a_pick_up_sample
trials-all-1  | [robot-6] [INFO] [1698541066.187785053] [robot]: Receiving sync message. a_pick_up_sample,arm1,robot1
trials-all-1  | [robot-6] [INFO] [1698541066.192094004] [robot]: not ready
trials-all-1  | [arm-1] [INFO] [1698541066.206301844] [arm]: not ready
trials-all-1  | [arm-1] [INFO] [1698541066.210170800] [arm]: Action result: False
trials-all-1  | [arm-1] [INFO] [1698541066.214254754] [arm]: Action: a_pick_up_sample
trials-all-1  | [robot-6] [INFO] [1698541066.208191822] [robot]: success
trials-all-1  | [robot-6] [INFO] [1698541066.211922780] [robot]: Action result: True
trials-all-1  | [arm-1] [INFO] [1698541066.220703681] [arm]: Doing a_pick_up_sample
trials-all-1  | [coordinator-2] [INFO] [1698541066.221380673] [coordinator]: Receiving sync message: action_complete,a_navto
trials-all-1  | [coordinator-2] [INFO] [1698541066.225925622] [coordinator]: action_complete
trials-all-1  | [robot-6] [INFO] [1698541066.232507547] [robot]: Receiving sync message. a_pick_up_sample,arm1,robot1
trials-all-1  | [robot-6] [INFO] [1698541066.235918509] [robot]: not ready
trials-all-1  | [coordinator-2] [INFO] [1698541066.254531298] [coordinator]: plans_actions_current 7 of 11
trials-all-1  | [arm-1] [INFO] [1698541066.257773262] [arm]: not ready
trials-all-1  | [arm-1] [INFO] [1698541066.262068213] [arm]: Action result: False
trials-all-1  | [arm-1] [INFO] [1698541066.266704161] [arm]: Action: a_pick_up_sample
trials-all-1  | [robot-6] [INFO] [1698541066.272422096] [robot]: Action: a_approach_arm
trials-all-1  | [robot-6] [INFO] [1698541066.276337052] [robot]: Doing a_approach_arm
trials-all-1  | [arm-1] [INFO] [1698541066.280116009] [arm]: Doing a_pick_up_sample
trials-all-1  | [robot-6] [INFO] [1698541066.290079897] [robot]: Receiving sync message. a_pick_up_sample,arm1,robot1
trials-all-1  | [environment-3] [INFO] [1698541066.290195895] [environment]: Receiving message: a_approach_arm,robot1,arm1
trials-all-1  | [environment-3] [INFO] [1698541066.293808854] [environment]: Action: a_approach_arm
trials-all-1  | [robot-6] [INFO] [1698541066.294108851] [robot]: not ready
trials-all-1  | [arm-1] [INFO] [1698541066.316610597] [arm]: not ready
trials-all-1  | [arm-1] [INFO] [1698541066.320451553] [arm]: Action result: False
trials-all-1  | [environment-3] [INFO] [1698541066.327776470] [environment]: Responding
trials-all-1  | [robot-6] [INFO] [1698541066.336927367] [robot]: success
trials-all-1  | [robot-6] [INFO] [1698541066.341559315] [robot]: Action result: True
trials-all-1  | [arm-1] [INFO] [1698541066.347213251] [arm]: Action: a_pick_up_sample
trials-all-1  | [arm-1] [INFO] [1698541066.352589190] [arm]: Doing a_pick_up_sample
trials-all-1  | [coordinator-2] [INFO] [1698541066.355341159] [coordinator]: Receiving sync message: action_complete,a_approach_arm
trials-all-1  | [robot-6] [INFO] [1698541066.362822074] [robot]: Receiving sync message. a_pick_up_sample,arm1,robot1
trials-all-1  | [robot-6] [INFO] [1698541066.366755030] [robot]: not ready
trials-all-1  | [coordinator-2] [INFO] [1698541066.370255990] [coordinator]: action_complete
trials-all-1  | [coordinator-2] [INFO] [1698541066.374297945] [coordinator]: plans_actions_current 8 of 11
trials-all-1  | [arm-1] [INFO] [1698541066.386076811] [arm]: not ready
trials-all-1  | [robot-6] [INFO] [1698541066.390290764] [robot]: Action: a_open_drawer
trials-all-1  | [arm-1] [INFO] [1698541066.391892746] [arm]: Action result: False
trials-all-1  | [robot-6] [INFO] [1698541066.394032722] [robot]: Doing a_open_drawer
trials-all-1  | [arm-1] [INFO] [1698541066.403170618] [arm]: Action: a_pick_up_sample
trials-all-1  | [robot-6] [INFO] [1698541066.406188584] [robot]: success
trials-all-1  | [robot-6] [INFO] [1698541066.410162539] [robot]: Action result: True
trials-all-1  | [arm-1] [INFO] [1698541066.417492456] [arm]: Doing a_pick_up_sample
trials-all-1  | [robot-6] [INFO] [1698541066.426862350] [robot]: Receiving sync message. a_pick_up_sample,arm1,robot1
trials-all-1  | [robot-6] [INFO] [1698541066.431005304] [robot]: not ready
trials-all-1  | [arm-1] [INFO] [1698541066.439976202] [arm]: not ready
trials-all-1  | [arm-1] [INFO] [1698541066.445629138] [arm]: Action result: False
trials-all-1  | [arm-1] [INFO] [1698541066.453393051] [arm]: Action: a_pick_up_sample
trials-all-1  | [arm-1] [INFO] [1698541066.461366960] [arm]: Doing a_pick_up_sample
trials-all-1  | [robot-6] [INFO] [1698541066.471158850] [robot]: Receiving sync message. a_pick_up_sample,arm1,robot1
trials-all-1  | [robot-6] [INFO] [1698541066.477403779] [robot]: not ready
trials-all-1  | [arm-1] [INFO] [1698541066.489443643] [arm]: not ready
trials-all-1  | [coordinator-2] [INFO] [1698541066.490417632] [coordinator]: Receiving sync message: action_complete,a_open_drawer
trials-all-1  | [coordinator-2] [INFO] [1698541066.498311543] [coordinator]: action_complete
trials-all-1  | [coordinator-2] [INFO] [1698541066.504601472] [coordinator]: plans_actions_current 9 of 11
trials-all-1  | [arm-1] [INFO] [1698541066.510616404] [arm]: Action result: False
trials-all-1  | [arm-1] [INFO] [1698541066.515055354] [arm]: Action: a_pick_up_sample
trials-all-1  | [arm-1] [INFO] [1698541066.518857311] [arm]: Doing a_pick_up_sample
trials-all-1  | [robot-6] [INFO] [1698541066.512978377] [robot]: Action: a_pick_up_sample
trials-all-1  | [robot-6] [INFO] [1698541066.516590336] [robot]: Doing a_pick_up_sample
trials-all-1  | [robot-6] [INFO] [1698541066.519987298] [robot]: wating for arm1 to pick up from robot1
trials-all-1  | [robot-6] [INFO] [1698541066.531957163] [robot]: Action result: False
trials-all-1  | [robot-6] [INFO] [1698541066.536075116] [robot]: Action: a_pick_up_sample
trials-all-1  | [robot-6] [INFO] [1698541066.548864971] [robot]: Receiving sync message. a_pick_up_sample,arm1,robot1
trials-all-1  | [robot-6] [INFO] [1698541066.552649929] [robot]: Pick up
trials-all-1  | [arm-1] [INFO] [1698541066.562877813] [arm]: success
trials-all-1  | [arm-1] [INFO] [1698541066.567225764] [arm]: Action result: True
trials-all-1  | [robot-6] [INFO] [1698541066.571311718] [robot]: Doing a_pick_up_sample
trials-all-1  | [robot-6] [INFO] [1698541066.575480671] [robot]: Action result: True
trials-all-1  | [coordinator-2] [INFO] [1698541066.601026382] [coordinator]: Receiving sync message: action_complete,a_pick_up_sample
trials-all-1  | [coordinator-2] [INFO] [1698541066.606647318] [coordinator]: action_complete
trials-all-1  | [coordinator-2] [INFO] [1698541066.634218007] [coordinator]: plans_actions_current 10 of 11
trials-all-1  | [robot-6] [INFO] [1698541066.644616889] [robot]: Action: a_close_drawer
trials-all-1  | [robot-6] [INFO] [1698541066.649020839] [robot]: Doing a_close_drawer
trials-all-1  | [robot-6] [INFO] [1698541066.665260656] [robot]: success
trials-all-1  | [robot-6] [INFO] [1698541066.668903615] [robot]: Action result: True
trials-all-1  | [coordinator-2] [INFO] [1698541066.682082466] [coordinator]: Receiving sync message: action_complete,a_close_drawer
trials-all-1  | [coordinator-2] [INFO] [1698541066.687326406] [coordinator]: action_complete
trials-all-1  | [coordinator-2] [INFO] [1698541066.713548110] [coordinator]: plans_actions_current 11 of 11
trials-all-1  | [coordinator-2] [INFO] [1698541066.719283045] [coordinator]: The time of execution of above program is:2.0069682598114014
trials-all-1  | [coordinator-2] [INFO] [1698541066.724821983] [coordinator]: Achieved
trials-all-1  | [coordinator-2] [INFO] [1698541066.730369920] [coordinator]: ENDSIM
trials-all-1 exited with code 0
