 Network trials_ros  Creating
 Network trials_ros  Created
 Container trials-all-1  Creating
 Container trials-all-1  Created
Attaching to trials-all-1
trials-all-1  | [INFO] [launch]: All log files can be found below /root/.ros/log/2023-10-28-21-38-03-604554-907f2b2be7b1-1
trials-all-1  | [INFO] [launch]: Default logging verbosity is set to INFO
trials-all-1  | [INFO] [arm-1]: process started with pid [52]
trials-all-1  | [INFO] [coordinator-2]: process started with pid [54]
trials-all-1  | [INFO] [environment-3]: process started with pid [56]
trials-all-1  | [INFO] [nurse-4]: process started with pid [58]
trials-all-1  | [INFO] [planner-5]: process started with pid [60]
trials-all-1  | [INFO] [robot-6]: process started with pid [62]
trials-all-1  | [robot-6] [INFO] [1698529087.512971965] [robot]: Starting Robot server
trials-all-1  | [robot-6] [INFO] [1698529087.562760725] [robot]: Robot server started
trials-all-1  | [robot-6] [INFO] [1698529087.567009876] [robot]: Starting Robots clients
trials-all-1  | [nurse-4] [INFO] [1698529087.638128390] [nurse]: Starting Nurse server
trials-all-1  | [nurse-4] [INFO] [1698529087.677234773] [nurse]: Nurse server started
trials-all-1  | [nurse-4] [INFO] [1698529087.681810934] [nurse]: Starting Nurse clients
trials-all-1  | [arm-1] [INFO] [1698529087.729908635] [arm]: Starting Arm server
trials-all-1  | [arm-1] [INFO] [1698529087.765433891] [arm]: Arm server started
trials-all-1  | [arm-1] [INFO] [1698529087.771747114] [arm]: Starting Nurse clients
trials-all-1  | [environment-3] [INFO] [1698529087.834878346] [environment]: Starting Environment server
trials-all-1  | [environment-3] [INFO] [1698529087.862931338] [environment]: Environment server started
trials-all-1  | [coordinator-2] [INFO] [1698529087.946069277] [coordinator]: Starting Coordinator server
trials-all-1  | [coordinator-2] [INFO] [1698529087.972688218] [coordinator]: Coordinator server started
trials-all-1  | [coordinator-2] [INFO] [1698529087.980550496] [coordinator]: Starting Coordinator clients
trials-all-1  | [arm-1] [INFO] [1698529088.068276588] [arm]: Nurse clients started
trials-all-1  | [robot-6] [INFO] [1698529088.594305112] [robot]: coordinator service not available, waiting again...
trials-all-1  | [nurse-4] [INFO] [1698529088.741246286] [nurse]: coordinator service not available, waiting again...
trials-all-1  | [coordinator-2] [INFO] [1698529088.997445308] [coordinator]: planner sync service not available, waiting again...
trials-all-1  | [robot-6] [INFO] [1698529089.617927072] [robot]: coordinator service not available, waiting again...
trials-all-1  | [nurse-4] [INFO] [1698529089.753161816] [nurse]: coordinator service not available, waiting again...
trials-all-1  | [coordinator-2] [INFO] [1698529090.009793816] [coordinator]: planner sync service not available, waiting again...
trials-all-1  | [robot-6] [INFO] [1698529090.440290856] [robot]: Robots clients started
trials-all-1  | [nurse-4] [INFO] [1698529090.553807822] [nurse]: Nurse clients started
trials-all-1  | [nurse-4] [INFO] [1698529090.588946050] [nurse]: Sent request
trials-all-1  | [coordinator-2] [INFO] [1698529091.020753133] [coordinator]: planner sync service not available, waiting again...
trials-all-1  | [coordinator-2] [INFO] [1698529092.046151808] [coordinator]: planner sync service not available, waiting again...
trials-all-1  | [coordinator-2] [INFO] [1698529093.077099530] [coordinator]: planner sync service not available, waiting again...
trials-all-1  | [coordinator-2] [INFO] [1698529094.101704887] [coordinator]: planner sync service not available, waiting again...
trials-all-1  | [planner-5] Matplotlib is building the font cache; this may take a moment.
trials-all-1  | [coordinator-2] [INFO] [1698529095.122269961] [coordinator]: planner sync service not available, waiting again...
trials-all-1  | [coordinator-2] [INFO] [1698529096.141641851] [coordinator]: planner sync service not available, waiting again...
trials-all-1  | [coordinator-2] [INFO] [1698529097.164645721] [coordinator]: planner sync service not available, waiting again...
trials-all-1  | [planner-5] [INFO] [1698529097.704908075] [planner]: Starting Planner server
trials-all-1  | [planner-5] [INFO] [1698529097.720274597] [planner]: Planner server started
trials-all-1  | [coordinator-2] [INFO] [1698529098.184427340] [coordinator]: planner sync service not available, waiting again...
trials-all-1  | [coordinator-2] [INFO] [1698529099.205727867] [coordinator]: planner sync service not available, waiting again...
trials-all-1  | [coordinator-2] [INFO] [1698529100.229034320] [coordinator]: planner sync service not available, waiting again...
trials-all-1  | [coordinator-2] [INFO] [1698529100.366371929] [coordinator]: Coordinator clients started
trials-all-1  | [coordinator-2] [INFO] [1698529100.397101960] [coordinator]: Receiving message of nurse1 in room3.
trials-all-1  | [coordinator-2] [INFO] [1698529100.401829119] [coordinator]: Sending response
trials-all-1  | [coordinator-2] [INFO] [1698529100.409613380] [coordinator]: Planing
trials-all-1  | [coordinator-2] [INFO] [1698529100.414148532] [coordinator]: Creating plan for: robot1, nurse1, arm1 
trials-all-1  | [nurse-4] [INFO] [1698529100.414845556] [nurse]: Request response:Okay!
trials-all-1  | [planner-5] [INFO] [1698529100.421549781] [planner]: Receiving sync message. need_plan,robot1,nurse1,arm1
trials-all-1  | [planner-5] [INFO] [1698529100.432023132] [planner]: Creating plan for: robot1 robot1 nurse1
trials-all-1  | [planner-5] [INFO] [1698529100.463479188] [planner]: a_navto,robot1,Room1
trials-all-1  | [planner-5] [INFO] [1698529100.467521324] [planner]: a_approach_nurse,robot1
trials-all-1  | [planner-5] [INFO] [1698529100.483644865] [planner]: a_authenticate_nurse,robot1,nurse1
trials-all-1  | [planner-5] [INFO] [1698529100.495786272] [planner]: a_open_drawer,robot1
trials-all-1  | [planner-5] [INFO] [1698529100.505522599] [planner]: a_deposit,nurse1,robot1
trials-all-1  | [planner-5] [INFO] [1698529100.515968950] [planner]: a_close_drawer,robot1
trials-all-1  | [planner-5] [INFO] [1698529100.526709310] [planner]: a_navto,robot1,Room3
trials-all-1  | [planner-5] [INFO] [1698529100.537508673] [planner]: a_approach_arm,robot1,arm1
trials-all-1  | [planner-5] [INFO] [1698529100.546393971] [planner]: a_open_drawer,robot1
trials-all-1  | [planner-5] [INFO] [1698529100.556048295] [planner]: a_pick_up_sample,arm1,robot1
trials-all-1  | [planner-5] [INFO] [1698529100.566565648] [planner]: a_close_drawer,robot1
trials-all-1  | [planner-5] [INFO] [1698529100.576414978] [planner]: Sending response
trials-all-1  | [coordinator-2] [INFO] [1698529100.590601455] [coordinator]: Plan received for: robot1, nurse1, arm1 
trials-all-1  | [coordinator-2] [INFO] [1698529100.596813663] [coordinator]: a_navto,robot1,Room1/a_approach_nurse,robot1/a_authenticate_nurse,robot1,nurse1/a_open_drawer,robot1/a_deposit,nurse1,robot1/a_close_drawer,robot1/a_navto,robot1,Room3/a_approach_arm,robot1,arm1/a_open_drawer,robot1/a_pick_up_sample,arm1,robot1/a_close_drawer,robot1
trials-all-1  | [coordinator-2] [INFO] [1698529100.601344815] [coordinator]: a_navto,robot1,Room1
trials-all-1  | [coordinator-2] [INFO] [1698529100.618312385] [coordinator]: a_approach_nurse,robot1
trials-all-1  | [coordinator-2] [INFO] [1698529100.622815536] [coordinator]: a_authenticate_nurse,robot1,nurse1
trials-all-1  | [coordinator-2] [INFO] [1698529100.626915673] [coordinator]: a_open_drawer,robot1
trials-all-1  | [coordinator-2] [INFO] [1698529100.643348225] [coordinator]: a_deposit,nurse1,robot1
trials-all-1  | [coordinator-2] [INFO] [1698529100.648334392] [coordinator]: a_close_drawer,robot1
trials-all-1  | [coordinator-2] [INFO] [1698529100.666295995] [coordinator]: a_navto,robot1,Room3
trials-all-1  | [coordinator-2] [INFO] [1698529100.671674175] [coordinator]: a_approach_arm,robot1,arm1
trials-all-1  | [coordinator-2] [INFO] [1698529100.676592341] [coordinator]: a_open_drawer,robot1
trials-all-1  | [coordinator-2] [INFO] [1698529100.692791884] [coordinator]: a_pick_up_sample,arm1,robot1
trials-all-1  | [coordinator-2] [INFO] [1698529100.697218033] [coordinator]: a_close_drawer,robot1
trials-all-1  | [coordinator-2] [INFO] [1698529100.702440208] [coordinator]: Sending plans
trials-all-1  | [coordinator-2] [INFO] [1698529100.721546849] [coordinator]: Plans sent
trials-all-1  | [nurse-4] [INFO] [1698529100.730286143] [nurse]: Receiving message.
trials-all-1  | [robot-6] [INFO] [1698529100.730286143] [robot]: Receiving message.
trials-all-1  | [robot-6] [INFO] [1698529100.736308345] [robot]: Robot's actions:
trials-all-1  | [robot-6] [INFO] [1698529100.741943534] [robot]: a_navto
trials-all-1  | [arm-1] [INFO] [1698529100.744675626] [arm]: Receiving message.
trials-all-1  | [robot-6] [INFO] [1698529100.748247745] [robot]: Action: a_navto
trials-all-1  | [robot-6] [INFO] [1698529100.753980938] [robot]: Doing a_navto
trials-all-1  | [robot-6] [INFO] [1698529100.758584092] [robot]: a_approach_nurse
trials-all-1  | [nurse-4] [INFO] [1698529100.763724265] [nurse]: Nurse's actions:
trials-all-1  | [nurse-4] [INFO] [1698529100.768839436] [nurse]: a_authenticate_nurse
trials-all-1  | [robot-6] [INFO] [1698529100.768559427] [robot]: a_open_drawer
trials-all-1  | [arm-1] [INFO] [1698529100.771267518] [arm]: Arm's actions:
trials-all-1  | [robot-6] [INFO] [1698529100.773320587] [robot]: a_deposit
trials-all-1  | [robot-6] [INFO] [1698529100.778707768] [robot]: a_close_drawer
trials-all-1  | [robot-6] [INFO] [1698529100.783189918] [robot]: a_navto
trials-all-1  | [nurse-4] [INFO] [1698529100.782244886] [nurse]: Action: a_authenticate_nurse
trials-all-1  | [arm-1] [INFO] [1698529100.782996912] [arm]: Action: a_approach_arm
trials-all-1  | [robot-6] [INFO] [1698529100.788525097] [robot]: a_approach_arm
trials-all-1  | [nurse-4] [INFO] [1698529100.791581200] [nurse]: Doing a_authenticate_nurse
trials-all-1  | [arm-1] [INFO] [1698529100.791635202] [arm]: a_approach_arm
trials-all-1  | [robot-6] [INFO] [1698529100.794486297] [robot]: a_open_drawer
trials-all-1  | [robot-6] [INFO] [1698529100.802266558] [robot]: a_pick_up_sample
trials-all-1  | [nurse-4] [INFO] [1698529100.798434430] [nurse]: a_deposit
trials-all-1  | [arm-1] [INFO] [1698529100.802266558] [arm]: Doing a_approach_arm
trials-all-1  | [robot-6] [INFO] [1698529100.817054055] [robot]: a_close_drawer
trials-all-1  | [environment-3] [INFO] [1698529100.817044054] [environment]: Receiving message: a_navto,robot1,Room1
trials-all-1  | [environment-3] [INFO] [1698529100.832176562] [environment]: Action: a_navto
trials-all-1  | [robot-6] [INFO] [1698529100.832574576] [robot]: Receiving sync message. a_authenticate_nurse,robot1,nurse1
trials-all-1  | [robot-6] [INFO] [1698529100.841163864] [robot]: not ready
trials-all-1  | [nurse-4] [INFO] [1698529100.861842558] [nurse]: not ready
trials-all-1  | [environment-3] [INFO] [1698529100.861935561] [environment]: Responding
trials-all-1  | [robot-6] [INFO] [1698529100.874789992] [robot]: success
trials-all-1  | [nurse-4] [INFO] [1698529100.874801993] [nurse]: Action result: False
trials-all-1  | [robot-6] [INFO] [1698529100.879887163] [robot]: Action result: True
trials-all-1  | [nurse-4] [INFO] [1698529100.880910198] [nurse]: Action: a_authenticate_nurse
trials-all-1  | [environment-3] [INFO] [1698529100.884786328] [environment]: Receiving message: a_approach_arm,robot1,arm1
trials-all-1  | [nurse-4] [INFO] [1698529100.889219477] [nurse]: Doing a_authenticate_nurse
trials-all-1  | [coordinator-2] [INFO] [1698529100.890287512] [coordinator]: Receiving sync message: action_complete,a_navto
trials-all-1  | [coordinator-2] [INFO] [1698529100.901641894] [coordinator]: action_complete
trials-all-1  | [coordinator-2] [INFO] [1698529100.906172046] [coordinator]: plans_actions_current 1 of 11
trials-all-1  | [environment-3] [INFO] [1698529100.907069076] [environment]: Action: a_approach_arm
trials-all-1  | [robot-6] [INFO] [1698529100.907597093] [robot]: Receiving sync message. a_authenticate_nurse,robot1,nurse1
trials-all-1  | [robot-6] [INFO] [1698529100.913236283] [robot]: not ready
trials-all-1  | [nurse-4] [INFO] [1698529100.929522829] [nurse]: not ready
trials-all-1  | [robot-6] [INFO] [1698529100.929762837] [robot]: Action: a_approach_nurse
trials-all-1  | [nurse-4] [INFO] [1698529100.935534031] [nurse]: Action result: False
trials-all-1  | [robot-6] [INFO] [1698529100.946576402] [robot]: Doing a_approach_nurse
trials-all-1  | [nurse-4] [INFO] [1698529100.949120487] [nurse]: Action: a_authenticate_nurse
trials-all-1  | [nurse-4] [INFO] [1698529100.957093755] [nurse]: Doing a_authenticate_nurse
trials-all-1  | [environment-3] [INFO] [1698529100.962026920] [environment]: Responding
trials-all-1  | [robot-6] [INFO] [1698529100.964845015] [robot]: Receiving sync message. a_authenticate_nurse,robot1,nurse1
trials-all-1  | [robot-6] [INFO] [1698529100.969100158] [robot]: not ready
trials-all-1  | [arm-1] [INFO] [1698529100.979534508] [arm]: success
trials-all-1  | [nurse-4] [INFO] [1698529100.985799718] [nurse]: not ready
trials-all-1  | [nurse-4] [INFO] [1698529100.989513843] [nurse]: Action result: False
trials-all-1  | [nurse-4] [INFO] [1698529100.993301970] [nurse]: Action: a_authenticate_nurse
trials-all-1  | [arm-1] [INFO] [1698529100.986484741] [arm]: Action result: True
trials-all-1  | [arm-1] [INFO] [1698529100.990315870] [arm]: Action: a_pick_up_sample
trials-all-1  | [arm-1] [INFO] [1698529100.994053995] [arm]: Doing a_pick_up_sample
trials-all-1  | [environment-3] [INFO] [1698529100.987448773] [environment]: Receiving message: a_approach_nurse,robot1
trials-all-1  | [environment-3] [INFO] [1698529100.992157931] [environment]: Action: a_approach_nurse
trials-all-1  | [environment-3] [INFO] [1698529100.995558046] [environment]: Responding
trials-all-1  | [nurse-4] [INFO] [1698529101.007514446] [nurse]: Doing a_authenticate_nurse
trials-all-1  | [robot-6] [INFO] [1698529101.009760521] [robot]: Receiving sync message. a_pick_up_sample,arm1,robot1
trials-all-1  | [robot-6] [INFO] [1698529101.018083799] [robot]: not ready
trials-all-1  | [robot-6] [INFO] [1698529101.027243106] [robot]: success
trials-all-1  | [robot-6] [INFO] [1698529101.039011499] [robot]: Action result: True
trials-all-1  | [robot-6] [INFO] [1698529101.047183772] [robot]: Receiving sync message. a_authenticate_nurse,robot1,nurse1
trials-all-1  | [arm-1] [INFO] [1698529101.041552584] [arm]: not ready
trials-all-1  | [arm-1] [INFO] [1698529101.045801726] [arm]: Action result: False
trials-all-1  | [coordinator-2] [INFO] [1698529101.055176039] [coordinator]: Receiving sync message: action_complete,a_approach_nurse
trials-all-1  | [robot-6] [INFO] [1698529101.058156139] [robot]: not ready
trials-all-1  | [coordinator-2] [INFO] [1698529101.061067236] [coordinator]: action_complete
trials-all-1  | [nurse-4] [INFO] [1698529101.075390715] [nurse]: not ready
trials-all-1  | [nurse-4] [INFO] [1698529101.079796862] [nurse]: Action result: False
trials-all-1  | [arm-1] [INFO] [1698529101.077713793] [arm]: Action: a_pick_up_sample
trials-all-1  | [coordinator-2] [INFO] [1698529101.079834864] [coordinator]: plans_actions_current 2 of 11
trials-all-1  | [arm-1] [INFO] [1698529101.082171942] [arm]: Doing a_pick_up_sample
trials-all-1  | [robot-6] [INFO] [1698529101.088583156] [robot]: Action: a_authenticate_nurse
trials-all-1  | [robot-6] [INFO] [1698529101.097078440] [robot]: Receiving sync message. a_pick_up_sample,arm1,robot1
trials-all-1  | [nurse-4] [INFO] [1698529101.089358182] [nurse]: Action: a_authenticate_nurse
trials-all-1  | [nurse-4] [INFO] [1698529101.093007304] [nurse]: Doing a_authenticate_nurse
trials-all-1  | [robot-6] [INFO] [1698529101.101798598] [robot]: not ready
trials-all-1  | [robot-6] [INFO] [1698529101.105592725] [robot]: Doing a_authenticate_nurse
trials-all-1  | [robot-6] [INFO] [1698529101.110388885] [robot]: wating for nurse1 to authenticate to robot1
trials-all-1  | [robot-6] [INFO] [1698529101.114328017] [robot]: Action result: False
trials-all-1  | [robot-6] [INFO] [1698529101.120160211] [robot]: Receiving sync message. a_authenticate_nurse,robot1,nurse1
trials-all-1  | [arm-1] [INFO] [1698529101.111905936] [arm]: not ready
trials-all-1  | [arm-1] [INFO] [1698529101.116151077] [arm]: Action result: False
trials-all-1  | [robot-6] [INFO] [1698529101.124352352] [robot]: Authenticate nurse
trials-all-1  | [robot-6] [INFO] [1698529101.129818534] [robot]: Action: a_authenticate_nurse
trials-all-1  | [robot-6] [INFO] [1698529101.134609694] [robot]: Doing a_authenticate_nurse
trials-all-1  | [robot-6] [INFO] [1698529101.140295885] [robot]: Action result: True
trials-all-1  | [arm-1] [INFO] [1698529101.132814634] [arm]: Action: a_pick_up_sample
trials-all-1  | [arm-1] [INFO] [1698529101.137079777] [arm]: Doing a_pick_up_sample
trials-all-1  | [nurse-4] [INFO] [1698529101.136334752] [nurse]: success
trials-all-1  | [nurse-4] [INFO] [1698529101.141576927] [nurse]: Action result: True
trials-all-1  | [robot-6] [INFO] [1698529101.148319153] [robot]: Receiving sync message. a_pick_up_sample,arm1,robot1
trials-all-1  | [robot-6] [INFO] [1698529101.155029377] [robot]: not ready
trials-all-1  | [robot-6] [INFO] [1698529101.173825005] [robot]: Receiving sync message. a_deposit,nurse1,robot1
trials-all-1  | [robot-6] [INFO] [1698529101.178970177] [robot]: not ready
trials-all-1  | [coordinator-2] [INFO] [1698529101.161943608] [coordinator]: Receiving sync message: action_complete,a_authenticate_nurse
trials-all-1  | [coordinator-2] [INFO] [1698529101.166162749] [coordinator]: action_complete
trials-all-1  | [nurse-4] [INFO] [1698529101.163626664] [nurse]: Action: a_deposit
trials-all-1  | [nurse-4] [INFO] [1698529101.167387790] [nurse]: Doing a_deposit
trials-all-1  | [arm-1] [INFO] [1698529101.165368723] [arm]: not ready
trials-all-1  | [arm-1] [INFO] [1698529101.172852973] [arm]: Action result: False
trials-all-1  | [arm-1] [INFO] [1698529101.177092114] [arm]: Action: a_pick_up_sample
trials-all-1  | [coordinator-2] [INFO] [1698529101.190672568] [coordinator]: plans_actions_current 3 of 11
trials-all-1  | [nurse-4] [INFO] [1698529101.195234721] [nurse]: not ready
trials-all-1  | [nurse-4] [INFO] [1698529101.201399927] [nurse]: Action result: False
trials-all-1  | [arm-1] [INFO] [1698529101.196596766] [arm]: Doing a_pick_up_sample
trials-all-1  | [robot-6] [INFO] [1698529101.200528898] [robot]: Action: a_open_drawer
trials-all-1  | [robot-6] [INFO] [1698529101.208658170] [robot]: Receiving sync message. a_pick_up_sample,arm1,robot1
trials-all-1  | [nurse-4] [INFO] [1698529101.215885411] [nurse]: Action: a_deposit
trials-all-1  | [robot-6] [INFO] [1698529101.220047550] [robot]: Doing a_open_drawer
trials-all-1  | [robot-6] [INFO] [1698529101.226765775] [robot]: not ready
trials-all-1  | [robot-6] [INFO] [1698529101.235136055] [robot]: success
trials-all-1  | [robot-6] [INFO] [1698529101.240925248] [robot]: Action result: True
trials-all-1  | [arm-1] [INFO] [1698529101.237197123] [arm]: not ready
trials-all-1  | [arm-1] [INFO] [1698529101.242267293] [arm]: Action result: False
trials-all-1  | [arm-1] [INFO] [1698529101.247001451] [arm]: Action: a_pick_up_sample
trials-all-1  | [nurse-4] [INFO] [1698529101.247581471] [nurse]: Doing a_deposit
trials-all-1  | [robot-6] [INFO] [1698529101.254795712] [robot]: Receiving sync message. a_deposit,nurse1,robot1
trials-all-1  | [coordinator-2] [INFO] [1698529101.260988919] [coordinator]: Receiving sync message: action_complete,a_open_drawer
trials-all-1  | [coordinator-2] [INFO] [1698529101.266958118] [coordinator]: action_complete
trials-all-1  | [arm-1] [INFO] [1698529101.266956118] [arm]: Doing a_pick_up_sample
trials-all-1  | [robot-6] [INFO] [1698529101.272143292] [robot]: not ready
trials-all-1  | [robot-6] [INFO] [1698529101.279969553] [robot]: Receiving sync message. a_pick_up_sample,arm1,robot1
trials-all-1  | [nurse-4] [INFO] [1698529101.283836682] [nurse]: not ready
trials-all-1  | [coordinator-2] [INFO] [1698529101.296608109] [coordinator]: plans_actions_current 4 of 11
trials-all-1  | [robot-6] [INFO] [1698529101.297323133] [robot]: not ready
trials-all-1  | [robot-6] [INFO] [1698529101.306721447] [robot]: Action: a_deposit
trials-all-1  | [robot-6] [INFO] [1698529101.310982590] [robot]: Doing a_deposit
trials-all-1  | [robot-6] [INFO] [1698529101.315404738] [robot]: wating for nurse1 to deposit in robot1
trials-all-1  | [nurse-4] [INFO] [1698529101.304728381] [nurse]: Action result: False
trials-all-1  | [nurse-4] [INFO] [1698529101.308887520] [nurse]: Action: a_deposit
trials-all-1  | [nurse-4] [INFO] [1698529101.314788717] [nurse]: Doing a_deposit
trials-all-1  | [arm-1] [INFO] [1698529101.306984456] [arm]: not ready
trials-all-1  | [arm-1] [INFO] [1698529101.310885587] [arm]: Action result: False
trials-all-1  | [arm-1] [INFO] [1698529101.319034859] [arm]: Action: a_pick_up_sample
trials-all-1  | [arm-1] [INFO] [1698529101.322859987] [arm]: Doing a_pick_up_sample
trials-all-1  | [robot-6] [INFO] [1698529101.336298436] [robot]: Receiving sync message. a_deposit,nurse1,robot1
trials-all-1  | [robot-6] [INFO] [1698529101.341540611] [robot]: Deposit
trials-all-1  | [robot-6] [INFO] [1698529101.348481843] [robot]: Action result: False
trials-all-1  | [robot-6] [INFO] [1698529101.353094997] [robot]: Action: a_deposit
trials-all-1  | [nurse-4] [INFO] [1698529101.355210068] [nurse]: success
trials-all-1  | [robot-6] [INFO] [1698529101.361064264] [robot]: Receiving sync message. a_pick_up_sample,arm1,robot1
trials-all-1  | [nurse-4] [INFO] [1698529101.361199268] [nurse]: Action result: True
trials-all-1  | [robot-6] [INFO] [1698529101.365425410] [robot]: not ready
trials-all-1  | [robot-6] [INFO] [1698529101.369809556] [robot]: Doing a_deposit
trials-all-1  | [robot-6] [INFO] [1698529101.373913693] [robot]: Action result: True
trials-all-1  | [arm-1] [INFO] [1698529101.374473712] [arm]: not ready
trials-all-1  | [arm-1] [INFO] [1698529101.378743855] [arm]: Action result: False
trials-all-1  | [arm-1] [INFO] [1698529101.382702987] [arm]: Action: a_pick_up_sample
trials-all-1  | [arm-1] [INFO] [1698529101.386822125] [arm]: Doing a_pick_up_sample
trials-all-1  | [robot-6] [INFO] [1698529101.395831426] [robot]: Receiving sync message. a_pick_up_sample,arm1,robot1
trials-all-1  | [coordinator-2] [INFO] [1698529101.395914429] [coordinator]: Receiving sync message: action_complete,a_deposit
trials-all-1  | [robot-6] [INFO] [1698529101.400677588] [robot]: not ready
trials-all-1  | [coordinator-2] [INFO] [1698529101.400884595] [coordinator]: action_complete
trials-all-1  | [arm-1] [INFO] [1698529101.409688889] [arm]: not ready
trials-all-1  | [arm-1] [INFO] [1698529101.414443048] [arm]: Action result: False
trials-all-1  | [arm-1] [INFO] [1698529101.421062269] [arm]: Action: a_pick_up_sample
trials-all-1  | [arm-1] [INFO] [1698529101.424900398] [arm]: Doing a_pick_up_sample
trials-all-1  | [coordinator-2] [INFO] [1698529101.425644422] [coordinator]: plans_actions_current 5 of 11
trials-all-1  | [robot-6] [INFO] [1698529101.431693625] [robot]: Receiving sync message. a_pick_up_sample,arm1,robot1
trials-all-1  | [robot-6] [INFO] [1698529101.437558821] [robot]: not ready
trials-all-1  | [arm-1] [INFO] [1698529101.450157242] [arm]: not ready
trials-all-1  | [arm-1] [INFO] [1698529101.454236378] [arm]: Action result: False
trials-all-1  | [robot-6] [INFO] [1698529101.462918668] [robot]: Action: a_close_drawer
trials-all-1  | [robot-6] [INFO] [1698529101.469252880] [robot]: Doing a_close_drawer
trials-all-1  | [robot-6] [INFO] [1698529101.474091042] [robot]: success
trials-all-1  | [robot-6] [INFO] [1698529101.486102443] [robot]: Action result: True
trials-all-1  | [arm-1] [INFO] [1698529101.478650194] [arm]: Action: a_pick_up_sample
trials-all-1  | [arm-1] [INFO] [1698529101.489337551] [arm]: Doing a_pick_up_sample
trials-all-1  | [robot-6] [INFO] [1698529101.498298851] [robot]: Receiving sync message. a_pick_up_sample,arm1,robot1
trials-all-1  | [robot-6] [INFO] [1698529101.503625029] [robot]: not ready
trials-all-1  | [coordinator-2] [INFO] [1698529101.507953174] [coordinator]: Receiving sync message: action_complete,a_close_drawer
trials-all-1  | [coordinator-2] [INFO] [1698529101.513905373] [coordinator]: action_complete
trials-all-1  | [coordinator-2] [INFO] [1698529101.517981509] [coordinator]: plans_actions_current 6 of 11
trials-all-1  | [arm-1] [INFO] [1698529101.513846371] [arm]: not ready
trials-all-1  | [arm-1] [INFO] [1698529101.517738501] [arm]: Action result: False
trials-all-1  | [robot-6] [INFO] [1698529101.526888807] [robot]: Action: a_navto
trials-all-1  | [robot-6] [INFO] [1698529101.533243019] [robot]: Doing a_navto
trials-all-1  | [arm-1] [INFO] [1698529101.538118182] [arm]: Action: a_pick_up_sample
trials-all-1  | [arm-1] [INFO] [1698529101.545343423] [arm]: Doing a_pick_up_sample
trials-all-1  | [robot-6] [INFO] [1698529101.551888642] [robot]: Receiving sync message. a_pick_up_sample,arm1,robot1
trials-all-1  | [environment-3] [INFO] [1698529101.555576766] [environment]: Receiving message: a_navto,robot1,Room3
trials-all-1  | [robot-6] [INFO] [1698529101.557437828] [robot]: not ready
trials-all-1  | [environment-3] [INFO] [1698529101.561759972] [environment]: Action: a_navto
trials-all-1  | [arm-1] [INFO] [1698529101.567428162] [arm]: not ready
trials-all-1  | [arm-1] [INFO] [1698529101.579181555] [arm]: Action result: False
trials-all-1  | [environment-3] [INFO] [1698529101.567489164] [environment]: Responding
trials-all-1  | [robot-6] [INFO] [1698529101.584942747] [robot]: success
trials-all-1  | [robot-6] [INFO] [1698529101.589986916] [robot]: Action result: True
trials-all-1  | [arm-1] [INFO] [1698529101.598033185] [arm]: Action: a_pick_up_sample
trials-all-1  | [arm-1] [INFO] [1698529101.603003351] [arm]: Doing a_pick_up_sample
trials-all-1  | [coordinator-2] [INFO] [1698529101.607010485] [coordinator]: Receiving sync message: action_complete,a_navto
trials-all-1  | [coordinator-2] [INFO] [1698529101.610750610] [coordinator]: action_complete
trials-all-1  | [robot-6] [INFO] [1698529101.609284561] [robot]: Receiving sync message. a_pick_up_sample,arm1,robot1
trials-all-1  | [robot-6] [INFO] [1698529101.613186691] [robot]: not ready
trials-all-1  | [arm-1] [INFO] [1698529101.622916016] [arm]: not ready
trials-all-1  | [coordinator-2] [INFO] [1698529101.629148225] [coordinator]: plans_actions_current 7 of 11
trials-all-1  | [arm-1] [INFO] [1698529101.627763178] [arm]: Action result: False
trials-all-1  | [robot-6] [INFO] [1698529101.638599541] [robot]: Action: a_approach_arm
trials-all-1  | [robot-6] [INFO] [1698529101.642497671] [robot]: Doing a_approach_arm
trials-all-1  | [arm-1] [INFO] [1698529101.649277898] [arm]: Action: a_pick_up_sample
trials-all-1  | [arm-1] [INFO] [1698529101.654238063] [arm]: Doing a_pick_up_sample
trials-all-1  | [robot-6] [INFO] [1698529101.661930320] [robot]: Receiving sync message. a_pick_up_sample,arm1,robot1
trials-all-1  | [robot-6] [INFO] [1698529101.666208463] [robot]: not ready
trials-all-1  | [environment-3] [INFO] [1698529101.662267332] [environment]: Receiving message: a_approach_arm,robot1,arm1
trials-all-1  | [environment-3] [INFO] [1698529101.666371469] [environment]: Action: a_approach_arm
trials-all-1  | [environment-3] [INFO] [1698529101.669965589] [environment]: Responding
trials-all-1  | [arm-1] [INFO] [1698529101.684324069] [arm]: not ready
trials-all-1  | [robot-6] [INFO] [1698529101.692410339] [robot]: success
trials-all-1  | [robot-6] [INFO] [1698529101.696400473] [robot]: Action result: True
trials-all-1  | [arm-1] [INFO] [1698529101.701268635] [arm]: Action result: False
trials-all-1  | [arm-1] [INFO] [1698529101.706263802] [arm]: Action: a_pick_up_sample
trials-all-1  | [arm-1] [INFO] [1698529101.711496977] [arm]: Doing a_pick_up_sample
trials-all-1  | [robot-6] [INFO] [1698529101.718989228] [robot]: Receiving sync message. a_pick_up_sample,arm1,robot1
trials-all-1  | [coordinator-2] [INFO] [1698529101.720028262] [coordinator]: Receiving sync message: action_complete,a_approach_arm
trials-all-1  | [robot-6] [INFO] [1698529101.723496378] [robot]: not ready
trials-all-1  | [arm-1] [INFO] [1698529101.733733721] [arm]: not ready
trials-all-1  | [arm-1] [INFO] [1698529101.738033864] [arm]: Action result: False
trials-all-1  | [coordinator-2] [INFO] [1698529101.737543848] [coordinator]: action_complete
trials-all-1  | [coordinator-2] [INFO] [1698529101.741208970] [coordinator]: plans_actions_current 8 of 11
trials-all-1  | [robot-6] [INFO] [1698529101.749360243] [robot]: Action: a_open_drawer
trials-all-1  | [robot-6] [INFO] [1698529101.754045399] [robot]: Doing a_open_drawer
trials-all-1  | [robot-6] [INFO] [1698529101.758840560] [robot]: success
trials-all-1  | [arm-1] [INFO] [1698529101.766689822] [arm]: Action: a_pick_up_sample
trials-all-1  | [arm-1] [INFO] [1698529101.771424980] [arm]: Doing a_pick_up_sample
trials-all-1  | [robot-6] [INFO] [1698529101.772906030] [robot]: Action result: True
trials-all-1  | [robot-6] [INFO] [1698529101.779603254] [robot]: Receiving sync message. a_pick_up_sample,arm1,robot1
trials-all-1  | [robot-6] [INFO] [1698529101.784451416] [robot]: not ready
trials-all-1  | [coordinator-2] [INFO] [1698529101.790820629] [coordinator]: Receiving sync message: action_complete,a_open_drawer
trials-all-1  | [arm-1] [INFO] [1698529101.794713759] [arm]: not ready
trials-all-1  | [arm-1] [INFO] [1698529101.798981902] [arm]: Action result: False
trials-all-1  | [arm-1] [INFO] [1698529101.805725127] [arm]: Action: a_pick_up_sample
trials-all-1  | [arm-1] [INFO] [1698529101.809759262] [arm]: Doing a_pick_up_sample
trials-all-1  | [robot-6] [INFO] [1698529101.817700527] [robot]: Receiving sync message. a_pick_up_sample,arm1,robot1
trials-all-1  | [coordinator-2] [INFO] [1698529101.821385650] [coordinator]: action_complete
trials-all-1  | [coordinator-2] [INFO] [1698529101.825409785] [coordinator]: plans_actions_current 9 of 11
trials-all-1  | [robot-6] [INFO] [1698529101.822349683] [robot]: not ready
trials-all-1  | [arm-1] [INFO] [1698529101.831905002] [arm]: not ready
trials-all-1  | [arm-1] [INFO] [1698529101.837478188] [arm]: Action result: False
trials-all-1  | [robot-6] [INFO] [1698529101.846764499] [robot]: Action: a_pick_up_sample
trials-all-1  | [robot-6] [INFO] [1698529101.851852669] [robot]: Doing a_pick_up_sample
trials-all-1  | [robot-6] [INFO] [1698529101.858329885] [robot]: wating for arm1 to pick up from robot1
trials-all-1  | [robot-6] [INFO] [1698529101.862311018] [robot]: Action result: False
trials-all-1  | [robot-6] [INFO] [1698529101.865853137] [robot]: Action: a_pick_up_sample
trials-all-1  | [arm-1] [INFO] [1698529101.870627296] [arm]: Action: a_pick_up_sample
trials-all-1  | [arm-1] [INFO] [1698529101.875772468] [arm]: Doing a_pick_up_sample
trials-all-1  | [robot-6] [INFO] [1698529101.878918573] [robot]: Doing a_pick_up_sample
trials-all-1  | [robot-6] [INFO] [1698529101.890840972] [robot]: Receiving sync message. a_pick_up_sample,arm1,robot1
trials-all-1  | [robot-6] [INFO] [1698529101.894692101] [robot]: Pick up
trials-all-1  | [arm-1] [INFO] [1698529101.906442493] [arm]: success
trials-all-1  | [arm-1] [INFO] [1698529101.920571966] [arm]: Action result: True
trials-all-1  | [robot-6] [INFO] [1698529101.909015579] [robot]: wating for arm1 to pick up from robot1
trials-all-1  | [robot-6] [INFO] [1698529101.913173718] [robot]: Action result: False
trials-all-1  | [robot-6] [INFO] [1698529101.930688304] [robot]: Action: a_pick_up_sample
trials-all-1  | [robot-6] [INFO] [1698529101.948249891] [robot]: Doing a_pick_up_sample
trials-all-1  | [robot-6] [INFO] [1698529101.953406063] [robot]: Action result: True
trials-all-1  | [coordinator-2] [INFO] [1698529101.966827512] [coordinator]: Receiving sync message: action_complete,a_pick_up_sample
trials-all-1  | [coordinator-2] [INFO] [1698529101.972152690] [coordinator]: action_complete
trials-all-1  | [coordinator-2] [INFO] [1698529101.991746345] [coordinator]: plans_actions_current 10 of 11
trials-all-1  | [robot-6] [INFO] [1698529102.001366666] [robot]: Action: a_close_drawer
trials-all-1  | [robot-6] [INFO] [1698529102.006908851] [robot]: Doing a_close_drawer
trials-all-1  | [robot-6] [INFO] [1698529102.012078023] [robot]: success
trials-all-1  | [robot-6] [INFO] [1698529102.028967586] [robot]: Action result: True
trials-all-1  | [coordinator-2] [INFO] [1698529102.050953317] [coordinator]: Receiving sync message: action_complete,a_close_drawer
trials-all-1  | [coordinator-2] [INFO] [1698529102.055203459] [coordinator]: action_complete
trials-all-1  | [coordinator-2] [INFO] [1698529102.058733576] [coordinator]: plans_actions_current 11 of 11
trials-all-1  | [coordinator-2] [INFO] [1698529102.099963949] [coordinator]: The time of execution of above program is:1.6667587757110596
trials-all-1  | [coordinator-2] [INFO] [1698529102.122524700] [coordinator]: Achieved
trials-all-1  | [coordinator-2] [INFO] [1698529102.177111517] [coordinator]: ENDSIM
trials-all-1 exited with code 0
