 Network trials_ros  Creating
 Network trials_ros  Created
 Container trials-all-1  Creating
 Container trials-all-1  Created
Attaching to trials-all-1
trials-all-1  | [INFO] [launch]: All log files can be found below /root/.ros/log/2023-10-28-23-50-39-806488-9f7d31ec3450-1
trials-all-1  | [INFO] [launch]: Default logging verbosity is set to INFO
trials-all-1  | [INFO] [arm-1]: process started with pid [52]
trials-all-1  | [INFO] [coordinator-2]: process started with pid [54]
trials-all-1  | [INFO] [environment-3]: process started with pid [56]
trials-all-1  | [INFO] [nurse-4]: process started with pid [58]
trials-all-1  | [INFO] [planner-5]: process started with pid [60]
trials-all-1  | [INFO] [robot-6]: process started with pid [62]
trials-all-1  | [coordinator-2] [INFO] [1698537043.322046724] [coordinator]: Starting Coordinator server
trials-all-1  | [coordinator-2] [INFO] [1698537043.376562279] [coordinator]: Coordinator server started
trials-all-1  | [coordinator-2] [INFO] [1698537043.385805373] [coordinator]: Starting Coordinator clients
trials-all-1  | [nurse-4] [INFO] [1698537043.809341678] [nurse]: Starting Nurse server
trials-all-1  | [robot-6] [INFO] [1698537043.840206992] [robot]: Starting Robot server
trials-all-1  | [nurse-4] [INFO] [1698537043.850950101] [nurse]: Nurse server started
trials-all-1  | [nurse-4] [INFO] [1698537043.871116306] [nurse]: Starting Nurse clients
trials-all-1  | [environment-3] [INFO] [1698537043.872368319] [environment]: Starting Environment server
trials-all-1  | [robot-6] [INFO] [1698537043.890670505] [robot]: Robot server started
trials-all-1  | [robot-6] [INFO] [1698537043.901152612] [robot]: Starting Robots clients
trials-all-1  | [environment-3] [INFO] [1698537043.930939915] [environment]: Environment server started
trials-all-1  | [robot-6] [INFO] [1698537043.960047210] [robot]: Robots clients started
trials-all-1  | [nurse-4] [INFO] [1698537043.969908311] [nurse]: Nurse clients started
trials-all-1  | [nurse-4] [INFO] [1698537043.986294477] [nurse]: Sent request
trials-all-1  | [arm-1] [INFO] [1698537044.042686049] [arm]: Starting Arm server
trials-all-1  | [arm-1] [INFO] [1698537044.067491300] [arm]: Arm server started
trials-all-1  | [arm-1] [INFO] [1698537044.077117397] [arm]: Starting Nurse clients
trials-all-1  | [coordinator-2] [INFO] [1698537044.414621814] [coordinator]: planner sync service not available, waiting again...
trials-all-1  | [arm-1] [INFO] [1698537045.113935889] [arm]: robot service not available, waiting again...
trials-all-1  | [coordinator-2] [INFO] [1698537045.437145148] [coordinator]: planner sync service not available, waiting again...
trials-all-1  | [arm-1] [INFO] [1698537046.130909136] [arm]: robot service not available, waiting again...
trials-all-1  | [coordinator-2] [INFO] [1698537046.465375494] [coordinator]: planner sync service not available, waiting again...
trials-all-1  | [arm-1] [INFO] [1698537046.650474352] [arm]: Nurse clients started
trials-all-1  | [coordinator-2] [INFO] [1698537047.493686796] [coordinator]: planner sync service not available, waiting again...
trials-all-1  | [coordinator-2] [INFO] [1698537048.514979983] [coordinator]: planner sync service not available, waiting again...
trials-all-1  | [coordinator-2] [INFO] [1698537049.539168155] [coordinator]: planner sync service not available, waiting again...
trials-all-1  | [planner-5] Matplotlib is building the font cache; this may take a moment.
trials-all-1  | [coordinator-2] [INFO] [1698537050.559612246] [coordinator]: planner sync service not available, waiting again...
trials-all-1  | [coordinator-2] [INFO] [1698537051.573900232] [coordinator]: planner sync service not available, waiting again...
trials-all-1  | [coordinator-2] [INFO] [1698537052.585746152] [coordinator]: planner sync service not available, waiting again...
trials-all-1  | [planner-5] [INFO] [1698537053.275617891] [planner]: Starting Planner server
trials-all-1  | [planner-5] [INFO] [1698537053.319314316] [planner]: Planner server started
trials-all-1  | [coordinator-2] [INFO] [1698537053.407830179] [coordinator]: Coordinator clients started
trials-all-1  | [coordinator-2] [INFO] [1698537053.437840471] [coordinator]: Receiving message of nurse1 in room3.
trials-all-1  | [coordinator-2] [INFO] [1698537053.441906511] [coordinator]: Sending response
trials-all-1  | [coordinator-2] [INFO] [1698537053.455740646] [coordinator]: Planing
trials-all-1  | [nurse-4] [INFO] [1698537053.457933667] [nurse]: Request response:Okay!
trials-all-1  | [coordinator-2] [INFO] [1698537053.462008707] [coordinator]: Creating plan for: robot1, nurse1, arm1 
trials-all-1  | [planner-5] [INFO] [1698537053.472504809] [planner]: Receiving sync message. need_plan,robot1,nurse1,arm1
trials-all-1  | [planner-5] [INFO] [1698537053.479738880] [planner]: Creating plan for: robot1 robot1 nurse1
trials-all-1  | [planner-5] [INFO] [1698537053.492536004] [planner]: a_navto,robot1,Room1
trials-all-1  | [planner-5] [INFO] [1698537053.500142078] [planner]: a_approach_nurse,robot1
trials-all-1  | [planner-5] [INFO] [1698537053.507222147] [planner]: a_authenticate_nurse,robot1,nurse1
trials-all-1  | [planner-5] [INFO] [1698537053.513798211] [planner]: a_open_drawer,robot1
trials-all-1  | [planner-5] [INFO] [1698537053.520996282] [planner]: a_deposit,nurse1,robot1
trials-all-1  | [planner-5] [INFO] [1698537053.528258352] [planner]: a_close_drawer,robot1
trials-all-1  | [planner-5] [INFO] [1698537053.535327421] [planner]: a_navto,robot1,Room3
trials-all-1  | [planner-5] [INFO] [1698537053.542761494] [planner]: a_approach_arm,robot1,arm1
trials-all-1  | [planner-5] [INFO] [1698537053.549169556] [planner]: a_open_drawer,robot1
trials-all-1  | [planner-5] [INFO] [1698537053.554673610] [planner]: a_pick_up_sample,arm1,robot1
trials-all-1  | [planner-5] [INFO] [1698537053.561823679] [planner]: a_close_drawer,robot1
trials-all-1  | [planner-5] [INFO] [1698537053.568652746] [planner]: Sending response
trials-all-1  | [coordinator-2] [INFO] [1698537053.579752854] [coordinator]: Plan received for: robot1, nurse1, arm1 
trials-all-1  | [coordinator-2] [INFO] [1698537053.583297889] [coordinator]: a_navto,robot1,Room1/a_approach_nurse,robot1/a_authenticate_nurse,robot1,nurse1/a_open_drawer,robot1/a_deposit,nurse1,robot1/a_close_drawer,robot1/a_navto,robot1,Room3/a_approach_arm,robot1,arm1/a_open_drawer,robot1/a_pick_up_sample,arm1,robot1/a_close_drawer,robot1
trials-all-1  | [coordinator-2] [INFO] [1698537053.586941924] [coordinator]: a_navto,robot1,Room1
trials-all-1  | [coordinator-2] [INFO] [1698537053.602106072] [coordinator]: a_approach_nurse,robot1
trials-all-1  | [coordinator-2] [INFO] [1698537053.605865108] [coordinator]: a_authenticate_nurse,robot1,nurse1
trials-all-1  | [coordinator-2] [INFO] [1698537053.619406240] [coordinator]: a_open_drawer,robot1
trials-all-1  | [coordinator-2] [INFO] [1698537053.629032334] [coordinator]: a_deposit,nurse1,robot1
trials-all-1  | [coordinator-2] [INFO] [1698537053.637295415] [coordinator]: a_close_drawer,robot1
trials-all-1  | [coordinator-2] [INFO] [1698537053.654546583] [coordinator]: a_navto,robot1,Room3
trials-all-1  | [coordinator-2] [INFO] [1698537053.677729809] [coordinator]: a_approach_arm,robot1,arm1
trials-all-1  | [coordinator-2] [INFO] [1698537053.685480884] [coordinator]: a_open_drawer,robot1
trials-all-1  | [coordinator-2] [INFO] [1698537053.693617963] [coordinator]: a_pick_up_sample,arm1,robot1
trials-all-1  | [coordinator-2] [INFO] [1698537053.701840044] [coordinator]: a_close_drawer,robot1
trials-all-1  | [coordinator-2] [INFO] [1698537053.710650129] [coordinator]: Sending plans
trials-all-1  | [coordinator-2] [INFO] [1698537053.721061231] [coordinator]: Plans sent
trials-all-1  | [nurse-4] [INFO] [1698537053.729830316] [nurse]: Receiving message.
trials-all-1  | [robot-6] [INFO] [1698537053.731480332] [robot]: Receiving message.
trials-all-1  | [arm-1] [INFO] [1698537053.732819345] [arm]: Receiving message.
trials-all-1  | [arm-1] [INFO] [1698537053.739347409] [arm]: Arm's actions:
trials-all-1  | [environment-3] [INFO] [1698537053.740122417] [environment]: Receiving message: monitor
trials-all-1  | [robot-6] [INFO] [1698537053.748923502] [robot]: Robot's actions:
trials-all-1  | [robot-6] [INFO] [1698537053.753022542] [robot]: a_navto
trials-all-1  | [nurse-4] [INFO] [1698537053.750531518] [nurse]: Nurse's actions:
trials-all-1  | [nurse-4] [INFO] [1698537053.754346555] [nurse]: a_authenticate_nurse
trials-all-1  | [environment-3] [INFO] [1698537053.753101543] [environment]: Action: monitor
trials-all-1  | [arm-1] [INFO] [1698537053.758058591] [arm]: Action: a_approach_arm
trials-all-1  | [arm-1] [INFO] [1698537053.761760627] [arm]: a_approach_arm
trials-all-1  | [coordinator-2] [INFO] [1698537053.769050698] [coordinator]: Found a problem
trials-all-1  | [arm-1] [INFO] [1698537053.770903717] [arm]: Doing a_approach_arm
trials-all-1  | [coordinator-2] [INFO] [1698537053.773689744] [coordinator]: Updating planner state
trials-all-1  | [nurse-4] [INFO] [1698537053.776034766] [nurse]: Action: a_authenticate_nurse
trials-all-1  | [planner-5] [INFO] [1698537053.780134806] [planner]: Receiving sync message. update_state,door_closed,Room3
trials-all-1  | [nurse-4] [INFO] [1698537053.785822862] [nurse]: a_deposit
trials-all-1  | [planner-5] [INFO] [1698537053.786443868] [planner]: door_closed
trials-all-1  | [robot-6] [INFO] [1698537053.787846882] [robot]: a_approach_nurse
trials-all-1  | [robot-6] [INFO] [1698537053.794248944] [robot]: Action: a_navto
trials-all-1  | [nurse-4] [INFO] [1698537053.794355945] [nurse]: Doing a_authenticate_nurse
trials-all-1  | [environment-3] [INFO] [1698537053.805581054] [environment]: Receiving message: a_approach_arm,robot1,arm1
trials-all-1  | [coordinator-2] [INFO] [1698537053.805712056] [coordinator]: Planner state updated
trials-all-1  | [environment-3] [INFO] [1698537053.810440102] [environment]: Action: a_approach_arm
trials-all-1  | [robot-6] [INFO] [1698537053.811121108] [robot]: Doing a_navto
trials-all-1  | [coordinator-2] [INFO] [1698537053.812607123] [coordinator]: Planing
trials-all-1  | [robot-6] [INFO] [1698537053.816055156] [robot]: a_open_drawer
trials-all-1  | [robot-6] [INFO] [1698537053.821316208] [robot]: a_deposit
trials-all-1  | [robot-6] [INFO] [1698537053.826488258] [robot]: a_close_drawer
trials-all-1  | [environment-3] [INFO] [1698537053.826603259] [environment]: Responding
trials-all-1  | [arm-1] [INFO] [1698537053.837257363] [arm]: success
trials-all-1  | [coordinator-2] [INFO] [1698537053.837257363] [coordinator]: Creating plan for: robot1, nurse1, arm1 
trials-all-1  | [arm-1] [INFO] [1698537053.845291441] [arm]: Action result: True
trials-all-1  | [planner-5] [INFO] [1698537053.849533483] [planner]: Receiving sync message. need_plan,robot1,nurse1,arm1
trials-all-1  | [environment-3] [INFO] [1698537053.849718484] [environment]: Receiving message: a_navto,robot1,Room1
trials-all-1  | [robot-6] [INFO] [1698537053.851119498] [robot]: a_navto
trials-all-1  | [robot-6] [INFO] [1698537053.855812544] [robot]: a_approach_arm
trials-all-1  | [planner-5] [INFO] [1698537053.857780563] [planner]: Creating plan for: robot1 robot1 nurse1
trials-all-1  | [arm-1] [INFO] [1698537053.863506619] [arm]: Action: a_pick_up_sample
trials-all-1  | [environment-3] [INFO] [1698537053.865568639] [environment]: Action: a_navto
trials-all-1  | [arm-1] [INFO] [1698537053.869904681] [arm]: Doing a_pick_up_sample
trials-all-1  | [environment-3] [INFO] [1698537053.869967682] [environment]: Responding
trials-all-1  | [planner-5] [INFO] [1698537053.874745728] [planner]: a_navto,robot1,Room1
trials-all-1  | [robot-6] [INFO] [1698537053.875869739] [robot]: a_open_drawer
trials-all-1  | [planner-5] [INFO] [1698537053.886727845] [planner]: a_approach_nurse,robot1
trials-all-1  | [robot-6] [INFO] [1698537053.890066878] [robot]: a_pick_up_sample
trials-all-1  | [planner-5] [INFO] [1698537053.896747943] [planner]: a_authenticate_nurse,robot1,nurse1
trials-all-1  | [robot-6] [INFO] [1698537053.897004945] [robot]: a_close_drawer
trials-all-1  | [planner-5] [INFO] [1698537053.905287026] [planner]: a_open_drawer,robot1
trials-all-1  | [robot-6] [INFO] [1698537053.909961071] [robot]: Receiving sync message. a_authenticate_nurse,robot1,nurse1
trials-all-1  | [planner-5] [INFO] [1698537053.913291104] [planner]: a_deposit,nurse1,robot1
trials-all-1  | [planner-5] [INFO] [1698537053.919448164] [planner]: a_close_drawer,robot1
trials-all-1  | [planner-5] [INFO] [1698537053.923511203] [planner]: a_open_door,nurse1,Room3
trials-all-1  | [planner-5] [INFO] [1698537053.927295240] [planner]: a_navto,robot1,Room3
trials-all-1  | [robot-6] [INFO] [1698537053.914221113] [robot]: not ready
trials-all-1  | [robot-6] [INFO] [1698537053.923598204] [robot]: Receiving sync message. a_pick_up_sample,arm1,robot1
trials-all-1  | [robot-6] [INFO] [1698537053.927329241] [robot]: not ready
trials-all-1  | [nurse-4] [INFO] [1698537053.923095199] [nurse]: not ready
trials-all-1  | [nurse-4] [INFO] [1698537053.926995237] [nurse]: Action result: False
trials-all-1  | [planner-5] [INFO] [1698537053.931794284] [planner]: a_approach_arm,robot1,arm1
trials-all-1  | [planner-5] [INFO] [1698537053.938010345] [planner]: a_open_drawer,robot1
trials-all-1  | [planner-5] [INFO] [1698537053.941582379] [planner]: a_pick_up_sample,arm1,robot1
trials-all-1  | [arm-1] [INFO] [1698537053.936406329] [arm]: not ready
trials-all-1  | [arm-1] [INFO] [1698537053.939978364] [arm]: Action result: False
trials-all-1  | [nurse-4] [INFO] [1698537053.937079336] [nurse]: Action: a_authenticate_nurse
trials-all-1  | [nurse-4] [INFO] [1698537053.940824372] [nurse]: Doing a_authenticate_nurse
trials-all-1  | [planner-5] [INFO] [1698537053.948041442] [planner]: a_close_drawer,robot1
trials-all-1  | [robot-6] [INFO] [1698537053.948823450] [robot]: Receiving sync message. a_authenticate_nurse,robot1,nurse1
trials-all-1  | [robot-6] [INFO] [1698537053.953526496] [robot]: not ready
trials-all-1  | [arm-1] [INFO] [1698537053.958467544] [arm]: Action: a_pick_up_sample
trials-all-1  | [planner-5] [INFO] [1698537053.958839548] [planner]: Sending response
trials-all-1  | [robot-6] [INFO] [1698537053.969285649] [robot]: success
trials-all-1  | [robot-6] [INFO] [1698537053.973339689] [robot]: Action result: True
trials-all-1  | [nurse-4] [INFO] [1698537053.970566662] [nurse]: not ready
trials-all-1  | [nurse-4] [INFO] [1698537053.974525700] [nurse]: Action result: False
trials-all-1  | [coordinator-2] [INFO] [1698537053.971393670] [coordinator]: Plan received for: robot1, nurse1, arm1 
trials-all-1  | [coordinator-2] [INFO] [1698537053.976642721] [coordinator]: a_navto,robot1,Room1/a_approach_nurse,robot1/a_authenticate_nurse,robot1,nurse1/a_open_drawer,robot1/a_deposit,nurse1,robot1/a_close_drawer,robot1/a_open_door,nurse1,Room3/a_navto,robot1,Room3/a_approach_arm,robot1,arm1/a_open_drawer,robot1/a_pick_up_sample,arm1,robot1/a_close_drawer,robot1
trials-all-1  | [arm-1] [INFO] [1698537054.020104144] [arm]: Doing a_pick_up_sample
trials-all-1  | [nurse-4] [INFO] [1698537054.023858180] [nurse]: Action: a_authenticate_nurse
trials-all-1  | [nurse-4] [INFO] [1698537054.027668217] [nurse]: Doing a_authenticate_nurse
trials-all-1  | [coordinator-2] [INFO] [1698537054.025214193] [coordinator]: a_navto,robot1,Room1
trials-all-1  | [coordinator-2] [INFO] [1698537054.029914239] [coordinator]: a_approach_nurse,robot1
trials-all-1  | [robot-6] [INFO] [1698537054.026684208] [robot]: Receiving sync message. a_pick_up_sample,arm1,robot1
trials-all-1  | [robot-6] [INFO] [1698537054.031438254] [robot]: not ready
trials-all-1  | [robot-6] [INFO] [1698537054.040769344] [robot]: Receiving sync message. a_authenticate_nurse,robot1,nurse1
trials-all-1  | [robot-6] [INFO] [1698537054.044478380] [robot]: not ready
trials-all-1  | [coordinator-2] [INFO] [1698537054.038951327] [coordinator]: Receiving sync message: action_complete,a_navto
trials-all-1  | [coordinator-2] [INFO] [1698537054.043383370] [coordinator]: action_complete
trials-all-1  | [coordinator-2] [INFO] [1698537054.047760412] [coordinator]: plans_actions_current 1 of 11
trials-all-1  | [arm-1] [INFO] [1698537054.042493361] [arm]: not ready
trials-all-1  | [nurse-4] [INFO] [1698537054.054373476] [nurse]: not ready
trials-all-1  | [coordinator-2] [INFO] [1698537054.054956482] [coordinator]: a_authenticate_nurse,robot1,nurse1
trials-all-1  | [arm-1] [INFO] [1698537054.062666557] [arm]: Action result: False
trials-all-1  | [coordinator-2] [INFO] [1698537054.063344563] [coordinator]: a_open_drawer,robot1
trials-all-1  | [robot-6] [INFO] [1698537054.065852588] [robot]: Action: a_approach_nurse
trials-all-1  | [nurse-4] [INFO] [1698537054.067357602] [nurse]: Action result: False
trials-all-1  | [coordinator-2] [INFO] [1698537054.070552633] [coordinator]: a_deposit,nurse1,robot1
trials-all-1  | [robot-6] [INFO] [1698537054.072331651] [robot]: Doing a_approach_nurse
trials-all-1  | [coordinator-2] [INFO] [1698537054.077803704] [coordinator]: a_close_drawer,robot1
trials-all-1  | [arm-1] [INFO] [1698537054.078689712] [arm]: Action: a_pick_up_sample
trials-all-1  | [nurse-4] [INFO] [1698537054.076370690] [nurse]: Action: a_authenticate_nurse
trials-all-1  | [arm-1] [INFO] [1698537054.086847791] [arm]: Doing a_pick_up_sample
trials-all-1  | [nurse-4] [INFO] [1698537054.088077803] [nurse]: Doing a_authenticate_nurse
trials-all-1  | [environment-3] [INFO] [1698537054.090142823] [environment]: Receiving message: a_approach_nurse,robot1
trials-all-1  | [coordinator-2] [INFO] [1698537054.094392865] [coordinator]: a_open_door,nurse1,Room3
trials-all-1  | [robot-6] [INFO] [1698537054.099951919] [robot]: Receiving sync message. a_pick_up_sample,arm1,robot1
trials-all-1  | [coordinator-2] [INFO] [1698537054.100567925] [coordinator]: a_navto,robot1,Room3
trials-all-1  | [environment-3] [INFO] [1698537054.104783965] [environment]: Action: a_approach_nurse
trials-all-1  | [coordinator-2] [INFO] [1698537054.105086968] [coordinator]: a_approach_arm,robot1,arm1
trials-all-1  | [robot-6] [INFO] [1698537054.109482011] [robot]: not ready
trials-all-1  | [coordinator-2] [INFO] [1698537054.112651042] [coordinator]: a_open_drawer,robot1
trials-all-1  | [coordinator-2] [INFO] [1698537054.116750081] [coordinator]: a_pick_up_sample,arm1,robot1
trials-all-1  | [coordinator-2] [INFO] [1698537054.120839121] [coordinator]: a_close_drawer,robot1
trials-all-1  | [coordinator-2] [INFO] [1698537054.124487157] [coordinator]: Sending plans
trials-all-1  | [coordinator-2] [INFO] [1698537054.133343242] [coordinator]: Plans sent
trials-all-1  | [arm-1] [INFO] [1698537054.119385107] [arm]: not ready
trials-all-1  | [arm-1] [INFO] [1698537054.123000142] [arm]: Action result: False
trials-all-1  | [arm-1] [INFO] [1698537054.138073288] [arm]: Receiving message.
trials-all-1  | [robot-6] [INFO] [1698537054.121827131] [robot]: Receiving sync message. a_authenticate_nurse,robot1,nurse1
trials-all-1  | [robot-6] [INFO] [1698537054.125708168] [robot]: not ready
trials-all-1  | [environment-3] [INFO] [1698537054.132759237] [environment]: Responding
trials-all-1  | [nurse-4] [INFO] [1698537054.133298242] [nurse]: Receiving message.
trials-all-1  | [nurse-4] [INFO] [1698537054.137378282] [nurse]: Nurse's actions:
trials-all-1  | [nurse-4] [INFO] [1698537054.141337320] [nurse]: a_authenticate_nurse
trials-all-1  | [arm-1] [INFO] [1698537054.141841325] [arm]: Arm's actions:
trials-all-1  | [environment-3] [INFO] [1698537054.148127386] [environment]: Receiving message: monitor
trials-all-1  | [environment-3] [INFO] [1698537054.154340446] [environment]: Action: monitor
trials-all-1  | [arm-1] [INFO] [1698537054.154501448] [arm]: a_approach_arm
trials-all-1  | [arm-1] [INFO] [1698537054.159381495] [arm]: a_pick_up_sample
trials-all-1  | [robot-6] [INFO] [1698537054.160082502] [robot]: Receiving message.
trials-all-1  | [nurse-4] [INFO] [1698537054.164975549] [nurse]: a_deposit
trials-all-1  | [coordinator-2] [INFO] [1698537054.170252601] [coordinator]: Found a problem
trials-all-1  | [arm-1] [INFO] [1698537054.173024627] [arm]: Action: a_pick_up_sample
trials-all-1  | [nurse-4] [INFO] [1698537054.173024627] [nurse]: a_open_door
trials-all-1  | [arm-1] [INFO] [1698537054.179057686] [arm]: Doing a_pick_up_sample
trials-all-1  | [environment-3] [INFO] [1698537054.183557730] [environment]: Receiving message: monitor
trials-all-1  | [environment-3] [INFO] [1698537054.189073783] [environment]: Action: monitor
trials-all-1  | [robot-6] [INFO] [1698537054.193106822] [robot]: Robot's actions:
trials-all-1  | [robot-6] [INFO] [1698537054.197854868] [robot]: a_navto
trials-all-1  | [nurse-4] [INFO] [1698537054.202025909] [nurse]: not ready
trials-all-1  | [coordinator-2] [INFO] [1698537054.208250969] [coordinator]: Found a problem
trials-all-1  | [robot-6] [INFO] [1698537054.209504981] [robot]: a_approach_nurse
trials-all-1  | [nurse-4] [INFO] [1698537054.212883014] [nurse]: Action result: False
trials-all-1  | [robot-6] [INFO] [1698537054.213767023] [robot]: a_authenticate_nurse
trials-all-1  | [robot-6] [INFO] [1698537054.217948063] [robot]: a_open_drawer
trials-all-1  | [nurse-4] [INFO] [1698537054.221333096] [nurse]: Action: a_authenticate_nurse
trials-all-1  | [robot-6] [INFO] [1698537054.222649109] [robot]: a_deposit
trials-all-1  | [robot-6] [INFO] [1698537054.227567157] [robot]: a_close_drawer
trials-all-1  | [nurse-4] [INFO] [1698537054.227567157] [nurse]: Doing a_authenticate_nurse
trials-all-1  | [environment-3] [INFO] [1698537054.229553176] [environment]: Receiving message: monitor
trials-all-1  | [robot-6] [INFO] [1698537054.232139201] [robot]: a_navto
trials-all-1  | [robot-6] [INFO] [1698537054.236008238] [robot]: a_approach_arm
trials-all-1  | [robot-6] [INFO] [1698537054.240366281] [robot]: a_open_drawer
trials-all-1  | [environment-3] [INFO] [1698537054.244643322] [environment]: Action: monitor
trials-all-1  | [robot-6] [INFO] [1698537054.245318329] [robot]: a_pick_up_sample
trials-all-1  | [coordinator-2] [INFO] [1698537054.256801440] [coordinator]: Found a problem
trials-all-1  | [robot-6] [INFO] [1698537054.258469456] [robot]: a_close_drawer
trials-all-1  | [environment-3] [INFO] [1698537054.270511573] [environment]: Receiving message: monitor
trials-all-1  | [environment-3] [INFO] [1698537054.274662613] [environment]: Action: monitor
trials-all-1  | [coordinator-2] [INFO] [1698537054.283982704] [coordinator]: Found a problem
trials-all-1  | [robot-6] [INFO] [1698537054.291859780] [robot]: Receiving sync message. a_pick_up_sample,arm1,robot1
trials-all-1  | [environment-3] [INFO] [1698537054.292863790] [environment]: Receiving message: monitor
trials-all-1  | [robot-6] [INFO] [1698537054.297092831] [robot]: not ready
trials-all-1  | [robot-6] [INFO] [1698537054.302782886] [robot]: success
trials-all-1  | [arm-1] [INFO] [1698537054.306091918] [arm]: not ready
trials-all-1  | [environment-3] [INFO] [1698537054.308119938] [environment]: Action: monitor
trials-all-1  | [robot-6] [INFO] [1698537054.309654953] [robot]: Action result: True
trials-all-1  | [coordinator-2] [INFO] [1698537054.317762032] [coordinator]: Found a problem
trials-all-1  | [arm-1] [INFO] [1698537054.329461145] [arm]: Action result: False
trials-all-1  | [environment-3] [INFO] [1698537054.330291153] [environment]: Receiving message: monitor
trials-all-1  | [coordinator-2] [INFO] [1698537054.332537175] [coordinator]: Receiving sync message: action_complete,a_approach_nurse
trials-all-1  | [coordinator-2] [INFO] [1698537054.336927218] [coordinator]: action_complete
trials-all-1  | [environment-3] [INFO] [1698537054.342249269] [environment]: Action: monitor
trials-all-1  | [arm-1] [INFO] [1698537054.347216317] [arm]: Action: a_approach_arm
trials-all-1  | [robot-6] [INFO] [1698537054.348472330] [robot]: Receiving sync message. a_authenticate_nurse,robot1,nurse1
trials-all-1  | [coordinator-2] [INFO] [1698537054.354018383] [coordinator]: plans_actions_current 1 of 11
trials-all-1  | [arm-1] [INFO] [1698537054.357855421] [arm]: Doing a_approach_arm
trials-all-1  | [robot-6] [INFO] [1698537054.362569466] [robot]: not ready
trials-all-1  | [environment-3] [INFO] [1698537054.370479543] [environment]: Receiving message: a_approach_arm,robot1,arm1
trials-all-1  | [environment-3] [INFO] [1698537054.374513582] [environment]: Action: a_approach_arm
trials-all-1  | [environment-3] [INFO] [1698537054.379096627] [environment]: Responding
trials-all-1  | [nurse-4] [INFO] [1698537054.372668564] [nurse]: not ready
trials-all-1  | [nurse-4] [INFO] [1698537054.376489601] [nurse]: Action result: False
trials-all-1  | [robot-6] [INFO] [1698537054.375187589] [robot]: Action: a_navto
trials-all-1  | [coordinator-2] [INFO] [1698537054.375390591] [coordinator]: Found a problem
trials-all-1  | [nurse-4] [INFO] [1698537054.386589699] [nurse]: Action: a_authenticate_nurse
trials-all-1  | [arm-1] [INFO] [1698537054.389757730] [arm]: success
trials-all-1  | [nurse-4] [INFO] [1698537054.392465756] [nurse]: Doing a_authenticate_nurse
trials-all-1  | [arm-1] [INFO] [1698537054.395087782] [arm]: Action result: True
trials-all-1  | [robot-6] [INFO] [1698537054.396676797] [robot]: Doing a_navto
trials-all-1  | [environment-3] [INFO] [1698537054.397403804] [environment]: Receiving message: monitor
trials-all-1  | [arm-1] [INFO] [1698537054.401145841] [arm]: Action: a_pick_up_sample
trials-all-1  | [arm-1] [INFO] [1698537054.405502883] [arm]: Doing a_pick_up_sample
trials-all-1  | [robot-6] [INFO] [1698537054.405838886] [robot]: Receiving sync message. a_authenticate_nurse,robot1,nurse1
trials-all-1  | [robot-6] [INFO] [1698537054.413395959] [robot]: not ready
trials-all-1  | [environment-3] [INFO] [1698537054.413597961] [environment]: Action: monitor
trials-all-1  | [environment-3] [INFO] [1698537054.422019043] [environment]: Receiving message: a_navto,robot1,Room1
trials-all-1  | [nurse-4] [INFO] [1698537054.424004062] [nurse]: not ready
trials-all-1  | [coordinator-2] [INFO] [1698537054.426148083] [coordinator]: Found a problem
trials-all-1  | [nurse-4] [INFO] [1698537054.429113112] [nurse]: Action result: False
trials-all-1  | [nurse-4] [INFO] [1698537054.438451202] [nurse]: Action: a_authenticate_nurse
trials-all-1  | [environment-3] [INFO] [1698537054.441880236] [environment]: Action: a_navto
trials-all-1  | [environment-3] [INFO] [1698537054.446787283] [environment]: Responding
trials-all-1  | [environment-3] [INFO] [1698537054.454075354] [environment]: Receiving message: monitor
trials-all-1  | [nurse-4] [INFO] [1698537054.453160345] [nurse]: Doing a_authenticate_nurse
trials-all-1  | [robot-6] [INFO] [1698537054.454490358] [robot]: Receiving sync message. a_pick_up_sample,arm1,robot1
trials-all-1  | [robot-6] [INFO] [1698537054.465420464] [robot]: not ready
trials-all-1  | [environment-3] [INFO] [1698537054.475512562] [environment]: Action: monitor
trials-all-1  | [coordinator-2] [INFO] [1698537054.484878653] [coordinator]: Found a problem
trials-all-1  | [robot-6] [INFO] [1698537054.484878653] [robot]: Receiving sync message. a_authenticate_nurse,robot1,nurse1
trials-all-1  | [arm-1] [INFO] [1698537054.489947702] [arm]: not ready
trials-all-1  | [robot-6] [INFO] [1698537054.490071703] [robot]: not ready
trials-all-1  | [arm-1] [INFO] [1698537054.494258744] [arm]: Action result: False
trials-all-1  | [arm-1] [INFO] [1698537054.500539805] [arm]: Action: a_pick_up_sample
trials-all-1  | [arm-1] [INFO] [1698537054.506448862] [arm]: Doing a_pick_up_sample
trials-all-1  | [nurse-4] [INFO] [1698537054.500563805] [nurse]: not ready
trials-all-1  | [environment-3] [INFO] [1698537054.509176889] [environment]: Receiving message: monitor
trials-all-1  | [nurse-4] [INFO] [1698537054.509829895] [nurse]: Action result: False
trials-all-1  | [environment-3] [INFO] [1698537054.525055043] [environment]: Action: monitor
trials-all-1  | [nurse-4] [INFO] [1698537054.530155092] [nurse]: Action: a_authenticate_nurse
trials-all-1  | [nurse-4] [INFO] [1698537054.534152131] [nurse]: Doing a_authenticate_nurse
trials-all-1  | [coordinator-2] [INFO] [1698537054.533574125] [coordinator]: Found a problem
trials-all-1  | [robot-6] [INFO] [1698537054.537553164] [robot]: Receiving sync message. a_pick_up_sample,arm1,robot1
trials-all-1  | [robot-6] [INFO] [1698537054.543650223] [robot]: not ready
trials-all-1  | [environment-3] [INFO] [1698537054.551517299] [environment]: Receiving message: monitor
trials-all-1  | [arm-1] [INFO] [1698537054.562400405] [arm]: not ready
trials-all-1  | [robot-6] [INFO] [1698537054.562391405] [robot]: success
trials-all-1  | [arm-1] [INFO] [1698537054.566419444] [arm]: Action result: False
trials-all-1  | [environment-3] [INFO] [1698537054.566690447] [environment]: Action: monitor
trials-all-1  | [robot-6] [INFO] [1698537054.566865448] [robot]: Action result: True
trials-all-1  | [robot-6] [INFO] [1698537054.586134635] [robot]: Receiving sync message. a_authenticate_nurse,robot1,nurse1
trials-all-1  | [coordinator-2] [INFO] [1698537054.591661689] [coordinator]: Found a problem
trials-all-1  | [robot-6] [INFO] [1698537054.593144703] [robot]: not ready
trials-all-1  | [coordinator-2] [INFO] [1698537054.601243782] [coordinator]: Receiving sync message: action_complete,a_navto
trials-all-1  | [coordinator-2] [INFO] [1698537054.605344822] [coordinator]: action_complete
trials-all-1  | [environment-3] [INFO] [1698537054.603845807] [environment]: Receiving message: monitor
trials-all-1  | [nurse-4] [INFO] [1698537054.603834807] [nurse]: not ready
trials-all-1  | [environment-3] [INFO] [1698537054.609042857] [environment]: Action: monitor
trials-all-1  | [nurse-4] [INFO] [1698537054.610743874] [nurse]: Action result: False
trials-all-1  | [arm-1] [INFO] [1698537054.615084916] [arm]: Action: a_pick_up_sample
trials-all-1  | [coordinator-2] [INFO] [1698537054.622361987] [coordinator]: plans_actions_current 2 of 11
trials-all-1  | [nurse-4] [INFO] [1698537054.625172014] [nurse]: Action: a_authenticate_nurse
trials-all-1  | [arm-1] [INFO] [1698537054.634181101] [arm]: Doing a_pick_up_sample
trials-all-1  | [nurse-4] [INFO] [1698537054.638843147] [nurse]: Doing a_authenticate_nurse
trials-all-1  | [robot-6] [INFO] [1698537054.641149169] [robot]: Receiving sync message. a_pick_up_sample,arm1,robot1
trials-all-1  | [robot-6] [INFO] [1698537054.645279209] [robot]: not ready
trials-all-1  | [coordinator-2] [INFO] [1698537054.645260209] [coordinator]: Found a problem
trials-all-1  | [arm-1] [INFO] [1698537054.657032323] [arm]: not ready
trials-all-1  | [environment-3] [INFO] [1698537054.660163353] [environment]: Receiving message: monitor
trials-all-1  | [arm-1] [INFO] [1698537054.661378365] [arm]: Action result: False
trials-all-1  | [arm-1] [INFO] [1698537054.673489483] [arm]: Action: a_pick_up_sample
trials-all-1  | [environment-3] [INFO] [1698537054.678278529] [environment]: Action: monitor
trials-all-1  | [arm-1] [INFO] [1698537054.678349530] [arm]: Doing a_pick_up_sample
trials-all-1  | [robot-6] [INFO] [1698537054.679299539] [robot]: Receiving sync message. a_authenticate_nurse,robot1,nurse1
trials-all-1  | [coordinator-2] [INFO] [1698537054.688837632] [coordinator]: Found a problem
trials-all-1  | [robot-6] [INFO] [1698537054.695570697] [robot]: not ready
trials-all-1  | [environment-3] [INFO] [1698537054.701904758] [environment]: Receiving message: monitor
trials-all-1  | [nurse-4] [INFO] [1698537054.704818787] [nurse]: not ready
trials-all-1  | [environment-3] [INFO] [1698537054.710317840] [environment]: Action: monitor
trials-all-1  | [robot-6] [INFO] [1698537054.717857913] [robot]: Action: a_approach_nurse
trials-all-1  | [robot-6] [INFO] [1698537054.722301956] [robot]: Doing a_approach_nurse
trials-all-1  | [coordinator-2] [INFO] [1698537054.726116993] [coordinator]: Found a problem
trials-all-1  | [robot-6] [INFO] [1698537054.730386035] [robot]: Receiving sync message. a_pick_up_sample,arm1,robot1
trials-all-1  | [nurse-4] [INFO] [1698537054.730784039] [nurse]: Action result: False
trials-all-1  | [robot-6] [INFO] [1698537054.734884078] [robot]: not ready
trials-all-1  | [environment-3] [INFO] [1698537054.735714086] [environment]: Receiving message: a_approach_nurse,robot1
trials-all-1  | [arm-1] [INFO] [1698537054.744044167] [arm]: not ready
trials-all-1  | [nurse-4] [INFO] [1698537054.746480191] [nurse]: Action: a_authenticate_nurse
trials-all-1  | [arm-1] [INFO] [1698537054.747943205] [arm]: Action result: False
trials-all-1  | [environment-3] [INFO] [1698537054.753816262] [environment]: Action: a_approach_nurse
trials-all-1  | [environment-3] [INFO] [1698537054.758509308] [environment]: Responding
trials-all-1  | [arm-1] [INFO] [1698537054.754430268] [arm]: Action: a_pick_up_sample
trials-all-1  | [arm-1] [INFO] [1698537054.758938312] [arm]: Doing a_pick_up_sample
trials-all-1  | [nurse-4] [INFO] [1698537054.763009351] [nurse]: Doing a_authenticate_nurse
trials-all-1  | [robot-6] [INFO] [1698537054.767852398] [robot]: Receiving sync message. a_pick_up_sample,arm1,robot1
trials-all-1  | [robot-6] [INFO] [1698537054.779131508] [robot]: not ready
trials-all-1  | [arm-1] [INFO] [1698537054.788712601] [arm]: not ready
trials-all-1  | [environment-3] [INFO] [1698537054.791155624] [environment]: Receiving message: monitor
trials-all-1  | [environment-3] [INFO] [1698537054.795667668] [environment]: Action: monitor
trials-all-1  | [arm-1] [INFO] [1698537054.798720698] [arm]: Action result: False
trials-all-1  | [arm-1] [INFO] [1698537054.806286771] [arm]: Action: a_pick_up_sample
trials-all-1  | [coordinator-2] [INFO] [1698537054.808757795] [coordinator]: Found a problem
trials-all-1  | [robot-6] [INFO] [1698537054.813674843] [robot]: Receiving sync message. a_authenticate_nurse,robot1,nurse1
trials-all-1  | [robot-6] [INFO] [1698537054.817946884] [robot]: not ready
trials-all-1  | [arm-1] [INFO] [1698537054.820014904] [arm]: Doing a_pick_up_sample
trials-all-1  | [robot-6] [INFO] [1698537054.833362034] [robot]: success
trials-all-1  | [robot-6] [INFO] [1698537054.837273072] [robot]: Action result: True
trials-all-1  | [environment-3] [INFO] [1698537054.834602046] [environment]: Receiving message: monitor
trials-all-1  | [nurse-4] [INFO] [1698537054.838479083] [nurse]: not ready
trials-all-1  | [robot-6] [INFO] [1698537054.844226139] [robot]: Receiving sync message. a_pick_up_sample,arm1,robot1
trials-all-1  | [coordinator-2] [INFO] [1698537054.845009147] [coordinator]: Receiving sync message: action_complete,a_approach_nurse
trials-all-1  | [robot-6] [INFO] [1698537054.848267178] [robot]: not ready
trials-all-1  | [nurse-4] [INFO] [1698537054.849286188] [nurse]: Action result: False
trials-all-1  | [coordinator-2] [INFO] [1698537054.849412189] [coordinator]: action_complete
trials-all-1  | [arm-1] [INFO] [1698537054.858970282] [arm]: not ready
trials-all-1  | [coordinator-2] [INFO] [1698537054.859345286] [coordinator]: plans_actions_current 3 of 11
trials-all-1  | [nurse-4] [INFO] [1698537054.861239304] [nurse]: Action: a_authenticate_nurse
trials-all-1  | [environment-3] [INFO] [1698537054.862349315] [environment]: Action: monitor
trials-all-1  | [arm-1] [INFO] [1698537054.870892398] [arm]: Action result: False
trials-all-1  | [nurse-4] [INFO] [1698537054.874280431] [nurse]: Doing a_authenticate_nurse
trials-all-1  | [arm-1] [INFO] [1698537054.884814533] [arm]: Action: a_pick_up_sample
trials-all-1  | [coordinator-2] [INFO] [1698537054.886993554] [coordinator]: Found a problem
trials-all-1  | [robot-6] [INFO] [1698537054.888144565] [robot]: Receiving sync message. a_authenticate_nurse,robot1,nurse1
trials-all-1  | [arm-1] [INFO] [1698537054.891477598] [arm]: Doing a_pick_up_sample
trials-all-1  | [robot-6] [INFO] [1698537054.897501656] [robot]: not ready
trials-all-1  | [robot-6] [INFO] [1698537054.911021787] [robot]: Action: a_authenticate_nurse
trials-all-1  | [nurse-4] [INFO] [1698537054.916031836] [nurse]: not ready
trials-all-1  | [robot-6] [INFO] [1698537054.918840863] [robot]: Doing a_authenticate_nurse
trials-all-1  | [nurse-4] [INFO] [1698537054.921191886] [nurse]: Action result: False
trials-all-1  | [nurse-4] [INFO] [1698537054.926094933] [nurse]: Action: a_authenticate_nurse
trials-all-1  | [nurse-4] [INFO] [1698537054.930088972] [nurse]: Doing a_authenticate_nurse
trials-all-1  | [environment-3] [INFO] [1698537054.926292935] [environment]: Receiving message: monitor
trials-all-1  | [environment-3] [INFO] [1698537054.930387975] [environment]: Action: monitor
trials-all-1  | [robot-6] [INFO] [1698537054.927276945] [robot]: Receiving sync message. a_pick_up_sample,arm1,robot1
trials-all-1  | [robot-6] [INFO] [1698537054.934281013] [robot]: wating for nurse1 to authenticate to robot1
trials-all-1  | [robot-6] [INFO] [1698537054.937608045] [robot]: not ready
trials-all-1  | [coordinator-2] [INFO] [1698537054.946945136] [coordinator]: Found a problem
trials-all-1  | [robot-6] [INFO] [1698537054.947377140] [robot]: Action result: False
trials-all-1  | [robot-6] [INFO] [1698537054.952768192] [robot]: Action: a_authenticate_nurse
trials-all-1  | [arm-1] [INFO] [1698537054.954630210] [arm]: not ready
trials-all-1  | [robot-6] [INFO] [1698537054.958529248] [robot]: Receiving sync message. a_authenticate_nurse,robot1,nurse1
trials-all-1  | [arm-1] [INFO] [1698537054.962540287] [arm]: Action result: False
trials-all-1  | [robot-6] [INFO] [1698537054.966519326] [robot]: Doing a_authenticate_nurse
trials-all-1  | [environment-3] [INFO] [1698537054.966424325] [environment]: Receiving message: monitor
trials-all-1  | [arm-1] [INFO] [1698537054.968094341] [arm]: Action: a_pick_up_sample
trials-all-1  | [arm-1] [INFO] [1698537054.972236381] [arm]: Doing a_pick_up_sample
trials-all-1  | [robot-6] [INFO] [1698537054.973492393] [robot]: Authenticate nurse
trials-all-1  | [robot-6] [INFO] [1698537054.981748473] [robot]: Action result: True
trials-all-1  | [nurse-4] [INFO] [1698537054.985492510] [nurse]: success
trials-all-1  | [nurse-4] [INFO] [1698537054.991472568] [nurse]: Action result: True
trials-all-1  | [coordinator-2] [INFO] [1698537054.991634569] [coordinator]: Receiving sync message: action_complete,a_authenticate_nurse
trials-all-1  | [nurse-4] [INFO] [1698537054.997339625] [nurse]: Action: a_deposit
trials-all-1  | [robot-6] [INFO] [1698537054.998394635] [robot]: Receiving sync message. a_pick_up_sample,arm1,robot1
trials-all-1  | [environment-3] [INFO] [1698537054.998226633] [environment]: Action: monitor
trials-all-1  | [coordinator-2] [INFO] [1698537055.007931727] [coordinator]: action_complete
trials-all-1  | [robot-6] [INFO] [1698537055.008049728] [robot]: not ready
trials-all-1  | [nurse-4] [INFO] [1698537055.018495829] [nurse]: Doing a_deposit
trials-all-1  | [arm-1] [INFO] [1698537055.020898852] [arm]: not ready
trials-all-1  | [coordinator-2] [INFO] [1698537055.022926872] [coordinator]: plans_actions_current 4 of 11
trials-all-1  | [arm-1] [INFO] [1698537055.026301905] [arm]: Action result: False
trials-all-1  | [coordinator-2] [INFO] [1698537055.034694986] [coordinator]: Found a problem
trials-all-1  | [arm-1] [INFO] [1698537055.041072047] [arm]: Action: a_pick_up_sample
trials-all-1  | [robot-6] [INFO] [1698537055.045428089] [robot]: Receiving sync message. a_deposit,nurse1,robot1
trials-all-1  | [arm-1] [INFO] [1698537055.047030105] [arm]: Doing a_pick_up_sample
trials-all-1  | [robot-6] [INFO] [1698537055.053945172] [robot]: not ready
trials-all-1  | [environment-3] [INFO] [1698537055.065279281] [environment]: Receiving message: monitor
trials-all-1  | [nurse-4] [INFO] [1698537055.065430283] [nurse]: not ready
trials-all-1  | [robot-6] [INFO] [1698537055.065799286] [robot]: Action: a_open_drawer
trials-all-1  | [robot-6] [INFO] [1698537055.070531332] [robot]: Doing a_open_drawer
trials-all-1  | [environment-3] [INFO] [1698537055.071622342] [environment]: Action: monitor
trials-all-1  | [nurse-4] [INFO] [1698537055.071622342] [nurse]: Action result: False
trials-all-1  | [robot-6] [INFO] [1698537055.081382437] [robot]: success
trials-all-1  | [robot-6] [INFO] [1698537055.086408485] [robot]: Action result: True
trials-all-1  | [robot-6] [INFO] [1698537055.090458524] [robot]: Receiving sync message. a_pick_up_sample,arm1,robot1
trials-all-1  | [coordinator-2] [INFO] [1698537055.087757498] [coordinator]: Found a problem
trials-all-1  | [coordinator-2] [INFO] [1698537055.096561583] [coordinator]: Receiving sync message: action_complete,a_open_drawer
trials-all-1  | [robot-6] [INFO] [1698537055.099302610] [robot]: not ready
trials-all-1  | [nurse-4] [INFO] [1698537055.103357649] [nurse]: Action: a_deposit
trials-all-1  | [coordinator-2] [INFO] [1698537055.109559709] [coordinator]: action_complete
trials-all-1  | [arm-1] [INFO] [1698537055.109957713] [arm]: not ready
trials-all-1  | [arm-1] [INFO] [1698537055.117205783] [arm]: Action result: False
trials-all-1  | [nurse-4] [INFO] [1698537055.117215783] [nurse]: Doing a_deposit
trials-all-1  | [coordinator-2] [INFO] [1698537055.121190821] [coordinator]: plans_actions_current 5 of 11
trials-all-1  | [robot-6] [INFO] [1698537055.124765856] [robot]: Receiving sync message. a_deposit,nurse1,robot1
trials-all-1  | [environment-3] [INFO] [1698537055.129577902] [environment]: Receiving message: monitor
trials-all-1  | [arm-1] [INFO] [1698537055.129633903] [arm]: Action: a_pick_up_sample
trials-all-1  | [environment-3] [INFO] [1698537055.133578941] [environment]: Action: monitor
trials-all-1  | [robot-6] [INFO] [1698537055.136630970] [robot]: not ready
trials-all-1  | [robot-6] [INFO] [1698537055.147636077] [robot]: Action: a_deposit
trials-all-1  | [nurse-4] [INFO] [1698537055.148341083] [nurse]: not ready
trials-all-1  | [robot-6] [INFO] [1698537055.152494124] [robot]: Doing a_deposit
trials-all-1  | [arm-1] [INFO] [1698537055.153693135] [arm]: Doing a_pick_up_sample
trials-all-1  | [coordinator-2] [INFO] [1698537055.160287199] [coordinator]: Found a problem
trials-all-1  | [robot-6] [INFO] [1698537055.163139226] [robot]: wating for nurse1 to deposit in robot1
trials-all-1  | [nurse-4] [INFO] [1698537055.165246247] [nurse]: Action result: False
trials-all-1  | [nurse-4] [INFO] [1698537055.170671299] [nurse]: Action: a_deposit
trials-all-1  | [robot-6] [INFO] [1698537055.173292324] [robot]: Action result: False
trials-all-1  | [environment-3] [INFO] [1698537055.175841349] [environment]: Receiving message: monitor
trials-all-1  | [nurse-4] [INFO] [1698537055.176479355] [nurse]: Doing a_deposit
trials-all-1  | [robot-6] [INFO] [1698537055.178706377] [robot]: Action: a_deposit
trials-all-1  | [environment-3] [INFO] [1698537055.181277402] [environment]: Action: monitor
trials-all-1  | [robot-6] [INFO] [1698537055.188004467] [robot]: Receiving sync message. a_pick_up_sample,arm1,robot1
trials-all-1  | [robot-6] [INFO] [1698537055.192948514] [robot]: not ready
trials-all-1  | [coordinator-2] [INFO] [1698537055.194640531] [coordinator]: Found a problem
trials-all-1  | [environment-3] [INFO] [1698537055.202867610] [environment]: Receiving message: monitor
trials-all-1  | [arm-1] [INFO] [1698537055.204643627] [arm]: not ready
trials-all-1  | [environment-3] [INFO] [1698537055.207454654] [environment]: Action: monitor
trials-all-1  | [arm-1] [INFO] [1698537055.214066718] [arm]: Action result: False
trials-all-1  | [arm-1] [INFO] [1698537055.220010776] [arm]: Action: a_pick_up_sample
trials-all-1  | [coordinator-2] [INFO] [1698537055.222618801] [coordinator]: Found a problem
trials-all-1  | [robot-6] [INFO] [1698537055.229959872] [robot]: Doing a_deposit
trials-all-1  | [robot-6] [INFO] [1698537055.233324904] [robot]: Receiving sync message. a_deposit,nurse1,robot1
trials-all-1  | [arm-1] [INFO] [1698537055.233601907] [arm]: Doing a_pick_up_sample
trials-all-1  | [environment-3] [INFO] [1698537055.236141932] [environment]: Receiving message: monitor
trials-all-1  | [environment-3] [INFO] [1698537055.240018969] [environment]: Action: monitor
trials-all-1  | [robot-6] [INFO] [1698537055.246733034] [robot]: wating for nurse1 to deposit in robot1
trials-all-1  | [robot-6] [INFO] [1698537055.251248078] [robot]: Action result: False
trials-all-1  | [coordinator-2] [INFO] [1698537055.254801112] [coordinator]: Found a problem
trials-all-1  | [robot-6] [INFO] [1698537055.256104124] [robot]: Action: a_deposit
trials-all-1  | [robot-6] [INFO] [1698537055.260560167] [robot]: Doing a_deposit
trials-all-1  | [robot-6] [INFO] [1698537055.265527215] [robot]: Deposit
trials-all-1  | [environment-3] [INFO] [1698537055.269551254] [environment]: Receiving message: monitor
trials-all-1  | [environment-3] [INFO] [1698537055.274161299] [environment]: Action: monitor
trials-all-1  | [nurse-4] [INFO] [1698537055.274548303] [nurse]: success
trials-all-1  | [nurse-4] [INFO] [1698537055.279685352] [nurse]: Action result: True
trials-all-1  | [coordinator-2] [INFO] [1698537055.289754449] [coordinator]: Found a problem
trials-all-1  | [nurse-4] [INFO] [1698537055.292772479] [nurse]: Action: a_open_door
trials-all-1  | [robot-6] [INFO] [1698537055.297442524] [robot]: Action result: True
trials-all-1  | [nurse-4] [INFO] [1698537055.298691536] [nurse]: Doing a_open_door
trials-all-1  | [robot-6] [INFO] [1698537055.302541573] [robot]: Receiving sync message. a_pick_up_sample,arm1,robot1
trials-all-1  | [environment-3] [INFO] [1698537055.304918596] [environment]: Receiving message: monitor
trials-all-1  | [coordinator-2] [INFO] [1698537055.306110607] [coordinator]: Receiving sync message: action_complete,a_deposit
trials-all-1  | [robot-6] [INFO] [1698537055.308928635] [robot]: not ready
trials-all-1  | [environment-3] [INFO] [1698537055.310872653] [environment]: Action: monitor
trials-all-1  | [arm-1] [INFO] [1698537055.323781778] [arm]: not ready
trials-all-1  | [environment-3] [INFO] [1698537055.328512824] [environment]: Receiving message: a_open_door,nurse1,Room3
trials-all-1  | [arm-1] [INFO] [1698537055.328833827] [arm]: Action result: False
trials-all-1  | [coordinator-2] [INFO] [1698537055.331646854] [coordinator]: action_complete
trials-all-1  | [arm-1] [INFO] [1698537055.338397919] [arm]: Action: a_pick_up_sample
trials-all-1  | [coordinator-2] [INFO] [1698537055.342005954] [coordinator]: plans_actions_current 6 of 11
trials-all-1  | [arm-1] [INFO] [1698537055.351637047] [arm]: Doing a_pick_up_sample
trials-all-1  | [robot-6] [INFO] [1698537055.355154081] [robot]: Action: a_close_drawer
trials-all-1  | [environment-3] [INFO] [1698537055.357576105] [environment]: Action: a_open_door
trials-all-1  | [coordinator-2] [INFO] [1698537055.358978118] [coordinator]: Found a problem
trials-all-1  | [robot-6] [INFO] [1698537055.361049138] [robot]: Doing a_close_drawer
trials-all-1  | [robot-6] [INFO] [1698537055.374344267] [robot]: success
trials-all-1  | [robot-6] [INFO] [1698537055.379008312] [robot]: Receiving sync message. a_pick_up_sample,arm1,robot1
trials-all-1  | [environment-3] [INFO] [1698537055.381608337] [environment]: Responding
trials-all-1  | [environment-3] [INFO] [1698537055.389629414] [environment]: Receiving message: monitor
trials-all-1  | [nurse-4] [INFO] [1698537055.399295508] [nurse]: success
trials-all-1  | [nurse-4] [INFO] [1698537055.406029573] [nurse]: Action result: True
trials-all-1  | [environment-3] [INFO] [1698537055.414093651] [environment]: Action: monitor
trials-all-1  | [robot-6] [INFO] [1698537055.415169661] [robot]: not ready
trials-all-1  | [robot-6] [INFO] [1698537055.426861774] [robot]: Action result: True
trials-all-1  | [arm-1] [INFO] [1698537055.429611800] [arm]: not ready
trials-all-1  | [coordinator-2] [INFO] [1698537055.440262903] [coordinator]: Receiving sync message: action_complete,a_close_drawer
trials-all-1  | [arm-1] [INFO] [1698537055.444244942] [arm]: Action result: False
trials-all-1  | [coordinator-2] [INFO] [1698537055.453987036] [coordinator]: action_complete
trials-all-1  | [arm-1] [INFO] [1698537055.455828054] [arm]: Action: a_pick_up_sample
trials-all-1  | [coordinator-2] [INFO] [1698537055.469373185] [coordinator]: plans_actions_current 7 of 11
trials-all-1  | [arm-1] [INFO] [1698537055.470810198] [arm]: Doing a_pick_up_sample
trials-all-1  | [robot-6] [INFO] [1698537055.482569312] [robot]: Action: a_navto
trials-all-1  | [robot-6] [INFO] [1698537055.488726372] [robot]: Doing a_navto
trials-all-1  | [environment-3] [INFO] [1698537055.492039404] [environment]: Receiving message: monitor
trials-all-1  | [environment-3] [INFO] [1698537055.497440456] [environment]: Action: monitor
trials-all-1  | [robot-6] [INFO] [1698537055.498606467] [robot]: Receiving sync message. a_pick_up_sample,arm1,robot1
trials-all-1  | [robot-6] [INFO] [1698537055.514917625] [robot]: not ready
trials-all-1  | [environment-3] [INFO] [1698537055.516772642] [environment]: Receiving message: a_navto,robot1,Room3
trials-all-1  | [environment-3] [INFO] [1698537055.520864682] [environment]: Action: a_navto
trials-all-1  | [arm-1] [INFO] [1698537055.531320783] [arm]: not ready
trials-all-1  | [arm-1] [INFO] [1698537055.538368851] [arm]: Action result: False
trials-all-1  | [environment-3] [INFO] [1698537055.544073906] [environment]: Responding
trials-all-1  | [arm-1] [INFO] [1698537055.544319909] [arm]: Action: a_pick_up_sample
trials-all-1  | [environment-3] [INFO] [1698537055.551683980] [environment]: Receiving message: monitor
trials-all-1  | [robot-6] [INFO] [1698537055.554193004] [robot]: success
trials-all-1  | [environment-3] [INFO] [1698537055.556081022] [environment]: Action: monitor
trials-all-1  | [robot-6] [INFO] [1698537055.565001108] [robot]: Action result: True
trials-all-1  | [arm-1] [INFO] [1698537055.573500190] [arm]: Doing a_pick_up_sample
trials-all-1  | [coordinator-2] [INFO] [1698537055.585736309] [coordinator]: Receiving sync message: action_complete,a_navto
trials-all-1  | [environment-3] [INFO] [1698537055.587890329] [environment]: Receiving message: monitor
trials-all-1  | [coordinator-2] [INFO] [1698537055.594841397] [coordinator]: action_complete
trials-all-1  | [robot-6] [INFO] [1698537055.594968398] [robot]: Receiving sync message. a_pick_up_sample,arm1,robot1
trials-all-1  | [robot-6] [INFO] [1698537055.600207448] [robot]: not ready
trials-all-1  | [coordinator-2] [INFO] [1698537055.602708473] [coordinator]: plans_actions_current 8 of 11
trials-all-1  | [environment-3] [INFO] [1698537055.612715569] [environment]: Action: monitor
trials-all-1  | [robot-6] [INFO] [1698537055.620170641] [robot]: Action: a_approach_arm
trials-all-1  | [arm-1] [INFO] [1698537055.623370672] [arm]: not ready
trials-all-1  | [robot-6] [INFO] [1698537055.625353691] [robot]: Doing a_approach_arm
trials-all-1  | [arm-1] [INFO] [1698537055.629293729] [arm]: Action result: False
trials-all-1  | [environment-3] [INFO] [1698537055.638380817] [environment]: Receiving message: a_approach_arm,robot1,arm1
trials-all-1  | [arm-1] [INFO] [1698537055.642463857] [arm]: Action: a_pick_up_sample
trials-all-1  | [environment-3] [INFO] [1698537055.643355865] [environment]: Action: a_approach_arm
trials-all-1  | [arm-1] [INFO] [1698537055.648464915] [arm]: Doing a_pick_up_sample
trials-all-1  | [environment-3] [INFO] [1698537055.648923919] [environment]: Responding
trials-all-1  | [robot-6] [INFO] [1698537055.666262086] [robot]: success
trials-all-1  | [robot-6] [INFO] [1698537055.673742159] [robot]: Action result: True
trials-all-1  | [environment-3] [INFO] [1698537055.675113172] [environment]: Receiving message: monitor
trials-all-1  | [robot-6] [INFO] [1698537055.684781265] [robot]: Receiving sync message. a_pick_up_sample,arm1,robot1
trials-all-1  | [robot-6] [INFO] [1698537055.688587302] [robot]: not ready
trials-all-1  | [coordinator-2] [INFO] [1698537055.687539292] [coordinator]: Receiving sync message: action_complete,a_approach_arm
trials-all-1  | [coordinator-2] [INFO] [1698537055.693501350] [coordinator]: action_complete
trials-all-1  | [environment-3] [INFO] [1698537055.704683458] [environment]: Action: monitor
trials-all-1  | [arm-1] [INFO] [1698537055.716204569] [arm]: not ready
trials-all-1  | [coordinator-2] [INFO] [1698537055.731000712] [coordinator]: plans_actions_current 9 of 11
trials-all-1  | [arm-1] [INFO] [1698537055.734926750] [arm]: Action result: False
trials-all-1  | [robot-6] [INFO] [1698537055.746868865] [robot]: Action: a_open_drawer
trials-all-1  | [arm-1] [INFO] [1698537055.750334899] [arm]: Action: a_pick_up_sample
trials-all-1  | [robot-6] [INFO] [1698537055.752406919] [robot]: Doing a_open_drawer
trials-all-1  | [robot-6] [INFO] [1698537055.756708960] [robot]: success
trials-all-1  | [arm-1] [INFO] [1698537055.758620979] [arm]: Doing a_pick_up_sample
trials-all-1  | [environment-3] [INFO] [1698537055.766239052] [environment]: Receiving message: monitor
trials-all-1  | [robot-6] [INFO] [1698537055.776861155] [robot]: Receiving sync message. a_pick_up_sample,arm1,robot1
trials-all-1  | [robot-6] [INFO] [1698537055.780685192] [robot]: not ready
trials-all-1  | [robot-6] [INFO] [1698537055.784865232] [robot]: Action result: True
trials-all-1  | [environment-3] [INFO] [1698537055.785645240] [environment]: Action: monitor
trials-all-1  | [coordinator-2] [INFO] [1698537055.819238564] [coordinator]: Receiving sync message: action_complete,a_open_drawer
trials-all-1  | [arm-1] [INFO] [1698537055.826210632] [arm]: not ready
trials-all-1  | [coordinator-2] [INFO] [1698537055.831013678] [coordinator]: action_complete
trials-all-1  | [coordinator-2] [INFO] [1698537055.835091717] [coordinator]: plans_actions_current 10 of 11
trials-all-1  | [arm-1] [INFO] [1698537055.832634694] [arm]: Action result: False
trials-all-1  | [arm-1] [INFO] [1698537055.836253729] [arm]: Action: a_pick_up_sample
trials-all-1  | [arm-1] [INFO] [1698537055.840048765] [arm]: Doing a_pick_up_sample
trials-all-1  | [robot-6] [INFO] [1698537055.842800792] [robot]: Action: a_pick_up_sample
trials-all-1  | [robot-6] [INFO] [1698537055.846888831] [robot]: Doing a_pick_up_sample
trials-all-1  | [robot-6] [INFO] [1698537055.859607954] [robot]: Receiving sync message. a_pick_up_sample,arm1,robot1
trials-all-1  | [robot-6] [INFO] [1698537055.864894005] [robot]: wating for arm1 to pick up from robot1
trials-all-1  | [robot-6] [INFO] [1698537055.870215057] [robot]: Action result: False
trials-all-1  | [environment-3] [INFO] [1698537055.870524060] [environment]: Receiving message: monitor
trials-all-1  | [environment-3] [INFO] [1698537055.877485127] [environment]: Action: monitor
trials-all-1  | [robot-6] [INFO] [1698537055.891393261] [robot]: Pick up
trials-all-1  | [robot-6] [INFO] [1698537055.896847314] [robot]: Action: a_pick_up_sample
trials-all-1  | [arm-1] [INFO] [1698537055.904052383] [arm]: success
trials-all-1  | [robot-6] [INFO] [1698537055.910128442] [robot]: Doing a_pick_up_sample
trials-all-1  | [environment-3] [INFO] [1698537055.914506484] [environment]: Receiving message: monitor
trials-all-1  | [arm-1] [INFO] [1698537055.914840488] [arm]: Action result: True
trials-all-1  | [environment-3] [INFO] [1698537055.920425542] [environment]: Action: monitor
trials-all-1  | [robot-6] [INFO] [1698537055.928424619] [robot]: Action result: True
trials-all-1  | [coordinator-2] [INFO] [1698537055.935429687] [coordinator]: Receiving sync message: action_complete,a_pick_up_sample
trials-all-1  | [coordinator-2] [INFO] [1698537055.943377763] [coordinator]: action_complete
trials-all-1  | [environment-3] [INFO] [1698537055.944359773] [environment]: Receiving message: monitor
trials-all-1  | [coordinator-2] [INFO] [1698537055.949207820] [coordinator]: plans_actions_current 11 of 11
trials-all-1  | [environment-3] [INFO] [1698537055.950155829] [environment]: Action: monitor
trials-all-1  | [coordinator-2] [INFO] [1698537055.961505938] [coordinator]: The time of execution of above program is:2.533339262008667
trials-all-1  | [coordinator-2] [INFO] [1698537055.965534977] [coordinator]: Achieved
trials-all-1  | [coordinator-2] [INFO] [1698537055.969495016] [coordinator]: ENDSIM
trials-all-1  | [robot-6] [INFO] [1698537055.978447102] [robot]: Action: a_close_drawer
trials-all-1  | [robot-6] [INFO] [1698537055.982935145] [robot]: Doing a_close_drawer
trials-all-1  | [robot-6] [INFO] [1698537055.990879222] [robot]: success
trials-all-1  | [robot-6] [INFO] [1698537056.003025340] [robot]: Action result: True
trials-all-1  | [coordinator-2] [INFO] [1698537056.018142485] [coordinator]: Receiving sync message: action_complete,a_close_drawer
trials-all-1  | [coordinator-2] [INFO] [1698537056.027777578] [coordinator]: action_complete
trials-all-1  | [coordinator-2] [INFO] [1698537056.057619865] [coordinator]: plans_actions_current 12 of 11
trials-all-1  | [coordinator-2] [INFO] [1698537056.069199976] [coordinator]: The time of execution of above program is:2.6472816467285156
trials-all-1  | [coordinator-2] [INFO] [1698537056.092765203] [coordinator]: Achieved
trials-all-1  | [coordinator-2] [INFO] [1698537056.102625297] [coordinator]: ENDSIM
trials-all-1 exited with code 0
