 Network trials_ros  Creating
 Network trials_ros  Created
 Container trials-all-1  Creating
 Container trials-all-1  Created
Attaching to trials-all-1
trials-all-1  | [INFO] [launch]: All log files can be found below /root/.ros/log/2023-10-28-22-02-46-114963-5cb2bc4c66bf-1
trials-all-1  | [INFO] [launch]: Default logging verbosity is set to INFO
trials-all-1  | [INFO] [arm-1]: process started with pid [52]
trials-all-1  | [INFO] [coordinator-2]: process started with pid [54]
trials-all-1  | [INFO] [environment-3]: process started with pid [56]
trials-all-1  | [INFO] [nurse-4]: process started with pid [58]
trials-all-1  | [INFO] [planner-5]: process started with pid [60]
trials-all-1  | [INFO] [robot-6]: process started with pid [62]
trials-all-1  | [environment-3] [INFO] [1698530569.578906625] [environment]: Starting Environment server
trials-all-1  | [nurse-4] [INFO] [1698530569.607740715] [nurse]: Starting Nurse server
trials-all-1  | [environment-3] [INFO] [1698530569.610841725] [environment]: Environment server started
trials-all-1  | [nurse-4] [INFO] [1698530569.659053876] [nurse]: Nurse server started
trials-all-1  | [nurse-4] [INFO] [1698530569.670979913] [nurse]: Starting Nurse clients
trials-all-1  | [coordinator-2] [INFO] [1698530569.826576401] [coordinator]: Starting Coordinator server
trials-all-1  | [coordinator-2] [INFO] [1698530569.874507551] [coordinator]: Coordinator server started
trials-all-1  | [coordinator-2] [INFO] [1698530569.884272582] [coordinator]: Starting Coordinator clients
trials-all-1  | [arm-1] [INFO] [1698530570.214972605] [arm]: Starting Arm server
trials-all-1  | [arm-1] [INFO] [1698530570.240655684] [arm]: Arm server started
trials-all-1  | [arm-1] [INFO] [1698530570.244227695] [arm]: Starting Nurse clients
trials-all-1  | [robot-6] [INFO] [1698530570.284411819] [robot]: Starting Robot server
trials-all-1  | [robot-6] [INFO] [1698530570.321929934] [robot]: Robot server started
trials-all-1  | [robot-6] [INFO] [1698530570.331165962] [robot]: Starting Robots clients
trials-all-1  | [arm-1] [INFO] [1698530570.528682569] [arm]: Nurse clients started
trials-all-1  | [coordinator-2] [INFO] [1698530570.913639752] [coordinator]: planner sync service not available, waiting again...
trials-all-1  | [nurse-4] [INFO] [1698530570.984231969] [nurse]: robot service not available, waiting again...
trials-all-1  | [robot-6] [INFO] [1698530571.352766080] [robot]: coordinator service not available, waiting again...
trials-all-1  | [coordinator-2] [INFO] [1698530571.926937809] [coordinator]: planner sync service not available, waiting again...
trials-all-1  | [nurse-4] [INFO] [1698530571.996695020] [nurse]: robot service not available, waiting again...
trials-all-1  | [robot-6] [INFO] [1698530572.373749133] [robot]: coordinator service not available, waiting again...
trials-all-1  | [coordinator-2] [INFO] [1698530572.953678844] [coordinator]: planner sync service not available, waiting again...
trials-all-1  | [nurse-4] [INFO] [1698530573.016962030] [nurse]: Nurse clients started
trials-all-1  | [nurse-4] [INFO] [1698530573.033611078] [nurse]: Sent request
trials-all-1  | [robot-6] [INFO] [1698530573.179148499] [robot]: Robots clients started
trials-all-1  | [coordinator-2] [INFO] [1698530573.973958797] [coordinator]: planner sync service not available, waiting again...
trials-all-1  | [coordinator-2] [INFO] [1698530574.997276695] [coordinator]: planner sync service not available, waiting again...
trials-all-1  | [coordinator-2] [INFO] [1698530576.018023523] [coordinator]: planner sync service not available, waiting again...
trials-all-1  | [planner-5] Matplotlib is building the font cache; this may take a moment.
trials-all-1  | [coordinator-2] [INFO] [1698530577.038048285] [coordinator]: planner sync service not available, waiting again...
trials-all-1  | [coordinator-2] [INFO] [1698530578.057878984] [coordinator]: planner sync service not available, waiting again...
trials-all-1  | [coordinator-2] [INFO] [1698530579.077147620] [coordinator]: planner sync service not available, waiting again...
trials-all-1  | [planner-5] [INFO] [1698530579.406864454] [planner]: Starting Planner server
trials-all-1  | [planner-5] [INFO] [1698530579.434658525] [planner]: Planner server started
trials-all-1  | [coordinator-2] [INFO] [1698530580.097218196] [coordinator]: planner sync service not available, waiting again...
trials-all-1  | [coordinator-2] [INFO] [1698530581.117270709] [coordinator]: planner sync service not available, waiting again...
trials-all-1  | [coordinator-2] [INFO] [1698530581.714754150] [coordinator]: Coordinator clients started
trials-all-1  | [coordinator-2] [INFO] [1698530581.752296241] [coordinator]: Receiving message of nurse1 in room3.
trials-all-1  | [coordinator-2] [INFO] [1698530581.761771263] [coordinator]: Sending response
trials-all-1  | [coordinator-2] [INFO] [1698530581.772073288] [coordinator]: Planing
trials-all-1  | [nurse-4] [INFO] [1698530581.779909307] [nurse]: Request response:Okay!
trials-all-1  | [coordinator-2] [INFO] [1698530581.786178322] [coordinator]: Creating plan for: robot1, nurse1, arm1 
trials-all-1  | [planner-5] [INFO] [1698530581.800638357] [planner]: Receiving sync message. need_plan,robot1,nurse1,arm1
trials-all-1  | [planner-5] [INFO] [1698530581.808044375] [planner]: Creating plan for: robot1 robot1 nurse1
trials-all-1  | [planner-5] [INFO] [1698530581.833382436] [planner]: a_navto,robot1,Room1
trials-all-1  | [planner-5] [INFO] [1698530581.851106479] [planner]: a_approach_nurse,robot1
trials-all-1  | [planner-5] [INFO] [1698530581.858164496] [planner]: a_authenticate_nurse,robot1,nurse1
trials-all-1  | [planner-5] [INFO] [1698530581.876761541] [planner]: a_open_drawer,robot1
trials-all-1  | [planner-5] [INFO] [1698530581.881714553] [planner]: a_deposit,nurse1,robot1
trials-all-1  | [planner-5] [INFO] [1698530581.896262588] [planner]: a_close_drawer,robot1
trials-all-1  | [planner-5] [INFO] [1698530581.913990630] [planner]: a_navto,robot1,Room3
trials-all-1  | [planner-5] [INFO] [1698530581.918811642] [planner]: a_approach_arm,robot1,arm1
trials-all-1  | [planner-5] [INFO] [1698530581.923087652] [planner]: a_open_drawer,robot1
trials-all-1  | [planner-5] [INFO] [1698530581.937628687] [planner]: a_pick_up_sample,arm1,robot1
trials-all-1  | [planner-5] [INFO] [1698530581.942196698] [planner]: a_close_drawer,robot1
trials-all-1  | [planner-5] [INFO] [1698530581.959155739] [planner]: Sending response
trials-all-1  | [coordinator-2] [INFO] [1698530581.970666767] [coordinator]: Plan received for: robot1, nurse1, arm1 
trials-all-1  | [coordinator-2] [INFO] [1698530581.974532776] [coordinator]: a_navto,robot1,Room1/a_approach_nurse,robot1/a_authenticate_nurse,robot1,nurse1/a_open_drawer,robot1/a_deposit,nurse1,robot1/a_close_drawer,robot1/a_navto,robot1,Room3/a_approach_arm,robot1,arm1/a_open_drawer,robot1/a_pick_up_sample,arm1,robot1/a_close_drawer,robot1
trials-all-1  | [coordinator-2] [INFO] [1698530581.999689837] [coordinator]: a_navto,robot1,Room1
trials-all-1  | [coordinator-2] [INFO] [1698530582.005325851] [coordinator]: a_approach_nurse,robot1
trials-all-1  | [coordinator-2] [INFO] [1698530582.021939890] [coordinator]: a_authenticate_nurse,robot1,nurse1
trials-all-1  | [coordinator-2] [INFO] [1698530582.026422900] [coordinator]: a_open_drawer,robot1
trials-all-1  | [coordinator-2] [INFO] [1698530582.031253912] [coordinator]: a_deposit,nurse1,robot1
trials-all-1  | [coordinator-2] [INFO] [1698530582.047786950] [coordinator]: a_close_drawer,robot1
trials-all-1  | [coordinator-2] [INFO] [1698530582.065362992] [coordinator]: a_navto,robot1,Room3
trials-all-1  | [coordinator-2] [INFO] [1698530582.070035003] [coordinator]: a_approach_arm,robot1,arm1
trials-all-1  | [coordinator-2] [INFO] [1698530582.074593013] [coordinator]: a_open_drawer,robot1
trials-all-1  | [coordinator-2] [INFO] [1698530582.091855054] [coordinator]: a_pick_up_sample,arm1,robot1
trials-all-1  | [coordinator-2] [INFO] [1698530582.096893066] [coordinator]: a_close_drawer,robot1
trials-all-1  | [coordinator-2] [INFO] [1698530582.111092099] [coordinator]: Sending plans
trials-all-1  | [coordinator-2] [INFO] [1698530582.119299119] [coordinator]: Plans sent
trials-all-1  | [arm-1] [INFO] [1698530582.129329142] [arm]: Receiving message.
trials-all-1  | [nurse-4] [INFO] [1698530582.129491143] [nurse]: Receiving message.
trials-all-1  | [nurse-4] [INFO] [1698530582.133684152] [nurse]: Nurse's actions:
trials-all-1  | [robot-6] [INFO] [1698530582.141838172] [robot]: Receiving message.
trials-all-1  | [robot-6] [INFO] [1698530582.146080182] [robot]: Robot's actions:
trials-all-1  | [robot-6] [INFO] [1698530582.150017191] [robot]: a_navto
trials-all-1  | [nurse-4] [INFO] [1698530582.156243205] [nurse]: Action: a_authenticate_nurse
trials-all-1  | [arm-1] [INFO] [1698530582.162084219] [arm]: Arm's actions:
trials-all-1  | [arm-1] [INFO] [1698530582.166694230] [arm]: a_approach_arm
trials-all-1  | [arm-1] [INFO] [1698530582.174630249] [arm]: Action: a_approach_arm
trials-all-1  | [nurse-4] [INFO] [1698530582.162574220] [nurse]: a_authenticate_nurse
trials-all-1  | [robot-6] [INFO] [1698530582.168030233] [robot]: Action: a_navto
trials-all-1  | [robot-6] [INFO] [1698530582.175440251] [robot]: a_approach_nurse
trials-all-1  | [nurse-4] [INFO] [1698530582.183893270] [nurse]: Doing a_authenticate_nurse
trials-all-1  | [arm-1] [INFO] [1698530582.185659275] [arm]: a_pick_up_sample
trials-all-1  | [arm-1] [INFO] [1698530582.190364286] [arm]: Doing a_approach_arm
trials-all-1  | [robot-6] [INFO] [1698530582.186482277] [robot]: Doing a_navto
trials-all-1  | [robot-6] [INFO] [1698530582.189603284] [robot]: a_open_drawer
trials-all-1  | [robot-6] [INFO] [1698530582.194377295] [robot]: a_deposit
trials-all-1  | [robot-6] [INFO] [1698530582.201530312] [robot]: a_close_drawer
trials-all-1  | [environment-3] [INFO] [1698530582.202444314] [environment]: Receiving message: a_navto,robot1,Room1
trials-all-1  | [environment-3] [INFO] [1698530582.207071325] [environment]: Action: a_navto
trials-all-1  | [robot-6] [INFO] [1698530582.207641326] [robot]: a_navto
trials-all-1  | [environment-3] [INFO] [1698530582.211396335] [environment]: Responding
trials-all-1  | [robot-6] [INFO] [1698530582.214616343] [robot]: a_approach_arm
trials-all-1  | [robot-6] [INFO] [1698530582.218821353] [robot]: a_open_drawer
trials-all-1  | [robot-6] [INFO] [1698530582.225464368] [robot]: a_pick_up_sample
trials-all-1  | [robot-6] [INFO] [1698530582.233282387] [robot]: a_close_drawer
trials-all-1  | [environment-3] [INFO] [1698530582.241245405] [environment]: Receiving message: a_approach_arm,robot1,arm1
trials-all-1  | [environment-3] [INFO] [1698530582.245557415] [environment]: Action: a_approach_arm
trials-all-1  | [robot-6] [INFO] [1698530582.247736421] [robot]: Receiving sync message. a_authenticate_nurse,robot1,nurse1
trials-all-1  | [robot-6] [INFO] [1698530582.253550434] [robot]: not ready
trials-all-1  | [nurse-4] [INFO] [1698530582.266642465] [nurse]: not ready
trials-all-1  | [robot-6] [INFO] [1698530582.267671468] [robot]: success
trials-all-1  | [nurse-4] [INFO] [1698530582.270869475] [nurse]: Action result: False
trials-all-1  | [robot-6] [INFO] [1698530582.273372481] [robot]: Action result: True
trials-all-1  | [environment-3] [INFO] [1698530582.274099483] [environment]: Responding
trials-all-1  | [nurse-4] [INFO] [1698530582.281841501] [nurse]: Action: a_authenticate_nurse
trials-all-1  | [nurse-4] [INFO] [1698530582.285926510] [nurse]: Doing a_authenticate_nurse
trials-all-1  | [coordinator-2] [INFO] [1698530582.293944529] [coordinator]: Receiving sync message: action_complete,a_navto
trials-all-1  | [arm-1] [INFO] [1698530582.297343537] [arm]: success
trials-all-1  | [arm-1] [INFO] [1698530582.314036577] [arm]: Action result: True
trials-all-1  | [robot-6] [INFO] [1698530582.318012586] [robot]: Receiving sync message. a_authenticate_nurse,robot1,nurse1
trials-all-1  | [arm-1] [INFO] [1698530582.322753597] [arm]: Action: a_pick_up_sample
trials-all-1  | [coordinator-2] [INFO] [1698530582.329847614] [coordinator]: action_complete
trials-all-1  | [arm-1] [INFO] [1698530582.331001616] [arm]: Doing a_pick_up_sample
trials-all-1  | [robot-6] [INFO] [1698530582.337742632] [robot]: not ready
trials-all-1  | [coordinator-2] [INFO] [1698530582.338136633] [coordinator]: plans_actions_current 1 of 11
trials-all-1  | [nurse-4] [INFO] [1698530582.351789665] [nurse]: not ready
trials-all-1  | [nurse-4] [INFO] [1698530582.355686674] [nurse]: Action result: False
trials-all-1  | [nurse-4] [INFO] [1698530582.359393683] [nurse]: Action: a_authenticate_nurse
trials-all-1  | [nurse-4] [INFO] [1698530582.363147692] [nurse]: Doing a_authenticate_nurse
trials-all-1  | [robot-6] [INFO] [1698530582.351774665] [robot]: Receiving sync message. a_pick_up_sample,arm1,robot1
trials-all-1  | [robot-6] [INFO] [1698530582.355785675] [robot]: not ready
trials-all-1  | [arm-1] [INFO] [1698530582.364255695] [arm]: not ready
trials-all-1  | [arm-1] [INFO] [1698530582.372208713] [arm]: Action result: False
trials-all-1  | [robot-6] [INFO] [1698530582.381303735] [robot]: Action: a_approach_nurse
trials-all-1  | [robot-6] [INFO] [1698530582.391184758] [robot]: Doing a_approach_nurse
trials-all-1  | [arm-1] [INFO] [1698530582.401285782] [arm]: Action: a_pick_up_sample
trials-all-1  | [robot-6] [INFO] [1698530582.405693792] [robot]: Receiving sync message. a_authenticate_nurse,robot1,nurse1
trials-all-1  | [environment-3] [INFO] [1698530582.411966807] [environment]: Receiving message: a_approach_nurse,robot1
trials-all-1  | [arm-1] [INFO] [1698530582.416893818] [arm]: Doing a_pick_up_sample
trials-all-1  | [robot-6] [INFO] [1698530582.418636823] [robot]: not ready
trials-all-1  | [robot-6] [INFO] [1698530582.430553851] [robot]: Receiving sync message. a_pick_up_sample,arm1,robot1
trials-all-1  | [nurse-4] [INFO] [1698530582.427672844] [nurse]: not ready
trials-all-1  | [nurse-4] [INFO] [1698530582.431175852] [nurse]: Action result: False
trials-all-1  | [environment-3] [INFO] [1698530582.429219847] [environment]: Action: a_approach_nurse
trials-all-1  | [environment-3] [INFO] [1698530582.432912856] [environment]: Responding
trials-all-1  | [robot-6] [INFO] [1698530582.439067871] [robot]: not ready
trials-all-1  | [nurse-4] [INFO] [1698530582.442030878] [nurse]: Action: a_authenticate_nurse
trials-all-1  | [nurse-4] [INFO] [1698530582.445767886] [nurse]: Doing a_authenticate_nurse
trials-all-1  | [arm-1] [INFO] [1698530582.447497890] [arm]: not ready
trials-all-1  | [arm-1] [INFO] [1698530582.453970906] [arm]: Action result: False
trials-all-1  | [robot-6] [INFO] [1698530582.467522938] [robot]: Receiving sync message. a_authenticate_nurse,robot1,nurse1
trials-all-1  | [arm-1] [INFO] [1698530582.471699947] [arm]: Action: a_pick_up_sample
trials-all-1  | [robot-6] [INFO] [1698530582.480862969] [robot]: not ready
trials-all-1  | [arm-1] [INFO] [1698530582.490200991] [arm]: Doing a_pick_up_sample
trials-all-1  | [nurse-4] [INFO] [1698530582.492193996] [nurse]: not ready
trials-all-1  | [nurse-4] [INFO] [1698530582.496308005] [nurse]: Action result: False
trials-all-1  | [nurse-4] [INFO] [1698530582.499780013] [nurse]: Action: a_authenticate_nurse
trials-all-1  | [robot-6] [INFO] [1698530582.494986002] [robot]: success
trials-all-1  | [robot-6] [INFO] [1698530582.498816011] [robot]: Action result: True
trials-all-1  | [nurse-4] [INFO] [1698530582.508220033] [nurse]: Doing a_authenticate_nurse
trials-all-1  | [robot-6] [INFO] [1698530582.508603034] [robot]: Receiving sync message. a_pick_up_sample,arm1,robot1
trials-all-1  | [robot-6] [INFO] [1698530582.514227047] [robot]: not ready
trials-all-1  | [coordinator-2] [INFO] [1698530582.516048052] [coordinator]: Receiving sync message: action_complete,a_approach_nurse
trials-all-1  | [arm-1] [INFO] [1698530582.526561076] [arm]: not ready
trials-all-1  | [arm-1] [INFO] [1698530582.536426100] [arm]: Action result: False
trials-all-1  | [coordinator-2] [INFO] [1698530582.538603105] [coordinator]: action_complete
trials-all-1  | [arm-1] [INFO] [1698530582.546663124] [arm]: Action: a_pick_up_sample
trials-all-1  | [robot-6] [INFO] [1698530582.548851129] [robot]: Receiving sync message. a_authenticate_nurse,robot1,nurse1
trials-all-1  | [coordinator-2] [INFO] [1698530582.549157129] [coordinator]: plans_actions_current 2 of 11
trials-all-1  | [robot-6] [INFO] [1698530582.558742152] [robot]: not ready
trials-all-1  | [arm-1] [INFO] [1698530582.561522159] [arm]: Doing a_pick_up_sample
trials-all-1  | [nurse-4] [INFO] [1698530582.571426182] [nurse]: not ready
trials-all-1  | [nurse-4] [INFO] [1698530582.575178191] [nurse]: Action result: False
trials-all-1  | [nurse-4] [INFO] [1698530582.579066200] [nurse]: Action: a_authenticate_nurse
trials-all-1  | [robot-6] [INFO] [1698530582.574944190] [robot]: Action: a_authenticate_nurse
trials-all-1  | [robot-6] [INFO] [1698530582.578952200] [robot]: Doing a_authenticate_nurse
trials-all-1  | [robot-6] [INFO] [1698530582.582800209] [robot]: wating for nurse1 to authenticate to robot1
trials-all-1  | [robot-6] [INFO] [1698530582.590301226] [robot]: Receiving sync message. a_pick_up_sample,arm1,robot1
trials-all-1  | [robot-6] [INFO] [1698530582.596698241] [robot]: Action result: False
trials-all-1  | [nurse-4] [INFO] [1698530582.593462234] [nurse]: Doing a_authenticate_nurse
trials-all-1  | [robot-6] [INFO] [1698530582.606901265] [robot]: not ready
trials-all-1  | [arm-1] [INFO] [1698530582.619420295] [arm]: not ready
trials-all-1  | [robot-6] [INFO] [1698530582.629559319] [robot]: Action: a_authenticate_nurse
trials-all-1  | [arm-1] [INFO] [1698530582.633401328] [arm]: Action result: False
trials-all-1  | [robot-6] [INFO] [1698530582.639466342] [robot]: Doing a_authenticate_nurse
trials-all-1  | [robot-6] [INFO] [1698530582.644283353] [robot]: Receiving sync message. a_authenticate_nurse,robot1,nurse1
trials-all-1  | [robot-6] [INFO] [1698530582.648204362] [robot]: Authenticate nurse
trials-all-1  | [arm-1] [INFO] [1698530582.645531356] [arm]: Action: a_pick_up_sample
trials-all-1  | [arm-1] [INFO] [1698530582.649395365] [arm]: Doing a_pick_up_sample
trials-all-1  | [nurse-4] [INFO] [1698530582.658309386] [nurse]: success
trials-all-1  | [nurse-4] [INFO] [1698530582.662508396] [nurse]: Action result: True
trials-all-1  | [nurse-4] [INFO] [1698530582.666423405] [nurse]: Action: a_deposit
trials-all-1  | [robot-6] [INFO] [1698530582.659590389] [robot]: wating for nurse1 to authenticate to robot1
trials-all-1  | [robot-6] [INFO] [1698530582.664668401] [robot]: Action result: False
trials-all-1  | [robot-6] [INFO] [1698530582.668375410] [robot]: Action: a_authenticate_nurse
trials-all-1  | [robot-6] [INFO] [1698530582.674802425] [robot]: Doing a_authenticate_nurse
trials-all-1  | [nurse-4] [INFO] [1698530582.682434443] [nurse]: Doing a_deposit
trials-all-1  | [robot-6] [INFO] [1698530582.689118459] [robot]: Receiving sync message. a_pick_up_sample,arm1,robot1
trials-all-1  | [robot-6] [INFO] [1698530582.698909482] [robot]: Action result: True
trials-all-1  | [robot-6] [INFO] [1698530582.705017496] [robot]: not ready
trials-all-1  | [arm-1] [INFO] [1698530582.714224518] [arm]: not ready
trials-all-1  | [arm-1] [INFO] [1698530582.719203529] [arm]: Action result: False
trials-all-1  | [arm-1] [INFO] [1698530582.722937538] [arm]: Action: a_pick_up_sample
trials-all-1  | [coordinator-2] [INFO] [1698530582.715139520] [coordinator]: Receiving sync message: action_complete,a_authenticate_nurse
trials-all-1  | [coordinator-2] [INFO] [1698530582.719155529] [coordinator]: action_complete
trials-all-1  | [coordinator-2] [INFO] [1698530582.723686540] [coordinator]: plans_actions_current 3 of 11
trials-all-1  | [robot-6] [INFO] [1698530582.718853529] [robot]: Receiving sync message. a_deposit,nurse1,robot1
trials-all-1  | [robot-6] [INFO] [1698530582.723008538] [robot]: not ready
trials-all-1  | [nurse-4] [INFO] [1698530582.733278562] [nurse]: not ready
trials-all-1  | [nurse-4] [INFO] [1698530582.737462572] [nurse]: Action result: False
trials-all-1  | [arm-1] [INFO] [1698530582.735274567] [arm]: Doing a_pick_up_sample
trials-all-1  | [nurse-4] [INFO] [1698530582.752990609] [nurse]: Action: a_deposit
trials-all-1  | [robot-6] [INFO] [1698530582.761130628] [robot]: Receiving sync message. a_pick_up_sample,arm1,robot1
trials-all-1  | [nurse-4] [INFO] [1698530582.762878632] [nurse]: Doing a_deposit
trials-all-1  | [robot-6] [INFO] [1698530582.771503652] [robot]: not ready
trials-all-1  | [robot-6] [INFO] [1698530582.782152677] [robot]: Action: a_open_drawer
trials-all-1  | [robot-6] [INFO] [1698530582.786019687] [robot]: Doing a_open_drawer
trials-all-1  | [arm-1] [INFO] [1698530582.780803674] [arm]: not ready
trials-all-1  | [arm-1] [INFO] [1698530582.785311685] [arm]: Action result: False
trials-all-1  | [robot-6] [INFO] [1698530582.790346697] [robot]: success
trials-all-1  | [arm-1] [INFO] [1698530582.795342708] [arm]: Action: a_pick_up_sample
trials-all-1  | [robot-6] [INFO] [1698530582.798057715] [robot]: Receiving sync message. a_deposit,nurse1,robot1
trials-all-1  | [robot-6] [INFO] [1698530582.803848728] [robot]: Action result: True
trials-all-1  | [arm-1] [INFO] [1698530582.804484730] [arm]: Doing a_pick_up_sample
trials-all-1  | [robot-6] [INFO] [1698530582.811097746] [robot]: not ready
trials-all-1  | [coordinator-2] [INFO] [1698530582.819390765] [coordinator]: Receiving sync message: action_complete,a_open_drawer
trials-all-1  | [nurse-4] [INFO] [1698530582.821181769] [nurse]: not ready
trials-all-1  | [coordinator-2] [INFO] [1698530582.825764780] [coordinator]: action_complete
trials-all-1  | [nurse-4] [INFO] [1698530582.830569791] [nurse]: Action result: False
trials-all-1  | [nurse-4] [INFO] [1698530582.840011814] [nurse]: Action: a_deposit
trials-all-1  | [robot-6] [INFO] [1698530582.842515819] [robot]: Receiving sync message. a_pick_up_sample,arm1,robot1
trials-all-1  | [coordinator-2] [INFO] [1698530582.845258826] [coordinator]: plans_actions_current 4 of 11
trials-all-1  | [nurse-4] [INFO] [1698530582.848894834] [nurse]: Doing a_deposit
trials-all-1  | [robot-6] [INFO] [1698530582.856043851] [robot]: not ready
trials-all-1  | [robot-6] [INFO] [1698530582.867084877] [robot]: Receiving sync message. a_deposit,nurse1,robot1
trials-all-1  | [robot-6] [INFO] [1698530582.870836886] [robot]: not ready
trials-all-1  | [arm-1] [INFO] [1698530582.865441873] [arm]: not ready
trials-all-1  | [arm-1] [INFO] [1698530582.869224882] [arm]: Action result: False
trials-all-1  | [nurse-4] [INFO] [1698530582.880423909] [nurse]: not ready
trials-all-1  | [nurse-4] [INFO] [1698530582.884036917] [nurse]: Action result: False
trials-all-1  | [arm-1] [INFO] [1698530582.880552909] [arm]: Action: a_pick_up_sample
trials-all-1  | [arm-1] [INFO] [1698530582.884000917] [arm]: Doing a_pick_up_sample
trials-all-1  | [robot-6] [INFO] [1698530582.895474944] [robot]: Action: a_deposit
trials-all-1  | [robot-6] [INFO] [1698530582.902653961] [robot]: Doing a_deposit
trials-all-1  | [nurse-4] [INFO] [1698530582.910100978] [nurse]: Action: a_deposit
trials-all-1  | [robot-6] [INFO] [1698530582.918313998] [robot]: Receiving sync message. a_pick_up_sample,arm1,robot1
trials-all-1  | [robot-6] [INFO] [1698530582.924458012] [robot]: wating for nurse1 to deposit in robot1
trials-all-1  | [nurse-4] [INFO] [1698530582.929039023] [nurse]: Doing a_deposit
trials-all-1  | [robot-6] [INFO] [1698530582.937496043] [robot]: not ready
trials-all-1  | [robot-6] [INFO] [1698530582.944036058] [robot]: Action result: False
trials-all-1  | [robot-6] [INFO] [1698530582.947808067] [robot]: Action: a_deposit
trials-all-1  | [robot-6] [INFO] [1698530582.951138075] [robot]: Doing a_deposit
trials-all-1  | [arm-1] [INFO] [1698530582.946591064] [arm]: not ready
trials-all-1  | [arm-1] [INFO] [1698530582.950521073] [arm]: Action result: False
trials-all-1  | [arm-1] [INFO] [1698530582.957641090] [arm]: Action: a_pick_up_sample
trials-all-1  | [arm-1] [INFO] [1698530582.961406099] [arm]: Doing a_pick_up_sample
trials-all-1  | [robot-6] [INFO] [1698530582.958852093] [robot]: Receiving sync message. a_deposit,nurse1,robot1
trials-all-1  | [robot-6] [INFO] [1698530582.962652102] [robot]: Deposit
trials-all-1  | [nurse-4] [INFO] [1698530582.975857133] [nurse]: success
trials-all-1  | [robot-6] [INFO] [1698530582.987528160] [robot]: wating for nurse1 to deposit in robot1
trials-all-1  | [nurse-4] [INFO] [1698530582.988015162] [nurse]: Action result: True
trials-all-1  | [robot-6] [INFO] [1698530583.001343193] [robot]: Receiving sync message. a_pick_up_sample,arm1,robot1
trials-all-1  | [robot-6] [INFO] [1698530583.005106202] [robot]: not ready
trials-all-1  | [robot-6] [INFO] [1698530583.009627212] [robot]: Action result: False
trials-all-1  | [robot-6] [INFO] [1698530583.013706221] [robot]: Action: a_deposit
trials-all-1  | [robot-6] [INFO] [1698530583.017304230] [robot]: Doing a_deposit
trials-all-1  | [arm-1] [INFO] [1698530583.012658219] [arm]: not ready
trials-all-1  | [arm-1] [INFO] [1698530583.016339227] [arm]: Action result: False
trials-all-1  | [arm-1] [INFO] [1698530583.020190236] [arm]: Action: a_pick_up_sample
trials-all-1  | [robot-6] [INFO] [1698530583.029504258] [robot]: Action result: True
trials-all-1  | [arm-1] [INFO] [1698530583.042902288] [arm]: Doing a_pick_up_sample
trials-all-1  | [robot-6] [INFO] [1698530583.054150314] [robot]: Receiving sync message. a_pick_up_sample,arm1,robot1
trials-all-1  | [robot-6] [INFO] [1698530583.058024323] [robot]: not ready
trials-all-1  | [arm-1] [INFO] [1698530583.070527352] [arm]: not ready
trials-all-1  | [arm-1] [INFO] [1698530583.074732361] [arm]: Action result: False
trials-all-1  | [arm-1] [INFO] [1698530583.078560370] [arm]: Action: a_pick_up_sample
trials-all-1  | [arm-1] [INFO] [1698530583.084982385] [arm]: Doing a_pick_up_sample
trials-all-1  | [coordinator-2] [INFO] [1698530583.089009394] [coordinator]: Receiving sync message: action_complete,a_deposit
trials-all-1  | [coordinator-2] [INFO] [1698530583.093244404] [coordinator]: action_complete
trials-all-1  | [coordinator-2] [INFO] [1698530583.096638412] [coordinator]: plans_actions_current 5 of 11
trials-all-1  | [robot-6] [INFO] [1698530583.091130399] [robot]: Receiving sync message. a_pick_up_sample,arm1,robot1
trials-all-1  | [robot-6] [INFO] [1698530583.095069408] [robot]: not ready
trials-all-1  | [arm-1] [INFO] [1698530583.109603441] [arm]: not ready
trials-all-1  | [arm-1] [INFO] [1698530583.113914451] [arm]: Action result: False
trials-all-1  | [arm-1] [INFO] [1698530583.117946460] [arm]: Action: a_pick_up_sample
trials-all-1  | [robot-6] [INFO] [1698530583.109859442] [robot]: Action: a_close_drawer
trials-all-1  | [robot-6] [INFO] [1698530583.114169452] [robot]: Doing a_close_drawer
trials-all-1  | [robot-6] [INFO] [1698530583.117791460] [robot]: success
trials-all-1  | [arm-1] [INFO] [1698530583.127025481] [arm]: Doing a_pick_up_sample
trials-all-1  | [robot-6] [INFO] [1698530583.145383523] [robot]: Action result: True
trials-all-1  | [robot-6] [INFO] [1698530583.148603531] [robot]: Receiving sync message. a_pick_up_sample,arm1,robot1
trials-all-1  | [robot-6] [INFO] [1698530583.153993543] [robot]: not ready
trials-all-1  | [coordinator-2] [INFO] [1698530583.164655567] [coordinator]: Receiving sync message: action_complete,a_close_drawer
trials-all-1  | [coordinator-2] [INFO] [1698530583.168520576] [coordinator]: action_complete
trials-all-1  | [coordinator-2] [INFO] [1698530583.172089585] [coordinator]: plans_actions_current 6 of 11
trials-all-1  | [arm-1] [INFO] [1698530583.166854573] [arm]: not ready
trials-all-1  | [arm-1] [INFO] [1698530583.170847582] [arm]: Action result: False
trials-all-1  | [arm-1] [INFO] [1698530583.179547602] [arm]: Action: a_pick_up_sample
trials-all-1  | [arm-1] [INFO] [1698530583.183479611] [arm]: Doing a_pick_up_sample
trials-all-1  | [robot-6] [INFO] [1698530583.182567609] [robot]: Action: a_navto
trials-all-1  | [robot-6] [INFO] [1698530583.197626643] [robot]: Doing a_navto
trials-all-1  | [robot-6] [INFO] [1698530583.200583650] [robot]: Receiving sync message. a_pick_up_sample,arm1,robot1
trials-all-1  | [robot-6] [INFO] [1698530583.206766664] [robot]: not ready
trials-all-1  | [environment-3] [INFO] [1698530583.212403677] [environment]: Receiving message: a_navto,robot1,Room3
trials-all-1  | [environment-3] [INFO] [1698530583.217725689] [environment]: Action: a_navto
trials-all-1  | [arm-1] [INFO] [1698530583.223790703] [arm]: not ready
trials-all-1  | [arm-1] [INFO] [1698530583.231989722] [arm]: Action result: False
trials-all-1  | [environment-3] [INFO] [1698530583.234184727] [environment]: Responding
trials-all-1  | [robot-6] [INFO] [1698530583.244852751] [robot]: success
trials-all-1  | [robot-6] [INFO] [1698530583.248982761] [robot]: Action result: True
trials-all-1  | [arm-1] [INFO] [1698530583.247620758] [arm]: Action: a_pick_up_sample
trials-all-1  | [coordinator-2] [INFO] [1698530583.261879790] [coordinator]: Receiving sync message: action_complete,a_navto
trials-all-1  | [arm-1] [INFO] [1698530583.267794804] [arm]: Doing a_pick_up_sample
trials-all-1  | [robot-6] [INFO] [1698530583.273175816] [robot]: Receiving sync message. a_pick_up_sample,arm1,robot1
trials-all-1  | [robot-6] [INFO] [1698530583.277186825] [robot]: not ready
trials-all-1  | [coordinator-2] [INFO] [1698530583.277536826] [coordinator]: action_complete
trials-all-1  | [coordinator-2] [INFO] [1698530583.286690847] [coordinator]: plans_actions_current 7 of 11
trials-all-1  | [robot-6] [INFO] [1698530583.294128864] [robot]: Action: a_approach_arm
trials-all-1  | [robot-6] [INFO] [1698530583.297844873] [robot]: Doing a_approach_arm
trials-all-1  | [arm-1] [INFO] [1698530583.303966887] [arm]: not ready
trials-all-1  | [arm-1] [INFO] [1698530583.308924898] [arm]: Action result: False
trials-all-1  | [arm-1] [INFO] [1698530583.313006908] [arm]: Action: a_pick_up_sample
trials-all-1  | [environment-3] [INFO] [1698530583.310144901] [environment]: Receiving message: a_approach_arm,robot1,arm1
trials-all-1  | [environment-3] [INFO] [1698530583.314188910] [environment]: Action: a_approach_arm
trials-all-1  | [environment-3] [INFO] [1698530583.318085919] [environment]: Responding
trials-all-1  | [robot-6] [INFO] [1698530583.328800944] [robot]: success
trials-all-1  | [robot-6] [INFO] [1698530583.332252952] [robot]: Action result: True
trials-all-1  | [arm-1] [INFO] [1698530583.347348986] [arm]: Doing a_pick_up_sample
trials-all-1  | [coordinator-2] [INFO] [1698530583.352767999] [coordinator]: Receiving sync message: action_complete,a_approach_arm
trials-all-1  | [robot-6] [INFO] [1698530583.355538005] [robot]: Receiving sync message. a_pick_up_sample,arm1,robot1
trials-all-1  | [robot-6] [INFO] [1698530583.361872020] [robot]: not ready
trials-all-1  | [coordinator-2] [INFO] [1698530583.368834036] [coordinator]: action_complete
trials-all-1  | [coordinator-2] [INFO] [1698530583.376338053] [coordinator]: plans_actions_current 8 of 11
trials-all-1  | [arm-1] [INFO] [1698530583.376942054] [arm]: not ready
trials-all-1  | [arm-1] [INFO] [1698530583.391464087] [arm]: Action result: False
trials-all-1  | [arm-1] [INFO] [1698530583.395526097] [arm]: Action: a_pick_up_sample
trials-all-1  | [robot-6] [INFO] [1698530583.385928075] [robot]: Action: a_open_drawer
trials-all-1  | [robot-6] [INFO] [1698530583.397789102] [robot]: Doing a_open_drawer
trials-all-1  | [robot-6] [INFO] [1698530583.401417110] [robot]: success
trials-all-1  | [arm-1] [INFO] [1698530583.414652141] [arm]: Doing a_pick_up_sample
trials-all-1  | [robot-6] [INFO] [1698530583.418156149] [robot]: Action result: True
trials-all-1  | [robot-6] [INFO] [1698530583.426601168] [robot]: Receiving sync message. a_pick_up_sample,arm1,robot1
trials-all-1  | [robot-6] [INFO] [1698530583.433575184] [robot]: not ready
trials-all-1  | [coordinator-2] [INFO] [1698530583.433867185] [coordinator]: Receiving sync message: action_complete,a_open_drawer
trials-all-1  | [coordinator-2] [INFO] [1698530583.446247213] [coordinator]: action_complete
trials-all-1  | [coordinator-2] [INFO] [1698530583.449934221] [coordinator]: plans_actions_current 9 of 11
trials-all-1  | [arm-1] [INFO] [1698530583.447564216] [arm]: not ready
trials-all-1  | [arm-1] [INFO] [1698530583.451196224] [arm]: Action result: False
trials-all-1  | [arm-1] [INFO] [1698530583.470236268] [arm]: Action: a_pick_up_sample
trials-all-1  | [robot-6] [INFO] [1698530583.459332243] [robot]: Action: a_pick_up_sample
trials-all-1  | [robot-6] [INFO] [1698530583.463250252] [robot]: Doing a_pick_up_sample
trials-all-1  | [robot-6] [INFO] [1698530583.477021284] [robot]: wating for arm1 to pick up from robot1
trials-all-1  | [robot-6] [INFO] [1698530583.481543294] [robot]: Action result: False
trials-all-1  | [arm-1] [INFO] [1698530583.492910320] [arm]: Doing a_pick_up_sample
trials-all-1  | [robot-6] [INFO] [1698530583.495849327] [robot]: Action: a_pick_up_sample
trials-all-1  | [robot-6] [INFO] [1698530583.505245348] [robot]: Receiving sync message. a_pick_up_sample,arm1,robot1
trials-all-1  | [robot-6] [INFO] [1698530583.511263362] [robot]: Doing a_pick_up_sample
trials-all-1  | [robot-6] [INFO] [1698530583.515254371] [robot]: Action result: True
trials-all-1  | [robot-6] [INFO] [1698530583.527191399] [robot]: Pick up
trials-all-1  | [arm-1] [INFO] [1698530583.539114426] [arm]: success
trials-all-1  | [arm-1] [INFO] [1698530583.546069442] [arm]: Action result: True
trials-all-1  | [coordinator-2] [INFO] [1698530583.610292589] [coordinator]: Receiving sync message: action_complete,a_pick_up_sample
trials-all-1  | [coordinator-2] [INFO] [1698530583.615963602] [coordinator]: action_complete
trials-all-1  | [coordinator-2] [INFO] [1698530583.621532615] [coordinator]: plans_actions_current 10 of 11
trials-all-1  | [robot-6] [INFO] [1698530583.630497635] [robot]: Action: a_close_drawer
trials-all-1  | [robot-6] [INFO] [1698530583.636544649] [robot]: Doing a_close_drawer
trials-all-1  | [robot-6] [INFO] [1698530583.655442693] [robot]: success
trials-all-1  | [robot-6] [INFO] [1698530583.660655705] [robot]: Action result: True
trials-all-1  | [coordinator-2] [INFO] [1698530583.673284733] [coordinator]: Receiving sync message: action_complete,a_close_drawer
trials-all-1  | [coordinator-2] [INFO] [1698530583.678601746] [coordinator]: action_complete
trials-all-1  | [coordinator-2] [INFO] [1698530583.701116797] [coordinator]: plans_actions_current 11 of 11
trials-all-1  | [coordinator-2] [INFO] [1698530583.706181809] [coordinator]: The time of execution of above program is:1.954282522201538
trials-all-1  | [coordinator-2] [INFO] [1698530583.719381839] [coordinator]: Achieved
trials-all-1  | [coordinator-2] [INFO] [1698530583.724684851] [coordinator]: ENDSIM
trials-all-1 exited with code 0
