 Network trials_ros  Creating
 Network trials_ros  Created
 Container trials-all-1  Creating
 Container trials-all-1  Created
Attaching to trials-all-1
trials-all-1  | [INFO] [launch]: All log files can be found below /root/.ros/log/2023-10-28-22-31-36-104564-53744fb554ed-1
trials-all-1  | [INFO] [launch]: Default logging verbosity is set to INFO
trials-all-1  | [INFO] [arm-1]: process started with pid [52]
trials-all-1  | [INFO] [coordinator-2]: process started with pid [54]
trials-all-1  | [INFO] [environment-3]: process started with pid [56]
trials-all-1  | [INFO] [nurse-4]: process started with pid [58]
trials-all-1  | [INFO] [planner-5]: process started with pid [60]
trials-all-1  | [INFO] [robot-6]: process started with pid [62]
trials-all-1  | [robot-6] [INFO] [1698532299.586222226] [robot]: Starting Robot server
trials-all-1  | [robot-6] [INFO] [1698532299.646034936] [robot]: Robot server started
trials-all-1  | [robot-6] [INFO] [1698532299.666147175] [robot]: Starting Robots clients
trials-all-1  | [arm-1] [INFO] [1698532299.802867798] [arm]: Starting Arm server
trials-all-1  | [nurse-4] [INFO] [1698532299.824114050] [nurse]: Starting Nurse server
trials-all-1  | [arm-1] [INFO] [1698532299.834706176] [arm]: Arm server started
trials-all-1  | [arm-1] [INFO] [1698532299.838867225] [arm]: Starting Nurse clients
trials-all-1  | [nurse-4] [INFO] [1698532299.868173573] [nurse]: Nurse server started
trials-all-1  | [nurse-4] [INFO] [1698532299.874532649] [nurse]: Starting Nurse clients
trials-all-1  | [environment-3] [INFO] [1698532299.933730352] [environment]: Starting Environment server
trials-all-1  | [environment-3] [INFO] [1698532299.955810614] [environment]: Environment server started
trials-all-1  | [arm-1] [INFO] [1698532300.119297548] [arm]: Nurse clients started
trials-all-1  | [coordinator-2] [INFO] [1698532300.165775097] [coordinator]: Starting Coordinator server
trials-all-1  | [coordinator-2] [INFO] [1698532300.221799759] [coordinator]: Coordinator server started
trials-all-1  | [robot-6] [INFO] [1698532300.242174000] [robot]: Robots clients started
trials-all-1  | [coordinator-2] [INFO] [1698532300.244291025] [coordinator]: Starting Coordinator clients
trials-all-1  | [nurse-4] [INFO] [1698532300.441871359] [nurse]: Nurse clients started
trials-all-1  | [nurse-4] [INFO] [1698532300.466089645] [nurse]: Sent request
trials-all-1  | [coordinator-2] [INFO] [1698532301.275119186] [coordinator]: planner sync service not available, waiting again...
trials-all-1  | [coordinator-2] [INFO] [1698532302.288631082] [coordinator]: planner sync service not available, waiting again...
trials-all-1  | [coordinator-2] [INFO] [1698532303.301444909] [coordinator]: planner sync service not available, waiting again...
trials-all-1  | [coordinator-2] [INFO] [1698532304.319560737] [coordinator]: planner sync service not available, waiting again...
trials-all-1  | [coordinator-2] [INFO] [1698532305.333098451] [coordinator]: planner sync service not available, waiting again...
trials-all-1  | [coordinator-2] [INFO] [1698532306.346040098] [coordinator]: planner sync service not available, waiting again...
trials-all-1  | [planner-5] Matplotlib is building the font cache; this may take a moment.
trials-all-1  | [coordinator-2] [INFO] [1698532307.358504680] [coordinator]: planner sync service not available, waiting again...
trials-all-1  | [coordinator-2] [INFO] [1698532308.370073192] [coordinator]: planner sync service not available, waiting again...
trials-all-1  | [coordinator-2] [INFO] [1698532309.386084694] [coordinator]: planner sync service not available, waiting again...
trials-all-1  | [planner-5] [INFO] [1698532309.624104380] [planner]: Starting Planner server
trials-all-1  | [planner-5] [INFO] [1698532309.643474599] [planner]: Planner server started
trials-all-1  | [coordinator-2] [INFO] [1698532310.399813110] [coordinator]: planner sync service not available, waiting again...
trials-all-1  | [coordinator-2] [INFO] [1698532311.414994483] [coordinator]: planner sync service not available, waiting again...
trials-all-1  | [coordinator-2] [INFO] [1698532312.262056928] [coordinator]: Coordinator clients started
trials-all-1  | [coordinator-2] [INFO] [1698532312.298080329] [coordinator]: Receiving message of nurse1 in room3.
trials-all-1  | [coordinator-2] [INFO] [1698532312.313462500] [coordinator]: Planing
trials-all-1  | [coordinator-2] [INFO] [1698532312.322476600] [coordinator]: Sending response
trials-all-1  | [coordinator-2] [INFO] [1698532312.336818759] [coordinator]: Creating plan for: robot1, nurse1, arm1 
trials-all-1  | [nurse-4] [INFO] [1698532312.340296798] [nurse]: Request response:Okay!
trials-all-1  | [planner-5] [INFO] [1698532312.354094951] [planner]: Receiving sync message. need_plan,robot1,nurse1,arm1
trials-all-1  | [planner-5] [INFO] [1698532312.365854082] [planner]: Creating plan for: robot1 robot1 nurse1
trials-all-1  | [planner-5] [INFO] [1698532312.383186274] [planner]: a_navto,robot1,Room1
trials-all-1  | [planner-5] [INFO] [1698532312.394764403] [planner]: a_approach_nurse,robot1
trials-all-1  | [planner-5] [INFO] [1698532312.405305520] [planner]: a_authenticate_nurse,robot1,nurse1
trials-all-1  | [planner-5] [INFO] [1698532312.415498633] [planner]: a_open_drawer,robot1
trials-all-1  | [planner-5] [INFO] [1698532312.426242753] [planner]: a_deposit,nurse1,robot1
trials-all-1  | [planner-5] [INFO] [1698532312.436276864] [planner]: a_close_drawer,robot1
trials-all-1  | [planner-5] [INFO] [1698532312.446725980] [planner]: a_navto,robot1,Room3
trials-all-1  | [planner-5] [INFO] [1698532312.456301086] [planner]: a_approach_arm,robot1,arm1
trials-all-1  | [planner-5] [INFO] [1698532312.466592201] [planner]: a_open_drawer,robot1
trials-all-1  | [planner-5] [INFO] [1698532312.476730313] [planner]: a_pick_up_sample,arm1,robot1
trials-all-1  | [planner-5] [INFO] [1698532312.487150429] [planner]: a_close_drawer,robot1
trials-all-1  | [planner-5] [INFO] [1698532312.497184541] [planner]: Sending response
trials-all-1  | [coordinator-2] [INFO] [1698532312.513842726] [coordinator]: Plan received for: robot1, nurse1, arm1 
trials-all-1  | [coordinator-2] [INFO] [1698532312.519382787] [coordinator]: a_navto,robot1,Room1/a_approach_nurse,robot1/a_authenticate_nurse,robot1,nurse1/a_open_drawer,robot1/a_deposit,nurse1,robot1/a_close_drawer,robot1/a_navto,robot1,Room3/a_approach_arm,robot1,arm1/a_open_drawer,robot1/a_pick_up_sample,arm1,robot1/a_close_drawer,robot1
trials-all-1  | [coordinator-2] [INFO] [1698532312.525000850] [coordinator]: a_navto,robot1,Room1
trials-all-1  | [coordinator-2] [INFO] [1698532312.529963905] [coordinator]: a_approach_nurse,robot1
trials-all-1  | [coordinator-2] [INFO] [1698532312.536911982] [coordinator]: a_authenticate_nurse,robot1,nurse1
trials-all-1  | [coordinator-2] [INFO] [1698532312.541357031] [coordinator]: a_open_drawer,robot1
trials-all-1  | [coordinator-2] [INFO] [1698532312.553543167] [coordinator]: a_deposit,nurse1,robot1
trials-all-1  | [coordinator-2] [INFO] [1698532312.562680268] [coordinator]: a_close_drawer,robot1
trials-all-1  | [coordinator-2] [INFO] [1698532312.571980372] [coordinator]: a_navto,robot1,Room3
trials-all-1  | [coordinator-2] [INFO] [1698532312.581797481] [coordinator]: a_approach_arm,robot1,arm1
trials-all-1  | [coordinator-2] [INFO] [1698532312.591020583] [coordinator]: a_open_drawer,robot1
trials-all-1  | [coordinator-2] [INFO] [1698532312.600129684] [coordinator]: a_pick_up_sample,arm1,robot1
trials-all-1  | [coordinator-2] [INFO] [1698532312.612264819] [coordinator]: a_close_drawer,robot1
trials-all-1  | [coordinator-2] [INFO] [1698532312.621560923] [coordinator]: Sending plans
trials-all-1  | [coordinator-2] [INFO] [1698532312.635968083] [coordinator]: Plans sent
trials-all-1  | [robot-6] [INFO] [1698532312.642661157] [robot]: Receiving message.
trials-all-1  | [nurse-4] [INFO] [1698532312.647940216] [nurse]: Receiving message.
trials-all-1  | [environment-3] [INFO] [1698532312.654296286] [environment]: Receiving message: monitor
trials-all-1  | [nurse-4] [INFO] [1698532312.654941293] [nurse]: Nurse's actions:
trials-all-1  | [environment-3] [INFO] [1698532312.658983338] [environment]: Action: monitor
trials-all-1  | [robot-6] [INFO] [1698532312.664008394] [robot]: Robot's actions:
trials-all-1  | [arm-1] [INFO] [1698532312.664041395] [arm]: Receiving message.
trials-all-1  | [arm-1] [INFO] [1698532312.669631457] [arm]: Arm's actions:
trials-all-1  | [arm-1] [INFO] [1698532312.675982527] [arm]: Action: a_approach_arm
trials-all-1  | [nurse-4] [INFO] [1698532312.672469488] [nurse]: a_authenticate_nurse
trials-all-1  | [nurse-4] [INFO] [1698532312.677628546] [nurse]: Action: a_authenticate_nurse
trials-all-1  | [robot-6] [INFO] [1698532312.673550500] [robot]: Action: a_navto
trials-all-1  | [arm-1] [INFO] [1698532312.680454577] [arm]: Doing a_approach_arm
trials-all-1  | [arm-1] [INFO] [1698532312.686723647] [arm]: a_approach_arm
trials-all-1  | [nurse-4] [INFO] [1698532312.684881626] [nurse]: Doing a_authenticate_nurse
trials-all-1  | [robot-6] [INFO] [1698532312.684944627] [robot]: a_navto
trials-all-1  | [robot-6] [INFO] [1698532312.692325709] [robot]: a_authenticate_nurse
trials-all-1  | [robot-6] [INFO] [1698532312.700471799] [robot]: a_open_drawer
trials-all-1  | [robot-6] [INFO] [1698532312.704073839] [robot]: Doing a_navto
trials-all-1  | [robot-6] [INFO] [1698532312.712601934] [robot]: a_deposit
trials-all-1  | [robot-6] [INFO] [1698532312.719457010] [robot]: a_close_drawer
trials-all-1  | [robot-6] [INFO] [1698532312.725305075] [robot]: a_navto
trials-all-1  | [robot-6] [INFO] [1698532312.731638146] [robot]: a_approach_arm
trials-all-1  | [environment-3] [INFO] [1698532312.733631168] [environment]: Receiving message: monitor
trials-all-1  | [robot-6] [INFO] [1698532312.736033194] [robot]: a_open_drawer
trials-all-1  | [environment-3] [INFO] [1698532312.739772236] [environment]: Action: monitor
trials-all-1  | [robot-6] [INFO] [1698532312.740190241] [robot]: a_pick_up_sample
trials-all-1  | [robot-6] [INFO] [1698532312.747454321] [robot]: a_close_drawer
trials-all-1  | [robot-6] [INFO] [1698532312.754577400] [robot]: Receiving sync message. a_authenticate_nurse,robot1,nurse1
trials-all-1  | [robot-6] [INFO] [1698532312.758900448] [robot]: not ready
trials-all-1  | [nurse-4] [INFO] [1698532312.775468633] [nurse]: not ready
trials-all-1  | [nurse-4] [INFO] [1698532312.784865737] [nurse]: Action result: False
trials-all-1  | [nurse-4] [INFO] [1698532312.790493799] [nurse]: Action: a_authenticate_nurse
trials-all-1  | [nurse-4] [INFO] [1698532312.796672868] [nurse]: Doing a_authenticate_nurse
trials-all-1  | [robot-6] [INFO] [1698532312.805547967] [robot]: Receiving sync message. a_authenticate_nurse,robot1,nurse1
trials-all-1  | [robot-6] [INFO] [1698532312.812229041] [robot]: not ready
trials-all-1  | [nurse-4] [INFO] [1698532312.822380154] [nurse]: not ready
trials-all-1  | [nurse-4] [INFO] [1698532312.828599223] [nurse]: Action result: False
trials-all-1  | [nurse-4] [INFO] [1698532312.834168285] [nurse]: Action: a_authenticate_nurse
trials-all-1  | [nurse-4] [INFO] [1698532312.840112351] [nurse]: Doing a_authenticate_nurse
trials-all-1  | [robot-6] [INFO] [1698532312.848897448] [robot]: Receiving sync message. a_authenticate_nurse,robot1,nurse1
trials-all-1  | [robot-6] [INFO] [1698532312.854838514] [robot]: not ready
trials-all-1  | [nurse-4] [INFO] [1698532312.864331620] [nurse]: not ready
trials-all-1  | [nurse-4] [INFO] [1698532312.870049683] [nurse]: Action result: False
trials-all-1  | [nurse-4] [INFO] [1698532312.875794747] [nurse]: Action: a_authenticate_nurse
trials-all-1  | [nurse-4] [INFO] [1698532312.880931804] [nurse]: Doing a_authenticate_nurse
trials-all-1  | [robot-6] [INFO] [1698532312.889868904] [robot]: Receiving sync message. a_authenticate_nurse,robot1,nurse1
trials-all-1  | [robot-6] [INFO] [1698532312.897015983] [robot]: not ready
trials-all-1  | [environment-3] [INFO] [1698532312.902769047] [environment]: Receiving message: a_approach_arm,robot1,arm1
trials-all-1  | [nurse-4] [INFO] [1698532312.910687135] [nurse]: not ready
trials-all-1  | [nurse-4] [INFO] [1698532312.916239197] [nurse]: Action result: False
trials-all-1  | [nurse-4] [INFO] [1698532312.921497255] [nurse]: Action: a_authenticate_nurse
trials-all-1  | [nurse-4] [INFO] [1698532312.926875315] [nurse]: Doing a_authenticate_nurse
trials-all-1  | [robot-6] [INFO] [1698532312.933477388] [robot]: Receiving sync message. a_authenticate_nurse,robot1,nurse1
trials-all-1  | [robot-6] [INFO] [1698532312.937983438] [robot]: not ready
trials-all-1  | [nurse-4] [INFO] [1698532312.950207574] [nurse]: not ready
trials-all-1  | [nurse-4] [INFO] [1698532312.955892637] [nurse]: Action result: False
trials-all-1  | [nurse-4] [INFO] [1698532312.961326697] [nurse]: Action: a_authenticate_nurse
trials-all-1  | [nurse-4] [INFO] [1698532312.966571756] [nurse]: Doing a_authenticate_nurse
trials-all-1  | [robot-6] [INFO] [1698532312.973050828] [robot]: Receiving sync message. a_authenticate_nurse,robot1,nurse1
trials-all-1  | [robot-6] [INFO] [1698532312.977308875] [robot]: not ready
trials-all-1  | [nurse-4] [INFO] [1698532312.989941015] [nurse]: not ready
trials-all-1  | [nurse-4] [INFO] [1698532312.995066072] [nurse]: Action result: False
trials-all-1  | [nurse-4] [INFO] [1698532313.000002127] [nurse]: Action: a_authenticate_nurse
trials-all-1  | [nurse-4] [INFO] [1698532313.005608189] [nurse]: Doing a_authenticate_nurse
trials-all-1  | [robot-6] [INFO] [1698532313.012950270] [robot]: Receiving sync message. a_authenticate_nurse,robot1,nurse1
trials-all-1  | [robot-6] [INFO] [1698532313.018657333] [robot]: not ready
trials-all-1  | [nurse-4] [INFO] [1698532313.031572476] [nurse]: not ready
trials-all-1  | [nurse-4] [INFO] [1698532313.036907535] [nurse]: Action result: False
trials-all-1  | [nurse-4] [INFO] [1698532313.041856590] [nurse]: Action: a_authenticate_nurse
trials-all-1  | [nurse-4] [INFO] [1698532313.046825645] [nurse]: Doing a_authenticate_nurse
trials-all-1  | [robot-6] [INFO] [1698532313.053976724] [robot]: Receiving sync message. a_authenticate_nurse,robot1,nurse1
trials-all-1  | [robot-6] [INFO] [1698532313.058953779] [robot]: not ready
trials-all-1  | [nurse-4] [INFO] [1698532313.071031912] [nurse]: not ready
trials-all-1  | [nurse-4] [INFO] [1698532313.076063968] [nurse]: Action result: False
trials-all-1  | [nurse-4] [INFO] [1698532313.081451027] [nurse]: Action: a_authenticate_nurse
trials-all-1  | [nurse-4] [INFO] [1698532313.086510083] [nurse]: Doing a_authenticate_nurse
trials-all-1  | [robot-6] [INFO] [1698532313.093470160] [robot]: Receiving sync message. a_authenticate_nurse,robot1,nurse1
trials-all-1  | [robot-6] [INFO] [1698532313.098499216] [robot]: not ready
trials-all-1  | [nurse-4] [INFO] [1698532313.112221367] [nurse]: not ready
trials-all-1  | [environment-3] [INFO] [1698532313.113751384] [environment]: Action: a_approach_arm
trials-all-1  | [nurse-4] [INFO] [1698532313.117993431] [nurse]: Action result: False
trials-all-1  | [nurse-4] [INFO] [1698532313.125382513] [nurse]: Action: a_authenticate_nurse
trials-all-1  | [nurse-4] [INFO] [1698532313.130508570] [nurse]: Doing a_authenticate_nurse
trials-all-1  | [robot-6] [INFO] [1698532313.137681649] [robot]: Receiving sync message. a_authenticate_nurse,robot1,nurse1
trials-all-1  | [robot-6] [INFO] [1698532313.142542703] [robot]: not ready
trials-all-1  | [nurse-4] [INFO] [1698532313.155273843] [nurse]: not ready
trials-all-1  | [nurse-4] [INFO] [1698532313.160437900] [nurse]: Action result: False
trials-all-1  | [nurse-4] [INFO] [1698532313.165302954] [nurse]: Action: a_authenticate_nurse
trials-all-1  | [nurse-4] [INFO] [1698532313.170321010] [nurse]: Doing a_authenticate_nurse
trials-all-1  | [robot-6] [INFO] [1698532313.177430088] [robot]: Receiving sync message. a_authenticate_nurse,robot1,nurse1
trials-all-1  | [robot-6] [INFO] [1698532313.182506144] [robot]: not ready
trials-all-1  | [nurse-4] [INFO] [1698532313.195099283] [nurse]: not ready
trials-all-1  | [nurse-4] [INFO] [1698532313.199947337] [nurse]: Action result: False
trials-all-1  | [nurse-4] [INFO] [1698532313.205518399] [nurse]: Action: a_authenticate_nurse
trials-all-1  | [nurse-4] [INFO] [1698532313.210430453] [nurse]: Doing a_authenticate_nurse
trials-all-1  | [robot-6] [INFO] [1698532313.217507531] [robot]: Receiving sync message. a_authenticate_nurse,robot1,nurse1
trials-all-1  | [robot-6] [INFO] [1698532313.222655588] [robot]: not ready
trials-all-1  | [nurse-4] [INFO] [1698532313.234545719] [nurse]: not ready
trials-all-1  | [nurse-4] [INFO] [1698532313.239788777] [nurse]: Action result: False
trials-all-1  | [nurse-4] [INFO] [1698532313.245369839] [nurse]: Action: a_authenticate_nurse
trials-all-1  | [nurse-4] [INFO] [1698532313.250272893] [nurse]: Doing a_authenticate_nurse
trials-all-1  | [robot-6] [INFO] [1698532313.257502973] [robot]: Receiving sync message. a_authenticate_nurse,robot1,nurse1
trials-all-1  | [environment-3] [INFO] [1698532313.262424028] [environment]: Responding
trials-all-1  | [robot-6] [INFO] [1698532313.262513029] [robot]: not ready
trials-all-1  | [arm-1] [INFO] [1698532313.274562162] [arm]: success
trials-all-1  | [nurse-4] [INFO] [1698532313.280667229] [nurse]: not ready
trials-all-1  | [environment-3] [INFO] [1698532313.281936243] [environment]: Receiving message: a_navto,robot1,Room1
trials-all-1  | [arm-1] [INFO] [1698532313.285666284] [arm]: Action result: True
trials-all-1  | [environment-3] [INFO] [1698532313.286197290] [environment]: Action: a_navto
trials-all-1  | [nurse-4] [INFO] [1698532313.292946365] [nurse]: Action result: False
trials-all-1  | [arm-1] [INFO] [1698532313.297115411] [arm]: Action: a_pick_up_sample
trials-all-1  | [nurse-4] [INFO] [1698532313.305448503] [nurse]: Action: a_authenticate_nurse
trials-all-1  | [environment-3] [INFO] [1698532313.306700517] [environment]: Responding
trials-all-1  | [arm-1] [INFO] [1698532313.313931597] [arm]: Doing a_pick_up_sample
trials-all-1  | [robot-6] [INFO] [1698532313.322624693] [robot]: success
trials-all-1  | [nurse-4] [INFO] [1698532313.324080709] [nurse]: Doing a_authenticate_nurse
trials-all-1  | [robot-6] [INFO] [1698532313.329504769] [robot]: Receiving sync message. a_pick_up_sample,arm1,robot1
trials-all-1  | [environment-3] [INFO] [1698532313.339371878] [environment]: Receiving message: monitor
trials-all-1  | [robot-6] [INFO] [1698532313.339690882] [robot]: Action result: True
trials-all-1  | [robot-6] [INFO] [1698532313.341148898] [robot]: not ready
trials-all-1  | [robot-6] [INFO] [1698532313.347430967] [robot]: Receiving sync message. a_authenticate_nurse,robot1,nurse1
trials-all-1  | [robot-6] [INFO] [1698532313.352048018] [robot]: not ready
trials-all-1  | [coordinator-2] [INFO] [1698532313.346485957] [coordinator]: Receiving sync message: action_complete,a_navto
trials-all-1  | [coordinator-2] [INFO] [1698532313.351318010] [coordinator]: action_complete
trials-all-1  | [coordinator-2] [INFO] [1698532313.357967084] [coordinator]: plans_actions_current 1 of 11
trials-all-1  | [arm-1] [INFO] [1698532313.349414989] [arm]: not ready
trials-all-1  | [arm-1] [INFO] [1698532313.356589068] [arm]: Action result: False
trials-all-1  | [nurse-4] [INFO] [1698532313.365162163] [nurse]: not ready
trials-all-1  | [nurse-4] [INFO] [1698532313.374723269] [nurse]: Action result: False
trials-all-1  | [robot-6] [INFO] [1698532313.365541167] [robot]: Action: a_approach_nurse
trials-all-1  | [robot-6] [INFO] [1698532313.370789225] [robot]: Doing a_approach_nurse
trials-all-1  | [arm-1] [INFO] [1698532313.371914238] [arm]: Action: a_pick_up_sample
trials-all-1  | [arm-1] [INFO] [1698532313.379469321] [arm]: Doing a_pick_up_sample
trials-all-1  | [environment-3] [INFO] [1698532313.372773247] [environment]: Action: monitor
trials-all-1  | [nurse-4] [INFO] [1698532313.383578367] [nurse]: Action: a_authenticate_nurse
trials-all-1  | [nurse-4] [INFO] [1698532313.388043416] [nurse]: Doing a_authenticate_nurse
trials-all-1  | [robot-6] [INFO] [1698532313.395310496] [robot]: Receiving sync message. a_authenticate_nurse,robot1,nurse1
trials-all-1  | [robot-6] [INFO] [1698532313.400390552] [robot]: not ready
trials-all-1  | [environment-3] [INFO] [1698532313.406832624] [environment]: Receiving message: a_approach_nurse,robot1
trials-all-1  | [nurse-4] [INFO] [1698532313.411574676] [nurse]: not ready
trials-all-1  | [robot-6] [INFO] [1698532313.414976714] [robot]: Receiving sync message. a_pick_up_sample,arm1,robot1
trials-all-1  | [robot-6] [INFO] [1698532313.420357773] [robot]: not ready
trials-all-1  | [nurse-4] [INFO] [1698532313.416885735] [nurse]: Action result: False
trials-all-1  | [nurse-4] [INFO] [1698532313.421162782] [nurse]: Action: a_authenticate_nurse
trials-all-1  | [environment-3] [INFO] [1698532313.417826745] [environment]: Action: a_approach_nurse
trials-all-1  | [arm-1] [INFO] [1698532313.431516896] [arm]: not ready
trials-all-1  | [nurse-4] [INFO] [1698532313.436008946] [nurse]: Doing a_authenticate_nurse
trials-all-1  | [robot-6] [INFO] [1698532313.443829033] [robot]: Receiving sync message. a_authenticate_nurse,robot1,nurse1
trials-all-1  | [arm-1] [INFO] [1698532313.443968034] [arm]: Action result: False
trials-all-1  | [robot-6] [INFO] [1698532313.448431083] [robot]: not ready
trials-all-1  | [environment-3] [INFO] [1698532313.452299126] [environment]: Responding
trials-all-1  | [arm-1] [INFO] [1698532313.457680186] [arm]: Action: a_pick_up_sample
trials-all-1  | [robot-6] [INFO] [1698532313.464508261] [robot]: success
trials-all-1  | [arm-1] [INFO] [1698532313.466179280] [arm]: Doing a_pick_up_sample
trials-all-1  | [environment-3] [INFO] [1698532313.467128290] [environment]: Receiving message: monitor
trials-all-1  | [nurse-4] [INFO] [1698532313.468351304] [nurse]: not ready
trials-all-1  | [nurse-4] [INFO] [1698532313.472967355] [nurse]: Action result: False
trials-all-1  | [robot-6] [INFO] [1698532313.476880398] [robot]: Action result: True
trials-all-1  | [robot-6] [INFO] [1698532313.483355469] [robot]: Receiving sync message. a_pick_up_sample,arm1,robot1
trials-all-1  | [coordinator-2] [INFO] [1698532313.483201468] [coordinator]: Receiving sync message: action_complete,a_approach_nurse
trials-all-1  | [robot-6] [INFO] [1698532313.487288513] [robot]: not ready
trials-all-1  | [coordinator-2] [INFO] [1698532313.488831530] [coordinator]: action_complete
trials-all-1  | [nurse-4] [INFO] [1698532313.490651550] [nurse]: Action: a_authenticate_nurse
trials-all-1  | [nurse-4] [INFO] [1698532313.495641605] [nurse]: Doing a_authenticate_nurse
trials-all-1  | [coordinator-2] [INFO] [1698532313.496554615] [coordinator]: plans_actions_current 2 of 11
trials-all-1  | [robot-6] [INFO] [1698532313.505811718] [robot]: Receiving sync message. a_authenticate_nurse,robot1,nurse1
trials-all-1  | [robot-6] [INFO] [1698532313.510991775] [robot]: not ready
trials-all-1  | [arm-1] [INFO] [1698532313.518029853] [arm]: not ready
trials-all-1  | [robot-6] [INFO] [1698532313.518592859] [robot]: Action: a_authenticate_nurse
trials-all-1  | [nurse-4] [INFO] [1698532313.524296922] [nurse]: not ready
trials-all-1  | [environment-3] [INFO] [1698532313.524768927] [environment]: Action: monitor
trials-all-1  | [robot-6] [INFO] [1698532313.531710004] [robot]: Doing a_authenticate_nurse
trials-all-1  | [arm-1] [INFO] [1698532313.536717059] [arm]: Action result: False
trials-all-1  | [nurse-4] [INFO] [1698532313.540651103] [nurse]: Action result: False
trials-all-1  | [nurse-4] [INFO] [1698532313.545949161] [nurse]: Action: a_authenticate_nurse
trials-all-1  | [arm-1] [INFO] [1698532313.547008173] [arm]: Action: a_pick_up_sample
trials-all-1  | [nurse-4] [INFO] [1698532313.550873216] [nurse]: Doing a_authenticate_nurse
trials-all-1  | [robot-6] [INFO] [1698532313.552373232] [robot]: wating for nurse1 to authenticate to robot1
trials-all-1  | [arm-1] [INFO] [1698532313.553630246] [arm]: Doing a_pick_up_sample
trials-all-1  | [environment-3] [INFO] [1698532313.557479289] [environment]: Receiving message: monitor
trials-all-1  | [robot-6] [INFO] [1698532313.562229341] [robot]: Receiving sync message. a_pick_up_sample,arm1,robot1
trials-all-1  | [robot-6] [INFO] [1698532313.566705391] [robot]: not ready
trials-all-1  | [robot-6] [INFO] [1698532313.571173440] [robot]: Action result: False
trials-all-1  | [environment-3] [INFO] [1698532313.575249485] [environment]: Action: monitor
trials-all-1  | [robot-6] [INFO] [1698532313.576016494] [robot]: Action: a_authenticate_nurse
trials-all-1  | [robot-6] [INFO] [1698532313.580192540] [robot]: Doing a_authenticate_nurse
trials-all-1  | [robot-6] [INFO] [1698532313.586690612] [robot]: Receiving sync message. a_authenticate_nurse,robot1,nurse1
trials-all-1  | [arm-1] [INFO] [1698532313.589059638] [arm]: not ready
trials-all-1  | [robot-6] [INFO] [1698532313.592232673] [robot]: Authenticate nurse
trials-all-1  | [nurse-4] [INFO] [1698532313.603243795] [nurse]: success
trials-all-1  | [arm-1] [INFO] [1698532313.604771811] [arm]: Action result: False
trials-all-1  | [nurse-4] [INFO] [1698532313.607670843] [nurse]: Action result: True
trials-all-1  | [robot-6] [INFO] [1698532313.609281861] [robot]: wating for nurse1 to authenticate to robot1
trials-all-1  | [arm-1] [INFO] [1698532313.610741877] [arm]: Action: a_pick_up_sample
trials-all-1  | [robot-6] [INFO] [1698532313.613638909] [robot]: Action result: False
trials-all-1  | [arm-1] [INFO] [1698532313.619061969] [arm]: Doing a_pick_up_sample
trials-all-1  | [environment-3] [INFO] [1698532313.619985980] [environment]: Receiving message: monitor
trials-all-1  | [nurse-4] [INFO] [1698532313.620271983] [nurse]: Action: a_deposit
trials-all-1  | [environment-3] [INFO] [1698532313.625803044] [environment]: Action: monitor
trials-all-1  | [nurse-4] [INFO] [1698532313.628454073] [nurse]: Doing a_deposit
trials-all-1  | [robot-6] [INFO] [1698532313.640966211] [robot]: Receiving sync message. a_pick_up_sample,arm1,robot1
trials-all-1  | [robot-6] [INFO] [1698532313.644870255] [robot]: Action: a_authenticate_nurse
trials-all-1  | [robot-6] [INFO] [1698532313.649924310] [robot]: not ready
trials-all-1  | [environment-3] [INFO] [1698532313.653097346] [environment]: Receiving message: monitor
trials-all-1  | [robot-6] [INFO] [1698532313.660864431] [robot]: Receiving sync message. a_deposit,nurse1,robot1
trials-all-1  | [arm-1] [INFO] [1698532313.665452482] [arm]: not ready
trials-all-1  | [robot-6] [INFO] [1698532313.666451493] [robot]: Doing a_authenticate_nurse
trials-all-1  | [environment-3] [INFO] [1698532313.669623528] [environment]: Action: monitor
trials-all-1  | [robot-6] [INFO] [1698532313.670371536] [robot]: Action result: True
trials-all-1  | [arm-1] [INFO] [1698532313.673077566] [arm]: Action result: False
trials-all-1  | [robot-6] [INFO] [1698532313.673926576] [robot]: not ready
trials-all-1  | [coordinator-2] [INFO] [1698532313.678432626] [coordinator]: Receiving sync message: action_complete,a_authenticate_nurse
trials-all-1  | [nurse-4] [INFO] [1698532313.683284679] [nurse]: not ready
trials-all-1  | [coordinator-2] [INFO] [1698532313.683284679] [coordinator]: action_complete
trials-all-1  | [arm-1] [INFO] [1698532313.690711761] [arm]: Action: a_pick_up_sample
trials-all-1  | [nurse-4] [INFO] [1698532313.695334812] [nurse]: Action result: False
trials-all-1  | [arm-1] [INFO] [1698532313.698611849] [arm]: Doing a_pick_up_sample
trials-all-1  | [nurse-4] [INFO] [1698532313.699877863] [nurse]: Action: a_deposit
trials-all-1  | [coordinator-2] [INFO] [1698532313.705085920] [coordinator]: plans_actions_current 3 of 11
trials-all-1  | [robot-6] [INFO] [1698532313.706394935] [robot]: Receiving sync message. a_pick_up_sample,arm1,robot1
trials-all-1  | [robot-6] [INFO] [1698532313.710940985] [robot]: not ready
trials-all-1  | [nurse-4] [INFO] [1698532313.715103031] [nurse]: Doing a_deposit
trials-all-1  | [robot-6] [INFO] [1698532313.726689159] [robot]: Receiving sync message. a_deposit,nurse1,robot1
trials-all-1  | [arm-1] [INFO] [1698532313.730125197] [arm]: not ready
trials-all-1  | [environment-3] [INFO] [1698532313.730183197] [environment]: Receiving message: monitor
trials-all-1  | [robot-6] [INFO] [1698532313.733033229] [robot]: not ready
trials-all-1  | [nurse-4] [INFO] [1698532313.742021328] [nurse]: not ready
trials-all-1  | [environment-3] [INFO] [1698532313.744889360] [environment]: Action: monitor
trials-all-1  | [arm-1] [INFO] [1698532313.744983361] [arm]: Action result: False
trials-all-1  | [nurse-4] [INFO] [1698532313.753221452] [nurse]: Action result: False
trials-all-1  | [arm-1] [INFO] [1698532313.757497499] [arm]: Action: a_pick_up_sample
trials-all-1  | [nurse-4] [INFO] [1698532313.757794503] [nurse]: Action: a_deposit
trials-all-1  | [robot-6] [INFO] [1698532313.765235585] [robot]: Action: a_open_drawer
trials-all-1  | [arm-1] [INFO] [1698532313.765685590] [arm]: Doing a_pick_up_sample
trials-all-1  | [robot-6] [INFO] [1698532313.769403631] [robot]: Doing a_open_drawer
trials-all-1  | [environment-3] [INFO] [1698532313.770582644] [environment]: Receiving message: monitor
trials-all-1  | [robot-6] [INFO] [1698532313.774061682] [robot]: success
trials-all-1  | [environment-3] [INFO] [1698532313.776704712] [environment]: Action: monitor
trials-all-1  | [robot-6] [INFO] [1698532313.791079871] [robot]: Receiving sync message. a_pick_up_sample,arm1,robot1
trials-all-1  | [nurse-4] [INFO] [1698532313.792486886] [nurse]: Doing a_deposit
trials-all-1  | [robot-6] [INFO] [1698532313.793968902] [robot]: Action result: True
trials-all-1  | [robot-6] [INFO] [1698532313.798712955] [robot]: not ready
trials-all-1  | [coordinator-2] [INFO] [1698532313.802515997] [coordinator]: Receiving sync message: action_complete,a_open_drawer
trials-all-1  | [robot-6] [INFO] [1698532313.811817100] [robot]: Receiving sync message. a_deposit,nurse1,robot1
trials-all-1  | [coordinator-2] [INFO] [1698532313.812849111] [coordinator]: action_complete
trials-all-1  | [arm-1] [INFO] [1698532313.813179115] [arm]: not ready
trials-all-1  | [robot-6] [INFO] [1698532313.816442151] [robot]: not ready
trials-all-1  | [coordinator-2] [INFO] [1698532313.821056202] [coordinator]: plans_actions_current 4 of 11
trials-all-1  | [nurse-4] [INFO] [1698532313.824990245] [nurse]: not ready
trials-all-1  | [arm-1] [INFO] [1698532313.825241248] [arm]: Action result: False
trials-all-1  | [environment-3] [INFO] [1698532313.825440250] [environment]: Receiving message: monitor
trials-all-1  | [nurse-4] [INFO] [1698532313.829362294] [nurse]: Action result: False
trials-all-1  | [environment-3] [INFO] [1698532313.829995301] [environment]: Action: monitor
trials-all-1  | [arm-1] [INFO] [1698532313.833145335] [arm]: Action: a_pick_up_sample
trials-all-1  | [robot-6] [INFO] [1698532313.844192458] [robot]: Action: a_deposit
trials-all-1  | [arm-1] [INFO] [1698532313.845969477] [arm]: Doing a_pick_up_sample
trials-all-1  | [robot-6] [INFO] [1698532313.848474505] [robot]: Doing a_deposit
trials-all-1  | [nurse-4] [INFO] [1698532313.853159557] [nurse]: Action: a_deposit
trials-all-1  | [nurse-4] [INFO] [1698532313.864411681] [nurse]: Doing a_deposit
trials-all-1  | [robot-6] [INFO] [1698532313.865490693] [robot]: Receiving sync message. a_pick_up_sample,arm1,robot1
trials-all-1  | [robot-6] [INFO] [1698532313.871446759] [robot]: not ready
trials-all-1  | [environment-3] [INFO] [1698532313.871972765] [environment]: Receiving message: monitor
trials-all-1  | [robot-6] [INFO] [1698532313.878337835] [robot]: wating for nurse1 to deposit in robot1
trials-all-1  | [environment-3] [INFO] [1698532313.879395847] [environment]: Action: monitor
trials-all-1  | [robot-6] [INFO] [1698532313.886667927] [robot]: Action result: False
trials-all-1  | [arm-1] [INFO] [1698532313.892279989] [arm]: not ready
trials-all-1  | [robot-6] [INFO] [1698532313.892394990] [robot]: Action: a_deposit
trials-all-1  | [robot-6] [INFO] [1698532313.896500036] [robot]: Doing a_deposit
trials-all-1  | [arm-1] [INFO] [1698532313.900709082] [arm]: Action result: False
trials-all-1  | [robot-6] [INFO] [1698532313.905800138] [robot]: Receiving sync message. a_deposit,nurse1,robot1
trials-all-1  | [environment-3] [INFO] [1698532313.908646170] [environment]: Receiving message: monitor
trials-all-1  | [arm-1] [INFO] [1698532313.908774171] [arm]: Action: a_pick_up_sample
trials-all-1  | [robot-6] [INFO] [1698532313.910191187] [robot]: Deposit
trials-all-1  | [nurse-4] [INFO] [1698532313.918942284] [nurse]: success
trials-all-1  | [arm-1] [INFO] [1698532313.921735315] [arm]: Doing a_pick_up_sample
trials-all-1  | [nurse-4] [INFO] [1698532313.924111341] [nurse]: Action result: True
trials-all-1  | [environment-3] [INFO] [1698532313.925544357] [environment]: Action: monitor
trials-all-1  | [robot-6] [INFO] [1698532313.929136396] [robot]: wating for nurse1 to deposit in robot1
trials-all-1  | [environment-3] [INFO] [1698532313.941750536] [environment]: Receiving message: monitor
trials-all-1  | [robot-6] [INFO] [1698532313.941198530] [robot]: Receiving sync message. a_pick_up_sample,arm1,robot1
trials-all-1  | [robot-6] [INFO] [1698532313.954254674] [robot]: Action result: False
trials-all-1  | [robot-6] [INFO] [1698532313.958585722] [robot]: Action: a_deposit
trials-all-1  | [environment-3] [INFO] [1698532313.960129739] [environment]: Action: monitor
trials-all-1  | [robot-6] [INFO] [1698532313.966291807] [robot]: not ready
trials-all-1  | [arm-1] [INFO] [1698532313.980180961] [arm]: not ready
trials-all-1  | [robot-6] [INFO] [1698532313.980789967] [robot]: Doing a_deposit
trials-all-1  | [robot-6] [INFO] [1698532313.985807023] [robot]: Action result: True
trials-all-1  | [environment-3] [INFO] [1698532313.986075026] [environment]: Receiving message: monitor
trials-all-1  | [arm-1] [INFO] [1698532313.988622054] [arm]: Action result: False
trials-all-1  | [coordinator-2] [INFO] [1698532313.993249105] [coordinator]: Receiving sync message: action_complete,a_deposit
trials-all-1  | [arm-1] [INFO] [1698532313.996566142] [arm]: Action: a_pick_up_sample
trials-all-1  | [arm-1] [INFO] [1698532314.003529219] [arm]: Doing a_pick_up_sample
trials-all-1  | [coordinator-2] [INFO] [1698532314.004980235] [coordinator]: action_complete
trials-all-1  | [robot-6] [INFO] [1698532314.009963289] [robot]: Receiving sync message. a_pick_up_sample,arm1,robot1
trials-all-1  | [coordinator-2] [INFO] [1698532314.012867321] [coordinator]: plans_actions_current 5 of 11
trials-all-1  | [environment-3] [INFO] [1698532314.014913344] [environment]: Action: monitor
trials-all-1  | [robot-6] [INFO] [1698532314.015006345] [robot]: not ready
trials-all-1  | [arm-1] [INFO] [1698532314.032045532] [arm]: not ready
trials-all-1  | [arm-1] [INFO] [1698532314.039908619] [arm]: Action result: False
trials-all-1  | [robot-6] [INFO] [1698532314.043852662] [robot]: Action: a_close_drawer
trials-all-1  | [arm-1] [INFO] [1698532314.048144709] [arm]: Action: a_pick_up_sample
trials-all-1  | [robot-6] [INFO] [1698532314.048280711] [robot]: Doing a_close_drawer
trials-all-1  | [environment-3] [INFO] [1698532314.051337744] [environment]: Receiving message: monitor
trials-all-1  | [robot-6] [INFO] [1698532314.053685770] [robot]: success
trials-all-1  | [arm-1] [INFO] [1698532314.056237798] [arm]: Doing a_pick_up_sample
trials-all-1  | [environment-3] [INFO] [1698532314.056419800] [environment]: Action: monitor
trials-all-1  | [robot-6] [INFO] [1698532314.064667891] [robot]: Receiving sync message. a_pick_up_sample,arm1,robot1
trials-all-1  | [robot-6] [INFO] [1698532314.079075049] [robot]: not ready
trials-all-1  | [robot-6] [INFO] [1698532314.082395086] [robot]: Action result: True
trials-all-1  | [coordinator-2] [INFO] [1698532314.091508186] [coordinator]: Receiving sync message: action_complete,a_close_drawer
trials-all-1  | [environment-3] [INFO] [1698532314.095277227] [environment]: Receiving message: monitor
trials-all-1  | [arm-1] [INFO] [1698532314.095771233] [arm]: not ready
trials-all-1  | [coordinator-2] [INFO] [1698532314.100598286] [coordinator]: action_complete
trials-all-1  | [arm-1] [INFO] [1698532314.102097302] [arm]: Action result: False
trials-all-1  | [environment-3] [INFO] [1698532314.105379338] [environment]: Action: monitor
trials-all-1  | [coordinator-2] [INFO] [1698532314.108949378] [coordinator]: plans_actions_current 6 of 11
trials-all-1  | [arm-1] [INFO] [1698532314.109625385] [arm]: Action: a_pick_up_sample
trials-all-1  | [robot-6] [INFO] [1698532314.131576626] [robot]: Action: a_navto
trials-all-1  | [arm-1] [INFO] [1698532314.131774629] [arm]: Doing a_pick_up_sample
trials-all-1  | [robot-6] [INFO] [1698532314.138554703] [robot]: Receiving sync message. a_pick_up_sample,arm1,robot1
trials-all-1  | [environment-3] [INFO] [1698532314.148666814] [environment]: Receiving message: monitor
trials-all-1  | [robot-6] [INFO] [1698532314.142861751] [robot]: not ready
trials-all-1  | [robot-6] [INFO] [1698532314.153180864] [robot]: Doing a_navto
trials-all-1  | [environment-3] [INFO] [1698532314.154112874] [environment]: Action: monitor
trials-all-1  | [arm-1] [INFO] [1698532314.171929070] [arm]: not ready
trials-all-1  | [arm-1] [INFO] [1698532314.179991159] [arm]: Action result: False
trials-all-1  | [environment-3] [INFO] [1698532314.183020192] [environment]: Receiving message: a_navto,robot1,Room3
trials-all-1  | [arm-1] [INFO] [1698532314.187875245] [arm]: Action: a_pick_up_sample
trials-all-1  | [arm-1] [INFO] [1698532314.195534330] [arm]: Doing a_pick_up_sample
trials-all-1  | [environment-3] [INFO] [1698532314.203468417] [environment]: Action: a_navto
trials-all-1  | [robot-6] [INFO] [1698532314.203789420] [robot]: Receiving sync message. a_pick_up_sample,arm1,robot1
trials-all-1  | [environment-3] [INFO] [1698532314.208349471] [environment]: Responding
trials-all-1  | [robot-6] [INFO] [1698532314.211676507] [robot]: not ready
trials-all-1  | [arm-1] [INFO] [1698532314.223160633] [arm]: not ready
trials-all-1  | [environment-3] [INFO] [1698532314.223614638] [environment]: Receiving message: monitor
trials-all-1  | [arm-1] [INFO] [1698532314.229239700] [arm]: Action result: False
trials-all-1  | [arm-1] [INFO] [1698532314.236467780] [arm]: Action: a_pick_up_sample
trials-all-1  | [robot-6] [INFO] [1698532314.236515780] [robot]: success
trials-all-1  | [robot-6] [INFO] [1698532314.240772827] [robot]: Action result: True
trials-all-1  | [arm-1] [INFO] [1698532314.242185843] [arm]: Doing a_pick_up_sample
trials-all-1  | [environment-3] [INFO] [1698532314.248431911] [environment]: Action: monitor
trials-all-1  | [robot-6] [INFO] [1698532314.251476945] [robot]: Receiving sync message. a_pick_up_sample,arm1,robot1
trials-all-1  | [coordinator-2] [INFO] [1698532314.252918961] [coordinator]: Receiving sync message: action_complete,a_navto
trials-all-1  | [robot-6] [INFO] [1698532314.255465989] [robot]: not ready
trials-all-1  | [coordinator-2] [INFO] [1698532314.259128029] [coordinator]: action_complete
trials-all-1  | [coordinator-2] [INFO] [1698532314.263200074] [coordinator]: plans_actions_current 7 of 11
trials-all-1  | [arm-1] [INFO] [1698532314.265153095] [arm]: not ready
trials-all-1  | [arm-1] [INFO] [1698532314.276248217] [arm]: Action result: False
trials-all-1  | [arm-1] [INFO] [1698532314.280087259] [arm]: Action: a_pick_up_sample
trials-all-1  | [arm-1] [INFO] [1698532314.283755300] [arm]: Doing a_pick_up_sample
trials-all-1  | [robot-6] [INFO] [1698532314.282265283] [robot]: Action: a_approach_arm
trials-all-1  | [robot-6] [INFO] [1698532314.290470373] [robot]: Receiving sync message. a_pick_up_sample,arm1,robot1
trials-all-1  | [environment-3] [INFO] [1698532314.296694442] [environment]: Receiving message: monitor
trials-all-1  | [environment-3] [INFO] [1698532314.301524495] [environment]: Action: monitor
trials-all-1  | [robot-6] [INFO] [1698532314.297062446] [robot]: Doing a_approach_arm
trials-all-1  | [robot-6] [INFO] [1698532314.301688497] [robot]: not ready
trials-all-1  | [arm-1] [INFO] [1698532314.312519616] [arm]: not ready
trials-all-1  | [arm-1] [INFO] [1698532314.316806663] [arm]: Action result: False
trials-all-1  | [environment-3] [INFO] [1698532314.326932774] [environment]: Receiving message: a_approach_arm,robot1,arm1
trials-all-1  | [arm-1] [INFO] [1698532314.330641815] [arm]: Action: a_pick_up_sample
trials-all-1  | [environment-3] [INFO] [1698532314.331537825] [environment]: Action: a_approach_arm
trials-all-1  | [environment-3] [INFO] [1698532314.336443879] [environment]: Responding
trials-all-1  | [arm-1] [INFO] [1698532314.341556935] [arm]: Doing a_pick_up_sample
trials-all-1  | [robot-6] [INFO] [1698532314.348638013] [robot]: success
trials-all-1  | [robot-6] [INFO] [1698532314.357410109] [robot]: Receiving sync message. a_pick_up_sample,arm1,robot1
trials-all-1  | [environment-3] [INFO] [1698532314.364113183] [environment]: Receiving message: monitor
trials-all-1  | [environment-3] [INFO] [1698532314.369025237] [environment]: Action: monitor
trials-all-1  | [robot-6] [INFO] [1698532314.366361208] [robot]: not ready
trials-all-1  | [robot-6] [INFO] [1698532314.376861323] [robot]: Action result: True
trials-all-1  | [arm-1] [INFO] [1698532314.378218338] [arm]: not ready
trials-all-1  | [coordinator-2] [INFO] [1698532314.383377395] [coordinator]: Receiving sync message: action_complete,a_approach_arm
trials-all-1  | [arm-1] [INFO] [1698532314.388099447] [arm]: Action result: False
trials-all-1  | [coordinator-2] [INFO] [1698532314.396428538] [coordinator]: action_complete
trials-all-1  | [arm-1] [INFO] [1698532314.396495539] [arm]: Action: a_pick_up_sample
trials-all-1  | [coordinator-2] [INFO] [1698532314.400658585] [coordinator]: plans_actions_current 8 of 11
trials-all-1  | [arm-1] [INFO] [1698532314.404922632] [arm]: Doing a_pick_up_sample
trials-all-1  | [robot-6] [INFO] [1698532314.409675684] [robot]: Action: a_open_drawer
trials-all-1  | [environment-3] [INFO] [1698532314.410426692] [environment]: Receiving message: monitor
trials-all-1  | [environment-3] [INFO] [1698532314.414898742] [environment]: Action: monitor
trials-all-1  | [robot-6] [INFO] [1698532314.417032765] [robot]: Receiving sync message. a_pick_up_sample,arm1,robot1
trials-all-1  | [robot-6] [INFO] [1698532314.420750806] [robot]: not ready
trials-all-1  | [arm-1] [INFO] [1698532314.433874950] [arm]: not ready
trials-all-1  | [robot-6] [INFO] [1698532314.438162997] [robot]: Doing a_open_drawer
trials-all-1  | [robot-6] [INFO] [1698532314.442505045] [robot]: success
trials-all-1  | [environment-3] [INFO] [1698532314.440719025] [environment]: Receiving message: monitor
trials-all-1  | [arm-1] [INFO] [1698532314.444102063] [arm]: Action result: False
trials-all-1  | [environment-3] [INFO] [1698532314.444709069] [environment]: Action: monitor
trials-all-1  | [robot-6] [INFO] [1698532314.446653091] [robot]: Action result: True
trials-all-1  | [arm-1] [INFO] [1698532314.452356153] [arm]: Action: a_pick_up_sample
trials-all-1  | [coordinator-2] [INFO] [1698532314.456316197] [coordinator]: Receiving sync message: action_complete,a_open_drawer
trials-all-1  | [arm-1] [INFO] [1698532314.461940259] [arm]: Doing a_pick_up_sample
trials-all-1  | [coordinator-2] [INFO] [1698532314.468835335] [coordinator]: action_complete
trials-all-1  | [robot-6] [INFO] [1698532314.468883335] [robot]: Receiving sync message. a_pick_up_sample,arm1,robot1
trials-all-1  | [robot-6] [INFO] [1698532314.473133382] [robot]: not ready
trials-all-1  | [coordinator-2] [INFO] [1698532314.473133382] [coordinator]: plans_actions_current 9 of 11
trials-all-1  | [environment-3] [INFO] [1698532314.480476463] [environment]: Receiving message: monitor
trials-all-1  | [environment-3] [INFO] [1698532314.485293515] [environment]: Action: monitor
trials-all-1  | [arm-1] [INFO] [1698532314.485484518] [arm]: not ready
trials-all-1  | [robot-6] [INFO] [1698532314.493361604] [robot]: Action: a_pick_up_sample
trials-all-1  | [arm-1] [INFO] [1698532314.495234625] [arm]: Action result: False
trials-all-1  | [robot-6] [INFO] [1698532314.498687663] [robot]: Doing a_pick_up_sample
trials-all-1  | [arm-1] [INFO] [1698532314.503452715] [arm]: Action: a_pick_up_sample
trials-all-1  | [robot-6] [INFO] [1698532314.512425814] [robot]: wating for arm1 to pick up from robot1
trials-all-1  | [arm-1] [INFO] [1698532314.512518815] [arm]: Doing a_pick_up_sample
trials-all-1  | [robot-6] [INFO] [1698532314.521473913] [robot]: Receiving sync message. a_pick_up_sample,arm1,robot1
trials-all-1  | [environment-3] [INFO] [1698532314.522131921] [environment]: Receiving message: monitor
trials-all-1  | [environment-3] [INFO] [1698532314.527238977] [environment]: Action: monitor
trials-all-1  | [robot-6] [INFO] [1698532314.531326022] [robot]: Pick up
trials-all-1  | [robot-6] [INFO] [1698532314.539788115] [robot]: Action result: False
trials-all-1  | [arm-1] [INFO] [1698532314.554420276] [arm]: success
trials-all-1  | [environment-3] [INFO] [1698532314.555748290] [environment]: Receiving message: monitor
trials-all-1  | [robot-6] [INFO] [1698532314.558492320] [robot]: Action: a_pick_up_sample
trials-all-1  | [robot-6] [INFO] [1698532314.562859368] [robot]: Doing a_pick_up_sample
trials-all-1  | [arm-1] [INFO] [1698532314.563573376] [arm]: Action result: True
trials-all-1  | [robot-6] [INFO] [1698532314.566978414] [robot]: Action result: True
trials-all-1  | [environment-3] [INFO] [1698532314.572117470] [environment]: Action: monitor
trials-all-1  | [coordinator-2] [INFO] [1698532314.582833588] [coordinator]: Receiving sync message: action_complete,a_pick_up_sample
trials-all-1  | [coordinator-2] [INFO] [1698532314.600442782] [coordinator]: action_complete
trials-all-1  | [coordinator-2] [INFO] [1698532314.604330824] [coordinator]: plans_actions_current 10 of 11
trials-all-1  | [robot-6] [INFO] [1698532314.618344978] [robot]: Action: a_close_drawer
trials-all-1  | [robot-6] [INFO] [1698532314.622993029] [robot]: Doing a_close_drawer
trials-all-1  | [robot-6] [INFO] [1698532314.627208076] [robot]: success
trials-all-1  | [environment-3] [INFO] [1698532314.628296088] [environment]: Receiving message: monitor
trials-all-1  | [robot-6] [INFO] [1698532314.631751126] [robot]: Action result: True
trials-all-1  | [environment-3] [INFO] [1698532314.633237142] [environment]: Action: monitor
trials-all-1  | [coordinator-2] [INFO] [1698532314.654439375] [coordinator]: Receiving sync message: action_complete,a_close_drawer
trials-all-1  | [coordinator-2] [INFO] [1698532314.658248417] [coordinator]: action_complete
trials-all-1  | [environment-3] [INFO] [1698532314.654609377] [environment]: Receiving message: monitor
trials-all-1  | [environment-3] [INFO] [1698532314.658419419] [environment]: Action: monitor
trials-all-1  | [coordinator-2] [INFO] [1698532314.667300517] [coordinator]: plans_actions_current 11 of 11
trials-all-1  | [coordinator-2] [INFO] [1698532314.671113559] [coordinator]: The time of execution of above program is:2.3740153312683105
trials-all-1  | [coordinator-2] [INFO] [1698532314.674396595] [coordinator]: Achieved
trials-all-1  | [coordinator-2] [INFO] [1698532314.692862798] [coordinator]: ENDSIM
trials-all-1 exited with code 0
