 Network trials_ros  Creating
 Network trials_ros  Created
 Container trials-all-1  Creating
 Container trials-all-1  Created
Attaching to trials-all-1
trials-all-1  | [INFO] [launch]: All log files can be found below /root/.ros/log/2023-10-28-22-24-57-743216-863159eb9f07-1
trials-all-1  | [INFO] [launch]: Default logging verbosity is set to INFO
trials-all-1  | [INFO] [arm-1]: process started with pid [52]
trials-all-1  | [INFO] [coordinator-2]: process started with pid [54]
trials-all-1  | [INFO] [environment-3]: process started with pid [56]
trials-all-1  | [INFO] [nurse-4]: process started with pid [58]
trials-all-1  | [INFO] [planner-5]: process started with pid [60]
trials-all-1  | [INFO] [robot-6]: process started with pid [62]
trials-all-1  | [nurse-4] [INFO] [1698531901.716264670] [nurse]: Starting Nurse server
trials-all-1  | [nurse-4] [INFO] [1698531901.770109461] [nurse]: Nurse server started
trials-all-1  | [nurse-4] [INFO] [1698531901.783145894] [nurse]: Starting Nurse clients
trials-all-1  | [environment-3] [INFO] [1698531901.878683072] [environment]: Starting Environment server
trials-all-1  | [robot-6] [INFO] [1698531901.907069016] [robot]: Starting Robot server
trials-all-1  | [environment-3] [INFO] [1698531901.922319523] [environment]: Environment server started
trials-all-1  | [robot-6] [INFO] [1698531901.957081679] [robot]: Robot server started
trials-all-1  | [robot-6] [INFO] [1698531901.965766968] [robot]: Starting Robots clients
trials-all-1  | [arm-1] [INFO] [1698531902.026001969] [arm]: Starting Arm server
trials-all-1  | [coordinator-2] [INFO] [1698531902.028440049] [coordinator]: Starting Coordinator server
trials-all-1  | [arm-1] [INFO] [1698531902.061305139] [arm]: Arm server started
trials-all-1  | [arm-1] [INFO] [1698531902.074887589] [arm]: Starting Nurse clients
trials-all-1  | [coordinator-2] [INFO] [1698531902.108943718] [coordinator]: Coordinator server started
trials-all-1  | [coordinator-2] [INFO] [1698531902.124766243] [coordinator]: Starting Coordinator clients
trials-all-1  | [nurse-4] [INFO] [1698531902.149172052] [nurse]: Nurse clients started
trials-all-1  | [arm-1] [INFO] [1698531902.167746667] [arm]: Nurse clients started
trials-all-1  | [nurse-4] [INFO] [1698531902.172114812] [nurse]: Sent request
trials-all-1  | [robot-6] [INFO] [1698531902.267230965] [robot]: Robots clients started
trials-all-1  | [coordinator-2] [INFO] [1698531903.162397624] [coordinator]: planner sync service not available, waiting again...
trials-all-1  | [coordinator-2] [INFO] [1698531904.175610089] [coordinator]: planner sync service not available, waiting again...
trials-all-1  | [coordinator-2] [INFO] [1698531905.189599472] [coordinator]: planner sync service not available, waiting again...
trials-all-1  | [coordinator-2] [INFO] [1698531906.200964663] [coordinator]: planner sync service not available, waiting again...
trials-all-1  | [coordinator-2] [INFO] [1698531907.212773761] [coordinator]: planner sync service not available, waiting again...
trials-all-1  | [coordinator-2] [INFO] [1698531908.226169804] [coordinator]: planner sync service not available, waiting again...
trials-all-1  | [planner-5] Matplotlib is building the font cache; this may take a moment.
trials-all-1  | [coordinator-2] [INFO] [1698531909.237309668] [coordinator]: planner sync service not available, waiting again...
trials-all-1  | [coordinator-2] [INFO] [1698531910.250125480] [coordinator]: planner sync service not available, waiting again...
trials-all-1  | [coordinator-2] [INFO] [1698531911.262649177] [coordinator]: planner sync service not available, waiting again...
trials-all-1  | [planner-5] [INFO] [1698531911.502326899] [planner]: Starting Planner server
trials-all-1  | [planner-5] [INFO] [1698531911.517749396] [planner]: Planner server started
trials-all-1  | [coordinator-2] [INFO] [1698531912.278409873] [coordinator]: planner sync service not available, waiting again...
trials-all-1  | [coordinator-2] [INFO] [1698531913.302947743] [coordinator]: planner sync service not available, waiting again...
trials-all-1  | [coordinator-2] [INFO] [1698531913.651322895] [coordinator]: Coordinator clients started
trials-all-1  | [coordinator-2] [INFO] [1698531913.686798030] [coordinator]: Receiving message of nurse1 in room3.
trials-all-1  | [coordinator-2] [INFO] [1698531913.692044198] [coordinator]: Sending response
trials-all-1  | [coordinator-2] [INFO] [1698531913.701074487] [coordinator]: Planing
trials-all-1  | [coordinator-2] [INFO] [1698531913.704988613] [coordinator]: Creating plan for: robot1, nurse1, arm1 
trials-all-1  | [nurse-4] [INFO] [1698531913.706390658] [nurse]: Request response:Okay!
trials-all-1  | [planner-5] [INFO] [1698531913.713950900] [planner]: Receiving sync message. need_plan,robot1,nurse1,arm1
trials-all-1  | [planner-5] [INFO] [1698531913.723358201] [planner]: Creating plan for: robot1 robot1 nurse1
trials-all-1  | [planner-5] [INFO] [1698531913.756602265] [planner]: a_navto,robot1,Room1
trials-all-1  | [planner-5] [INFO] [1698531913.761454420] [planner]: a_approach_nurse,robot1
trials-all-1  | [planner-5] [INFO] [1698531913.778722973] [planner]: a_authenticate_nurse,robot1,nurse1
trials-all-1  | [planner-5] [INFO] [1698531913.797323568] [planner]: a_open_drawer,robot1
trials-all-1  | [planner-5] [INFO] [1698531913.803401763] [planner]: a_deposit,nurse1,robot1
trials-all-1  | [planner-5] [INFO] [1698531913.809850969] [planner]: a_close_drawer,robot1
trials-all-1  | [planner-5] [INFO] [1698531913.815303144] [planner]: a_navto,robot1,Room3
trials-all-1  | [planner-5] [INFO] [1698531913.832625698] [planner]: a_approach_arm,robot1,arm1
trials-all-1  | [planner-5] [INFO] [1698531913.850760279] [planner]: a_open_drawer,robot1
trials-all-1  | [planner-5] [INFO] [1698531913.857261487] [planner]: a_pick_up_sample,arm1,robot1
trials-all-1  | [planner-5] [INFO] [1698531913.863827697] [planner]: a_close_drawer,robot1
trials-all-1  | [planner-5] [INFO] [1698531913.868932861] [planner]: Sending response
trials-all-1  | [coordinator-2] [INFO] [1698531913.887969470] [coordinator]: Plan received for: robot1, nurse1, arm1 
trials-all-1  | [coordinator-2] [INFO] [1698531913.896111731] [coordinator]: a_navto,robot1,Room1/a_approach_nurse,robot1/a_authenticate_nurse,robot1,nurse1/a_open_drawer,robot1/a_deposit,nurse1,robot1/a_close_drawer,robot1/a_navto,robot1,Room3/a_approach_arm,robot1,arm1/a_open_drawer,robot1/a_pick_up_sample,arm1,robot1/a_close_drawer,robot1
trials-all-1  | [coordinator-2] [INFO] [1698531913.906090050] [coordinator]: a_navto,robot1,Room1
trials-all-1  | [coordinator-2] [INFO] [1698531913.915821361] [coordinator]: a_approach_nurse,robot1
trials-all-1  | [coordinator-2] [INFO] [1698531913.925874683] [coordinator]: a_authenticate_nurse,robot1,nurse1
trials-all-1  | [coordinator-2] [INFO] [1698531913.935420989] [coordinator]: a_open_drawer,robot1
trials-all-1  | [coordinator-2] [INFO] [1698531913.944490279] [coordinator]: a_deposit,nurse1,robot1
trials-all-1  | [coordinator-2] [INFO] [1698531913.960737799] [coordinator]: a_close_drawer,robot1
trials-all-1  | [coordinator-2] [INFO] [1698531913.969708086] [coordinator]: a_navto,robot1,Room3
trials-all-1  | [coordinator-2] [INFO] [1698531913.978695374] [coordinator]: a_approach_arm,robot1,arm1
trials-all-1  | [coordinator-2] [INFO] [1698531913.988202678] [coordinator]: a_open_drawer,robot1
trials-all-1  | [coordinator-2] [INFO] [1698531913.997392973] [coordinator]: a_pick_up_sample,arm1,robot1
trials-all-1  | [coordinator-2] [INFO] [1698531914.007213287] [coordinator]: a_close_drawer,robot1
trials-all-1  | [coordinator-2] [INFO] [1698531914.017744623] [coordinator]: Sending plans
trials-all-1  | [coordinator-2] [INFO] [1698531914.030456028] [coordinator]: Plans sent
trials-all-1  | [arm-1] [INFO] [1698531914.047566574] [arm]: Receiving message.
trials-all-1  | [nurse-4] [INFO] [1698531914.047961587] [nurse]: Receiving message.
trials-all-1  | [environment-3] [INFO] [1698531914.058214914] [environment]: Receiving message: monitor
trials-all-1  | [environment-3] [INFO] [1698531914.062473050] [environment]: Action: monitor
trials-all-1  | [robot-6] [INFO] [1698531914.067284203] [robot]: Receiving message.
trials-all-1  | [robot-6] [INFO] [1698531914.077033514] [robot]: Robot's actions:
trials-all-1  | [robot-6] [INFO] [1698531914.083347716] [robot]: Action: a_navto
trials-all-1  | [robot-6] [INFO] [1698531914.087033834] [robot]: Doing a_navto
trials-all-1  | [nurse-4] [INFO] [1698531914.070982321] [nurse]: Nurse's actions:
trials-all-1  | [nurse-4] [INFO] [1698531914.078662566] [nurse]: a_authenticate_nurse
trials-all-1  | [nurse-4] [INFO] [1698531914.087080835] [nurse]: Action: a_authenticate_nurse
trials-all-1  | [arm-1] [INFO] [1698531914.086327811] [arm]: Arm's actions:
trials-all-1  | [nurse-4] [INFO] [1698531914.091519977] [nurse]: Doing a_authenticate_nurse
trials-all-1  | [environment-3] [INFO] [1698531914.091717983] [environment]: Receiving message: monitor
trials-all-1  | [arm-1] [INFO] [1698531914.094122060] [arm]: a_approach_arm
trials-all-1  | [nurse-4] [INFO] [1698531914.098577202] [nurse]: a_deposit
trials-all-1  | [robot-6] [INFO] [1698531914.102292320] [robot]: a_navto
trials-all-1  | [environment-3] [INFO] [1698531914.106330449] [environment]: Action: monitor
trials-all-1  | [robot-6] [INFO] [1698531914.109508551] [robot]: a_authenticate_nurse
trials-all-1  | [robot-6] [INFO] [1698531914.117753814] [robot]: a_open_drawer
trials-all-1  | [environment-3] [INFO] [1698531914.119271862] [environment]: Receiving message: a_navto,robot1,Room1
trials-all-1  | [arm-1] [INFO] [1698531914.121752941] [arm]: Action: a_approach_arm
trials-all-1  | [arm-1] [INFO] [1698531914.123552999] [arm]: a_pick_up_sample
trials-all-1  | [environment-3] [INFO] [1698531914.123918010] [environment]: Action: a_navto
trials-all-1  | [robot-6] [INFO] [1698531914.126071079] [robot]: a_deposit
trials-all-1  | [robot-6] [INFO] [1698531914.134202339] [robot]: a_close_drawer
trials-all-1  | [arm-1] [INFO] [1698531914.141996587] [arm]: Doing a_approach_arm
trials-all-1  | [robot-6] [INFO] [1698531914.142478603] [robot]: a_navto
trials-all-1  | [environment-3] [INFO] [1698531914.146746739] [environment]: Responding
trials-all-1  | [robot-6] [INFO] [1698531914.150808868] [robot]: a_approach_arm
trials-all-1  | [environment-3] [INFO] [1698531914.158980129] [environment]: Receiving message: monitor
trials-all-1  | [robot-6] [INFO] [1698531914.161113197] [robot]: a_open_drawer
trials-all-1  | [environment-3] [INFO] [1698531914.163378270] [environment]: Action: monitor
trials-all-1  | [robot-6] [INFO] [1698531914.167126389] [robot]: a_pick_up_sample
trials-all-1  | [robot-6] [INFO] [1698531914.175471655] [robot]: a_close_drawer
trials-all-1  | [robot-6] [INFO] [1698531914.188930085] [robot]: Receiving sync message. a_authenticate_nurse,robot1,nurse1
trials-all-1  | [robot-6] [INFO] [1698531914.194690269] [robot]: not ready
trials-all-1  | [environment-3] [INFO] [1698531914.204867593] [environment]: Receiving message: a_approach_arm,robot1,arm1
trials-all-1  | [environment-3] [INFO] [1698531914.209252733] [environment]: Action: a_approach_arm
trials-all-1  | [robot-6] [INFO] [1698531914.209281734] [robot]: success
trials-all-1  | [environment-3] [INFO] [1698531914.213918882] [environment]: Responding
trials-all-1  | [nurse-4] [INFO] [1698531914.219591063] [nurse]: not ready
trials-all-1  | [nurse-4] [INFO] [1698531914.224033205] [nurse]: Action result: False
trials-all-1  | [nurse-4] [INFO] [1698531914.228169337] [nurse]: Action: a_authenticate_nurse
trials-all-1  | [arm-1] [INFO] [1698531914.222603159] [arm]: success
trials-all-1  | [arm-1] [INFO] [1698531914.226778292] [arm]: Action result: True
trials-all-1  | [robot-6] [INFO] [1698531914.226144272] [robot]: Action result: True
trials-all-1  | [coordinator-2] [INFO] [1698531914.232589478] [coordinator]: Receiving sync message: action_complete,a_navto
trials-all-1  | [nurse-4] [INFO] [1698531914.234110526] [nurse]: Doing a_authenticate_nurse
trials-all-1  | [arm-1] [INFO] [1698531914.237332629] [arm]: Action: a_pick_up_sample
trials-all-1  | [coordinator-2] [INFO] [1698531914.240897743] [coordinator]: action_complete
trials-all-1  | [coordinator-2] [INFO] [1698531914.245164879] [coordinator]: plans_actions_current 1 of 11
trials-all-1  | [robot-6] [INFO] [1698531914.246210913] [robot]: Receiving sync message. a_authenticate_nurse,robot1,nurse1
trials-all-1  | [arm-1] [INFO] [1698531914.250007034] [arm]: Doing a_pick_up_sample
trials-all-1  | [robot-6] [INFO] [1698531914.255132197] [robot]: not ready
trials-all-1  | [nurse-4] [INFO] [1698531914.263683470] [nurse]: not ready
trials-all-1  | [nurse-4] [INFO] [1698531914.268088611] [nurse]: Action result: False
trials-all-1  | [robot-6] [INFO] [1698531914.269919669] [robot]: Receiving sync message. a_pick_up_sample,arm1,robot1
trials-all-1  | [robot-6] [INFO] [1698531914.277596914] [robot]: not ready
trials-all-1  | [nurse-4] [INFO] [1698531914.288809272] [nurse]: Action: a_authenticate_nurse
trials-all-1  | [nurse-4] [INFO] [1698531914.293304415] [nurse]: Doing a_authenticate_nurse
trials-all-1  | [robot-6] [INFO] [1698531914.293538423] [robot]: Action: a_approach_nurse
trials-all-1  | [robot-6] [INFO] [1698531914.298274574] [robot]: Doing a_approach_nurse
trials-all-1  | [robot-6] [INFO] [1698531914.305424802] [robot]: Receiving sync message. a_authenticate_nurse,robot1,nurse1
trials-all-1  | [arm-1] [INFO] [1698531914.300308639] [arm]: not ready
trials-all-1  | [robot-6] [INFO] [1698531914.313188050] [robot]: not ready
trials-all-1  | [arm-1] [INFO] [1698531914.318760227] [arm]: Action result: False
trials-all-1  | [arm-1] [INFO] [1698531914.328221529] [arm]: Action: a_pick_up_sample
trials-all-1  | [arm-1] [INFO] [1698531914.332766674] [arm]: Doing a_pick_up_sample
trials-all-1  | [nurse-4] [INFO] [1698531914.328514539] [nurse]: not ready
trials-all-1  | [nurse-4] [INFO] [1698531914.332566668] [nurse]: Action result: False
trials-all-1  | [environment-3] [INFO] [1698531914.334406727] [environment]: Receiving message: monitor
trials-all-1  | [environment-3] [INFO] [1698531914.338437855] [environment]: Action: monitor
trials-all-1  | [robot-6] [INFO] [1698531914.342431983] [robot]: Receiving sync message. a_pick_up_sample,arm1,robot1
trials-all-1  | [robot-6] [INFO] [1698531914.351233264] [robot]: not ready
trials-all-1  | [environment-3] [INFO] [1698531914.349967223] [environment]: Receiving message: a_approach_nurse,robot1
trials-all-1  | [nurse-4] [INFO] [1698531914.350681246] [nurse]: Action: a_authenticate_nurse
trials-all-1  | [arm-1] [INFO] [1698531914.363261647] [arm]: not ready
trials-all-1  | [nurse-4] [INFO] [1698531914.363402652] [nurse]: Doing a_authenticate_nurse
trials-all-1  | [arm-1] [INFO] [1698531914.374959021] [arm]: Action result: False
trials-all-1  | [environment-3] [INFO] [1698531914.379836176] [environment]: Action: a_approach_nurse
trials-all-1  | [environment-3] [INFO] [1698531914.384333320] [environment]: Responding
trials-all-1  | [robot-6] [INFO] [1698531914.380383194] [robot]: Receiving sync message. a_authenticate_nurse,robot1,nurse1
trials-all-1  | [arm-1] [INFO] [1698531914.386142377] [arm]: Action: a_pick_up_sample
trials-all-1  | [robot-6] [INFO] [1698531914.389479484] [robot]: not ready
trials-all-1  | [arm-1] [INFO] [1698531914.401778876] [arm]: Doing a_pick_up_sample
trials-all-1  | [nurse-4] [INFO] [1698531914.401909881] [nurse]: not ready
trials-all-1  | [robot-6] [INFO] [1698531914.416398343] [robot]: success
trials-all-1  | [environment-3] [INFO] [1698531914.419472441] [environment]: Receiving message: monitor
trials-all-1  | [nurse-4] [INFO] [1698531914.423216560] [nurse]: Action result: False
trials-all-1  | [environment-3] [INFO] [1698531914.424963616] [environment]: Action: monitor
trials-all-1  | [robot-6] [INFO] [1698531914.434455919] [robot]: Action result: True
trials-all-1  | [nurse-4] [INFO] [1698531914.441563146] [nurse]: Action: a_authenticate_nurse
trials-all-1  | [robot-6] [INFO] [1698531914.443935221] [robot]: Receiving sync message. a_pick_up_sample,arm1,robot1
trials-all-1  | [coordinator-2] [INFO] [1698531914.443274200] [coordinator]: Receiving sync message: action_complete,a_approach_nurse
trials-all-1  | [coordinator-2] [INFO] [1698531914.450838442] [coordinator]: action_complete
trials-all-1  | [environment-3] [INFO] [1698531914.451790472] [environment]: Receiving message: monitor
trials-all-1  | [nurse-4] [INFO] [1698531914.453203517] [nurse]: Doing a_authenticate_nurse
trials-all-1  | [environment-3] [INFO] [1698531914.456737630] [environment]: Action: monitor
trials-all-1  | [robot-6] [INFO] [1698531914.457713661] [robot]: not ready
trials-all-1  | [coordinator-2] [INFO] [1698531914.458016671] [coordinator]: plans_actions_current 2 of 11
trials-all-1  | [robot-6] [INFO] [1698531914.468797015] [robot]: Receiving sync message. a_authenticate_nurse,robot1,nurse1
trials-all-1  | [arm-1] [INFO] [1698531914.478786333] [arm]: not ready
trials-all-1  | [arm-1] [INFO] [1698531914.483915497] [arm]: Action result: False
trials-all-1  | [robot-6] [INFO] [1698531914.484045501] [robot]: not ready
trials-all-1  | [environment-3] [INFO] [1698531914.493235795] [environment]: Receiving message: monitor
trials-all-1  | [environment-3] [INFO] [1698531914.497710937] [environment]: Action: monitor
trials-all-1  | [robot-6] [INFO] [1698531914.505137174] [robot]: Action: a_authenticate_nurse
trials-all-1  | [environment-3] [INFO] [1698531914.519799642] [environment]: Receiving message: monitor
trials-all-1  | [robot-6] [INFO] [1698531914.519907646] [robot]: Doing a_authenticate_nurse
trials-all-1  | [nurse-4] [INFO] [1698531914.522029713] [nurse]: not ready
trials-all-1  | [environment-3] [INFO] [1698531914.524581795] [environment]: Action: monitor
trials-all-1  | [robot-6] [INFO] [1698531914.528007904] [robot]: wating for nurse1 to authenticate to robot1
trials-all-1  | [arm-1] [INFO] [1698531914.533995095] [arm]: Action: a_pick_up_sample
trials-all-1  | [nurse-4] [INFO] [1698531914.546723501] [nurse]: Action result: False
trials-all-1  | [arm-1] [INFO] [1698531914.549184580] [arm]: Doing a_pick_up_sample
trials-all-1  | [robot-6] [INFO] [1698531914.550519622] [robot]: Action result: False
trials-all-1  | [nurse-4] [INFO] [1698531914.555807791] [nurse]: Action: a_authenticate_nurse
trials-all-1  | [environment-3] [INFO] [1698531914.556538814] [environment]: Receiving message: monitor
trials-all-1  | [robot-6] [INFO] [1698531914.559250901] [robot]: Receiving sync message. a_pick_up_sample,arm1,robot1
trials-all-1  | [environment-3] [INFO] [1698531914.560829951] [environment]: Action: monitor
trials-all-1  | [nurse-4] [INFO] [1698531914.562658010] [nurse]: Doing a_authenticate_nurse
trials-all-1  | [robot-6] [INFO] [1698531914.579010531] [robot]: not ready
trials-all-1  | [environment-3] [INFO] [1698531914.582668648] [environment]: Receiving message: monitor
trials-all-1  | [environment-3] [INFO] [1698531914.587523803] [environment]: Action: monitor
trials-all-1  | [arm-1] [INFO] [1698531914.597258114] [arm]: not ready
trials-all-1  | [robot-6] [INFO] [1698531914.600536218] [robot]: Receiving sync message. a_authenticate_nurse,robot1,nurse1
trials-all-1  | [robot-6] [INFO] [1698531914.606102396] [robot]: Authenticate nurse
trials-all-1  | [environment-3] [INFO] [1698531914.614493664] [environment]: Receiving message: monitor
trials-all-1  | [environment-3] [INFO] [1698531914.619664829] [environment]: Action: monitor
trials-all-1  | [nurse-4] [INFO] [1698531914.627653083] [nurse]: success
trials-all-1  | [arm-1] [INFO] [1698531914.630705181] [arm]: Action result: False
trials-all-1  | [robot-6] [INFO] [1698531914.633812280] [robot]: Action: a_authenticate_nurse
trials-all-1  | [nurse-4] [INFO] [1698531914.639689467] [nurse]: Action result: True
trials-all-1  | [robot-6] [INFO] [1698531914.641765534] [robot]: Doing a_authenticate_nurse
trials-all-1  | [arm-1] [INFO] [1698531914.643933603] [arm]: Action: a_pick_up_sample
trials-all-1  | [environment-3] [INFO] [1698531914.645555655] [environment]: Receiving message: monitor
trials-all-1  | [environment-3] [INFO] [1698531914.649985796] [environment]: Action: monitor
trials-all-1  | [robot-6] [INFO] [1698531914.649051766] [robot]: Action result: True
trials-all-1  | [arm-1] [INFO] [1698531914.652475875] [arm]: Doing a_pick_up_sample
trials-all-1  | [nurse-4] [INFO] [1698531914.654087927] [nurse]: Action: a_deposit
trials-all-1  | [coordinator-2] [INFO] [1698531914.656647009] [coordinator]: Receiving sync message: action_complete,a_authenticate_nurse
trials-all-1  | [coordinator-2] [INFO] [1698531914.662429193] [coordinator]: action_complete
trials-all-1  | [nurse-4] [INFO] [1698531914.666608326] [nurse]: Doing a_deposit
trials-all-1  | [robot-6] [INFO] [1698531914.673174536] [robot]: Receiving sync message. a_pick_up_sample,arm1,robot1
trials-all-1  | [robot-6] [INFO] [1698531914.680424767] [robot]: not ready
trials-all-1  | [arm-1] [INFO] [1698531914.695556250] [arm]: not ready
trials-all-1  | [coordinator-2] [INFO] [1698531914.697257304] [coordinator]: plans_actions_current 3 of 11
trials-all-1  | [arm-1] [INFO] [1698531914.702110459] [arm]: Action result: False
trials-all-1  | [robot-6] [INFO] [1698531914.702430469] [robot]: Receiving sync message. a_deposit,nurse1,robot1
trials-all-1  | [arm-1] [INFO] [1698531914.709583698] [arm]: Action: a_pick_up_sample
trials-all-1  | [arm-1] [INFO] [1698531914.716944933] [arm]: Doing a_pick_up_sample
trials-all-1  | [robot-6] [INFO] [1698531914.718917995] [robot]: not ready
trials-all-1  | [environment-3] [INFO] [1698531914.728687307] [environment]: Receiving message: monitor
trials-all-1  | [nurse-4] [INFO] [1698531914.733577463] [nurse]: not ready
trials-all-1  | [nurse-4] [INFO] [1698531914.739786661] [nurse]: Action result: False
trials-all-1  | [robot-6] [INFO] [1698531914.743739787] [robot]: Receiving sync message. a_pick_up_sample,arm1,robot1
trials-all-1  | [nurse-4] [INFO] [1698531914.746002860] [nurse]: Action: a_deposit
trials-all-1  | [robot-6] [INFO] [1698531914.749762980] [robot]: not ready
trials-all-1  | [environment-3] [INFO] [1698531914.750280996] [environment]: Action: monitor
trials-all-1  | [arm-1] [INFO] [1698531914.761872366] [arm]: not ready
trials-all-1  | [robot-6] [INFO] [1698531914.763858429] [robot]: Action: a_open_drawer
trials-all-1  | [environment-3] [INFO] [1698531914.769256602] [environment]: Receiving message: monitor
trials-all-1  | [robot-6] [INFO] [1698531914.772050691] [robot]: Doing a_open_drawer
trials-all-1  | [environment-3] [INFO] [1698531914.774077756] [environment]: Action: monitor
trials-all-1  | [nurse-4] [INFO] [1698531914.785731127] [nurse]: Doing a_deposit
trials-all-1  | [robot-6] [INFO] [1698531914.786775161] [robot]: success
trials-all-1  | [arm-1] [INFO] [1698531914.785303114] [arm]: Action result: False
trials-all-1  | [arm-1] [INFO] [1698531914.793542377] [arm]: Action: a_pick_up_sample
trials-all-1  | [robot-6] [INFO] [1698531914.796544472] [robot]: Receiving sync message. a_deposit,nurse1,robot1
trials-all-1  | [environment-3] [INFO] [1698531914.798949549] [environment]: Receiving message: monitor
trials-all-1  | [arm-1] [INFO] [1698531914.799528568] [arm]: Doing a_pick_up_sample
trials-all-1  | [environment-3] [INFO] [1698531914.804518727] [environment]: Action: monitor
trials-all-1  | [robot-6] [INFO] [1698531914.804534727] [robot]: Action result: True
trials-all-1  | [coordinator-2] [INFO] [1698531914.812122969] [coordinator]: Receiving sync message: action_complete,a_open_drawer
trials-all-1  | [robot-6] [INFO] [1698531914.813061999] [robot]: not ready
trials-all-1  | [coordinator-2] [INFO] [1698531914.817248133] [coordinator]: action_complete
trials-all-1  | [robot-6] [INFO] [1698531914.824845375] [robot]: Receiving sync message. a_pick_up_sample,arm1,robot1
trials-all-1  | [nurse-4] [INFO] [1698531914.826363424] [nurse]: not ready
trials-all-1  | [robot-6] [INFO] [1698531914.832239611] [robot]: not ready
trials-all-1  | [coordinator-2] [INFO] [1698531914.835894728] [coordinator]: plans_actions_current 4 of 11
trials-all-1  | [nurse-4] [INFO] [1698531914.845297028] [nurse]: Action result: False
trials-all-1  | [robot-6] [INFO] [1698531914.848617134] [robot]: Action: a_deposit
trials-all-1  | [arm-1] [INFO] [1698531914.849238154] [arm]: not ready
trials-all-1  | [robot-6] [INFO] [1698531914.854932335] [robot]: Doing a_deposit
trials-all-1  | [nurse-4] [INFO] [1698531914.859116469] [nurse]: Action: a_deposit
trials-all-1  | [robot-6] [INFO] [1698531914.863547610] [robot]: wating for nurse1 to deposit in robot1
trials-all-1  | [arm-1] [INFO] [1698531914.865679678] [arm]: Action result: False
trials-all-1  | [environment-3] [INFO] [1698531914.865956687] [environment]: Receiving message: monitor
trials-all-1  | [nurse-4] [INFO] [1698531914.869815810] [nurse]: Doing a_deposit
trials-all-1  | [environment-3] [INFO] [1698531914.870184822] [environment]: Action: monitor
trials-all-1  | [robot-6] [INFO] [1698531914.883918260] [robot]: Receiving sync message. a_deposit,nurse1,robot1
trials-all-1  | [arm-1] [INFO] [1698531914.884126267] [arm]: Action: a_pick_up_sample
trials-all-1  | [environment-3] [INFO] [1698531914.884391275] [environment]: Receiving message: monitor
trials-all-1  | [robot-6] [INFO] [1698531914.889413436] [robot]: Action result: False
trials-all-1  | [arm-1] [INFO] [1698531914.890141459] [arm]: Doing a_pick_up_sample
trials-all-1  | [robot-6] [INFO] [1698531914.901881833] [robot]: Action: a_deposit
trials-all-1  | [environment-3] [INFO] [1698531914.907421010] [environment]: Action: monitor
trials-all-1  | [robot-6] [INFO] [1698531914.910973124] [robot]: Deposit
trials-all-1  | [robot-6] [INFO] [1698531914.918454362] [robot]: Receiving sync message. a_pick_up_sample,arm1,robot1
trials-all-1  | [nurse-4] [INFO] [1698531914.924756563] [nurse]: success
trials-all-1  | [robot-6] [INFO] [1698531914.927757659] [robot]: not ready
trials-all-1  | [environment-3] [INFO] [1698531914.934163863] [environment]: Receiving message: monitor
trials-all-1  | [environment-3] [INFO] [1698531914.940811076] [environment]: Action: monitor
trials-all-1  | [arm-1] [INFO] [1698531914.942508130] [arm]: not ready
trials-all-1  | [arm-1] [INFO] [1698531914.946708264] [arm]: Action result: False
trials-all-1  | [nurse-4] [INFO] [1698531914.951561419] [nurse]: Action result: True
trials-all-1  | [robot-6] [INFO] [1698531914.952032434] [robot]: Doing a_deposit
trials-all-1  | [robot-6] [INFO] [1698531914.961318730] [robot]: Action result: True
trials-all-1  | [environment-3] [INFO] [1698531914.961461734] [environment]: Receiving message: monitor
trials-all-1  | [coordinator-2] [INFO] [1698531914.968087946] [coordinator]: Receiving sync message: action_complete,a_deposit
trials-all-1  | [coordinator-2] [INFO] [1698531914.972023071] [coordinator]: action_complete
trials-all-1  | [arm-1] [INFO] [1698531914.975823193] [arm]: Action: a_pick_up_sample
trials-all-1  | [environment-3] [INFO] [1698531914.978986294] [environment]: Action: monitor
trials-all-1  | [coordinator-2] [INFO] [1698531914.979695316] [coordinator]: plans_actions_current 5 of 11
trials-all-1  | [arm-1] [INFO] [1698531914.985057487] [arm]: Doing a_pick_up_sample
trials-all-1  | [robot-6] [INFO] [1698531915.004789117] [robot]: Action: a_close_drawer
trials-all-1  | [robot-6] [INFO] [1698531915.011654336] [robot]: Receiving sync message. a_pick_up_sample,arm1,robot1
trials-all-1  | [robot-6] [INFO] [1698531915.020676623] [robot]: Doing a_close_drawer
trials-all-1  | [robot-6] [INFO] [1698531915.027014824] [robot]: not ready
trials-all-1  | [robot-6] [INFO] [1698531915.031803976] [robot]: success
trials-all-1  | [environment-3] [INFO] [1698531915.029410900] [environment]: Receiving message: monitor
trials-all-1  | [environment-3] [INFO] [1698531915.033283024] [environment]: Action: monitor
trials-all-1  | [arm-1] [INFO] [1698531915.040429251] [arm]: not ready
trials-all-1  | [robot-6] [INFO] [1698531915.047230467] [robot]: Action result: True
trials-all-1  | [arm-1] [INFO] [1698531915.052813645] [arm]: Action result: False
trials-all-1  | [coordinator-2] [INFO] [1698531915.054748706] [coordinator]: Receiving sync message: action_complete,a_close_drawer
trials-all-1  | [environment-3] [INFO] [1698531915.057606797] [environment]: Receiving message: monitor
trials-all-1  | [arm-1] [INFO] [1698531915.057601797] [arm]: Action: a_pick_up_sample
trials-all-1  | [coordinator-2] [INFO] [1698531915.059080844] [coordinator]: action_complete
trials-all-1  | [arm-1] [INFO] [1698531915.063515985] [arm]: Doing a_pick_up_sample
trials-all-1  | [robot-6] [INFO] [1698531915.070070194] [robot]: Receiving sync message. a_pick_up_sample,arm1,robot1
trials-all-1  | [robot-6] [INFO] [1698531915.074037320] [robot]: not ready
trials-all-1  | [coordinator-2] [INFO] [1698531915.078012446] [coordinator]: plans_actions_current 6 of 11
trials-all-1  | [arm-1] [INFO] [1698531915.083540622] [arm]: not ready
trials-all-1  | [robot-6] [INFO] [1698531915.088401777] [robot]: Action: a_navto
trials-all-1  | [environment-3] [INFO] [1698531915.099241121] [environment]: Action: monitor
trials-all-1  | [arm-1] [INFO] [1698531915.100436159] [arm]: Action result: False
trials-all-1  | [robot-6] [INFO] [1698531915.102516225] [robot]: Doing a_navto
trials-all-1  | [arm-1] [INFO] [1698531915.113821585] [arm]: Action: a_pick_up_sample
trials-all-1  | [arm-1] [INFO] [1698531915.118715741] [arm]: Doing a_pick_up_sample
trials-all-1  | [environment-3] [INFO] [1698531915.118898747] [environment]: Receiving message: a_navto,robot1,Room3
trials-all-1  | [robot-6] [INFO] [1698531915.133929225] [robot]: Receiving sync message. a_pick_up_sample,arm1,robot1
trials-all-1  | [environment-3] [INFO] [1698531915.137327333] [environment]: Action: a_navto
trials-all-1  | [environment-3] [INFO] [1698531915.144749569] [environment]: Responding
trials-all-1  | [robot-6] [INFO] [1698531915.154315873] [robot]: not ready
trials-all-1  | [arm-1] [INFO] [1698531915.165850240] [arm]: not ready
trials-all-1  | [arm-1] [INFO] [1698531915.170290381] [arm]: Action result: False
trials-all-1  | [robot-6] [INFO] [1698531915.168103312] [robot]: success
trials-all-1  | [robot-6] [INFO] [1698531915.171767428] [robot]: Action result: True
trials-all-1  | [environment-3] [INFO] [1698531915.169073342] [environment]: Receiving message: monitor
trials-all-1  | [environment-3] [INFO] [1698531915.173037468] [environment]: Action: monitor
trials-all-1  | [coordinator-2] [INFO] [1698531915.180931720] [coordinator]: Receiving sync message: action_complete,a_navto
trials-all-1  | [coordinator-2] [INFO] [1698531915.187706935] [coordinator]: action_complete
trials-all-1  | [arm-1] [INFO] [1698531915.186813907] [arm]: Action: a_pick_up_sample
trials-all-1  | [arm-1] [INFO] [1698531915.191935069] [arm]: Doing a_pick_up_sample
trials-all-1  | [robot-6] [INFO] [1698531915.200270335] [robot]: Receiving sync message. a_pick_up_sample,arm1,robot1
trials-all-1  | [coordinator-2] [INFO] [1698531915.212619727] [coordinator]: plans_actions_current 7 of 11
trials-all-1  | [robot-6] [INFO] [1698531915.215723826] [robot]: not ready
trials-all-1  | [arm-1] [INFO] [1698531915.227862212] [arm]: not ready
trials-all-1  | [arm-1] [INFO] [1698531915.231591331] [arm]: Action result: False
trials-all-1  | [robot-6] [INFO] [1698531915.231591331] [robot]: Action: a_approach_arm
trials-all-1  | [environment-3] [INFO] [1698531915.232322354] [environment]: Receiving message: monitor
trials-all-1  | [robot-6] [INFO] [1698531915.237951533] [robot]: Doing a_approach_arm
trials-all-1  | [environment-3] [INFO] [1698531915.238046536] [environment]: Action: monitor
trials-all-1  | [arm-1] [INFO] [1698531915.238509551] [arm]: Action: a_pick_up_sample
trials-all-1  | [arm-1] [INFO] [1698531915.249712907] [arm]: Doing a_pick_up_sample
trials-all-1  | [robot-6] [INFO] [1698531915.255215082] [robot]: Receiving sync message. a_pick_up_sample,arm1,robot1
trials-all-1  | [robot-6] [INFO] [1698531915.259436216] [robot]: not ready
trials-all-1  | [environment-3] [INFO] [1698531915.265868421] [environment]: Receiving message: a_approach_arm,robot1,arm1
trials-all-1  | [environment-3] [INFO] [1698531915.270129556] [environment]: Action: a_approach_arm
trials-all-1  | [arm-1] [INFO] [1698531915.269016521] [arm]: not ready
trials-all-1  | [arm-1] [INFO] [1698531915.272663637] [arm]: Action result: False
trials-all-1  | [arm-1] [INFO] [1698531915.275905740] [arm]: Action: a_pick_up_sample
trials-all-1  | [arm-1] [INFO] [1698531915.289900185] [arm]: Doing a_pick_up_sample
trials-all-1  | [robot-6] [INFO] [1698531915.299698497] [robot]: Receiving sync message. a_pick_up_sample,arm1,robot1
trials-all-1  | [robot-6] [INFO] [1698531915.306308707] [robot]: not ready
trials-all-1  | [arm-1] [INFO] [1698531915.318590098] [arm]: not ready
trials-all-1  | [arm-1] [INFO] [1698531915.325417315] [arm]: Action result: False
trials-all-1  | [arm-1] [INFO] [1698531915.331737516] [arm]: Action: a_pick_up_sample
trials-all-1  | [arm-1] [INFO] [1698531915.338548733] [arm]: Doing a_pick_up_sample
trials-all-1  | [robot-6] [INFO] [1698531915.345542955] [robot]: Receiving sync message. a_pick_up_sample,arm1,robot1
trials-all-1  | [robot-6] [INFO] [1698531915.350415110] [robot]: not ready
trials-all-1  | [arm-1] [INFO] [1698531915.361690469] [arm]: not ready
trials-all-1  | [arm-1] [INFO] [1698531915.369747725] [arm]: Action result: False
trials-all-1  | [arm-1] [INFO] [1698531915.377111959] [arm]: Action: a_pick_up_sample
trials-all-1  | [arm-1] [INFO] [1698531915.383332157] [arm]: Doing a_pick_up_sample
trials-all-1  | [robot-6] [INFO] [1698531915.390159374] [robot]: Receiving sync message. a_pick_up_sample,arm1,robot1
trials-all-1  | [robot-6] [INFO] [1698531915.394640517] [robot]: not ready
trials-all-1  | [arm-1] [INFO] [1698531915.405177852] [arm]: not ready
trials-all-1  | [environment-3] [INFO] [1698531915.409788998] [environment]: Responding
trials-all-1  | [arm-1] [INFO] [1698531915.409973004] [arm]: Action result: False
trials-all-1  | [arm-1] [INFO] [1698531915.418350271] [arm]: Action: a_pick_up_sample
trials-all-1  | [robot-6] [INFO] [1698531915.419081294] [robot]: success
trials-all-1  | [environment-3] [INFO] [1698531915.421335366] [environment]: Receiving message: monitor
trials-all-1  | [robot-6] [INFO] [1698531915.423566437] [robot]: Action result: True
trials-all-1  | [arm-1] [INFO] [1698531915.423865446] [arm]: Doing a_pick_up_sample
trials-all-1  | [environment-3] [INFO] [1698531915.427660567] [environment]: Action: monitor
trials-all-1  | [coordinator-2] [INFO] [1698531915.430062643] [coordinator]: Receiving sync message: action_complete,a_approach_arm
trials-all-1  | [coordinator-2] [INFO] [1698531915.439022928] [coordinator]: action_complete
trials-all-1  | [robot-6] [INFO] [1698531915.443035056] [robot]: Receiving sync message. a_pick_up_sample,arm1,robot1
trials-all-1  | [robot-6] [INFO] [1698531915.448010214] [robot]: not ready
trials-all-1  | [robot-6] [INFO] [1698531915.465971785] [robot]: Action: a_open_drawer
trials-all-1  | [robot-6] [INFO] [1698531915.469698904] [robot]: Doing a_open_drawer
trials-all-1  | [coordinator-2] [INFO] [1698531915.451026310] [coordinator]: plans_actions_current 8 of 11
trials-all-1  | [arm-1] [INFO] [1698531915.457104503] [arm]: not ready
trials-all-1  | [arm-1] [INFO] [1698531915.461141632] [arm]: Action result: False
trials-all-1  | [arm-1] [INFO] [1698531915.465397767] [arm]: Action: a_pick_up_sample
trials-all-1  | [arm-1] [INFO] [1698531915.468911879] [arm]: Doing a_pick_up_sample
trials-all-1  | [environment-3] [INFO] [1698531915.466438800] [environment]: Receiving message: monitor
trials-all-1  | [environment-3] [INFO] [1698531915.470250921] [environment]: Action: monitor
trials-all-1  | [robot-6] [INFO] [1698531915.474009041] [robot]: success
trials-all-1  | [robot-6] [INFO] [1698531915.477920165] [robot]: Action result: True
trials-all-1  | [robot-6] [INFO] [1698531915.499785861] [robot]: Receiving sync message. a_pick_up_sample,arm1,robot1
trials-all-1  | [environment-3] [INFO] [1698531915.499786861] [environment]: Receiving message: monitor
trials-all-1  | [robot-6] [INFO] [1698531915.503752987] [robot]: not ready
trials-all-1  | [environment-3] [INFO] [1698531915.506123062] [environment]: Action: monitor
trials-all-1  | [coordinator-2] [INFO] [1698531915.518832467] [coordinator]: Receiving sync message: action_complete,a_open_drawer
trials-all-1  | [coordinator-2] [INFO] [1698531915.522539584] [coordinator]: action_complete
trials-all-1  | [coordinator-2] [INFO] [1698531915.526672716] [coordinator]: plans_actions_current 9 of 11
trials-all-1  | [arm-1] [INFO] [1698531915.519510488] [arm]: not ready
trials-all-1  | [arm-1] [INFO] [1698531915.523280608] [arm]: Action result: False
trials-all-1  | [arm-1] [INFO] [1698531915.527166732] [arm]: Action: a_pick_up_sample
trials-all-1  | [robot-6] [INFO] [1698531915.533956948] [robot]: Action: a_pick_up_sample
trials-all-1  | [robot-6] [INFO] [1698531915.540532157] [robot]: Doing a_pick_up_sample
trials-all-1  | [arm-1] [INFO] [1698531915.543802261] [arm]: Doing a_pick_up_sample
trials-all-1  | [robot-6] [INFO] [1698531915.544982298] [robot]: wating for arm1 to pick up from robot1
trials-all-1  | [robot-6] [INFO] [1698531915.550180464] [robot]: Receiving sync message. a_pick_up_sample,arm1,robot1
trials-all-1  | [robot-6] [INFO] [1698531915.555348628] [robot]: Pick up
trials-all-1  | [robot-6] [INFO] [1698531915.562010840] [robot]: Action result: False
trials-all-1  | [robot-6] [INFO] [1698531915.571000126] [robot]: Action: a_pick_up_sample
trials-all-1  | [robot-6] [INFO] [1698531915.575218260] [robot]: Doing a_pick_up_sample
trials-all-1  | [robot-6] [INFO] [1698531915.581846471] [robot]: Action result: True
trials-all-1  | [environment-3] [INFO] [1698531915.558308722] [environment]: Receiving message: monitor
trials-all-1  | [environment-3] [INFO] [1698531915.562475855] [environment]: Action: monitor
trials-all-1  | [arm-1] [INFO] [1698531915.565199941] [arm]: success
trials-all-1  | [arm-1] [INFO] [1698531915.572158163] [arm]: Action result: True
trials-all-1  | [coordinator-2] [INFO] [1698531915.596048922] [coordinator]: Receiving sync message: action_complete,a_pick_up_sample
trials-all-1  | [coordinator-2] [INFO] [1698531915.599857044] [coordinator]: action_complete
trials-all-1  | [coordinator-2] [INFO] [1698531915.603582162] [coordinator]: plans_actions_current 10 of 11
trials-all-1  | [robot-6] [INFO] [1698531915.614173499] [robot]: Action: a_close_drawer
trials-all-1  | [robot-6] [INFO] [1698531915.619193659] [robot]: Doing a_close_drawer
trials-all-1  | [environment-3] [INFO] [1698531915.621502732] [environment]: Receiving message: monitor
trials-all-1  | [environment-3] [INFO] [1698531915.626167880] [environment]: Action: monitor
trials-all-1  | [robot-6] [INFO] [1698531915.641588371] [robot]: success
trials-all-1  | [robot-6] [INFO] [1698531915.645958510] [robot]: Action result: True
trials-all-1  | [coordinator-2] [INFO] [1698531915.654864793] [coordinator]: Receiving sync message: action_complete,a_close_drawer
trials-all-1  | [coordinator-2] [INFO] [1698531915.659725948] [coordinator]: action_complete
trials-all-1  | [coordinator-2] [INFO] [1698531915.664110087] [coordinator]: plans_actions_current 11 of 11
trials-all-1  | [coordinator-2] [INFO] [1698531915.670448289] [coordinator]: The time of execution of above program is:1.9827923774719238
trials-all-1  | [environment-3] [INFO] [1698531915.676463480] [environment]: Receiving message: monitor
trials-all-1  | [coordinator-2] [INFO] [1698531915.681389637] [coordinator]: Achieved
trials-all-1  | [coordinator-2] [INFO] [1698531915.684819746] [coordinator]: ENDSIM
trials-all-1  | [environment-3] [INFO] [1698531915.802125477] [environment]: Action: monitor
trials-all-1 exited with code 0
